__start:
__text_start:
    002A E5CF      LDI	R28,0x5F
    002B E0D4      LDI	R29,4
    002C BFCD      OUT	0x3D,R28
    002D BFDE      OUT	0x3E,R29
    002E 51C0      SUBI	R28,0x10
    002F 40D0      SBCI	R29,0
    0030 EA0A      LDI	R16,0xAA
    0031 8308      STD	Y+0,R16
    0032 2400      CLR	R0
    0033 E6E0      LDI	R30,0x60
    0034 E0F0      LDI	R31,0
    0035 E010      LDI	R17,0
    0036 36E0      CPI	R30,0x60
    0037 07F1      CPC	R31,R17
    0038 F011      BEQ	0x003B
    0039 9201      ST	R0,Z+
    003A CFFB      RJMP	0x0036
    003B 8300      STD	Z+0,R16
    003C E5E4      LDI	R30,0x54
    003D E0F0      LDI	R31,0
    003E E6A0      LDI	R26,0x60
    003F E0B0      LDI	R27,0
    0040 E010      LDI	R17,0
    0041 35E4      CPI	R30,0x54
    0042 07F1      CPC	R31,R17
    0043 F021      BEQ	0x0048
    0044 95C8      LPM
    0045 9631      ADIW	R30,1
    0046 920D      ST	R0,X+
    0047 CFF9      RJMP	0x0041
    0048 940E004B  CALL	_main
_exit:
    004A CFFF      RJMP	_exit
FILE: D:\Proteus仿真实例\ATMEGA16\个人总结AVR\流水灯\icc\chengxu.c
(0001) #include <iom16v.h>
(0002) int main( void )
(0003) {
(0004) unsigned char i, j, k,led=0;
_main:
  led                  --> R18
  i                    --> R20
  k                    --> R16
  j                    --> R22
    004B 2722      CLR	R18
(0005) DDRA=0xFF;//为输出
    004C EF8F      LDI	R24,0xFF
    004D BB8A      OUT	0x1A,R24
(0006) DDRB=0xFF;
    004E BB87      OUT	0x17,R24
(0007) DDRC=0XFF;
    004F BB84      OUT	0x14,R24
(0008) DDRD=0XFF;
    0050 BB81      OUT	0x11,R24
    0051 C027      RJMP	0x0079
(0009) while (1)
(0010) {
(0011) if(led)
    0052 2322      TST	R18
    0053 F069      BEQ	0x0061
(0012) {
(0013) PORTA|=0XFF;
    0054 B38B      IN	R24,0x1B
    0055 6F8F      ORI	R24,0xFF
    0056 BB8B      OUT	0x1B,R24
(0014) PORTB|=0XFF;
    0057 B388      IN	R24,0x18
    0058 6F8F      ORI	R24,0xFF
    0059 BB88      OUT	0x18,R24
(0015) PORTC|=0XFF;
    005A B385      IN	R24,0x15
    005B 6F8F      ORI	R24,0xFF
    005C BB85      OUT	0x15,R24
(0016) PORTD|=0XFF;
    005D B382      IN	R24,0x12
    005E 6F8F      ORI	R24,0xFF
    005F BB82      OUT	0x12,R24
(0017) }
    0060 C005      RJMP	0x0066
(0018) else
(0019) {
(0020) PORTA&=0X00;
    0061 2422      CLR	R2
    0062 BA2B      OUT	0x1B,R2
(0021) PORTB&=0X00;
    0063 BA28      OUT	0x18,R2
(0022) PORTC&=0X00;
    0064 BA25      OUT	0x15,R2
(0023) PORTD&=0X00;
    0065 BA22      OUT	0x12,R2
(0024) }
(0025) led=!led;//取反
    0066 2322      TST	R18
    0067 F419      BNE	0x006B
    0068 E041      LDI	R20,1
    0069 E050      LDI	R21,0
    006A C002      RJMP	0x006D
    006B 2744      CLR	R20
    006C 2755      CLR	R21
    006D 2F24      MOV	R18,R20
(0026) 
(0027) ////////////延时////////////////
(0028) for (i=0; i<255; i++)
    006E 2744      CLR	R20
    006F C007      RJMP	0x0077
(0029) for(j=0; j<255;j++)
    0070 2766      CLR	R22
    0071 C002      RJMP	0x0074
(0030) k++;
FILE: <library>
    0072 9503      INC	R16
    0073 9563      INC	R22
    0074 3F6F      CPI	R22,0xFF
    0075 F3E0      BCS	0x0072
    0076 9543      INC	R20
    0077 3F4F      CPI	R20,0xFF
    0078 F3B8      BCS	0x0070
    0079 CFD8      RJMP	0x0052
    007A 9508      RET
