C51 COMPILER V7.06   USBINTERFACE                                                          03/21/2011 11:03:29 PAGE 1   


C51 COMPILER V7.06, COMPILATION OF MODULE USBINTERFACE
OBJECT MODULE PLACED IN USBInterface.OBJ
COMPILER INVOKED BY: C:\Keil\C51\BIN\C51.EXE USBInterface.c ROM(COMPACT) BROWSE DEBUG OBJECTEXTEND

stmt level    source

   1          /*
   2           ----------------------------------------------------
   3           *作    者：温子祺
   4           ----------------------------------------------------
   5           */
   6          #include "stc.h"
   7          #include "global.h"
   8          #include "USBDefine.h"
   9          #include "USBHardware.h"
  10          #include "USBInterface.h"
  11          /****************************************************************************************************
  12          *
  13          *                                      变量区
  14          * 
  15          *****************************************************************************************************/
  16          
  17          /****************************************************************************************************
  18          *
  19          *                                      函数区
  20          * 
  21          *****************************************************************************************************/
  22          
  23          /****************************************************
  24          * 函数名称: WriteDatToUsb
  25          * 输    入: UINT8 dat
  26          * 输    出: 无
  27          * 功能描述: 向CH372写数据
  28          *****************************************************/
  29          static void WriteDatToUsb(UINT8 dat)
  30          {
  31   1          USB_CS=0;                    //选通CH372
  32   1              USB_DATA_OUTPUT=0xFF;        //拉高引脚
  33   1              USB_A0=USB_DAT_MODE;         //数据模式
  34   1              USB_WR=0;                    //允许写
  35   1                 
  36   1              USB_DATA_OUTPUT=dat;         //写数据
  37   1      
  38   1          DelayNus(3);            
  39   1              USB_CS=1;                    //不选通CH372
  40   1              USB_DATA_OUTPUT=0xFF;        //拉高引脚
  41   1              USB_WR=1;                    //禁止写
  42   1      }
  43          /****************************************************
  44          * 函数名称: WriteDatToUsb
  45          * 输    入: UINT8 cmd
  46          * 输    出: 无
  47          * 功能描述: 向CH372写命令
  48          *****************************************************/
  49          static void WriteCmdToUsb(UINT8 cmd)
  50          {
  51   1          USB_CS=0;                   //选通CH372
  52   1              USB_DATA_OUTPUT=0xFF;       //拉高引脚
  53   1              USB_A0=USB_CMD_MODE;        //命令模式
  54   1              USB_WR=0;                   //允许写
  55   1                      
C51 COMPILER V7.06   USBINTERFACE                                                          03/21/2011 11:03:29 PAGE 2   

  56   1              USB_DATA_OUTPUT=cmd;        //写命令
  57   1      
  58   1          DelayNus(3);           
  59   1              USB_CS=1;                   //不选通CH372
  60   1              USB_DATA_OUTPUT=0xFF;       //拉高引脚
  61   1              USB_WR=1;                   //禁止写
  62   1      }
  63          /****************************************************
  64          * 函数名称: WriteDatToUsb
  65          * 输    入: UINT8 cmd
  66          * 输    出: 无
  67          * 功能描述: 向CH372写命令
  68          *****************************************************/
  69          static UINT8 ReadDatFromUsb(void)
  70          {       
  71   1              UINT8 dat;
  72   1              USB_CS=0;                   //选通CH372
  73   1              USB_DATA_INPUT=0xFF;        //拉高引脚
  74   1              USB_A0=USB_DAT_MODE;        //数据模式
  75   1              USB_RD=0;                   //允许读
  76   1                
  77   1              dat=USB_DATA_INPUT;         //读取数据
  78   1      
  79   1          DelayNus(3);                  
  80   1              USB_CS=1;                   //不选通CH372
  81   1              USB_RD=1;                   //禁止读
  82   1              USB_DATA_INPUT=0xFF;        //拉高引脚
  83   1      
  84   1              return dat;                 //返回读取到的数据
  85   1      }
  86          /***********************************************************************************
  87          ** 函数名称     : USBCiWriteSingleCmd
  88          ** 功能描述     : USB 写入单个命令
  89          ** 输           入      : 无
  90          ** 输           出      : 无
  91          ************************************************************************************/
  92          void USBCiWriteSingleCmd(UINT8 cmd)
  93          {
  94   1               WriteCmdToUsb(cmd);
  95   1      }
  96          /***********************************************************************************
  97          ** 函数名称     : USBCiWriteSingleData
  98          ** 功能描述     : USB 写入单个数据
  99          ** 输           入      : 无
 100          ** 输           出      : 无
 101          ************************************************************************************/
 102          void USBCiWriteSingleData(UINT8 dat)
 103          {
 104   1               WriteDatToUsb(dat);
 105   1      }
 106          /***********************************************************************************
 107          ** 函数名称     : USBCiReadSingleData
 108          ** 功能描述     : USB 读取单个数据
 109          ** 输           入      : 无
 110          ** 输           出      : 无
 111          ************************************************************************************/
 112          UINT8 USBCiReadSingleData(void)
 113          {
 114   1               return ReadDatFromUsb();
 115   1      }
 116          /***********************************************************************************
 117          ** 函数名称     : USBCiReadPortData
C51 COMPILER V7.06   USBINTERFACE                                                          03/21/2011 11:03:29 PAGE 3   

 118          ** 功能描述     : 连续读取USB数据
 119          ** 输           入      :        无
 120          ** 输           出      :    无
 121          ************************************************************************************/
 122          UINT8 USBCiReadPortData(UINT8 *buf)
 123          {
 124   1               UINT8 i,len;
 125   1               
 126   1               USBCiWriteSingleCmd(CMD_RD_USB_DATA);
 127   1               
 128   1               len=USBCiReadSingleData();
 129   1               
 130   1               for(i=0; i<len; i++)
 131   1               {
 132   2                      *buf=USBCiReadSingleData();
 133   2                                
 134   2                       buf++;
 135   2               }
 136   1               
 137   1               return len;
 138   1      }
 139          /***********************************************************************************
 140          ** 函数名称     : USBCiWriteCmd
 141          ** 功能描述     : USB 写命令
 142          ** 输           入      : 无
 143          ** 输           出      : 无
 144          ************************************************************************************/
 145          void USBCiWritePortData(UINT8 *buf, UINT8 len)
 146          {
 147   1               //if(buf == NULL || len ==0 )return;
 148   1               
 149   1               USBCiWriteSingleData(len);                             //发送的长度为len
 150   1               
 151   1               while(len--)
 152   1               {
 153   2                      USBCiWriteSingleData(*buf);                     //逐个数据发送
 154   2      
 155   2                      buf++;
 156   2               }
 157   1      }
 158          /***********************************************************************************
 159          ** 函数名称     : USBCiEP0Send
 160          ** 功能描述     : 向端点0写连续的数据
 161          ** 输           入      : buf 要发送数据的缓冲区
 162                            len 要发送数据的长度
 163          ** 输           出      : 无
 164          ************************************************************************************/
 165          void USBCiEP0Send(UINT8 *buf,UINT8 len)
 166          {
 167   1              USBCiWriteSingleCmd (CMD_WR_USB_DATA3); //向端点0发送数据       
 168   1              USBCiWritePortData  (buf ,len);
 169   1      }
 170          /***********************************************************************************
 171          ** 函数名称     : USBCiEP2Send
 172          ** 功能描述     : 向端点2写连续的数据
 173          ** 输           入      : buf 要发送数据的缓冲区
 174                            len 要发送数据的长度
 175          ** 输           出      : 无
 176          ************************************************************************************/
 177          void USBCiEP2Send(UINT8 *buf,UINT8 len)
 178          {
 179   1              USBCiWriteSingleCmd (CMD_WR_USB_DATA7); //向端点2发送数据
C51 COMPILER V7.06   USBINTERFACE                                                          03/21/2011 11:03:29 PAGE 4   

 180   1              USBCiWritePortData  (buf,len);
 181   1      }
 182          /***********************************************************************************
 183          ** 函数名称     : USBCiInit
 184          ** 功能描述     : USB初始化
 185          ** 输           入      :        无
 186          ** 输           出      :    无
 187          ************************************************************************************/
 188          void USBCiInit(void)
 189          {
 190   1          UINT8 i=0;
 191   1          
 192   1              USBCiWriteSingleCmd(0x01);
 193   1      
 194   1              i=USBCiReadSingleData();
 195   1      
 196   1              USBCiWriteSingleCmd (CMD_SET_USB_MODE);
 197   1              USBCiWriteSingleData(CMD_OUTSIDE_FIRMWARE);   //外置固件模式
 198   1      
 199   1              DelayNms(250);
 200   1              for (i=100;i!=0;i--)                                      //等待操作成功,通常需要等待10uS-20uS
 201   1              {
 202   2                      if(CMD_RET_SUCCESS==USBCiReadSingleData());
 203   2                      {
 204   3                              break;
 205   3                      }
 206   2              
 207   2              }       //if ( i==0 ) CH372/CH375存在硬件错误;
 208   1      
 209   1              USBHwInit();
 210   1      }
 211          


MODULE INFORMATION:   STATIC OVERLAYABLE
   CODE SIZE        =    280    ----
   CONSTANT SIZE    =   ----    ----
   XDATA SIZE       =   ----    ----
   PDATA SIZE       =   ----    ----
   DATA SIZE        =   ----      18
   IDATA SIZE       =   ----    ----
   BIT SIZE         =   ----    ----
END OF MODULE INFORMATION.


C51 COMPILATION COMPLETE.  0 WARNING(S),  0 ERROR(S)
