C51 COMPILER V8.05a   CHENGXU                                                              07/06/2009 22:32:19 PAGE 1   


C51 COMPILER V8.05a, COMPILATION OF MODULE CHENGXU
OBJECT MODULE PLACED IN chengxu.OBJ
COMPILER INVOKED BY: C:\Keil\C51\BIN\C51.EXE chengxu.c BROWSE DEBUG OBJECTEXTEND

line level    source

   1          /********************************************************************
   2                                      汇诚科技
   3                                                    http://www.ourhc.cn
   4          *********************************************************************/
   5          #include<reg52.h>              //库文件
   6          #define uchar unsigned char//宏定义无符号字符型
   7          #define uint unsigned int  //宏定义无符号整型
   8          /********************************************************************
   9                                      初始定义
  10          *********************************************************************/
  11          code uchar seg7code[10]={ 0xc0,0xf9,0xa4,0xb0,0x99,0x92,0x82,0xf8,0x80,0x90}; //显示段码 数码管字跟
  12          uchar wei[4]={0XEf,0XDf,0XBf,0X7f};  //位的控制端
  13          uchar dispcount=0; //计数初值
  14          /********************************************************************
  15                                      延时函数
  16          *********************************************************************/
  17          void delay(uchar t)
  18          {
  19   1        uchar i,j;
  20   1         for(i=0;i<t;i++)
  21   1         {
  22   2               for(j=13;j>0;j--);
  23   2               { ;
  24   3               }
  25   2         }
  26   1      }
  27          
  28          /********************************************************************
  29                                      显示函数
  30          *********************************************************************/        
  31          void Led(int date) //显示函数
  32          {
  33   1      /*****************数据转换*****************************/ 
  34   1       uint z,x,c,v;
  35   1        z=date/1000;                   //求千位
  36   1        x=date%1000/100;               //求百位
  37   1        c=date%100/10;                 //求十位
  38   1        v=date%10;                     //求个位
  39   1      
  40   1            P2=0XFF;
  41   1                P0=seg7code[z];
  42   1                P2=wei[0];
  43   1                delay(80);
  44   1                P2=0XFF;  
  45   1            P0=seg7code[x];
  46   1                P2=wei[1];
  47   1                delay(80);
  48   1                P2=0XFF;  
  49   1                P0=seg7code[c];
  50   1                P2=wei[2];
  51   1                delay(80);
  52   1                P2=0XFF;  
  53   1            P0=seg7code[v];
  54   1                P2=wei[3];
  55   1                delay(80); 
C51 COMPILER V8.05a   CHENGXU                                                              07/06/2009 22:32:19 PAGE 2   

  56   1                P2=0XFF;
  57   1      }
  58          /********************************************************************
  59                                      中断服务函数
  60          *********************************************************************/
  61          void ExtInt0() interrupt 0 //中断服务程序
  62          {
  63   1              dispcount++; //每按一次中断按键，计数加一
  64   1              if (dispcount==255) //计数范围0-255
  65   1              {
  66   2                      dispcount=0;
  67   2              }
  68   1      }
  69          /********************************************************************
  70                                      主函数
  71          *********************************************************************/
  72          void main()
  73          {
  74   1              TCON=0x01; //中断设置
  75   1              IE=0x81;
  76   1              while(1)
  77   1              {         
  78   2                      Led(dispcount);
  79   2          }
  80   1      }               
  81          
  82                  
  83          /********************************************************************
  84                                        结束
  85          *********************************************************************/


MODULE INFORMATION:   STATIC OVERLAYABLE
   CODE SIZE        =    206    ----
   CONSTANT SIZE    =     10    ----
   XDATA SIZE       =   ----    ----
   PDATA SIZE       =   ----    ----
   DATA SIZE        =      5       4
   IDATA SIZE       =   ----    ----
   BIT SIZE         =   ----    ----
END OF MODULE INFORMATION.


C51 COMPILATION COMPLETE.  0 WARNING(S),  0 ERROR(S)
