Sunplus u'nSP Assembler - Ver. 1.8.0
              Listing File Has Been Relocated
                            	// GCC for SUNPLUS u'nSP version 1.0.10
                            	// Command: E:\PROGRA~1\Sunplus\UNSPID~3\IDE180\cc1.exe C:\DOCUME~1\˔Ȼ˚.DOMAIN\LOCALS~1\Temp\ccSwaaaa.i -fkeep-inline-functions -quiet -dumpbase main.c -gstabs -o .\Debug/main.asm
                            	// gcc2_compiled.:
                            	
0000B572                    	.code
                            	Ltext0:
00000000                    	.debug
00000000 2E 00 73 00        		.dw '.stabs "int:t1=r1;-32768;32767;",128,0,0,0',0x0d,0x0a
         74 00 61 00
         62 00 73 00
         20 00 22 00
         69 00 6E 00
         74 00 3A 00
         74 00 31 00
         3D 00 72 00
         31 00 3B 00
         2D 00 33 00
         32 00 37 00
         36 00 38 00
         3B 00 33 00
         32 00 37 00
         36 00 37 00
         3B 00 22 00
         2C 00 31 00
         32 00 38 00
         2C 00 30 00
         2C 00 30 00
         2C 00 30 00
         0D 00 0A 00
0000B572                    	.CODE
0000002C                    	.debug
0000002C 2E 00 73 00        		.dw '.stabs "char:t2=r2;0;127;",128,0,0,0',0x0d,0x0a
         74 00 61 00
         62 00 73 00
         20 00 22 00
         63 00 68 00
         61 00 72 00
         3A 00 74 00
         32 00 3D 00
         72 00 32 00
         3B 00 30 00
         3B 00 31 00
         32 00 37 00
         3B 00 22 00
         2C 00 31 00
         32 00 38 00
         2C 00 30 00
         2C 00 30 00
         2C 00 30 00
         0D 00 0A 00
0000B572                    	.CODE
00000052                    	.debug
00000052 2E 00 73 00        		.dw '.stabs "long int:t3=r3;-2147483648;2147483647;",128,0,0,0',0x0d,0x0a
         74 00 61 00
         62 00 73 00
         20 00 22 00
         6C 00 6F 00
         6E 00 67 00
         20 00 69 00
         6E 00 74 00
         3A 00 74 00
         33 00 3D 00
         72 00 33 00
         3B 00 2D 00
         32 00 31 00
         34 00 37 00
         34 00 38 00
         33 00 36 00
         34 00 38 00
         3B 00 32 00
         31 00 34 00
         37 00 34 00
         38 00 33 00
         36 00 34 00
         37 00 3B 00
         22 00 2C 00
         31 00 32 00
         38 00 2C 00
         30 00 2C 00
         30 00 2C 00
         30 00 0D 00
         0A 00      
0000B572                    	.CODE
0000008D                    	.debug
0000008D 2E 00 73 00        		.dw '.stabs "unsigned int:t4=r4;0;65535;",128,0,0,0',0x0d,0x0a
         74 00 61 00
         62 00 73 00
         20 00 22 00
         75 00 6E 00
         73 00 69 00
         67 00 6E 00
         65 00 64 00
         20 00 69 00
         6E 00 74 00
         3A 00 74 00
         34 00 3D 00
         72 00 34 00
         3B 00 30 00
         3B 00 36 00
         35 00 35 00
         33 00 35 00
         3B 00 22 00
         2C 00 31 00
         32 00 38 00
         2C 00 30 00
         2C 00 30 00
         2C 00 30 00
         0D 00 0A 00
0000B572                    	.CODE
000000BD                    	.debug
000000BD 2E 00 73 00        		.dw '.stabs "long unsigned int:t5=r5;0;4294967295;",128,0,0,0',0x0d,0x0a
         74 00 61 00
         62 00 73 00
         20 00 22 00
         6C 00 6F 00
         6E 00 67 00
         20 00 75 00
         6E 00 73 00
         69 00 67 00
         6E 00 65 00
         64 00 20 00
         69 00 6E 00
         74 00 3A 00
         74 00 35 00
         3D 00 72 00
         35 00 3B 00
         30 00 3B 00
         34 00 32 00
         39 00 34 00
         39 00 36 00
         37 00 32 00
         39 00 35 00
         3B 00 22 00
         2C 00 31 00
         32 00 38 00
         2C 00 30 00
         2C 00 30 00
         2C 00 30 00
         0D 00 0A 00
0000B572                    	.CODE
000000F7                    	.debug
000000F7 2E 00 73 00        		.dw '.stabs "long long int:t6=r6;-2147483648;2147483647;",128,0,0,0',0x0d,0x0a
         74 00 61 00
         62 00 73 00
         20 00 22 00
         6C 00 6F 00
         6E 00 67 00
         20 00 6C 00
         6F 00 6E 00
         67 00 20 00
         69 00 6E 00
         74 00 3A 00
         74 00 36 00
         3D 00 72 00
         36 00 3B 00
         2D 00 32 00
         31 00 34 00
         37 00 34 00
         38 00 33 00
         36 00 34 00
         38 00 3B 00
         32 00 31 00
         34 00 37 00
         34 00 38 00
         33 00 36 00
         34 00 37 00
         3B 00 22 00
         2C 00 31 00
         32 00 38 00
         2C 00 30 00
         2C 00 30 00
         2C 00 30 00
         0D 00 0A 00
0000B572                    	.CODE
00000137                    	.debug
00000137 2E 00 73 00        		.dw '.stabs "long long unsigned int:t7=r7;0;4294967295;",128,0,0,0',0x0d,0x0a
         74 00 61 00
         62 00 73 00
         20 00 22 00
         6C 00 6F 00
         6E 00 67 00
         20 00 6C 00
         6F 00 6E 00
         67 00 20 00
         75 00 6E 00
         73 00 69 00
         67 00 6E 00
         65 00 64 00
         20 00 69 00
         6E 00 74 00
         3A 00 74 00
         37 00 3D 00
         72 00 37 00
         3B 00 30 00
         3B 00 34 00
         32 00 39 00
         34 00 39 00
         36 00 37 00
         32 00 39 00
         35 00 3B 00
         22 00 2C 00
         31 00 32 00
         38 00 2C 00
         30 00 2C 00
         30 00 2C 00
         30 00 0D 00
         0A 00      
0000B572                    	.CODE
00000176                    	.debug
00000176 2E 00 73 00        		.dw '.stabs "short int:t8=r8;-32768;32767;",128,0,0,0',0x0d,0x0a
         74 00 61 00
         62 00 73 00
         20 00 22 00
         73 00 68 00
         6F 00 72 00
         74 00 20 00
         69 00 6E 00
         74 00 3A 00
         74 00 38 00
         3D 00 72 00
         38 00 3B 00
         2D 00 33 00
         32 00 37 00
         36 00 38 00
         3B 00 33 00
         32 00 37 00
         36 00 37 00
         3B 00 22 00
         2C 00 31 00
         32 00 38 00
         2C 00 30 00
         2C 00 30 00
         2C 00 30 00
         0D 00 0A 00
0000B572                    	.CODE
000001A8                    	.debug
000001A8 2E 00 73 00        		.dw '.stabs "short unsigned int:t9=r9;0;65535;",128,0,0,0',0x0d,0x0a
         74 00 61 00
         62 00 73 00
         20 00 22 00
         73 00 68 00
         6F 00 72 00
         74 00 20 00
         75 00 6E 00
         73 00 69 00
         67 00 6E 00
         65 00 64 00
         20 00 69 00
         6E 00 74 00
         3A 00 74 00
         39 00 3D 00
         72 00 39 00
         3B 00 30 00
         3B 00 36 00
         35 00 35 00
         33 00 35 00
         3B 00 22 00
         2C 00 31 00
         32 00 38 00
         2C 00 30 00
         2C 00 30 00
         2C 00 30 00
         0D 00 0A 00
0000B572                    	.CODE
000001DE                    	.debug
000001DE 2E 00 73 00        		.dw '.stabs "signed char:t10=r10;-32768;32767;",128,0,0,0',0x0d,0x0a
         74 00 61 00
         62 00 73 00
         20 00 22 00
         73 00 69 00
         67 00 6E 00
         65 00 64 00
         20 00 63 00
         68 00 61 00
         72 00 3A 00
         74 00 31 00
         30 00 3D 00
         72 00 31 00
         30 00 3B 00
         2D 00 33 00
         32 00 37 00
         36 00 38 00
         3B 00 33 00
         32 00 37 00
         36 00 37 00
         3B 00 22 00
         2C 00 31 00
         32 00 38 00
         2C 00 30 00
         2C 00 30 00
         2C 00 30 00
         0D 00 0A 00
0000B572                    	.CODE
00000214                    	.debug
00000214 2E 00 73 00        		.dw '.stabs "unsigned char:t11=r11;0;65535;",128,0,0,0',0x0d,0x0a
         74 00 61 00
         62 00 73 00
         20 00 22 00
         75 00 6E 00
         73 00 69 00
         67 00 6E 00
         65 00 64 00
         20 00 63 00
         68 00 61 00
         72 00 3A 00
         74 00 31 00
         31 00 3D 00
         72 00 31 00
         31 00 3B 00
         30 00 3B 00
         36 00 35 00
         35 00 33 00
         35 00 3B 00
         22 00 2C 00
         31 00 32 00
         38 00 2C 00
         30 00 2C 00
         30 00 2C 00
         30 00 0D 00
         0A 00      
0000B572                    	.CODE
00000247                    	.debug
00000247 2E 00 73 00        		.dw '.stabs "float:t12=r1;2;0;",128,0,0,0',0x0d,0x0a
         74 00 61 00
         62 00 73 00
         20 00 22 00
         66 00 6C 00
         6F 00 61 00
         74 00 3A 00
         74 00 31 00
         32 00 3D 00
         72 00 31 00
         3B 00 32 00
         3B 00 30 00
         3B 00 22 00
         2C 00 31 00
         32 00 38 00
         2C 00 30 00
         2C 00 30 00
         2C 00 30 00
         0D 00 0A 00
0000B572                    	.CODE
0000026D                    	.debug
0000026D 2E 00 73 00        		.dw '.stabs "double:t13=r1;2;0;",128,0,0,0',0x0d,0x0a
         74 00 61 00
         62 00 73 00
         20 00 22 00
         64 00 6F 00
         75 00 62 00
         6C 00 65 00
         3A 00 74 00
         31 00 33 00
         3D 00 72 00
         31 00 3B 00
         32 00 3B 00
         30 00 3B 00
         22 00 2C 00
         31 00 32 00
         38 00 2C 00
         30 00 2C 00
         30 00 2C 00
         30 00 0D 00
         0A 00      
0000B572                    	.CODE
00000294                    	.debug
00000294 2E 00 73 00        		.dw '.stabs "long double:t14=r1;2;0;",128,0,0,0',0x0d,0x0a
         74 00 61 00
         62 00 73 00
         20 00 22 00
         6C 00 6F 00
         6E 00 67 00
         20 00 64 00
         6F 00 75 00
         62 00 6C 00
         65 00 3A 00
         74 00 31 00
         34 00 3D 00
         72 00 31 00
         3B 00 32 00
         3B 00 30 00
         3B 00 22 00
         2C 00 31 00
         32 00 38 00
         2C 00 30 00
         2C 00 30 00
         2C 00 30 00
         0D 00 0A 00
0000B572                    	.CODE
000002C0                    	.debug
000002C0 2E 00 73 00        		.dw '.stabs "complex int:t15=s2real:1,0,16;imag:1,16,16;;",128,0,0,0',0x0d,0x0a
         74 00 61 00
         62 00 73 00
         20 00 22 00
         63 00 6F 00
         6D 00 70 00
         6C 00 65 00
         78 00 20 00
         69 00 6E 00
         74 00 3A 00
         74 00 31 00
         35 00 3D 00
         73 00 32 00
         72 00 65 00
         61 00 6C 00
         3A 00 31 00
         2C 00 30 00
         2C 00 31 00
         36 00 3B 00
         69 00 6D 00
         61 00 67 00
         3A 00 31 00
         2C 00 31 00
         36 00 2C 00
         31 00 36 00
         3B 00 3B 00
         22 00 2C 00
         31 00 32 00
         38 00 2C 00
         30 00 2C 00
         30 00 2C 00
         30 00 0D 00
         0A 00      
0000B572                    	.CODE
00000301                    	.debug
00000301 2E 00 73 00        		.dw '.stabs "complex float:t16=r16;2;0;",128,0,0,0',0x0d,0x0a
         74 00 61 00
         62 00 73 00
         20 00 22 00
         63 00 6F 00
         6D 00 70 00
         6C 00 65 00
         78 00 20 00
         66 00 6C 00
         6F 00 61 00
         74 00 3A 00
         74 00 31 00
         36 00 3D 00
         72 00 31 00
         36 00 3B 00
         32 00 3B 00
         30 00 3B 00
         22 00 2C 00
         31 00 32 00
         38 00 2C 00
         30 00 2C 00
         30 00 2C 00
         30 00 0D 00
         0A 00      
0000B572                    	.CODE
00000330                    	.debug
00000330 2E 00 73 00        		.dw '.stabs "complex double:t17=r17;2;0;",128,0,0,0',0x0d,0x0a
         74 00 61 00
         62 00 73 00
         20 00 22 00
         63 00 6F 00
         6D 00 70 00
         6C 00 65 00
         78 00 20 00
         64 00 6F 00
         75 00 62 00
         6C 00 65 00
         3A 00 74 00
         31 00 37 00
         3D 00 72 00
         31 00 37 00
         3B 00 32 00
         3B 00 30 00
         3B 00 22 00
         2C 00 31 00
         32 00 38 00
         2C 00 30 00
         2C 00 30 00
         2C 00 30 00
         0D 00 0A 00
0000B572                    	.CODE
00000360                    	.debug
00000360 2E 00 73 00        		.dw '.stabs "complex long double:t18=r18;2;0;",128,0,0,0',0x0d,0x0a
         74 00 61 00
         62 00 73 00
         20 00 22 00
         63 00 6F 00
         6D 00 70 00
         6C 00 65 00
         78 00 20 00
         6C 00 6F 00
         6E 00 67 00
         20 00 64 00
         6F 00 75 00
         62 00 6C 00
         65 00 3A 00
         74 00 31 00
         38 00 3D 00
         72 00 31 00
         38 00 3B 00
         32 00 3B 00
         30 00 3B 00
         22 00 2C 00
         31 00 32 00
         38 00 2C 00
         30 00 2C 00
         30 00 2C 00
         30 00 0D 00
         0A 00      
0000B572                    	.CODE
00000395                    	.debug
00000395 2E 00 73 00        		.dw '.stabs "void:t19=19",128,0,0,0',0x0d,0x0a
         74 00 61 00
         62 00 73 00
         20 00 22 00
         76 00 6F 00
         69 00 64 00
         3A 00 74 00
         31 00 39 00
         3D 00 31 00
         39 00 22 00
         2C 00 31 00
         32 00 38 00
         2C 00 30 00
         2C 00 30 00
         2C 00 30 00
         0D 00 0A 00
0000B572                    	.CODE
000003B5                    	.debug
000003B5 2E 00 73 00        		.dw '.stabs "gActivated:G1",32,0,0,',0,0,offset _gActivated,seg _gActivated,0x0d,0x0a
         74 00 61 00
         62 00 73 00
         20 00 22 00
         67 00 41 00
         63 00 74 00
         69 00 76 00
         61 00 74 00
         65 00 64 00
         3A 00 47 00
         31 00 22 00
         2C 00 33 00
         32 00 2C 00
         30 00 2C 00
         30 00 2C 00
         00 00 00 00
         00 00 00 00
         0D 00 0A 00
0000B572                    	.CODE
                            	.public _gActivated
000004EF                    	.iram
                            	_gActivated:
000004EF 00 00              		.dw 0
000003D9                    	.debug
000003D9 2E 00 73 00        		.dw '.stabs "gTriggerRespond:G20=ar1;0;-1;1",32,0,0,',0,0,offset _gTriggerRespond,seg _gTriggerRespond,0x0d,0x0a
         74 00 61 00
         62 00 73 00
         20 00 22 00
         67 00 54 00
         72 00 69 00
         67 00 67 00
         65 00 72 00
         52 00 65 00
         73 00 70 00
         6F 00 6E 00
         64 00 3A 00
         47 00 32 00
         30 00 3D 00
         61 00 72 00
         31 00 3B 00
         30 00 3B 00
         2D 00 31 00
         3B 00 31 00
         22 00 2C 00
         33 00 32 00
         2C 00 30 00
         2C 00 30 00
         2C 00 00 00
         00 00 01 00
         00 00 0D 00
         0A 00      
0000B572                    	.CODE
                            	.public _gTriggerRespond
000004F0                    	.iram
                            	_gTriggerRespond:
000004F0 08 00              		.dw 8
000004F1 09 00              		.dw 9
000004F2 08 00              		.dw 8
0000040E                    	.debug
0000040E 2E 00 73 00        		.dw '.stabs "gComm2Respond:G21=ar1;0;-1;1",32,0,0,',0,0,offset _gComm2Respond,seg _gComm2Respond,0x0d,0x0a
         74 00 61 00
         62 00 73 00
         20 00 22 00
         67 00 43 00
         6F 00 6D 00
         6D 00 32 00
         52 00 65 00
         73 00 70 00
         6F 00 6E 00
         64 00 3A 00
         47 00 32 00
         31 00 3D 00
         61 00 72 00
         31 00 3B 00
         30 00 3B 00
         2D 00 31 00
         3B 00 31 00
         22 00 2C 00
         33 00 32 00
         2C 00 30 00
         2C 00 30 00
         2C 00 00 00
         00 00 04 00
         00 00 0D 00
         0A 00      
0000B572                    	.CODE
                            	.public _gComm2Respond
000004F3                    	.iram
                            	_gComm2Respond:
000004F3 0B 00              		.dw 11
000004F4 0C 00              		.dw 12
000004F5 0D 00              		.dw 13
00000441                    	.debug
00000441 2E 00 73 00        		.dw '.stabs "PlayFlag:G1",32,0,0,',0,0,offset _PlayFlag,seg _PlayFlag,0x0d,0x0a
         74 00 61 00
         62 00 73 00
         20 00 22 00
         50 00 6C 00
         61 00 79 00
         46 00 6C 00
         61 00 67 00
         3A 00 47 00
         31 00 22 00
         2C 00 33 00
         32 00 2C 00
         30 00 2C 00
         30 00 2C 00
         00 00 00 00
         07 00 00 00
         0D 00 0A 00
0000B572                    	.CODE
                            	.public _PlayFlag
000004F6                    	.iram
                            	_PlayFlag:
000004F6 00 00              		.dw 0
0000B572                    	.code
00000463                    	.debug
00000463 2E 00 73 00        		.dw '.stabs "PlayRespond:F19",36,0,0,',0,0,offset _PlayRespond,seg _PlayRespond,0x0d,0x0a
         74 00 61 00
         62 00 73 00
         20 00 22 00
         50 00 6C 00
         61 00 79 00
         52 00 65 00
         73 00 70 00
         6F 00 6E 00
         64 00 3A 00
         46 00 31 00
         39 00 22 00
         2C 00 33 00
         36 00 2C 00
         30 00 2C 00
         30 00 2C 00
         00 00 00 00
         00 00 00 00
         0D 00 0A 00
0000B572                    	.CODE
                            	.public _PlayRespond
                            	_PlayRespond:	.proc
00000489                    	.debug
00000489 2E 00 73 00        		.dw '.stabn 0x44,0,86,',0,0
         74 00 61 00
         62 00 6E 00
         20 00 30 00
         78 00 34 00
         34 00 2C 00
         30 00 2C 00
         38 00 36 00
         2C 00 00 00
         00 00      
0000049C 00 00 00 00        		.dd LM1-_PlayRespond
0000049E 0D 00 0A 00        		.dw 0x0d,0x0a
0000B572                    	.code
                            	LM1:
                            		// total=1, vars=1
                            		// frame_pointer_needed: 1
0000B572 88 DA              		push bp to [sp]
0000B573 41 20              		sp-=1
0000B574 08 0B 01 00        		bp=sp+1
                            	
0000B576 0D 03 04 00        		R1=BP+4
0000B578 C5 D2              		[BP]=R1	// QImode move
000004A0                    	.debug
000004A0 2E 00 73 00        		.dw '.stabn 0x44,0,87,',0,0
         74 00 61 00
         62 00 6E 00
         20 00 30 00
         78 00 34 00
         34 00 2C 00
         30 00 2C 00
         38 00 37 00
         2C 00 00 00
         00 00      
000004B3 07 00 00 00        		.dd LM2-_PlayRespond
000004B5 0D 00 0A 00        		.dw 0x0d,0x0a
0000B579                    	.code
                            	LM2:
                            	LBB2:
0000B579 40 F0 72 9B        		call _BSR_StopRecognizer	// call without return value
000004B7                    	.debug
000004B7 2E 00 73 00        		.dw '.stabn 0x44,0,88,',0,0
         74 00 61 00
         62 00 6E 00
         20 00 30 00
         78 00 34 00
         34 00 2C 00
         30 00 2C 00
         38 00 38 00
         2C 00 00 00
         00 00      
000004CA 09 00 00 00        		.dd LM3-_PlayRespond
000004CC 0D 00 0A 00        		.dw 0x0d,0x0a
0000B57B                    	.code
                            	LM3:
0000B57B 41 92              		R1=1	// QImode move
0000B57C C8 D2              		[SP--]=R1	// QImode move
0000B57D 40 F0 95 A6        		call _SACM_S480_Initial	// call with return value
0000B57F 41 00              		SP=SP+1
000004CE                    	.debug
000004CE 2E 00 73 00        		.dw '.stabn 0x44,0,89,',0,0
         74 00 61 00
         62 00 6E 00
         20 00 30 00
         78 00 34 00
         34 00 2C 00
         30 00 2C 00
         38 00 39 00
         2C 00 00 00
         00 00      
000004E1 0E 00 00 00        		.dd LM4-_PlayRespond
000004E3 0D 00 0A 00        		.dw 0x0d,0x0a
0000B580                    	.code
                            	LM4:
0000B580 43 92              		R1=3	// QImode move
0000B581 C8 D2              		[SP--]=R1	// QImode move
0000B582 43 92              		R1=3	// QImode move
0000B583 C8 D2              		[SP--]=R1	// QImode move
0000B584 C5 94              		R2=[BP]	// QImode move
0000B585 C2 92              		R1=[R2]	// QImode move
0000B586 C8 D2              		[SP--]=R1	// QImode move
0000B587 40 F0 CC A6        		call _SACM_S480_Play	// call with return value
0000B589 43 00              		SP=SP+3
000004E5                    	.debug
000004E5 2E 00 73 00        		.dw '.stabn 0x44,0,90,',0,0
         74 00 61 00
         62 00 6E 00
         20 00 30 00
         78 00 34 00
         34 00 2C 00
         30 00 2C 00
         39 00 30 00
         2C 00 00 00
         00 00      
000004F8 18 00 00 00        		.dd LM5-_PlayRespond
000004FA 0D 00 0A 00        		.dw 0x0d,0x0a
0000B58A                    	.code
                            	LM5:
                            	L3:
0000B58A 40 F0 AE A7        		call _SACM_S480_Status	// call with return value
0000B58C 09 B5 01 00        		R2=R1&1
0000B58E 40 44              		CMP R2,0	// QImode test
0000B58F 02 5E              		JZ L6	// QImode NE
0000B590 0F 9F 94 B5        		PC=L5
                            	L6:
0000B592 0F 9F 9A B5        		pc=L4	// jump
                            	L5:
000004FC                    	.debug
000004FC 2E 00 73 00        		.dw '.stabn 0x44,0,92,',0,0
         74 00 61 00
         62 00 6E 00
         20 00 30 00
         78 00 34 00
         34 00 2C 00
         30 00 2C 00
         39 00 32 00
         2C 00 00 00
         00 00      
0000050F 22 00 00 00        		.dd LM6-_PlayRespond
00000511 0D 00 0A 00        		.dw 0x0d,0x0a
0000B594                    	.code
                            	LM6:
                            	LBB3:
0000B594 40 F0 05 A8        		call _SACM_S480_ServiceLoop	// call with return value
00000513                    	.debug
00000513 2E 00 73 00        		.dw '.stabn 0x44,0,93,',0,0
         74 00 61 00
         62 00 6E 00
         20 00 30 00
         78 00 34 00
         34 00 2C 00
         30 00 2C 00
         39 00 33 00
         2C 00 00 00
         00 00      
00000526 24 00 00 00        		.dd LM7-_PlayRespond
00000528 0D 00 0A 00        		.dw 0x0d,0x0a
0000B596                    	.code
                            	LM7:
0000B596 40 F0 4F B7        		call _ClearWatchDog	// call without return value
0000052A                    	.debug
0000052A 2E 00 73 00        		.dw '.stabn 0x44,0,94,',0,0
         74 00 61 00
         62 00 6E 00
         20 00 30 00
         78 00 34 00
         34 00 2C 00
         30 00 2C 00
         39 00 34 00
         2C 00 00 00
         00 00      
0000053D 26 00 00 00        		.dd LM8-_PlayRespond
0000053F 0D 00 0A 00        		.dw 0x0d,0x0a
0000B598                    	.code
                            	LM8:
                            	LBE3:
0000B598 0F 9F 8A B5        		pc=L3	// jump
                            	L4:
00000541                    	.debug
00000541 2E 00 73 00        		.dw '.stabn 0x44,0,95,',0,0
         74 00 61 00
         62 00 6E 00
         20 00 30 00
         78 00 34 00
         34 00 2C 00
         30 00 2C 00
         39 00 35 00
         2C 00 00 00
         00 00      
00000554 28 00 00 00        		.dd LM9-_PlayRespond
00000556 0D 00 0A 00        		.dw 0x0d,0x0a
0000B59A                    	.code
                            	LM9:
0000B59A 40 F0 64 A7        		call _SACM_S480_Stop	// call with return value
00000558                    	.debug
00000558 2E 00 73 00        		.dw '.stabn 0x44,0,96,',0,0
         74 00 61 00
         62 00 6E 00
         20 00 30 00
         78 00 34 00
         34 00 2C 00
         30 00 2C 00
         39 00 36 00
         2C 00 00 00
         00 00      
0000056B 2A 00 00 00        		.dd LM10-_PlayRespond
0000056D 0D 00 0A 00        		.dw 0x0d,0x0a
0000B59C                    	.code
                            	LM10:
0000B59C 40 92              		R1=0	// QImode move
0000B59D C8 D2              		[SP--]=R1	// QImode move
0000B59E 40 F0 7F 9B        		call _BSR_InitRecognizer	// call with return value
0000B5A0 41 00              		SP=SP+1
0000056F                    	.debug
0000056F 2E 00 73 00        		.dw '.stabn 0x44,0,97,',0,0
         74 00 61 00
         62 00 6E 00
         20 00 30 00
         78 00 34 00
         34 00 2C 00
         30 00 2C 00
         39 00 37 00
         2C 00 00 00
         00 00      
00000582 2F 00 00 00        		.dd LM11-_PlayRespond
00000584 0D 00 0A 00        		.dw 0x0d,0x0a
0000B5A1                    	.code
                            	LM11:
0000B5A1 40 F0 40 9B        		call _BSR_EnableCPUIndicator	// call without return value
00000586                    	.debug
00000586 2E 00 73 00        		.dw '.stabn 0x44,0,98,',0,0
         74 00 61 00
         62 00 6E 00
         20 00 30 00
         78 00 34 00
         34 00 2C 00
         30 00 2C 00
         39 00 38 00
         2C 00 00 00
         00 00      
00000599 31 00 00 00        		.dd LM12-_PlayRespond
0000059B 0D 00 0A 00        		.dw 0x0d,0x0a
0000B5A3                    	.code
                            	LM12:
                            	LBE2:
0000059D                    	.debug
0000059D 2E 00 73 00        		.dw '.stabn 0x44,0,98,',0,0
         74 00 61 00
         62 00 6E 00
         20 00 30 00
         78 00 34 00
         34 00 2C 00
         30 00 2C 00
         39 00 38 00
         2C 00 00 00
         00 00      
000005B0 31 00 00 00        		.dd LM13-_PlayRespond
000005B2 0D 00 0A 00        		.dw 0x0d,0x0a
0000B5A3                    	.code
                            	LM13:
                            	L2:
                            	
0000B5A3 41 00              		sp+=1
0000B5A4 88 98              		pop bp from [sp]
0000B5A5 90 9A              		retf
                            		.endp	// end of PlayRespond
                            	
000005B4                    	.debug
000005B4 2E 00 73 00        		.dw '.stabs "Result:p1",160,0,0,4',0x0d,0x0a
         74 00 61 00
         62 00 73 00
         20 00 22 00
         52 00 65 00
         73 00 75 00
         6C 00 74 00
         3A 00 70 00
         31 00 22 00
         2C 00 31 00
         36 00 30 00
         2C 00 30 00
         2C 00 30 00
         2C 00 34 00
         0D 00 0A 00
0000B5A6                    	.CODE
000005D2                    	.debug
000005D2 2E 00 73 00        		.dw '.stabn 0xc0,0,0,',0,0
         74 00 61 00
         62 00 6E 00
         20 00 30 00
         78 00 63 00
         30 00 2C 00
         30 00 2C 00
         30 00 2C 00
         00 00 00 00
000005E4 07 00 00 00        		.dd LBB2-_PlayRespond
000005E6 0D 00 0A 00        		.dw 0x0d,0x0a
0000B5A6                    	.code
000005E8                    	.debug
000005E8 2E 00 73 00        		.dw '.stabn 0xc0,0,0,',0,0
         74 00 61 00
         62 00 6E 00
         20 00 30 00
         78 00 63 00
         30 00 2C 00
         30 00 2C 00
         30 00 2C 00
         00 00 00 00
000005FA 22 00 00 00        		.dd LBB3-_PlayRespond
000005FC 0D 00 0A 00        		.dw 0x0d,0x0a
0000B5A6                    	.code
000005FE                    	.debug
000005FE 2E 00 73 00        		.dw '.stabn 0xe0,0,0,',0,0
         74 00 61 00
         62 00 6E 00
         20 00 30 00
         78 00 65 00
         30 00 2C 00
         30 00 2C 00
         30 00 2C 00
         00 00 00 00
00000610 26 00 00 00        		.dd LBE3-_PlayRespond
00000612 0D 00 0A 00        		.dw 0x0d,0x0a
0000B5A6                    	.code
00000614                    	.debug
00000614 2E 00 73 00        		.dw '.stabn 0xe0,0,0,',0,0
         74 00 61 00
         62 00 6E 00
         20 00 30 00
         78 00 65 00
         30 00 2C 00
         30 00 2C 00
         30 00 2C 00
         00 00 00 00
00000626 31 00 00 00        		.dd LBE2-_PlayRespond
00000628 0D 00 0A 00        		.dw 0x0d,0x0a
0000B5A6                    	.code
0000062A                    	.debug
0000062A 2E 00 73 00        		.dw '.stabf ',0,0
         74 00 61 00
         62 00 66 00
         20 00 00 00
         00 00      
00000633 34 00 00 00        		.dd LME1-_PlayRespond
00000635 0D 00 0A 00        		.dw 0x0d,0x0a
0000B5A6                    	.code
                            	LME1:
0000B5A6                    	.code
00000637                    	.debug
00000637 2E 00 73 00        		.dw '.stabs "TrainWord:F1",36,0,0,',0,0,offset _TrainWord,seg _TrainWord,0x0d,0x0a
         74 00 61 00
         62 00 73 00
         20 00 22 00
         54 00 72 00
         61 00 69 00
         6E 00 57 00
         6F 00 72 00
         64 00 3A 00
         46 00 31 00
         22 00 2C 00
         33 00 36 00
         2C 00 30 00
         2C 00 30 00
         2C 00 00 00
         00 00 34 00
         00 00 0D 00
         0A 00      
0000B5A6                    	.CODE
                            	.public _TrainWord
                            	_TrainWord:	.proc
0000065A                    	.debug
0000065A 2E 00 73 00        		.dw '.stabn 0x44,0,101,',0,0
         74 00 61 00
         62 00 6E 00
         20 00 30 00
         78 00 34 00
         34 00 2C 00
         30 00 2C 00
         31 00 30 00
         31 00 2C 00
         00 00 00 00
0000066E 00 00 00 00        		.dd LM14-_TrainWord
00000670 0D 00 0A 00        		.dw 0x0d,0x0a
0000B5A6                    	.code
                            	LM14:
                            		// total=2, vars=2
                            		// frame_pointer_needed: 1
0000B5A6 88 DA              		push bp to [sp]
0000B5A7 42 20              		sp-=2
0000B5A8 08 0B 01 00        		bp=sp+1
                            	
0000B5AA 0D 03 05 00        		R1=BP+5
0000B5AC 01 D2              		[bp+1]=R1	// QImode move
00000672                    	.debug
00000672 2E 00 73 00        		.dw '.stabn 0x44,0,102,',0,0
         74 00 61 00
         62 00 6E 00
         20 00 30 00
         78 00 34 00
         34 00 2C 00
         30 00 2C 00
         31 00 30 00
         32 00 2C 00
         00 00 00 00
00000686 07 00 00 00        		.dd LM15-_TrainWord
00000688 0D 00 0A 00        		.dw 0x0d,0x0a
0000B5AD                    	.code
                            	LM15:
                            	LBB4:
0000068A                    	.debug
0000068A 2E 00 73 00        		.dw '.stabn 0x44,0,103,',0,0
         74 00 61 00
         62 00 6E 00
         20 00 30 00
         78 00 34 00
         34 00 2C 00
         30 00 2C 00
         31 00 30 00
         33 00 2C 00
         00 00 00 00
0000069E 07 00 00 00        		.dd LM16-_TrainWord
000006A0 0D 00 0A 00        		.dw 0x0d,0x0a
0000B5AD                    	.code
                            	LM16:
0000B5AD 01 92              		R1=[bp+1]	// QImode move
0000B5AE 01 96              		R3=[bp+1]	// QImode move
0000B5AF 0B 05 01 00        		R2=R3+1
0000B5B1 02 97              		R3=R2	// QImode move
0000B5B2 C3 92              		R1=[R3]	// QImode move
0000B5B3 C8 D2              		[SP--]=R1	// QImode move
0000B5B4 40 F0 72 B5        		call _PlayRespond	// call without return value
0000B5B6 41 00              		SP=SP+1
000006A2                    	.debug
000006A2 2E 00 73 00        		.dw '.stabn 0x44,0,104,',0,0
         74 00 61 00
         62 00 6E 00
         20 00 30 00
         78 00 34 00
         34 00 2C 00
         30 00 2C 00
         31 00 30 00
         34 00 2C 00
         00 00 00 00
000006B6 11 00 00 00        		.dd LM17-_TrainWord
000006B8 0D 00 0A 00        		.dw 0x0d,0x0a
0000B5B7                    	.code
                            	LM17:
                            	L8:
0000B5B7 0F 9F BB B5        		pc=L10	// jump
0000B5B9 0F 9F 0E B6        		pc=L9	// jump
                            	L10:
000006BA                    	.debug
000006BA 2E 00 73 00        		.dw '.stabn 0x44,0,106,',0,0
         74 00 61 00
         62 00 6E 00
         20 00 30 00
         78 00 34 00
         34 00 2C 00
         30 00 2C 00
         31 00 30 00
         36 00 2C 00
         00 00 00 00
000006CE 15 00 00 00        		.dd LM18-_TrainWord
000006D0 0D 00 0A 00        		.dw 0x0d,0x0a
0000B5BB                    	.code
                            	LM18:
0000B5BB 40 92              		R1=0	// QImode move
0000B5BC C8 D2              		[SP--]=R1	// QImode move
0000B5BD 01 94              		R2=[bp+1]	// QImode move
0000B5BE C2 92              		R1=[R2]	// QImode move
0000B5BF C8 D2              		[SP--]=R1	// QImode move
0000B5C0 40 F0 F1 87        		call _BSR_Train	// call with return value
0000B5C2 42 00              		SP=SP+2
0000B5C3 C5 D2              		[BP]=R1	// QImode move
000006D2                    	.debug
000006D2 2E 00 73 00        		.dw '.stabn 0x44,0,107,',0,0
         74 00 61 00
         62 00 6E 00
         20 00 30 00
         78 00 34 00
         34 00 2C 00
         30 00 2C 00
         31 00 30 00
         37 00 2C 00
         00 00 00 00
000006E6 1E 00 00 00        		.dd LM19-_TrainWord
000006E8 0D 00 0A 00        		.dw 0x0d,0x0a
0000B5C4                    	.code
                            	LM19:
0000B5C4 C5 92              		R1=[BP]	// QImode move
0000B5C5 40 42              		CMP R1,0	// QImode test
0000B5C6 02 5E              		JZ L23	// QImode NE
0000B5C7 0F 9F CB B5        		PC=L11
                            	L23:
0000B5C9 0F 9F 0E B6        		pc=L9	// jump
                            	L11:
000006EA                    	.debug
000006EA 2E 00 73 00        		.dw '.stabn 0x44,0,108,',0,0
         74 00 61 00
         62 00 6E 00
         20 00 30 00
         78 00 34 00
         34 00 2C 00
         30 00 2C 00
         31 00 30 00
         38 00 2C 00
         00 00 00 00
000006FE 25 00 00 00        		.dd LM20-_TrainWord
00000700 0D 00 0A 00        		.dw 0x0d,0x0a
0000B5CB                    	.code
                            	LM20:
0000B5CB C5 94              		R2=[BP]	// QImode move
0000B5CC 0A 03 06 00        		R1=R2+6
0000B5CE 45 42              		CMP R1,5	// QImode compare
0000B5CF 02 8E              		JNA L24	// QImode GTU
0000B5D0 0F 9F 0C B6        		PC=L12
                            	L24:
0000B5D2 01 95              		R2=R1	// QImode move
0000B5D3 02 93              		R1=R2	// QImode move
0000B5D4 09 03 6D A6        		R1=R1+L21
0000B5D6 01 97              		R3=R1	// QImode move
0000B5D7 C3 94              		R2=[R3]	// QImode move
0000B5D8 02 9F              		pc=R2	// tablejump
0000A66D                    	.text
                            	L21:
0000A66D 09 B6              		.dw L20
0000A66E F3 B5              		.dw L17
0000A66F F0 B5              		.dw L16
0000A670 E8 B5              		.dw L15
0000A671 E1 B5              		.dw L14
0000A672 D9 B5              		.dw L13
0000B5D9                    	.code
                            	L13:
00000702                    	.debug
00000702 2E 00 73 00        		.dw '.stabn 0x44,0,111,',0,0
         74 00 61 00
         62 00 6E 00
         20 00 30 00
         78 00 34 00
         34 00 2C 00
         30 00 2C 00
         31 00 31 00
         31 00 2C 00
         00 00 00 00
00000716 33 00 00 00        		.dd LM21-_TrainWord
00000718 0D 00 0A 00        		.dw 0x0d,0x0a
0000B5D9                    	.code
                            	LM21:
0000B5D9 44 92              		R1=4	// QImode move
0000B5DA C8 D2              		[SP--]=R1	// QImode move
0000B5DB 40 F0 72 B5        		call _PlayRespond	// call without return value
0000B5DD 41 00              		SP=SP+1
0000071A                    	.debug
0000071A 2E 00 73 00        		.dw '.stabn 0x44,0,112,',0,0
         74 00 61 00
         62 00 6E 00
         20 00 30 00
         78 00 34 00
         34 00 2C 00
         30 00 2C 00
         31 00 31 00
         32 00 2C 00
         00 00 00 00
0000072E 38 00 00 00        		.dd LM22-_TrainWord
00000730 0D 00 0A 00        		.dw 0x0d,0x0a
0000B5DE                    	.code
                            	LM22:
0000B5DE 41 62              		R1=(-1)	// QImode move
0000B5DF 0F 9F 11 B6        		pc=L7	// jump
                            	L14:
00000732                    	.debug
00000732 2E 00 73 00        		.dw '.stabn 0x44,0,114,',0,0
         74 00 61 00
         62 00 6E 00
         20 00 30 00
         78 00 34 00
         34 00 2C 00
         30 00 2C 00
         31 00 31 00
         34 00 2C 00
         00 00 00 00
00000746 3B 00 00 00        		.dd LM23-_TrainWord
00000748 0D 00 0A 00        		.dw 0x0d,0x0a
0000B5E1                    	.code
                            	LM23:
0000B5E1 43 92              		R1=3	// QImode move
0000B5E2 C8 D2              		[SP--]=R1	// QImode move
0000B5E3 40 F0 72 B5        		call _PlayRespond	// call without return value
0000B5E5 41 00              		SP=SP+1
0000074A                    	.debug
0000074A 2E 00 73 00        		.dw '.stabn 0x44,0,115,',0,0
         74 00 61 00
         62 00 6E 00
         20 00 30 00
         78 00 34 00
         34 00 2C 00
         30 00 2C 00
         31 00 31 00
         35 00 2C 00
         00 00 00 00
0000075E 40 00 00 00        		.dd LM24-_TrainWord
00000760 0D 00 0A 00        		.dw 0x0d,0x0a
0000B5E6                    	.code
                            	LM24:
0000B5E6 0F 9F 0C B6        		pc=L12	// jump
                            	L15:
00000762                    	.debug
00000762 2E 00 73 00        		.dw '.stabn 0x44,0,117,',0,0
         74 00 61 00
         62 00 6E 00
         20 00 30 00
         78 00 34 00
         34 00 2C 00
         30 00 2C 00
         31 00 31 00
         37 00 2C 00
         00 00 00 00
00000776 42 00 00 00        		.dd LM25-_TrainWord
00000778 0D 00 0A 00        		.dw 0x0d,0x0a
0000B5E8                    	.code
                            	LM25:
0000B5E8 4E 92              		R1=14	// QImode move
0000B5E9 C8 D2              		[SP--]=R1	// QImode move
0000B5EA 40 F0 72 B5        		call _PlayRespond	// call without return value
0000B5EC 41 00              		SP=SP+1
0000077A                    	.debug
0000077A 2E 00 73 00        		.dw '.stabn 0x44,0,118,',0,0
         74 00 61 00
         62 00 6E 00
         20 00 30 00
         78 00 34 00
         34 00 2C 00
         30 00 2C 00
         31 00 31 00
         38 00 2C 00
         00 00 00 00
0000078E 47 00 00 00        		.dd LM26-_TrainWord
00000790 0D 00 0A 00        		.dw 0x0d,0x0a
0000B5ED                    	.code
                            	LM26:
0000B5ED 41 62              		R1=(-1)	// QImode move
0000B5EE 0F 9F 11 B6        		pc=L7	// jump
                            	L16:
00000792                    	.debug
00000792 2E 00 73 00        		.dw '.stabn 0x44,0,120,',0,0
         74 00 61 00
         62 00 6E 00
         20 00 30 00
         78 00 34 00
         34 00 2C 00
         30 00 2C 00
         31 00 32 00
         30 00 2C 00
         00 00 00 00
000007A6 4A 00 00 00        		.dd LM27-_TrainWord
000007A8 0D 00 0A 00        		.dw 0x0d,0x0a
0000B5F0                    	.code
                            	LM27:
0000B5F0 41 62              		R1=(-1)	// QImode move
0000B5F1 0F 9F 11 B6        		pc=L7	// jump
                            	L17:
000007AA                    	.debug
000007AA 2E 00 73 00        		.dw '.stabn 0x44,0,122,',0,0
         74 00 61 00
         62 00 6E 00
         20 00 30 00
         78 00 34 00
         34 00 2C 00
         30 00 2C 00
         31 00 32 00
         32 00 2C 00
         00 00 00 00
000007BE 4D 00 00 00        		.dd LM28-_TrainWord
000007C0 0D 00 0A 00        		.dw 0x0d,0x0a
0000B5F3                    	.code
                            	LM28:
0000B5F3 01 94              		R2=[bp+1]	// QImode move
0000B5F4 C2 92              		R1=[R2]	// QImode move
0000B5F5 09 43 00 01        		CMP R1,256	// QImode compare
0000B5F7 02 5E              		JZ L25	// QImode NE
0000B5F8 0F 9F 01 B6        		PC=L18
                            	L25:
0000B5FA 45 92              		R1=5	// QImode move
0000B5FB C8 D2              		[SP--]=R1	// QImode move
0000B5FC 40 F0 72 B5        		call _PlayRespond	// call without return value
0000B5FE 41 00              		SP=SP+1
0000B5FF 0F 9F 06 B6        		pc=L19	// jump
                            	L18:
000007C2                    	.debug
000007C2 2E 00 73 00        		.dw '.stabn 0x44,0,123,',0,0
         74 00 61 00
         62 00 6E 00
         20 00 30 00
         78 00 34 00
         34 00 2C 00
         30 00 2C 00
         31 00 32 00
         33 00 2C 00
         00 00 00 00
000007D6 5B 00 00 00        		.dd LM29-_TrainWord
000007D8 0D 00 0A 00        		.dw 0x0d,0x0a
0000B601                    	.code
                            	LM29:
0000B601 46 92              		R1=6	// QImode move
0000B602 C8 D2              		[SP--]=R1	// QImode move
0000B603 40 F0 72 B5        		call _PlayRespond	// call without return value
0000B605 41 00              		SP=SP+1
                            	L19:
000007DA                    	.debug
000007DA 2E 00 73 00        		.dw '.stabn 0x44,0,124,',0,0
         74 00 61 00
         62 00 6E 00
         20 00 30 00
         78 00 34 00
         34 00 2C 00
         30 00 2C 00
         31 00 32 00
         34 00 2C 00
         00 00 00 00
000007EE 60 00 00 00        		.dd LM30-_TrainWord
000007F0 0D 00 0A 00        		.dw 0x0d,0x0a
0000B606                    	.code
                            	LM30:
0000B606 41 62              		R1=(-1)	// QImode move
0000B607 0F 9F 11 B6        		pc=L7	// jump
                            	L20:
000007F2                    	.debug
000007F2 2E 00 73 00        		.dw '.stabn 0x44,0,126,',0,0
         74 00 61 00
         62 00 6E 00
         20 00 30 00
         78 00 34 00
         34 00 2C 00
         30 00 2C 00
         31 00 32 00
         36 00 2C 00
         00 00 00 00
00000806 63 00 00 00        		.dd LM31-_TrainWord
00000808 0D 00 0A 00        		.dw 0x0d,0x0a
0000B609                    	.code
                            	LM31:
0000B609 41 62              		R1=(-1)	// QImode move
0000B60A 0F 9F 11 B6        		pc=L7	// jump
                            	L22:
                            	L12:
0000080A                    	.debug
0000080A 2E 00 73 00        		.dw '.stabn 0x44,0,128,',0,0
         74 00 61 00
         62 00 6E 00
         20 00 30 00
         78 00 34 00
         34 00 2C 00
         30 00 2C 00
         31 00 32 00
         38 00 2C 00
         00 00 00 00
0000081E 66 00 00 00        		.dd LM32-_TrainWord
00000820 0D 00 0A 00        		.dw 0x0d,0x0a
0000B60C                    	.code
                            	LM32:
0000B60C 0F 9F B7 B5        		pc=L8	// jump
                            	L9:
00000822                    	.debug
00000822 2E 00 73 00        		.dw '.stabn 0x44,0,129,',0,0
         74 00 61 00
         62 00 6E 00
         20 00 30 00
         78 00 34 00
         34 00 2C 00
         30 00 2C 00
         31 00 32 00
         39 00 2C 00
         00 00 00 00
00000836 68 00 00 00        		.dd LM33-_TrainWord
00000838 0D 00 0A 00        		.dw 0x0d,0x0a
0000B60E                    	.code
                            	LM33:
0000B60E 40 92              		R1=0	// QImode move
0000B60F 0F 9F 11 B6        		pc=L7	// jump
0000083A                    	.debug
0000083A 2E 00 73 00        		.dw '.stabn 0x44,0,130,',0,0
         74 00 61 00
         62 00 6E 00
         20 00 30 00
         78 00 34 00
         34 00 2C 00
         30 00 2C 00
         31 00 33 00
         30 00 2C 00
         00 00 00 00
0000084E 6B 00 00 00        		.dd LM34-_TrainWord
00000850 0D 00 0A 00        		.dw 0x0d,0x0a
0000B611                    	.code
                            	LM34:
                            	LBE4:
00000852                    	.debug
00000852 2E 00 73 00        		.dw '.stabn 0x44,0,130,',0,0
         74 00 61 00
         62 00 6E 00
         20 00 30 00
         78 00 34 00
         34 00 2C 00
         30 00 2C 00
         31 00 33 00
         30 00 2C 00
         00 00 00 00
00000866 6B 00 00 00        		.dd LM35-_TrainWord
00000868 0D 00 0A 00        		.dw 0x0d,0x0a
0000B611                    	.code
                            	LM35:
                            	L7:
                            	
0000B611 42 00              		sp+=2
0000B612 88 98              		pop bp from [sp]
0000B613 90 9A              		retf
                            		.endp	// end of TrainWord
                            	
0000086A                    	.debug
0000086A 2E 00 73 00        		.dw '.stabs "WordID:p1",160,0,0,5',0x0d,0x0a
         74 00 61 00
         62 00 73 00
         20 00 22 00
         57 00 6F 00
         72 00 64 00
         49 00 44 00
         3A 00 70 00
         31 00 22 00
         2C 00 31 00
         36 00 30 00
         2C 00 30 00
         2C 00 30 00
         2C 00 35 00
         0D 00 0A 00
0000B614                    	.CODE
00000888                    	.debug
00000888 2E 00 73 00        		.dw '.stabs "RespondID:p1",160,0,0,6',0x0d,0x0a
         74 00 61 00
         62 00 73 00
         20 00 22 00
         52 00 65 00
         73 00 70 00
         6F 00 6E 00
         64 00 49 00
         44 00 3A 00
         70 00 31 00
         22 00 2C 00
         31 00 36 00
         30 00 2C 00
         30 00 2C 00
         30 00 2C 00
         36 00 0D 00
         0A 00      
0000B614                    	.CODE
000008A9                    	.debug
000008A9 2E 00 73 00        		.dw '.stabn 0xc0,0,0,',0,0
         74 00 61 00
         62 00 6E 00
         20 00 30 00
         78 00 63 00
         30 00 2C 00
         30 00 2C 00
         30 00 2C 00
         00 00 00 00
000008BB 07 00 00 00        		.dd LBB4-_TrainWord
000008BD 0D 00 0A 00        		.dw 0x0d,0x0a
0000B614                    	.code
000008BF                    	.debug
000008BF 2E 00 73 00        		.dw '.stabs "res:1",128,0,0,0',0x0d,0x0a
         74 00 61 00
         62 00 73 00
         20 00 22 00
         72 00 65 00
         73 00 3A 00
         31 00 22 00
         2C 00 31 00
         32 00 38 00
         2C 00 30 00
         2C 00 30 00
         2C 00 30 00
         0D 00 0A 00
0000B614                    	.CODE
000008D9                    	.debug
000008D9 2E 00 73 00        		.dw '.stabn 0xe0,0,0,',0,0
         74 00 61 00
         62 00 6E 00
         20 00 30 00
         78 00 65 00
         30 00 2C 00
         30 00 2C 00
         30 00 2C 00
         00 00 00 00
000008EB 6B 00 00 00        		.dd LBE4-_TrainWord
000008ED 0D 00 0A 00        		.dw 0x0d,0x0a
0000B614                    	.code
000008EF                    	.debug
000008EF 2E 00 73 00        		.dw '.stabf ',0,0
         74 00 61 00
         62 00 66 00
         20 00 00 00
         00 00      
000008F8 6E 00 00 00        		.dd LME2-_TrainWord
000008FA 0D 00 0A 00        		.dw 0x0d,0x0a
0000B614                    	.code
                            	LME2:
0000B614                    	.code
000008FC                    	.debug
000008FC 2E 00 73 00        		.dw '.stabs "main:F1",36,0,0,',0,0,offset _main,seg _main,0x0d,0x0a
         74 00 61 00
         62 00 73 00
         20 00 22 00
         6D 00 61 00
         69 00 6E 00
         3A 00 46 00
         31 00 22 00
         2C 00 33 00
         36 00 2C 00
         30 00 2C 00
         30 00 2C 00
         00 00 00 00
         A2 00 00 00
         0D 00 0A 00
0000B614                    	.CODE
                            	.public _main
                            	_main:	.proc
0000091A                    	.debug
0000091A 2E 00 73 00        		.dw '.stabn 0x44,0,133,',0,0
         74 00 61 00
         62 00 6E 00
         20 00 30 00
         78 00 34 00
         34 00 2C 00
         30 00 2C 00
         31 00 33 00
         33 00 2C 00
         00 00 00 00
0000092E 00 00 00 00        		.dd LM36-_main
00000930 0D 00 0A 00        		.dw 0x0d,0x0a
0000B614                    	.code
                            	LM36:
                            		// total=4, vars=4
                            		// frame_pointer_needed: 1
0000B614 88 DA              		push bp to [sp]
0000B615 44 20              		sp-=4
0000B616 08 0B 01 00        		bp=sp+1
                            	
0000B618 0D 03 07 00        		R1=BP+7
0000B61A 03 D2              		[bp+3]=R1	// QImode move
00000932                    	.debug
00000932 2E 00 73 00        		.dw '.stabn 0x44,0,134,',0,0
         74 00 61 00
         62 00 6E 00
         20 00 30 00
         78 00 34 00
         34 00 2C 00
         30 00 2C 00
         31 00 33 00
         34 00 2C 00
         00 00 00 00
00000946 07 00 00 00        		.dd LM37-_main
00000948 0D 00 0A 00        		.dw 0x0d,0x0a
0000B61B                    	.code
                            	LM37:
                            	LBB5:
0000B61B 05 93              		R1=BP	// QImode move
0000B61C 0D 05 01 00        		R2=BP+1
0000B61E 40 92              		R1=0	// QImode move
0000B61F 02 97              		R3=R2	// QImode move
0000B620 C3 D2              		[R3]=R1	// QImode move
0000B621 05 93              		R1=BP	// QImode move
0000B622 0D 05 02 00        		R2=BP+2
0000B624 40 92              		R1=0	// QImode move
0000B625 02 99              		R4=R2	// QImode move
0000B626 C4 D2              		[R4]=R1	// QImode move
0000094A                    	.debug
0000094A 2E 00 73 00        		.dw '.stabn 0x44,0,136,',0,0
         74 00 61 00
         62 00 6E 00
         20 00 30 00
         78 00 34 00
         34 00 2C 00
         30 00 2C 00
         31 00 33 00
         36 00 2C 00
         00 00 00 00
0000095E 13 00 00 00        		.dd LM38-_main
00000960 0D 00 0A 00        		.dw 0x0d,0x0a
0000B627                    	.code
                            	LM38:
0000B627 40 F0 5D B7        		call _InitIO	// call with return value
00000962                    	.debug
00000962 2E 00 73 00        		.dw '.stabn 0x44,0,137,',0,0
         74 00 61 00
         62 00 6E 00
         20 00 30 00
         78 00 34 00
         34 00 2C 00
         30 00 2C 00
         31 00 33 00
         37 00 2C 00
         00 00 00 00
00000976 15 00 00 00        		.dd LM39-_main
00000978 0D 00 0A 00        		.dw 0x0d,0x0a
0000B629                    	.code
                            	LM39:
0000B629 40 92              		R1=0	// QImode move
0000B62A C8 D2              		[SP--]=R1	// QImode move
0000B62B 40 F0 21 86        		call _BSR_DeleteSDGroup	// call with return value
0000B62D 41 00              		SP=SP+1
0000097A                    	.debug
0000097A 2E 00 73 00        		.dw '.stabn 0x44,0,141,',0,0
         74 00 61 00
         62 00 6E 00
         20 00 30 00
         78 00 34 00
         34 00 2C 00
         30 00 2C 00
         31 00 34 00
         31 00 2C 00
         00 00 00 00
0000098E 1A 00 00 00        		.dd LM40-_main
00000990 0D 00 0A 00        		.dw 0x0d,0x0a
0000B62E                    	.code
                            	LM40:
                            	L27:
0000B62E 40 92              		R1=0	// QImode move
0000B62F C8 D2              		[SP--]=R1	// QImode move
0000B630 09 93 00 01        		R1=256	// QImode move
0000B632 C8 D2              		[SP--]=R1	// QImode move
0000B633 40 F0 A6 B5        		call _TrainWord	// call with return value
0000B635 42 00              		SP=SP+2
0000B636 40 42              		CMP R1,0	// QImode test
0000B637 02 5E              		JZ L61	// QImode NE
0000B638 0F 9F 3C B6        		PC=L29
                            	L61:
0000B63A 0F 9F 3E B6        		pc=L28	// jump
                            	L29:
0000B63C 0F 9F 2E B6        		pc=L27	// jump
                            	L28:
00000992                    	.debug
00000992 2E 00 73 00        		.dw '.stabn 0x44,0,143,',0,0
         74 00 61 00
         62 00 6E 00
         20 00 30 00
         78 00 34 00
         34 00 2C 00
         30 00 2C 00
         31 00 34 00
         33 00 2C 00
         00 00 00 00
000009A6 2A 00 00 00        		.dd LM41-_main
000009A8 0D 00 0A 00        		.dw 0x0d,0x0a
0000B63E                    	.code
                            	LM41:
                            	L30:
0000B63E 41 92              		R1=1	// QImode move
0000B63F C8 D2              		[SP--]=R1	// QImode move
0000B640 09 93 01 01        		R1=257	// QImode move
0000B642 C8 D2              		[SP--]=R1	// QImode move
0000B643 40 F0 A6 B5        		call _TrainWord	// call with return value
0000B645 42 00              		SP=SP+2
0000B646 40 42              		CMP R1,0	// QImode test
0000B647 02 5E              		JZ L62	// QImode NE
0000B648 0F 9F 4C B6        		PC=L32
                            	L62:
0000B64A 0F 9F 4E B6        		pc=L31	// jump
                            	L32:
0000B64C 0F 9F 3E B6        		pc=L30	// jump
                            	L31:
000009AA                    	.debug
000009AA 2E 00 73 00        		.dw '.stabn 0x44,0,145,',0,0
         74 00 61 00
         62 00 6E 00
         20 00 30 00
         78 00 34 00
         34 00 2C 00
         30 00 2C 00
         31 00 34 00
         35 00 2C 00
         00 00 00 00
000009BE 3A 00 00 00        		.dd LM42-_main
000009C0 0D 00 0A 00        		.dw 0x0d,0x0a
0000B64E                    	.code
                            	LM42:
                            	L33:
0000B64E 42 92              		R1=2	// QImode move
0000B64F C8 D2              		[SP--]=R1	// QImode move
0000B650 09 93 02 01        		R1=258	// QImode move
0000B652 C8 D2              		[SP--]=R1	// QImode move
0000B653 40 F0 A6 B5        		call _TrainWord	// call with return value
0000B655 42 00              		SP=SP+2
0000B656 40 42              		CMP R1,0	// QImode test
0000B657 02 5E              		JZ L63	// QImode NE
0000B658 0F 9F 5C B6        		PC=L35
                            	L63:
0000B65A 0F 9F 5E B6        		pc=L34	// jump
                            	L35:
0000B65C 0F 9F 4E B6        		pc=L33	// jump
                            	L34:
000009C2                    	.debug
000009C2 2E 00 73 00        		.dw '.stabn 0x44,0,147,',0,0
         74 00 61 00
         62 00 6E 00
         20 00 30 00
         78 00 34 00
         34 00 2C 00
         30 00 2C 00
         31 00 34 00
         37 00 2C 00
         00 00 00 00
000009D6 4A 00 00 00        		.dd LM43-_main
000009D8 0D 00 0A 00        		.dw 0x0d,0x0a
0000B65E                    	.code
                            	LM43:
                            	L36:
0000B65E 4C 92              		R1=12	// QImode move
0000B65F C8 D2              		[SP--]=R1	// QImode move
0000B660 09 93 03 01        		R1=259	// QImode move
0000B662 C8 D2              		[SP--]=R1	// QImode move
0000B663 40 F0 A6 B5        		call _TrainWord	// call with return value
0000B665 42 00              		SP=SP+2
0000B666 40 42              		CMP R1,0	// QImode test
0000B667 02 5E              		JZ L64	// QImode NE
0000B668 0F 9F 6C B6        		PC=L38
                            	L64:
0000B66A 0F 9F 6E B6        		pc=L37	// jump
                            	L38:
0000B66C 0F 9F 5E B6        		pc=L36	// jump
                            	L37:
000009DA                    	.debug
000009DA 2E 00 73 00        		.dw '.stabn 0x44,0,149,',0,0
         74 00 61 00
         62 00 6E 00
         20 00 30 00
         78 00 34 00
         34 00 2C 00
         30 00 2C 00
         31 00 34 00
         39 00 2C 00
         00 00 00 00
000009EE 5A 00 00 00        		.dd LM44-_main
000009F0 0D 00 0A 00        		.dw 0x0d,0x0a
0000B66E                    	.code
                            	LM44:
                            	L39:
0000B66E 4D 92              		R1=13	// QImode move
0000B66F C8 D2              		[SP--]=R1	// QImode move
0000B670 09 93 04 01        		R1=260	// QImode move
0000B672 C8 D2              		[SP--]=R1	// QImode move
0000B673 40 F0 A6 B5        		call _TrainWord	// call with return value
0000B675 42 00              		SP=SP+2
0000B676 40 42              		CMP R1,0	// QImode test
0000B677 02 5E              		JZ L65	// QImode NE
0000B678 0F 9F 7C B6        		PC=L41
                            	L65:
0000B67A 0F 9F 7E B6        		pc=L40	// jump
                            	L41:
0000B67C 0F 9F 6E B6        		pc=L39	// jump
                            	L40:
000009F2                    	.debug
000009F2 2E 00 73 00        		.dw '.stabn 0x44,0,152,',0,0
         74 00 61 00
         62 00 6E 00
         20 00 30 00
         78 00 34 00
         34 00 2C 00
         30 00 2C 00
         31 00 35 00
         32 00 2C 00
         00 00 00 00
00000A06 6A 00 00 00        		.dd LM45-_main
00000A08 0D 00 0A 00        		.dw 0x0d,0x0a
0000B67E                    	.code
                            	LM45:
0000B67E 40 92              		R1=0	// QImode move
0000B67F C8 D2              		[SP--]=R1	// QImode move
0000B680 40 F0 7F 9B        		call _BSR_InitRecognizer	// call with return value
0000B682 41 00              		SP=SP+1
00000A0A                    	.debug
00000A0A 2E 00 73 00        		.dw '.stabn 0x44,0,153,',0,0
         74 00 61 00
         62 00 6E 00
         20 00 30 00
         78 00 34 00
         34 00 2C 00
         30 00 2C 00
         31 00 35 00
         33 00 2C 00
         00 00 00 00
00000A1E 6F 00 00 00        		.dd LM46-_main
00000A20 0D 00 0A 00        		.dw 0x0d,0x0a
0000B683                    	.code
                            	LM46:
0000B683 40 F0 40 9B        		call _BSR_EnableCPUIndicator	// call without return value
00000A22                    	.debug
00000A22 2E 00 73 00        		.dw '.stabn 0x44,0,154,',0,0
         74 00 61 00
         62 00 6E 00
         20 00 30 00
         78 00 34 00
         34 00 2C 00
         30 00 2C 00
         31 00 35 00
         34 00 2C 00
         00 00 00 00
00000A36 71 00 00 00        		.dd LM47-_main
00000A38 0D 00 0A 00        		.dw 0x0d,0x0a
0000B685                    	.code
                            	LM47:
0000B685 47 92              		R1=7	// QImode move
0000B686 C8 D2              		[SP--]=R1	// QImode move
0000B687 40 F0 72 B5        		call _PlayRespond	// call without return value
0000B689 41 00              		SP=SP+1
00000A3A                    	.debug
00000A3A 2E 00 73 00        		.dw '.stabn 0x44,0,156,',0,0
         74 00 61 00
         62 00 6E 00
         20 00 30 00
         78 00 34 00
         34 00 2C 00
         30 00 2C 00
         31 00 35 00
         36 00 2C 00
         00 00 00 00
00000A4E 76 00 00 00        		.dd LM48-_main
00000A50 0D 00 0A 00        		.dw 0x0d,0x0a
0000B68A                    	.code
                            	LM48:
                            	L42:
0000B68A 0F 9F 8E B6        		pc=L44	// jump
0000B68C 0F 9F 4C B7        		pc=L43	// jump
                            	L44:
00000A52                    	.debug
00000A52 2E 00 73 00        		.dw '.stabn 0x44,0,158,',0,0
         74 00 61 00
         62 00 6E 00
         20 00 30 00
         78 00 34 00
         34 00 2C 00
         30 00 2C 00
         31 00 35 00
         38 00 2C 00
         00 00 00 00
00000A66 7A 00 00 00        		.dd LM49-_main
00000A68 0D 00 0A 00        		.dw 0x0d,0x0a
0000B68E                    	.code
                            	LM49:
0000B68E 05 93              		R1=BP	// QImode move
0000B68F 0D 05 02 00        		R2=BP+2
0000B691 05 97              		R3=BP	// QImode move
0000B692 0D 03 02 00        		R1=BP+2
0000B694 05 95              		R2=BP	// QImode move
0000B695 0D 07 02 00        		R3=BP+2
0000B697 03 99              		R4=R3	// QImode move
0000B698 C4 94              		R2=[R4]	// QImode move
0000B699 0A 07 01 00        		R3=R2+1
0000B69B 01 95              		R2=R1	// QImode move
0000B69C C2 D6              		[R2]=R3	// QImode move
00000A6A                    	.debug
00000A6A 2E 00 73 00        		.dw '.stabn 0x44,0,159,',0,0
         74 00 61 00
         62 00 6E 00
         20 00 30 00
         78 00 34 00
         34 00 2C 00
         30 00 2C 00
         31 00 35 00
         39 00 2C 00
         00 00 00 00
00000A7E 89 00 00 00        		.dd LM50-_main
00000A80 0D 00 0A 00        		.dw 0x0d,0x0a
0000B69D                    	.code
                            	LM50:
0000B69D 05 93              		R1=BP	// QImode move
0000B69E 0D 05 02 00        		R2=BP+2
0000B6A0 02 97              		R3=R2	// QImode move
0000B6A1 C3 92              		R1=[R3]	// QImode move
0000B6A2 42 42              		CMP R1,2	// QImode compare
0000B6A3 02 BE              		JG L66	// QImode LE
0000B6A4 0F 9F AC B6        		PC=L45
                            	L66:
0000B6A6 05 93              		R1=BP	// QImode move
0000B6A7 0D 05 02 00        		R2=BP+2
0000B6A9 40 92              		R1=0	// QImode move
0000B6AA 02 99              		R4=R2	// QImode move
0000B6AB C4 D2              		[R4]=R1	// QImode move
                            	L45:
00000A82                    	.debug
00000A82 2E 00 73 00        		.dw '.stabn 0x44,0,160,',0,0
         74 00 61 00
         62 00 6E 00
         20 00 30 00
         78 00 34 00
         34 00 2C 00
         30 00 2C 00
         31 00 36 00
         30 00 2C 00
         00 00 00 00
00000A96 98 00 00 00        		.dd LM51-_main
00000A98 0D 00 0A 00        		.dw 0x0d,0x0a
0000B6AC                    	.code
                            	LM51:
0000B6AC 40 F0 AC 9B        		call _BSR_GetResult	// call with return value
0000B6AE C5 D2              		[BP]=R1	// QImode move
00000A9A                    	.debug
00000A9A 2E 00 73 00        		.dw '.stabn 0x44,0,162,',0,0
         74 00 61 00
         62 00 6E 00
         20 00 30 00
         78 00 34 00
         34 00 2C 00
         30 00 2C 00
         31 00 36 00
         32 00 2C 00
         00 00 00 00
00000AAE 9B 00 00 00        		.dd LM52-_main
00000AB0 0D 00 0A 00        		.dw 0x0d,0x0a
0000B6AF                    	.code
                            	LM52:
0000B6AF C5 92              		R1=[BP]	// QImode move
0000B6B0 40 42              		CMP R1,0	// QImode test
0000B6B1 02 BE              		JG L67	// QImode LE
0000B6B2 0F 9F 21 B7        		PC=L46
                            	L67:
00000AB2                    	.debug
00000AB2 2E 00 73 00        		.dw '.stabn 0x44,0,164,',0,0
         74 00 61 00
         62 00 6E 00
         20 00 30 00
         78 00 34 00
         34 00 2C 00
         30 00 2C 00
         31 00 36 00
         34 00 2C 00
         00 00 00 00
00000AC6 A0 00 00 00        		.dd LM53-_main
00000AC8 0D 00 0A 00        		.dw 0x0d,0x0a
0000B6B4                    	.code
                            	LM53:
0000B6B4 11 93 EF 04        		R1=[_gActivated]	// QImode move
0000B6B6 40 42              		CMP R1,0	// QImode test
0000B6B7 02 4E              		JNZ L68	// QImode EQ
0000B6B8 0F 9F 02 B7        		PC=L47
                            	L68:
00000ACA                    	.debug
00000ACA 2E 00 73 00        		.dw '.stabn 0x44,0,166,',0,0
         74 00 61 00
         62 00 6E 00
         20 00 30 00
         78 00 34 00
         34 00 2C 00
         30 00 2C 00
         31 00 36 00
         36 00 2C 00
         00 00 00 00
00000ADE A6 00 00 00        		.dd LM54-_main
00000AE0 0D 00 0A 00        		.dw 0x0d,0x0a
0000B6BA                    	.code
                            	LM54:
0000B6BA 05 93              		R1=BP	// QImode move
0000B6BB 0D 05 01 00        		R2=BP+1
0000B6BD 40 92              		R1=0	// QImode move
0000B6BE 02 97              		R3=R2	// QImode move
0000B6BF C3 D2              		[R3]=R1	// QImode move
00000AE2                    	.debug
00000AE2 2E 00 73 00        		.dw '.stabn 0x44,0,167,',0,0
         74 00 61 00
         62 00 6E 00
         20 00 30 00
         78 00 34 00
         34 00 2C 00
         30 00 2C 00
         31 00 36 00
         37 00 2C 00
         00 00 00 00
00000AF6 AC 00 00 00        		.dd LM55-_main
00000AF8 0D 00 0A 00        		.dw 0x0d,0x0a
0000B6C0                    	.code
                            	LM55:
0000B6C0 C5 94              		R2=[BP]	// QImode move
0000B6C1 0A 03 00 FF        		R1=R2+(-256)
0000B6C3 44 42              		CMP R1,4	// QImode compare
0000B6C4 02 8E              		JNA L69	// QImode GTU
0000B6C5 0F 9F 00 B7        		PC=L48
                            	L69:
0000B6C7 01 95              		R2=R1	// QImode move
0000B6C8 02 93              		R1=R2	// QImode move
0000B6C9 09 03 73 A6        		R1=R1+L54
0000B6CB 01 99              		R4=R1	// QImode move
0000B6CC C4 94              		R2=[R4]	// QImode move
0000B6CD 02 9F              		pc=R2	// tablejump
0000A673                    	.text
                            	L54:
0000A673 CE B6              		.dw L49
0000A674 DE B6              		.dw L50
0000A675 EB B6              		.dw L51
0000A676 F2 B6              		.dw L52
0000A677 F9 B6              		.dw L53
0000B6CE                    	.code
00000AFA                    	.debug
00000AFA 2E 00 73 00        		.dw '.stabn 0x44,0,169,',0,0
         74 00 61 00
         62 00 6E 00
         20 00 30 00
         78 00 34 00
         34 00 2C 00
         30 00 2C 00
         31 00 36 00
         39 00 2C 00
         00 00 00 00
00000B0E BA 00 00 00        		.dd LM56-_main
00000B10 0D 00 0A 00        		.dw 0x0d,0x0a
0000B6CE                    	.code
                            	LM56:
                            	LBB6:
                            	L49:
00000B12                    	.debug
00000B12 2E 00 73 00        		.dw '.stabn 0x44,0,170,',0,0
         74 00 61 00
         62 00 6E 00
         20 00 30 00
         78 00 34 00
         34 00 2C 00
         30 00 2C 00
         31 00 37 00
         30 00 2C 00
         00 00 00 00
00000B26 BA 00 00 00        		.dd LM57-_main
00000B28 0D 00 0A 00        		.dw 0x0d,0x0a
0000B6CE                    	.code
                            	LM57:
0000B6CE 05 93              		R1=BP	// QImode move
0000B6CF 0D 05 02 00        		R2=BP+2
0000B6D1 09 93 F0 04        		R1=_gTriggerRespond	// QImode move
0000B6D3 02 97              		R3=R2	// QImode move
0000B6D4 C3 94              		R2=[R3]	// QImode move
0000B6D5 02 03              		R1+=R2	// addqi3_r0r
0000B6D6 01 99              		R4=R1	// QImode move
0000B6D7 C4 94              		R2=[R4]	// QImode move
0000B6D8 C8 D4              		[SP--]=R2	// QImode move
0000B6D9 40 F0 72 B5        		call _PlayRespond	// call without return value
0000B6DB 41 00              		SP=SP+1
00000B2A                    	.debug
00000B2A 2E 00 73 00        		.dw '.stabn 0x44,0,171,',0,0
         74 00 61 00
         62 00 6E 00
         20 00 30 00
         78 00 34 00
         34 00 2C 00
         30 00 2C 00
         31 00 37 00
         31 00 2C 00
         00 00 00 00
00000B3E C8 00 00 00        		.dd LM58-_main
00000B40 0D 00 0A 00        		.dw 0x0d,0x0a
0000B6DC                    	.code
                            	LM58:
0000B6DC 0F 9F 00 B7        		pc=L48	// jump
                            	L50:
00000B42                    	.debug
00000B42 2E 00 73 00        		.dw '.stabn 0x44,0,173,',0,0
         74 00 61 00
         62 00 6E 00
         20 00 30 00
         78 00 34 00
         34 00 2C 00
         30 00 2C 00
         31 00 37 00
         33 00 2C 00
         00 00 00 00
00000B56 CA 00 00 00        		.dd LM59-_main
00000B58 0D 00 0A 00        		.dw 0x0d,0x0a
0000B6DE                    	.code
                            	LM59:
0000B6DE 41 92              		R1=1	// QImode move
0000B6DF 19 D3 F6 04        		[_PlayFlag]=R1	// QImode move
00000B5A                    	.debug
00000B5A 2E 00 73 00        		.dw '.stabn 0x44,0,174,',0,0
         74 00 61 00
         62 00 6E 00
         20 00 30 00
         78 00 34 00
         34 00 2C 00
         30 00 2C 00
         31 00 37 00
         34 00 2C 00
         00 00 00 00
00000B6E CD 00 00 00        		.dd LM60-_main
00000B70 0D 00 0A 00        		.dw 0x0d,0x0a
0000B6E1                    	.code
                            	LM60:
0000B6E1 40 F0 70 B7        		call _LED_RED_ON	// call with return value
00000B72                    	.debug
00000B72 2E 00 73 00        		.dw '.stabn 0x44,0,175,',0,0
         74 00 61 00
         62 00 6E 00
         20 00 30 00
         78 00 34 00
         34 00 2C 00
         30 00 2C 00
         31 00 37 00
         35 00 2C 00
         00 00 00 00
00000B86 CF 00 00 00        		.dd LM61-_main
00000B88 0D 00 0A 00        		.dw 0x0d,0x0a
0000B6E3                    	.code
                            	LM61:
0000B6E3 40 92              		R1=0	// QImode move
0000B6E4 19 D3 F6 04        		[_PlayFlag]=R1	// QImode move
00000B8A                    	.debug
00000B8A 2E 00 73 00        		.dw '.stabn 0x44,0,176,',0,0
         74 00 61 00
         62 00 6E 00
         20 00 30 00
         78 00 34 00
         34 00 2C 00
         30 00 2C 00
         31 00 37 00
         36 00 2C 00
         00 00 00 00
00000B9E D2 00 00 00        		.dd LM62-_main
00000BA0 0D 00 0A 00        		.dw 0x0d,0x0a
0000B6E6                    	.code
                            	LM62:
0000B6E6 40 92              		R1=0	// QImode move
0000B6E7 19 D3 EF 04        		[_gActivated]=R1	// QImode move
00000BA2                    	.debug
00000BA2 2E 00 73 00        		.dw '.stabn 0x44,0,177,',0,0
         74 00 61 00
         62 00 6E 00
         20 00 30 00
         78 00 34 00
         34 00 2C 00
         30 00 2C 00
         31 00 37 00
         37 00 2C 00
         00 00 00 00
00000BB6 D5 00 00 00        		.dd LM63-_main
00000BB8 0D 00 0A 00        		.dw 0x0d,0x0a
0000B6E9                    	.code
                            	LM63:
0000B6E9 0F 9F 00 B7        		pc=L48	// jump
                            	L51:
00000BBA                    	.debug
00000BBA 2E 00 73 00        		.dw '.stabn 0x44,0,179,',0,0
         74 00 61 00
         62 00 6E 00
         20 00 30 00
         78 00 34 00
         34 00 2C 00
         30 00 2C 00
         31 00 37 00
         39 00 2C 00
         00 00 00 00
00000BCE D7 00 00 00        		.dd LM64-_main
00000BD0 0D 00 0A 00        		.dw 0x0d,0x0a
0000B6EB                    	.code
                            	LM64:
0000B6EB 40 F0 77 B7        		call _LED_RED_OFF	// call with return value
00000BD2                    	.debug
00000BD2 2E 00 73 00        		.dw '.stabn 0x44,0,180,',0,0
         74 00 61 00
         62 00 6E 00
         20 00 30 00
         78 00 34 00
         34 00 2C 00
         30 00 2C 00
         31 00 38 00
         30 00 2C 00
         00 00 00 00
00000BE6 D9 00 00 00        		.dd LM65-_main
00000BE8 0D 00 0A 00        		.dw 0x0d,0x0a
0000B6ED                    	.code
                            	LM65:
0000B6ED 40 92              		R1=0	// QImode move
0000B6EE 19 D3 EF 04        		[_gActivated]=R1	// QImode move
00000BEA                    	.debug
00000BEA 2E 00 73 00        		.dw '.stabn 0x44,0,181,',0,0
         74 00 61 00
         62 00 6E 00
         20 00 30 00
         78 00 34 00
         34 00 2C 00
         30 00 2C 00
         31 00 38 00
         31 00 2C 00
         00 00 00 00
00000BFE DC 00 00 00        		.dd LM66-_main
00000C00 0D 00 0A 00        		.dw 0x0d,0x0a
0000B6F0                    	.code
                            	LM66:
0000B6F0 0F 9F 00 B7        		pc=L48	// jump
                            	L52:
00000C02                    	.debug
00000C02 2E 00 73 00        		.dw '.stabn 0x44,0,183,',0,0
         74 00 61 00
         62 00 6E 00
         20 00 30 00
         78 00 34 00
         34 00 2C 00
         30 00 2C 00
         31 00 38 00
         33 00 2C 00
         00 00 00 00
00000C16 DE 00 00 00        		.dd LM67-_main
00000C18 0D 00 0A 00        		.dw 0x0d,0x0a
0000B6F2                    	.code
                            	LM67:
0000B6F2 40 F0 7E B7        		call _LED_GRE_ON	// call with return value
00000C1A                    	.debug
00000C1A 2E 00 73 00        		.dw '.stabn 0x44,0,184,',0,0
         74 00 61 00
         62 00 6E 00
         20 00 30 00
         78 00 34 00
         34 00 2C 00
         30 00 2C 00
         31 00 38 00
         34 00 2C 00
         00 00 00 00
00000C2E E0 00 00 00        		.dd LM68-_main
00000C30 0D 00 0A 00        		.dw 0x0d,0x0a
0000B6F4                    	.code
                            	LM68:
0000B6F4 40 92              		R1=0	// QImode move
0000B6F5 19 D3 EF 04        		[_gActivated]=R1	// QImode move
00000C32                    	.debug
00000C32 2E 00 73 00        		.dw '.stabn 0x44,0,185,',0,0
         74 00 61 00
         62 00 6E 00
         20 00 30 00
         78 00 34 00
         34 00 2C 00
         30 00 2C 00
         31 00 38 00
         35 00 2C 00
         00 00 00 00
00000C46 E3 00 00 00        		.dd LM69-_main
00000C48 0D 00 0A 00        		.dw 0x0d,0x0a
0000B6F7                    	.code
                            	LM69:
0000B6F7 0F 9F 00 B7        		pc=L48	// jump
                            	L53:
00000C4A                    	.debug
00000C4A 2E 00 73 00        		.dw '.stabn 0x44,0,188,',0,0
         74 00 61 00
         62 00 6E 00
         20 00 30 00
         78 00 34 00
         34 00 2C 00
         30 00 2C 00
         31 00 38 00
         38 00 2C 00
         00 00 00 00
00000C5E E5 00 00 00        		.dd LM70-_main
00000C60 0D 00 0A 00        		.dw 0x0d,0x0a
0000B6F9                    	.code
                            	LM70:
0000B6F9 40 F0 85 B7        		call _LED_GRE_OFF	// call with return value
00000C62                    	.debug
00000C62 2E 00 73 00        		.dw '.stabn 0x44,0,189,',0,0
         74 00 61 00
         62 00 6E 00
         20 00 30 00
         78 00 34 00
         34 00 2C 00
         30 00 2C 00
         31 00 38 00
         39 00 2C 00
         00 00 00 00
00000C76 E7 00 00 00        		.dd LM71-_main
00000C78 0D 00 0A 00        		.dw 0x0d,0x0a
0000B6FB                    	.code
                            	LM71:
0000B6FB 40 92              		R1=0	// QImode move
0000B6FC 19 D3 EF 04        		[_gActivated]=R1	// QImode move
00000C7A                    	.debug
00000C7A 2E 00 73 00        		.dw '.stabn 0x44,0,190,',0,0
         74 00 61 00
         62 00 6E 00
         20 00 30 00
         78 00 34 00
         34 00 2C 00
         30 00 2C 00
         31 00 39 00
         30 00 2C 00
         00 00 00 00
00000C8E EA 00 00 00        		.dd LM72-_main
00000C90 0D 00 0A 00        		.dw 0x0d,0x0a
0000B6FE                    	.code
                            	LM72:
0000B6FE 0F 9F 00 B7        		pc=L48	// jump
00000C92                    	.debug
00000C92 2E 00 73 00        		.dw '.stabn 0x44,0,193,',0,0
         74 00 61 00
         62 00 6E 00
         20 00 30 00
         78 00 34 00
         34 00 2C 00
         30 00 2C 00
         31 00 39 00
         33 00 2C 00
         00 00 00 00
00000CA6 EC 00 00 00        		.dd LM73-_main
00000CA8 0D 00 0A 00        		.dw 0x0d,0x0a
0000B700                    	.code
                            	LM73:
                            	LBE6:
                            	L55:
                            	L48:
00000CAA                    	.debug
00000CAA 2E 00 73 00        		.dw '.stabn 0x44,0,194,',0,0
         74 00 61 00
         62 00 6E 00
         20 00 30 00
         78 00 34 00
         34 00 2C 00
         30 00 2C 00
         31 00 39 00
         34 00 2C 00
         00 00 00 00
00000CBE EC 00 00 00        		.dd LM74-_main
00000CC0 0D 00 0A 00        		.dw 0x0d,0x0a
0000B700                    	.code
                            	LM74:
0000B700 0F 9F 1F B7        		pc=L56	// jump
                            	L47:
00000CC2                    	.debug
00000CC2 2E 00 73 00        		.dw '.stabn 0x44,0,197,',0,0
         74 00 61 00
         62 00 6E 00
         20 00 30 00
         78 00 34 00
         34 00 2C 00
         30 00 2C 00
         31 00 39 00
         37 00 2C 00
         00 00 00 00
00000CD6 EE 00 00 00        		.dd LM75-_main
00000CD8 0D 00 0A 00        		.dw 0x0d,0x0a
0000B702                    	.code
                            	LM75:
0000B702 C5 92              		R1=[BP]	// QImode move
0000B703 09 43 00 01        		CMP R1,256	// QImode compare
0000B705 02 5E              		JZ L70	// QImode NE
0000B706 0F 9F 1F B7        		PC=L56
                            	L70:
00000CDA                    	.debug
00000CDA 2E 00 73 00        		.dw '.stabn 0x44,0,199,',0,0
         74 00 61 00
         62 00 6E 00
         20 00 30 00
         78 00 34 00
         34 00 2C 00
         30 00 2C 00
         31 00 39 00
         39 00 2C 00
         00 00 00 00
00000CEE F4 00 00 00        		.dd LM76-_main
00000CF0 0D 00 0A 00        		.dw 0x0d,0x0a
0000B708                    	.code
                            	LM76:
0000B708 05 93              		R1=BP	// QImode move
0000B709 0D 05 02 00        		R2=BP+2
0000B70B 09 93 F0 04        		R1=_gTriggerRespond	// QImode move
0000B70D 02 97              		R3=R2	// QImode move
0000B70E C3 94              		R2=[R3]	// QImode move
0000B70F 02 03              		R1+=R2	// addqi3_r0r
0000B710 01 99              		R4=R1	// QImode move
0000B711 C4 94              		R2=[R4]	// QImode move
0000B712 C8 D4              		[SP--]=R2	// QImode move
0000B713 40 F0 72 B5        		call _PlayRespond	// call without return value
0000B715 41 00              		SP=SP+1
00000CF2                    	.debug
00000CF2 2E 00 73 00        		.dw '.stabn 0x44,0,200,',0,0
         74 00 61 00
         62 00 6E 00
         20 00 30 00
         78 00 34 00
         34 00 2C 00
         30 00 2C 00
         32 00 30 00
         30 00 2C 00
         00 00 00 00
00000D06 02 01 00 00        		.dd LM77-_main
00000D08 0D 00 0A 00        		.dw 0x0d,0x0a
0000B716                    	.code
                            	LM77:
0000B716 41 92              		R1=1	// QImode move
0000B717 19 D3 EF 04        		[_gActivated]=R1	// QImode move
00000D0A                    	.debug
00000D0A 2E 00 73 00        		.dw '.stabn 0x44,0,201,',0,0
         74 00 61 00
         62 00 6E 00
         20 00 30 00
         78 00 34 00
         34 00 2C 00
         30 00 2C 00
         32 00 30 00
         31 00 2C 00
         00 00 00 00
00000D1E 05 01 00 00        		.dd LM78-_main
00000D20 0D 00 0A 00        		.dw 0x0d,0x0a
0000B719                    	.code
                            	LM78:
0000B719 05 93              		R1=BP	// QImode move
0000B71A 0D 05 01 00        		R2=BP+1
0000B71C 40 92              		R1=0	// QImode move
0000B71D 02 97              		R3=R2	// QImode move
0000B71E C3 D2              		[R3]=R1	// QImode move
                            	L57:
                            	L56:
00000D22                    	.debug
00000D22 2E 00 73 00        		.dw '.stabn 0x44,0,204,',0,0
         74 00 61 00
         62 00 6E 00
         20 00 30 00
         78 00 34 00
         34 00 2C 00
         30 00 2C 00
         32 00 30 00
         34 00 2C 00
         00 00 00 00
00000D36 0B 01 00 00        		.dd LM79-_main
00000D38 0D 00 0A 00        		.dw 0x0d,0x0a
0000B71F                    	.code
                            	LM79:
0000B71F 0F 9F 4A B7        		pc=L58	// jump
                            	L46:
00000D3A                    	.debug
00000D3A 2E 00 73 00        		.dw '.stabn 0x44,0,205,',0,0
         74 00 61 00
         62 00 6E 00
         20 00 30 00
         78 00 34 00
         34 00 2C 00
         30 00 2C 00
         32 00 30 00
         35 00 2C 00
         00 00 00 00
00000D4E 0D 01 00 00        		.dd LM80-_main
00000D50 0D 00 0A 00        		.dw 0x0d,0x0a
0000B721                    	.code
                            	LM80:
0000B721 11 93 EF 04        		R1=[_gActivated]	// QImode move
0000B723 40 42              		CMP R1,0	// QImode test
0000B724 02 4E              		JNZ L71	// QImode EQ
0000B725 0F 9F 4A B7        		PC=L58
                            	L71:
00000D52                    	.debug
00000D52 2E 00 73 00        		.dw '.stabn 0x44,0,207,',0,0
         74 00 61 00
         62 00 6E 00
         20 00 30 00
         78 00 34 00
         34 00 2C 00
         30 00 2C 00
         32 00 30 00
         37 00 2C 00
         00 00 00 00
00000D66 13 01 00 00        		.dd LM81-_main
00000D68 0D 00 0A 00        		.dw 0x0d,0x0a
0000B727                    	.code
                            	LM81:
0000B727 05 93              		R1=BP	// QImode move
0000B728 0D 05 01 00        		R2=BP+1
0000B72A 05 97              		R3=BP	// QImode move
0000B72B 0D 03 01 00        		R1=BP+1
0000B72D 05 95              		R2=BP	// QImode move
0000B72E 0D 07 01 00        		R3=BP+1
0000B730 03 95              		R2=R3	// QImode move
0000B731 C2 98              		R4=[R2]	// QImode move
0000B732 0C 05 01 00        		R2=R4+1
0000B734 02 97              		R3=R2	// QImode move
0000B735 01 99              		R4=R1	// QImode move
0000B736 C4 D6              		[R4]=R3	// QImode move
0000B737 0B 47 C2 01        		CMP R3,450	// QImode compare
0000B739 02 BE              		JG L72	// QImode LE
0000B73A 0F 9F 4A B7        		PC=L58
                            	L72:
00000D6A                    	.debug
00000D6A 2E 00 73 00        		.dw '.stabn 0x44,0,209,',0,0
         74 00 61 00
         62 00 6E 00
         20 00 30 00
         78 00 34 00
         34 00 2C 00
         30 00 2C 00
         32 00 30 00
         39 00 2C 00
         00 00 00 00
00000D7E 28 01 00 00        		.dd LM82-_main
00000D80 0D 00 0A 00        		.dw 0x0d,0x0a
0000B73C                    	.code
                            	LM82:
0000B73C 44 92              		R1=4	// QImode move
0000B73D C8 D2              		[SP--]=R1	// QImode move
0000B73E 40 F0 72 B5        		call _PlayRespond	// call without return value
0000B740 41 00              		SP=SP+1
00000D82                    	.debug
00000D82 2E 00 73 00        		.dw '.stabn 0x44,0,210,',0,0
         74 00 61 00
         62 00 6E 00
         20 00 30 00
         78 00 34 00
         34 00 2C 00
         30 00 2C 00
         32 00 31 00
         30 00 2C 00
         00 00 00 00
00000D96 2D 01 00 00        		.dd LM83-_main
00000D98 0D 00 0A 00        		.dw 0x0d,0x0a
0000B741                    	.code
                            	LM83:
0000B741 40 92              		R1=0	// QImode move
0000B742 19 D3 EF 04        		[_gActivated]=R1	// QImode move
00000D9A                    	.debug
00000D9A 2E 00 73 00        		.dw '.stabn 0x44,0,211,',0,0
         74 00 61 00
         62 00 6E 00
         20 00 30 00
         78 00 34 00
         34 00 2C 00
         30 00 2C 00
         32 00 31 00
         31 00 2C 00
         00 00 00 00
00000DAE 30 01 00 00        		.dd LM84-_main
00000DB0 0D 00 0A 00        		.dw 0x0d,0x0a
0000B744                    	.code
                            	LM84:
0000B744 05 93              		R1=BP	// QImode move
0000B745 0D 05 01 00        		R2=BP+1
0000B747 40 92              		R1=0	// QImode move
0000B748 02 97              		R3=R2	// QImode move
0000B749 C3 D2              		[R3]=R1	// QImode move
                            	L60:
                            	L59:
                            	L58:
00000DB2                    	.debug
00000DB2 2E 00 73 00        		.dw '.stabn 0x44,0,214,',0,0
         74 00 61 00
         62 00 6E 00
         20 00 30 00
         78 00 34 00
         34 00 2C 00
         30 00 2C 00
         32 00 31 00
         34 00 2C 00
         00 00 00 00
00000DC6 36 01 00 00        		.dd LM85-_main
00000DC8 0D 00 0A 00        		.dw 0x0d,0x0a
0000B74A                    	.code
                            	LM85:
0000B74A 0F 9F 8A B6        		pc=L42	// jump
                            	L43:
00000DCA                    	.debug
00000DCA 2E 00 73 00        		.dw '.stabn 0x44,0,215,',0,0
         74 00 61 00
         62 00 6E 00
         20 00 30 00
         78 00 34 00
         34 00 2C 00
         30 00 2C 00
         32 00 31 00
         35 00 2C 00
         00 00 00 00
00000DDE 38 01 00 00        		.dd LM86-_main
00000DE0 0D 00 0A 00        		.dw 0x0d,0x0a
0000B74C                    	.code
                            	LM86:
                            	LBE5:
00000DE2                    	.debug
00000DE2 2E 00 73 00        		.dw '.stabn 0x44,0,215,',0,0
         74 00 61 00
         62 00 6E 00
         20 00 30 00
         78 00 34 00
         34 00 2C 00
         30 00 2C 00
         32 00 31 00
         35 00 2C 00
         00 00 00 00
00000DF6 38 01 00 00        		.dd LM87-_main
00000DF8 0D 00 0A 00        		.dw 0x0d,0x0a
0000B74C                    	.code
                            	LM87:
                            	L26:
                            	
0000B74C 44 00              		sp+=4
0000B74D 88 98              		pop bp from [sp]
0000B74E 90 9A              		retf
                            		.endp	// end of main
                            	
00000DFA                    	.debug
00000DFA 2E 00 73 00        		.dw '.stabn 0xc0,0,0,',0,0
         74 00 61 00
         62 00 6E 00
         20 00 30 00
         78 00 63 00
         30 00 2C 00
         30 00 2C 00
         30 00 2C 00
         00 00 00 00
00000E0C 07 00 00 00        		.dd LBB5-_main
00000E0E 0D 00 0A 00        		.dw 0x0d,0x0a
0000B74F                    	.code
00000E10                    	.debug
00000E10 2E 00 73 00        		.dw '.stabs "res:1",128,0,0,0',0x0d,0x0a
         74 00 61 00
         62 00 73 00
         20 00 22 00
         72 00 65 00
         73 00 3A 00
         31 00 22 00
         2C 00 31 00
         32 00 38 00
         2C 00 30 00
         2C 00 30 00
         2C 00 30 00
         0D 00 0A 00
0000B74F                    	.CODE
00000E2A                    	.debug
00000E2A 2E 00 73 00        		.dw '.stabs "timeCnt:1",128,0,0,1',0x0d,0x0a
         74 00 61 00
         62 00 73 00
         20 00 22 00
         74 00 69 00
         6D 00 65 00
         43 00 6E 00
         74 00 3A 00
         31 00 22 00
         2C 00 31 00
         32 00 38 00
         2C 00 30 00
         2C 00 30 00
         2C 00 31 00
         0D 00 0A 00
0000B74F                    	.CODE
00000E48                    	.debug
00000E48 2E 00 73 00        		.dw '.stabs "random_no:1",128,0,0,2',0x0d,0x0a
         74 00 61 00
         62 00 73 00
         20 00 22 00
         72 00 61 00
         6E 00 64 00
         6F 00 6D 00
         5F 00 6E 00
         6F 00 3A 00
         31 00 22 00
         2C 00 31 00
         32 00 38 00
         2C 00 30 00
         2C 00 30 00
         2C 00 32 00
         0D 00 0A 00
0000B74F                    	.CODE
00000E68                    	.debug
00000E68 2E 00 73 00        		.dw '.stabn 0xc0,0,0,',0,0
         74 00 61 00
         62 00 6E 00
         20 00 30 00
         78 00 63 00
         30 00 2C 00
         30 00 2C 00
         30 00 2C 00
         00 00 00 00
00000E7A BA 00 00 00        		.dd LBB6-_main
00000E7C 0D 00 0A 00        		.dw 0x0d,0x0a
0000B74F                    	.code
00000E7E                    	.debug
00000E7E 2E 00 73 00        		.dw '.stabn 0xe0,0,0,',0,0
         74 00 61 00
         62 00 6E 00
         20 00 30 00
         78 00 65 00
         30 00 2C 00
         30 00 2C 00
         30 00 2C 00
         00 00 00 00
00000E90 EC 00 00 00        		.dd LBE6-_main
00000E92 0D 00 0A 00        		.dw 0x0d,0x0a
0000B74F                    	.code
00000E94                    	.debug
00000E94 2E 00 73 00        		.dw '.stabn 0xe0,0,0,',0,0
         74 00 61 00
         62 00 6E 00
         20 00 30 00
         78 00 65 00
         30 00 2C 00
         30 00 2C 00
         30 00 2C 00
         00 00 00 00
00000EA6 38 01 00 00        		.dd LBE5-_main
00000EA8 0D 00 0A 00        		.dw 0x0d,0x0a
0000B74F                    	.code
00000EAA                    	.debug
00000EAA 2E 00 73 00        		.dw '.stabf ',0,0
         74 00 61 00
         62 00 66 00
         20 00 00 00
         00 00      
00000EB3 3B 01 00 00        		.dd LME3-_main
00000EB5 0D 00 0A 00        		.dw 0x0d,0x0a
0000B74F                    	.code
                            	LME3:
                            	.external _LED_GRE_OFF
                            	.external _LED_GRE_ON
                            	.external _LED_RED_OFF
                            	.external _LED_RED_ON
                            	.external _BSR_GetResult
                            	.external _BSR_DeleteSDGroup
                            	.external _InitIO
                            	.external _BSR_Train
                            	.external _BSR_EnableCPUIndicator
                            	.external _BSR_InitRecognizer
                            	.external _SACM_S480_Stop
                            	.external _ClearWatchDog
                            	.external _SACM_S480_ServiceLoop
                            	.external _SACM_S480_Status
                            	.external _SACM_S480_Play
                            	.external _SACM_S480_Initial
                            	.external _BSR_StopRecognizer
                            		.end
0 error(s), 0 warning(s).

