C51 COMPILER V7.06   MAIN                                                                  03/16/2011 16:19:59 PAGE 1   


C51 COMPILER V7.06, COMPILATION OF MODULE MAIN
OBJECT MODULE PLACED IN Main.OBJ
COMPILER INVOKED BY: C:\Keil\C51\BIN\C51.EXE Main.c BROWSE DEBUG OBJECTEXTEND

stmt level    source

   1          /*
   2           ----------------------------------------------------
   3           *作    者：温子祺
   4           ----------------------------------------------------
   5           */
   6          #include "stc.h"
   7          #include <intrins.h>
   8          /***************************************************
   9           *          大量宏定义，便于代码移植和阅读
  10           ***************************************************/
  11          #define NOP()              _nop_() 
  12          #define HIGH               1
  13          #define LOW                0
  14          #define LS164_DATA(x)      {if((x))P0_4=1;else P0_4=0;}         
  15          #define LS164_CLK(x)       {if((x))P0_5=1;else P0_5=0;} 
  16          #define LCD12864_RS(x)      {if((x))P0_0=1;else P0_0=0;}//RS引脚控制
  17          #define LCD12864_RW(x)      {if((x))P0_1=1;else P0_1=0;}//R/W引脚控制
  18          #define LCD12864_EN(x)      {if((x))P0_2=1;else P0_2=0;}//E引脚控制
  19          #define LCD12864_MD(x)      {if((x))P0_3=1;else P0_3=0;}//PSB引脚控制
  20          #define LCD12864_PORT        LS164Send//发送数据
  21          
  22          /********************************************
  23          *函数名称:DelayNus
  24          *输    入:t 延时时间
  25          *输    出:无
  26          *说    明:微秒级延时
  27          ********************************************/
  28          void DelayNus(unsigned int t)
  29          {
  30   1              unsigned int d=0;
  31   1      
  32   1              d=t;
  33   1      
  34   1              do
  35   1              {
  36   2                      NOP();
  37   2              }while(--d >0); 
  38   1      }
  39          /********************************************
  40          *函数名称:LS164Send
  41          *输    入:byte 要发送的字节
  42          *输    出:无
  43          *说    明:74LS164发送数据
  44          ********************************************/
  45          void LS164Send(unsigned char byte)
  46          {
  47   1         unsigned char j;
  48   1      
  49   1         for(j=0;j<=7;j++)
  50   1         {
  51   2           if(byte&(1<<(7-j)))
  52   2           {
  53   3                  LS164_DATA(HIGH);
  54   3               }
  55   2               else
C51 COMPILER V7.06   MAIN                                                                  03/16/2011 16:19:59 PAGE 2   

  56   2               {
  57   3                  LS164_DATA(LOW);
  58   3               }
  59   2      
  60   2            LS164_CLK(LOW); 
  61   2            LS164_CLK(HIGH);
  62   2             
  63   2         }
  64   1      }
  65          /********************************************
  66          *函数名称:LCD12864WriteByte
  67          *输    入:byte 要写入的字节
  68          *输    出:无
  69          *说    明:LCD12864 写字节
  70          ********************************************/
  71          void LCD12864WriteByte(unsigned char byte)
  72          {
  73   1           LCD12864_PORT(byte);
  74   1           LCD12864_RS(HIGH);
  75   1           LCD12864_RW(LOW);
  76   1           LCD12864_EN(LOW);
  77   1           DelayNus(5);
  78   1           LCD12864_EN(HIGH); 
  79   1      }
  80          /********************************************
  81          *函数名称:LCD12864WriteCommand
  82          *输    入:command 要写入的命令
  83          *输    出:无
  84          *说    明:LCD12864 写命令
  85          ********************************************/
  86          void LCD12864WriteCommand(unsigned char command)
  87          {
  88   1           LCD12864_PORT(command);
  89   1           LCD12864_RS(LOW);
  90   1           LCD12864_RW(LOW);
  91   1           LCD12864_EN(LOW);
  92   1           DelayNus(5);
  93   1           LCD12864_EN(HIGH); 
  94   1      
  95   1      }
  96          /********************************************
  97          *函数名称:LCD12864SetXY
  98          *输    入:x 横坐标 y 纵坐标
  99          *输    出:无
 100          *说    明:LCD12864 设置坐标
 101          ********************************************/
 102          void LCD12864SetXY(unsigned char x,unsigned char y)
 103          {
 104   1               switch(y)
 105   1           {
 106   2                      case 1:
 107   2              {
 108   3                   LCD12864WriteCommand(0x80|x);
 109   3              }
 110   2              break;
 111   2      
 112   2                      case 2:
 113   2              {
 114   3                   LCD12864WriteCommand(0x90|x);
 115   3              }
 116   2              break;
 117   2      
C51 COMPILER V7.06   MAIN                                                                  03/16/2011 16:19:59 PAGE 3   

 118   2                      case 3:
 119   2              {
 120   3                   LCD12864WriteCommand(0x88|x);
 121   3              }
 122   2              break;
 123   2      
 124   2                      case 4:
 125   2              {
 126   3                   LCD12864WriteCommand(0x98|x);
 127   3              }
 128   2              break;
 129   2      
 130   2                      default:break;
 131   2      
 132   2           }
 133   1      }
 134          /********************************************
 135          *函数名称:LCD12864PrintfString
 136          *输    入:x 横坐标 y 纵坐标 s字符串
 137          *输    出:无
 138          *说    明:LCD12864 打印字符串
 139          ********************************************/
 140          void LCD12864PrintfString(unsigned char x,
 141                                    unsigned char y,
 142                                    unsigned char *s)
 143          {
 144   1              LCD12864SetXY(x,y);
 145   1               
 146   1           while(s && *s)
 147   1           {
 148   2              LCD12864WriteByte(*s);
 149   2              s++;
 150   2              
 151   2           }
 152   1      }
 153          /********************************************
 154          *函数名称:LCD12864ClearScreen
 155          *输    入:无
 156          *输    出:无
 157          *说    明:LCD12864 清屏
 158          ********************************************/ 
 159          void LCD12864ClearScreen(void)
 160          {
 161   1               LCD12864WriteCommand(0x01);
 162   1           DelayNus(20);
 163   1      }
 164          /********************************************
 165          *函数名称:LCD12864Init
 166          *输    入:无
 167          *输    出:无
 168          *说    明:LCD12864 初始化
 169          ********************************************/
 170          void LCD12864Init(void)
 171          {
 172   1           LCD12864_MD(HIGH);
 173   1           LCD12864WriteCommand(0x30);//功能设置，一次送8位数据，基本指令集
 174   1           LCD12864WriteCommand(0x0C);//整体显示，游标off，游标位置off
 175   1           LCD12864WriteCommand(0x01);//清DDRAM    
 176   1           LCD12864WriteCommand(0x02);//DDRAM地址归位
 177   1           LCD12864WriteCommand(0x80);//设定DDRAM 7位地址000，0000到地址计数器AC
 178   1           LCD12864ClearScreen();
 179   1      }
C51 COMPILER V7.06   MAIN                                                                  03/16/2011 16:19:59 PAGE 4   

 180          /********************************************
 181          *函数名称:PortInit
 182          *输    入:无
 183          *输    出:无
 184          *说    明:I/O初始化
 185          ********************************************/
 186          void PortInit(void)
 187          {
 188   1               P0=P1=P2=P3=0xFF;
 189   1      }
 190          /********************************************
 191          *函数名称:main
 192          *输    入:无
 193          *输    出:无
 194          *说    明:函数主体
 195          ********************************************/
 196          void main(void)
 197          {
 198   1          unsigned char i=0;
 199   1      
 200   1          PortInit();    
 201   1          LCD12864Init();//初始化
 202   1          LCD12864PrintfString(0,1,"1234567890ABCDEF");//第一行打印
 203   1          LCD12864PrintfString(0,2,"----------------");//第二行打印
 204   1          LCD12864PrintfString(0,3,"学好电子成就自己");//第三行打印
 205   1          LCD12864PrintfString(0,4,"----------------");//第四行打印
 206   1      
 207   1              while(1)
 208   1          {
 209   2      
 210   2              
 211   2                      ;
 212   2      
 213   2          }
 214   1      
 215   1      }
 216          


MODULE INFORMATION:   STATIC OVERLAYABLE
   CODE SIZE        =    301    ----
   CONSTANT SIZE    =     51    ----
   XDATA SIZE       =   ----    ----
   PDATA SIZE       =   ----    ----
   DATA SIZE        =   ----       4
   IDATA SIZE       =   ----    ----
   BIT SIZE         =   ----    ----
END OF MODULE INFORMATION.


C51 COMPILATION COMPLETE.  0 WARNING(S),  0 ERROR(S)
