Sunplus u'nSP Assembler - Ver. 1.8.0
              Listing File Has Been Relocated
                            	// GCC for SUNPLUS u'nSP version 1.0.10
                            	// Command: E:\PROGRA~1\Sunplus\UNSPID~3\IDE180\cc1.exe C:\DOCUME~1\˔Ȼ˚.DOMAIN\LOCALS~1\Temp\ccItaaaa.i -fkeep-inline-functions -quiet -dumpbase main.c -gstabs -o .\Debug/main.asm
                            	// gcc2_compiled.:
                            	
0000933A                    	.code
                            	Ltext0:
00000000                    	.debug
00000000 2E 00 73 00        		.dw '.stabs "int:t1=r1;-32768;32767;",128,0,0,0',0x0d,0x0a
         74 00 61 00
         62 00 73 00
         20 00 22 00
         69 00 6E 00
         74 00 3A 00
         74 00 31 00
         3D 00 72 00
         31 00 3B 00
         2D 00 33 00
         32 00 37 00
         36 00 38 00
         3B 00 33 00
         32 00 37 00
         36 00 37 00
         3B 00 22 00
         2C 00 31 00
         32 00 38 00
         2C 00 30 00
         2C 00 30 00
         2C 00 30 00
         0D 00 0A 00
0000933A                    	.CODE
0000002C                    	.debug
0000002C 2E 00 73 00        		.dw '.stabs "char:t2=r2;0;127;",128,0,0,0',0x0d,0x0a
         74 00 61 00
         62 00 73 00
         20 00 22 00
         63 00 68 00
         61 00 72 00
         3A 00 74 00
         32 00 3D 00
         72 00 32 00
         3B 00 30 00
         3B 00 31 00
         32 00 37 00
         3B 00 22 00
         2C 00 31 00
         32 00 38 00
         2C 00 30 00
         2C 00 30 00
         2C 00 30 00
         0D 00 0A 00
0000933A                    	.CODE
00000052                    	.debug
00000052 2E 00 73 00        		.dw '.stabs "long int:t3=r3;-2147483648;2147483647;",128,0,0,0',0x0d,0x0a
         74 00 61 00
         62 00 73 00
         20 00 22 00
         6C 00 6F 00
         6E 00 67 00
         20 00 69 00
         6E 00 74 00
         3A 00 74 00
         33 00 3D 00
         72 00 33 00
         3B 00 2D 00
         32 00 31 00
         34 00 37 00
         34 00 38 00
         33 00 36 00
         34 00 38 00
         3B 00 32 00
         31 00 34 00
         37 00 34 00
         38 00 33 00
         36 00 34 00
         37 00 3B 00
         22 00 2C 00
         31 00 32 00
         38 00 2C 00
         30 00 2C 00
         30 00 2C 00
         30 00 0D 00
         0A 00      
0000933A                    	.CODE
0000008D                    	.debug
0000008D 2E 00 73 00        		.dw '.stabs "unsigned int:t4=r4;0;65535;",128,0,0,0',0x0d,0x0a
         74 00 61 00
         62 00 73 00
         20 00 22 00
         75 00 6E 00
         73 00 69 00
         67 00 6E 00
         65 00 64 00
         20 00 69 00
         6E 00 74 00
         3A 00 74 00
         34 00 3D 00
         72 00 34 00
         3B 00 30 00
         3B 00 36 00
         35 00 35 00
         33 00 35 00
         3B 00 22 00
         2C 00 31 00
         32 00 38 00
         2C 00 30 00
         2C 00 30 00
         2C 00 30 00
         0D 00 0A 00
0000933A                    	.CODE
000000BD                    	.debug
000000BD 2E 00 73 00        		.dw '.stabs "long unsigned int:t5=r5;0;4294967295;",128,0,0,0',0x0d,0x0a
         74 00 61 00
         62 00 73 00
         20 00 22 00
         6C 00 6F 00
         6E 00 67 00
         20 00 75 00
         6E 00 73 00
         69 00 67 00
         6E 00 65 00
         64 00 20 00
         69 00 6E 00
         74 00 3A 00
         74 00 35 00
         3D 00 72 00
         35 00 3B 00
         30 00 3B 00
         34 00 32 00
         39 00 34 00
         39 00 36 00
         37 00 32 00
         39 00 35 00
         3B 00 22 00
         2C 00 31 00
         32 00 38 00
         2C 00 30 00
         2C 00 30 00
         2C 00 30 00
         0D 00 0A 00
0000933A                    	.CODE
000000F7                    	.debug
000000F7 2E 00 73 00        		.dw '.stabs "long long int:t6=r6;-2147483648;2147483647;",128,0,0,0',0x0d,0x0a
         74 00 61 00
         62 00 73 00
         20 00 22 00
         6C 00 6F 00
         6E 00 67 00
         20 00 6C 00
         6F 00 6E 00
         67 00 20 00
         69 00 6E 00
         74 00 3A 00
         74 00 36 00
         3D 00 72 00
         36 00 3B 00
         2D 00 32 00
         31 00 34 00
         37 00 34 00
         38 00 33 00
         36 00 34 00
         38 00 3B 00
         32 00 31 00
         34 00 37 00
         34 00 38 00
         33 00 36 00
         34 00 37 00
         3B 00 22 00
         2C 00 31 00
         32 00 38 00
         2C 00 30 00
         2C 00 30 00
         2C 00 30 00
         0D 00 0A 00
0000933A                    	.CODE
00000137                    	.debug
00000137 2E 00 73 00        		.dw '.stabs "long long unsigned int:t7=r7;0;4294967295;",128,0,0,0',0x0d,0x0a
         74 00 61 00
         62 00 73 00
         20 00 22 00
         6C 00 6F 00
         6E 00 67 00
         20 00 6C 00
         6F 00 6E 00
         67 00 20 00
         75 00 6E 00
         73 00 69 00
         67 00 6E 00
         65 00 64 00
         20 00 69 00
         6E 00 74 00
         3A 00 74 00
         37 00 3D 00
         72 00 37 00
         3B 00 30 00
         3B 00 34 00
         32 00 39 00
         34 00 39 00
         36 00 37 00
         32 00 39 00
         35 00 3B 00
         22 00 2C 00
         31 00 32 00
         38 00 2C 00
         30 00 2C 00
         30 00 2C 00
         30 00 0D 00
         0A 00      
0000933A                    	.CODE
00000176                    	.debug
00000176 2E 00 73 00        		.dw '.stabs "short int:t8=r8;-32768;32767;",128,0,0,0',0x0d,0x0a
         74 00 61 00
         62 00 73 00
         20 00 22 00
         73 00 68 00
         6F 00 72 00
         74 00 20 00
         69 00 6E 00
         74 00 3A 00
         74 00 38 00
         3D 00 72 00
         38 00 3B 00
         2D 00 33 00
         32 00 37 00
         36 00 38 00
         3B 00 33 00
         32 00 37 00
         36 00 37 00
         3B 00 22 00
         2C 00 31 00
         32 00 38 00
         2C 00 30 00
         2C 00 30 00
         2C 00 30 00
         0D 00 0A 00
0000933A                    	.CODE
000001A8                    	.debug
000001A8 2E 00 73 00        		.dw '.stabs "short unsigned int:t9=r9;0;65535;",128,0,0,0',0x0d,0x0a
         74 00 61 00
         62 00 73 00
         20 00 22 00
         73 00 68 00
         6F 00 72 00
         74 00 20 00
         75 00 6E 00
         73 00 69 00
         67 00 6E 00
         65 00 64 00
         20 00 69 00
         6E 00 74 00
         3A 00 74 00
         39 00 3D 00
         72 00 39 00
         3B 00 30 00
         3B 00 36 00
         35 00 35 00
         33 00 35 00
         3B 00 22 00
         2C 00 31 00
         32 00 38 00
         2C 00 30 00
         2C 00 30 00
         2C 00 30 00
         0D 00 0A 00
0000933A                    	.CODE
000001DE                    	.debug
000001DE 2E 00 73 00        		.dw '.stabs "signed char:t10=r10;-32768;32767;",128,0,0,0',0x0d,0x0a
         74 00 61 00
         62 00 73 00
         20 00 22 00
         73 00 69 00
         67 00 6E 00
         65 00 64 00
         20 00 63 00
         68 00 61 00
         72 00 3A 00
         74 00 31 00
         30 00 3D 00
         72 00 31 00
         30 00 3B 00
         2D 00 33 00
         32 00 37 00
         36 00 38 00
         3B 00 33 00
         32 00 37 00
         36 00 37 00
         3B 00 22 00
         2C 00 31 00
         32 00 38 00
         2C 00 30 00
         2C 00 30 00
         2C 00 30 00
         0D 00 0A 00
0000933A                    	.CODE
00000214                    	.debug
00000214 2E 00 73 00        		.dw '.stabs "unsigned char:t11=r11;0;65535;",128,0,0,0',0x0d,0x0a
         74 00 61 00
         62 00 73 00
         20 00 22 00
         75 00 6E 00
         73 00 69 00
         67 00 6E 00
         65 00 64 00
         20 00 63 00
         68 00 61 00
         72 00 3A 00
         74 00 31 00
         31 00 3D 00
         72 00 31 00
         31 00 3B 00
         30 00 3B 00
         36 00 35 00
         35 00 33 00
         35 00 3B 00
         22 00 2C 00
         31 00 32 00
         38 00 2C 00
         30 00 2C 00
         30 00 2C 00
         30 00 0D 00
         0A 00      
0000933A                    	.CODE
00000247                    	.debug
00000247 2E 00 73 00        		.dw '.stabs "float:t12=r1;2;0;",128,0,0,0',0x0d,0x0a
         74 00 61 00
         62 00 73 00
         20 00 22 00
         66 00 6C 00
         6F 00 61 00
         74 00 3A 00
         74 00 31 00
         32 00 3D 00
         72 00 31 00
         3B 00 32 00
         3B 00 30 00
         3B 00 22 00
         2C 00 31 00
         32 00 38 00
         2C 00 30 00
         2C 00 30 00
         2C 00 30 00
         0D 00 0A 00
0000933A                    	.CODE
0000026D                    	.debug
0000026D 2E 00 73 00        		.dw '.stabs "double:t13=r1;2;0;",128,0,0,0',0x0d,0x0a
         74 00 61 00
         62 00 73 00
         20 00 22 00
         64 00 6F 00
         75 00 62 00
         6C 00 65 00
         3A 00 74 00
         31 00 33 00
         3D 00 72 00
         31 00 3B 00
         32 00 3B 00
         30 00 3B 00
         22 00 2C 00
         31 00 32 00
         38 00 2C 00
         30 00 2C 00
         30 00 2C 00
         30 00 0D 00
         0A 00      
0000933A                    	.CODE
00000294                    	.debug
00000294 2E 00 73 00        		.dw '.stabs "long double:t14=r1;2;0;",128,0,0,0',0x0d,0x0a
         74 00 61 00
         62 00 73 00
         20 00 22 00
         6C 00 6F 00
         6E 00 67 00
         20 00 64 00
         6F 00 75 00
         62 00 6C 00
         65 00 3A 00
         74 00 31 00
         34 00 3D 00
         72 00 31 00
         3B 00 32 00
         3B 00 30 00
         3B 00 22 00
         2C 00 31 00
         32 00 38 00
         2C 00 30 00
         2C 00 30 00
         2C 00 30 00
         0D 00 0A 00
0000933A                    	.CODE
000002C0                    	.debug
000002C0 2E 00 73 00        		.dw '.stabs "complex int:t15=s2real:1,0,16;imag:1,16,16;;",128,0,0,0',0x0d,0x0a
         74 00 61 00
         62 00 73 00
         20 00 22 00
         63 00 6F 00
         6D 00 70 00
         6C 00 65 00
         78 00 20 00
         69 00 6E 00
         74 00 3A 00
         74 00 31 00
         35 00 3D 00
         73 00 32 00
         72 00 65 00
         61 00 6C 00
         3A 00 31 00
         2C 00 30 00
         2C 00 31 00
         36 00 3B 00
         69 00 6D 00
         61 00 67 00
         3A 00 31 00
         2C 00 31 00
         36 00 2C 00
         31 00 36 00
         3B 00 3B 00
         22 00 2C 00
         31 00 32 00
         38 00 2C 00
         30 00 2C 00
         30 00 2C 00
         30 00 0D 00
         0A 00      
0000933A                    	.CODE
00000301                    	.debug
00000301 2E 00 73 00        		.dw '.stabs "complex float:t16=r16;2;0;",128,0,0,0',0x0d,0x0a
         74 00 61 00
         62 00 73 00
         20 00 22 00
         63 00 6F 00
         6D 00 70 00
         6C 00 65 00
         78 00 20 00
         66 00 6C 00
         6F 00 61 00
         74 00 3A 00
         74 00 31 00
         36 00 3D 00
         72 00 31 00
         36 00 3B 00
         32 00 3B 00
         30 00 3B 00
         22 00 2C 00
         31 00 32 00
         38 00 2C 00
         30 00 2C 00
         30 00 2C 00
         30 00 0D 00
         0A 00      
0000933A                    	.CODE
00000330                    	.debug
00000330 2E 00 73 00        		.dw '.stabs "complex double:t17=r17;2;0;",128,0,0,0',0x0d,0x0a
         74 00 61 00
         62 00 73 00
         20 00 22 00
         63 00 6F 00
         6D 00 70 00
         6C 00 65 00
         78 00 20 00
         64 00 6F 00
         75 00 62 00
         6C 00 65 00
         3A 00 74 00
         31 00 37 00
         3D 00 72 00
         31 00 37 00
         3B 00 32 00
         3B 00 30 00
         3B 00 22 00
         2C 00 31 00
         32 00 38 00
         2C 00 30 00
         2C 00 30 00
         2C 00 30 00
         0D 00 0A 00
0000933A                    	.CODE
00000360                    	.debug
00000360 2E 00 73 00        		.dw '.stabs "complex long double:t18=r18;2;0;",128,0,0,0',0x0d,0x0a
         74 00 61 00
         62 00 73 00
         20 00 22 00
         63 00 6F 00
         6D 00 70 00
         6C 00 65 00
         78 00 20 00
         6C 00 6F 00
         6E 00 67 00
         20 00 64 00
         6F 00 75 00
         62 00 6C 00
         65 00 3A 00
         74 00 31 00
         38 00 3D 00
         72 00 31 00
         38 00 3B 00
         32 00 3B 00
         30 00 3B 00
         22 00 2C 00
         31 00 32 00
         38 00 2C 00
         30 00 2C 00
         30 00 2C 00
         30 00 0D 00
         0A 00      
0000933A                    	.CODE
00000395                    	.debug
00000395 2E 00 73 00        		.dw '.stabs "void:t19=19",128,0,0,0',0x0d,0x0a
         74 00 61 00
         62 00 73 00
         20 00 22 00
         76 00 6F 00
         69 00 64 00
         3A 00 74 00
         31 00 39 00
         3D 00 31 00
         39 00 22 00
         2C 00 31 00
         32 00 38 00
         2C 00 30 00
         2C 00 30 00
         2C 00 30 00
         0D 00 0A 00
0000933A                    	.CODE
000003B5                    	.debug
000003B5 2E 00 73 00        		.dw '.stabs "Key:G1",32,0,0,',0,0,offset _Key,seg _Key,0x0d,0x0a
         74 00 61 00
         62 00 73 00
         20 00 22 00
         4B 00 65 00
         79 00 3A 00
         47 00 31 00
         22 00 2C 00
         33 00 32 00
         2C 00 30 00
         2C 00 30 00
         2C 00 00 00
         00 00 00 00
         00 00 0D 00
         0A 00      
0000933A                    	.CODE
                            	.public _Key
000000BF                    	.iram
                            	_Key:
000000BF 00 00              		.dw 0
000003D2                    	.debug
000003D2 2E 00 73 00        		.dw '.stabs "SongIndex:G1",32,0,0,',0,0,offset _SongIndex,seg _SongIndex,0x0d,0x0a
         74 00 61 00
         62 00 73 00
         20 00 22 00
         53 00 6F 00
         6E 00 67 00
         49 00 6E 00
         64 00 65 00
         78 00 3A 00
         47 00 31 00
         22 00 2C 00
         33 00 32 00
         2C 00 30 00
         2C 00 30 00
         2C 00 00 00
         00 00 01 00
         00 00 0D 00
         0A 00      
0000933A                    	.CODE
                            	.public _SongIndex
000000C0                    	.iram
                            	_SongIndex:
000000C0 00 00              		.dw 0
000003F5                    	.debug
000003F5 2E 00 73 00        		.dw '.stabs "VolumeIndex:G1",32,0,0,',0,0,offset _VolumeIndex,seg _VolumeIndex,0x0d,0x0a
         74 00 61 00
         62 00 73 00
         20 00 22 00
         56 00 6F 00
         6C 00 75 00
         6D 00 65 00
         49 00 6E 00
         64 00 65 00
         78 00 3A 00
         47 00 31 00
         22 00 2C 00
         33 00 32 00
         2C 00 30 00
         2C 00 30 00
         2C 00 00 00
         00 00 02 00
         00 00 0D 00
         0A 00      
0000933A                    	.CODE
                            	.public _VolumeIndex
000000C1                    	.iram
                            	_VolumeIndex:
000000C1 08 00              		.dw 8
0000933A                    	.code
0000041A                    	.debug
0000041A 2E 00 73 00        		.dw '.stabs "main:F1",36,0,0,',0,0,offset _main,seg _main,0x0d,0x0a
         74 00 61 00
         62 00 73 00
         20 00 22 00
         6D 00 61 00
         69 00 6E 00
         3A 00 46 00
         31 00 22 00
         2C 00 33 00
         36 00 2C 00
         30 00 2C 00
         30 00 2C 00
         00 00 00 00
         00 00 00 00
         0D 00 0A 00
0000933A                    	.CODE
                            	.public _main
                            	_main:	.proc
00000438                    	.debug
00000438 2E 00 73 00        		.dw '.stabn 0x44,0,15,',0,0
         74 00 61 00
         62 00 6E 00
         20 00 30 00
         78 00 34 00
         34 00 2C 00
         30 00 2C 00
         31 00 35 00
         2C 00 00 00
         00 00      
0000044B 00 00 00 00        		.dd LM1-_main
0000044D 0D 00 0A 00        		.dw 0x0d,0x0a
0000933A                    	.code
                            	LM1:
                            		// total=1, vars=1
                            		// frame_pointer_needed: 1
0000933A 88 DA              		push bp to [sp]
0000933B 41 20              		sp-=1
0000933C 08 0B 01 00        		bp=sp+1
                            	
0000933E 0D 03 04 00        		R1=BP+4
00009340 C5 D2              		[BP]=R1	// QImode move
0000044F                    	.debug
0000044F 2E 00 73 00        		.dw '.stabn 0x44,0,16,',0,0
         74 00 61 00
         62 00 6E 00
         20 00 30 00
         78 00 34 00
         34 00 2C 00
         30 00 2C 00
         31 00 36 00
         2C 00 00 00
         00 00      
00000462 07 00 00 00        		.dd LM2-_main
00000464 0D 00 0A 00        		.dw 0x0d,0x0a
00009341                    	.code
                            	LM2:
                            	LBB2:
00009341 41 92              		R1=1	// QImode move
00009342 19 D3 B6 00        		[_Mode]=R1	// QImode move
00000466                    	.debug
00000466 2E 00 73 00        		.dw '.stabn 0x44,0,17,',0,0
         74 00 61 00
         62 00 6E 00
         20 00 30 00
         78 00 34 00
         34 00 2C 00
         30 00 2C 00
         31 00 37 00
         2C 00 00 00
         00 00      
00000479 0A 00 00 00        		.dd LM3-_main
0000047B 0D 00 0A 00        		.dw 0x0d,0x0a
00009344                    	.code
                            	LM3:
                            	L3:
00009344 11 93 B6 00        		R1=[_Mode]	// QImode move
00009346 41 42              		CMP R1,1	// QImode compare
00009347 02 4E              		JNZ L29	// QImode EQ
00009348 0F 9F 4C 93        		PC=L5
                            	L29:
0000934A 0F 9F 29 94        		pc=L4	// jump
                            	L5:
0000047D                    	.debug
0000047D 2E 00 73 00        		.dw '.stabn 0x44,0,19,',0,0
         74 00 61 00
         62 00 6E 00
         20 00 30 00
         78 00 34 00
         34 00 2C 00
         30 00 2C 00
         31 00 39 00
         2C 00 00 00
         00 00      
00000490 12 00 00 00        		.dd LM4-_main
00000492 0D 00 0A 00        		.dw 0x0d,0x0a
0000934C                    	.code
                            	LM4:
                            	LBB3:
0000934C 40 F0 4D 95        		call _System_Initial	// call with return value
00000494                    	.debug
00000494 2E 00 73 00        		.dw '.stabn 0x44,0,20,',0,0
         74 00 61 00
         62 00 6E 00
         20 00 30 00
         78 00 34 00
         34 00 2C 00
         30 00 2C 00
         32 00 30 00
         2C 00 00 00
         00 00      
000004A7 14 00 00 00        		.dd LM5-_main
000004A9 0D 00 0A 00        		.dw 0x0d,0x0a
0000934E                    	.code
                            	LM5:
0000934E 41 92              		R1=1	// QImode move
0000934F C8 D2              		[SP--]=R1	// QImode move
00009350 43 92              		R1=3	// QImode move
00009351 C8 D2              		[SP--]=R1	// QImode move
00009352 40 F0 9A 80        		call _SACM_MS01_Initial	// call with return value
00009354 42 00              		SP=SP+2
000004AB                    	.debug
000004AB 2E 00 73 00        		.dw '.stabn 0x44,0,21,',0,0
         74 00 61 00
         62 00 6E 00
         20 00 30 00
         78 00 34 00
         34 00 2C 00
         30 00 2C 00
         32 00 31 00
         2C 00 00 00
         00 00      
000004BE 1B 00 00 00        		.dd LM6-_main
000004C0 0D 00 0A 00        		.dw 0x0d,0x0a
00009355                    	.code
                            	LM6:
00009355 43 92              		R1=3	// QImode move
00009356 C8 D2              		[SP--]=R1	// QImode move
00009357 43 92              		R1=3	// QImode move
00009358 C8 D2              		[SP--]=R1	// QImode move
00009359 11 93 C0 00        		R1=[_SongIndex]	// QImode move
0000935B C8 D2              		[SP--]=R1	// QImode move
0000935C 40 F0 99 81        		call _SACM_MS01_Play	// call without return value
0000935E 43 00              		SP=SP+3
000004C2                    	.debug
000004C2 2E 00 73 00        		.dw '.stabn 0x44,0,23,',0,0
         74 00 61 00
         62 00 6E 00
         20 00 30 00
         78 00 34 00
         34 00 2C 00
         30 00 2C 00
         32 00 33 00
         2C 00 00 00
         00 00      
000004D5 25 00 00 00        		.dd LM7-_main
000004D7 0D 00 0A 00        		.dw 0x0d,0x0a
0000935F                    	.code
                            	LM7:
                            	L6:
0000935F 0F 9F 63 93        		pc=L8	// jump
00009361 0F 9F 27 94        		pc=L7	// jump
                            	L8:
000004D9                    	.debug
000004D9 2E 00 73 00        		.dw '.stabn 0x44,0,24,',0,0
         74 00 61 00
         62 00 6E 00
         20 00 30 00
         78 00 34 00
         34 00 2C 00
         30 00 2C 00
         32 00 34 00
         2C 00 00 00
         00 00      
000004EC 29 00 00 00        		.dd LM8-_main
000004EE 0D 00 0A 00        		.dw 0x0d,0x0a
00009363                    	.code
                            	LM8:
                            	LBB4:
00009363 40 F0 A7 94        		call _SP_GetCh	// call with return value
00009365 19 D3 BF 00        		[_Key]=R1	// QImode move
000004F0                    	.debug
000004F0 2E 00 73 00        		.dw '.stabn 0x44,0,25,',0,0
         74 00 61 00
         62 00 6E 00
         20 00 30 00
         78 00 34 00
         34 00 2C 00
         30 00 2C 00
         32 00 35 00
         2C 00 00 00
         00 00      
00000503 2D 00 00 00        		.dd LM9-_main
00000505 0D 00 0A 00        		.dw 0x0d,0x0a
00009367                    	.code
                            	LM9:
00009367 11 93 BF 00        		R1=[_Key]	// QImode move
00009369 48 42              		CMP R1,8	// QImode compare
0000936A 02 4E              		JNZ L30	// QImode EQ
0000936B 0F 9F B9 93        		PC=L14
                            	L30:
0000936D 48 42              		CMP R1,8	// QImode compare
0000936E 02 AE              		JNG L31	// QImode GT
0000936F 0F 9F 89 93        		PC=L26
                            	L31:
00009371 41 42              		CMP R1,1	// QImode compare
00009372 02 4E              		JNZ L32	// QImode EQ
00009373 0F 9F A5 93        		PC=L11
                            	L32:
00009375 41 42              		CMP R1,1	// QImode compare
00009376 02 AE              		JNG L33	// QImode GT
00009377 0F 9F 7F 93        		PC=L27
                            	L33:
00009379 40 42              		CMP R1,0	// QImode test
0000937A 02 4E              		JNZ L34	// QImode EQ
0000937B 0F 9F A3 93        		PC=L10
                            	L34:
0000937D 0F 9F 1F 94        		pc=L24	// jump
                            	L27:
0000937F 42 42              		CMP R1,2	// QImode compare
00009380 02 4E              		JNZ L35	// QImode EQ
00009381 0F 9F B1 93        		PC=L12
                            	L35:
00009383 44 42              		CMP R1,4	// QImode compare
00009384 02 4E              		JNZ L36	// QImode EQ
00009385 0F 9F B5 93        		PC=L13
                            	L36:
00009387 0F 9F 1F 94        		pc=L24	// jump
                            	L26:
00009389 60 42              		CMP R1,32	// QImode compare
0000938A 02 4E              		JNZ L37	// QImode EQ
0000938B 0F 9F D3 93        		PC=L17
                            	L37:
0000938D 60 42              		CMP R1,32	// QImode compare
0000938E 02 AE              		JNG L38	// QImode GT
0000938F 0F 9F 97 93        		PC=L28
                            	L38:
00009391 50 42              		CMP R1,16	// QImode compare
00009392 02 4E              		JNZ L39	// QImode EQ
00009393 0F 9F BD 93        		PC=L15
                            	L39:
00009395 0F 9F 1F 94        		pc=L24	// jump
                            	L28:
00009397 09 43 40 00        		CMP R1,64	// QImode compare
00009399 02 4E              		JNZ L40	// QImode EQ
0000939A 0F 9F EB 93        		PC=L20
                            	L40:
0000939C 09 43 80 00        		CMP R1,128	// QImode compare
0000939E 02 4E              		JNZ L41	// QImode EQ
0000939F 0F 9F 05 94        		PC=L22
                            	L41:
000093A1 0F 9F 1F 94        		pc=L24	// jump
                            	L10:
00000507                    	.debug
00000507 2E 00 73 00        		.dw '.stabn 0x44,0,27,',0,0
         74 00 61 00
         62 00 6E 00
         20 00 30 00
         78 00 34 00
         34 00 2C 00
         30 00 2C 00
         32 00 37 00
         2C 00 00 00
         00 00      
0000051A 69 00 00 00        		.dd LM10-_main
0000051C 0D 00 0A 00        		.dw 0x0d,0x0a
000093A3                    	.code
                            	LM10:
000093A3 0F 9F 21 94        		pc=L9	// jump
                            	L11:
0000051E                    	.debug
0000051E 2E 00 73 00        		.dw '.stabn 0x44,0,29,',0,0
         74 00 61 00
         62 00 6E 00
         20 00 30 00
         78 00 34 00
         34 00 2C 00
         30 00 2C 00
         32 00 39 00
         2C 00 00 00
         00 00      
00000531 6B 00 00 00        		.dd LM11-_main
00000533 0D 00 0A 00        		.dw 0x0d,0x0a
000093A5                    	.code
                            	LM11:
000093A5 43 92              		R1=3	// QImode move
000093A6 C8 D2              		[SP--]=R1	// QImode move
000093A7 43 92              		R1=3	// QImode move
000093A8 C8 D2              		[SP--]=R1	// QImode move
000093A9 11 93 C0 00        		R1=[_SongIndex]	// QImode move
000093AB C8 D2              		[SP--]=R1	// QImode move
000093AC 40 F0 99 81        		call _SACM_MS01_Play	// call without return value
000093AE 43 00              		SP=SP+3
00000535                    	.debug
00000535 2E 00 73 00        		.dw '.stabn 0x44,0,30,',0,0
         74 00 61 00
         62 00 6E 00
         20 00 30 00
         78 00 34 00
         34 00 2C 00
         30 00 2C 00
         33 00 30 00
         2C 00 00 00
         00 00      
00000548 75 00 00 00        		.dd LM12-_main
0000054A 0D 00 0A 00        		.dw 0x0d,0x0a
000093AF                    	.code
                            	LM12:
000093AF 0F 9F 21 94        		pc=L9	// jump
                            	L12:
0000054C                    	.debug
0000054C 2E 00 73 00        		.dw '.stabn 0x44,0,32,',0,0
         74 00 61 00
         62 00 6E 00
         20 00 30 00
         78 00 34 00
         34 00 2C 00
         30 00 2C 00
         33 00 32 00
         2C 00 00 00
         00 00      
0000055F 77 00 00 00        		.dd LM13-_main
00000561 0D 00 0A 00        		.dw 0x0d,0x0a
000093B1                    	.code
                            	LM13:
000093B1 40 F0 09 82        		call _SACM_MS01_Stop	// call without return value
00000563                    	.debug
00000563 2E 00 73 00        		.dw '.stabn 0x44,0,33,',0,0
         74 00 61 00
         62 00 6E 00
         20 00 30 00
         78 00 34 00
         34 00 2C 00
         30 00 2C 00
         33 00 33 00
         2C 00 00 00
         00 00      
00000576 79 00 00 00        		.dd LM14-_main
00000578 0D 00 0A 00        		.dw 0x0d,0x0a
000093B3                    	.code
                            	LM14:
000093B3 0F 9F 21 94        		pc=L9	// jump
                            	L13:
0000057A                    	.debug
0000057A 2E 00 73 00        		.dw '.stabn 0x44,0,35,',0,0
         74 00 61 00
         62 00 6E 00
         20 00 30 00
         78 00 34 00
         34 00 2C 00
         30 00 2C 00
         33 00 35 00
         2C 00 00 00
         00 00      
0000058D 7B 00 00 00        		.dd LM15-_main
0000058F 0D 00 0A 00        		.dw 0x0d,0x0a
000093B5                    	.code
                            	LM15:
000093B5 40 F0 29 82        		call _SACM_MS01_Pause	// call without return value
00000591                    	.debug
00000591 2E 00 73 00        		.dw '.stabn 0x44,0,36,',0,0
         74 00 61 00
         62 00 6E 00
         20 00 30 00
         78 00 34 00
         34 00 2C 00
         30 00 2C 00
         33 00 36 00
         2C 00 00 00
         00 00      
000005A4 7D 00 00 00        		.dd LM16-_main
000005A6 0D 00 0A 00        		.dw 0x0d,0x0a
000093B7                    	.code
                            	LM16:
000093B7 0F 9F 21 94        		pc=L9	// jump
                            	L14:
000005A8                    	.debug
000005A8 2E 00 73 00        		.dw '.stabn 0x44,0,38,',0,0
         74 00 61 00
         62 00 6E 00
         20 00 30 00
         78 00 34 00
         34 00 2C 00
         30 00 2C 00
         33 00 38 00
         2C 00 00 00
         00 00      
000005BB 7F 00 00 00        		.dd LM17-_main
000005BD 0D 00 0A 00        		.dw 0x0d,0x0a
000093B9                    	.code
                            	LM17:
000093B9 40 F0 32 82        		call _SACM_MS01_Resume	// call without return value
000005BF                    	.debug
000005BF 2E 00 73 00        		.dw '.stabn 0x44,0,39,',0,0
         74 00 61 00
         62 00 6E 00
         20 00 30 00
         78 00 34 00
         34 00 2C 00
         30 00 2C 00
         33 00 39 00
         2C 00 00 00
         00 00      
000005D2 81 00 00 00        		.dd LM18-_main
000005D4 0D 00 0A 00        		.dw 0x0d,0x0a
000093BB                    	.code
                            	LM18:
000093BB 0F 9F 21 94        		pc=L9	// jump
                            	L15:
000005D6                    	.debug
000005D6 2E 00 73 00        		.dw '.stabn 0x44,0,41,',0,0
         74 00 61 00
         62 00 6E 00
         20 00 30 00
         78 00 34 00
         34 00 2C 00
         30 00 2C 00
         34 00 31 00
         2C 00 00 00
         00 00      
000005E9 83 00 00 00        		.dd LM19-_main
000005EB 0D 00 0A 00        		.dw 0x0d,0x0a
000093BD                    	.code
                            	LM19:
000093BD 11 93 C1 00        		R1=[_VolumeIndex]	// QImode move
000093BF 41 94              		R2=1	// QImode move
000093C0 19 05 C1 00        		[_VolumeIndex]=R1+R2
000005ED                    	.debug
000005ED 2E 00 73 00        		.dw '.stabn 0x44,0,42,',0,0
         74 00 61 00
         62 00 6E 00
         20 00 30 00
         78 00 34 00
         34 00 2C 00
         30 00 2C 00
         34 00 32 00
         2C 00 00 00
         00 00      
00000600 88 00 00 00        		.dd LM20-_main
00000602 0D 00 0A 00        		.dw 0x0d,0x0a
000093C2                    	.code
                            	LM20:
000093C2 11 93 C1 00        		R1=[_VolumeIndex]	// QImode move
000093C4 4F 42              		CMP R1,15	// QImode compare
000093C5 02 BE              		JG L42	// QImode LE
000093C6 0F 9F CB 93        		PC=L16
                            	L42:
00000604                    	.debug
00000604 2E 00 73 00        		.dw '.stabn 0x44,0,43,',0,0
         74 00 61 00
         62 00 6E 00
         20 00 30 00
         78 00 34 00
         34 00 2C 00
         30 00 2C 00
         34 00 33 00
         2C 00 00 00
         00 00      
00000617 8E 00 00 00        		.dd LM21-_main
00000619 0D 00 0A 00        		.dw 0x0d,0x0a
000093C8                    	.code
                            	LM21:
000093C8 4F 92              		R1=15	// QImode move
000093C9 19 D3 C1 00        		[_VolumeIndex]=R1	// QImode move
                            	L16:
0000061B                    	.debug
0000061B 2E 00 73 00        		.dw '.stabn 0x44,0,44,',0,0
         74 00 61 00
         62 00 6E 00
         20 00 30 00
         78 00 34 00
         34 00 2C 00
         30 00 2C 00
         34 00 34 00
         2C 00 00 00
         00 00      
0000062E 91 00 00 00        		.dd LM22-_main
00000630 0D 00 0A 00        		.dw 0x0d,0x0a
000093CB                    	.code
                            	LM22:
000093CB 11 93 C1 00        		R1=[_VolumeIndex]	// QImode move
000093CD C8 D2              		[SP--]=R1	// QImode move
000093CE 40 F0 38 82        		call _SACM_MS01_Volume	// call without return value
000093D0 41 00              		SP=SP+1
00000632                    	.debug
00000632 2E 00 73 00        		.dw '.stabn 0x44,0,45,',0,0
         74 00 61 00
         62 00 6E 00
         20 00 30 00
         78 00 34 00
         34 00 2C 00
         30 00 2C 00
         34 00 35 00
         2C 00 00 00
         00 00      
00000645 97 00 00 00        		.dd LM23-_main
00000647 0D 00 0A 00        		.dw 0x0d,0x0a
000093D1                    	.code
                            	LM23:
000093D1 0F 9F 21 94        		pc=L9	// jump
                            	L17:
00000649                    	.debug
00000649 2E 00 73 00        		.dw '.stabn 0x44,0,47,',0,0
         74 00 61 00
         62 00 6E 00
         20 00 30 00
         78 00 34 00
         34 00 2C 00
         30 00 2C 00
         34 00 37 00
         2C 00 00 00
         00 00      
0000065C 99 00 00 00        		.dd LM24-_main
0000065E 0D 00 0A 00        		.dw 0x0d,0x0a
000093D3                    	.code
                            	LM24:
000093D3 11 93 C1 00        		R1=[_VolumeIndex]	// QImode move
000093D5 40 42              		CMP R1,0	// QImode test
000093D6 02 5E              		JZ L43	// QImode NE
000093D7 0F 9F DE 93        		PC=L18
                            	L43:
00000660                    	.debug
00000660 2E 00 73 00        		.dw '.stabn 0x44,0,48,',0,0
         74 00 61 00
         62 00 6E 00
         20 00 30 00
         78 00 34 00
         34 00 2C 00
         30 00 2C 00
         34 00 38 00
         2C 00 00 00
         00 00      
00000673 9F 00 00 00        		.dd LM25-_main
00000675 0D 00 0A 00        		.dw 0x0d,0x0a
000093D9                    	.code
                            	LM25:
000093D9 40 92              		R1=0	// QImode move
000093DA 19 D3 C1 00        		[_VolumeIndex]=R1	// QImode move
000093DC 0F 9F E3 93        		pc=L19	// jump
                            	L18:
00000677                    	.debug
00000677 2E 00 73 00        		.dw '.stabn 0x44,0,50,',0,0
         74 00 61 00
         62 00 6E 00
         20 00 30 00
         78 00 34 00
         34 00 2C 00
         30 00 2C 00
         35 00 30 00
         2C 00 00 00
         00 00      
0000068A A4 00 00 00        		.dd LM26-_main
0000068C 0D 00 0A 00        		.dw 0x0d,0x0a
000093DE                    	.code
                            	LM26:
000093DE 11 93 C1 00        		R1=[_VolumeIndex]	// QImode move
000093E0 41 64              		R2=(-1)	// QImode move
000093E1 19 05 C1 00        		[_VolumeIndex]=R1+R2
                            	L19:
0000068E                    	.debug
0000068E 2E 00 73 00        		.dw '.stabn 0x44,0,51,',0,0
         74 00 61 00
         62 00 6E 00
         20 00 30 00
         78 00 34 00
         34 00 2C 00
         30 00 2C 00
         35 00 31 00
         2C 00 00 00
         00 00      
000006A1 A9 00 00 00        		.dd LM27-_main
000006A3 0D 00 0A 00        		.dw 0x0d,0x0a
000093E3                    	.code
                            	LM27:
000093E3 11 93 C1 00        		R1=[_VolumeIndex]	// QImode move
000093E5 C8 D2              		[SP--]=R1	// QImode move
000093E6 40 F0 38 82        		call _SACM_MS01_Volume	// call without return value
000093E8 41 00              		SP=SP+1
000006A5                    	.debug
000006A5 2E 00 73 00        		.dw '.stabn 0x44,0,52,',0,0
         74 00 61 00
         62 00 6E 00
         20 00 30 00
         78 00 34 00
         34 00 2C 00
         30 00 2C 00
         35 00 32 00
         2C 00 00 00
         00 00      
000006B8 AF 00 00 00        		.dd LM28-_main
000006BA 0D 00 0A 00        		.dw 0x0d,0x0a
000093E9                    	.code
                            	LM28:
000093E9 0F 9F 21 94        		pc=L9	// jump
                            	L20:
000006BC                    	.debug
000006BC 2E 00 73 00        		.dw '.stabn 0x44,0,54,',0,0
         74 00 61 00
         62 00 6E 00
         20 00 30 00
         78 00 34 00
         34 00 2C 00
         30 00 2C 00
         35 00 34 00
         2C 00 00 00
         00 00      
000006CF B1 00 00 00        		.dd LM29-_main
000006D1 0D 00 0A 00        		.dw 0x0d,0x0a
000093EB                    	.code
                            	LM29:
000093EB 12 95 C0 00        		R2=[_SongIndex]	// QImode move
000093ED 0A 03 01 00        		R1=R2+1
000093EF 01 95              		R2=R1	// QImode move
000093F0 1A D5 C0 00        		[_SongIndex]=R2	// QImode move
000093F2 4C 44              		CMP R2,12	// QImode compare
000093F3 02 5E              		JZ L44	// QImode NE
000093F4 0F 9F F9 93        		PC=L21
                            	L44:
000006D3                    	.debug
000006D3 2E 00 73 00        		.dw '.stabn 0x44,0,55,',0,0
         74 00 61 00
         62 00 6E 00
         20 00 30 00
         78 00 34 00
         34 00 2C 00
         30 00 2C 00
         35 00 35 00
         2C 00 00 00
         00 00      
000006E6 BC 00 00 00        		.dd LM30-_main
000006E8 0D 00 0A 00        		.dw 0x0d,0x0a
000093F6                    	.code
                            	LM30:
000093F6 40 92              		R1=0	// QImode move
000093F7 19 D3 C0 00        		[_SongIndex]=R1	// QImode move
                            	L21:
000006EA                    	.debug
000006EA 2E 00 73 00        		.dw '.stabn 0x44,0,56,',0,0
         74 00 61 00
         62 00 6E 00
         20 00 30 00
         78 00 34 00
         34 00 2C 00
         30 00 2C 00
         35 00 36 00
         2C 00 00 00
         00 00      
000006FD BF 00 00 00        		.dd LM31-_main
000006FF 0D 00 0A 00        		.dw 0x0d,0x0a
000093F9                    	.code
                            	LM31:
000093F9 43 92              		R1=3	// QImode move
000093FA C8 D2              		[SP--]=R1	// QImode move
000093FB 43 92              		R1=3	// QImode move
000093FC C8 D2              		[SP--]=R1	// QImode move
000093FD 11 93 C0 00        		R1=[_SongIndex]	// QImode move
000093FF C8 D2              		[SP--]=R1	// QImode move
00009400 40 F0 99 81        		call _SACM_MS01_Play	// call without return value
00009402 43 00              		SP=SP+3
00000701                    	.debug
00000701 2E 00 73 00        		.dw '.stabn 0x44,0,57,',0,0
         74 00 61 00
         62 00 6E 00
         20 00 30 00
         78 00 34 00
         34 00 2C 00
         30 00 2C 00
         35 00 37 00
         2C 00 00 00
         00 00      
00000714 C9 00 00 00        		.dd LM32-_main
00000716 0D 00 0A 00        		.dw 0x0d,0x0a
00009403                    	.code
                            	LM32:
00009403 0F 9F 21 94        		pc=L9	// jump
                            	L22:
00000718                    	.debug
00000718 2E 00 73 00        		.dw '.stabn 0x44,0,60,',0,0
         74 00 61 00
         62 00 6E 00
         20 00 30 00
         78 00 34 00
         34 00 2C 00
         30 00 2C 00
         36 00 30 00
         2C 00 00 00
         00 00      
0000072B CB 00 00 00        		.dd LM33-_main
0000072D 0D 00 0A 00        		.dw 0x0d,0x0a
00009405                    	.code
                            	LM33:
00009405 12 95 C0 00        		R2=[_SongIndex]	// QImode move
00009407 0A 03 FF FF        		R1=R2+(-1)
00009409 01 95              		R2=R1	// QImode move
0000940A 1A D5 C0 00        		[_SongIndex]=R2	// QImode move
0000940C 40 44              		CMP R2,0	// QImode test
0000940D 02 3E              		JL L45	// QImode GE
0000940E 0F 9F 13 94        		PC=L23
                            	L45:
0000072F                    	.debug
0000072F 2E 00 73 00        		.dw '.stabn 0x44,0,61,',0,0
         74 00 61 00
         62 00 6E 00
         20 00 30 00
         78 00 34 00
         34 00 2C 00
         30 00 2C 00
         36 00 31 00
         2C 00 00 00
         00 00      
00000742 D6 00 00 00        		.dd LM34-_main
00000744 0D 00 0A 00        		.dw 0x0d,0x0a
00009410                    	.code
                            	LM34:
00009410 4B 92              		R1=11	// QImode move
00009411 19 D3 C0 00        		[_SongIndex]=R1	// QImode move
                            	L23:
00000746                    	.debug
00000746 2E 00 73 00        		.dw '.stabn 0x44,0,62,',0,0
         74 00 61 00
         62 00 6E 00
         20 00 30 00
         78 00 34 00
         34 00 2C 00
         30 00 2C 00
         36 00 32 00
         2C 00 00 00
         00 00      
00000759 D9 00 00 00        		.dd LM35-_main
0000075B 0D 00 0A 00        		.dw 0x0d,0x0a
00009413                    	.code
                            	LM35:
00009413 43 92              		R1=3	// QImode move
00009414 C8 D2              		[SP--]=R1	// QImode move
00009415 43 92              		R1=3	// QImode move
00009416 C8 D2              		[SP--]=R1	// QImode move
00009417 11 93 C0 00        		R1=[_SongIndex]	// QImode move
00009419 C8 D2              		[SP--]=R1	// QImode move
0000941A 40 F0 99 81        		call _SACM_MS01_Play	// call without return value
0000941C 43 00              		SP=SP+3
0000075D                    	.debug
0000075D 2E 00 73 00        		.dw '.stabn 0x44,0,63,',0,0
         74 00 61 00
         62 00 6E 00
         20 00 30 00
         78 00 34 00
         34 00 2C 00
         30 00 2C 00
         36 00 33 00
         2C 00 00 00
         00 00      
00000770 E3 00 00 00        		.dd LM36-_main
00000772 0D 00 0A 00        		.dw 0x0d,0x0a
0000941D                    	.code
                            	LM36:
0000941D 0F 9F 21 94        		pc=L9	// jump
                            	L24:
00000774                    	.debug
00000774 2E 00 73 00        		.dw '.stabn 0x44,0,65,',0,0
         74 00 61 00
         62 00 6E 00
         20 00 30 00
         78 00 34 00
         34 00 2C 00
         30 00 2C 00
         36 00 35 00
         2C 00 00 00
         00 00      
00000787 E5 00 00 00        		.dd LM37-_main
00000789 0D 00 0A 00        		.dw 0x0d,0x0a
0000941F                    	.code
                            	LM37:
0000941F 0F 9F 21 94        		pc=L9	// jump
                            	L9:
0000078B                    	.debug
0000078B 2E 00 73 00        		.dw '.stabn 0x44,0,67,',0,0
         74 00 61 00
         62 00 6E 00
         20 00 30 00
         78 00 34 00
         34 00 2C 00
         30 00 2C 00
         36 00 37 00
         2C 00 00 00
         00 00      
0000079E E7 00 00 00        		.dd LM38-_main
000007A0 0D 00 0A 00        		.dw 0x0d,0x0a
00009421                    	.code
                            	LM38:
00009421 40 F0 58 95        		call _System_ServiceLoop	// call with return value
000007A2                    	.debug
000007A2 2E 00 73 00        		.dw '.stabn 0x44,0,68,',0,0
         74 00 61 00
         62 00 6E 00
         20 00 30 00
         78 00 34 00
         34 00 2C 00
         30 00 2C 00
         36 00 38 00
         2C 00 00 00
         00 00      
000007B5 E9 00 00 00        		.dd LM39-_main
000007B7 0D 00 0A 00        		.dw 0x0d,0x0a
00009423                    	.code
                            	LM39:
00009423 40 F0 45 83        		call _SACM_MS01_ServiceLoop	// call without return value
000007B9                    	.debug
000007B9 2E 00 73 00        		.dw '.stabn 0x44,0,69,',0,0
         74 00 61 00
         62 00 6E 00
         20 00 30 00
         78 00 34 00
         34 00 2C 00
         30 00 2C 00
         36 00 39 00
         2C 00 00 00
         00 00      
000007CC EB 00 00 00        		.dd LM40-_main
000007CE 0D 00 0A 00        		.dw 0x0d,0x0a
00009425                    	.code
                            	LM40:
                            	LBE4:
00009425 0F 9F 5F 93        		pc=L6	// jump
                            	L7:
000007D0                    	.debug
000007D0 2E 00 73 00        		.dw '.stabn 0x44,0,70,',0,0
         74 00 61 00
         62 00 6E 00
         20 00 30 00
         78 00 34 00
         34 00 2C 00
         30 00 2C 00
         37 00 30 00
         2C 00 00 00
         00 00      
000007E3 ED 00 00 00        		.dd LM41-_main
000007E5 0D 00 0A 00        		.dw 0x0d,0x0a
00009427                    	.code
                            	LM41:
                            	LBE3:
00009427 0F 9F 44 93        		pc=L3	// jump
                            	L4:
000007E7                    	.debug
000007E7 2E 00 73 00        		.dw '.stabn 0x44,0,71,',0,0
         74 00 61 00
         62 00 6E 00
         20 00 30 00
         78 00 34 00
         34 00 2C 00
         30 00 2C 00
         37 00 31 00
         2C 00 00 00
         00 00      
000007FA EF 00 00 00        		.dd LM42-_main
000007FC 0D 00 0A 00        		.dw 0x0d,0x0a
00009429                    	.code
                            	LM42:
00009429 40 92              		R1=0	// QImode move
0000942A 0F 9F 2C 94        		pc=L2	// jump
000007FE                    	.debug
000007FE 2E 00 73 00        		.dw '.stabn 0x44,0,72,',0,0
         74 00 61 00
         62 00 6E 00
         20 00 30 00
         78 00 34 00
         34 00 2C 00
         30 00 2C 00
         37 00 32 00
         2C 00 00 00
         00 00      
00000811 F2 00 00 00        		.dd LM43-_main
00000813 0D 00 0A 00        		.dw 0x0d,0x0a
0000942C                    	.code
                            	LM43:
                            	LBE2:
00000815                    	.debug
00000815 2E 00 73 00        		.dw '.stabn 0x44,0,72,',0,0
         74 00 61 00
         62 00 6E 00
         20 00 30 00
         78 00 34 00
         34 00 2C 00
         30 00 2C 00
         37 00 32 00
         2C 00 00 00
         00 00      
00000828 F2 00 00 00        		.dd LM44-_main
0000082A 0D 00 0A 00        		.dw 0x0d,0x0a
0000942C                    	.code
                            	LM44:
                            	L2:
                            	
0000942C 41 00              		sp+=1
0000942D 88 98              		pop bp from [sp]
0000942E 90 9A              		retf
                            		.endp	// end of main
                            	
0000082C                    	.debug
0000082C 2E 00 73 00        		.dw '.stabn 0xc0,0,0,',0,0
         74 00 61 00
         62 00 6E 00
         20 00 30 00
         78 00 63 00
         30 00 2C 00
         30 00 2C 00
         30 00 2C 00
         00 00 00 00
0000083E 07 00 00 00        		.dd LBB2-_main
00000840 0D 00 0A 00        		.dw 0x0d,0x0a
0000942F                    	.code
00000842                    	.debug
00000842 2E 00 73 00        		.dw '.stabn 0xc0,0,0,',0,0
         74 00 61 00
         62 00 6E 00
         20 00 30 00
         78 00 63 00
         30 00 2C 00
         30 00 2C 00
         30 00 2C 00
         00 00 00 00
00000854 12 00 00 00        		.dd LBB3-_main
00000856 0D 00 0A 00        		.dw 0x0d,0x0a
0000942F                    	.code
00000858                    	.debug
00000858 2E 00 73 00        		.dw '.stabn 0xc0,0,0,',0,0
         74 00 61 00
         62 00 6E 00
         20 00 30 00
         78 00 63 00
         30 00 2C 00
         30 00 2C 00
         30 00 2C 00
         00 00 00 00
0000086A 29 00 00 00        		.dd LBB4-_main
0000086C 0D 00 0A 00        		.dw 0x0d,0x0a
0000942F                    	.code
0000086E                    	.debug
0000086E 2E 00 73 00        		.dw '.stabn 0xe0,0,0,',0,0
         74 00 61 00
         62 00 6E 00
         20 00 30 00
         78 00 65 00
         30 00 2C 00
         30 00 2C 00
         30 00 2C 00
         00 00 00 00
00000880 EB 00 00 00        		.dd LBE4-_main
00000882 0D 00 0A 00        		.dw 0x0d,0x0a
0000942F                    	.code
00000884                    	.debug
00000884 2E 00 73 00        		.dw '.stabn 0xe0,0,0,',0,0
         74 00 61 00
         62 00 6E 00
         20 00 30 00
         78 00 65 00
         30 00 2C 00
         30 00 2C 00
         30 00 2C 00
         00 00 00 00
00000896 ED 00 00 00        		.dd LBE3-_main
00000898 0D 00 0A 00        		.dw 0x0d,0x0a
0000942F                    	.code
0000089A                    	.debug
0000089A 2E 00 73 00        		.dw '.stabn 0xe0,0,0,',0,0
         74 00 61 00
         62 00 6E 00
         20 00 30 00
         78 00 65 00
         30 00 2C 00
         30 00 2C 00
         30 00 2C 00
         00 00 00 00
000008AC F2 00 00 00        		.dd LBE2-_main
000008AE 0D 00 0A 00        		.dw 0x0d,0x0a
0000942F                    	.code
000008B0                    	.debug
000008B0 2E 00 73 00        		.dw '.stabf ',0,0
         74 00 61 00
         62 00 66 00
         20 00 00 00
         00 00      
000008B9 F5 00 00 00        		.dd LME1-_main
000008BB 0D 00 0A 00        		.dw 0x0d,0x0a
0000942F                    	.code
                            	LME1:
000008BD                    	.debug
000008BD 2E 00 73 00        		.dw '.stabs "Mode:G1",32,0,0,',0,0,offset _Mode,seg _Mode,0x0d,0x0a
         74 00 61 00
         62 00 73 00
         20 00 22 00
         4D 00 6F 00
         64 00 65 00
         3A 00 47 00
         31 00 22 00
         2C 00 33 00
         32 00 2C 00
         30 00 2C 00
         30 00 2C 00
         00 00 00 00
         00 00 00 00
         0D 00 0A 00
0000942F                    	.CODE
000000B6                    	.ram
                            	.public _Mode
                            	_Mode:
000000B6 00 00              		.dw 0
                            	.external _SACM_MS01_ServiceLoop
                            	.external _System_ServiceLoop
                            	.external _SACM_MS01_Volume
                            	.external _SACM_MS01_Resume
                            	.external _SACM_MS01_Pause
                            	.external _SACM_MS01_Stop
                            	.external _SP_GetCh
                            	.external _SACM_MS01_Play
                            	.external _SACM_MS01_Initial
                            	.external _System_Initial
                            		.end
0 error(s), 0 warning(s).


