C51 COMPILER V8.05a   DDZZ                                                                 03/05/2009 19:55:06 PAGE 1   


C51 COMPILER V8.05a, COMPILATION OF MODULE DDZZ
OBJECT MODULE PLACED IN ddzz.OBJ
COMPILER INVOKED BY: D:\Program Files\C51\BIN\C51.EXE ddzz.c BROWSE DEBUG OBJECTEXTEND

line level    source

   1          
   2          ////////////////////////汇诚科技////////////////////
   3          //////////////////http://www.ourhc.cn///////////////
   4          ///////////////////步进电机正转调试程序/////////////
   5          
   6          #include<reg52.h>  
   7          /*****************************************************************/
   8          /*设程序的后四位1111对应位为ABCD,0000为abcd那么步进电机就可以细分进行下列组合
   9          
  10          Abcd》aBcd》abCd》abcD 对应的数组为 0x08,0x04,0x02,0x01
  11          
  12          ABcd》aBCd》abCD》AbcD 对应的数组为 0x0C,0x06,0x03,0x09
  13          
  14          ABcd》aBcd》aBCd》abCd》abCD》abcD》AbcD》AbcD 对应的数组为 0x0C,0x04,0x06,0x02,0x03,0x01,0x09，0x08
  15          
  16          只要按照ABCD的顺序通电，可以产品多种组合。
  17          
  18          /*****************************************************************/ 
  19          code unsigned char run[8]={ 0x03,0x0b,0x09,0x0d,0x0c,0x0e,0x06,0x07}; 
  20          unsigned char a,s,i,j,k;
  21          sbit ANJIAN=P2^0;
  22          void delay(i)//延时函数
  23          {
  24   1      for(j=0;j<i;j++)
  25   1      for(k=0;k<250;k++);
  26   1      }
  27          main()
  28          {
  29   1      unsigned char z,y;
  30   1      y=9;        //定义延时时间，时间越长电机转速越慢反之则快
  31   1      a=150;
  32   1      if(ANJIAN==0)
  33   1      {
  34   2      while(a--)
  35   2      {
  36   3      for(z=0;z<8;z++)
  37   3      {
  38   4      P1=run[z];
  39   4      delay(y);
  40   4      } }
  41   2      }
  42   1      }


MODULE INFORMATION:   STATIC OVERLAYABLE
   CODE SIZE        =     72    ----
   CONSTANT SIZE    =      8    ----
   XDATA SIZE       =   ----    ----
   PDATA SIZE       =   ----    ----
   DATA SIZE        =      5    ----
   IDATA SIZE       =   ----    ----
   BIT SIZE         =   ----    ----
END OF MODULE INFORMATION.


C51 COMPILATION COMPLETE.  0 WARNING(S),  0 ERROR(S)
