Sunplus u'nSP Assembler - Ver. 1.10.0
              Listing File Has Been Relocated
                            	// GCC for SUNPLUS u'nSP version 1.0.10-10
                            	// Command: C:\PROGRA~1\Sunplus\UNSPID~1\unSPIDE\cc1.exe C:\DOCUME~1\Αυ»Τ\LOCALS~1\Temp\ccsxaaaa.i -quiet -dumpbase main.c -gstabs -o .\Debug/main.asm
                            	// gcc2_compiled.:
                            	
00008030                    	.code
                            	Ltext0:
00000000                    	.debug
00000000 2E 00 73 00        		.dw '.stabs "int:t1=r1;-32768;32767;",128,0,0,0',0x0d,0x0a
         74 00 61 00
         62 00 73 00
         20 00 22 00
         69 00 6E 00
         74 00 3A 00
         74 00 31 00
         3D 00 72 00
         31 00 3B 00
         2D 00 33 00
         32 00 37 00
         36 00 38 00
         3B 00 33 00
         32 00 37 00
         36 00 37 00
         3B 00 22 00
         2C 00 31 00
         32 00 38 00
         2C 00 30 00
         2C 00 30 00
         2C 00 30 00
         0D 00 0A 00
00008030                    	.CODE
0000002C                    	.debug
0000002C 2E 00 73 00        		.dw '.stabs "char:t2=r2;0;127;",128,0,0,0',0x0d,0x0a
         74 00 61 00
         62 00 73 00
         20 00 22 00
         63 00 68 00
         61 00 72 00
         3A 00 74 00
         32 00 3D 00
         72 00 32 00
         3B 00 30 00
         3B 00 31 00
         32 00 37 00
         3B 00 22 00
         2C 00 31 00
         32 00 38 00
         2C 00 30 00
         2C 00 30 00
         2C 00 30 00
         0D 00 0A 00
00008030                    	.CODE
00000052                    	.debug
00000052 2E 00 73 00        		.dw '.stabs "long int:t3=r3;-2147483648;2147483647;",128,0,0,0',0x0d,0x0a
         74 00 61 00
         62 00 73 00
         20 00 22 00
         6C 00 6F 00
         6E 00 67 00
         20 00 69 00
         6E 00 74 00
         3A 00 74 00
         33 00 3D 00
         72 00 33 00
         3B 00 2D 00
         32 00 31 00
         34 00 37 00
         34 00 38 00
         33 00 36 00
         34 00 38 00
         3B 00 32 00
         31 00 34 00
         37 00 34 00
         38 00 33 00
         36 00 34 00
         37 00 3B 00
         22 00 2C 00
         31 00 32 00
         38 00 2C 00
         30 00 2C 00
         30 00 2C 00
         30 00 0D 00
         0A 00      
00008030                    	.CODE
0000008D                    	.debug
0000008D 2E 00 73 00        		.dw '.stabs "unsigned int:t4=r4;0;65535;",128,0,0,0',0x0d,0x0a
         74 00 61 00
         62 00 73 00
         20 00 22 00
         75 00 6E 00
         73 00 69 00
         67 00 6E 00
         65 00 64 00
         20 00 69 00
         6E 00 74 00
         3A 00 74 00
         34 00 3D 00
         72 00 34 00
         3B 00 30 00
         3B 00 36 00
         35 00 35 00
         33 00 35 00
         3B 00 22 00
         2C 00 31 00
         32 00 38 00
         2C 00 30 00
         2C 00 30 00
         2C 00 30 00
         0D 00 0A 00
00008030                    	.CODE
000000BD                    	.debug
000000BD 2E 00 73 00        		.dw '.stabs "long unsigned int:t5=r5;0;4294967295;",128,0,0,0',0x0d,0x0a
         74 00 61 00
         62 00 73 00
         20 00 22 00
         6C 00 6F 00
         6E 00 67 00
         20 00 75 00
         6E 00 73 00
         69 00 67 00
         6E 00 65 00
         64 00 20 00
         69 00 6E 00
         74 00 3A 00
         74 00 35 00
         3D 00 72 00
         35 00 3B 00
         30 00 3B 00
         34 00 32 00
         39 00 34 00
         39 00 36 00
         37 00 32 00
         39 00 35 00
         3B 00 22 00
         2C 00 31 00
         32 00 38 00
         2C 00 30 00
         2C 00 30 00
         2C 00 30 00
         0D 00 0A 00
00008030                    	.CODE
000000F7                    	.debug
000000F7 2E 00 73 00        		.dw '.stabs "long long int:t6=r6;-2147483648;2147483647;",128,0,0,0',0x0d,0x0a
         74 00 61 00
         62 00 73 00
         20 00 22 00
         6C 00 6F 00
         6E 00 67 00
         20 00 6C 00
         6F 00 6E 00
         67 00 20 00
         69 00 6E 00
         74 00 3A 00
         74 00 36 00
         3D 00 72 00
         36 00 3B 00
         2D 00 32 00
         31 00 34 00
         37 00 34 00
         38 00 33 00
         36 00 34 00
         38 00 3B 00
         32 00 31 00
         34 00 37 00
         34 00 38 00
         33 00 36 00
         34 00 37 00
         3B 00 22 00
         2C 00 31 00
         32 00 38 00
         2C 00 30 00
         2C 00 30 00
         2C 00 30 00
         0D 00 0A 00
00008030                    	.CODE
00000137                    	.debug
00000137 2E 00 73 00        		.dw '.stabs "long long unsigned int:t7=r7;0;4294967295;",128,0,0,0',0x0d,0x0a
         74 00 61 00
         62 00 73 00
         20 00 22 00
         6C 00 6F 00
         6E 00 67 00
         20 00 6C 00
         6F 00 6E 00
         67 00 20 00
         75 00 6E 00
         73 00 69 00
         67 00 6E 00
         65 00 64 00
         20 00 69 00
         6E 00 74 00
         3A 00 74 00
         37 00 3D 00
         72 00 37 00
         3B 00 30 00
         3B 00 34 00
         32 00 39 00
         34 00 39 00
         36 00 37 00
         32 00 39 00
         35 00 3B 00
         22 00 2C 00
         31 00 32 00
         38 00 2C 00
         30 00 2C 00
         30 00 2C 00
         30 00 0D 00
         0A 00      
00008030                    	.CODE
00000176                    	.debug
00000176 2E 00 73 00        		.dw '.stabs "short int:t8=r8;-32768;32767;",128,0,0,0',0x0d,0x0a
         74 00 61 00
         62 00 73 00
         20 00 22 00
         73 00 68 00
         6F 00 72 00
         74 00 20 00
         69 00 6E 00
         74 00 3A 00
         74 00 38 00
         3D 00 72 00
         38 00 3B 00
         2D 00 33 00
         32 00 37 00
         36 00 38 00
         3B 00 33 00
         32 00 37 00
         36 00 37 00
         3B 00 22 00
         2C 00 31 00
         32 00 38 00
         2C 00 30 00
         2C 00 30 00
         2C 00 30 00
         0D 00 0A 00
00008030                    	.CODE
000001A8                    	.debug
000001A8 2E 00 73 00        		.dw '.stabs "short unsigned int:t9=r9;0;65535;",128,0,0,0',0x0d,0x0a
         74 00 61 00
         62 00 73 00
         20 00 22 00
         73 00 68 00
         6F 00 72 00
         74 00 20 00
         75 00 6E 00
         73 00 69 00
         67 00 6E 00
         65 00 64 00
         20 00 69 00
         6E 00 74 00
         3A 00 74 00
         39 00 3D 00
         72 00 39 00
         3B 00 30 00
         3B 00 36 00
         35 00 35 00
         33 00 35 00
         3B 00 22 00
         2C 00 31 00
         32 00 38 00
         2C 00 30 00
         2C 00 30 00
         2C 00 30 00
         0D 00 0A 00
00008030                    	.CODE
000001DE                    	.debug
000001DE 2E 00 73 00        		.dw '.stabs "signed char:t10=r10;-32768;32767;",128,0,0,0',0x0d,0x0a
         74 00 61 00
         62 00 73 00
         20 00 22 00
         73 00 69 00
         67 00 6E 00
         65 00 64 00
         20 00 63 00
         68 00 61 00
         72 00 3A 00
         74 00 31 00
         30 00 3D 00
         72 00 31 00
         30 00 3B 00
         2D 00 33 00
         32 00 37 00
         36 00 38 00
         3B 00 33 00
         32 00 37 00
         36 00 37 00
         3B 00 22 00
         2C 00 31 00
         32 00 38 00
         2C 00 30 00
         2C 00 30 00
         2C 00 30 00
         0D 00 0A 00
00008030                    	.CODE
00000214                    	.debug
00000214 2E 00 73 00        		.dw '.stabs "unsigned char:t11=r11;0;65535;",128,0,0,0',0x0d,0x0a
         74 00 61 00
         62 00 73 00
         20 00 22 00
         75 00 6E 00
         73 00 69 00
         67 00 6E 00
         65 00 64 00
         20 00 63 00
         68 00 61 00
         72 00 3A 00
         74 00 31 00
         31 00 3D 00
         72 00 31 00
         31 00 3B 00
         30 00 3B 00
         36 00 35 00
         35 00 33 00
         35 00 3B 00
         22 00 2C 00
         31 00 32 00
         38 00 2C 00
         30 00 2C 00
         30 00 2C 00
         30 00 0D 00
         0A 00      
00008030                    	.CODE
00000247                    	.debug
00000247 2E 00 73 00        		.dw '.stabs "float:t12=r1;2;0;",128,0,0,0',0x0d,0x0a
         74 00 61 00
         62 00 73 00
         20 00 22 00
         66 00 6C 00
         6F 00 61 00
         74 00 3A 00
         74 00 31 00
         32 00 3D 00
         72 00 31 00
         3B 00 32 00
         3B 00 30 00
         3B 00 22 00
         2C 00 31 00
         32 00 38 00
         2C 00 30 00
         2C 00 30 00
         2C 00 30 00
         0D 00 0A 00
00008030                    	.CODE
0000026D                    	.debug
0000026D 2E 00 73 00        		.dw '.stabs "double:t13=r1;2;0;",128,0,0,0',0x0d,0x0a
         74 00 61 00
         62 00 73 00
         20 00 22 00
         64 00 6F 00
         75 00 62 00
         6C 00 65 00
         3A 00 74 00
         31 00 33 00
         3D 00 72 00
         31 00 3B 00
         32 00 3B 00
         30 00 3B 00
         22 00 2C 00
         31 00 32 00
         38 00 2C 00
         30 00 2C 00
         30 00 2C 00
         30 00 0D 00
         0A 00      
00008030                    	.CODE
00000294                    	.debug
00000294 2E 00 73 00        		.dw '.stabs "long double:t14=r1;2;0;",128,0,0,0',0x0d,0x0a
         74 00 61 00
         62 00 73 00
         20 00 22 00
         6C 00 6F 00
         6E 00 67 00
         20 00 64 00
         6F 00 75 00
         62 00 6C 00
         65 00 3A 00
         74 00 31 00
         34 00 3D 00
         72 00 31 00
         3B 00 32 00
         3B 00 30 00
         3B 00 22 00
         2C 00 31 00
         32 00 38 00
         2C 00 30 00
         2C 00 30 00
         2C 00 30 00
         0D 00 0A 00
00008030                    	.CODE
000002C0                    	.debug
000002C0 2E 00 73 00        		.dw '.stabs "complex int:t15=s2real:1,0,16;imag:1,16,16;;",128,0,0,0',0x0d,0x0a
         74 00 61 00
         62 00 73 00
         20 00 22 00
         63 00 6F 00
         6D 00 70 00
         6C 00 65 00
         78 00 20 00
         69 00 6E 00
         74 00 3A 00
         74 00 31 00
         35 00 3D 00
         73 00 32 00
         72 00 65 00
         61 00 6C 00
         3A 00 31 00
         2C 00 30 00
         2C 00 31 00
         36 00 3B 00
         69 00 6D 00
         61 00 67 00
         3A 00 31 00
         2C 00 31 00
         36 00 2C 00
         31 00 36 00
         3B 00 3B 00
         22 00 2C 00
         31 00 32 00
         38 00 2C 00
         30 00 2C 00
         30 00 2C 00
         30 00 0D 00
         0A 00      
00008030                    	.CODE
00000301                    	.debug
00000301 2E 00 73 00        		.dw '.stabs "complex float:t16=r16;2;0;",128,0,0,0',0x0d,0x0a
         74 00 61 00
         62 00 73 00
         20 00 22 00
         63 00 6F 00
         6D 00 70 00
         6C 00 65 00
         78 00 20 00
         66 00 6C 00
         6F 00 61 00
         74 00 3A 00
         74 00 31 00
         36 00 3D 00
         72 00 31 00
         36 00 3B 00
         32 00 3B 00
         30 00 3B 00
         22 00 2C 00
         31 00 32 00
         38 00 2C 00
         30 00 2C 00
         30 00 2C 00
         30 00 0D 00
         0A 00      
00008030                    	.CODE
00000330                    	.debug
00000330 2E 00 73 00        		.dw '.stabs "complex double:t17=r17;2;0;",128,0,0,0',0x0d,0x0a
         74 00 61 00
         62 00 73 00
         20 00 22 00
         63 00 6F 00
         6D 00 70 00
         6C 00 65 00
         78 00 20 00
         64 00 6F 00
         75 00 62 00
         6C 00 65 00
         3A 00 74 00
         31 00 37 00
         3D 00 72 00
         31 00 37 00
         3B 00 32 00
         3B 00 30 00
         3B 00 22 00
         2C 00 31 00
         32 00 38 00
         2C 00 30 00
         2C 00 30 00
         2C 00 30 00
         0D 00 0A 00
00008030                    	.CODE
00000360                    	.debug
00000360 2E 00 73 00        		.dw '.stabs "complex long double:t18=r18;2;0;",128,0,0,0',0x0d,0x0a
         74 00 61 00
         62 00 73 00
         20 00 22 00
         63 00 6F 00
         6D 00 70 00
         6C 00 65 00
         78 00 20 00
         6C 00 6F 00
         6E 00 67 00
         20 00 64 00
         6F 00 75 00
         62 00 6C 00
         65 00 3A 00
         74 00 31 00
         38 00 3D 00
         72 00 31 00
         38 00 3B 00
         32 00 3B 00
         30 00 3B 00
         22 00 2C 00
         31 00 32 00
         38 00 2C 00
         30 00 2C 00
         30 00 2C 00
         30 00 0D 00
         0A 00      
00008030                    	.CODE
00000395                    	.debug
00000395 2E 00 73 00        		.dw '.stabs "void:t19=19",128,0,0,0',0x0d,0x0a
         74 00 61 00
         62 00 73 00
         20 00 22 00
         76 00 6F 00
         69 00 64 00
         3A 00 74 00
         31 00 39 00
         3D 00 31 00
         39 00 22 00
         2C 00 31 00
         32 00 38 00
         2C 00 30 00
         2C 00 30 00
         2C 00 30 00
         0D 00 0A 00
00008030                    	.CODE
000003B5                    	.debug
000003B5 2E 00 73 00        		.dw '.stabs "DigCode:G20=ar1;0;9;11",32,0,0,',0,0,offset _DigCode,seg _DigCode,0x0d,0x0a
         74 00 61 00
         62 00 73 00
         20 00 22 00
         44 00 69 00
         67 00 43 00
         6F 00 64 00
         65 00 3A 00
         47 00 32 00
         30 00 3D 00
         61 00 72 00
         31 00 3B 00
         30 00 3B 00
         39 00 3B 00
         31 00 31 00
         22 00 2C 00
         33 00 32 00
         2C 00 30 00
         2C 00 30 00
         2C 00 00 00
         00 00 00 00
         00 00 0D 00
         0A 00      
00008030                    	.CODE
                            	.public _DigCode
00008009                    	.text
                            	_DigCode:
00008009 3F 00              		.dw 63
0000800A 06 00              		.dw 6
0000800B 5B 00              		.dw 91
0000800C 4F 00              		.dw 79
0000800D 66 00              		.dw 102
0000800E 6D 00              		.dw 109
0000800F 7D 00              		.dw 125
00008010 07 00              		.dw 7
00008011 7F 00              		.dw 127
00008012 6F 00              		.dw 111
00008030                    	.code
000003E2                    	.debug
000003E2 2E 00 73 00        		.dw '.stabs "LedDispDig:F19",36,0,0,',0,0,offset _LedDispDig,seg _LedDispDig,0x0d,0x0a
         74 00 61 00
         62 00 73 00
         20 00 22 00
         4C 00 65 00
         64 00 44 00
         69 00 73 00
         70 00 44 00
         69 00 67 00
         3A 00 46 00
         31 00 39 00
         22 00 2C 00
         33 00 36 00
         2C 00 30 00
         2C 00 30 00
         2C 00 00 00
         00 00 00 00
         00 00 0D 00
         0A 00      
00008030                    	.CODE
                            	.public _LedDispDig
                            	_LedDispDig:	.proc
00000407                    	.debug
00000407 2E 00 73 00        		.dw '.stabn 0x44,0,58,',0,0
         74 00 61 00
         62 00 6E 00
         20 00 30 00
         78 00 34 00
         34 00 2C 00
         30 00 2C 00
         35 00 38 00
         2C 00 00 00
         00 00      
0000041A 00 00 00 00        		.dd LM1-_LedDispDig
0000041C 0D 00 0A 00        		.dw 0x0d,0x0a
00008030                    	.code
                            	LM1:
                            		// total=1, vars=1
                            		// frame_pointer_needed: 1
00008030 88 DA              		push bp to [sp]
00008031 41 20              		sp-=1
00008032 08 0B 01 00        		bp=sp+1
                            	
00008034 0D 03 04 00        		R1=BP+4
00008036 C5 D2              		[BP]=R1	// QImode move
0000041E                    	.debug
0000041E 2E 00 73 00        		.dw '.stabn 0x44,0,59,',0,0
         74 00 61 00
         62 00 6E 00
         20 00 30 00
         78 00 34 00
         34 00 2C 00
         30 00 2C 00
         35 00 39 00
         2C 00 00 00
         00 00      
00000431 07 00 00 00        		.dd LM2-_LedDispDig
00000433 0D 00 0A 00        		.dw 0x0d,0x0a
00008037                    	.code
                            	LM2:
00008037 41 92              		R1=1	// QImode move
00008038 19 D3 12 70        		[28690]=R1	// QImode move
00000435                    	.debug
00000435 2E 00 73 00        		.dw '.stabn 0x44,0,61,',0,0
         74 00 61 00
         62 00 6E 00
         20 00 30 00
         78 00 34 00
         34 00 2C 00
         30 00 2C 00
         36 00 31 00
         2C 00 00 00
         00 00      
00000448 0A 00 00 00        		.dd LM3-_LedDispDig
0000044A 0D 00 0A 00        		.dw 0x0d,0x0a
0000803A                    	.code
                            	LM3:
0000803A 11 93 07 70        		R1=[28679]	// QImode move
0000803C 09 A5 FF 3F        		R2=R1|16383
0000803E 1A D5 07 70        		[28679]=R2	// QImode move
0000044C                    	.debug
0000044C 2E 00 73 00        		.dw '.stabn 0x44,0,62,',0,0
         74 00 61 00
         62 00 6E 00
         20 00 30 00
         78 00 34 00
         34 00 2C 00
         30 00 2C 00
         36 00 32 00
         2C 00 00 00
         00 00      
0000045F 10 00 00 00        		.dd LM4-_LedDispDig
00000461 0D 00 0A 00        		.dw 0x0d,0x0a
00008040                    	.code
                            	LM4:
00008040 11 93 08 70        		R1=[28680]	// QImode move
00008042 09 A5 FF 3F        		R2=R1|16383
00008044 1A D5 08 70        		[28680]=R2	// QImode move
00000463                    	.debug
00000463 2E 00 73 00        		.dw '.stabn 0x44,0,64,',0,0
         74 00 61 00
         62 00 6E 00
         20 00 30 00
         78 00 34 00
         34 00 2C 00
         30 00 2C 00
         36 00 34 00
         2C 00 00 00
         00 00      
00000476 16 00 00 00        		.dd LM5-_LedDispDig
00000478 0D 00 0A 00        		.dw 0x0d,0x0a
00008046                    	.code
                            	LM5:
00008046 C5 96              		R3=[BP]	// QImode move
00008047 C3 94              		R2=[R3]	// QImode move
00008048 0A 03 FF FF        		R1=R2+(-1)
0000804A 0A 95 00 01        		R2=256	// QImode move
0000804C C8 D2              		[SP--]=R1	// QImode move
0000804D C8 D4              		[SP--]=R2	// QImode move
0000804E 40 F0 FC 80        		call __lshiu1	// call with return value
00008050 42 00              		SP=SP+2
00008051 19 D3 05 70        		[28677]=R1	// QImode move
0000047A                    	.debug
0000047A 2E 00 73 00        		.dw '.stabn 0x44,0,65,',0,0
         74 00 61 00
         62 00 6E 00
         20 00 30 00
         78 00 34 00
         34 00 2C 00
         30 00 2C 00
         36 00 35 00
         2C 00 00 00
         00 00      
0000048D 23 00 00 00        		.dd LM6-_LedDispDig
0000048F 0D 00 0A 00        		.dw 0x0d,0x0a
00008053                    	.code
                            	LM6:
00008053 C5 92              		R1=[BP]	// QImode move
00008054 C5 92              		R1=[BP]	// QImode move
00008055 09 05 01 00        		R2=R1+1
00008057 09 93 09 80        		R1=_DigCode	// QImode move
00008059 02 97              		R3=R2	// QImode move
0000805A C3 94              		R2=[R3]	// QImode move
0000805B 02 03              		R1+=R2	// addqi3_r0r
0000805C 13 97 05 70        		R3=[28677]	// QImode move
0000805E 03 95              		R2=R3	// QImode move
0000805F 01 97              		R3=R1	// QImode move
00008060 C3 A4              		R2|=[R3]	// iorqi3_r0R
00008061 1A D5 05 70        		[28677]=R2	// QImode move
00000491                    	.debug
00000491 2E 00 73 00        		.dw '.stabn 0x44,0,66,',0,0
         74 00 61 00
         62 00 6E 00
         20 00 30 00
         78 00 34 00
         34 00 2C 00
         30 00 2C 00
         36 00 36 00
         2C 00 00 00
         00 00      
000004A4 33 00 00 00        		.dd LM7-_LedDispDig
000004A6 0D 00 0A 00        		.dw 0x0d,0x0a
00008063                    	.code
                            	LM7:
000004A8                    	.debug
000004A8 2E 00 73 00        		.dw '.stabn 0x44,0,66,',0,0
         74 00 61 00
         62 00 6E 00
         20 00 30 00
         78 00 34 00
         34 00 2C 00
         30 00 2C 00
         36 00 36 00
         2C 00 00 00
         00 00      
000004BB 33 00 00 00        		.dd LM8-_LedDispDig
000004BD 0D 00 0A 00        		.dw 0x0d,0x0a
00008063                    	.code
                            	LM8:
                            	L2:
                            	
00008063 41 00              		sp+=1
00008064 88 98              		pop bp from [sp]
00008065 90 9A              		retf
                            		.endp	// end of LedDispDig
                            	
000004BF                    	.debug
000004BF 2E 00 73 00        		.dw '.stabs "Pos:p1",160,0,0,4',0x0d,0x0a
         74 00 61 00
         62 00 73 00
         20 00 22 00
         50 00 6F 00
         73 00 3A 00
         70 00 31 00
         22 00 2C 00
         31 00 36 00
         30 00 2C 00
         30 00 2C 00
         30 00 2C 00
         34 00 0D 00
         0A 00      
00008066                    	.CODE
000004DA                    	.debug
000004DA 2E 00 73 00        		.dw '.stabs "Dig:p1",160,0,0,5',0x0d,0x0a
         74 00 61 00
         62 00 73 00
         20 00 22 00
         44 00 69 00
         67 00 3A 00
         70 00 31 00
         22 00 2C 00
         31 00 36 00
         30 00 2C 00
         30 00 2C 00
         30 00 2C 00
         35 00 0D 00
         0A 00      
00008066                    	.CODE
000004F5                    	.debug
000004F5 2E 00 73 00        		.dw '.stabf ',0,0
         74 00 61 00
         62 00 66 00
         20 00 00 00
         00 00      
000004FE 36 00 00 00        		.dd LME1-_LedDispDig
00000500 0D 00 0A 00        		.dw 0x0d,0x0a
00008066                    	.code
                            	LME1:
00008066                    	.code
00000502                    	.debug
00000502 2E 00 73 00        		.dw '.stabs "LedLights:F19",36,0,0,',0,0,offset _LedLights,seg _LedLights,0x0d,0x0a
         74 00 61 00
         62 00 73 00
         20 00 22 00
         4C 00 65 00
         64 00 4C 00
         69 00 67 00
         68 00 74 00
         73 00 3A 00
         46 00 31 00
         39 00 22 00
         2C 00 33 00
         36 00 2C 00
         30 00 2C 00
         30 00 2C 00
         00 00 00 00
         36 00 00 00
         0D 00 0A 00
00008066                    	.CODE
                            	.public _LedLights
                            	_LedLights:	.proc
00000526                    	.debug
00000526 2E 00 73 00        		.dw '.stabn 0x44,0,76,',0,0
         74 00 61 00
         62 00 6E 00
         20 00 30 00
         78 00 34 00
         34 00 2C 00
         30 00 2C 00
         37 00 36 00
         2C 00 00 00
         00 00      
00000539 00 00 00 00        		.dd LM9-_LedLights
0000053B 0D 00 0A 00        		.dw 0x0d,0x0a
00008066                    	.code
                            	LM9:
                            		// total=0, vars=0
                            		// frame_pointer_needed: 1
00008066 88 DA              		push bp to [sp]
00008067 08 0B 01 00        		bp=sp+1
                            	
00008069 0D 03 03 00        		R1=BP+3
0000053D                    	.debug
0000053D 2E 00 73 00        		.dw '.stabn 0x44,0,77,',0,0
         74 00 61 00
         62 00 6E 00
         20 00 30 00
         78 00 34 00
         34 00 2C 00
         30 00 2C 00
         37 00 37 00
         2C 00 00 00
         00 00      
00000550 05 00 00 00        		.dd LM10-_LedLights
00000552 0D 00 0A 00        		.dw 0x0d,0x0a
0000806B                    	.code
                            	LM10:
0000806B 41 94              		R2=1	// QImode move
0000806C 1A D5 12 70        		[28690]=R2	// QImode move
00000554                    	.debug
00000554 2E 00 73 00        		.dw '.stabn 0x44,0,79,',0,0
         74 00 61 00
         62 00 6E 00
         20 00 30 00
         78 00 34 00
         34 00 2C 00
         30 00 2C 00
         37 00 39 00
         2C 00 00 00
         00 00      
00000567 08 00 00 00        		.dd LM11-_LedLights
00000569 0D 00 0A 00        		.dw 0x0d,0x0a
0000806E                    	.code
                            	LM11:
0000806E 12 95 07 70        		R2=[28679]	// QImode move
00008070 0A A7 FF 40        		R3=R2|16639
00008072 1B D7 07 70        		[28679]=R3	// QImode move
0000056B                    	.debug
0000056B 2E 00 73 00        		.dw '.stabn 0x44,0,80,',0,0
         74 00 61 00
         62 00 6E 00
         20 00 30 00
         78 00 34 00
         34 00 2C 00
         30 00 2C 00
         38 00 30 00
         2C 00 00 00
         00 00      
0000057E 0E 00 00 00        		.dd LM12-_LedLights
00000580 0D 00 0A 00        		.dw 0x0d,0x0a
00008074                    	.code
                            	LM12:
00008074 12 95 08 70        		R2=[28680]	// QImode move
00008076 0A A7 FF 40        		R3=R2|16639
00008078 1B D7 08 70        		[28680]=R3	// QImode move
00000582                    	.debug
00000582 2E 00 73 00        		.dw '.stabn 0x44,0,82,',0,0
         74 00 61 00
         62 00 6E 00
         20 00 30 00
         78 00 34 00
         34 00 2C 00
         30 00 2C 00
         38 00 32 00
         2C 00 00 00
         00 00      
00000595 14 00 00 00        		.dd LM13-_LedLights
00000597 0D 00 0A 00        		.dw 0x0d,0x0a
0000807A                    	.code
                            	LM13:
0000807A 0A 95 00 40        		R2=16384	// QImode move
0000807C 1A D5 05 70        		[28677]=R2	// QImode move
00000599                    	.debug
00000599 2E 00 73 00        		.dw '.stabn 0x44,0,83,',0,0
         74 00 61 00
         62 00 6E 00
         20 00 30 00
         78 00 34 00
         34 00 2C 00
         30 00 2C 00
         38 00 33 00
         2C 00 00 00
         00 00      
000005AC 18 00 00 00        		.dd LM14-_LedLights
000005AE 0D 00 0A 00        		.dw 0x0d,0x0a
0000807E                    	.code
                            	LM14:
0000807E 13 97 05 70        		R3=[28677]	// QImode move
00008080 03 95              		R2=R3	// QImode move
00008081 01 97              		R3=R1	// QImode move
00008082 C3 A4              		R2|=[R3]	// iorqi3_r0R
00008083 1A D5 05 70        		[28677]=R2	// QImode move
000005B0                    	.debug
000005B0 2E 00 73 00        		.dw '.stabn 0x44,0,84,',0,0
         74 00 61 00
         62 00 6E 00
         20 00 30 00
         78 00 34 00
         34 00 2C 00
         30 00 2C 00
         38 00 34 00
         2C 00 00 00
         00 00      
000005C3 1F 00 00 00        		.dd LM15-_LedLights
000005C5 0D 00 0A 00        		.dw 0x0d,0x0a
00008085                    	.code
                            	LM15:
000005C7                    	.debug
000005C7 2E 00 73 00        		.dw '.stabn 0x44,0,84,',0,0
         74 00 61 00
         62 00 6E 00
         20 00 30 00
         78 00 34 00
         34 00 2C 00
         30 00 2C 00
         38 00 34 00
         2C 00 00 00
         00 00      
000005DA 1F 00 00 00        		.dd LM16-_LedLights
000005DC 0D 00 0A 00        		.dw 0x0d,0x0a
00008085                    	.code
                            	LM16:
                            	L3:
                            	
00008085 88 98              		pop bp from [sp]
00008086 90 9A              		retf
                            		.endp	// end of LedLights
                            	
000005DE                    	.debug
000005DE 2E 00 73 00        		.dw '.stabs "BitValue:p1",160,0,0,3',0x0d,0x0a
         74 00 61 00
         62 00 73 00
         20 00 22 00
         42 00 69 00
         74 00 56 00
         61 00 6C 00
         75 00 65 00
         3A 00 70 00
         31 00 22 00
         2C 00 31 00
         36 00 30 00
         2C 00 30 00
         2C 00 30 00
         2C 00 33 00
         0D 00 0A 00
00008087                    	.CODE
000005FE                    	.debug
000005FE 2E 00 73 00        		.dw '.stabf ',0,0
         74 00 61 00
         62 00 66 00
         20 00 00 00
         00 00      
00000607 21 00 00 00        		.dd LME2-_LedLights
00000609 0D 00 0A 00        		.dw 0x0d,0x0a
00008087                    	.code
                            	LME2:
00008087                    	.code
0000060B                    	.debug
0000060B 2E 00 73 00        		.dw '.stabs "main:F1",36,0,0,',0,0,offset _main,seg _main,0x0d,0x0a
         74 00 61 00
         62 00 73 00
         20 00 22 00
         6D 00 61 00
         69 00 6E 00
         3A 00 46 00
         31 00 22 00
         2C 00 33 00
         36 00 2C 00
         30 00 2C 00
         30 00 2C 00
         00 00 00 00
         57 00 00 00
         0D 00 0A 00
00008087                    	.CODE
                            	.public _main
                            	_main:	.proc
00000629                    	.debug
00000629 2E 00 73 00        		.dw '.stabn 0x44,0,90,',0,0
         74 00 61 00
         62 00 6E 00
         20 00 30 00
         78 00 34 00
         34 00 2C 00
         30 00 2C 00
         39 00 30 00
         2C 00 00 00
         00 00      
0000063C 00 00 00 00        		.dd LM17-_main
0000063E 0D 00 0A 00        		.dw 0x0d,0x0a
00008087                    	.code
                            	LM17:
                            		// total=3, vars=3
                            		// frame_pointer_needed: 1
00008087 88 DA              		push bp to [sp]
00008088 43 20              		sp-=3
00008089 08 0B 01 00        		bp=sp+1
                            	
0000808B 0D 03 06 00        		R1=BP+6
0000808D 02 D2              		[bp+2]=R1	// QImode move
00000640                    	.debug
00000640 2E 00 73 00        		.dw '.stabn 0x44,0,91,',0,0
         74 00 61 00
         62 00 6E 00
         20 00 30 00
         78 00 34 00
         34 00 2C 00
         30 00 2C 00
         39 00 31 00
         2C 00 00 00
         00 00      
00000653 07 00 00 00        		.dd LM18-_main
00000655 0D 00 0A 00        		.dw 0x0d,0x0a
0000808E                    	.code
                            	LM18:
                            	LBB2:
00000657                    	.debug
00000657 2E 00 73 00        		.dw '.stabn 0x44,0,93,',0,0
         74 00 61 00
         62 00 6E 00
         20 00 30 00
         78 00 34 00
         34 00 2C 00
         30 00 2C 00
         39 00 33 00
         2C 00 00 00
         00 00      
0000066A 07 00 00 00        		.dd LM19-_main
0000066C 0D 00 0A 00        		.dw 0x0d,0x0a
0000808E                    	.code
                            	LM19:
                            	L5:
0000808E 0F 9F 92 80        		pc=L7	// Indirect jump
00008090 0F 9F F9 80        		pc=L6	// Indirect jump
                            	L7:
0000066E                    	.debug
0000066E 2E 00 73 00        		.dw '.stabn 0x44,0,95,',0,0
         74 00 61 00
         62 00 6E 00
         20 00 30 00
         78 00 34 00
         34 00 2C 00
         30 00 2C 00
         39 00 35 00
         2C 00 00 00
         00 00      
00000681 0B 00 00 00        		.dd LM20-_main
00000683 0D 00 0A 00        		.dw 0x0d,0x0a
00008092                    	.code
                            	LM20:
00008092 09 93 FF 00        		R1=255	// QImode move
00008094 C8 D2              		[SP--]=R1	// QImode move
00008095 40 F0 66 80        		call _LedLights	// call without return value
00008097 41 00              		SP=SP+1
00000685                    	.debug
00000685 2E 00 73 00        		.dw '.stabn 0x44,0,96,',0,0
         74 00 61 00
         62 00 6E 00
         20 00 30 00
         78 00 34 00
         34 00 2C 00
         30 00 2C 00
         39 00 36 00
         2C 00 00 00
         00 00      
00000698 11 00 00 00        		.dd LM21-_main
0000069A 0D 00 0A 00        		.dw 0x0d,0x0a
00008098                    	.code
                            	LM21:
00008098 05 93              		R1=BP	// QImode move
00008099 0D 05 01 00        		R2=BP+1
0000809B 09 63 A0 15        		R1=(-5536)	// QImode move
0000809D 02 97              		R3=R2	// QImode move
0000809E C3 D2              		[R3]=R1	// QImode move
                            	L8:
0000809F 05 93              		R1=BP	// QImode move
000080A0 0D 05 01 00        		R2=BP+1
000080A2 02 99              		R4=R2	// QImode move
000080A3 C4 92              		R1=[R4]	// QImode move
000080A4 40 42              		CMP R1,0	// QImode test
000080A5 02 5E              		JZ L20	// QImode NE
000080A6 0F 9F AA 80        		PC=L11
                            	L20:
000080A8 0F 9F BE 80        		pc=L9	// Indirect jump
                            	L11:
0000069C                    	.debug
0000069C 2E 00 73 00        		.dw '.stabn 0x44,0,98,',0,0
         74 00 61 00
         62 00 6E 00
         20 00 30 00
         78 00 34 00
         34 00 2C 00
         30 00 2C 00
         39 00 38 00
         2C 00 00 00
         00 00      
000006AF 23 00 00 00        		.dd LM22-_main
000006B1 0D 00 0A 00        		.dw 0x0d,0x0a
000080AA                    	.code
                            	LM22:
000080AA 41 92              		R1=1	// QImode move
000080AB 19 D3 12 70        		[28690]=R1	// QImode move
000006B3                    	.debug
000006B3 2E 00 73 00        		.dw '.stabn 0x44,0,96,',0,0
         74 00 61 00
         62 00 6E 00
         20 00 30 00
         78 00 34 00
         34 00 2C 00
         30 00 2C 00
         39 00 36 00
         2C 00 00 00
         00 00      
000006C6 26 00 00 00        		.dd LM23-_main
000006C8 0D 00 0A 00        		.dw 0x0d,0x0a
000080AD                    	.code
                            	LM23:
                            	L10:
000080AD 05 93              		R1=BP	// QImode move
000080AE 0D 05 01 00        		R2=BP+1
000080B0 05 97              		R3=BP	// QImode move
000080B1 0D 03 01 00        		R1=BP+1
000080B3 05 95              		R2=BP	// QImode move
000080B4 0D 07 01 00        		R3=BP+1
000080B6 03 99              		R4=R3	// QImode move
000080B7 C4 94              		R2=[R4]	// QImode move
000080B8 0A 07 FF FF        		R3=R2+(-1)
000080BA 01 95              		R2=R1	// QImode move
000080BB C2 D6              		[R2]=R3	// QImode move
000080BC 0F 9F 9F 80        		pc=L8	// Indirect jump
                            	L9:
000006CA                    	.debug
000006CA 2E 00 73 00        		.dw '.stabn 0x44,0,100,',0,0
         74 00 61 00
         62 00 6E 00
         20 00 30 00
         78 00 34 00
         34 00 2C 00
         30 00 2C 00
         31 00 30 00
         30 00 2C 00
         00 00 00 00
000006DE 37 00 00 00        		.dd LM24-_main
000006E0 0D 00 0A 00        		.dw 0x0d,0x0a
000080BE                    	.code
                            	LM24:
000080BE 05 93              		R1=BP	// QImode move
000080BF 0D 05 01 00        		R2=BP+1
000080C1 09 93 E8 03        		R1=1000	// QImode move
000080C3 02 97              		R3=R2	// QImode move
000080C4 C3 D2              		[R3]=R1	// QImode move
                            	L12:
000080C5 05 93              		R1=BP	// QImode move
000080C6 0D 05 01 00        		R2=BP+1
000080C8 02 99              		R4=R2	// QImode move
000080C9 C4 92              		R1=[R4]	// QImode move
000080CA 40 42              		CMP R1,0	// QImode test
000080CB 02 5E              		JZ L21	// QImode NE
000080CC 0F 9F D0 80        		PC=L15
                            	L21:
000080CE 0F 9F F7 80        		pc=L13	// Indirect jump
                            	L15:
000006E2                    	.debug
000006E2 2E 00 73 00        		.dw '.stabn 0x44,0,102,',0,0
         74 00 61 00
         62 00 6E 00
         20 00 30 00
         78 00 34 00
         34 00 2C 00
         30 00 2C 00
         31 00 30 00
         32 00 2C 00
         00 00 00 00
000006F6 49 00 00 00        		.dd LM25-_main
000006F8 0D 00 0A 00        		.dw 0x0d,0x0a
000080D0                    	.code
                            	LM25:
000080D0 41 92              		R1=1	// QImode move
000080D1 C5 D2              		[BP]=R1	// QImode move
                            	L16:
000080D2 C5 92              		R1=[BP]	// QImode move
000080D3 46 42              		CMP R1,6	// QImode compare
000080D4 02 9E              		JA L22	// QImode LEU
000080D5 0F 9F D9 80        		PC=L19
                            	L22:
000080D7 0F 9F E6 80        		pc=L14	// Indirect jump
                            	L19:
000006FA                    	.debug
000006FA 2E 00 73 00        		.dw '.stabn 0x44,0,103,',0,0
         74 00 61 00
         62 00 6E 00
         20 00 30 00
         78 00 34 00
         34 00 2C 00
         30 00 2C 00
         31 00 30 00
         33 00 2C 00
         00 00 00 00
0000070E 52 00 00 00        		.dd LM26-_main
00000710 0D 00 0A 00        		.dw 0x0d,0x0a
000080D9                    	.code
                            	LM26:
000080D9 48 92              		R1=8	// QImode move
000080DA C8 D2              		[SP--]=R1	// QImode move
000080DB C5 92              		R1=[BP]	// QImode move
000080DC C8 D2              		[SP--]=R1	// QImode move
000080DD 40 F0 30 80        		call _LedDispDig	// call without return value
000080DF 42 00              		SP=SP+2
00000712                    	.debug
00000712 2E 00 73 00        		.dw '.stabn 0x44,0,102,',0,0
         74 00 61 00
         62 00 6E 00
         20 00 30 00
         78 00 34 00
         34 00 2C 00
         30 00 2C 00
         31 00 30 00
         32 00 2C 00
         00 00 00 00
00000726 59 00 00 00        		.dd LM27-_main
00000728 0D 00 0A 00        		.dw 0x0d,0x0a
000080E0                    	.code
                            	LM27:
                            	L18:
000080E0 C5 92              		R1=[BP]	// QImode move
000080E1 09 05 01 00        		R2=R1+1
000080E3 C5 D4              		[BP]=R2	// QImode move
000080E4 0F 9F D2 80        		pc=L16	// Indirect jump
                            	L17:
0000072A                    	.debug
0000072A 2E 00 73 00        		.dw '.stabn 0x44,0,100,',0,0
         74 00 61 00
         62 00 6E 00
         20 00 30 00
         78 00 34 00
         34 00 2C 00
         30 00 2C 00
         31 00 30 00
         30 00 2C 00
         00 00 00 00
0000073E 5F 00 00 00        		.dd LM28-_main
00000740 0D 00 0A 00        		.dw 0x0d,0x0a
000080E6                    	.code
                            	LM28:
                            	L14:
000080E6 05 93              		R1=BP	// QImode move
000080E7 0D 05 01 00        		R2=BP+1
000080E9 05 97              		R3=BP	// QImode move
000080EA 0D 03 01 00        		R1=BP+1
000080EC 05 95              		R2=BP	// QImode move
000080ED 0D 07 01 00        		R3=BP+1
000080EF 03 99              		R4=R3	// QImode move
000080F0 C4 94              		R2=[R4]	// QImode move
000080F1 0A 07 FF FF        		R3=R2+(-1)
000080F3 01 95              		R2=R1	// QImode move
000080F4 C2 D6              		[R2]=R3	// QImode move
000080F5 0F 9F C5 80        		pc=L12	// Indirect jump
                            	L13:
00000742                    	.debug
00000742 2E 00 73 00        		.dw '.stabn 0x44,0,105,',0,0
         74 00 61 00
         62 00 6E 00
         20 00 30 00
         78 00 34 00
         34 00 2C 00
         30 00 2C 00
         31 00 30 00
         35 00 2C 00
         00 00 00 00
00000756 70 00 00 00        		.dd LM29-_main
00000758 0D 00 0A 00        		.dw 0x0d,0x0a
000080F7                    	.code
                            	LM29:
000080F7 0F 9F 8E 80        		pc=L5	// Indirect jump
                            	L6:
0000075A                    	.debug
0000075A 2E 00 73 00        		.dw '.stabn 0x44,0,106,',0,0
         74 00 61 00
         62 00 6E 00
         20 00 30 00
         78 00 34 00
         34 00 2C 00
         30 00 2C 00
         31 00 30 00
         36 00 2C 00
         00 00 00 00
0000076E 72 00 00 00        		.dd LM30-_main
00000770 0D 00 0A 00        		.dw 0x0d,0x0a
000080F9                    	.code
                            	LM30:
                            	LBE2:
00000772                    	.debug
00000772 2E 00 73 00        		.dw '.stabn 0x44,0,106,',0,0
         74 00 61 00
         62 00 6E 00
         20 00 30 00
         78 00 34 00
         34 00 2C 00
         30 00 2C 00
         31 00 30 00
         36 00 2C 00
         00 00 00 00
00000786 72 00 00 00        		.dd LM31-_main
00000788 0D 00 0A 00        		.dw 0x0d,0x0a
000080F9                    	.code
                            	LM31:
                            	L4:
                            	
000080F9 43 00              		sp+=3
000080FA 88 98              		pop bp from [sp]
000080FB 90 9A              		retf
                            		.endp	// end of main
                            	
0000078A                    	.debug
0000078A 2E 00 73 00        		.dw '.stabn 0xc0,0,0,',0,0
         74 00 61 00
         62 00 6E 00
         20 00 30 00
         78 00 63 00
         30 00 2C 00
         30 00 2C 00
         30 00 2C 00
         00 00 00 00
0000079C 07 00 00 00        		.dd LBB2-_main
0000079E 0D 00 0A 00        		.dw 0x0d,0x0a
000080FC                    	.code
000007A0                    	.debug
000007A0 2E 00 73 00        		.dw '.stabs "Pos:4",128,0,0,0',0x0d,0x0a
         74 00 61 00
         62 00 73 00
         20 00 22 00
         50 00 6F 00
         73 00 3A 00
         34 00 22 00
         2C 00 31 00
         32 00 38 00
         2C 00 30 00
         2C 00 30 00
         2C 00 30 00
         0D 00 0A 00
000080FC                    	.CODE
000007BA                    	.debug
000007BA 2E 00 73 00        		.dw '.stabs "TimerCnt:4",128,0,0,1',0x0d,0x0a
         74 00 61 00
         62 00 73 00
         20 00 22 00
         54 00 69 00
         6D 00 65 00
         72 00 43 00
         6E 00 74 00
         3A 00 34 00
         22 00 2C 00
         31 00 32 00
         38 00 2C 00
         30 00 2C 00
         30 00 2C 00
         31 00 0D 00
         0A 00      
000080FC                    	.CODE
000007D9                    	.debug
000007D9 2E 00 73 00        		.dw '.stabn 0xe0,0,0,',0,0
         74 00 61 00
         62 00 6E 00
         20 00 30 00
         78 00 65 00
         30 00 2C 00
         30 00 2C 00
         30 00 2C 00
         00 00 00 00
000007EB 72 00 00 00        		.dd LBE2-_main
000007ED 0D 00 0A 00        		.dw 0x0d,0x0a
000080FC                    	.code
000007EF                    	.debug
000007EF 2E 00 73 00        		.dw '.stabf ',0,0
         74 00 61 00
         62 00 66 00
         20 00 00 00
         00 00      
000007F8 75 00 00 00        		.dd LME3-_main
000007FA 0D 00 0A 00        		.dw 0x0d,0x0a
000080FC                    	.code
                            	LME3:
                            	.external __lshiu1
                            		.end
0 error(s), 0 warning(s).

