                        .module chengxu.c
                        .area data(ram, con, rel)
 0000           _duan::
 0000                   .blkb 2
                        .area idata
 0000 C0F9              .byte 192,249
                        .area data(ram, con, rel)
 0002                   .blkb 2
                        .area idata
 0002 A4B0              .byte 164,176
                        .area data(ram, con, rel)
 0004                   .blkb 2
                        .area idata
 0004 9992              .byte 153,146
                        .area data(ram, con, rel)
 0006                   .blkb 2
                        .area idata
 0006 82F8              .byte 130,248
                        .area data(ram, con, rel)
 0008                   .blkb 2
                        .area idata
 0008 8090              .byte 128,144
                        .area data(ram, con, rel)
 000A                   .dbfile D:\Proteus仿真实例\ATMEGA8\数码管计数器设计\icc\chengxu.c
 000A                   .dbsym e duan _duan A[10:10]c
 000A           _wei::
 000A                   .blkb 2
                        .area idata
 000A 0804              .byte 8,4
                        .area data(ram, con, rel)
 000C                   .dbfile D:\Proteus仿真实例\ATMEGA8\数码管计数器设计\icc\chengxu.c
 000C                   .blkb 2
                        .area idata
 000C 0201              .byte 2,1
                        .area data(ram, con, rel)
 000E                   .dbfile D:\Proteus仿真实例\ATMEGA8\数码管计数器设计\icc\chengxu.c
 000E                   .dbsym e wei _wei A[4:4]c
 000E           _CNT::
 000E                   .blkb 1
                        .area idata
 000E 00                .byte 0
                        .area data(ram, con, rel)
 000F                   .dbfile D:\Proteus仿真实例\ATMEGA8\数码管计数器设计\icc\chengxu.c
 000F                   .dbsym e CNT _CNT c
                        .area text(rom, con, rel)
 0000                   .dbfile D:\Proteus仿真实例\ATMEGA8\数码管计数器设计\icc\chengxu.c
 0000                   .dbfunc e delay _delay fV
 0000           ;              i -> R20
 0000           ;              j -> R22
 0000           ;              t -> R16
                        .even
 0000           _delay::
 0000 00D0              rcall push_gset2
 0002                   .dbline -1
 0002                   .dbline 15
 0002           ; #include <iom8v.h>
 0002           ; #define uchar unsigned char 
 0002           ; #define uint unsigned int
 0002           ; uchar duan[10]={0xc0,0Xf9,0xa4,0xb0,0x99,0x92,0x82,0xf8,0x80,0x90};    //所需的段的位码
 0002           ; //uchar wei[4]={0XFE,0XFD,0XFB,0XF7};                                 //位的控制端    (开发板)
 0002           ; uchar wei[4]={0X08,0X04,0X02,0X01};                                 //位的控制端      (仿真)
 0002           ; uint z,x,c,v, date;   //定义数据类型
 0002           ; uchar CNT=0;//计数初值
 0002           ; /******************************************************************
 0002           ; 
 0002           ; 延时函数
 0002           ; 
 0002           ; ******************************************************************/
 0002           ; void delay(uchar t)
 0002           ; {
 0002                   .dbline 17
 0002           ;   uchar i,j;
 0002           ;    for(i=0;i<t;i++)
 0002 4427              clr R20
 0004 07C0              rjmp L5
 0006           L2:
 0006                   .dbline 18
 0006           ;    {
 0006                   .dbline 19
 0006 6DE0              ldi R22,13
 0008 01C0              rjmp L9
 000A           L6:
 000A                   .dbline 19
 000A           L7:
 000A                   .dbline 19
 000A 6A95              dec R22
 000C           L9:
 000C                   .dbline 19
 000C 2224              clr R2
 000E 2616              cp R2,R22
 0010 E0F3              brlo L6
 0012                   .dbline 20
 0012                   .dbline 20
 0012                   .dbline 21
 0012                   .dbline 22
 0012           L3:
 0012                   .dbline 17
 0012 4395              inc R20
 0014           L5:
 0014                   .dbline 17
 0014 4017              cp R20,R16
 0016 B8F3              brlo L2
 0018                   .dbline -2
 0018           L1:
 0018 00D0              rcall pop_gset2
 001A                   .dbline 0 ; func end
 001A 0895              ret
 001C                   .dbsym r i 20 c
 001C                   .dbsym r j 22 c
 001C                   .dbsym r t 16 c
 001C                   .dbend
 001C                   .dbfunc e xianshi _xianshi fV
                        .even
 001C           _xianshi::
 001C                   .dbline -1
 001C                   .dbline 29
 001C           ;        for(j=13;j>0;j--);
 001C           ;        { ;
 001C           ;        }
 001C           ;    }
 001C           ; }
 001C           ; 
 001C           ; /**********************************************************************
 001C           ;                 数码管动态扫描
 001C           ; *********************************************************************/
 001C           ; void xianshi()
 001C           ;  { 
 001C                   .dbline 31
 001C           ;  /*****************数据转换*****************************/ 
 001C           ;   z=date/1000;                         //求千位
 001C 28EE              ldi R18,1000
 001E 33E0              ldi R19,3
 0020 00910000          lds R16,_date
 0024 10910100          lds R17,_date+1
 0028 00D0              rcall div16u
 002A 10930900          sts _z+1,R17
 002E 00930800          sts _z,R16
 0032                   .dbline 32
 0032           ;   x=date%1000/100;             //求百位
 0032 28EE              ldi R18,1000
 0034 33E0              ldi R19,3
 0036 00910000          lds R16,_date
 003A 10910100          lds R17,_date+1
 003E 00D0              rcall mod16u
 0040 24E6              ldi R18,100
 0042 30E0              ldi R19,0
 0044 00D0              rcall div16u
 0046 10930700          sts _x+1,R17
 004A 00930600          sts _x,R16
 004E                   .dbline 33
 004E           ;   c=date%100/10;               //求十位
 004E 24E6              ldi R18,100
 0050 30E0              ldi R19,0
 0052 00910000          lds R16,_date
 0056 10910100          lds R17,_date+1
 005A 00D0              rcall mod16u
 005C 2AE0              ldi R18,10
 005E 30E0              ldi R19,0
 0060 00D0              rcall div16u
 0062 10930500          sts _c+1,R17
 0066 00930400          sts _c,R16
 006A                   .dbline 34
 006A           ;   v=date%10;                   //求个位
 006A 2AE0              ldi R18,10
 006C 30E0              ldi R19,0
 006E 00910000          lds R16,_date
 0072 10910100          lds R17,_date+1
 0076 00D0              rcall mod16u
 0078 10930300          sts _v+1,R17
 007C 00930200          sts _v,R16
 0080                   .dbline 36
 0080           ; 
 0080           ;       PORTC=wei[0];
 0080 20900A00          lds R2,_wei
 0084 25BA              out 0x15,R2
 0086                   .dbline 37
 0086           ;         PORTB=duan[z];
 0086 80E0              ldi R24,<_duan
 0088 90E0              ldi R25,>_duan
 008A E0910800          lds R30,_z
 008E F0910900          lds R31,_z+1
 0092 E80F              add R30,R24
 0094 F91F              adc R31,R25
 0096 2080              ldd R2,z+0
 0098 28BA              out 0x18,R2
 009A                   .dbline 38
 009A           ;         delay(50);  
 009A 02E3              ldi R16,50
 009C B1DF              rcall _delay
 009E                   .dbline 39
 009E           ;         PORTC=wei[1];
 009E 20900B00          lds R2,_wei+1
 00A2 25BA              out 0x15,R2
 00A4                   .dbline 40
 00A4           ;       PORTB=duan[x];
 00A4 80E0              ldi R24,<_duan
 00A6 90E0              ldi R25,>_duan
 00A8 E0910600          lds R30,_x
 00AC F0910700          lds R31,_x+1
 00B0 E80F              add R30,R24
 00B2 F91F              adc R31,R25
 00B4 2080              ldd R2,z+0
 00B6 28BA              out 0x18,R2
 00B8                   .dbline 41
 00B8           ;         delay(50);  
 00B8 02E3              ldi R16,50
 00BA A2DF              rcall _delay
 00BC                   .dbline 42
 00BC           ;         PORTC=wei[2];
 00BC 20900C00          lds R2,_wei+2
 00C0 25BA              out 0x15,R2
 00C2                   .dbline 43
 00C2           ;       PORTB=duan[c];
 00C2 80E0              ldi R24,<_duan
 00C4 90E0              ldi R25,>_duan
 00C6 E0910400          lds R30,_c
 00CA F0910500          lds R31,_c+1
 00CE E80F              add R30,R24
 00D0 F91F              adc R31,R25
 00D2 2080              ldd R2,z+0
 00D4 28BA              out 0x18,R2
 00D6                   .dbline 44
 00D6           ;         delay(50);  
 00D6 02E3              ldi R16,50
 00D8 93DF              rcall _delay
 00DA                   .dbline 45
 00DA           ;       PORTC=wei[3];
 00DA 20900D00          lds R2,_wei+3
 00DE 25BA              out 0x15,R2
 00E0                   .dbline 46
 00E0           ;       PORTB=duan[v];
 00E0 80E0              ldi R24,<_duan
 00E2 90E0              ldi R25,>_duan
 00E4 E0910200          lds R30,_v
 00E8 F0910300          lds R31,_v+1
 00EC E80F              add R30,R24
 00EE F91F              adc R31,R25
 00F0 2080              ldd R2,z+0
 00F2 28BA              out 0x18,R2
 00F4                   .dbline 47
 00F4           ;         delay(50);  
 00F4 02E3              ldi R16,50
 00F6 84DF              rcall _delay
 00F8                   .dbline -2
 00F8           L10:
 00F8                   .dbline 0 ; func end
 00F8 0895              ret
 00FA                   .dbend
 00FA                   .dbfunc e Init_IO _Init_IO fV
                        .even
 00FA           _Init_IO::
 00FA                   .dbline -1
 00FA                   .dbline 53
 00FA           ;                                      
 00FA           ; 
 00FA           ;  }
 00FA           ; //////////////////////////////初始化////////////////////////////////////
 00FA           ; void Init_IO(void)//初始化I/O
 00FA           ; {
 00FA                   .dbline 55
 00FA           ; //设置B口为输入
 00FA           ; DDRB=0xFF;
 00FA 8FEF              ldi R24,255
 00FC 87BB              out 0x17,R24
 00FE                   .dbline 56
 00FE           ; PORTB=0xFF;
 00FE 88BB              out 0x18,R24
 0100                   .dbline 58
 0100           ; //设置C口为输出
 0100           ; DDRC=0xFF;
 0100 84BB              out 0x14,R24
 0102                   .dbline 59
 0102           ; PORTC=0xFF;
 0102 85BB              out 0x15,R24
 0104                   .dbline 61
 0104           ; //设置D口为输出
 0104           ; DDRD=0X00;
 0104 2224              clr R2
 0106 21BA              out 0x11,R2
 0108                   .dbline 62
 0108           ; PORTD=0x00;
 0108 22BA              out 0x12,R2
 010A                   .dbline -2
 010A           L14:
 010A                   .dbline 0 ; func end
 010A 0895              ret
 010C                   .dbend
 010C                   .dbfunc e main _main fV
 010C           ;           Load -> R20
                        .even
 010C           _main::
 010C                   .dbline -1
 010C                   .dbline 66
 010C           ; }
 010C           ; /////////////////////////////主函数/////////////////////////////////////
 010C           ; void main(void)
 010C           ; {
 010C                   .dbline 68
 010C           ; uchar Load;
 010C           ; Init_IO();  //初始化I/O
 010C F6DF              rcall _Init_IO
 010E                   .dbline 69
 010E           ; PORTC=0XFF; //点亮数码管
 010E 8FEF              ldi R24,255
 0110 85BB              out 0x15,R24
 0112                   .dbline 70
 0112           ; PORTB=0X00; //点亮数码管
 0112 2224              clr R2
 0114 28BA              out 0x18,R2
 0116                   .dbline 71
 0116           ; delay(30);//延时
 0116 0EE1              ldi R16,30
 0118 73DF              rcall _delay
 011A                   .dbline 72
 011A           ; PORTB=0xff; //关闭数码管
 011A 8FEF              ldi R24,255
 011C 88BB              out 0x18,R24
 011E                   .dbline 73
 011E           ; TCCR0=0x06; //T/C0工作方式选择，系统时钟256分频
 011E 86E0              ldi R24,6
 0120 83BF              out 0x33,R24
 0122                   .dbline 74
 0122           ; TCNT0=CNT; //计数初始值
 0122 20900E00          lds R2,_CNT
 0126 22BE              out 0x32,R2
 0128 08C0              rjmp L17
 012A           L16:
 012A                   .dbline 80
 012A                   .dbline 81
 012A 42B7              in R20,0x32
 012C                   .dbline 82
 012C 242E              mov R2,R20
 012E 3324              clr R3
 0130 30920100          sts _date+1,R3
 0134 20920000          sts _date,R2
 0138                   .dbline 83
 0138 71DF              rcall _xianshi
 013A                   .dbline 86
 013A           L17:
 013A                   .dbline 79
 013A F7CF              rjmp L16
 013C           X0:
 013C                   .dbline -2
 013C           L15:
 013C                   .dbline 0 ; func end
 013C 0895              ret
 013E                   .dbsym r Load 20 c
 013E                   .dbend
                        .area bss(ram, con, rel)
 0000                   .dbfile D:\Proteus仿真实例\ATMEGA8\数码管计数器设计\icc\chengxu.c
 0000           _date::
 0000                   .blkb 2
 0002                   .dbsym e date _date i
 0002           _v::
 0002                   .blkb 2
 0004                   .dbsym e v _v i
 0004           _c::
 0004                   .blkb 2
 0006                   .dbsym e c _c i
 0006           _x::
 0006                   .blkb 2
 0008                   .dbsym e x _x i
 0008           _z::
 0008                   .blkb 2
 000A                   .dbsym e z _z i
