Sunplus u'nSP Assembler - Ver. 1.8.0
              Listing File Has Been Relocated
                            	//========================================================================================
                            	// Progarm: The head file for key.asm in assembly view
                            	// Arranged by: Andy Hsu
                            	// Last modified date: 
                            	// 		2000/06/23: first version
                            	//		2000/07/20: modified
                            	//
                            	// Functions:
                            	//  F_Key_Scan_Initial;
                            	//  F_Key_Scan_ServiceLoop;
                            	//  F_Key_DebounceCnt_Down;
                            	//
                            	//	call F_SP_GetCh;		
                            	//========================================================================================
                            	.INCLUDE hardware.inc;
                     <      	//========================================================================================
                     <      	// Progarm: The file be included by modules
                     <      	// Arranged by: Andy Hsu
                     <      	// Date: 	2000/06/23: first version
                     <      	//		2000/07/24: modified
                     <      	//		2000/10/20: modified for version 52A
                     <      	//========================================================================================
                     <      	//////////////////////////////////////////////////////////////////
                     <      	// Definitions for I/O Port
                     <      	//////////////////////////////////////////////////////////////////
                     <      	.DEFINE	P_IOA_Data   		0x7000;        // Write Data into data register and read from IOA pad
                     <      	.DEFINE P_IOA_Buffer        0x7001;        // Write Data into buffer register and read from buffer register
                     <      	.DEFINE P_IOA_Dir           0x7002;        // Direction vector for IOA
                     <      	.DEFINE P_IOA_Attrib        0x7003;        // Attribute vector for IOA
                     <      	.DEFINE P_IOA_Latch         0x7004;        // Latch PortA data for key change wake-up
                     <      	
                     <      	.DEFINE P_IOB_Data         	0x7005;        // Write Data into the data register and read from IOB pad
                     <      	.DEFINE P_IOB_Buffer        0x7006;        // Write Data into buffer register and read from buffer register
                     <      	.DEFINE P_IOB_Dir           0x7007;        // Direction vector for IOB
                     <      	.DEFINE P_IOB_Attrib        0x7008;        // Attribute vector for IOB
                     <      	
                     <      	.DEFINE P_FeedBack          0x7009;        // Clock form external R,C
                     <      	.DEFINE P_TimerA_Data       0x700A;        // Data port for TimerA 
                     <      	.DEFINE P_TimerA_Ctrl       0x700B;        // Control Port for TimerA
                     <      	.DEFINE P_TimerB_Data       0x700C;        // Data port for TimerB
                     <      	.DEFINE P_TimerB_Ctrl       0x700D;        // Control Port for TimerB
                     <      	.DEFINE P_TimeBase_Setup    0x700E;        // TimerBase Freq. Set
                     <      	.DEFINE P_TimeBase_Clear	0x700F;		   // Reset Timerbase counter
                     <      	.DEFINE P_INT_Ctrl          0x7010;        // Control port for interrupt source
                     <      	.DEFINE P_INT_Clear         0x7011;        // Clear interrupt source
                     <      	.DEFINE P_Watchdog_Clear    0x7012;        // Watchdog Reset
                     <      	.DEFINE P_SystemClock       0x7013;        // Change system clock frequency(include go to standby mode)
                     <      	
                     <      	//... PA6442 Old version (for EC-02) ...........
                     <      	//.DEFINE P_ADDA               0x7014;        //10-bit DA(W) AD(R)
                     <      	//.DEFINE P_DAC1               0x7014;        //
                     <      	//.DEFINE P_AD_Ctrl            0x7015;        //AD/DA control
                     <      	//.DEFINE P_AD_Status          0x7015;        //AD status
                     <      	//.DEFINE P_DAC2               0x7016;        //DAC channel 2
                     <      	//.DEFINE P_PWM                0x7016;        //PWM output
                     <      	//.DEFINE P_DA_Ctrl            0x7017;        //DAC latch control
                     <      	
                     <      	//... PA6442 New version MC52A (For EC-03)....
                     <      	.DEFINE P_ADC 	        	0x7014;        	// Data Port for AD
                     <      	.DEFINE P_ADC_Ctrl          0x7015;        	// Control Port for AD control
                     <      	.DEFINE P_ADC_Status        0x7015;        	// AD Port Status
                     <      	.DEFINE P_DAC2              0x7016;        	// Data Port for DAC2
                     <      	.DEFINE P_PWM               0x7016;        	// Data Port for PWM
                     <      	.DEFINE P_DAC1	        	0x7017;        	// Data Port for DAC1
                     <      	.DEFINE P_DAC_Ctrl			0x702A;			// Control Port for two DAC and audio output mode
                     <      	//............................................
                     <      	
                     <      	.DEFINE P_IR_Ctrl			0x7018;			// Control Port for IR
                     <      	.DEFINE P_LVD_Ctrl          0x7019;        	// Control Port for LVD
                     <      	
                     <      	.DEFINE P_SIO_Addr_Low		0x701B;			// Address Port low
                     <      	.DEFINE P_SIO_Addr_Mid		0x701C;			// Address Port middle
                     <      	.DEFINE P_SIO_Addr_High	 	0x701D;			// Address Port high
                     <      	.DEFINE P_SIO_Ctrl			0x701E;			// Control Port
                     <      	.DEFINE P_SIO_Start			0x701F;			// Start port for serial interface
                     <      	.DEFINE P_SIO_Stop			0x7020;			// Stop port for serial interface
                     <      	
                     <      	.DEFINE P_UART_Command1		 0x7021;		// Command1 Port for UART
                     <      	.DEFINE P_UART_Command2		 0x7022;		// Command2 Port for UART
                     <      	.DEFINE P_UART_Data			 0x7023; 		// Data Port for UART
                     <      	.DEFINE	P_UART_BaudScalarLow 0x7024;		// Set Baud Rate scalar low
                     <      	.DEFINE	P_UART_BaudScalarHigh 0x7025;		// Set Baud Rate scalar high
                     <      	
                     <      	
                     <      	//... Definitions for P_INT_Ctrl ..............
                     <      	.DEFINE C_IRQ6_TMB2             0x0001;        	// Timer B IRQ6
                     <      	.DEFINE C_IRQ6_TMB1             0x0002;        	// Timer A IRQ6
                     <      	.DEFINE C_IRQ5_2Hz              0x0004;        	// 2Hz IRQ5
                     <      	.DEFINE C_IRQ5_4Hz              0x0008;        	// 4Hz IRQ5
                     <      	.DEFINE C_IRQ4_1KHz             0x0010;        	// 1024Hz IRQ4
                     <      	.DEFINE C_IRQ4_2KHz             0x0020;        	// 2048Hz IRQ4
                     <      	.DEFINE C_IRQ4_4KHz             0x0040;        	// 4096Hz IRQ4
                     <      	.DEFINE C_IRQ3_KEY              0x0080;        	// Key Change IRQ3
                     <      	.DEFINE C_IRQ3_EXT1             0x0100;        	// Ext1 IRQ3
                     <      	.DEFINE C_IRQ3_EXT2             0x0200;        	// Ext2 IRQ3
                     <      	.DEFINE C_IRQ2_TMB              0x0400;        	// Timer B IRQ2
                     <      	.DEFINE C_FIQ_TMB               0x0800;        	// Timer B FIQ
                     <      	.DEFINE C_IRQ1_TMA              0x1000;        	// Timer A IRQ1
                     <      	.DEFINE C_FIQ_TMA               0x2000;        	// Timer A FIQ
                     <      	.DEFINE C_IRQ0_PWM              0x4000;        	// PWM IRQ0
                     <      	.DEFINE C_FIQ_PWM               0x8000;        	// PWM FIQ
                     <      	
                     <      	// Definitions for P_TimerA/B_Ctrl ............                               
                     <      	.DEFINE	C_Fosc_2				0x0000;			// 
                     <      	.DEFINE	C_Fosc_256		    	0x0001;			//
                     <      	.DEFINE	C_32768Hz				0x0002;			//
                     <      	.DEFINE	C_8192Hz				0x0003;			//
                     <      	.DEFINE	C_4096Hz				0x0004;			//
                     <      	.DEFINE	C_A1					0x0005;			//
                     <      	.DEFINE C_A0					0x0006;			//
                     <      	.DEFINE C_Ext1					0x0007;			//
                     <      	
                     <      	.DEFINE	C_2048Hz				0x0000;			//
                     <      	.DEFINE	C_1024Hz				0x0008;			//
                     <      	.DEFINE	C_256Hz					0x0010;			//
                     <      	.DEFINE	C_TMB1Hz				0x0018;			//
                     <      	.DEFINE	C_4Hz					0x0020;			//
                     <      	.DEFINE	C_2Hz					0x0028;			//
                     <      	.DEFINE	C_B1					0x0030;			//
                     <      	.DEFINE	C_Ext2					0x0038;			//
                     <      	
                     <      	.DEFINE	C_Off					0x0000;			//
                     <      	.DEFINE C_D1					0x0040;			//
                     <      	.DEFINE C_D2					0x0080;			//
                     <      	.DEFINE C_D3					0x00C0;			//
                     <      	.DEFINE C_D4					0x0100;			//
                     <      	.DEFINE C_D5					0x0140;			//
                     <      	.DEFINE C_D6					0x0180;			//
                     <      	.DEFINE C_D7					0x01C0;			//
                     <      	.DEFINE C_D8					0x0200;			//
                     <      	.DEFINE C_D9					0x0240;			//
                     <      	.DEFINE C_D10					0x0280;			//
                     <      	.DEFINE C_D11					0x02C0;			//
                     <      	.DEFINE C_D12					0x0300;			//
                     <      	.DEFINE C_D13					0x0340;			//
                     <      	.DEFINE C_D14					0x0380;			//
                     <      	.DEFINE C_TA_Div_2				0x03C0;			// Timer A
                     <      	.DEFINE C_TB_Div_2				0x03C0;			// Timer B
                     <      	
                     <      	//... Definition for P_SystemClock ............
                     <      	.DEFINE C_Fosc					0x0000;			// b3..b0
                     <      	.DEFINE C_Fosc_Div_2			0x0001;			//
                     <      	.DEFINE C_Fosc_Div_4			0x0002;			//
                     <      	.DEFINE C_Fosc_Div_8			0x0003;			// (default)
                     <      	.DEFINE C_Fosc_Div_16			0x0004;			//
                     <      	.DEFINE C_Fosc_Div_32			0x0005;			//
                     <      	.DEFINE C_Fosc_Div_64			0x0006;			//
                     <      	.DEFINE C_Sleep					0x0007;		 	//
                     <      	
                     <      	.DEFINE	C_32K_Work				0x0000;			// b4
                     <      	.DEFINE C_32K_Off				0x0000;			// 
                     <      	.DEFINE C_StrongMode			0x0000;			// b5
                     <      	.DEFINE C_AutoMode				0x0000;			//
                     <      	
                     <      	//... Define for P_AD_Ctrl ....................
                     <      	.DEFINE	C_AD					0x0001;			//
                     <      	.DEFINE C_DA					0x0000;			//
                     <      	.DEFINE C_MIC					0x0000;			//
                     <      	.DEFINE C_LINE					0x0002;			//
                     <      	
                     <      	//... Define for P_DA_Ctrl ....................
                     <      	.DEFINE C_PushPull				0x0000;			// b0, (default) 
                     <      	.DEFINE C_DoubleEnd				0x0001;			// b0
                     <      	.DEFINE	C_DAC_Mode				0x0000;			// b1, (default)
                     <      	.DEFINE C_PWM_Mode				0x0002;			// b1
                     <      	
                     <      	.DEFINE	C_D1_Direct				0x0000;			// DAC1 latch
                     <      	.DEFINE C_D1_LatchA				0x0008;			// 
                     <      	.DEFINE C_D1_LatchB				0x0010;			//
                     <      	.DEFINE C_D1_LatchAB			0x0018;			//
                     <      	
                     <      	.DEFINE	C_D2_Direct				0x0000;			// DAC2 latch
                     <      	.DEFINE C_D2_LatchA				0x0020;			// 
                     <      	.DEFINE C_D2_LatchB				0x0040;			//
                     <      	.DEFINE C_D2_LatchAB			0x00C0;			//
                     <      	
                     <      	//... Define for P_LVD_Ctrl ...................
                     <      	.DEFINE C_LVD24V				0x0000;			// LVD = 2.4V 
                     <      	.DEFINE C_LVD28V				0x0001;			// LVD = 2.8V
                     <      	.DEFINE C_LVD32V				0x0002;			// LVD = 3.2V
                     <      	.DEFINE C_LVD36V				0x0003;			// LVD = 3.6V
                     <      	
                     <      	
                     <      	.EXTERNAL	F_SP_Read_INT_Status;			// for further use
                     <      	.EXTERNAL 	F_SP_Write_INT_Status;			// for further use
                     <      	.EXTERNAL  	F_SP_Set_INT_Vector;			// for further use
                     <      	.EXTERNAL	F_SP_Clear_INT_Vector;			// for further use
                     <      	
                     <      	.EXTERNAL	F_SP_Send_Out;					//
                     <      	.EXTERNAL	F_SP_Send_DAC1;					//
                     <      	.EXTERNAL	F_SP_Send_DAC2;					//
                     <      	.EXTERNAL	F_SP_Send_Two_DAC;				//
                     <      	.EXTERNAL	F_SP_Init_HW;					//
                     <      	
                     <      	.EXTERNAL	R_InterruptStatus;
                     <      	
                     <      	
                     <      	.EXTERNAL 	F_SP_RampUpDAC1;
                     <      	.EXTERNAL 	F_SP_RampDnDAC1;
                     <      	.EXTERNAL 	F_SP_RampUpDAC2;
                     <      	.EXTERNAL  	F_SP_RampDnDAC2;
                     <      	
                     <      	.EXTERNAL 	F_SP_InitQueue;
                     <      	.EXTERNAL 	F_SP_ReadQueue;
                     <      	.EXTERNAL 	F_SP_WriteQueue;
                     <      	.EXTERNAL 	F_SP_TestQueue;
                     <      	
                     <      	
                     <      	
                     <      	.EXTERNAL	F_SP_Get_ADC
                     <      	
                     <      	.EXTERNAL 	F_SP_Set_P_TimerA_Ctrl
                     <      	.EXTERNAL 	F_SP_Set_P_TimerA_Data
                     <      	.EXTERNAL 	F_SP_Set_P_TimerB_Ctrl
                     <      	.EXTERNAL 	F_SP_Set_P_TimerB_Data
                     <      	.EXTERNAL 	F_SP_Set_P_INT_Ctrl
                     <      	.EXTERNAL 	F_SP_Set_P_INT_Clear
                     <      	.EXTERNAL 	F_SP_Set_P_SystemClock
                     <      	.EXTERNAL 	F_SP_Set_P_DAC_Ctrl
                     <      	.EXTERNAL 	F_SP_Set_P_ADC_Ctrl
                     <      	
                     <      		
                     <      	
                     <      	//--------------------------------------------
                     <      	SACM_MACRO1: 	.MACRO
                     <      		
                     <      		.ENDM
                     <      	
                     <      	SACM_MACRO2:	.MACRO
                     <      		
                     <      		.ENDM
                     <      	
                     <      	
                     <      	
                     <      	
                     <      	//.define PC_Play_Enable_A2000		1    	// Enable the PC-Play function for SACM-A2000 module
                     <      	//.define PC_Play_Enable_S480		1    	// Enable the PC-Play function for SACM-S480 module
                     <      	//.define PC_Play_Enable_S240		1    	// Enable the PC-Play function for SACM-S240 module    
                     <      	//.define PC_Play_Enable_MS01		1    	// Enable the PC-Play function for SACM-MS01 module
                     <      	
                     <      	
                     <      	
                     <      	//========================================================================================        
                     <      	// End of hardware.inc
                     <      	//========================================================================================
                            	
                            	.PUBLIC	F_Key_Scan_Initial;
                            	.PUBLIC F_Key_Scan_ServiceLoop;
                            	.PUBLIC F_Key_Scan_ServiceLoop_2;
                            	.PUBLIC F_Key_DebounceCnt_Down;
                            	.PUBLIC _SP_GetCh;
                            	.PUBLIC	F_SP_GetCh;
                            	
                            	.PUBLIC R_KeyStrobe;
                            	
                            	//////////////////////////////////////////////////////////////////
                            	// RAM Define Area								
                            	//////////////////////////////////////////////////////////////////
000001A4                    	.RAM
000001A4 00 00              	.VAR	R_DebounceReg;						//for keyboard scan
                            	.DEFINE C_DebounceCnt			0x0002;		
                            	
000001A5 00 00              	.VAR	R_DebounceCnt;						//for keyboard scan
000001A6 00 00              	.VAR	R_KeyBuf;							//for keyboard scan
000001A7 00 00              	.VAR	R_KeyStrobe;						//for keyboard scan
                            	
00008B3D                    	.CODE
                            	//////////////////////////////////////////////////////////////////
                            	// Function: Initialization for F_Key_Scan_ServiceLoop
                            	//////////////////////////////////////////////////////////////////     
                            	F_Key_Scan_Initial:
00008B3D 40 92              			r1 = 0x0000;					//
00008B3E 19 D3 A4 01        			[R_DebounceReg] = r1;			//
00008B40 19 D3 A6 01        			[R_KeyBuf] = r1; 				//
00008B42 19 D3 A7 01        			[R_KeyStrobe] = r1;				//
00008B44 42 92              			r1 = C_DebounceCnt;				//
00008B45 19 D3 A5 01        			[R_DebounceCnt] = r1;			//reset debounce counter
00008B47 90 9A              			retf;
                            	
                            	//////////////////////////////////////////////////////////////////
                            	// Function: Get Key code from key pad(8 x 1 key pad)
                            	// Input: Port IOA b7-b0
                            	// Output: R_KeyStrobe b7-b0
                            	//          | 	  |     |     | 
                            	// +Vcc --- x --- x ... x --- x ---   
                            	//          |     |     |     |
                            	//          IOA.7             IOA.0
                            	// Note: 1)link F_DebounceCntDown is necessary 
                            	// Destory register: r1, r2                                            
                            	////////////////////////////////////////////////////////////////// 
                            	F_Key_Scan_ServiceLoop:
                            			
00008B48 11 93 00 70        	     	r1 = [P_IOA_Data];			// get key data from IOA   
                            	    	//r1 = [P_IOB_Data];			// get key data from IOB
                            		    	
00008B4A 09 B3 FF 00        	        r1 = r1 and 0xff;				//
00008B4C 12 95 A4 01        	        r2 = [R_DebounceReg];			//
00008B4E 19 D3 A4 01        	        [R_DebounceReg] = r1;			//
00008B50 12 45 A4 01        	        cmp r2,[R_DebounceReg];			//
00008B52 04 5E              	        je	L_KS_StableTwoSample;		//
                            	        
00008B53 42 92              	        r1 = C_DebounceCnt;				//debounce time setting
00008B54 19 D3 A5 01        	        [R_DebounceCnt] = r1;			//
00008B56 90 9A              	        retf;							//
                            	        
                            	L_KS_StableTwoSample:
00008B57 11 93 A5 01        			r1 = [R_DebounceCnt];			//
00008B59 01 5E              			jz	L_KS_StableOverDebounce;	//
00008B5A 90 9A              			retf;
                            		
                            	L_KS_StableOverDebounce:        
00008B5B 19 D3 A5 01        			[R_DebounceCnt] = r1;			//
00008B5D 12 95 A4 01        			r2 = [R_DebounceReg];			//
00008B5F 11 93 A6 01        			r1 = [R_KeyBuf];				//
00008B61 1A D5 A6 01        			[R_KeyBuf] = r2;				//
00008B63 09 83 FF 00        			r1 = r1 xor 0x00ff;				//
00008B65 11 B3 A6 01        			r1 = r1 and [R_KeyBuf];			//
00008B67 09 B3 FF 00        			r1 = r1 and 0x00ff;				//
00008B69 11 A3 A7 01        			r1 = r1 or [R_KeyStrobe];		//
00008B6B 19 D3 A7 01        			[R_KeyStrobe] = r1;				//save stable key code to R_KeyStrobe
00008B6D 90 9A              			retf;		
                            		
                            	//////////////////////////////////////////
                            	// 
                            	//////////////////////////////////////////
                            	F_Key_Scan_ServiceLoop_2:
                            		
                            		
00008B6E 11 93 01 70        			r1 = [P_IOA_Buffer];			// PortA.7 low(scan line +Vcc)
00008B70 09 B3 7F FF        			r1 &= 0xFF7F;		
00008B72 19 D3 01 70        			[P_IOA_Buffer] = r1;
                            			
00008B74 11 93 00 70        	     	r1 = [P_IOA_Data];			// get key data from IOA   
                            	    	//r1 = [P_IOB_Data];			// get key data from IOB
00008B76 4F B2              	    	r1 &= 0x000F;					//
00008B77 01 95              		    r2 = r1; 						// key from +Vcc
00008B78 0A 87 FF FF        	    	r3 = r2 xor 0xffff;				// Be a +Vcc mask
                            	    
                            	    	// delay here
00008B7A 00 EE              		    nop;
00008B7B 00 EE              	    	nop;
00008B7C 00 EE              	    	nop;
                            		    
00008B7D 11 93 01 70        		 	r1 = [P_IOA_Buffer];			// PortA.7 high(scan line)
00008B7F 09 A3 80 00        			r1 |= 0x0080;					//
00008B81 19 D3 01 70        			[P_IOA_Buffer] = r1;			//	
                            			   
00008B83 11 93 00 70        			r1 = [P_IOA_Data];				//
                            			//r1 = [P_IOB_Data];			// get key data from IOB
00008B85 4F B2              			r1 &= 0x000F;					//
00008B86 02 83              			r1 ^= r2;						// possible bits by scan line
00008B87 03 B3              			r1 &= r3;						// do +Vcc mask   
                            			
00008B88 59 93              			r1 = r1 lsl 4;					//
00008B89 02 A3              			r1 |= r2;						//
                            	    	//r2 = r2 lsl 4;				//
                            			//r1 |= r2;						//	    	
                            			    
00008B8A 09 B3 FF 00        	        r1 = r1 and 0xFF;				// mask bit[0..7]
                            	        
00008B8C 12 95 A4 01        	        r2 = [R_DebounceReg];			//
00008B8E 19 D3 A4 01        	        [R_DebounceReg] = r1;			//
00008B90 12 45 A4 01        	        cmp r2,[R_DebounceReg];			//
00008B92 04 5E              	        je	L_KS_StableTwoSample_2;		//
                            	        
00008B93 42 92              	        r1 = C_DebounceCnt;				//debounce time setting
00008B94 19 D3 A5 01        	        [R_DebounceCnt] = r1;			//
00008B96 90 9A              	        retf;							//
                            	        
                            	L_KS_StableTwoSample_2:
00008B97 11 93 A5 01        			r1 = [R_DebounceCnt];			//
00008B99 01 5E              			jz	L_KS_StableOverDebounce_2;	//
00008B9A 90 9A              			retf;
                            		
                            	L_KS_StableOverDebounce_2:        
00008B9B 19 D3 A5 01        			[R_DebounceCnt] = r1;			//
00008B9D 12 95 A4 01        			r2 = [R_DebounceReg];			//
00008B9F 11 93 A6 01        			r1 = [R_KeyBuf];				//
00008BA1 1A D5 A6 01        			[R_KeyBuf] = r2;				//
00008BA3 09 83 FF 00        			r1 = r1 xor 0x00ff;				//
00008BA5 11 B3 A6 01        			r1 = r1 and [R_KeyBuf];			//
00008BA7 09 B3 FF 00        			r1 = r1 and 0x00ff;				//
00008BA9 11 A3 A7 01        			r1 = r1 or [R_KeyStrobe];		//
00008BAB 19 D3 A7 01        			[R_KeyStrobe] = r1;				//save stable key code to R_KeyStrobe
00008BAD 90 9A              			retf;
                            	
                            	//////////////////////////////////////////////////////////////////
                            	// Function: debounce counter down count
                            	//////////////////////////////////////////////////////////////////
                            	F_Key_DebounceCnt_Down:
00008BAE 11 93 A5 01        			r1 = [R_DebounceCnt];			// Debounce subroutine for F_IO_Key_Scan:
00008BB0 03 5E              			jz	L_DebounceCntZero;			// stop count if zero
00008BB1 41 22              			r1 -= 0x0001;					//
00008BB2 19 D3 A5 01        			[R_DebounceCnt] = r1;			//
                            	L_DebounceCntZero:						//
00008BB4 90 9A              			retf;  							//	
                            	
                            	
                            	//****************************************************************
                            	// Function: Get Keycode for I/O Port                                 
                            	// Destory register: r1, r2                          
                            	//****************************************************************
                            	_SP_GetCh:					
                            	F_SP_GetCh:			  
00008BB5 11 93 A7 01        			r1 = [R_KeyStrobe];				// Get Key code
00008BB7 40 94              	        r2 = 0x0000;					// Clear KeyStrobe for next key	
00008BB8 1A D5 A7 01        	        [R_KeyStrobe] = r2;				//       
00008BBA 90 9A              	        retf;
                            	
                            	
                            	//========================================================================================        
                            	// End of key.asm
                            	//========================================================================================
0 error(s), 0 warning(s).



