Sunplus u'nSP Assembler - Ver. 1.8.0
              Listing File Has Been Relocated
                            	
                            	// Resource Table
                            	// Created by IDE, Do not modify this table
                            	
00008027                    	.TEXT
                            	.public _RES_Table;
                            	.external __RES_48_48K_sa
                            	.public _RES_48_48K_SA;
                            	.external __RES_48_48K_ea;
                            	.public _RES_48_48K_EA;
                            	
                            	
                            	_RES_Table:
                            	
                            	_RES_48_48K_SA:
00008027 6D 8C 00 00        		.DW offset __RES_48_48K_sa,seg __RES_48_48K_sa;
                            	_RES_48_48K_EA:
00008029 5F 90 00 00        		.DW offset __RES_48_48K_ea,seg __RES_48_48K_ea;
                            	
                            	
                            	// End Table
                            	.PUBLIC T_SACM_S480_SpeechTable
                            	T_SACM_S480_SpeechTable:
0000802B 27 80              	.DW   _RES_48_48K_SA
0 error(s), 0 warning(s).

