Sunplus u'nSP Assembler - Ver. 1.8.0
              Listing File Has Been Relocated
                            	// GCC for SUNPLUS u'nSP version 1.0.10
                            	// Command: E:\PROGRA~1\Sunplus\UNSPID~3\IDE180\cc1.exe C:\DOCUME~1\˔Ȼ˚.DOMAIN\LOCALS~1\Temp\ccwvaaaa.i -fkeep-inline-functions -quiet -dumpbase ISR.c -gstabs -o .\Debug/ISR.asm
                            	// gcc2_compiled.:
                            	
00000000                    	.code
                            	Ltext0:
00000000                    	.debug
00000000 2E 00 73 00        		.dw '.stabs "int:t1=r1;-32768;32767;",128,0,0,0',0x0d,0x0a
         74 00 61 00
         62 00 73 00
         20 00 22 00
         69 00 6E 00
         74 00 3A 00
         74 00 31 00
         3D 00 72 00
         31 00 3B 00
         2D 00 33 00
         32 00 37 00
         36 00 38 00
         3B 00 33 00
         32 00 37 00
         36 00 37 00
         3B 00 22 00
         2C 00 31 00
         32 00 38 00
         2C 00 30 00
         2C 00 30 00
         2C 00 30 00
         0D 00 0A 00
00000000                    	.CODE
0000002C                    	.debug
0000002C 2E 00 73 00        		.dw '.stabs "char:t2=r2;0;127;",128,0,0,0',0x0d,0x0a
         74 00 61 00
         62 00 73 00
         20 00 22 00
         63 00 68 00
         61 00 72 00
         3A 00 74 00
         32 00 3D 00
         72 00 32 00
         3B 00 30 00
         3B 00 31 00
         32 00 37 00
         3B 00 22 00
         2C 00 31 00
         32 00 38 00
         2C 00 30 00
         2C 00 30 00
         2C 00 30 00
         0D 00 0A 00
00000000                    	.CODE
00000052                    	.debug
00000052 2E 00 73 00        		.dw '.stabs "long int:t3=r3;-2147483648;2147483647;",128,0,0,0',0x0d,0x0a
         74 00 61 00
         62 00 73 00
         20 00 22 00
         6C 00 6F 00
         6E 00 67 00
         20 00 69 00
         6E 00 74 00
         3A 00 74 00
         33 00 3D 00
         72 00 33 00
         3B 00 2D 00
         32 00 31 00
         34 00 37 00
         34 00 38 00
         33 00 36 00
         34 00 38 00
         3B 00 32 00
         31 00 34 00
         37 00 34 00
         38 00 33 00
         36 00 34 00
         37 00 3B 00
         22 00 2C 00
         31 00 32 00
         38 00 2C 00
         30 00 2C 00
         30 00 2C 00
         30 00 0D 00
         0A 00      
00000000                    	.CODE
0000008D                    	.debug
0000008D 2E 00 73 00        		.dw '.stabs "unsigned int:t4=r4;0;65535;",128,0,0,0',0x0d,0x0a
         74 00 61 00
         62 00 73 00
         20 00 22 00
         75 00 6E 00
         73 00 69 00
         67 00 6E 00
         65 00 64 00
         20 00 69 00
         6E 00 74 00
         3A 00 74 00
         34 00 3D 00
         72 00 34 00
         3B 00 30 00
         3B 00 36 00
         35 00 35 00
         33 00 35 00
         3B 00 22 00
         2C 00 31 00
         32 00 38 00
         2C 00 30 00
         2C 00 30 00
         2C 00 30 00
         0D 00 0A 00
00000000                    	.CODE
000000BD                    	.debug
000000BD 2E 00 73 00        		.dw '.stabs "long unsigned int:t5=r5;0;4294967295;",128,0,0,0',0x0d,0x0a
         74 00 61 00
         62 00 73 00
         20 00 22 00
         6C 00 6F 00
         6E 00 67 00
         20 00 75 00
         6E 00 73 00
         69 00 67 00
         6E 00 65 00
         64 00 20 00
         69 00 6E 00
         74 00 3A 00
         74 00 35 00
         3D 00 72 00
         35 00 3B 00
         30 00 3B 00
         34 00 32 00
         39 00 34 00
         39 00 36 00
         37 00 32 00
         39 00 35 00
         3B 00 22 00
         2C 00 31 00
         32 00 38 00
         2C 00 30 00
         2C 00 30 00
         2C 00 30 00
         0D 00 0A 00
00000000                    	.CODE
000000F7                    	.debug
000000F7 2E 00 73 00        		.dw '.stabs "long long int:t6=r6;-2147483648;2147483647;",128,0,0,0',0x0d,0x0a
         74 00 61 00
         62 00 73 00
         20 00 22 00
         6C 00 6F 00
         6E 00 67 00
         20 00 6C 00
         6F 00 6E 00
         67 00 20 00
         69 00 6E 00
         74 00 3A 00
         74 00 36 00
         3D 00 72 00
         36 00 3B 00
         2D 00 32 00
         31 00 34 00
         37 00 34 00
         38 00 33 00
         36 00 34 00
         38 00 3B 00
         32 00 31 00
         34 00 37 00
         34 00 38 00
         33 00 36 00
         34 00 37 00
         3B 00 22 00
         2C 00 31 00
         32 00 38 00
         2C 00 30 00
         2C 00 30 00
         2C 00 30 00
         0D 00 0A 00
00000000                    	.CODE
00000137                    	.debug
00000137 2E 00 73 00        		.dw '.stabs "long long unsigned int:t7=r7;0;4294967295;",128,0,0,0',0x0d,0x0a
         74 00 61 00
         62 00 73 00
         20 00 22 00
         6C 00 6F 00
         6E 00 67 00
         20 00 6C 00
         6F 00 6E 00
         67 00 20 00
         75 00 6E 00
         73 00 69 00
         67 00 6E 00
         65 00 64 00
         20 00 69 00
         6E 00 74 00
         3A 00 74 00
         37 00 3D 00
         72 00 37 00
         3B 00 30 00
         3B 00 34 00
         32 00 39 00
         34 00 39 00
         36 00 37 00
         32 00 39 00
         35 00 3B 00
         22 00 2C 00
         31 00 32 00
         38 00 2C 00
         30 00 2C 00
         30 00 2C 00
         30 00 0D 00
         0A 00      
00000000                    	.CODE
00000176                    	.debug
00000176 2E 00 73 00        		.dw '.stabs "short int:t8=r8;-32768;32767;",128,0,0,0',0x0d,0x0a
         74 00 61 00
         62 00 73 00
         20 00 22 00
         73 00 68 00
         6F 00 72 00
         74 00 20 00
         69 00 6E 00
         74 00 3A 00
         74 00 38 00
         3D 00 72 00
         38 00 3B 00
         2D 00 33 00
         32 00 37 00
         36 00 38 00
         3B 00 33 00
         32 00 37 00
         36 00 37 00
         3B 00 22 00
         2C 00 31 00
         32 00 38 00
         2C 00 30 00
         2C 00 30 00
         2C 00 30 00
         0D 00 0A 00
00000000                    	.CODE
000001A8                    	.debug
000001A8 2E 00 73 00        		.dw '.stabs "short unsigned int:t9=r9;0;65535;",128,0,0,0',0x0d,0x0a
         74 00 61 00
         62 00 73 00
         20 00 22 00
         73 00 68 00
         6F 00 72 00
         74 00 20 00
         75 00 6E 00
         73 00 69 00
         67 00 6E 00
         65 00 64 00
         20 00 69 00
         6E 00 74 00
         3A 00 74 00
         39 00 3D 00
         72 00 39 00
         3B 00 30 00
         3B 00 36 00
         35 00 35 00
         33 00 35 00
         3B 00 22 00
         2C 00 31 00
         32 00 38 00
         2C 00 30 00
         2C 00 30 00
         2C 00 30 00
         0D 00 0A 00
00000000                    	.CODE
000001DE                    	.debug
000001DE 2E 00 73 00        		.dw '.stabs "signed char:t10=r10;-32768;32767;",128,0,0,0',0x0d,0x0a
         74 00 61 00
         62 00 73 00
         20 00 22 00
         73 00 69 00
         67 00 6E 00
         65 00 64 00
         20 00 63 00
         68 00 61 00
         72 00 3A 00
         74 00 31 00
         30 00 3D 00
         72 00 31 00
         30 00 3B 00
         2D 00 33 00
         32 00 37 00
         36 00 38 00
         3B 00 33 00
         32 00 37 00
         36 00 37 00
         3B 00 22 00
         2C 00 31 00
         32 00 38 00
         2C 00 30 00
         2C 00 30 00
         2C 00 30 00
         0D 00 0A 00
00000000                    	.CODE
00000214                    	.debug
00000214 2E 00 73 00        		.dw '.stabs "unsigned char:t11=r11;0;65535;",128,0,0,0',0x0d,0x0a
         74 00 61 00
         62 00 73 00
         20 00 22 00
         75 00 6E 00
         73 00 69 00
         67 00 6E 00
         65 00 64 00
         20 00 63 00
         68 00 61 00
         72 00 3A 00
         74 00 31 00
         31 00 3D 00
         72 00 31 00
         31 00 3B 00
         30 00 3B 00
         36 00 35 00
         35 00 33 00
         35 00 3B 00
         22 00 2C 00
         31 00 32 00
         38 00 2C 00
         30 00 2C 00
         30 00 2C 00
         30 00 0D 00
         0A 00      
00000000                    	.CODE
00000247                    	.debug
00000247 2E 00 73 00        		.dw '.stabs "float:t12=r1;2;0;",128,0,0,0',0x0d,0x0a
         74 00 61 00
         62 00 73 00
         20 00 22 00
         66 00 6C 00
         6F 00 61 00
         74 00 3A 00
         74 00 31 00
         32 00 3D 00
         72 00 31 00
         3B 00 32 00
         3B 00 30 00
         3B 00 22 00
         2C 00 31 00
         32 00 38 00
         2C 00 30 00
         2C 00 30 00
         2C 00 30 00
         0D 00 0A 00
00000000                    	.CODE
0000026D                    	.debug
0000026D 2E 00 73 00        		.dw '.stabs "double:t13=r1;2;0;",128,0,0,0',0x0d,0x0a
         74 00 61 00
         62 00 73 00
         20 00 22 00
         64 00 6F 00
         75 00 62 00
         6C 00 65 00
         3A 00 74 00
         31 00 33 00
         3D 00 72 00
         31 00 3B 00
         32 00 3B 00
         30 00 3B 00
         22 00 2C 00
         31 00 32 00
         38 00 2C 00
         30 00 2C 00
         30 00 2C 00
         30 00 0D 00
         0A 00      
00000000                    	.CODE
00000294                    	.debug
00000294 2E 00 73 00        		.dw '.stabs "long double:t14=r1;2;0;",128,0,0,0',0x0d,0x0a
         74 00 61 00
         62 00 73 00
         20 00 22 00
         6C 00 6F 00
         6E 00 67 00
         20 00 64 00
         6F 00 75 00
         62 00 6C 00
         65 00 3A 00
         74 00 31 00
         34 00 3D 00
         72 00 31 00
         3B 00 32 00
         3B 00 30 00
         3B 00 22 00
         2C 00 31 00
         32 00 38 00
         2C 00 30 00
         2C 00 30 00
         2C 00 30 00
         0D 00 0A 00
00000000                    	.CODE
000002C0                    	.debug
000002C0 2E 00 73 00        		.dw '.stabs "complex int:t15=s2real:1,0,16;imag:1,16,16;;",128,0,0,0',0x0d,0x0a
         74 00 61 00
         62 00 73 00
         20 00 22 00
         63 00 6F 00
         6D 00 70 00
         6C 00 65 00
         78 00 20 00
         69 00 6E 00
         74 00 3A 00
         74 00 31 00
         35 00 3D 00
         73 00 32 00
         72 00 65 00
         61 00 6C 00
         3A 00 31 00
         2C 00 30 00
         2C 00 31 00
         36 00 3B 00
         69 00 6D 00
         61 00 67 00
         3A 00 31 00
         2C 00 31 00
         36 00 2C 00
         31 00 36 00
         3B 00 3B 00
         22 00 2C 00
         31 00 32 00
         38 00 2C 00
         30 00 2C 00
         30 00 2C 00
         30 00 0D 00
         0A 00      
00000000                    	.CODE
00000301                    	.debug
00000301 2E 00 73 00        		.dw '.stabs "complex float:t16=r16;2;0;",128,0,0,0',0x0d,0x0a
         74 00 61 00
         62 00 73 00
         20 00 22 00
         63 00 6F 00
         6D 00 70 00
         6C 00 65 00
         78 00 20 00
         66 00 6C 00
         6F 00 61 00
         74 00 3A 00
         74 00 31 00
         36 00 3D 00
         72 00 31 00
         36 00 3B 00
         32 00 3B 00
         30 00 3B 00
         22 00 2C 00
         31 00 32 00
         38 00 2C 00
         30 00 2C 00
         30 00 2C 00
         30 00 0D 00
         0A 00      
00000000                    	.CODE
00000330                    	.debug
00000330 2E 00 73 00        		.dw '.stabs "complex double:t17=r17;2;0;",128,0,0,0',0x0d,0x0a
         74 00 61 00
         62 00 73 00
         20 00 22 00
         63 00 6F 00
         6D 00 70 00
         6C 00 65 00
         78 00 20 00
         64 00 6F 00
         75 00 62 00
         6C 00 65 00
         3A 00 74 00
         31 00 37 00
         3D 00 72 00
         31 00 37 00
         3B 00 32 00
         3B 00 30 00
         3B 00 22 00
         2C 00 31 00
         32 00 38 00
         2C 00 30 00
         2C 00 30 00
         2C 00 30 00
         0D 00 0A 00
00000000                    	.CODE
00000360                    	.debug
00000360 2E 00 73 00        		.dw '.stabs "complex long double:t18=r18;2;0;",128,0,0,0',0x0d,0x0a
         74 00 61 00
         62 00 73 00
         20 00 22 00
         63 00 6F 00
         6D 00 70 00
         6C 00 65 00
         78 00 20 00
         6C 00 6F 00
         6E 00 67 00
         20 00 64 00
         6F 00 75 00
         62 00 6C 00
         65 00 3A 00
         74 00 31 00
         38 00 3D 00
         72 00 31 00
         38 00 3B 00
         32 00 3B 00
         30 00 3B 00
         22 00 2C 00
         31 00 32 00
         38 00 2C 00
         30 00 2C 00
         30 00 2C 00
         30 00 0D 00
         0A 00      
00000000                    	.CODE
00000395                    	.debug
00000395 2E 00 73 00        		.dw '.stabs "void:t19=19",128,0,0,0',0x0d,0x0a
         74 00 61 00
         62 00 73 00
         20 00 22 00
         76 00 6F 00
         69 00 64 00
         3A 00 74 00
         31 00 39 00
         3D 00 31 00
         39 00 22 00
         2C 00 31 00
         32 00 38 00
         2C 00 30 00
         2C 00 30 00
         2C 00 30 00
         0D 00 0A 00
00000000                    	.CODE
                            	// ISR ATTRIBUTE FUNCTION, LOCATE in .text SECTION
00008009                    	.text
000003B5                    	.debug
000003B5 2E 00 73 00        		.dw '.stabs "BREAK:F19",36,0,0,',0,0,offset _BREAK,seg _BREAK,0x0d,0x0a
         74 00 61 00
         62 00 73 00
         20 00 22 00
         42 00 52 00
         45 00 41 00
         4B 00 3A 00
         46 00 31 00
         39 00 22 00
         2C 00 33 00
         36 00 2C 00
         30 00 2C 00
         30 00 2C 00
         00 00 00 00
         00 00 00 00
         0D 00 0A 00
00008009                    	.TEXT
                            	.public _BREAK
                            	_BREAK:	.proc
000003D5                    	.debug
000003D5 2E 00 73 00        		.dw '.stabn 0x44,0,22,',0,0
         74 00 61 00
         62 00 6E 00
         20 00 30 00
         78 00 34 00
         34 00 2C 00
         30 00 2C 00
         32 00 32 00
         2C 00 00 00
         00 00      
000003E8 00 00 00 00        		.dd LM1-_BREAK
000003EA 0D 00 0A 00        		.dw 0x0d,0x0a
00008009                    	.text
                            	LM1:
                            		// ISR ATTRIBUTE FUNCTION, PUSH r1,bp
00008009 A8 DA              		push r1,bp to [sp]
                            	
                            		// total=0, vars=0
                            		// frame_pointer_needed: 1
0000800A 08 0B 01 00        		bp=sp+1
                            	
0000800C 0D 03 03 00        		R1=BP+3
000003EC                    	.debug
000003EC 2E 00 73 00        		.dw '.stabn 0x44,0,23,',0,0
         74 00 61 00
         62 00 6E 00
         20 00 30 00
         78 00 34 00
         34 00 2C 00
         30 00 2C 00
         32 00 33 00
         2C 00 00 00
         00 00      
000003FF 05 00 00 00        		.dd LM2-_BREAK
00000401 0D 00 0A 00        		.dw 0x0d,0x0a
0000800E                    	.text
                            	LM2:
                            	L2:
                            	
                            		// ISR ATTRIBUTE FUNCTION, POP r1,bp
0000800E A8 90              		pop r1,bp from [sp]
0000800F 98 9A              		reti
                            		.endp	// end of BREAK
                            	
00000403                    	.debug
00000403 2E 00 73 00        		.dw '.stabf ',0,0
         74 00 61 00
         62 00 66 00
         20 00 00 00
         00 00      
0000040C 07 00 00 00        		.dd LME1-_BREAK
0000040E 0D 00 0A 00        		.dw 0x0d,0x0a
00008010                    	.text
                            	LME1:
                            	// ISR ATTRIBUTE FUNCTION, LOCATE in .text SECTION
00008010                    	.text
00000410                    	.debug
00000410 2E 00 73 00        		.dw '.stabs "FIQ:F19",36,0,0,',0,0,offset _FIQ,seg _FIQ,0x0d,0x0a
         74 00 61 00
         62 00 73 00
         20 00 22 00
         46 00 49 00
         51 00 3A 00
         46 00 31 00
         39 00 22 00
         2C 00 33 00
         36 00 2C 00
         30 00 2C 00
         30 00 2C 00
         00 00 00 00
         07 00 00 00
         0D 00 0A 00
00008010                    	.TEXT
                            	.public _FIQ
                            	_FIQ:	.proc
0000042E                    	.debug
0000042E 2E 00 73 00        		.dw '.stabn 0x44,0,26,',0,0
         74 00 61 00
         62 00 6E 00
         20 00 30 00
         78 00 34 00
         34 00 2C 00
         30 00 2C 00
         32 00 36 00
         2C 00 00 00
         00 00      
00000441 00 00 00 00        		.dd LM3-_FIQ
00000443 0D 00 0A 00        		.dw 0x0d,0x0a
00008010                    	.text
                            	LM3:
                            		// ISR ATTRIBUTE FUNCTION, PUSH r1,bp
00008010 A8 DA              		push r1,bp to [sp]
                            	
                            		// total=5, vars=5
                            		// frame_pointer_needed: 1
00008011 45 20              		sp-=5
00008012 08 0B 01 00        		bp=sp+1
                            	
00008014 0D 03 08 00        		R1=BP+8
00008016 03 D2              		[bp+3]=R1	// QImode move
00000445                    	.debug
00000445 2E 00 73 00        		.dw '.stabn 0x44,0,27,',0,0
         74 00 61 00
         62 00 6E 00
         20 00 30 00
         78 00 34 00
         34 00 2C 00
         30 00 2C 00
         32 00 37 00
         2C 00 00 00
         00 00      
00000458 07 00 00 00        		.dd LM4-_FIQ
0000045A 0D 00 0A 00        		.dw 0x0d,0x0a
00008017                    	.text
                            	LM4:
                            	LBB2:
0000045C                    	.debug
0000045C 2E 00 73 00        		.dw '.stabn 0x44,0,30,',0,0
         74 00 61 00
         62 00 6E 00
         20 00 30 00
         78 00 34 00
         34 00 2C 00
         30 00 2C 00
         33 00 30 00
         2C 00 00 00
         00 00      
0000046F 07 00 00 00        		.dd LM5-_FIQ
00000471 0D 00 0A 00        		.dw 0x0d,0x0a
00008017                    	.text
                            	LM5:
00008017 12 95 20 00        		R2=[_g_Flag_Status]	// QImode move
00008019 0A B3 01 00        		R1=R2&1
0000801B 40 42              		CMP R1,0	// QImode test
0000801C 02 4E              		JNZ L10	// QImode EQ
0000801D 0F 9F 5F 80        		PC=L4
                            	L10:
00000473                    	.debug
00000473 2E 00 73 00        		.dw '.stabn 0x44,0,32,',0,0
         74 00 61 00
         62 00 6E 00
         20 00 30 00
         78 00 34 00
         34 00 2C 00
         30 00 2C 00
         33 00 32 00
         2C 00 00 00
         00 00      
00000486 0F 00 00 00        		.dd LM6-_FIQ
00000488 0D 00 0A 00        		.dw 0x0d,0x0a
0000801F                    	.text
                            	LM6:
0000801F 11 93 1E 00        		R1=[_g_ulAddr]	// HImode RD=[Label]
00008021 12 95 1F 00        		R2=[_g_ulAddr+1]
00008023 40 44              		CMP R2,0	// HImode compare
00008024 06 9E              		JA  L12	// HImode LEU
00008025 03 4E              		JNZ L11
00008026 09 43 FE FF        		CMP R1,(-2)
00008028 02 9E              		JA  L12
                            	L11:
00008029 0F 9F 36 80        		PC=L5
                            	L12:
0000048A                    	.debug
0000048A 2E 00 73 00        		.dw '.stabn 0x44,0,34,',0,0
         74 00 61 00
         62 00 6E 00
         20 00 30 00
         78 00 34 00
         34 00 2C 00
         30 00 2C 00
         33 00 34 00
         2C 00 00 00
         00 00      
0000049D 1B 00 00 00        		.dd LM7-_FIQ
0000049F 0D 00 0A 00        		.dw 0x0d,0x0a
0000802B                    	.text
                            	LM7:
0000802B 40 92              		R1=0	// HImode immediate to register move
0000802C 40 94              		R2=0
0000802D 19 D3 1E 00        		[_g_ulAddr]=R1	// HImode [Label]=RS
0000802F 1A D5 1F 00        		[_g_ulAddr+1]=R2
000004A1                    	.debug
000004A1 2E 00 73 00        		.dw '.stabn 0x44,0,35,',0,0
         74 00 61 00
         62 00 6E 00
         20 00 30 00
         78 00 34 00
         34 00 2C 00
         30 00 2C 00
         33 00 35 00
         2C 00 00 00
         00 00      
000004B4 21 00 00 00        		.dd LM8-_FIQ
000004B6 0D 00 0A 00        		.dw 0x0d,0x0a
00008031                    	.text
                            	LM8:
00008031 42 92              		R1=2	// QImode move
00008032 19 D3 20 00        		[_g_Flag_Status]=R1	// QImode move
000004B8                    	.debug
000004B8 2E 00 73 00        		.dw '.stabn 0x44,0,36,',0,0
         74 00 61 00
         62 00 6E 00
         20 00 30 00
         78 00 34 00
         34 00 2C 00
         30 00 2C 00
         33 00 36 00
         2C 00 00 00
         00 00      
000004CB 24 00 00 00        		.dd LM9-_FIQ
000004CD 0D 00 0A 00        		.dw 0x0d,0x0a
00008034                    	.text
                            	LM9:
00008034 0F 9F 5D 80        		pc=L6	// jump
                            	L5:
000004CF                    	.debug
000004CF 2E 00 73 00        		.dw '.stabn 0x44,0,39,',0,0
         74 00 61 00
         62 00 6E 00
         20 00 30 00
         78 00 34 00
         34 00 2C 00
         30 00 2C 00
         33 00 39 00
         2C 00 00 00
         00 00      
000004E2 26 00 00 00        		.dd LM10-_FIQ
000004E4 0D 00 0A 00        		.dw 0x0d,0x0a
00008036                    	.text
                            	LM10:
00008036 05 93              		R1=BP	// QImode move
00008037 0D 07 01 00        		R3=BP+1
00008039 04 D6              		[bp+4]=R3	// QImode move
0000803A 40 F0 53 82        		call _Fir	// call with return value
0000803C 01 97              		R3=R1
0000803D 40 98              		R4=0
0000803E 04 92              		R1=[bp+4]	// QImode move
0000803F D1 D6              		[R1++]=R3	// [RD]=RS HImode, RD!=RS+1
00008040 C9 D8              		[R1--]=R4
000004E6                    	.debug
000004E6 2E 00 73 00        		.dw '.stabn 0x44,0,40,',0,0
         74 00 61 00
         62 00 6E 00
         20 00 30 00
         78 00 34 00
         34 00 2C 00
         30 00 2C 00
         34 00 30 00
         2C 00 00 00
         00 00      
000004F9 31 00 00 00        		.dd LM11-_FIQ
000004FB 0D 00 0A 00        		.dw 0x0d,0x0a
00008041                    	.text
                            	LM11:
00008041 05 93              		R1=BP	// QImode move
00008042 0D 05 01 00        		R2=BP+1
00008044 02 97              		R3=R2	// QImode move
00008045 C3 92              		R1=[R3]	// QImode move
00008046 C5 D2              		[BP]=R1	// QImode move
000004FD                    	.debug
000004FD 2E 00 73 00        		.dw '.stabn 0x44,0,41,',0,0
         74 00 61 00
         62 00 6E 00
         20 00 30 00
         78 00 34 00
         34 00 2C 00
         30 00 2C 00
         34 00 31 00
         2C 00 00 00
         00 00      
00000510 37 00 00 00        		.dd LM12-_FIQ
00000512 0D 00 0A 00        		.dw 0x0d,0x0a
00008047                    	.text
                            	LM12:
00008047 C5 92              		R1=[BP]	// QImode move
00008048 C8 D2              		[SP--]=R1	// QImode move
00008049 11 93 1E 00        		R1=[_g_ulAddr]	// HImode RD=[Label]
0000804B 12 95 1F 00        		R2=[_g_ulAddr+1]
0000804D 90 D4              		push R1,R2 to [sp]	// pushhi
0000804E 40 F0 F0 80        		call _SP_SIOSendAWord	// call without return value
00008050 43 00              		SP=SP+3
00000514                    	.debug
00000514 2E 00 73 00        		.dw '.stabn 0x44,0,42,',0,0
         74 00 61 00
         62 00 6E 00
         20 00 30 00
         78 00 34 00
         34 00 2C 00
         30 00 2C 00
         34 00 32 00
         2C 00 00 00
         00 00      
00000527 41 00 00 00        		.dd LM13-_FIQ
00000529 0D 00 0A 00        		.dw 0x0d,0x0a
00008051                    	.text
                            	LM13:
00008051 11 93 1E 00        		R1=[_g_ulAddr]	// HImode RD=[Label]
00008053 12 95 1F 00        		R2=[_g_ulAddr+1]
00008055 09 07 02 00        		R3=R1+2	// HImode RD=RS+#IMM16
00008057 0A 19 00 00        		R4=R2+0, Carry
00008059 1B D7 1E 00        		[_g_ulAddr]=R3	// HImode [Label]=RS
0000805B 1C D9 1F 00        		[_g_ulAddr+1]=R4
                            	L6:
0000052B                    	.debug
0000052B 2E 00 73 00        		.dw '.stabn 0x44,0,44,',0,0
         74 00 61 00
         62 00 6E 00
         20 00 30 00
         78 00 34 00
         34 00 2C 00
         30 00 2C 00
         34 00 34 00
         2C 00 00 00
         00 00      
0000053E 4D 00 00 00        		.dd LM14-_FIQ
00000540 0D 00 0A 00        		.dw 0x0d,0x0a
0000805D                    	.text
                            	LM14:
0000805D 0F 9F 94 80        		pc=L7	// jump
                            	L4:
00000542                    	.debug
00000542 2E 00 73 00        		.dw '.stabn 0x44,0,45,',0,0
         74 00 61 00
         62 00 6E 00
         20 00 30 00
         78 00 34 00
         34 00 2C 00
         30 00 2C 00
         34 00 35 00
         2C 00 00 00
         00 00      
00000555 4F 00 00 00        		.dd LM15-_FIQ
00000557 0D 00 0A 00        		.dw 0x0d,0x0a
0000805F                    	.text
                            	LM15:
0000805F 12 95 20 00        		R2=[_g_Flag_Status]	// QImode move
00008061 0A B3 04 00        		R1=R2&4
00008063 40 42              		CMP R1,0	// QImode test
00008064 02 4E              		JNZ L13	// QImode EQ
00008065 0F 9F 94 80        		PC=L7
                            	L13:
00000559                    	.debug
00000559 2E 00 73 00        		.dw '.stabn 0x44,0,47,',0,0
         74 00 61 00
         62 00 6E 00
         20 00 30 00
         78 00 34 00
         34 00 2C 00
         30 00 2C 00
         34 00 37 00
         2C 00 00 00
         00 00      
0000056C 57 00 00 00        		.dd LM16-_FIQ
0000056E 0D 00 0A 00        		.dw 0x0d,0x0a
00008067                    	.text
                            	LM16:
00008067 11 93 1E 00        		R1=[_g_ulAddr]	// HImode RD=[Label]
00008069 12 95 1F 00        		R2=[_g_ulAddr+1]
0000806B 90 D4              		push R1,R2 to [sp]	// pushhi
0000806C 40 F0 36 81        		call _SP_SIOReadAWord	// call with return value
0000806E 42 00              		SP=SP+2
0000806F C5 D2              		[BP]=R1	// QImode move
00000570                    	.debug
00000570 2E 00 73 00        		.dw '.stabn 0x44,0,48,',0,0
         74 00 61 00
         62 00 6E 00
         20 00 30 00
         78 00 34 00
         34 00 2C 00
         30 00 2C 00
         34 00 38 00
         2C 00 00 00
         00 00      
00000583 60 00 00 00        		.dd LM17-_FIQ
00000585 0D 00 0A 00        		.dw 0x0d,0x0a
00008070                    	.text
                            	LM17:
00008070 C5 92              		R1=[BP]	// QImode move
00008071 19 D3 17 70        		[28695]=R1	// QImode move
00000587                    	.debug
00000587 2E 00 73 00        		.dw '.stabn 0x44,0,49,',0,0
         74 00 61 00
         62 00 6E 00
         20 00 30 00
         78 00 34 00
         34 00 2C 00
         30 00 2C 00
         34 00 39 00
         2C 00 00 00
         00 00      
0000059A 63 00 00 00        		.dd LM18-_FIQ
0000059C 0D 00 0A 00        		.dw 0x0d,0x0a
00008073                    	.text
                            	LM18:
00008073 11 93 1E 00        		R1=[_g_ulAddr]	// HImode RD=[Label]
00008075 12 95 1F 00        		R2=[_g_ulAddr+1]
00008077 09 07 02 00        		R3=R1+2	// HImode RD=RS+#IMM16
00008079 0A 19 00 00        		R4=R2+0, Carry
0000807B 1B D7 1E 00        		[_g_ulAddr]=R3	// HImode [Label]=RS
0000807D 1C D9 1F 00        		[_g_ulAddr+1]=R4
0000059E                    	.debug
0000059E 2E 00 73 00        		.dw '.stabn 0x44,0,50,',0,0
         74 00 61 00
         62 00 6E 00
         20 00 30 00
         78 00 34 00
         34 00 2C 00
         30 00 2C 00
         35 00 30 00
         2C 00 00 00
         00 00      
000005B1 6F 00 00 00        		.dd LM19-_FIQ
000005B3 0D 00 0A 00        		.dw 0x0d,0x0a
0000807F                    	.text
                            	LM19:
0000807F 11 93 1E 00        		R1=[_g_ulAddr]	// HImode RD=[Label]
00008081 12 95 1F 00        		R2=[_g_ulAddr+1]
00008083 40 44              		CMP R2,0	// HImode compare
00008084 06 9E              		JA  L15	// HImode LEU
00008085 03 4E              		JNZ L14
00008086 09 43 FE FF        		CMP R1,(-2)
00008088 02 9E              		JA  L15
                            	L14:
00008089 0F 9F 94 80        		PC=L7
                            	L15:
000005B5                    	.debug
000005B5 2E 00 73 00        		.dw '.stabn 0x44,0,52,',0,0
         74 00 61 00
         62 00 6E 00
         20 00 30 00
         78 00 34 00
         34 00 2C 00
         30 00 2C 00
         35 00 32 00
         2C 00 00 00
         00 00      
000005C8 7B 00 00 00        		.dd LM20-_FIQ
000005CA 0D 00 0A 00        		.dw 0x0d,0x0a
0000808B                    	.text
                            	LM20:
0000808B 40 92              		R1=0	// HImode immediate to register move
0000808C 40 94              		R2=0
0000808D 19 D3 1E 00        		[_g_ulAddr]=R1	// HImode [Label]=RS
0000808F 1A D5 1F 00        		[_g_ulAddr+1]=R2
000005CC                    	.debug
000005CC 2E 00 73 00        		.dw '.stabn 0x44,0,53,',0,0
         74 00 61 00
         62 00 6E 00
         20 00 30 00
         78 00 34 00
         34 00 2C 00
         30 00 2C 00
         35 00 33 00
         2C 00 00 00
         00 00      
000005DF 81 00 00 00        		.dd LM21-_FIQ
000005E1 0D 00 0A 00        		.dw 0x0d,0x0a
00008091                    	.text
                            	LM21:
00008091 42 92              		R1=2	// QImode move
00008092 19 D3 20 00        		[_g_Flag_Status]=R1	// QImode move
                            	L9:
                            	L8:
                            	L7:
000005E3                    	.debug
000005E3 2E 00 73 00        		.dw '.stabn 0x44,0,57,',0,0
         74 00 61 00
         62 00 6E 00
         20 00 30 00
         78 00 34 00
         34 00 2C 00
         30 00 2C 00
         35 00 37 00
         2C 00 00 00
         00 00      
000005F6 84 00 00 00        		.dd LM22-_FIQ
000005F8 0D 00 0A 00        		.dw 0x0d,0x0a
00008094                    	.text
                            	LM22:
00008094 09 93 00 20        		R1=8192	// QImode move
00008096 19 D3 11 70        		[28689]=R1	// QImode move
000005FA                    	.debug
000005FA 2E 00 73 00        		.dw '.stabn 0x44,0,58,',0,0
         74 00 61 00
         62 00 6E 00
         20 00 30 00
         78 00 34 00
         34 00 2C 00
         30 00 2C 00
         35 00 38 00
         2C 00 00 00
         00 00      
0000060D 88 00 00 00        		.dd LM23-_FIQ
0000060F 0D 00 0A 00        		.dw 0x0d,0x0a
00008098                    	.text
                            	LM23:
                            	LBE2:
00000611                    	.debug
00000611 2E 00 73 00        		.dw '.stabn 0x44,0,58,',0,0
         74 00 61 00
         62 00 6E 00
         20 00 30 00
         78 00 34 00
         34 00 2C 00
         30 00 2C 00
         35 00 38 00
         2C 00 00 00
         00 00      
00000624 88 00 00 00        		.dd LM24-_FIQ
00000626 0D 00 0A 00        		.dw 0x0d,0x0a
00008098                    	.text
                            	LM24:
                            	L3:
                            	
00008098 45 00              		sp+=5
                            		// ISR ATTRIBUTE FUNCTION, POP r1,bp
00008099 A8 90              		pop r1,bp from [sp]
0000809A 98 9A              		reti
                            		.endp	// end of FIQ
                            	
00000628                    	.debug
00000628 2E 00 73 00        		.dw '.stabn 0xc0,0,0,',0,0
         74 00 61 00
         62 00 6E 00
         20 00 30 00
         78 00 63 00
         30 00 2C 00
         30 00 2C 00
         30 00 2C 00
         00 00 00 00
0000063A 07 00 00 00        		.dd LBB2-_FIQ
0000063C 0D 00 0A 00        		.dw 0x0d,0x0a
0000809B                    	.text
0000063E                    	.debug
0000063E 2E 00 73 00        		.dw '.stabs "uiData:4",128,0,0,0',0x0d,0x0a
         74 00 61 00
         62 00 73 00
         20 00 22 00
         75 00 69 00
         44 00 61 00
         74 00 61 00
         3A 00 34 00
         22 00 2C 00
         31 00 32 00
         38 00 2C 00
         30 00 2C 00
         30 00 2C 00
         30 00 0D 00
         0A 00      
0000809B                    	.TEXT
0000065B                    	.debug
0000065B 2E 00 73 00        		.dw '.stabs "lFilterOut:3",128,0,0,1',0x0d,0x0a
         74 00 61 00
         62 00 73 00
         20 00 22 00
         6C 00 46 00
         69 00 6C 00
         74 00 65 00
         72 00 4F 00
         75 00 74 00
         3A 00 33 00
         22 00 2C 00
         31 00 32 00
         38 00 2C 00
         30 00 2C 00
         30 00 2C 00
         31 00 0D 00
         0A 00      
0000809B                    	.TEXT
0000067C                    	.debug
0000067C 2E 00 73 00        		.dw '.stabn 0xe0,0,0,',0,0
         74 00 61 00
         62 00 6E 00
         20 00 30 00
         78 00 65 00
         30 00 2C 00
         30 00 2C 00
         30 00 2C 00
         00 00 00 00
0000068E 88 00 00 00        		.dd LBE2-_FIQ
00000690 0D 00 0A 00        		.dw 0x0d,0x0a
0000809B                    	.text
00000692                    	.debug
00000692 2E 00 73 00        		.dw '.stabf ',0,0
         74 00 61 00
         62 00 66 00
         20 00 00 00
         00 00      
0000069B 8B 00 00 00        		.dd LME2-_FIQ
0000069D 0D 00 0A 00        		.dw 0x0d,0x0a
0000809B                    	.text
                            	LME2:
                            	// ISR ATTRIBUTE FUNCTION, LOCATE in .text SECTION
0000809B                    	.text
0000069F                    	.debug
0000069F 2E 00 73 00        		.dw '.stabs "IRQ0:F19",36,0,0,',0,0,offset _IRQ0,seg _IRQ0,0x0d,0x0a
         74 00 61 00
         62 00 73 00
         20 00 22 00
         49 00 52 00
         51 00 30 00
         3A 00 46 00
         31 00 39 00
         22 00 2C 00
         33 00 36 00
         2C 00 30 00
         2C 00 30 00
         2C 00 00 00
         00 00 92 00
         00 00 0D 00
         0A 00      
0000809B                    	.TEXT
                            	.public _IRQ0
                            	_IRQ0:	.proc
000006BE                    	.debug
000006BE 2E 00 73 00        		.dw '.stabn 0x44,0,62,',0,0
         74 00 61 00
         62 00 6E 00
         20 00 30 00
         78 00 34 00
         34 00 2C 00
         30 00 2C 00
         36 00 32 00
         2C 00 00 00
         00 00      
000006D1 00 00 00 00        		.dd LM25-_IRQ0
000006D3 0D 00 0A 00        		.dw 0x0d,0x0a
0000809B                    	.text
                            	LM25:
                            		// ISR ATTRIBUTE FUNCTION, PUSH r1,bp
0000809B A8 DA              		push r1,bp to [sp]
                            	
                            		// total=0, vars=0
                            		// frame_pointer_needed: 1
0000809C 08 0B 01 00        		bp=sp+1
                            	
0000809E 0D 03 03 00        		R1=BP+3
000006D5                    	.debug
000006D5 2E 00 73 00        		.dw '.stabn 0x44,0,63,',0,0
         74 00 61 00
         62 00 6E 00
         20 00 30 00
         78 00 34 00
         34 00 2C 00
         30 00 2C 00
         36 00 33 00
         2C 00 00 00
         00 00      
000006E8 05 00 00 00        		.dd LM26-_IRQ0
000006EA 0D 00 0A 00        		.dw 0x0d,0x0a
000080A0                    	.text
                            	LM26:
                            	L16:
                            	
                            		// ISR ATTRIBUTE FUNCTION, POP r1,bp
000080A0 A8 90              		pop r1,bp from [sp]
000080A1 98 9A              		reti
                            		.endp	// end of IRQ0
                            	
000006EC                    	.debug
000006EC 2E 00 73 00        		.dw '.stabf ',0,0
         74 00 61 00
         62 00 66 00
         20 00 00 00
         00 00      
000006F5 07 00 00 00        		.dd LME3-_IRQ0
000006F7 0D 00 0A 00        		.dw 0x0d,0x0a
000080A2                    	.text
                            	LME3:
                            	// ISR ATTRIBUTE FUNCTION, LOCATE in .text SECTION
000080A2                    	.text
000006F9                    	.debug
000006F9 2E 00 73 00        		.dw '.stabs "IRQ1:F19",36,0,0,',0,0,offset _IRQ1,seg _IRQ1,0x0d,0x0a
         74 00 61 00
         62 00 73 00
         20 00 22 00
         49 00 52 00
         51 00 31 00
         3A 00 46 00
         31 00 39 00
         22 00 2C 00
         33 00 36 00
         2C 00 30 00
         2C 00 30 00
         2C 00 00 00
         00 00 99 00
         00 00 0D 00
         0A 00      
000080A2                    	.TEXT
                            	.public _IRQ1
                            	_IRQ1:	.proc
00000718                    	.debug
00000718 2E 00 73 00        		.dw '.stabn 0x44,0,66,',0,0
         74 00 61 00
         62 00 6E 00
         20 00 30 00
         78 00 34 00
         34 00 2C 00
         30 00 2C 00
         36 00 36 00
         2C 00 00 00
         00 00      
0000072B 00 00 00 00        		.dd LM27-_IRQ1
0000072D 0D 00 0A 00        		.dw 0x0d,0x0a
000080A2                    	.text
                            	LM27:
                            		// ISR ATTRIBUTE FUNCTION, PUSH r1,bp
000080A2 A8 DA              		push r1,bp to [sp]
                            	
                            		// total=0, vars=0
                            		// frame_pointer_needed: 1
000080A3 08 0B 01 00        		bp=sp+1
                            	
000080A5 0D 03 03 00        		R1=BP+3
0000072F                    	.debug
0000072F 2E 00 73 00        		.dw '.stabn 0x44,0,67,',0,0
         74 00 61 00
         62 00 6E 00
         20 00 30 00
         78 00 34 00
         34 00 2C 00
         30 00 2C 00
         36 00 37 00
         2C 00 00 00
         00 00      
00000742 05 00 00 00        		.dd LM28-_IRQ1
00000744 0D 00 0A 00        		.dw 0x0d,0x0a
000080A7                    	.text
                            	LM28:
                            	L17:
                            	
                            		// ISR ATTRIBUTE FUNCTION, POP r1,bp
000080A7 A8 90              		pop r1,bp from [sp]
000080A8 98 9A              		reti
                            		.endp	// end of IRQ1
                            	
00000746                    	.debug
00000746 2E 00 73 00        		.dw '.stabf ',0,0
         74 00 61 00
         62 00 66 00
         20 00 00 00
         00 00      
0000074F 07 00 00 00        		.dd LME4-_IRQ1
00000751 0D 00 0A 00        		.dw 0x0d,0x0a
000080A9                    	.text
                            	LME4:
                            	// ISR ATTRIBUTE FUNCTION, LOCATE in .text SECTION
000080A9                    	.text
00000753                    	.debug
00000753 2E 00 73 00        		.dw '.stabs "IRQ2:F19",36,0,0,',0,0,offset _IRQ2,seg _IRQ2,0x0d,0x0a
         74 00 61 00
         62 00 73 00
         20 00 22 00
         49 00 52 00
         51 00 32 00
         3A 00 46 00
         31 00 39 00
         22 00 2C 00
         33 00 36 00
         2C 00 30 00
         2C 00 30 00
         2C 00 00 00
         00 00 A0 00
         00 00 0D 00
         0A 00      
000080A9                    	.TEXT
                            	.public _IRQ2
                            	_IRQ2:	.proc
00000772                    	.debug
00000772 2E 00 73 00        		.dw '.stabn 0x44,0,70,',0,0
         74 00 61 00
         62 00 6E 00
         20 00 30 00
         78 00 34 00
         34 00 2C 00
         30 00 2C 00
         37 00 30 00
         2C 00 00 00
         00 00      
00000785 00 00 00 00        		.dd LM29-_IRQ2
00000787 0D 00 0A 00        		.dw 0x0d,0x0a
000080A9                    	.text
                            	LM29:
                            		// ISR ATTRIBUTE FUNCTION, PUSH r1,bp
000080A9 A8 DA              		push r1,bp to [sp]
                            	
                            		// total=0, vars=0
                            		// frame_pointer_needed: 1
000080AA 08 0B 01 00        		bp=sp+1
                            	
000080AC 0D 03 03 00        		R1=BP+3
00000789                    	.debug
00000789 2E 00 73 00        		.dw '.stabn 0x44,0,71,',0,0
         74 00 61 00
         62 00 6E 00
         20 00 30 00
         78 00 34 00
         34 00 2C 00
         30 00 2C 00
         37 00 31 00
         2C 00 00 00
         00 00      
0000079C 05 00 00 00        		.dd LM30-_IRQ2
0000079E 0D 00 0A 00        		.dw 0x0d,0x0a
000080AE                    	.text
                            	LM30:
                            	L18:
                            	
                            		// ISR ATTRIBUTE FUNCTION, POP r1,bp
000080AE A8 90              		pop r1,bp from [sp]
000080AF 98 9A              		reti
                            		.endp	// end of IRQ2
                            	
000007A0                    	.debug
000007A0 2E 00 73 00        		.dw '.stabf ',0,0
         74 00 61 00
         62 00 66 00
         20 00 00 00
         00 00      
000007A9 07 00 00 00        		.dd LME5-_IRQ2
000007AB 0D 00 0A 00        		.dw 0x0d,0x0a
000080B0                    	.text
                            	LME5:
                            	// ISR ATTRIBUTE FUNCTION, LOCATE in .text SECTION
000080B0                    	.text
000007AD                    	.debug
000007AD 2E 00 73 00        		.dw '.stabs "IRQ3:F19",36,0,0,',0,0,offset _IRQ3,seg _IRQ3,0x0d,0x0a
         74 00 61 00
         62 00 73 00
         20 00 22 00
         49 00 52 00
         51 00 33 00
         3A 00 46 00
         31 00 39 00
         22 00 2C 00
         33 00 36 00
         2C 00 30 00
         2C 00 30 00
         2C 00 00 00
         00 00 A7 00
         00 00 0D 00
         0A 00      
000080B0                    	.TEXT
                            	.public _IRQ3
                            	_IRQ3:	.proc
000007CC                    	.debug
000007CC 2E 00 73 00        		.dw '.stabn 0x44,0,74,',0,0
         74 00 61 00
         62 00 6E 00
         20 00 30 00
         78 00 34 00
         34 00 2C 00
         30 00 2C 00
         37 00 34 00
         2C 00 00 00
         00 00      
000007DF 00 00 00 00        		.dd LM31-_IRQ3
000007E1 0D 00 0A 00        		.dw 0x0d,0x0a
000080B0                    	.text
                            	LM31:
                            		// ISR ATTRIBUTE FUNCTION, PUSH r1,bp
000080B0 A8 DA              		push r1,bp to [sp]
                            	
                            		// total=0, vars=0
                            		// frame_pointer_needed: 1
000080B1 08 0B 01 00        		bp=sp+1
                            	
000080B3 0D 03 03 00        		R1=BP+3
000007E3                    	.debug
000007E3 2E 00 73 00        		.dw '.stabn 0x44,0,75,',0,0
         74 00 61 00
         62 00 6E 00
         20 00 30 00
         78 00 34 00
         34 00 2C 00
         30 00 2C 00
         37 00 35 00
         2C 00 00 00
         00 00      
000007F6 05 00 00 00        		.dd LM32-_IRQ3
000007F8 0D 00 0A 00        		.dw 0x0d,0x0a
000080B5                    	.text
                            	LM32:
                            	L19:
                            	
                            		// ISR ATTRIBUTE FUNCTION, POP r1,bp
000080B5 A8 90              		pop r1,bp from [sp]
000080B6 98 9A              		reti
                            		.endp	// end of IRQ3
                            	
000007FA                    	.debug
000007FA 2E 00 73 00        		.dw '.stabf ',0,0
         74 00 61 00
         62 00 66 00
         20 00 00 00
         00 00      
00000803 07 00 00 00        		.dd LME6-_IRQ3
00000805 0D 00 0A 00        		.dw 0x0d,0x0a
000080B7                    	.text
                            	LME6:
                            	// ISR ATTRIBUTE FUNCTION, LOCATE in .text SECTION
000080B7                    	.text
00000807                    	.debug
00000807 2E 00 73 00        		.dw '.stabs "IRQ4:F19",36,0,0,',0,0,offset _IRQ4,seg _IRQ4,0x0d,0x0a
         74 00 61 00
         62 00 73 00
         20 00 22 00
         49 00 52 00
         51 00 34 00
         3A 00 46 00
         31 00 39 00
         22 00 2C 00
         33 00 36 00
         2C 00 30 00
         2C 00 30 00
         2C 00 00 00
         00 00 AE 00
         00 00 0D 00
         0A 00      
000080B7                    	.TEXT
                            	.public _IRQ4
                            	_IRQ4:	.proc
00000826                    	.debug
00000826 2E 00 73 00        		.dw '.stabn 0x44,0,78,',0,0
         74 00 61 00
         62 00 6E 00
         20 00 30 00
         78 00 34 00
         34 00 2C 00
         30 00 2C 00
         37 00 38 00
         2C 00 00 00
         00 00      
00000839 00 00 00 00        		.dd LM33-_IRQ4
0000083B 0D 00 0A 00        		.dw 0x0d,0x0a
000080B7                    	.text
                            	LM33:
                            		// ISR ATTRIBUTE FUNCTION, PUSH r1,bp
000080B7 A8 DA              		push r1,bp to [sp]
                            	
                            		// total=0, vars=0
                            		// frame_pointer_needed: 1
000080B8 08 0B 01 00        		bp=sp+1
                            	
000080BA 0D 03 03 00        		R1=BP+3
0000083D                    	.debug
0000083D 2E 00 73 00        		.dw '.stabn 0x44,0,79,',0,0
         74 00 61 00
         62 00 6E 00
         20 00 30 00
         78 00 34 00
         34 00 2C 00
         30 00 2C 00
         37 00 39 00
         2C 00 00 00
         00 00      
00000850 05 00 00 00        		.dd LM34-_IRQ4
00000852 0D 00 0A 00        		.dw 0x0d,0x0a
000080BC                    	.text
                            	LM34:
                            	L20:
                            	
                            		// ISR ATTRIBUTE FUNCTION, POP r1,bp
000080BC A8 90              		pop r1,bp from [sp]
000080BD 98 9A              		reti
                            		.endp	// end of IRQ4
                            	
00000854                    	.debug
00000854 2E 00 73 00        		.dw '.stabf ',0,0
         74 00 61 00
         62 00 66 00
         20 00 00 00
         00 00      
0000085D 07 00 00 00        		.dd LME7-_IRQ4
0000085F 0D 00 0A 00        		.dw 0x0d,0x0a
000080BE                    	.text
                            	LME7:
                            	// ISR ATTRIBUTE FUNCTION, LOCATE in .text SECTION
000080BE                    	.text
00000861                    	.debug
00000861 2E 00 73 00        		.dw '.stabs "IRQ5:F19",36,0,0,',0,0,offset _IRQ5,seg _IRQ5,0x0d,0x0a
         74 00 61 00
         62 00 73 00
         20 00 22 00
         49 00 52 00
         51 00 35 00
         3A 00 46 00
         31 00 39 00
         22 00 2C 00
         33 00 36 00
         2C 00 30 00
         2C 00 30 00
         2C 00 00 00
         00 00 B5 00
         00 00 0D 00
         0A 00      
000080BE                    	.TEXT
                            	.public _IRQ5
                            	_IRQ5:	.proc
00000880                    	.debug
00000880 2E 00 73 00        		.dw '.stabn 0x44,0,82,',0,0
         74 00 61 00
         62 00 6E 00
         20 00 30 00
         78 00 34 00
         34 00 2C 00
         30 00 2C 00
         38 00 32 00
         2C 00 00 00
         00 00      
00000893 00 00 00 00        		.dd LM35-_IRQ5
00000895 0D 00 0A 00        		.dw 0x0d,0x0a
000080BE                    	.text
                            	LM35:
                            		// ISR ATTRIBUTE FUNCTION, PUSH r1,bp
000080BE A8 DA              		push r1,bp to [sp]
                            	
                            		// total=0, vars=0
                            		// frame_pointer_needed: 1
000080BF 08 0B 01 00        		bp=sp+1
                            	
000080C1 0D 03 03 00        		R1=BP+3
00000897                    	.debug
00000897 2E 00 73 00        		.dw '.stabn 0x44,0,83,',0,0
         74 00 61 00
         62 00 6E 00
         20 00 30 00
         78 00 34 00
         34 00 2C 00
         30 00 2C 00
         38 00 33 00
         2C 00 00 00
         00 00      
000008AA 05 00 00 00        		.dd LM36-_IRQ5
000008AC 0D 00 0A 00        		.dw 0x0d,0x0a
000080C3                    	.text
                            	LM36:
                            	L21:
                            	
                            		// ISR ATTRIBUTE FUNCTION, POP r1,bp
000080C3 A8 90              		pop r1,bp from [sp]
000080C4 98 9A              		reti
                            		.endp	// end of IRQ5
                            	
000008AE                    	.debug
000008AE 2E 00 73 00        		.dw '.stabf ',0,0
         74 00 61 00
         62 00 66 00
         20 00 00 00
         00 00      
000008B7 07 00 00 00        		.dd LME8-_IRQ5
000008B9 0D 00 0A 00        		.dw 0x0d,0x0a
000080C5                    	.text
                            	LME8:
                            	// ISR ATTRIBUTE FUNCTION, LOCATE in .text SECTION
000080C5                    	.text
000008BB                    	.debug
000008BB 2E 00 73 00        		.dw '.stabs "IRQ6:F19",36,0,0,',0,0,offset _IRQ6,seg _IRQ6,0x0d,0x0a
         74 00 61 00
         62 00 73 00
         20 00 22 00
         49 00 52 00
         51 00 36 00
         3A 00 46 00
         31 00 39 00
         22 00 2C 00
         33 00 36 00
         2C 00 30 00
         2C 00 30 00
         2C 00 00 00
         00 00 BC 00
         00 00 0D 00
         0A 00      
000080C5                    	.TEXT
                            	.public _IRQ6
                            	_IRQ6:	.proc
000008DA                    	.debug
000008DA 2E 00 73 00        		.dw '.stabn 0x44,0,86,',0,0
         74 00 61 00
         62 00 6E 00
         20 00 30 00
         78 00 34 00
         34 00 2C 00
         30 00 2C 00
         38 00 36 00
         2C 00 00 00
         00 00      
000008ED 00 00 00 00        		.dd LM37-_IRQ6
000008EF 0D 00 0A 00        		.dw 0x0d,0x0a
000080C5                    	.text
                            	LM37:
                            		// ISR ATTRIBUTE FUNCTION, PUSH r1,bp
000080C5 A8 DA              		push r1,bp to [sp]
                            	
                            		// total=0, vars=0
                            		// frame_pointer_needed: 1
000080C6 08 0B 01 00        		bp=sp+1
                            	
000080C8 0D 03 03 00        		R1=BP+3
000008F1                    	.debug
000008F1 2E 00 73 00        		.dw '.stabn 0x44,0,87,',0,0
         74 00 61 00
         62 00 6E 00
         20 00 30 00
         78 00 34 00
         34 00 2C 00
         30 00 2C 00
         38 00 37 00
         2C 00 00 00
         00 00      
00000904 05 00 00 00        		.dd LM38-_IRQ6
00000906 0D 00 0A 00        		.dw 0x0d,0x0a
000080CA                    	.text
                            	LM38:
                            	L22:
                            	
                            		// ISR ATTRIBUTE FUNCTION, POP r1,bp
000080CA A8 90              		pop r1,bp from [sp]
000080CB 98 9A              		reti
                            		.endp	// end of IRQ6
                            	
00000908                    	.debug
00000908 2E 00 73 00        		.dw '.stabf ',0,0
         74 00 61 00
         62 00 66 00
         20 00 00 00
         00 00      
00000911 07 00 00 00        		.dd LME9-_IRQ6
00000913 0D 00 0A 00        		.dw 0x0d,0x0a
000080CC                    	.text
                            	LME9:
                            	// ISR ATTRIBUTE FUNCTION, LOCATE in .text SECTION
000080CC                    	.text
00000915                    	.debug
00000915 2E 00 73 00        		.dw '.stabs "IRQ7:F19",36,0,0,',0,0,offset _IRQ7,seg _IRQ7,0x0d,0x0a
         74 00 61 00
         62 00 73 00
         20 00 22 00
         49 00 52 00
         51 00 37 00
         3A 00 46 00
         31 00 39 00
         22 00 2C 00
         33 00 36 00
         2C 00 30 00
         2C 00 30 00
         2C 00 00 00
         00 00 C3 00
         00 00 0D 00
         0A 00      
000080CC                    	.TEXT
                            	.public _IRQ7
                            	_IRQ7:	.proc
00000934                    	.debug
00000934 2E 00 73 00        		.dw '.stabn 0x44,0,90,',0,0
         74 00 61 00
         62 00 6E 00
         20 00 30 00
         78 00 34 00
         34 00 2C 00
         30 00 2C 00
         39 00 30 00
         2C 00 00 00
         00 00      
00000947 00 00 00 00        		.dd LM39-_IRQ7
00000949 0D 00 0A 00        		.dw 0x0d,0x0a
000080CC                    	.text
                            	LM39:
                            		// ISR ATTRIBUTE FUNCTION, PUSH r1,bp
000080CC A8 DA              		push r1,bp to [sp]
                            	
                            		// total=0, vars=0
                            		// frame_pointer_needed: 1
000080CD 08 0B 01 00        		bp=sp+1
                            	
000080CF 0D 03 03 00        		R1=BP+3
0000094B                    	.debug
0000094B 2E 00 73 00        		.dw '.stabn 0x44,0,91,',0,0
         74 00 61 00
         62 00 6E 00
         20 00 30 00
         78 00 34 00
         34 00 2C 00
         30 00 2C 00
         39 00 31 00
         2C 00 00 00
         00 00      
0000095E 05 00 00 00        		.dd LM40-_IRQ7
00000960 0D 00 0A 00        		.dw 0x0d,0x0a
000080D1                    	.text
                            	LM40:
                            	L23:
                            	
                            		// ISR ATTRIBUTE FUNCTION, POP r1,bp
000080D1 A8 90              		pop r1,bp from [sp]
000080D2 98 9A              		reti
                            		.endp	// end of IRQ7
                            	
00000962                    	.debug
00000962 2E 00 73 00        		.dw '.stabf ',0,0
         74 00 61 00
         62 00 66 00
         20 00 00 00
         00 00      
0000096B 07 00 00 00        		.dd LME10-_IRQ7
0000096D 0D 00 0A 00        		.dw 0x0d,0x0a
000080D3                    	.text
                            	LME10:
                            	.external _SP_SIOReadAWord
                            	.external _SP_SIOSendAWord
                            	.external _Fir
                            	.external _g_ulAddr
                            	.external _g_Flag_Status
                            		.end
0 error(s), 0 warning(s).

