Sunplus u'nSP Assembler - Ver. 1.8.0
              Listing File Has Been Relocated
                            	// GCC for SUNPLUS u'nSP version 1.0.10
                            	// Command: E:\PROGRA~1\Sunplus\UNSPID~3\IDE180\cc1.exe C:\DOCUME~1\˔Ȼ˚.DOMAIN\LOCALS~1\Temp\ccUvaaaa.i -fkeep-inline-functions -quiet -dumpbase main.c -gstabs -o .\Debug/main.asm
                            	// gcc2_compiled.:
                            	
00008026                    	.code
                            	Ltext0:
00000000                    	.debug
00000000 2E 00 73 00        		.dw '.stabs "int:t1=r1;-32768;32767;",128,0,0,0',0x0d,0x0a
         74 00 61 00
         62 00 73 00
         20 00 22 00
         69 00 6E 00
         74 00 3A 00
         74 00 31 00
         3D 00 72 00
         31 00 3B 00
         2D 00 33 00
         32 00 37 00
         36 00 38 00
         3B 00 33 00
         32 00 37 00
         36 00 37 00
         3B 00 22 00
         2C 00 31 00
         32 00 38 00
         2C 00 30 00
         2C 00 30 00
         2C 00 30 00
         0D 00 0A 00
00008026                    	.CODE
0000002C                    	.debug
0000002C 2E 00 73 00        		.dw '.stabs "char:t2=r2;0;127;",128,0,0,0',0x0d,0x0a
         74 00 61 00
         62 00 73 00
         20 00 22 00
         63 00 68 00
         61 00 72 00
         3A 00 74 00
         32 00 3D 00
         72 00 32 00
         3B 00 30 00
         3B 00 31 00
         32 00 37 00
         3B 00 22 00
         2C 00 31 00
         32 00 38 00
         2C 00 30 00
         2C 00 30 00
         2C 00 30 00
         0D 00 0A 00
00008026                    	.CODE
00000052                    	.debug
00000052 2E 00 73 00        		.dw '.stabs "long int:t3=r3;-2147483648;2147483647;",128,0,0,0',0x0d,0x0a
         74 00 61 00
         62 00 73 00
         20 00 22 00
         6C 00 6F 00
         6E 00 67 00
         20 00 69 00
         6E 00 74 00
         3A 00 74 00
         33 00 3D 00
         72 00 33 00
         3B 00 2D 00
         32 00 31 00
         34 00 37 00
         34 00 38 00
         33 00 36 00
         34 00 38 00
         3B 00 32 00
         31 00 34 00
         37 00 34 00
         38 00 33 00
         36 00 34 00
         37 00 3B 00
         22 00 2C 00
         31 00 32 00
         38 00 2C 00
         30 00 2C 00
         30 00 2C 00
         30 00 0D 00
         0A 00      
00008026                    	.CODE
0000008D                    	.debug
0000008D 2E 00 73 00        		.dw '.stabs "unsigned int:t4=r4;0;65535;",128,0,0,0',0x0d,0x0a
         74 00 61 00
         62 00 73 00
         20 00 22 00
         75 00 6E 00
         73 00 69 00
         67 00 6E 00
         65 00 64 00
         20 00 69 00
         6E 00 74 00
         3A 00 74 00
         34 00 3D 00
         72 00 34 00
         3B 00 30 00
         3B 00 36 00
         35 00 35 00
         33 00 35 00
         3B 00 22 00
         2C 00 31 00
         32 00 38 00
         2C 00 30 00
         2C 00 30 00
         2C 00 30 00
         0D 00 0A 00
00008026                    	.CODE
000000BD                    	.debug
000000BD 2E 00 73 00        		.dw '.stabs "long unsigned int:t5=r5;0;4294967295;",128,0,0,0',0x0d,0x0a
         74 00 61 00
         62 00 73 00
         20 00 22 00
         6C 00 6F 00
         6E 00 67 00
         20 00 75 00
         6E 00 73 00
         69 00 67 00
         6E 00 65 00
         64 00 20 00
         69 00 6E 00
         74 00 3A 00
         74 00 35 00
         3D 00 72 00
         35 00 3B 00
         30 00 3B 00
         34 00 32 00
         39 00 34 00
         39 00 36 00
         37 00 32 00
         39 00 35 00
         3B 00 22 00
         2C 00 31 00
         32 00 38 00
         2C 00 30 00
         2C 00 30 00
         2C 00 30 00
         0D 00 0A 00
00008026                    	.CODE
000000F7                    	.debug
000000F7 2E 00 73 00        		.dw '.stabs "long long int:t6=r6;-2147483648;2147483647;",128,0,0,0',0x0d,0x0a
         74 00 61 00
         62 00 73 00
         20 00 22 00
         6C 00 6F 00
         6E 00 67 00
         20 00 6C 00
         6F 00 6E 00
         67 00 20 00
         69 00 6E 00
         74 00 3A 00
         74 00 36 00
         3D 00 72 00
         36 00 3B 00
         2D 00 32 00
         31 00 34 00
         37 00 34 00
         38 00 33 00
         36 00 34 00
         38 00 3B 00
         32 00 31 00
         34 00 37 00
         34 00 38 00
         33 00 36 00
         34 00 37 00
         3B 00 22 00
         2C 00 31 00
         32 00 38 00
         2C 00 30 00
         2C 00 30 00
         2C 00 30 00
         0D 00 0A 00
00008026                    	.CODE
00000137                    	.debug
00000137 2E 00 73 00        		.dw '.stabs "long long unsigned int:t7=r7;0;4294967295;",128,0,0,0',0x0d,0x0a
         74 00 61 00
         62 00 73 00
         20 00 22 00
         6C 00 6F 00
         6E 00 67 00
         20 00 6C 00
         6F 00 6E 00
         67 00 20 00
         75 00 6E 00
         73 00 69 00
         67 00 6E 00
         65 00 64 00
         20 00 69 00
         6E 00 74 00
         3A 00 74 00
         37 00 3D 00
         72 00 37 00
         3B 00 30 00
         3B 00 34 00
         32 00 39 00
         34 00 39 00
         36 00 37 00
         32 00 39 00
         35 00 3B 00
         22 00 2C 00
         31 00 32 00
         38 00 2C 00
         30 00 2C 00
         30 00 2C 00
         30 00 0D 00
         0A 00      
00008026                    	.CODE
00000176                    	.debug
00000176 2E 00 73 00        		.dw '.stabs "short int:t8=r8;-32768;32767;",128,0,0,0',0x0d,0x0a
         74 00 61 00
         62 00 73 00
         20 00 22 00
         73 00 68 00
         6F 00 72 00
         74 00 20 00
         69 00 6E 00
         74 00 3A 00
         74 00 38 00
         3D 00 72 00
         38 00 3B 00
         2D 00 33 00
         32 00 37 00
         36 00 38 00
         3B 00 33 00
         32 00 37 00
         36 00 37 00
         3B 00 22 00
         2C 00 31 00
         32 00 38 00
         2C 00 30 00
         2C 00 30 00
         2C 00 30 00
         0D 00 0A 00
00008026                    	.CODE
000001A8                    	.debug
000001A8 2E 00 73 00        		.dw '.stabs "short unsigned int:t9=r9;0;65535;",128,0,0,0',0x0d,0x0a
         74 00 61 00
         62 00 73 00
         20 00 22 00
         73 00 68 00
         6F 00 72 00
         74 00 20 00
         75 00 6E 00
         73 00 69 00
         67 00 6E 00
         65 00 64 00
         20 00 69 00
         6E 00 74 00
         3A 00 74 00
         39 00 3D 00
         72 00 39 00
         3B 00 30 00
         3B 00 36 00
         35 00 35 00
         33 00 35 00
         3B 00 22 00
         2C 00 31 00
         32 00 38 00
         2C 00 30 00
         2C 00 30 00
         2C 00 30 00
         0D 00 0A 00
00008026                    	.CODE
000001DE                    	.debug
000001DE 2E 00 73 00        		.dw '.stabs "signed char:t10=r10;-32768;32767;",128,0,0,0',0x0d,0x0a
         74 00 61 00
         62 00 73 00
         20 00 22 00
         73 00 69 00
         67 00 6E 00
         65 00 64 00
         20 00 63 00
         68 00 61 00
         72 00 3A 00
         74 00 31 00
         30 00 3D 00
         72 00 31 00
         30 00 3B 00
         2D 00 33 00
         32 00 37 00
         36 00 38 00
         3B 00 33 00
         32 00 37 00
         36 00 37 00
         3B 00 22 00
         2C 00 31 00
         32 00 38 00
         2C 00 30 00
         2C 00 30 00
         2C 00 30 00
         0D 00 0A 00
00008026                    	.CODE
00000214                    	.debug
00000214 2E 00 73 00        		.dw '.stabs "unsigned char:t11=r11;0;65535;",128,0,0,0',0x0d,0x0a
         74 00 61 00
         62 00 73 00
         20 00 22 00
         75 00 6E 00
         73 00 69 00
         67 00 6E 00
         65 00 64 00
         20 00 63 00
         68 00 61 00
         72 00 3A 00
         74 00 31 00
         31 00 3D 00
         72 00 31 00
         31 00 3B 00
         30 00 3B 00
         36 00 35 00
         35 00 33 00
         35 00 3B 00
         22 00 2C 00
         31 00 32 00
         38 00 2C 00
         30 00 2C 00
         30 00 2C 00
         30 00 0D 00
         0A 00      
00008026                    	.CODE
00000247                    	.debug
00000247 2E 00 73 00        		.dw '.stabs "float:t12=r1;2;0;",128,0,0,0',0x0d,0x0a
         74 00 61 00
         62 00 73 00
         20 00 22 00
         66 00 6C 00
         6F 00 61 00
         74 00 3A 00
         74 00 31 00
         32 00 3D 00
         72 00 31 00
         3B 00 32 00
         3B 00 30 00
         3B 00 22 00
         2C 00 31 00
         32 00 38 00
         2C 00 30 00
         2C 00 30 00
         2C 00 30 00
         0D 00 0A 00
00008026                    	.CODE
0000026D                    	.debug
0000026D 2E 00 73 00        		.dw '.stabs "double:t13=r1;2;0;",128,0,0,0',0x0d,0x0a
         74 00 61 00
         62 00 73 00
         20 00 22 00
         64 00 6F 00
         75 00 62 00
         6C 00 65 00
         3A 00 74 00
         31 00 33 00
         3D 00 72 00
         31 00 3B 00
         32 00 3B 00
         30 00 3B 00
         22 00 2C 00
         31 00 32 00
         38 00 2C 00
         30 00 2C 00
         30 00 2C 00
         30 00 0D 00
         0A 00      
00008026                    	.CODE
00000294                    	.debug
00000294 2E 00 73 00        		.dw '.stabs "long double:t14=r1;2;0;",128,0,0,0',0x0d,0x0a
         74 00 61 00
         62 00 73 00
         20 00 22 00
         6C 00 6F 00
         6E 00 67 00
         20 00 64 00
         6F 00 75 00
         62 00 6C 00
         65 00 3A 00
         74 00 31 00
         34 00 3D 00
         72 00 31 00
         3B 00 32 00
         3B 00 30 00
         3B 00 22 00
         2C 00 31 00
         32 00 38 00
         2C 00 30 00
         2C 00 30 00
         2C 00 30 00
         0D 00 0A 00
00008026                    	.CODE
000002C0                    	.debug
000002C0 2E 00 73 00        		.dw '.stabs "complex int:t15=s2real:1,0,16;imag:1,16,16;;",128,0,0,0',0x0d,0x0a
         74 00 61 00
         62 00 73 00
         20 00 22 00
         63 00 6F 00
         6D 00 70 00
         6C 00 65 00
         78 00 20 00
         69 00 6E 00
         74 00 3A 00
         74 00 31 00
         35 00 3D 00
         73 00 32 00
         72 00 65 00
         61 00 6C 00
         3A 00 31 00
         2C 00 30 00
         2C 00 31 00
         36 00 3B 00
         69 00 6D 00
         61 00 67 00
         3A 00 31 00
         2C 00 31 00
         36 00 2C 00
         31 00 36 00
         3B 00 3B 00
         22 00 2C 00
         31 00 32 00
         38 00 2C 00
         30 00 2C 00
         30 00 2C 00
         30 00 0D 00
         0A 00      
00008026                    	.CODE
00000301                    	.debug
00000301 2E 00 73 00        		.dw '.stabs "complex float:t16=r16;2;0;",128,0,0,0',0x0d,0x0a
         74 00 61 00
         62 00 73 00
         20 00 22 00
         63 00 6F 00
         6D 00 70 00
         6C 00 65 00
         78 00 20 00
         66 00 6C 00
         6F 00 61 00
         74 00 3A 00
         74 00 31 00
         36 00 3D 00
         72 00 31 00
         36 00 3B 00
         32 00 3B 00
         30 00 3B 00
         22 00 2C 00
         31 00 32 00
         38 00 2C 00
         30 00 2C 00
         30 00 2C 00
         30 00 0D 00
         0A 00      
00008026                    	.CODE
00000330                    	.debug
00000330 2E 00 73 00        		.dw '.stabs "complex double:t17=r17;2;0;",128,0,0,0',0x0d,0x0a
         74 00 61 00
         62 00 73 00
         20 00 22 00
         63 00 6F 00
         6D 00 70 00
         6C 00 65 00
         78 00 20 00
         64 00 6F 00
         75 00 62 00
         6C 00 65 00
         3A 00 74 00
         31 00 37 00
         3D 00 72 00
         31 00 37 00
         3B 00 32 00
         3B 00 30 00
         3B 00 22 00
         2C 00 31 00
         32 00 38 00
         2C 00 30 00
         2C 00 30 00
         2C 00 30 00
         0D 00 0A 00
00008026                    	.CODE
00000360                    	.debug
00000360 2E 00 73 00        		.dw '.stabs "complex long double:t18=r18;2;0;",128,0,0,0',0x0d,0x0a
         74 00 61 00
         62 00 73 00
         20 00 22 00
         63 00 6F 00
         6D 00 70 00
         6C 00 65 00
         78 00 20 00
         6C 00 6F 00
         6E 00 67 00
         20 00 64 00
         6F 00 75 00
         62 00 6C 00
         65 00 3A 00
         74 00 31 00
         38 00 3D 00
         72 00 31 00
         38 00 3B 00
         32 00 3B 00
         30 00 3B 00
         22 00 2C 00
         31 00 32 00
         38 00 2C 00
         30 00 2C 00
         30 00 2C 00
         30 00 0D 00
         0A 00      
00008026                    	.CODE
00000395                    	.debug
00000395 2E 00 73 00        		.dw '.stabs "void:t19=19",128,0,0,0',0x0d,0x0a
         74 00 61 00
         62 00 73 00
         20 00 22 00
         76 00 6F 00
         69 00 64 00
         3A 00 74 00
         31 00 39 00
         3D 00 31 00
         39 00 22 00
         2C 00 31 00
         32 00 38 00
         2C 00 30 00
         2C 00 30 00
         2C 00 30 00
         0D 00 0A 00
00008026                    	.CODE
00008026                    	.code
000003B5                    	.debug
000003B5 2E 00 73 00        		.dw '.stabs "main:F1",36,0,0,',0,0,offset _main,seg _main,0x0d,0x0a
         74 00 61 00
         62 00 73 00
         20 00 22 00
         6D 00 61 00
         69 00 6E 00
         3A 00 46 00
         31 00 22 00
         2C 00 33 00
         36 00 2C 00
         30 00 2C 00
         30 00 2C 00
         00 00 00 00
         00 00 00 00
         0D 00 0A 00
00008026                    	.CODE
                            	.public _main
                            	_main:	.proc
000003D3                    	.debug
000003D3 2E 00 73 00        		.dw '.stabn 0x44,0,6,',0,0
         74 00 61 00
         62 00 6E 00
         20 00 30 00
         78 00 34 00
         34 00 2C 00
         30 00 2C 00
         36 00 2C 00
         00 00 00 00
000003E5 00 00 00 00        		.dd LM1-_main
000003E7 0D 00 0A 00        		.dw 0x0d,0x0a
00008026                    	.code
                            	LM1:
                            		// total=3, vars=3
                            		// frame_pointer_needed: 1
00008026 88 DA              		push bp to [sp]
00008027 43 20              		sp-=3
00008028 08 0B 01 00        		bp=sp+1
                            	
0000802A 0D 03 06 00        		R1=BP+6
000003E9                    	.debug
000003E9 2E 00 73 00        		.dw '.stabn 0x44,0,7,',0,0
         74 00 61 00
         62 00 6E 00
         20 00 30 00
         78 00 34 00
         34 00 2C 00
         30 00 2C 00
         37 00 2C 00
         00 00 00 00
000003FB 06 00 00 00        		.dd LM2-_main
000003FD 0D 00 0A 00        		.dw 0x0d,0x0a
0000802C                    	.code
                            	LM2:
                            	LBB2:
000003FF                    	.debug
000003FF 2E 00 73 00        		.dw '.stabn 0x44,0,8,',0,0
         74 00 61 00
         62 00 6E 00
         20 00 30 00
         78 00 34 00
         34 00 2C 00
         30 00 2C 00
         38 00 2C 00
         00 00 00 00
00000411 06 00 00 00        		.dd LM3-_main
00000413 0D 00 0A 00        		.dw 0x0d,0x0a
0000802C                    	.code
                            	LM3:
0000802C 41 64              		R2=(-1)	// QImode move
0000802D 1A D5 02 70        		[28674]=R2	// QImode move
00000415                    	.debug
00000415 2E 00 73 00        		.dw '.stabn 0x44,0,9,',0,0
         74 00 61 00
         62 00 6E 00
         20 00 30 00
         78 00 34 00
         34 00 2C 00
         30 00 2C 00
         39 00 2C 00
         00 00 00 00
00000427 09 00 00 00        		.dd LM4-_main
00000429 0D 00 0A 00        		.dw 0x0d,0x0a
0000802F                    	.code
                            	LM4:
0000802F 41 64              		R2=(-1)	// QImode move
00008030 1A D5 03 70        		[28675]=R2	// QImode move
0000042B                    	.debug
0000042B 2E 00 73 00        		.dw '.stabn 0x44,0,10,',0,0
         74 00 61 00
         62 00 6E 00
         20 00 30 00
         78 00 34 00
         34 00 2C 00
         30 00 2C 00
         31 00 30 00
         2C 00 00 00
         00 00      
0000043E 0C 00 00 00        		.dd LM5-_main
00000440 0D 00 0A 00        		.dw 0x0d,0x0a
00008032                    	.code
                            	LM5:
00008032 41 64              		R2=(-1)	// QImode move
00008033 1A D5 00 70        		[28672]=R2	// QImode move
00000442                    	.debug
00000442 2E 00 73 00        		.dw '.stabn 0x44,0,12,',0,0
         74 00 61 00
         62 00 6E 00
         20 00 30 00
         78 00 34 00
         34 00 2C 00
         30 00 2C 00
         31 00 32 00
         2C 00 00 00
         00 00      
00000455 0F 00 00 00        		.dd LM6-_main
00000457 0D 00 0A 00        		.dw 0x0d,0x0a
00008035                    	.code
                            	LM6:
00008035 60 94              		R2=32	// QImode move
00008036 1A D5 21 70        		[28705]=R2	// QImode move
00000459                    	.debug
00000459 2E 00 73 00        		.dw '.stabn 0x44,0,13,',0,0
         74 00 61 00
         62 00 6E 00
         20 00 30 00
         78 00 34 00
         34 00 2C 00
         30 00 2C 00
         31 00 33 00
         2C 00 00 00
         00 00      
0000046C 12 00 00 00        		.dd LM7-_main
0000046E 0D 00 0A 00        		.dw 0x0d,0x0a
00008038                    	.code
                            	LM7:
00008038 40 94              		R2=0	// QImode move
00008039 1A D5 21 70        		[28705]=R2	// QImode move
00000470                    	.debug
00000470 2E 00 73 00        		.dw '.stabn 0x44,0,15,',0,0
         74 00 61 00
         62 00 6E 00
         20 00 30 00
         78 00 34 00
         34 00 2C 00
         30 00 2C 00
         31 00 35 00
         2C 00 00 00
         00 00      
00000483 15 00 00 00        		.dd LM8-_main
00000485 0D 00 0A 00        		.dw 0x0d,0x0a
0000803B                    	.code
                            	LM8:
0000803B 40 94              		R2=0	// QImode move
0000803C 1A D5 25 70        		[28709]=R2	// QImode move
00000487                    	.debug
00000487 2E 00 73 00        		.dw '.stabn 0x44,0,16,',0,0
         74 00 61 00
         62 00 6E 00
         20 00 30 00
         78 00 34 00
         34 00 2C 00
         30 00 2C 00
         31 00 36 00
         2C 00 00 00
         00 00      
0000049A 18 00 00 00        		.dd LM9-_main
0000049C 0D 00 0A 00        		.dw 0x0d,0x0a
0000803E                    	.code
                            	LM9:
0000803E 0A 95 6B 00        		R2=107	// QImode move
00008040 1A D5 24 70        		[28708]=R2	// QImode move
0000049E                    	.debug
0000049E 2E 00 73 00        		.dw '.stabn 0x44,0,18,',0,0
         74 00 61 00
         62 00 6E 00
         20 00 30 00
         78 00 34 00
         34 00 2C 00
         30 00 2C 00
         31 00 38 00
         2C 00 00 00
         00 00      
000004B1 1C 00 00 00        		.dd LM10-_main
000004B3 0D 00 0A 00        		.dw 0x0d,0x0a
00008042                    	.code
                            	LM10:
00008042 4C 94              		R2=12	// QImode move
00008043 1A D5 21 70        		[28705]=R2	// QImode move
000004B5                    	.debug
000004B5 2E 00 73 00        		.dw '.stabn 0x44,0,19,',0,0
         74 00 61 00
         62 00 6E 00
         20 00 30 00
         78 00 34 00
         34 00 2C 00
         30 00 2C 00
         31 00 39 00
         2C 00 00 00
         00 00      
000004C8 1F 00 00 00        		.dd LM11-_main
000004CA 0D 00 0A 00        		.dw 0x0d,0x0a
00008045                    	.code
                            	LM11:
00008045 0A 95 C0 00        		R2=192	// QImode move
00008047 1A D5 22 70        		[28706]=R2	// QImode move
000004CC                    	.debug
000004CC 2E 00 73 00        		.dw '.stabn 0x44,0,21,',0,0
         74 00 61 00
         62 00 6E 00
         20 00 30 00
         78 00 34 00
         34 00 2C 00
         30 00 2C 00
         32 00 31 00
         2C 00 00 00
         00 00      
000004DF 23 00 00 00        		.dd LM12-_main
000004E1 0D 00 0A 00        		.dw 0x0d,0x0a
00008049                    	.code
                            	LM12:
00008049 05 95              		R2=BP	// QImode move
0000804A 0D 07 01 00        		R3=BP+1
0000804C 12 95 23 70        		R2=[28707]	// QImode move
0000804E 03 99              		R4=R3	// QImode move
0000804F C4 D4              		[R4]=R2	// QImode move
000004E3                    	.debug
000004E3 2E 00 73 00        		.dw '.stabn 0x44,0,23,',0,0
         74 00 61 00
         62 00 6E 00
         20 00 30 00
         78 00 34 00
         34 00 2C 00
         30 00 2C 00
         32 00 33 00
         2C 00 00 00
         00 00      
000004F6 2A 00 00 00        		.dd LM13-_main
000004F8 0D 00 0A 00        		.dw 0x0d,0x0a
00008050                    	.code
                            	LM13:
                            	L3:
00008050 0F 9F 54 80        		pc=L5	// jump
00008052 0F 9F A5 80        		pc=L4	// jump
                            	L5:
000004FA                    	.debug
000004FA 2E 00 73 00        		.dw '.stabn 0x44,0,25,',0,0
         74 00 61 00
         62 00 6E 00
         20 00 30 00
         78 00 34 00
         34 00 2C 00
         30 00 2C 00
         32 00 35 00
         2C 00 00 00
         00 00      
0000050D 2E 00 00 00        		.dd LM14-_main
0000050F 0D 00 0A 00        		.dw 0x0d,0x0a
00008054                    	.code
                            	LM14:
00008054 05 95              		R2=BP	// QImode move
00008055 0D 07 01 00        		R3=BP+1
00008057 12 95 22 70        		R2=[28706]	// QImode move
00008059 03 99              		R4=R3	// QImode move
0000805A C4 D4              		[R4]=R2	// QImode move
00000511                    	.debug
00000511 2E 00 73 00        		.dw '.stabn 0x44,0,26,',0,0
         74 00 61 00
         62 00 6E 00
         20 00 30 00
         78 00 34 00
         34 00 2C 00
         30 00 2C 00
         32 00 36 00
         2C 00 00 00
         00 00      
00000524 35 00 00 00        		.dd LM15-_main
00000526 0D 00 0A 00        		.dw 0x0d,0x0a
0000805B                    	.code
                            	LM15:
0000805B 05 97              		R3=BP	// QImode move
0000805C 0D 05 01 00        		R2=BP+1
0000805E 05 97              		R3=BP	// QImode move
0000805F 0D 07 01 00        		R3=BP+1
00008061 02 D6              		[bp+2]=R3	// QImode move
00008062 02 98              		R4=[bp+2]	// QImode move
00008063 C4 96              		R3=[R4]	// QImode move
00008064 0B B9 80 00        		R4=R3&128
00008066 02 97              		R3=R2	// QImode move
00008067 C3 D8              		[R3]=R4	// QImode move
00000528                    	.debug
00000528 2E 00 73 00        		.dw '.stabn 0x44,0,27,',0,0
         74 00 61 00
         62 00 6E 00
         20 00 30 00
         78 00 34 00
         34 00 2C 00
         30 00 2C 00
         32 00 37 00
         2C 00 00 00
         00 00      
0000053B 42 00 00 00        		.dd LM16-_main
0000053D 0D 00 0A 00        		.dw 0x0d,0x0a
00008068                    	.code
                            	LM16:
                            	L6:
00008068 05 95              		R2=BP	// QImode move
00008069 0D 07 01 00        		R3=BP+1
0000806B 03 99              		R4=R3	// QImode move
0000806C C4 94              		R2=[R4]	// QImode move
0000806D 40 44              		CMP R2,0	// QImode test
0000806E 02 4E              		JNZ L12	// QImode EQ
0000806F 0F 9F 73 80        		PC=L8
                            	L12:
00008071 0F 9F 8C 80        		pc=L7	// jump
                            	L8:
0000053F                    	.debug
0000053F 2E 00 73 00        		.dw '.stabn 0x44,0,29,',0,0
         74 00 61 00
         62 00 6E 00
         20 00 30 00
         78 00 34 00
         34 00 2C 00
         30 00 2C 00
         32 00 39 00
         2C 00 00 00
         00 00      
00000552 4D 00 00 00        		.dd LM17-_main
00000554 0D 00 0A 00        		.dw 0x0d,0x0a
00008073                    	.code
                            	LM17:
00008073 05 95              		R2=BP	// QImode move
00008074 0D 07 01 00        		R3=BP+1
00008076 12 95 22 70        		R2=[28706]	// QImode move
00008078 03 99              		R4=R3	// QImode move
00008079 C4 D4              		[R4]=R2	// QImode move
00000556                    	.debug
00000556 2E 00 73 00        		.dw '.stabn 0x44,0,30,',0,0
         74 00 61 00
         62 00 6E 00
         20 00 30 00
         78 00 34 00
         34 00 2C 00
         30 00 2C 00
         33 00 30 00
         2C 00 00 00
         00 00      
00000569 54 00 00 00        		.dd LM18-_main
0000056B 0D 00 0A 00        		.dw 0x0d,0x0a
0000807A                    	.code
                            	LM18:
0000807A 05 97              		R3=BP	// QImode move
0000807B 0D 05 01 00        		R2=BP+1
0000807D 05 97              		R3=BP	// QImode move
0000807E 0D 07 01 00        		R3=BP+1
00008080 02 D6              		[bp+2]=R3	// QImode move
00008081 02 98              		R4=[bp+2]	// QImode move
00008082 C4 96              		R3=[R4]	// QImode move
00008083 0B B9 80 00        		R4=R3&128
00008085 02 97              		R3=R2	// QImode move
00008086 C3 D8              		[R3]=R4	// QImode move
0000056D                    	.debug
0000056D 2E 00 73 00        		.dw '.stabn 0x44,0,31,',0,0
         74 00 61 00
         62 00 6E 00
         20 00 30 00
         78 00 34 00
         34 00 2C 00
         30 00 2C 00
         33 00 31 00
         2C 00 00 00
         00 00      
00000580 61 00 00 00        		.dd LM19-_main
00000582 0D 00 0A 00        		.dw 0x0d,0x0a
00008087                    	.code
                            	LM19:
00008087 41 94              		R2=1	// QImode move
00008088 1A D5 12 70        		[28690]=R2	// QImode move
00000584                    	.debug
00000584 2E 00 73 00        		.dw '.stabn 0x44,0,32,',0,0
         74 00 61 00
         62 00 6E 00
         20 00 30 00
         78 00 34 00
         34 00 2C 00
         30 00 2C 00
         33 00 32 00
         2C 00 00 00
         00 00      
00000597 64 00 00 00        		.dd LM20-_main
00000599 0D 00 0A 00        		.dw 0x0d,0x0a
0000808A                    	.code
                            	LM20:
0000808A 0F 9F 68 80        		pc=L6	// jump
                            	L7:
0000059B                    	.debug
0000059B 2E 00 73 00        		.dw '.stabn 0x44,0,33,',0,0
         74 00 61 00
         62 00 6E 00
         20 00 30 00
         78 00 34 00
         34 00 2C 00
         30 00 2C 00
         33 00 33 00
         2C 00 00 00
         00 00      
000005AE 66 00 00 00        		.dd LM21-_main
000005B0 0D 00 0A 00        		.dw 0x0d,0x0a
0000808C                    	.code
                            	LM21:
0000808C 12 95 23 70        		R2=[28707]	// QImode move
0000808E C5 D4              		[BP]=R2	// QImode move
000005B2                    	.debug
000005B2 2E 00 73 00        		.dw '.stabn 0x44,0,34,',0,0
         74 00 61 00
         62 00 6E 00
         20 00 30 00
         78 00 34 00
         34 00 2C 00
         30 00 2C 00
         33 00 34 00
         2C 00 00 00
         00 00      
000005C5 69 00 00 00        		.dd LM22-_main
000005C7 0D 00 0A 00        		.dw 0x0d,0x0a
0000808F                    	.code
                            	LM22:
0000808F C5 94              		R2=[BP]	// QImode move
00008090 0A 45 4F 00        		CMP R2,79	// QImode compare
00008092 02 5E              		JZ L13	// QImode NE
00008093 0F 9F 9A 80        		PC=L9
                            	L13:
000005C9                    	.debug
000005C9 2E 00 73 00        		.dw '.stabn 0x44,0,35,',0,0
         74 00 61 00
         62 00 6E 00
         20 00 30 00
         78 00 34 00
         34 00 2C 00
         30 00 2C 00
         33 00 35 00
         2C 00 00 00
         00 00      
000005DC 6F 00 00 00        		.dd LM23-_main
000005DE 0D 00 0A 00        		.dw 0x0d,0x0a
00008095                    	.code
                            	LM23:
00008095 40 94              		R2=0	// QImode move
00008096 1A D5 00 70        		[28672]=R2	// QImode move
00008098 0F 9F A3 80        		pc=L10	// jump
                            	L9:
000005E0                    	.debug
000005E0 2E 00 73 00        		.dw '.stabn 0x44,0,36,',0,0
         74 00 61 00
         62 00 6E 00
         20 00 30 00
         78 00 34 00
         34 00 2C 00
         30 00 2C 00
         33 00 36 00
         2C 00 00 00
         00 00      
000005F3 74 00 00 00        		.dd LM24-_main
000005F5 0D 00 0A 00        		.dw 0x0d,0x0a
0000809A                    	.code
                            	LM24:
0000809A C5 94              		R2=[BP]	// QImode move
0000809B 0A 45 43 00        		CMP R2,67	// QImode compare
0000809D 02 5E              		JZ L14	// QImode NE
0000809E 0F 9F A3 80        		PC=L10
                            	L14:
000005F7                    	.debug
000005F7 2E 00 73 00        		.dw '.stabn 0x44,0,37,',0,0
         74 00 61 00
         62 00 6E 00
         20 00 30 00
         78 00 34 00
         34 00 2C 00
         30 00 2C 00
         33 00 37 00
         2C 00 00 00
         00 00      
0000060A 7A 00 00 00        		.dd LM25-_main
0000060C 0D 00 0A 00        		.dw 0x0d,0x0a
000080A0                    	.code
                            	LM25:
000080A0 41 64              		R2=(-1)	// QImode move
000080A1 1A D5 00 70        		[28672]=R2	// QImode move
                            	L11:
                            	L10:
0000060E                    	.debug
0000060E 2E 00 73 00        		.dw '.stabn 0x44,0,38,',0,0
         74 00 61 00
         62 00 6E 00
         20 00 30 00
         78 00 34 00
         34 00 2C 00
         30 00 2C 00
         33 00 38 00
         2C 00 00 00
         00 00      
00000621 7D 00 00 00        		.dd LM26-_main
00000623 0D 00 0A 00        		.dw 0x0d,0x0a
000080A3                    	.code
                            	LM26:
000080A3 0F 9F 50 80        		pc=L3	// jump
                            	L4:
00000625                    	.debug
00000625 2E 00 73 00        		.dw '.stabn 0x44,0,39,',0,0
         74 00 61 00
         62 00 6E 00
         20 00 30 00
         78 00 34 00
         34 00 2C 00
         30 00 2C 00
         33 00 39 00
         2C 00 00 00
         00 00      
00000638 7F 00 00 00        		.dd LM27-_main
0000063A 0D 00 0A 00        		.dw 0x0d,0x0a
000080A5                    	.code
                            	LM27:
                            	LBE2:
0000063C                    	.debug
0000063C 2E 00 73 00        		.dw '.stabn 0x44,0,39,',0,0
         74 00 61 00
         62 00 6E 00
         20 00 30 00
         78 00 34 00
         34 00 2C 00
         30 00 2C 00
         33 00 39 00
         2C 00 00 00
         00 00      
0000064F 7F 00 00 00        		.dd LM28-_main
00000651 0D 00 0A 00        		.dw 0x0d,0x0a
000080A5                    	.code
                            	LM28:
                            	L2:
                            	
000080A5 43 00              		sp+=3
000080A6 88 98              		pop bp from [sp]
000080A7 90 9A              		retf
                            		.endp	// end of main
                            	
00000653                    	.debug
00000653 2E 00 73 00        		.dw '.stabn 0xc0,0,0,',0,0
         74 00 61 00
         62 00 6E 00
         20 00 30 00
         78 00 63 00
         30 00 2C 00
         30 00 2C 00
         30 00 2C 00
         00 00 00 00
00000665 06 00 00 00        		.dd LBB2-_main
00000667 0D 00 0A 00        		.dw 0x0d,0x0a
000080A8                    	.code
00000669                    	.debug
00000669 2E 00 73 00        		.dw '.stabs "uiData:4",128,0,0,0',0x0d,0x0a
         74 00 61 00
         62 00 73 00
         20 00 22 00
         75 00 69 00
         44 00 61 00
         74 00 61 00
         3A 00 34 00
         22 00 2C 00
         31 00 32 00
         38 00 2C 00
         30 00 2C 00
         30 00 2C 00
         30 00 0D 00
         0A 00      
000080A8                    	.CODE
00000686                    	.debug
00000686 2E 00 73 00        		.dw '.stabs "Ret:4",128,0,0,1',0x0d,0x0a
         74 00 61 00
         62 00 73 00
         20 00 22 00
         52 00 65 00
         74 00 3A 00
         34 00 22 00
         2C 00 31 00
         32 00 38 00
         2C 00 30 00
         2C 00 30 00
         2C 00 31 00
         0D 00 0A 00
000080A8                    	.CODE
000006A0                    	.debug
000006A0 2E 00 73 00        		.dw '.stabn 0xe0,0,0,',0,0
         74 00 61 00
         62 00 6E 00
         20 00 30 00
         78 00 65 00
         30 00 2C 00
         30 00 2C 00
         30 00 2C 00
         00 00 00 00
000006B2 7F 00 00 00        		.dd LBE2-_main
000006B4 0D 00 0A 00        		.dw 0x0d,0x0a
000080A8                    	.code
000006B6                    	.debug
000006B6 2E 00 73 00        		.dw '.stabf ',0,0
         74 00 61 00
         62 00 66 00
         20 00 00 00
         00 00      
000006BF 82 00 00 00        		.dd LME1-_main
000006C1 0D 00 0A 00        		.dw 0x0d,0x0a
000080A8                    	.code
                            	LME1:
                            		.end
0 error(s), 0 warning(s).

