Sunplus u'nSP Assembler - Ver. 1.8.0
              Listing File Has Been Relocated
                            	// GCC for SUNPLUS u'nSP version 1.0.10
                            	// Command: E:\PROGRA~1\Sunplus\UNSPID~3\IDE180\cc1.exe C:\DOCUME~1\˔Ȼ˚.DOMAIN\LOCALS~1\Temp\ccsvaaaa.i -fkeep-inline-functions -quiet -dumpbase main.c -gstabs -o .\Debug/main.asm
                            	// gcc2_compiled.:
                            	
00008C4C                    	.code
                            	Ltext0:
00000000                    	.debug
00000000 2E 00 73 00        		.dw '.stabs "int:t1=r1;-32768;32767;",128,0,0,0',0x0d,0x0a
         74 00 61 00
         62 00 73 00
         20 00 22 00
         69 00 6E 00
         74 00 3A 00
         74 00 31 00
         3D 00 72 00
         31 00 3B 00
         2D 00 33 00
         32 00 37 00
         36 00 38 00
         3B 00 33 00
         32 00 37 00
         36 00 37 00
         3B 00 22 00
         2C 00 31 00
         32 00 38 00
         2C 00 30 00
         2C 00 30 00
         2C 00 30 00
         0D 00 0A 00
00008C4C                    	.CODE
0000002C                    	.debug
0000002C 2E 00 73 00        		.dw '.stabs "char:t2=r2;0;127;",128,0,0,0',0x0d,0x0a
         74 00 61 00
         62 00 73 00
         20 00 22 00
         63 00 68 00
         61 00 72 00
         3A 00 74 00
         32 00 3D 00
         72 00 32 00
         3B 00 30 00
         3B 00 31 00
         32 00 37 00
         3B 00 22 00
         2C 00 31 00
         32 00 38 00
         2C 00 30 00
         2C 00 30 00
         2C 00 30 00
         0D 00 0A 00
00008C4C                    	.CODE
00000052                    	.debug
00000052 2E 00 73 00        		.dw '.stabs "long int:t3=r3;-2147483648;2147483647;",128,0,0,0',0x0d,0x0a
         74 00 61 00
         62 00 73 00
         20 00 22 00
         6C 00 6F 00
         6E 00 67 00
         20 00 69 00
         6E 00 74 00
         3A 00 74 00
         33 00 3D 00
         72 00 33 00
         3B 00 2D 00
         32 00 31 00
         34 00 37 00
         34 00 38 00
         33 00 36 00
         34 00 38 00
         3B 00 32 00
         31 00 34 00
         37 00 34 00
         38 00 33 00
         36 00 34 00
         37 00 3B 00
         22 00 2C 00
         31 00 32 00
         38 00 2C 00
         30 00 2C 00
         30 00 2C 00
         30 00 0D 00
         0A 00      
00008C4C                    	.CODE
0000008D                    	.debug
0000008D 2E 00 73 00        		.dw '.stabs "unsigned int:t4=r4;0;65535;",128,0,0,0',0x0d,0x0a
         74 00 61 00
         62 00 73 00
         20 00 22 00
         75 00 6E 00
         73 00 69 00
         67 00 6E 00
         65 00 64 00
         20 00 69 00
         6E 00 74 00
         3A 00 74 00
         34 00 3D 00
         72 00 34 00
         3B 00 30 00
         3B 00 36 00
         35 00 35 00
         33 00 35 00
         3B 00 22 00
         2C 00 31 00
         32 00 38 00
         2C 00 30 00
         2C 00 30 00
         2C 00 30 00
         0D 00 0A 00
00008C4C                    	.CODE
000000BD                    	.debug
000000BD 2E 00 73 00        		.dw '.stabs "long unsigned int:t5=r5;0;4294967295;",128,0,0,0',0x0d,0x0a
         74 00 61 00
         62 00 73 00
         20 00 22 00
         6C 00 6F 00
         6E 00 67 00
         20 00 75 00
         6E 00 73 00
         69 00 67 00
         6E 00 65 00
         64 00 20 00
         69 00 6E 00
         74 00 3A 00
         74 00 35 00
         3D 00 72 00
         35 00 3B 00
         30 00 3B 00
         34 00 32 00
         39 00 34 00
         39 00 36 00
         37 00 32 00
         39 00 35 00
         3B 00 22 00
         2C 00 31 00
         32 00 38 00
         2C 00 30 00
         2C 00 30 00
         2C 00 30 00
         0D 00 0A 00
00008C4C                    	.CODE
000000F7                    	.debug
000000F7 2E 00 73 00        		.dw '.stabs "long long int:t6=r6;-2147483648;2147483647;",128,0,0,0',0x0d,0x0a
         74 00 61 00
         62 00 73 00
         20 00 22 00
         6C 00 6F 00
         6E 00 67 00
         20 00 6C 00
         6F 00 6E 00
         67 00 20 00
         69 00 6E 00
         74 00 3A 00
         74 00 36 00
         3D 00 72 00
         36 00 3B 00
         2D 00 32 00
         31 00 34 00
         37 00 34 00
         38 00 33 00
         36 00 34 00
         38 00 3B 00
         32 00 31 00
         34 00 37 00
         34 00 38 00
         33 00 36 00
         34 00 37 00
         3B 00 22 00
         2C 00 31 00
         32 00 38 00
         2C 00 30 00
         2C 00 30 00
         2C 00 30 00
         0D 00 0A 00
00008C4C                    	.CODE
00000137                    	.debug
00000137 2E 00 73 00        		.dw '.stabs "long long unsigned int:t7=r7;0;4294967295;",128,0,0,0',0x0d,0x0a
         74 00 61 00
         62 00 73 00
         20 00 22 00
         6C 00 6F 00
         6E 00 67 00
         20 00 6C 00
         6F 00 6E 00
         67 00 20 00
         75 00 6E 00
         73 00 69 00
         67 00 6E 00
         65 00 64 00
         20 00 69 00
         6E 00 74 00
         3A 00 74 00
         37 00 3D 00
         72 00 37 00
         3B 00 30 00
         3B 00 34 00
         32 00 39 00
         34 00 39 00
         36 00 37 00
         32 00 39 00
         35 00 3B 00
         22 00 2C 00
         31 00 32 00
         38 00 2C 00
         30 00 2C 00
         30 00 2C 00
         30 00 0D 00
         0A 00      
00008C4C                    	.CODE
00000176                    	.debug
00000176 2E 00 73 00        		.dw '.stabs "short int:t8=r8;-32768;32767;",128,0,0,0',0x0d,0x0a
         74 00 61 00
         62 00 73 00
         20 00 22 00
         73 00 68 00
         6F 00 72 00
         74 00 20 00
         69 00 6E 00
         74 00 3A 00
         74 00 38 00
         3D 00 72 00
         38 00 3B 00
         2D 00 33 00
         32 00 37 00
         36 00 38 00
         3B 00 33 00
         32 00 37 00
         36 00 37 00
         3B 00 22 00
         2C 00 31 00
         32 00 38 00
         2C 00 30 00
         2C 00 30 00
         2C 00 30 00
         0D 00 0A 00
00008C4C                    	.CODE
000001A8                    	.debug
000001A8 2E 00 73 00        		.dw '.stabs "short unsigned int:t9=r9;0;65535;",128,0,0,0',0x0d,0x0a
         74 00 61 00
         62 00 73 00
         20 00 22 00
         73 00 68 00
         6F 00 72 00
         74 00 20 00
         75 00 6E 00
         73 00 69 00
         67 00 6E 00
         65 00 64 00
         20 00 69 00
         6E 00 74 00
         3A 00 74 00
         39 00 3D 00
         72 00 39 00
         3B 00 30 00
         3B 00 36 00
         35 00 35 00
         33 00 35 00
         3B 00 22 00
         2C 00 31 00
         32 00 38 00
         2C 00 30 00
         2C 00 30 00
         2C 00 30 00
         0D 00 0A 00
00008C4C                    	.CODE
000001DE                    	.debug
000001DE 2E 00 73 00        		.dw '.stabs "signed char:t10=r10;-32768;32767;",128,0,0,0',0x0d,0x0a
         74 00 61 00
         62 00 73 00
         20 00 22 00
         73 00 69 00
         67 00 6E 00
         65 00 64 00
         20 00 63 00
         68 00 61 00
         72 00 3A 00
         74 00 31 00
         30 00 3D 00
         72 00 31 00
         30 00 3B 00
         2D 00 33 00
         32 00 37 00
         36 00 38 00
         3B 00 33 00
         32 00 37 00
         36 00 37 00
         3B 00 22 00
         2C 00 31 00
         32 00 38 00
         2C 00 30 00
         2C 00 30 00
         2C 00 30 00
         0D 00 0A 00
00008C4C                    	.CODE
00000214                    	.debug
00000214 2E 00 73 00        		.dw '.stabs "unsigned char:t11=r11;0;65535;",128,0,0,0',0x0d,0x0a
         74 00 61 00
         62 00 73 00
         20 00 22 00
         75 00 6E 00
         73 00 69 00
         67 00 6E 00
         65 00 64 00
         20 00 63 00
         68 00 61 00
         72 00 3A 00
         74 00 31 00
         31 00 3D 00
         72 00 31 00
         31 00 3B 00
         30 00 3B 00
         36 00 35 00
         35 00 33 00
         35 00 3B 00
         22 00 2C 00
         31 00 32 00
         38 00 2C 00
         30 00 2C 00
         30 00 2C 00
         30 00 0D 00
         0A 00      
00008C4C                    	.CODE
00000247                    	.debug
00000247 2E 00 73 00        		.dw '.stabs "float:t12=r1;2;0;",128,0,0,0',0x0d,0x0a
         74 00 61 00
         62 00 73 00
         20 00 22 00
         66 00 6C 00
         6F 00 61 00
         74 00 3A 00
         74 00 31 00
         32 00 3D 00
         72 00 31 00
         3B 00 32 00
         3B 00 30 00
         3B 00 22 00
         2C 00 31 00
         32 00 38 00
         2C 00 30 00
         2C 00 30 00
         2C 00 30 00
         0D 00 0A 00
00008C4C                    	.CODE
0000026D                    	.debug
0000026D 2E 00 73 00        		.dw '.stabs "double:t13=r1;2;0;",128,0,0,0',0x0d,0x0a
         74 00 61 00
         62 00 73 00
         20 00 22 00
         64 00 6F 00
         75 00 62 00
         6C 00 65 00
         3A 00 74 00
         31 00 33 00
         3D 00 72 00
         31 00 3B 00
         32 00 3B 00
         30 00 3B 00
         22 00 2C 00
         31 00 32 00
         38 00 2C 00
         30 00 2C 00
         30 00 2C 00
         30 00 0D 00
         0A 00      
00008C4C                    	.CODE
00000294                    	.debug
00000294 2E 00 73 00        		.dw '.stabs "long double:t14=r1;2;0;",128,0,0,0',0x0d,0x0a
         74 00 61 00
         62 00 73 00
         20 00 22 00
         6C 00 6F 00
         6E 00 67 00
         20 00 64 00
         6F 00 75 00
         62 00 6C 00
         65 00 3A 00
         74 00 31 00
         34 00 3D 00
         72 00 31 00
         3B 00 32 00
         3B 00 30 00
         3B 00 22 00
         2C 00 31 00
         32 00 38 00
         2C 00 30 00
         2C 00 30 00
         2C 00 30 00
         0D 00 0A 00
00008C4C                    	.CODE
000002C0                    	.debug
000002C0 2E 00 73 00        		.dw '.stabs "complex int:t15=s2real:1,0,16;imag:1,16,16;;",128,0,0,0',0x0d,0x0a
         74 00 61 00
         62 00 73 00
         20 00 22 00
         63 00 6F 00
         6D 00 70 00
         6C 00 65 00
         78 00 20 00
         69 00 6E 00
         74 00 3A 00
         74 00 31 00
         35 00 3D 00
         73 00 32 00
         72 00 65 00
         61 00 6C 00
         3A 00 31 00
         2C 00 30 00
         2C 00 31 00
         36 00 3B 00
         69 00 6D 00
         61 00 67 00
         3A 00 31 00
         2C 00 31 00
         36 00 2C 00
         31 00 36 00
         3B 00 3B 00
         22 00 2C 00
         31 00 32 00
         38 00 2C 00
         30 00 2C 00
         30 00 2C 00
         30 00 0D 00
         0A 00      
00008C4C                    	.CODE
00000301                    	.debug
00000301 2E 00 73 00        		.dw '.stabs "complex float:t16=r16;2;0;",128,0,0,0',0x0d,0x0a
         74 00 61 00
         62 00 73 00
         20 00 22 00
         63 00 6F 00
         6D 00 70 00
         6C 00 65 00
         78 00 20 00
         66 00 6C 00
         6F 00 61 00
         74 00 3A 00
         74 00 31 00
         36 00 3D 00
         72 00 31 00
         36 00 3B 00
         32 00 3B 00
         30 00 3B 00
         22 00 2C 00
         31 00 32 00
         38 00 2C 00
         30 00 2C 00
         30 00 2C 00
         30 00 0D 00
         0A 00      
00008C4C                    	.CODE
00000330                    	.debug
00000330 2E 00 73 00        		.dw '.stabs "complex double:t17=r17;2;0;",128,0,0,0',0x0d,0x0a
         74 00 61 00
         62 00 73 00
         20 00 22 00
         63 00 6F 00
         6D 00 70 00
         6C 00 65 00
         78 00 20 00
         64 00 6F 00
         75 00 62 00
         6C 00 65 00
         3A 00 74 00
         31 00 37 00
         3D 00 72 00
         31 00 37 00
         3B 00 32 00
         3B 00 30 00
         3B 00 22 00
         2C 00 31 00
         32 00 38 00
         2C 00 30 00
         2C 00 30 00
         2C 00 30 00
         0D 00 0A 00
00008C4C                    	.CODE
00000360                    	.debug
00000360 2E 00 73 00        		.dw '.stabs "complex long double:t18=r18;2;0;",128,0,0,0',0x0d,0x0a
         74 00 61 00
         62 00 73 00
         20 00 22 00
         63 00 6F 00
         6D 00 70 00
         6C 00 65 00
         78 00 20 00
         6C 00 6F 00
         6E 00 67 00
         20 00 64 00
         6F 00 75 00
         62 00 6C 00
         65 00 3A 00
         74 00 31 00
         38 00 3D 00
         72 00 31 00
         38 00 3B 00
         32 00 3B 00
         30 00 3B 00
         22 00 2C 00
         31 00 32 00
         38 00 2C 00
         30 00 2C 00
         30 00 2C 00
         30 00 0D 00
         0A 00      
00008C4C                    	.CODE
00000395                    	.debug
00000395 2E 00 73 00        		.dw '.stabs "void:t19=19",128,0,0,0',0x0d,0x0a
         74 00 61 00
         62 00 73 00
         20 00 22 00
         76 00 6F 00
         69 00 64 00
         3A 00 74 00
         31 00 39 00
         3D 00 31 00
         39 00 22 00
         2C 00 31 00
         32 00 38 00
         2C 00 30 00
         2C 00 30 00
         2C 00 30 00
         0D 00 0A 00
00008C4C                    	.CODE
000003B5                    	.debug
000003B5 2E 00 73 00        		.dw '.stabs "Ret:G1",32,0,0,',0,0,offset _Ret,seg _Ret,0x0d,0x0a
         74 00 61 00
         62 00 73 00
         20 00 22 00
         52 00 65 00
         74 00 3A 00
         47 00 31 00
         22 00 2C 00
         33 00 32 00
         2C 00 30 00
         2C 00 30 00
         2C 00 00 00
         00 00 00 00
         00 00 0D 00
         0A 00      
00008C4C                    	.CODE
                            	.public _Ret
000000CC                    	.iram
                            	_Ret:
000000CC 00 00              		.dw 0
00008C4C                    	.code
000003D2                    	.debug
000003D2 2E 00 73 00        		.dw '.stabs "main:F1",36,0,0,',0,0,offset _main,seg _main,0x0d,0x0a
         74 00 61 00
         62 00 73 00
         20 00 22 00
         6D 00 61 00
         69 00 6E 00
         3A 00 46 00
         31 00 22 00
         2C 00 33 00
         36 00 2C 00
         30 00 2C 00
         30 00 2C 00
         00 00 00 00
         00 00 00 00
         0D 00 0A 00
00008C4C                    	.CODE
                            	.public _main
                            	_main:	.proc
000003F0                    	.debug
000003F0 2E 00 73 00        		.dw '.stabn 0x44,0,16,',0,0
         74 00 61 00
         62 00 6E 00
         20 00 30 00
         78 00 34 00
         34 00 2C 00
         30 00 2C 00
         31 00 36 00
         2C 00 00 00
         00 00      
00000403 00 00 00 00        		.dd LM1-_main
00000405 0D 00 0A 00        		.dw 0x0d,0x0a
00008C4C                    	.code
                            	LM1:
                            		// total=5, vars=5
                            		// frame_pointer_needed: 1
00008C4C 88 DA              		push bp to [sp]
00008C4D 45 20              		sp-=5
00008C4E 08 0B 01 00        		bp=sp+1
                            	
00008C50 0D 03 08 00        		R1=BP+8
00008C52 04 D2              		[bp+4]=R1	// QImode move
00000407                    	.debug
00000407 2E 00 73 00        		.dw '.stabn 0x44,0,17,',0,0
         74 00 61 00
         62 00 6E 00
         20 00 30 00
         78 00 34 00
         34 00 2C 00
         30 00 2C 00
         31 00 37 00
         2C 00 00 00
         00 00      
0000041A 07 00 00 00        		.dd LM2-_main
0000041C 0D 00 0A 00        		.dw 0x0d,0x0a
00008C53                    	.code
                            	LM2:
                            	LBB2:
00008C53 40 92              		R1=0	// QImode move
00008C54 C5 D2              		[BP]=R1	// QImode move
0000041E                    	.debug
0000041E 2E 00 73 00        		.dw '.stabn 0x44,0,18,',0,0
         74 00 61 00
         62 00 6E 00
         20 00 30 00
         78 00 34 00
         34 00 2C 00
         30 00 2C 00
         31 00 38 00
         2C 00 00 00
         00 00      
00000431 09 00 00 00        		.dd LM3-_main
00000433 0D 00 0A 00        		.dw 0x0d,0x0a
00008C55                    	.code
                            	LM3:
00008C55 05 93              		R1=BP	// QImode move
00008C56 0D 05 01 00        		R2=BP+1
00008C58 40 92              		R1=0	// QImode move
00008C59 02 97              		R3=R2	// QImode move
00008C5A C3 D2              		[R3]=R1	// QImode move
00000435                    	.debug
00000435 2E 00 73 00        		.dw '.stabn 0x44,0,19,',0,0
         74 00 61 00
         62 00 6E 00
         20 00 30 00
         78 00 34 00
         34 00 2C 00
         30 00 2C 00
         31 00 39 00
         2C 00 00 00
         00 00      
00000448 0F 00 00 00        		.dd LM4-_main
0000044A 0D 00 0A 00        		.dw 0x0d,0x0a
00008C5B                    	.code
                            	LM4:
00008C5B 05 93              		R1=BP	// QImode move
00008C5C 0D 05 02 00        		R2=BP+2
00008C5E 47 92              		R1=7	// QImode move
00008C5F 02 99              		R4=R2	// QImode move
00008C60 C4 D2              		[R4]=R1	// QImode move
0000044C                    	.debug
0000044C 2E 00 73 00        		.dw '.stabn 0x44,0,22,',0,0
         74 00 61 00
         62 00 6E 00
         20 00 30 00
         78 00 34 00
         34 00 2C 00
         30 00 2C 00
         32 00 32 00
         2C 00 00 00
         00 00      
0000045F 15 00 00 00        		.dd LM5-_main
00000461 0D 00 0A 00        		.dw 0x0d,0x0a
00008C61                    	.code
                            	LM5:
00008C61 05 93              		R1=BP	// QImode move
00008C62 0D 05 03 00        		R2=BP+3
00008C64 41 92              		R1=1	// QImode move
00008C65 02 97              		R3=R2	// QImode move
00008C66 C3 D2              		[R3]=R1	// QImode move
00000463                    	.debug
00000463 2E 00 73 00        		.dw '.stabn 0x44,0,23,',0,0
         74 00 61 00
         62 00 6E 00
         20 00 30 00
         78 00 34 00
         34 00 2C 00
         30 00 2C 00
         32 00 33 00
         2C 00 00 00
         00 00      
00000476 1B 00 00 00        		.dd LM6-_main
00000478 0D 00 0A 00        		.dw 0x0d,0x0a
00008C67                    	.code
                            	LM6:
00008C67 05 93              		R1=BP	// QImode move
00008C68 0D 05 03 00        		R2=BP+3
00008C6A 02 99              		R4=R2	// QImode move
00008C6B C4 92              		R1=[R4]	// QImode move
00008C6C 41 42              		CMP R1,1	// QImode compare
00008C6D 02 5E              		JZ L27	// QImode NE
00008C6E 0F 9F 99 8D        		PC=L3
                            	L27:
0000047A                    	.debug
0000047A 2E 00 73 00        		.dw '.stabn 0x44,0,24,',0,0
         74 00 61 00
         62 00 6E 00
         20 00 30 00
         78 00 34 00
         34 00 2C 00
         30 00 2C 00
         32 00 34 00
         2C 00 00 00
         00 00      
0000048D 24 00 00 00        		.dd LM7-_main
0000048F 0D 00 0A 00        		.dw 0x0d,0x0a
00008C70                    	.code
                            	LM7:
00008C70 41 92              		R1=1	// QImode move
00008C71 C8 D2              		[SP--]=R1	// QImode move
00008C72 40 F0 AC 80        		call _SACM_S240_Initial	// call with return value
00008C74 41 00              		SP=SP+1
00008C75 19 D3 CC 00        		[_Ret]=R1	// QImode move
00000491                    	.debug
00000491 2E 00 73 00        		.dw '.stabn 0x44,0,25,',0,0
         74 00 61 00
         62 00 6E 00
         20 00 30 00
         78 00 34 00
         34 00 2C 00
         30 00 2C 00
         32 00 35 00
         2C 00 00 00
         00 00      
000004A4 2B 00 00 00        		.dd LM8-_main
000004A6 0D 00 0A 00        		.dw 0x0d,0x0a
00008C77                    	.code
                            	LM8:
00008C77 43 92              		R1=3	// QImode move
00008C78 C8 D2              		[SP--]=R1	// QImode move
00008C79 43 92              		R1=3	// QImode move
00008C7A C8 D2              		[SP--]=R1	// QImode move
00008C7B 05 93              		R1=BP	// QImode move
00008C7C 0D 05 01 00        		R2=BP+1
00008C7E 02 97              		R3=R2	// QImode move
00008C7F C3 92              		R1=[R3]	// QImode move
00008C80 C8 D2              		[SP--]=R1	// QImode move
00008C81 40 F0 EF 80        		call _SACM_S240_Play	// call without return value
00008C83 43 00              		SP=SP+3
000004A8                    	.debug
000004A8 2E 00 73 00        		.dw '.stabn 0x44,0,26,',0,0
         74 00 61 00
         62 00 6E 00
         20 00 30 00
         78 00 34 00
         34 00 2C 00
         30 00 2C 00
         32 00 36 00
         2C 00 00 00
         00 00      
000004BB 38 00 00 00        		.dd LM9-_main
000004BD 0D 00 0A 00        		.dw 0x0d,0x0a
00008C84                    	.code
                            	LM9:
                            	L4:
00008C84 0F 9F 88 8C        		pc=L6	// jump
00008C86 0F 9F 99 8D        		pc=L3	// jump
                            	L6:
000004BF                    	.debug
000004BF 2E 00 73 00        		.dw '.stabn 0x44,0,27,',0,0
         74 00 61 00
         62 00 6E 00
         20 00 30 00
         78 00 34 00
         34 00 2C 00
         30 00 2C 00
         32 00 37 00
         2C 00 00 00
         00 00      
000004D2 3C 00 00 00        		.dd LM10-_main
000004D4 0D 00 0A 00        		.dw 0x0d,0x0a
00008C88                    	.code
                            	LM10:
                            	LBB3:
00008C88 40 F0 17 8E        		call _SP_GetCh	// call with return value
00008C8A C5 D2              		[BP]=R1	// QImode move
000004D6                    	.debug
000004D6 2E 00 73 00        		.dw '.stabn 0x44,0,28,',0,0
         74 00 61 00
         62 00 6E 00
         20 00 30 00
         78 00 34 00
         34 00 2C 00
         30 00 2C 00
         32 00 38 00
         2C 00 00 00
         00 00      
000004E9 3F 00 00 00        		.dd LM11-_main
000004EB 0D 00 0A 00        		.dw 0x0d,0x0a
00008C8B                    	.code
                            	LM11:
00008C8B C5 92              		R1=[BP]	// QImode move
00008C8C 48 42              		CMP R1,8	// QImode compare
00008C8D 02 4E              		JNZ L28	// QImode EQ
00008C8E 0F 9F DF 8C        		PC=L12
                            	L28:
00008C90 48 42              		CMP R1,8	// QImode compare
00008C91 02 AE              		JNG L29	// QImode GT
00008C92 0F 9F AC 8C        		PC=L24
                            	L29:
00008C94 41 42              		CMP R1,1	// QImode compare
00008C95 02 4E              		JNZ L30	// QImode EQ
00008C96 0F 9F C8 8C        		PC=L9
                            	L30:
00008C98 41 42              		CMP R1,1	// QImode compare
00008C99 02 AE              		JNG L31	// QImode GT
00008C9A 0F 9F A2 8C        		PC=L25
                            	L31:
00008C9C 40 42              		CMP R1,0	// QImode test
00008C9D 02 4E              		JNZ L32	// QImode EQ
00008C9E 0F 9F C6 8C        		PC=L8
                            	L32:
00008CA0 0F 9F 91 8D        		pc=L22	// jump
                            	L25:
00008CA2 42 42              		CMP R1,2	// QImode compare
00008CA3 02 4E              		JNZ L33	// QImode EQ
00008CA4 0F 9F D7 8C        		PC=L10
                            	L33:
00008CA6 44 42              		CMP R1,4	// QImode compare
00008CA7 02 4E              		JNZ L34	// QImode EQ
00008CA8 0F 9F DB 8C        		PC=L11
                            	L34:
00008CAA 0F 9F 91 8D        		pc=L22	// jump
                            	L24:
00008CAC 60 42              		CMP R1,32	// QImode compare
00008CAD 02 4E              		JNZ L35	// QImode EQ
00008CAE 0F 9F 0C 8D        		PC=L15
                            	L35:
00008CB0 60 42              		CMP R1,32	// QImode compare
00008CB1 02 AE              		JNG L36	// QImode GT
00008CB2 0F 9F BA 8C        		PC=L26
                            	L36:
00008CB4 50 42              		CMP R1,16	// QImode compare
00008CB5 02 4E              		JNZ L37	// QImode EQ
00008CB6 0F 9F E3 8C        		PC=L13
                            	L37:
00008CB8 0F 9F 91 8D        		pc=L22	// jump
                            	L26:
00008CBA 09 43 40 00        		CMP R1,64	// QImode compare
00008CBC 02 4E              		JNZ L38	// QImode EQ
00008CBD 0F 9F 37 8D        		PC=L18
                            	L38:
00008CBF 09 43 80 00        		CMP R1,128	// QImode compare
00008CC1 02 4E              		JNZ L39	// QImode EQ
00008CC2 0F 9F 64 8D        		PC=L20
                            	L39:
00008CC4 0F 9F 91 8D        		pc=L22	// jump
                            	L8:
000004ED                    	.debug
000004ED 2E 00 73 00        		.dw '.stabn 0x44,0,30,',0,0
         74 00 61 00
         62 00 6E 00
         20 00 30 00
         78 00 34 00
         34 00 2C 00
         30 00 2C 00
         33 00 30 00
         2C 00 00 00
         00 00      
00000500 7A 00 00 00        		.dd LM12-_main
00000502 0D 00 0A 00        		.dw 0x0d,0x0a
00008CC6                    	.code
                            	LM12:
00008CC6 0F 9F 93 8D        		pc=L7	// jump
                            	L9:
00000504                    	.debug
00000504 2E 00 73 00        		.dw '.stabn 0x44,0,32,',0,0
         74 00 61 00
         62 00 6E 00
         20 00 30 00
         78 00 34 00
         34 00 2C 00
         30 00 2C 00
         33 00 32 00
         2C 00 00 00
         00 00      
00000517 7C 00 00 00        		.dd LM13-_main
00000519 0D 00 0A 00        		.dw 0x0d,0x0a
00008CC8                    	.code
                            	LM13:
00008CC8 43 92              		R1=3	// QImode move
00008CC9 C8 D2              		[SP--]=R1	// QImode move
00008CCA 43 92              		R1=3	// QImode move
00008CCB C8 D2              		[SP--]=R1	// QImode move
00008CCC 05 93              		R1=BP	// QImode move
00008CCD 0D 05 01 00        		R2=BP+1
00008CCF 02 99              		R4=R2	// QImode move
00008CD0 C4 92              		R1=[R4]	// QImode move
00008CD1 C8 D2              		[SP--]=R1	// QImode move
00008CD2 40 F0 EF 80        		call _SACM_S240_Play	// call without return value
00008CD4 43 00              		SP=SP+3
0000051B                    	.debug
0000051B 2E 00 73 00        		.dw '.stabn 0x44,0,33,',0,0
         74 00 61 00
         62 00 6E 00
         20 00 30 00
         78 00 34 00
         34 00 2C 00
         30 00 2C 00
         33 00 33 00
         2C 00 00 00
         00 00      
0000052E 89 00 00 00        		.dd LM14-_main
00000530 0D 00 0A 00        		.dw 0x0d,0x0a
00008CD5                    	.code
                            	LM14:
00008CD5 0F 9F 93 8D        		pc=L7	// jump
                            	L10:
00000532                    	.debug
00000532 2E 00 73 00        		.dw '.stabn 0x44,0,35,',0,0
         74 00 61 00
         62 00 6E 00
         20 00 30 00
         78 00 34 00
         34 00 2C 00
         30 00 2C 00
         33 00 35 00
         2C 00 00 00
         00 00      
00000545 8B 00 00 00        		.dd LM15-_main
00000547 0D 00 0A 00        		.dw 0x0d,0x0a
00008CD7                    	.code
                            	LM15:
00008CD7 40 F0 5D 81        		call _SACM_S240_Stop	// call without return value
00000549                    	.debug
00000549 2E 00 73 00        		.dw '.stabn 0x44,0,36,',0,0
         74 00 61 00
         62 00 6E 00
         20 00 30 00
         78 00 34 00
         34 00 2C 00
         30 00 2C 00
         33 00 36 00
         2C 00 00 00
         00 00      
0000055C 8D 00 00 00        		.dd LM16-_main
0000055E 0D 00 0A 00        		.dw 0x0d,0x0a
00008CD9                    	.code
                            	LM16:
00008CD9 0F 9F 93 8D        		pc=L7	// jump
                            	L11:
00000560                    	.debug
00000560 2E 00 73 00        		.dw '.stabn 0x44,0,38,',0,0
         74 00 61 00
         62 00 6E 00
         20 00 30 00
         78 00 34 00
         34 00 2C 00
         30 00 2C 00
         33 00 38 00
         2C 00 00 00
         00 00      
00000573 8F 00 00 00        		.dd LM17-_main
00000575 0D 00 0A 00        		.dw 0x0d,0x0a
00008CDB                    	.code
                            	LM17:
00008CDB 40 F0 6C 81        		call _SACM_S240_Pause	// call without return value
00000577                    	.debug
00000577 2E 00 73 00        		.dw '.stabn 0x44,0,39,',0,0
         74 00 61 00
         62 00 6E 00
         20 00 30 00
         78 00 34 00
         34 00 2C 00
         30 00 2C 00
         33 00 39 00
         2C 00 00 00
         00 00      
0000058A 91 00 00 00        		.dd LM18-_main
0000058C 0D 00 0A 00        		.dw 0x0d,0x0a
00008CDD                    	.code
                            	LM18:
00008CDD 0F 9F 93 8D        		pc=L7	// jump
                            	L12:
0000058E                    	.debug
0000058E 2E 00 73 00        		.dw '.stabn 0x44,0,41,',0,0
         74 00 61 00
         62 00 6E 00
         20 00 30 00
         78 00 34 00
         34 00 2C 00
         30 00 2C 00
         34 00 31 00
         2C 00 00 00
         00 00      
000005A1 93 00 00 00        		.dd LM19-_main
000005A3 0D 00 0A 00        		.dw 0x0d,0x0a
00008CDF                    	.code
                            	LM19:
00008CDF 40 F0 7F 81        		call _SACM_S240_Resume	// call without return value
000005A5                    	.debug
000005A5 2E 00 73 00        		.dw '.stabn 0x44,0,42,',0,0
         74 00 61 00
         62 00 6E 00
         20 00 30 00
         78 00 34 00
         34 00 2C 00
         30 00 2C 00
         34 00 32 00
         2C 00 00 00
         00 00      
000005B8 95 00 00 00        		.dd LM20-_main
000005BA 0D 00 0A 00        		.dw 0x0d,0x0a
00008CE1                    	.code
                            	LM20:
00008CE1 0F 9F 93 8D        		pc=L7	// jump
                            	L13:
000005BC                    	.debug
000005BC 2E 00 73 00        		.dw '.stabn 0x44,0,44,',0,0
         74 00 61 00
         62 00 6E 00
         20 00 30 00
         78 00 34 00
         34 00 2C 00
         30 00 2C 00
         34 00 34 00
         2C 00 00 00
         00 00      
000005CF 97 00 00 00        		.dd LM21-_main
000005D1 0D 00 0A 00        		.dw 0x0d,0x0a
00008CE3                    	.code
                            	LM21:
00008CE3 05 93              		R1=BP	// QImode move
00008CE4 0D 05 02 00        		R2=BP+2
00008CE6 05 97              		R3=BP	// QImode move
00008CE7 0D 03 02 00        		R1=BP+2
00008CE9 05 95              		R2=BP	// QImode move
00008CEA 0D 07 02 00        		R3=BP+2
00008CEC 03 99              		R4=R3	// QImode move
00008CED C4 94              		R2=[R4]	// QImode move
00008CEE 0A 07 01 00        		R3=R2+1
00008CF0 01 95              		R2=R1	// QImode move
00008CF1 C2 D6              		[R2]=R3	// QImode move
000005D3                    	.debug
000005D3 2E 00 73 00        		.dw '.stabn 0x44,0,45,',0,0
         74 00 61 00
         62 00 6E 00
         20 00 30 00
         78 00 34 00
         34 00 2C 00
         30 00 2C 00
         34 00 35 00
         2C 00 00 00
         00 00      
000005E6 A6 00 00 00        		.dd LM22-_main
000005E8 0D 00 0A 00        		.dw 0x0d,0x0a
00008CF2                    	.code
                            	LM22:
00008CF2 05 93              		R1=BP	// QImode move
00008CF3 0D 05 02 00        		R2=BP+2
00008CF5 02 97              		R3=R2	// QImode move
00008CF6 C3 92              		R1=[R3]	// QImode move
00008CF7 4F 42              		CMP R1,15	// QImode compare
00008CF8 02 BE              		JG L40	// QImode LE
00008CF9 0F 9F 01 8D        		PC=L14
                            	L40:
000005EA                    	.debug
000005EA 2E 00 73 00        		.dw '.stabn 0x44,0,46,',0,0
         74 00 61 00
         62 00 6E 00
         20 00 30 00
         78 00 34 00
         34 00 2C 00
         30 00 2C 00
         34 00 36 00
         2C 00 00 00
         00 00      
000005FD AF 00 00 00        		.dd LM23-_main
000005FF 0D 00 0A 00        		.dw 0x0d,0x0a
00008CFB                    	.code
                            	LM23:
00008CFB 05 93              		R1=BP	// QImode move
00008CFC 0D 05 02 00        		R2=BP+2
00008CFE 4F 92              		R1=15	// QImode move
00008CFF 02 99              		R4=R2	// QImode move
00008D00 C4 D2              		[R4]=R1	// QImode move
                            	L14:
00000601                    	.debug
00000601 2E 00 73 00        		.dw '.stabn 0x44,0,47,',0,0
         74 00 61 00
         62 00 6E 00
         20 00 30 00
         78 00 34 00
         34 00 2C 00
         30 00 2C 00
         34 00 37 00
         2C 00 00 00
         00 00      
00000614 B5 00 00 00        		.dd LM24-_main
00000616 0D 00 0A 00        		.dw 0x0d,0x0a
00008D01                    	.code
                            	LM24:
00008D01 05 93              		R1=BP	// QImode move
00008D02 0D 05 02 00        		R2=BP+2
00008D04 02 97              		R3=R2	// QImode move
00008D05 C3 92              		R1=[R3]	// QImode move
00008D06 C8 D2              		[SP--]=R1	// QImode move
00008D07 40 F0 97 81        		call _SACM_S240_Volume	// call without return value
00008D09 41 00              		SP=SP+1
00000618                    	.debug
00000618 2E 00 73 00        		.dw '.stabn 0x44,0,48,',0,0
         74 00 61 00
         62 00 6E 00
         20 00 30 00
         78 00 34 00
         34 00 2C 00
         30 00 2C 00
         34 00 38 00
         2C 00 00 00
         00 00      
0000062B BE 00 00 00        		.dd LM25-_main
0000062D 0D 00 0A 00        		.dw 0x0d,0x0a
00008D0A                    	.code
                            	LM25:
00008D0A 0F 9F 93 8D        		pc=L7	// jump
                            	L15:
0000062F                    	.debug
0000062F 2E 00 73 00        		.dw '.stabn 0x44,0,50,',0,0
         74 00 61 00
         62 00 6E 00
         20 00 30 00
         78 00 34 00
         34 00 2C 00
         30 00 2C 00
         35 00 30 00
         2C 00 00 00
         00 00      
00000642 C0 00 00 00        		.dd LM26-_main
00000644 0D 00 0A 00        		.dw 0x0d,0x0a
00008D0C                    	.code
                            	LM26:
00008D0C 05 93              		R1=BP	// QImode move
00008D0D 0D 05 02 00        		R2=BP+2
00008D0F 02 99              		R4=R2	// QImode move
00008D10 C4 92              		R1=[R4]	// QImode move
00008D11 40 42              		CMP R1,0	// QImode test
00008D12 02 5E              		JZ L41	// QImode NE
00008D13 0F 9F 1D 8D        		PC=L16
                            	L41:
00000646                    	.debug
00000646 2E 00 73 00        		.dw '.stabn 0x44,0,51,',0,0
         74 00 61 00
         62 00 6E 00
         20 00 30 00
         78 00 34 00
         34 00 2C 00
         30 00 2C 00
         35 00 31 00
         2C 00 00 00
         00 00      
00000659 C9 00 00 00        		.dd LM27-_main
0000065B 0D 00 0A 00        		.dw 0x0d,0x0a
00008D15                    	.code
                            	LM27:
00008D15 05 93              		R1=BP	// QImode move
00008D16 0D 05 02 00        		R2=BP+2
00008D18 40 92              		R1=0	// QImode move
00008D19 02 97              		R3=R2	// QImode move
00008D1A C3 D2              		[R3]=R1	// QImode move
00008D1B 0F 9F 2C 8D        		pc=L17	// jump
                            	L16:
0000065D                    	.debug
0000065D 2E 00 73 00        		.dw '.stabn 0x44,0,53,',0,0
         74 00 61 00
         62 00 6E 00
         20 00 30 00
         78 00 34 00
         34 00 2C 00
         30 00 2C 00
         35 00 33 00
         2C 00 00 00
         00 00      
00000670 D1 00 00 00        		.dd LM28-_main
00000672 0D 00 0A 00        		.dw 0x0d,0x0a
00008D1D                    	.code
                            	LM28:
00008D1D 05 93              		R1=BP	// QImode move
00008D1E 0D 05 02 00        		R2=BP+2
00008D20 05 97              		R3=BP	// QImode move
00008D21 0D 03 02 00        		R1=BP+2
00008D23 05 95              		R2=BP	// QImode move
00008D24 0D 07 02 00        		R3=BP+2
00008D26 03 99              		R4=R3	// QImode move
00008D27 C4 94              		R2=[R4]	// QImode move
00008D28 0A 07 FF FF        		R3=R2+(-1)
00008D2A 01 95              		R2=R1	// QImode move
00008D2B C2 D6              		[R2]=R3	// QImode move
                            	L17:
00000674                    	.debug
00000674 2E 00 73 00        		.dw '.stabn 0x44,0,54,',0,0
         74 00 61 00
         62 00 6E 00
         20 00 30 00
         78 00 34 00
         34 00 2C 00
         30 00 2C 00
         35 00 34 00
         2C 00 00 00
         00 00      
00000687 E0 00 00 00        		.dd LM29-_main
00000689 0D 00 0A 00        		.dw 0x0d,0x0a
00008D2C                    	.code
                            	LM29:
00008D2C 05 93              		R1=BP	// QImode move
00008D2D 0D 05 02 00        		R2=BP+2
00008D2F 02 97              		R3=R2	// QImode move
00008D30 C3 92              		R1=[R3]	// QImode move
00008D31 C8 D2              		[SP--]=R1	// QImode move
00008D32 40 F0 97 81        		call _SACM_S240_Volume	// call without return value
00008D34 41 00              		SP=SP+1
0000068B                    	.debug
0000068B 2E 00 73 00        		.dw '.stabn 0x44,0,55,',0,0
         74 00 61 00
         62 00 6E 00
         20 00 30 00
         78 00 34 00
         34 00 2C 00
         30 00 2C 00
         35 00 35 00
         2C 00 00 00
         00 00      
0000069E E9 00 00 00        		.dd LM30-_main
000006A0 0D 00 0A 00        		.dw 0x0d,0x0a
00008D35                    	.code
                            	LM30:
00008D35 0F 9F 93 8D        		pc=L7	// jump
                            	L18:
000006A2                    	.debug
000006A2 2E 00 73 00        		.dw '.stabn 0x44,0,58,',0,0
         74 00 61 00
         62 00 6E 00
         20 00 30 00
         78 00 34 00
         34 00 2C 00
         30 00 2C 00
         35 00 38 00
         2C 00 00 00
         00 00      
000006B5 EB 00 00 00        		.dd LM31-_main
000006B7 0D 00 0A 00        		.dw 0x0d,0x0a
00008D37                    	.code
                            	LM31:
00008D37 05 93              		R1=BP	// QImode move
00008D38 0D 05 01 00        		R2=BP+1
00008D3A 05 97              		R3=BP	// QImode move
00008D3B 0D 03 01 00        		R1=BP+1
00008D3D 05 95              		R2=BP	// QImode move
00008D3E 0D 07 01 00        		R3=BP+1
00008D40 03 99              		R4=R3	// QImode move
00008D41 C4 94              		R2=[R4]	// QImode move
00008D42 0A 07 01 00        		R3=R2+1
00008D44 01 95              		R2=R1	// QImode move
00008D45 C2 D6              		[R2]=R3	// QImode move
000006B9                    	.debug
000006B9 2E 00 73 00        		.dw '.stabn 0x44,0,59,',0,0
         74 00 61 00
         62 00 6E 00
         20 00 30 00
         78 00 34 00
         34 00 2C 00
         30 00 2C 00
         35 00 39 00
         2C 00 00 00
         00 00      
000006CC FA 00 00 00        		.dd LM32-_main
000006CE 0D 00 0A 00        		.dw 0x0d,0x0a
00008D46                    	.code
                            	LM32:
00008D46 05 93              		R1=BP	// QImode move
00008D47 0D 05 01 00        		R2=BP+1
00008D49 02 97              		R3=R2	// QImode move
00008D4A C3 92              		R1=[R3]	// QImode move
00008D4B 43 42              		CMP R1,3	// QImode compare
00008D4C 02 5E              		JZ L42	// QImode NE
00008D4D 0F 9F 55 8D        		PC=L19
                            	L42:
000006D0                    	.debug
000006D0 2E 00 73 00        		.dw '.stabn 0x44,0,60,',0,0
         74 00 61 00
         62 00 6E 00
         20 00 30 00
         78 00 34 00
         34 00 2C 00
         30 00 2C 00
         36 00 30 00
         2C 00 00 00
         00 00      
000006E3 03 01 00 00        		.dd LM33-_main
000006E5 0D 00 0A 00        		.dw 0x0d,0x0a
00008D4F                    	.code
                            	LM33:
00008D4F 05 93              		R1=BP	// QImode move
00008D50 0D 05 01 00        		R2=BP+1
00008D52 40 92              		R1=0	// QImode move
00008D53 02 99              		R4=R2	// QImode move
00008D54 C4 D2              		[R4]=R1	// QImode move
                            	L19:
000006E7                    	.debug
000006E7 2E 00 73 00        		.dw '.stabn 0x44,0,61,',0,0
         74 00 61 00
         62 00 6E 00
         20 00 30 00
         78 00 34 00
         34 00 2C 00
         30 00 2C 00
         36 00 31 00
         2C 00 00 00
         00 00      
000006FA 09 01 00 00        		.dd LM34-_main
000006FC 0D 00 0A 00        		.dw 0x0d,0x0a
00008D55                    	.code
                            	LM34:
00008D55 43 92              		R1=3	// QImode move
00008D56 C8 D2              		[SP--]=R1	// QImode move
00008D57 43 92              		R1=3	// QImode move
00008D58 C8 D2              		[SP--]=R1	// QImode move
00008D59 05 93              		R1=BP	// QImode move
00008D5A 0D 05 01 00        		R2=BP+1
00008D5C 02 97              		R3=R2	// QImode move
00008D5D C3 92              		R1=[R3]	// QImode move
00008D5E C8 D2              		[SP--]=R1	// QImode move
00008D5F 40 F0 EF 80        		call _SACM_S240_Play	// call without return value
00008D61 43 00              		SP=SP+3
000006FE                    	.debug
000006FE 2E 00 73 00        		.dw '.stabn 0x44,0,62,',0,0
         74 00 61 00
         62 00 6E 00
         20 00 30 00
         78 00 34 00
         34 00 2C 00
         30 00 2C 00
         36 00 32 00
         2C 00 00 00
         00 00      
00000711 16 01 00 00        		.dd LM35-_main
00000713 0D 00 0A 00        		.dw 0x0d,0x0a
00008D62                    	.code
                            	LM35:
00008D62 0F 9F 93 8D        		pc=L7	// jump
                            	L20:
00000715                    	.debug
00000715 2E 00 73 00        		.dw '.stabn 0x44,0,65,',0,0
         74 00 61 00
         62 00 6E 00
         20 00 30 00
         78 00 34 00
         34 00 2C 00
         30 00 2C 00
         36 00 35 00
         2C 00 00 00
         00 00      
00000728 18 01 00 00        		.dd LM36-_main
0000072A 0D 00 0A 00        		.dw 0x0d,0x0a
00008D64                    	.code
                            	LM36:
00008D64 05 93              		R1=BP	// QImode move
00008D65 0D 05 01 00        		R2=BP+1
00008D67 02 99              		R4=R2	// QImode move
00008D68 C4 92              		R1=[R4]	// QImode move
00008D69 40 42              		CMP R1,0	// QImode test
00008D6A 02 5E              		JZ L43	// QImode NE
00008D6B 0F 9F 73 8D        		PC=L21
                            	L43:
0000072C                    	.debug
0000072C 2E 00 73 00        		.dw '.stabn 0x44,0,66,',0,0
         74 00 61 00
         62 00 6E 00
         20 00 30 00
         78 00 34 00
         34 00 2C 00
         30 00 2C 00
         36 00 36 00
         2C 00 00 00
         00 00      
0000073F 21 01 00 00        		.dd LM37-_main
00000741 0D 00 0A 00        		.dw 0x0d,0x0a
00008D6D                    	.code
                            	LM37:
00008D6D 05 93              		R1=BP	// QImode move
00008D6E 0D 05 01 00        		R2=BP+1
00008D70 43 92              		R1=3	// QImode move
00008D71 02 97              		R3=R2	// QImode move
00008D72 C3 D2              		[R3]=R1	// QImode move
                            	L21:
00000743                    	.debug
00000743 2E 00 73 00        		.dw '.stabn 0x44,0,67,',0,0
         74 00 61 00
         62 00 6E 00
         20 00 30 00
         78 00 34 00
         34 00 2C 00
         30 00 2C 00
         36 00 37 00
         2C 00 00 00
         00 00      
00000756 27 01 00 00        		.dd LM38-_main
00000758 0D 00 0A 00        		.dw 0x0d,0x0a
00008D73                    	.code
                            	LM38:
00008D73 05 93              		R1=BP	// QImode move
00008D74 0D 05 01 00        		R2=BP+1
00008D76 05 97              		R3=BP	// QImode move
00008D77 0D 03 01 00        		R1=BP+1
00008D79 05 95              		R2=BP	// QImode move
00008D7A 0D 07 01 00        		R3=BP+1
00008D7C 03 99              		R4=R3	// QImode move
00008D7D C4 94              		R2=[R4]	// QImode move
00008D7E 0A 07 FF FF        		R3=R2+(-1)
00008D80 01 95              		R2=R1	// QImode move
00008D81 C2 D6              		[R2]=R3	// QImode move
0000075A                    	.debug
0000075A 2E 00 73 00        		.dw '.stabn 0x44,0,68,',0,0
         74 00 61 00
         62 00 6E 00
         20 00 30 00
         78 00 34 00
         34 00 2C 00
         30 00 2C 00
         36 00 38 00
         2C 00 00 00
         00 00      
0000076D 36 01 00 00        		.dd LM39-_main
0000076F 0D 00 0A 00        		.dw 0x0d,0x0a
00008D82                    	.code
                            	LM39:
00008D82 43 92              		R1=3	// QImode move
00008D83 C8 D2              		[SP--]=R1	// QImode move
00008D84 43 92              		R1=3	// QImode move
00008D85 C8 D2              		[SP--]=R1	// QImode move
00008D86 05 93              		R1=BP	// QImode move
00008D87 0D 05 01 00        		R2=BP+1
00008D89 02 97              		R3=R2	// QImode move
00008D8A C3 92              		R1=[R3]	// QImode move
00008D8B C8 D2              		[SP--]=R1	// QImode move
00008D8C 40 F0 EF 80        		call _SACM_S240_Play	// call without return value
00008D8E 43 00              		SP=SP+3
00000771                    	.debug
00000771 2E 00 73 00        		.dw '.stabn 0x44,0,69,',0,0
         74 00 61 00
         62 00 6E 00
         20 00 30 00
         78 00 34 00
         34 00 2C 00
         30 00 2C 00
         36 00 39 00
         2C 00 00 00
         00 00      
00000784 43 01 00 00        		.dd LM40-_main
00000786 0D 00 0A 00        		.dw 0x0d,0x0a
00008D8F                    	.code
                            	LM40:
00008D8F 0F 9F 93 8D        		pc=L7	// jump
                            	L22:
00000788                    	.debug
00000788 2E 00 73 00        		.dw '.stabn 0x44,0,72,',0,0
         74 00 61 00
         62 00 6E 00
         20 00 30 00
         78 00 34 00
         34 00 2C 00
         30 00 2C 00
         37 00 32 00
         2C 00 00 00
         00 00      
0000079B 45 01 00 00        		.dd LM41-_main
0000079D 0D 00 0A 00        		.dw 0x0d,0x0a
00008D91                    	.code
                            	LM41:
00008D91 0F 9F 93 8D        		pc=L7	// jump
                            	L7:
0000079F                    	.debug
0000079F 2E 00 73 00        		.dw '.stabn 0x44,0,74,',0,0
         74 00 61 00
         62 00 6E 00
         20 00 30 00
         78 00 34 00
         34 00 2C 00
         30 00 2C 00
         37 00 34 00
         2C 00 00 00
         00 00      
000007B2 47 01 00 00        		.dd LM42-_main
000007B4 0D 00 0A 00        		.dw 0x0d,0x0a
00008D93                    	.code
                            	LM42:
00008D93 40 F0 57 8E        		call _System_ServiceLoop	// call with return value
000007B6                    	.debug
000007B6 2E 00 73 00        		.dw '.stabn 0x44,0,75,',0,0
         74 00 61 00
         62 00 6E 00
         20 00 30 00
         78 00 34 00
         34 00 2C 00
         30 00 2C 00
         37 00 35 00
         2C 00 00 00
         00 00      
000007C9 49 01 00 00        		.dd LM43-_main
000007CB 0D 00 0A 00        		.dw 0x0d,0x0a
00008D95                    	.code
                            	LM43:
00008D95 40 F0 51 82        		call _SACM_S240_ServiceLoop	// call without return value
000007CD                    	.debug
000007CD 2E 00 73 00        		.dw '.stabn 0x44,0,76,',0,0
         74 00 61 00
         62 00 6E 00
         20 00 30 00
         78 00 34 00
         34 00 2C 00
         30 00 2C 00
         37 00 36 00
         2C 00 00 00
         00 00      
000007E0 4B 01 00 00        		.dd LM44-_main
000007E2 0D 00 0A 00        		.dw 0x0d,0x0a
00008D97                    	.code
                            	LM44:
                            	LBE3:
00008D97 0F 9F 84 8C        		pc=L4	// jump
                            	L5:
                            	L3:
000007E4                    	.debug
000007E4 2E 00 73 00        		.dw '.stabn 0x44,0,78,',0,0
         74 00 61 00
         62 00 6E 00
         20 00 30 00
         78 00 34 00
         34 00 2C 00
         30 00 2C 00
         37 00 38 00
         2C 00 00 00
         00 00      
000007F7 4D 01 00 00        		.dd LM45-_main
000007F9 0D 00 0A 00        		.dw 0x0d,0x0a
00008D99                    	.code
                            	LM45:
00008D99 40 92              		R1=0	// QImode move
00008D9A 0F 9F 9C 8D        		pc=L2	// jump
000007FB                    	.debug
000007FB 2E 00 73 00        		.dw '.stabn 0x44,0,79,',0,0
         74 00 61 00
         62 00 6E 00
         20 00 30 00
         78 00 34 00
         34 00 2C 00
         30 00 2C 00
         37 00 39 00
         2C 00 00 00
         00 00      
0000080E 50 01 00 00        		.dd LM46-_main
00000810 0D 00 0A 00        		.dw 0x0d,0x0a
00008D9C                    	.code
                            	LM46:
                            	LBE2:
00000812                    	.debug
00000812 2E 00 73 00        		.dw '.stabn 0x44,0,79,',0,0
         74 00 61 00
         62 00 6E 00
         20 00 30 00
         78 00 34 00
         34 00 2C 00
         30 00 2C 00
         37 00 39 00
         2C 00 00 00
         00 00      
00000825 50 01 00 00        		.dd LM47-_main
00000827 0D 00 0A 00        		.dw 0x0d,0x0a
00008D9C                    	.code
                            	LM47:
                            	L2:
                            	
00008D9C 45 00              		sp+=5
00008D9D 88 98              		pop bp from [sp]
00008D9E 90 9A              		retf
                            		.endp	// end of main
                            	
00000829                    	.debug
00000829 2E 00 73 00        		.dw '.stabn 0xc0,0,0,',0,0
         74 00 61 00
         62 00 6E 00
         20 00 30 00
         78 00 63 00
         30 00 2C 00
         30 00 2C 00
         30 00 2C 00
         00 00 00 00
0000083B 07 00 00 00        		.dd LBB2-_main
0000083D 0D 00 0A 00        		.dw 0x0d,0x0a
00008D9F                    	.code
0000083F                    	.debug
0000083F 2E 00 73 00        		.dw '.stabs "Key:1",128,0,0,0',0x0d,0x0a
         74 00 61 00
         62 00 73 00
         20 00 22 00
         4B 00 65 00
         79 00 3A 00
         31 00 22 00
         2C 00 31 00
         32 00 38 00
         2C 00 30 00
         2C 00 30 00
         2C 00 30 00
         0D 00 0A 00
00008D9F                    	.CODE
00000859                    	.debug
00000859 2E 00 73 00        		.dw '.stabs "SpeechIndex:1",128,0,0,1',0x0d,0x0a
         74 00 61 00
         62 00 73 00
         20 00 22 00
         53 00 70 00
         65 00 65 00
         63 00 68 00
         49 00 6E 00
         64 00 65 00
         78 00 3A 00
         31 00 22 00
         2C 00 31 00
         32 00 38 00
         2C 00 30 00
         2C 00 30 00
         2C 00 31 00
         0D 00 0A 00
00008D9F                    	.CODE
0000087B                    	.debug
0000087B 2E 00 73 00        		.dw '.stabs "VolumeIndex:1",128,0,0,2',0x0d,0x0a
         74 00 61 00
         62 00 73 00
         20 00 22 00
         56 00 6F 00
         6C 00 75 00
         6D 00 65 00
         49 00 6E 00
         64 00 65 00
         78 00 3A 00
         31 00 22 00
         2C 00 31 00
         32 00 38 00
         2C 00 30 00
         2C 00 30 00
         2C 00 32 00
         0D 00 0A 00
00008D9F                    	.CODE
0000089D                    	.debug
0000089D 2E 00 73 00        		.dw '.stabs "Mode:1",128,0,0,3',0x0d,0x0a
         74 00 61 00
         62 00 73 00
         20 00 22 00
         4D 00 6F 00
         64 00 65 00
         3A 00 31 00
         22 00 2C 00
         31 00 32 00
         38 00 2C 00
         30 00 2C 00
         30 00 2C 00
         33 00 0D 00
         0A 00      
00008D9F                    	.CODE
000008B8                    	.debug
000008B8 2E 00 73 00        		.dw '.stabn 0xc0,0,0,',0,0
         74 00 61 00
         62 00 6E 00
         20 00 30 00
         78 00 63 00
         30 00 2C 00
         30 00 2C 00
         30 00 2C 00
         00 00 00 00
000008CA 3C 00 00 00        		.dd LBB3-_main
000008CC 0D 00 0A 00        		.dw 0x0d,0x0a
00008D9F                    	.code
000008CE                    	.debug
000008CE 2E 00 73 00        		.dw '.stabn 0xe0,0,0,',0,0
         74 00 61 00
         62 00 6E 00
         20 00 30 00
         78 00 65 00
         30 00 2C 00
         30 00 2C 00
         30 00 2C 00
         00 00 00 00
000008E0 4B 01 00 00        		.dd LBE3-_main
000008E2 0D 00 0A 00        		.dw 0x0d,0x0a
00008D9F                    	.code
000008E4                    	.debug
000008E4 2E 00 73 00        		.dw '.stabn 0xe0,0,0,',0,0
         74 00 61 00
         62 00 6E 00
         20 00 30 00
         78 00 65 00
         30 00 2C 00
         30 00 2C 00
         30 00 2C 00
         00 00 00 00
000008F6 50 01 00 00        		.dd LBE2-_main
000008F8 0D 00 0A 00        		.dw 0x0d,0x0a
00008D9F                    	.code
000008FA                    	.debug
000008FA 2E 00 73 00        		.dw '.stabf ',0,0
         74 00 61 00
         62 00 66 00
         20 00 00 00
         00 00      
00000903 53 01 00 00        		.dd LME1-_main
00000905 0D 00 0A 00        		.dw 0x0d,0x0a
00008D9F                    	.code
                            	LME1:
00000907                    	.debug
00000907 2E 00 73 00        		.dw '.stabs "Addr:G3",32,0,0,',0,0,offset _Addr,seg _Addr,0x0d,0x0a
         74 00 61 00
         62 00 73 00
         20 00 22 00
         41 00 64 00
         64 00 72 00
         3A 00 47 00
         33 00 22 00
         2C 00 33 00
         32 00 2C 00
         30 00 2C 00
         30 00 2C 00
         00 00 00 00
         00 00 00 00
         0D 00 0A 00
00008D9F                    	.CODE
000000C9                    	.ram
                            	.public _Addr
                            	_Addr:
000000C9 00 00 00 00        		.dw 2 dup(0)
                            	.external _SACM_S240_ServiceLoop
                            	.external _System_ServiceLoop
                            	.external _SACM_S240_Volume
                            	.external _SACM_S240_Resume
                            	.external _SACM_S240_Pause
                            	.external _SACM_S240_Stop
                            	.external _SP_GetCh
                            	.external _SACM_S240_Play
                            	.external _SACM_S240_Initial
                            		.end
0 error(s), 0 warning(s).

