Sunplus u'nSP Assembler - Ver. 1.8.1
              Listing File Has Been Relocated
                            	
                            	// Resource Table
                            	// Created by IDE, Do not modify this table
                            	
00008071                    	.TEXT
                            	.public _RES_Table;
                            	.external __RES_T034_16K_sa
                            	.public _RES_T034_16K_SA;
                            	.external __RES_T034_16K_ea;
                            	.public _RES_T034_16K_EA;
                            	.external __RES_T046_16K_sa
                            	.public _RES_T046_16K_SA;
                            	.external __RES_T046_16K_ea;
                            	.public _RES_T046_16K_EA;
                            	.external __RES_T047_16K_sa
                            	.public _RES_T047_16K_SA;
                            	.external __RES_T047_16K_ea;
                            	.public _RES_T047_16K_EA;
                            	.external __RES_T048_16K_sa
                            	.public _RES_T048_16K_SA;
                            	.external __RES_T048_16K_ea;
                            	.public _RES_T048_16K_EA;
                            	.external __RES_T049_16K_sa
                            	.public _RES_T049_16K_SA;
                            	.external __RES_T049_16K_ea;
                            	.public _RES_T049_16K_EA;
                            	.external __RES_T050_16K_sa
                            	.public _RES_T050_16K_SA;
                            	.external __RES_T050_16K_ea;
                            	.public _RES_T050_16K_EA;
                            	.external __RES_T051_16K_sa
                            	.public _RES_T051_16K_SA;
                            	.external __RES_T051_16K_ea;
                            	.public _RES_T051_16K_EA;
                            	.external __RES_T052_16K_sa
                            	.public _RES_T052_16K_SA;
                            	.external __RES_T052_16K_ea;
                            	.public _RES_T052_16K_EA;
                            	.external __RES_T053_16K_sa
                            	.public _RES_T053_16K_SA;
                            	.external __RES_T053_16K_ea;
                            	.public _RES_T053_16K_EA;
                            	.external __RES_T054_16K_sa
                            	.public _RES_T054_16K_SA;
                            	.external __RES_T054_16K_ea;
                            	.public _RES_T054_16K_EA;
                            	.external __RES_T055_16K_sa
                            	.public _RES_T055_16K_SA;
                            	.external __RES_T055_16K_ea;
                            	.public _RES_T055_16K_EA;
                            	.external __RES_T056_16K_sa
                            	.public _RES_T056_16K_SA;
                            	.external __RES_T056_16K_ea;
                            	.public _RES_T056_16K_EA;
                            	
                            	
                            	_RES_Table:
                            	
                            	_RES_T034_16K_SA:
00008071 6A 98 00 00        		.DW offset __RES_T034_16K_sa,seg __RES_T034_16K_sa;
                            	_RES_T034_16K_EA:
00008073 5D 9C 00 00        		.DW offset __RES_T034_16K_ea,seg __RES_T034_16K_ea;
                            	
                            	_RES_T046_16K_SA:
00008075 5D 9C 00 00        		.DW offset __RES_T046_16K_sa,seg __RES_T046_16K_sa;
                            	_RES_T046_16K_EA:
00008077 70 9E 00 00        		.DW offset __RES_T046_16K_ea,seg __RES_T046_16K_ea;
                            	
                            	_RES_T047_16K_SA:
00008079 70 9E 00 00        		.DW offset __RES_T047_16K_sa,seg __RES_T047_16K_sa;
                            	_RES_T047_16K_EA:
0000807B 23 A0 00 00        		.DW offset __RES_T047_16K_ea,seg __RES_T047_16K_ea;
                            	
                            	_RES_T048_16K_SA:
0000807D 65 A9 00 00        		.DW offset __RES_T048_16K_sa,seg __RES_T048_16K_sa;
                            	_RES_T048_16K_EA:
0000807F B8 AA 00 00        		.DW offset __RES_T048_16K_ea,seg __RES_T048_16K_ea;
                            	
                            	_RES_T049_16K_SA:
00008081 23 A0 00 00        		.DW offset __RES_T049_16K_sa,seg __RES_T049_16K_sa;
                            	_RES_T049_16K_EA:
00008083 D6 A1 00 00        		.DW offset __RES_T049_16K_ea,seg __RES_T049_16K_ea;
                            	
                            	_RES_T050_16K_SA:
00008085 3C A5 00 00        		.DW offset __RES_T050_16K_sa,seg __RES_T050_16K_sa;
                            	_RES_T050_16K_EA:
00008087 BF A6 00 00        		.DW offset __RES_T050_16K_ea,seg __RES_T050_16K_ea;
                            	
                            	_RES_T051_16K_SA:
00008089 D6 A1 00 00        		.DW offset __RES_T051_16K_sa,seg __RES_T051_16K_sa;
                            	_RES_T051_16K_EA:
0000808B 89 A3 00 00        		.DW offset __RES_T051_16K_ea,seg __RES_T051_16K_ea;
                            	
                            	_RES_T052_16K_SA:
0000808D BF A6 00 00        		.DW offset __RES_T052_16K_sa,seg __RES_T052_16K_sa;
                            	_RES_T052_16K_EA:
0000808F 12 A8 00 00        		.DW offset __RES_T052_16K_ea,seg __RES_T052_16K_ea;
                            	
                            	_RES_T053_16K_SA:
00008091 12 A8 00 00        		.DW offset __RES_T053_16K_sa,seg __RES_T053_16K_sa;
                            	_RES_T053_16K_EA:
00008093 65 A9 00 00        		.DW offset __RES_T053_16K_ea,seg __RES_T053_16K_ea;
                            	
                            	_RES_T054_16K_SA:
00008095 0B AC 00 00        		.DW offset __RES_T054_16K_sa,seg __RES_T054_16K_sa;
                            	_RES_T054_16K_EA:
00008097 FE AC 00 00        		.DW offset __RES_T054_16K_ea,seg __RES_T054_16K_ea;
                            	
                            	_RES_T055_16K_SA:
00008099 89 A3 00 00        		.DW offset __RES_T055_16K_sa,seg __RES_T055_16K_sa;
                            	_RES_T055_16K_EA:
0000809B 3C A5 00 00        		.DW offset __RES_T055_16K_ea,seg __RES_T055_16K_ea;
                            	
                            	_RES_T056_16K_SA:
0000809D B8 AA 00 00        		.DW offset __RES_T056_16K_sa,seg __RES_T056_16K_sa;
                            	_RES_T056_16K_EA:
0000809F 0B AC 00 00        		.DW offset __RES_T056_16K_ea,seg __RES_T056_16K_ea;
                            	
                            	
                            	// End Table
                            	.PUBLIC T_SACM_A2000_SpeechTable
                            	.PUBLIC _T_SACM_A2000_SpeechTable
                            	T_SACM_A2000_SpeechTable:
                            	_T_SACM_A2000_SpeechTable:
000080A1 75 80              	   .DW _RES_T046_16K_SA      //0
000080A2 79 80              	   .DW _RES_T047_16K_SA      //1
000080A3 7D 80              	   .DW _RES_T048_16K_SA      //2
000080A4 81 80              	   .DW _RES_T049_16K_SA      //3
000080A5 85 80              	   .DW _RES_T050_16K_SA      //4
000080A6 89 80              	   .DW _RES_T051_16K_SA      //5
000080A7 8D 80              	   .DW _RES_T052_16K_SA      //6
000080A8 91 80              	   .DW _RES_T053_16K_SA      //7
000080A9 95 80              	   .DW _RES_T054_16K_SA      //8
000080AA 99 80              	   .DW _RES_T055_16K_SA      //9
000080AB 9D 80              	   .DW _RES_T056_16K_SA      //10
000080AC 71 80              	   .DW _RES_T034_16K_SA      //…„ œ∂»
0 error(s), 0 warning(s).

