Sunplus u'nSP Assembler - Ver. 1.8.0
              Listing File Has Been Relocated
                            	// GCC for SUNPLUS u'nSP version 1.0.10
                            	// Command: E:\PROGRA~1\Sunplus\UNSPID~3\IDE180\cc1.exe C:\DOCUME~1\˔Ȼ˚.DOMAIN\LOCALS~1\Temp\ccSyaaaa.i -fkeep-inline-functions -quiet -dumpbase ISR.c -gstabs -o .\Debug/ISR.asm
                            	// gcc2_compiled.:
                            	
00000000                    	.code
                            	Ltext0:
00000000                    	.debug
00000000 2E 00 73 00        		.dw '.stabs "int:t1=r1;-32768;32767;",128,0,0,0',0x0d,0x0a
         74 00 61 00
         62 00 73 00
         20 00 22 00
         69 00 6E 00
         74 00 3A 00
         74 00 31 00
         3D 00 72 00
         31 00 3B 00
         2D 00 33 00
         32 00 37 00
         36 00 38 00
         3B 00 33 00
         32 00 37 00
         36 00 37 00
         3B 00 22 00
         2C 00 31 00
         32 00 38 00
         2C 00 30 00
         2C 00 30 00
         2C 00 30 00
         0D 00 0A 00
00000000                    	.CODE
0000002C                    	.debug
0000002C 2E 00 73 00        		.dw '.stabs "char:t2=r2;0;127;",128,0,0,0',0x0d,0x0a
         74 00 61 00
         62 00 73 00
         20 00 22 00
         63 00 68 00
         61 00 72 00
         3A 00 74 00
         32 00 3D 00
         72 00 32 00
         3B 00 30 00
         3B 00 31 00
         32 00 37 00
         3B 00 22 00
         2C 00 31 00
         32 00 38 00
         2C 00 30 00
         2C 00 30 00
         2C 00 30 00
         0D 00 0A 00
00000000                    	.CODE
00000052                    	.debug
00000052 2E 00 73 00        		.dw '.stabs "long int:t3=r3;-2147483648;2147483647;",128,0,0,0',0x0d,0x0a
         74 00 61 00
         62 00 73 00
         20 00 22 00
         6C 00 6F 00
         6E 00 67 00
         20 00 69 00
         6E 00 74 00
         3A 00 74 00
         33 00 3D 00
         72 00 33 00
         3B 00 2D 00
         32 00 31 00
         34 00 37 00
         34 00 38 00
         33 00 36 00
         34 00 38 00
         3B 00 32 00
         31 00 34 00
         37 00 34 00
         38 00 33 00
         36 00 34 00
         37 00 3B 00
         22 00 2C 00
         31 00 32 00
         38 00 2C 00
         30 00 2C 00
         30 00 2C 00
         30 00 0D 00
         0A 00      
00000000                    	.CODE
0000008D                    	.debug
0000008D 2E 00 73 00        		.dw '.stabs "unsigned int:t4=r4;0;65535;",128,0,0,0',0x0d,0x0a
         74 00 61 00
         62 00 73 00
         20 00 22 00
         75 00 6E 00
         73 00 69 00
         67 00 6E 00
         65 00 64 00
         20 00 69 00
         6E 00 74 00
         3A 00 74 00
         34 00 3D 00
         72 00 34 00
         3B 00 30 00
         3B 00 36 00
         35 00 35 00
         33 00 35 00
         3B 00 22 00
         2C 00 31 00
         32 00 38 00
         2C 00 30 00
         2C 00 30 00
         2C 00 30 00
         0D 00 0A 00
00000000                    	.CODE
000000BD                    	.debug
000000BD 2E 00 73 00        		.dw '.stabs "long unsigned int:t5=r5;0;4294967295;",128,0,0,0',0x0d,0x0a
         74 00 61 00
         62 00 73 00
         20 00 22 00
         6C 00 6F 00
         6E 00 67 00
         20 00 75 00
         6E 00 73 00
         69 00 67 00
         6E 00 65 00
         64 00 20 00
         69 00 6E 00
         74 00 3A 00
         74 00 35 00
         3D 00 72 00
         35 00 3B 00
         30 00 3B 00
         34 00 32 00
         39 00 34 00
         39 00 36 00
         37 00 32 00
         39 00 35 00
         3B 00 22 00
         2C 00 31 00
         32 00 38 00
         2C 00 30 00
         2C 00 30 00
         2C 00 30 00
         0D 00 0A 00
00000000                    	.CODE
000000F7                    	.debug
000000F7 2E 00 73 00        		.dw '.stabs "long long int:t6=r6;-2147483648;2147483647;",128,0,0,0',0x0d,0x0a
         74 00 61 00
         62 00 73 00
         20 00 22 00
         6C 00 6F 00
         6E 00 67 00
         20 00 6C 00
         6F 00 6E 00
         67 00 20 00
         69 00 6E 00
         74 00 3A 00
         74 00 36 00
         3D 00 72 00
         36 00 3B 00
         2D 00 32 00
         31 00 34 00
         37 00 34 00
         38 00 33 00
         36 00 34 00
         38 00 3B 00
         32 00 31 00
         34 00 37 00
         34 00 38 00
         33 00 36 00
         34 00 37 00
         3B 00 22 00
         2C 00 31 00
         32 00 38 00
         2C 00 30 00
         2C 00 30 00
         2C 00 30 00
         0D 00 0A 00
00000000                    	.CODE
00000137                    	.debug
00000137 2E 00 73 00        		.dw '.stabs "long long unsigned int:t7=r7;0;4294967295;",128,0,0,0',0x0d,0x0a
         74 00 61 00
         62 00 73 00
         20 00 22 00
         6C 00 6F 00
         6E 00 67 00
         20 00 6C 00
         6F 00 6E 00
         67 00 20 00
         75 00 6E 00
         73 00 69 00
         67 00 6E 00
         65 00 64 00
         20 00 69 00
         6E 00 74 00
         3A 00 74 00
         37 00 3D 00
         72 00 37 00
         3B 00 30 00
         3B 00 34 00
         32 00 39 00
         34 00 39 00
         36 00 37 00
         32 00 39 00
         35 00 3B 00
         22 00 2C 00
         31 00 32 00
         38 00 2C 00
         30 00 2C 00
         30 00 2C 00
         30 00 0D 00
         0A 00      
00000000                    	.CODE
00000176                    	.debug
00000176 2E 00 73 00        		.dw '.stabs "short int:t8=r8;-32768;32767;",128,0,0,0',0x0d,0x0a
         74 00 61 00
         62 00 73 00
         20 00 22 00
         73 00 68 00
         6F 00 72 00
         74 00 20 00
         69 00 6E 00
         74 00 3A 00
         74 00 38 00
         3D 00 72 00
         38 00 3B 00
         2D 00 33 00
         32 00 37 00
         36 00 38 00
         3B 00 33 00
         32 00 37 00
         36 00 37 00
         3B 00 22 00
         2C 00 31 00
         32 00 38 00
         2C 00 30 00
         2C 00 30 00
         2C 00 30 00
         0D 00 0A 00
00000000                    	.CODE
000001A8                    	.debug
000001A8 2E 00 73 00        		.dw '.stabs "short unsigned int:t9=r9;0;65535;",128,0,0,0',0x0d,0x0a
         74 00 61 00
         62 00 73 00
         20 00 22 00
         73 00 68 00
         6F 00 72 00
         74 00 20 00
         75 00 6E 00
         73 00 69 00
         67 00 6E 00
         65 00 64 00
         20 00 69 00
         6E 00 74 00
         3A 00 74 00
         39 00 3D 00
         72 00 39 00
         3B 00 30 00
         3B 00 36 00
         35 00 35 00
         33 00 35 00
         3B 00 22 00
         2C 00 31 00
         32 00 38 00
         2C 00 30 00
         2C 00 30 00
         2C 00 30 00
         0D 00 0A 00
00000000                    	.CODE
000001DE                    	.debug
000001DE 2E 00 73 00        		.dw '.stabs "signed char:t10=r10;-32768;32767;",128,0,0,0',0x0d,0x0a
         74 00 61 00
         62 00 73 00
         20 00 22 00
         73 00 69 00
         67 00 6E 00
         65 00 64 00
         20 00 63 00
         68 00 61 00
         72 00 3A 00
         74 00 31 00
         30 00 3D 00
         72 00 31 00
         30 00 3B 00
         2D 00 33 00
         32 00 37 00
         36 00 38 00
         3B 00 33 00
         32 00 37 00
         36 00 37 00
         3B 00 22 00
         2C 00 31 00
         32 00 38 00
         2C 00 30 00
         2C 00 30 00
         2C 00 30 00
         0D 00 0A 00
00000000                    	.CODE
00000214                    	.debug
00000214 2E 00 73 00        		.dw '.stabs "unsigned char:t11=r11;0;65535;",128,0,0,0',0x0d,0x0a
         74 00 61 00
         62 00 73 00
         20 00 22 00
         75 00 6E 00
         73 00 69 00
         67 00 6E 00
         65 00 64 00
         20 00 63 00
         68 00 61 00
         72 00 3A 00
         74 00 31 00
         31 00 3D 00
         72 00 31 00
         31 00 3B 00
         30 00 3B 00
         36 00 35 00
         35 00 33 00
         35 00 3B 00
         22 00 2C 00
         31 00 32 00
         38 00 2C 00
         30 00 2C 00
         30 00 2C 00
         30 00 0D 00
         0A 00      
00000000                    	.CODE
00000247                    	.debug
00000247 2E 00 73 00        		.dw '.stabs "float:t12=r1;2;0;",128,0,0,0',0x0d,0x0a
         74 00 61 00
         62 00 73 00
         20 00 22 00
         66 00 6C 00
         6F 00 61 00
         74 00 3A 00
         74 00 31 00
         32 00 3D 00
         72 00 31 00
         3B 00 32 00
         3B 00 30 00
         3B 00 22 00
         2C 00 31 00
         32 00 38 00
         2C 00 30 00
         2C 00 30 00
         2C 00 30 00
         0D 00 0A 00
00000000                    	.CODE
0000026D                    	.debug
0000026D 2E 00 73 00        		.dw '.stabs "double:t13=r1;2;0;",128,0,0,0',0x0d,0x0a
         74 00 61 00
         62 00 73 00
         20 00 22 00
         64 00 6F 00
         75 00 62 00
         6C 00 65 00
         3A 00 74 00
         31 00 33 00
         3D 00 72 00
         31 00 3B 00
         32 00 3B 00
         30 00 3B 00
         22 00 2C 00
         31 00 32 00
         38 00 2C 00
         30 00 2C 00
         30 00 2C 00
         30 00 0D 00
         0A 00      
00000000                    	.CODE
00000294                    	.debug
00000294 2E 00 73 00        		.dw '.stabs "long double:t14=r1;2;0;",128,0,0,0',0x0d,0x0a
         74 00 61 00
         62 00 73 00
         20 00 22 00
         6C 00 6F 00
         6E 00 67 00
         20 00 64 00
         6F 00 75 00
         62 00 6C 00
         65 00 3A 00
         74 00 31 00
         34 00 3D 00
         72 00 31 00
         3B 00 32 00
         3B 00 30 00
         3B 00 22 00
         2C 00 31 00
         32 00 38 00
         2C 00 30 00
         2C 00 30 00
         2C 00 30 00
         0D 00 0A 00
00000000                    	.CODE
000002C0                    	.debug
000002C0 2E 00 73 00        		.dw '.stabs "complex int:t15=s2real:1,0,16;imag:1,16,16;;",128,0,0,0',0x0d,0x0a
         74 00 61 00
         62 00 73 00
         20 00 22 00
         63 00 6F 00
         6D 00 70 00
         6C 00 65 00
         78 00 20 00
         69 00 6E 00
         74 00 3A 00
         74 00 31 00
         35 00 3D 00
         73 00 32 00
         72 00 65 00
         61 00 6C 00
         3A 00 31 00
         2C 00 30 00
         2C 00 31 00
         36 00 3B 00
         69 00 6D 00
         61 00 67 00
         3A 00 31 00
         2C 00 31 00
         36 00 2C 00
         31 00 36 00
         3B 00 3B 00
         22 00 2C 00
         31 00 32 00
         38 00 2C 00
         30 00 2C 00
         30 00 2C 00
         30 00 0D 00
         0A 00      
00000000                    	.CODE
00000301                    	.debug
00000301 2E 00 73 00        		.dw '.stabs "complex float:t16=r16;2;0;",128,0,0,0',0x0d,0x0a
         74 00 61 00
         62 00 73 00
         20 00 22 00
         63 00 6F 00
         6D 00 70 00
         6C 00 65 00
         78 00 20 00
         66 00 6C 00
         6F 00 61 00
         74 00 3A 00
         74 00 31 00
         36 00 3D 00
         72 00 31 00
         36 00 3B 00
         32 00 3B 00
         30 00 3B 00
         22 00 2C 00
         31 00 32 00
         38 00 2C 00
         30 00 2C 00
         30 00 2C 00
         30 00 0D 00
         0A 00      
00000000                    	.CODE
00000330                    	.debug
00000330 2E 00 73 00        		.dw '.stabs "complex double:t17=r17;2;0;",128,0,0,0',0x0d,0x0a
         74 00 61 00
         62 00 73 00
         20 00 22 00
         63 00 6F 00
         6D 00 70 00
         6C 00 65 00
         78 00 20 00
         64 00 6F 00
         75 00 62 00
         6C 00 65 00
         3A 00 74 00
         31 00 37 00
         3D 00 72 00
         31 00 37 00
         3B 00 32 00
         3B 00 30 00
         3B 00 22 00
         2C 00 31 00
         32 00 38 00
         2C 00 30 00
         2C 00 30 00
         2C 00 30 00
         0D 00 0A 00
00000000                    	.CODE
00000360                    	.debug
00000360 2E 00 73 00        		.dw '.stabs "complex long double:t18=r18;2;0;",128,0,0,0',0x0d,0x0a
         74 00 61 00
         62 00 73 00
         20 00 22 00
         63 00 6F 00
         6D 00 70 00
         6C 00 65 00
         78 00 20 00
         6C 00 6F 00
         6E 00 67 00
         20 00 64 00
         6F 00 75 00
         62 00 6C 00
         65 00 3A 00
         74 00 31 00
         38 00 3D 00
         72 00 31 00
         38 00 3B 00
         32 00 3B 00
         30 00 3B 00
         22 00 2C 00
         31 00 32 00
         38 00 2C 00
         30 00 2C 00
         30 00 2C 00
         30 00 0D 00
         0A 00      
00000000                    	.CODE
00000395                    	.debug
00000395 2E 00 73 00        		.dw '.stabs "void:t19=19",128,0,0,0',0x0d,0x0a
         74 00 61 00
         62 00 73 00
         20 00 22 00
         76 00 6F 00
         69 00 64 00
         3A 00 74 00
         31 00 39 00
         3D 00 31 00
         39 00 22 00
         2C 00 31 00
         32 00 38 00
         2C 00 30 00
         2C 00 30 00
         2C 00 30 00
         0D 00 0A 00
00000000                    	.CODE
000003B5                    	.debug
000003B5 2E 00 73 00        		.dw '.stabs "uiOutput:G4",32,0,0,',0,0,offset _uiOutput,seg _uiOutput,0x0d,0x0a
         74 00 61 00
         62 00 73 00
         20 00 22 00
         75 00 69 00
         4F 00 75 00
         74 00 70 00
         75 00 74 00
         3A 00 47 00
         34 00 22 00
         2C 00 33 00
         32 00 2C 00
         30 00 2C 00
         30 00 2C 00
         00 00 00 00
         00 00 00 00
         0D 00 0A 00
00000000                    	.CODE
                            	.public _uiOutput
00000000                    	.iram
                            	_uiOutput:
00000000 FF FF              		.dw -1
                            	// ISR ATTRIBUTE FUNCTION, LOCATE in .text SECTION
00008009                    	.text
000003D7                    	.debug
000003D7 2E 00 73 00        		.dw '.stabs "BREAK:F19",36,0,0,',0,0,offset _BREAK,seg _BREAK,0x0d,0x0a
         74 00 61 00
         62 00 73 00
         20 00 22 00
         42 00 52 00
         45 00 41 00
         4B 00 3A 00
         46 00 31 00
         39 00 22 00
         2C 00 33 00
         36 00 2C 00
         30 00 2C 00
         30 00 2C 00
         00 00 00 00
         00 00 00 00
         0D 00 0A 00
00008009                    	.TEXT
                            	.public _BREAK
                            	_BREAK:	.proc
000003F7                    	.debug
000003F7 2E 00 73 00        		.dw '.stabn 0x44,0,8,',0,0
         74 00 61 00
         62 00 6E 00
         20 00 30 00
         78 00 34 00
         34 00 2C 00
         30 00 2C 00
         38 00 2C 00
         00 00 00 00
00000409 00 00 00 00        		.dd LM1-_BREAK
0000040B 0D 00 0A 00        		.dw 0x0d,0x0a
00008009                    	.text
                            	LM1:
                            		// ISR ATTRIBUTE FUNCTION, PUSH r1,bp
00008009 A8 DA              		push r1,bp to [sp]
                            	
                            		// total=0, vars=0
                            		// frame_pointer_needed: 1
0000800A 08 0B 01 00        		bp=sp+1
                            	
0000800C 0D 03 03 00        		R1=BP+3
0000040D                    	.debug
0000040D 2E 00 73 00        		.dw '.stabn 0x44,0,9,',0,0
         74 00 61 00
         62 00 6E 00
         20 00 30 00
         78 00 34 00
         34 00 2C 00
         30 00 2C 00
         39 00 2C 00
         00 00 00 00
0000041F 05 00 00 00        		.dd LM2-_BREAK
00000421 0D 00 0A 00        		.dw 0x0d,0x0a
0000800E                    	.text
                            	LM2:
                            	L2:
                            	
                            		// ISR ATTRIBUTE FUNCTION, POP r1,bp
0000800E A8 90              		pop r1,bp from [sp]
0000800F 98 9A              		reti
                            		.endp	// end of BREAK
                            	
00000423                    	.debug
00000423 2E 00 73 00        		.dw '.stabf ',0,0
         74 00 61 00
         62 00 66 00
         20 00 00 00
         00 00      
0000042C 07 00 00 00        		.dd LME1-_BREAK
0000042E 0D 00 0A 00        		.dw 0x0d,0x0a
00008010                    	.text
                            	LME1:
                            	// ISR ATTRIBUTE FUNCTION, LOCATE in .text SECTION
00008010                    	.text
00000430                    	.debug
00000430 2E 00 73 00        		.dw '.stabs "FIQ:F19",36,0,0,',0,0,offset _FIQ,seg _FIQ,0x0d,0x0a
         74 00 61 00
         62 00 73 00
         20 00 22 00
         46 00 49 00
         51 00 3A 00
         46 00 31 00
         39 00 22 00
         2C 00 33 00
         36 00 2C 00
         30 00 2C 00
         30 00 2C 00
         00 00 00 00
         07 00 00 00
         0D 00 0A 00
00008010                    	.TEXT
                            	.public _FIQ
                            	_FIQ:	.proc
0000044E                    	.debug
0000044E 2E 00 73 00        		.dw '.stabn 0x44,0,12,',0,0
         74 00 61 00
         62 00 6E 00
         20 00 30 00
         78 00 34 00
         34 00 2C 00
         30 00 2C 00
         31 00 32 00
         2C 00 00 00
         00 00      
00000461 00 00 00 00        		.dd LM3-_FIQ
00000463 0D 00 0A 00        		.dw 0x0d,0x0a
00008010                    	.text
                            	LM3:
                            		// ISR ATTRIBUTE FUNCTION, PUSH r1,bp
00008010 A8 DA              		push r1,bp to [sp]
                            	
                            		// total=0, vars=0
                            		// frame_pointer_needed: 1
00008011 08 0B 01 00        		bp=sp+1
                            	
00008013 0D 03 03 00        		R1=BP+3
00000465                    	.debug
00000465 2E 00 73 00        		.dw '.stabn 0x44,0,13,',0,0
         74 00 61 00
         62 00 6E 00
         20 00 30 00
         78 00 34 00
         34 00 2C 00
         30 00 2C 00
         31 00 33 00
         2C 00 00 00
         00 00      
00000478 05 00 00 00        		.dd LM4-_FIQ
0000047A 0D 00 0A 00        		.dw 0x0d,0x0a
00008015                    	.text
                            	LM4:
                            	L3:
                            	
                            		// ISR ATTRIBUTE FUNCTION, POP r1,bp
00008015 A8 90              		pop r1,bp from [sp]
00008016 98 9A              		reti
                            		.endp	// end of FIQ
                            	
0000047C                    	.debug
0000047C 2E 00 73 00        		.dw '.stabf ',0,0
         74 00 61 00
         62 00 66 00
         20 00 00 00
         00 00      
00000485 07 00 00 00        		.dd LME2-_FIQ
00000487 0D 00 0A 00        		.dw 0x0d,0x0a
00008017                    	.text
                            	LME2:
                            	// ISR ATTRIBUTE FUNCTION, LOCATE in .text SECTION
00008017                    	.text
00000489                    	.debug
00000489 2E 00 73 00        		.dw '.stabs "IRQ0:F19",36,0,0,',0,0,offset _IRQ0,seg _IRQ0,0x0d,0x0a
         74 00 61 00
         62 00 73 00
         20 00 22 00
         49 00 52 00
         51 00 30 00
         3A 00 46 00
         31 00 39 00
         22 00 2C 00
         33 00 36 00
         2C 00 30 00
         2C 00 30 00
         2C 00 00 00
         00 00 0E 00
         00 00 0D 00
         0A 00      
00008017                    	.TEXT
                            	.public _IRQ0
                            	_IRQ0:	.proc
000004A8                    	.debug
000004A8 2E 00 73 00        		.dw '.stabn 0x44,0,16,',0,0
         74 00 61 00
         62 00 6E 00
         20 00 30 00
         78 00 34 00
         34 00 2C 00
         30 00 2C 00
         31 00 36 00
         2C 00 00 00
         00 00      
000004BB 00 00 00 00        		.dd LM5-_IRQ0
000004BD 0D 00 0A 00        		.dw 0x0d,0x0a
00008017                    	.text
                            	LM5:
                            		// ISR ATTRIBUTE FUNCTION, PUSH r1,bp
00008017 A8 DA              		push r1,bp to [sp]
                            	
                            		// total=0, vars=0
                            		// frame_pointer_needed: 1
00008018 08 0B 01 00        		bp=sp+1
                            	
0000801A 0D 03 03 00        		R1=BP+3
000004BF                    	.debug
000004BF 2E 00 73 00        		.dw '.stabn 0x44,0,17,',0,0
         74 00 61 00
         62 00 6E 00
         20 00 30 00
         78 00 34 00
         34 00 2C 00
         30 00 2C 00
         31 00 37 00
         2C 00 00 00
         00 00      
000004D2 05 00 00 00        		.dd LM6-_IRQ0
000004D4 0D 00 0A 00        		.dw 0x0d,0x0a
0000801C                    	.text
                            	LM6:
                            	L4:
                            	
                            		// ISR ATTRIBUTE FUNCTION, POP r1,bp
0000801C A8 90              		pop r1,bp from [sp]
0000801D 98 9A              		reti
                            		.endp	// end of IRQ0
                            	
000004D6                    	.debug
000004D6 2E 00 73 00        		.dw '.stabf ',0,0
         74 00 61 00
         62 00 66 00
         20 00 00 00
         00 00      
000004DF 07 00 00 00        		.dd LME3-_IRQ0
000004E1 0D 00 0A 00        		.dw 0x0d,0x0a
0000801E                    	.text
                            	LME3:
                            	// ISR ATTRIBUTE FUNCTION, LOCATE in .text SECTION
0000801E                    	.text
000004E3                    	.debug
000004E3 2E 00 73 00        		.dw '.stabs "IRQ1:F19",36,0,0,',0,0,offset _IRQ1,seg _IRQ1,0x0d,0x0a
         74 00 61 00
         62 00 73 00
         20 00 22 00
         49 00 52 00
         51 00 31 00
         3A 00 46 00
         31 00 39 00
         22 00 2C 00
         33 00 36 00
         2C 00 30 00
         2C 00 30 00
         2C 00 00 00
         00 00 15 00
         00 00 0D 00
         0A 00      
0000801E                    	.TEXT
                            	.public _IRQ1
                            	_IRQ1:	.proc
00000502                    	.debug
00000502 2E 00 73 00        		.dw '.stabn 0x44,0,20,',0,0
         74 00 61 00
         62 00 6E 00
         20 00 30 00
         78 00 34 00
         34 00 2C 00
         30 00 2C 00
         32 00 30 00
         2C 00 00 00
         00 00      
00000515 00 00 00 00        		.dd LM7-_IRQ1
00000517 0D 00 0A 00        		.dw 0x0d,0x0a
0000801E                    	.text
                            	LM7:
                            		// ISR ATTRIBUTE FUNCTION, PUSH r1,bp
0000801E A8 DA              		push r1,bp to [sp]
                            	
                            		// total=0, vars=0
                            		// frame_pointer_needed: 1
0000801F 08 0B 01 00        		bp=sp+1
                            	
00008021 0D 03 03 00        		R1=BP+3
00000519                    	.debug
00000519 2E 00 73 00        		.dw '.stabn 0x44,0,21,',0,0
         74 00 61 00
         62 00 6E 00
         20 00 30 00
         78 00 34 00
         34 00 2C 00
         30 00 2C 00
         32 00 31 00
         2C 00 00 00
         00 00      
0000052C 05 00 00 00        		.dd LM8-_IRQ1
0000052E 0D 00 0A 00        		.dw 0x0d,0x0a
00008023                    	.text
                            	LM8:
00008023 12 95 00 00        		R2=[_uiOutput]	// QImode move
00008025 0A 87 FF FF        		R3=R2^0xffff	// one_cmplqi2
00008027 1B D7 00 00        		[_uiOutput]=R3	// QImode move
00000530                    	.debug
00000530 2E 00 73 00        		.dw '.stabn 0x44,0,22,',0,0
         74 00 61 00
         62 00 6E 00
         20 00 30 00
         78 00 34 00
         34 00 2C 00
         30 00 2C 00
         32 00 32 00
         2C 00 00 00
         00 00      
00000543 0B 00 00 00        		.dd LM9-_IRQ1
00000545 0D 00 0A 00        		.dw 0x0d,0x0a
00008029                    	.text
                            	LM9:
00008029 12 95 B2 80        		R2=[_P_IOA_Data]	// QImode move
0000802B 13 97 00 00        		R3=[_uiOutput]	// QImode move
0000802D 02 99              		R4=R2	// QImode move
0000802E C4 D6              		[R4]=R3	// QImode move
00000547                    	.debug
00000547 2E 00 73 00        		.dw '.stabn 0x44,0,23,',0,0
         74 00 61 00
         62 00 6E 00
         20 00 30 00
         78 00 34 00
         34 00 2C 00
         30 00 2C 00
         32 00 33 00
         2C 00 00 00
         00 00      
0000055A 11 00 00 00        		.dd LM10-_IRQ1
0000055C 0D 00 0A 00        		.dw 0x0d,0x0a
0000802F                    	.text
                            	LM10:
0000802F 12 95 C3 80        		R2=[_P_INT_Clear]	// QImode move
00008031 0B 97 00 10        		R3=4096	// QImode move
00008033 02 99              		R4=R2	// QImode move
00008034 C4 D6              		[R4]=R3	// QImode move
0000055E                    	.debug
0000055E 2E 00 73 00        		.dw '.stabn 0x44,0,24,',0,0
         74 00 61 00
         62 00 6E 00
         20 00 30 00
         78 00 34 00
         34 00 2C 00
         30 00 2C 00
         32 00 34 00
         2C 00 00 00
         00 00      
00000571 17 00 00 00        		.dd LM11-_IRQ1
00000573 0D 00 0A 00        		.dw 0x0d,0x0a
00008035                    	.text
                            	LM11:
00000575                    	.debug
00000575 2E 00 73 00        		.dw '.stabn 0x44,0,24,',0,0
         74 00 61 00
         62 00 6E 00
         20 00 30 00
         78 00 34 00
         34 00 2C 00
         30 00 2C 00
         32 00 34 00
         2C 00 00 00
         00 00      
00000588 17 00 00 00        		.dd LM12-_IRQ1
0000058A 0D 00 0A 00        		.dw 0x0d,0x0a
00008035                    	.text
                            	LM12:
                            	L5:
                            	
                            		// ISR ATTRIBUTE FUNCTION, POP r1,bp
00008035 A8 90              		pop r1,bp from [sp]
00008036 98 9A              		reti
                            		.endp	// end of IRQ1
                            	
0000058C                    	.debug
0000058C 2E 00 73 00        		.dw '.stabf ',0,0
         74 00 61 00
         62 00 66 00
         20 00 00 00
         00 00      
00000595 19 00 00 00        		.dd LME4-_IRQ1
00000597 0D 00 0A 00        		.dw 0x0d,0x0a
00008037                    	.text
                            	LME4:
                            	// ISR ATTRIBUTE FUNCTION, LOCATE in .text SECTION
00008037                    	.text
00000599                    	.debug
00000599 2E 00 73 00        		.dw '.stabs "IRQ2:F19",36,0,0,',0,0,offset _IRQ2,seg _IRQ2,0x0d,0x0a
         74 00 61 00
         62 00 73 00
         20 00 22 00
         49 00 52 00
         51 00 32 00
         3A 00 46 00
         31 00 39 00
         22 00 2C 00
         33 00 36 00
         2C 00 30 00
         2C 00 30 00
         2C 00 00 00
         00 00 2E 00
         00 00 0D 00
         0A 00      
00008037                    	.TEXT
                            	.public _IRQ2
                            	_IRQ2:	.proc
000005B8                    	.debug
000005B8 2E 00 73 00        		.dw '.stabn 0x44,0,27,',0,0
         74 00 61 00
         62 00 6E 00
         20 00 30 00
         78 00 34 00
         34 00 2C 00
         30 00 2C 00
         32 00 37 00
         2C 00 00 00
         00 00      
000005CB 00 00 00 00        		.dd LM13-_IRQ2
000005CD 0D 00 0A 00        		.dw 0x0d,0x0a
00008037                    	.text
                            	LM13:
                            		// ISR ATTRIBUTE FUNCTION, PUSH r1,bp
00008037 A8 DA              		push r1,bp to [sp]
                            	
                            		// total=0, vars=0
                            		// frame_pointer_needed: 1
00008038 08 0B 01 00        		bp=sp+1
                            	
0000803A 0D 03 03 00        		R1=BP+3
000005CF                    	.debug
000005CF 2E 00 73 00        		.dw '.stabn 0x44,0,28,',0,0
         74 00 61 00
         62 00 6E 00
         20 00 30 00
         78 00 34 00
         34 00 2C 00
         30 00 2C 00
         32 00 38 00
         2C 00 00 00
         00 00      
000005E2 05 00 00 00        		.dd LM14-_IRQ2
000005E4 0D 00 0A 00        		.dw 0x0d,0x0a
0000803C                    	.text
                            	LM14:
                            	L6:
                            	
                            		// ISR ATTRIBUTE FUNCTION, POP r1,bp
0000803C A8 90              		pop r1,bp from [sp]
0000803D 98 9A              		reti
                            		.endp	// end of IRQ2
                            	
000005E6                    	.debug
000005E6 2E 00 73 00        		.dw '.stabf ',0,0
         74 00 61 00
         62 00 66 00
         20 00 00 00
         00 00      
000005EF 07 00 00 00        		.dd LME5-_IRQ2
000005F1 0D 00 0A 00        		.dw 0x0d,0x0a
0000803E                    	.text
                            	LME5:
                            	// ISR ATTRIBUTE FUNCTION, LOCATE in .text SECTION
0000803E                    	.text
000005F3                    	.debug
000005F3 2E 00 73 00        		.dw '.stabs "IRQ3:F19",36,0,0,',0,0,offset _IRQ3,seg _IRQ3,0x0d,0x0a
         74 00 61 00
         62 00 73 00
         20 00 22 00
         49 00 52 00
         51 00 33 00
         3A 00 46 00
         31 00 39 00
         22 00 2C 00
         33 00 36 00
         2C 00 30 00
         2C 00 30 00
         2C 00 00 00
         00 00 35 00
         00 00 0D 00
         0A 00      
0000803E                    	.TEXT
                            	.public _IRQ3
                            	_IRQ3:	.proc
00000612                    	.debug
00000612 2E 00 73 00        		.dw '.stabn 0x44,0,31,',0,0
         74 00 61 00
         62 00 6E 00
         20 00 30 00
         78 00 34 00
         34 00 2C 00
         30 00 2C 00
         33 00 31 00
         2C 00 00 00
         00 00      
00000625 00 00 00 00        		.dd LM15-_IRQ3
00000627 0D 00 0A 00        		.dw 0x0d,0x0a
0000803E                    	.text
                            	LM15:
                            		// ISR ATTRIBUTE FUNCTION, PUSH r1,bp
0000803E A8 DA              		push r1,bp to [sp]
                            	
                            		// total=0, vars=0
                            		// frame_pointer_needed: 1
0000803F 08 0B 01 00        		bp=sp+1
                            	
00008041 0D 03 03 00        		R1=BP+3
00000629                    	.debug
00000629 2E 00 73 00        		.dw '.stabn 0x44,0,32,',0,0
         74 00 61 00
         62 00 6E 00
         20 00 30 00
         78 00 34 00
         34 00 2C 00
         30 00 2C 00
         33 00 32 00
         2C 00 00 00
         00 00      
0000063C 05 00 00 00        		.dd LM16-_IRQ3
0000063E 0D 00 0A 00        		.dw 0x0d,0x0a
00008043                    	.text
                            	LM16:
                            	L7:
                            	
                            		// ISR ATTRIBUTE FUNCTION, POP r1,bp
00008043 A8 90              		pop r1,bp from [sp]
00008044 98 9A              		reti
                            		.endp	// end of IRQ3
                            	
00000640                    	.debug
00000640 2E 00 73 00        		.dw '.stabf ',0,0
         74 00 61 00
         62 00 66 00
         20 00 00 00
         00 00      
00000649 07 00 00 00        		.dd LME6-_IRQ3
0000064B 0D 00 0A 00        		.dw 0x0d,0x0a
00008045                    	.text
                            	LME6:
                            	// ISR ATTRIBUTE FUNCTION, LOCATE in .text SECTION
00008045                    	.text
0000064D                    	.debug
0000064D 2E 00 73 00        		.dw '.stabs "IRQ4:F19",36,0,0,',0,0,offset _IRQ4,seg _IRQ4,0x0d,0x0a
         74 00 61 00
         62 00 73 00
         20 00 22 00
         49 00 52 00
         51 00 34 00
         3A 00 46 00
         31 00 39 00
         22 00 2C 00
         33 00 36 00
         2C 00 30 00
         2C 00 30 00
         2C 00 00 00
         00 00 3C 00
         00 00 0D 00
         0A 00      
00008045                    	.TEXT
                            	.public _IRQ4
                            	_IRQ4:	.proc
0000066C                    	.debug
0000066C 2E 00 73 00        		.dw '.stabn 0x44,0,35,',0,0
         74 00 61 00
         62 00 6E 00
         20 00 30 00
         78 00 34 00
         34 00 2C 00
         30 00 2C 00
         33 00 35 00
         2C 00 00 00
         00 00      
0000067F 00 00 00 00        		.dd LM17-_IRQ4
00000681 0D 00 0A 00        		.dw 0x0d,0x0a
00008045                    	.text
                            	LM17:
                            		// ISR ATTRIBUTE FUNCTION, PUSH r1,bp
00008045 A8 DA              		push r1,bp to [sp]
                            	
                            		// total=0, vars=0
                            		// frame_pointer_needed: 1
00008046 08 0B 01 00        		bp=sp+1
                            	
00008048 0D 03 03 00        		R1=BP+3
00000683                    	.debug
00000683 2E 00 73 00        		.dw '.stabn 0x44,0,36,',0,0
         74 00 61 00
         62 00 6E 00
         20 00 30 00
         78 00 34 00
         34 00 2C 00
         30 00 2C 00
         33 00 36 00
         2C 00 00 00
         00 00      
00000696 05 00 00 00        		.dd LM18-_IRQ4
00000698 0D 00 0A 00        		.dw 0x0d,0x0a
0000804A                    	.text
                            	LM18:
                            	L8:
                            	
                            		// ISR ATTRIBUTE FUNCTION, POP r1,bp
0000804A A8 90              		pop r1,bp from [sp]
0000804B 98 9A              		reti
                            		.endp	// end of IRQ4
                            	
0000069A                    	.debug
0000069A 2E 00 73 00        		.dw '.stabf ',0,0
         74 00 61 00
         62 00 66 00
         20 00 00 00
         00 00      
000006A3 07 00 00 00        		.dd LME7-_IRQ4
000006A5 0D 00 0A 00        		.dw 0x0d,0x0a
0000804C                    	.text
                            	LME7:
                            	// ISR ATTRIBUTE FUNCTION, LOCATE in .text SECTION
0000804C                    	.text
000006A7                    	.debug
000006A7 2E 00 73 00        		.dw '.stabs "IRQ5:F19",36,0,0,',0,0,offset _IRQ5,seg _IRQ5,0x0d,0x0a
         74 00 61 00
         62 00 73 00
         20 00 22 00
         49 00 52 00
         51 00 35 00
         3A 00 46 00
         31 00 39 00
         22 00 2C 00
         33 00 36 00
         2C 00 30 00
         2C 00 30 00
         2C 00 00 00
         00 00 43 00
         00 00 0D 00
         0A 00      
0000804C                    	.TEXT
                            	.public _IRQ5
                            	_IRQ5:	.proc
000006C6                    	.debug
000006C6 2E 00 73 00        		.dw '.stabn 0x44,0,39,',0,0
         74 00 61 00
         62 00 6E 00
         20 00 30 00
         78 00 34 00
         34 00 2C 00
         30 00 2C 00
         33 00 39 00
         2C 00 00 00
         00 00      
000006D9 00 00 00 00        		.dd LM19-_IRQ5
000006DB 0D 00 0A 00        		.dw 0x0d,0x0a
0000804C                    	.text
                            	LM19:
                            		// ISR ATTRIBUTE FUNCTION, PUSH r1,bp
0000804C A8 DA              		push r1,bp to [sp]
                            	
                            		// total=0, vars=0
                            		// frame_pointer_needed: 1
0000804D 08 0B 01 00        		bp=sp+1
                            	
0000804F 0D 03 03 00        		R1=BP+3
000006DD                    	.debug
000006DD 2E 00 73 00        		.dw '.stabn 0x44,0,40,',0,0
         74 00 61 00
         62 00 6E 00
         20 00 30 00
         78 00 34 00
         34 00 2C 00
         30 00 2C 00
         34 00 30 00
         2C 00 00 00
         00 00      
000006F0 05 00 00 00        		.dd LM20-_IRQ5
000006F2 0D 00 0A 00        		.dw 0x0d,0x0a
00008051                    	.text
                            	LM20:
                            	L9:
                            	
                            		// ISR ATTRIBUTE FUNCTION, POP r1,bp
00008051 A8 90              		pop r1,bp from [sp]
00008052 98 9A              		reti
                            		.endp	// end of IRQ5
                            	
000006F4                    	.debug
000006F4 2E 00 73 00        		.dw '.stabf ',0,0
         74 00 61 00
         62 00 66 00
         20 00 00 00
         00 00      
000006FD 07 00 00 00        		.dd LME8-_IRQ5
000006FF 0D 00 0A 00        		.dw 0x0d,0x0a
00008053                    	.text
                            	LME8:
                            	// ISR ATTRIBUTE FUNCTION, LOCATE in .text SECTION
00008053                    	.text
00000701                    	.debug
00000701 2E 00 73 00        		.dw '.stabs "IRQ6:F19",36,0,0,',0,0,offset _IRQ6,seg _IRQ6,0x0d,0x0a
         74 00 61 00
         62 00 73 00
         20 00 22 00
         49 00 52 00
         51 00 36 00
         3A 00 46 00
         31 00 39 00
         22 00 2C 00
         33 00 36 00
         2C 00 30 00
         2C 00 30 00
         2C 00 00 00
         00 00 4A 00
         00 00 0D 00
         0A 00      
00008053                    	.TEXT
                            	.public _IRQ6
                            	_IRQ6:	.proc
00000720                    	.debug
00000720 2E 00 73 00        		.dw '.stabn 0x44,0,43,',0,0
         74 00 61 00
         62 00 6E 00
         20 00 30 00
         78 00 34 00
         34 00 2C 00
         30 00 2C 00
         34 00 33 00
         2C 00 00 00
         00 00      
00000733 00 00 00 00        		.dd LM21-_IRQ6
00000735 0D 00 0A 00        		.dw 0x0d,0x0a
00008053                    	.text
                            	LM21:
                            		// ISR ATTRIBUTE FUNCTION, PUSH r1,bp
00008053 A8 DA              		push r1,bp to [sp]
                            	
                            		// total=0, vars=0
                            		// frame_pointer_needed: 1
00008054 08 0B 01 00        		bp=sp+1
                            	
00008056 0D 03 03 00        		R1=BP+3
00000737                    	.debug
00000737 2E 00 73 00        		.dw '.stabn 0x44,0,44,',0,0
         74 00 61 00
         62 00 6E 00
         20 00 30 00
         78 00 34 00
         34 00 2C 00
         30 00 2C 00
         34 00 34 00
         2C 00 00 00
         00 00      
0000074A 05 00 00 00        		.dd LM22-_IRQ6
0000074C 0D 00 0A 00        		.dw 0x0d,0x0a
00008058                    	.text
                            	LM22:
                            	L10:
                            	
                            		// ISR ATTRIBUTE FUNCTION, POP r1,bp
00008058 A8 90              		pop r1,bp from [sp]
00008059 98 9A              		reti
                            		.endp	// end of IRQ6
                            	
0000074E                    	.debug
0000074E 2E 00 73 00        		.dw '.stabf ',0,0
         74 00 61 00
         62 00 66 00
         20 00 00 00
         00 00      
00000757 07 00 00 00        		.dd LME9-_IRQ6
00000759 0D 00 0A 00        		.dw 0x0d,0x0a
0000805A                    	.text
                            	LME9:
                            	// ISR ATTRIBUTE FUNCTION, LOCATE in .text SECTION
0000805A                    	.text
0000075B                    	.debug
0000075B 2E 00 73 00        		.dw '.stabs "IRQ7:F19",36,0,0,',0,0,offset _IRQ7,seg _IRQ7,0x0d,0x0a
         74 00 61 00
         62 00 73 00
         20 00 22 00
         49 00 52 00
         51 00 37 00
         3A 00 46 00
         31 00 39 00
         22 00 2C 00
         33 00 36 00
         2C 00 30 00
         2C 00 30 00
         2C 00 00 00
         00 00 51 00
         00 00 0D 00
         0A 00      
0000805A                    	.TEXT
                            	.public _IRQ7
                            	_IRQ7:	.proc
0000077A                    	.debug
0000077A 2E 00 73 00        		.dw '.stabn 0x44,0,47,',0,0
         74 00 61 00
         62 00 6E 00
         20 00 30 00
         78 00 34 00
         34 00 2C 00
         30 00 2C 00
         34 00 37 00
         2C 00 00 00
         00 00      
0000078D 00 00 00 00        		.dd LM23-_IRQ7
0000078F 0D 00 0A 00        		.dw 0x0d,0x0a
0000805A                    	.text
                            	LM23:
                            		// ISR ATTRIBUTE FUNCTION, PUSH r1,bp
0000805A A8 DA              		push r1,bp to [sp]
                            	
                            		// total=0, vars=0
                            		// frame_pointer_needed: 1
0000805B 08 0B 01 00        		bp=sp+1
                            	
0000805D 0D 03 03 00        		R1=BP+3
00000791                    	.debug
00000791 2E 00 73 00        		.dw '.stabn 0x44,0,48,',0,0
         74 00 61 00
         62 00 6E 00
         20 00 30 00
         78 00 34 00
         34 00 2C 00
         30 00 2C 00
         34 00 38 00
         2C 00 00 00
         00 00      
000007A4 05 00 00 00        		.dd LM24-_IRQ7
000007A6 0D 00 0A 00        		.dw 0x0d,0x0a
0000805F                    	.text
                            	LM24:
                            	L11:
                            	
                            		// ISR ATTRIBUTE FUNCTION, POP r1,bp
0000805F A8 90              		pop r1,bp from [sp]
00008060 98 9A              		reti
                            		.endp	// end of IRQ7
                            	
000007A8                    	.debug
000007A8 2E 00 73 00        		.dw '.stabf ',0,0
         74 00 61 00
         62 00 66 00
         20 00 00 00
         00 00      
000007B1 07 00 00 00        		.dd LME10-_IRQ7
000007B3 0D 00 0A 00        		.dw 0x0d,0x0a
00008061                    	.text
                            	LME10:
                            	.external _P_INT_Clear
                            	.external _P_IOA_Data
                            		.end
0 error(s), 0 warning(s).

