Sunplus u'nSP Assembler - Ver. 1.8.0
              Listing File Has Been Relocated
                            	// GCC for SUNPLUS u'nSP version 1.0.10
                            	// Command: E:\PROGRA~1\Sunplus\UNSPID~3\IDE180\cc1.exe C:\DOCUME~1\˔Ȼ˚.DOMAIN\LOCALS~1\Temp\ccsvaaaa.i -fkeep-inline-functions -quiet -dumpbase main.c -gstabs -o .\Debug/main.asm
                            	// gcc2_compiled.:
                            	
00008026                    	.code
                            	Ltext0:
00000000                    	.debug
00000000 2E 00 73 00        		.dw '.stabs "int:t1=r1;-32768;32767;",128,0,0,0',0x0d,0x0a
         74 00 61 00
         62 00 73 00
         20 00 22 00
         69 00 6E 00
         74 00 3A 00
         74 00 31 00
         3D 00 72 00
         31 00 3B 00
         2D 00 33 00
         32 00 37 00
         36 00 38 00
         3B 00 33 00
         32 00 37 00
         36 00 37 00
         3B 00 22 00
         2C 00 31 00
         32 00 38 00
         2C 00 30 00
         2C 00 30 00
         2C 00 30 00
         0D 00 0A 00
00008026                    	.CODE
0000002C                    	.debug
0000002C 2E 00 73 00        		.dw '.stabs "char:t2=r2;0;127;",128,0,0,0',0x0d,0x0a
         74 00 61 00
         62 00 73 00
         20 00 22 00
         63 00 68 00
         61 00 72 00
         3A 00 74 00
         32 00 3D 00
         72 00 32 00
         3B 00 30 00
         3B 00 31 00
         32 00 37 00
         3B 00 22 00
         2C 00 31 00
         32 00 38 00
         2C 00 30 00
         2C 00 30 00
         2C 00 30 00
         0D 00 0A 00
00008026                    	.CODE
00000052                    	.debug
00000052 2E 00 73 00        		.dw '.stabs "long int:t3=r3;-2147483648;2147483647;",128,0,0,0',0x0d,0x0a
         74 00 61 00
         62 00 73 00
         20 00 22 00
         6C 00 6F 00
         6E 00 67 00
         20 00 69 00
         6E 00 74 00
         3A 00 74 00
         33 00 3D 00
         72 00 33 00
         3B 00 2D 00
         32 00 31 00
         34 00 37 00
         34 00 38 00
         33 00 36 00
         34 00 38 00
         3B 00 32 00
         31 00 34 00
         37 00 34 00
         38 00 33 00
         36 00 34 00
         37 00 3B 00
         22 00 2C 00
         31 00 32 00
         38 00 2C 00
         30 00 2C 00
         30 00 2C 00
         30 00 0D 00
         0A 00      
00008026                    	.CODE
0000008D                    	.debug
0000008D 2E 00 73 00        		.dw '.stabs "unsigned int:t4=r4;0;65535;",128,0,0,0',0x0d,0x0a
         74 00 61 00
         62 00 73 00
         20 00 22 00
         75 00 6E 00
         73 00 69 00
         67 00 6E 00
         65 00 64 00
         20 00 69 00
         6E 00 74 00
         3A 00 74 00
         34 00 3D 00
         72 00 34 00
         3B 00 30 00
         3B 00 36 00
         35 00 35 00
         33 00 35 00
         3B 00 22 00
         2C 00 31 00
         32 00 38 00
         2C 00 30 00
         2C 00 30 00
         2C 00 30 00
         0D 00 0A 00
00008026                    	.CODE
000000BD                    	.debug
000000BD 2E 00 73 00        		.dw '.stabs "long unsigned int:t5=r5;0;4294967295;",128,0,0,0',0x0d,0x0a
         74 00 61 00
         62 00 73 00
         20 00 22 00
         6C 00 6F 00
         6E 00 67 00
         20 00 75 00
         6E 00 73 00
         69 00 67 00
         6E 00 65 00
         64 00 20 00
         69 00 6E 00
         74 00 3A 00
         74 00 35 00
         3D 00 72 00
         35 00 3B 00
         30 00 3B 00
         34 00 32 00
         39 00 34 00
         39 00 36 00
         37 00 32 00
         39 00 35 00
         3B 00 22 00
         2C 00 31 00
         32 00 38 00
         2C 00 30 00
         2C 00 30 00
         2C 00 30 00
         0D 00 0A 00
00008026                    	.CODE
000000F7                    	.debug
000000F7 2E 00 73 00        		.dw '.stabs "long long int:t6=r6;-2147483648;2147483647;",128,0,0,0',0x0d,0x0a
         74 00 61 00
         62 00 73 00
         20 00 22 00
         6C 00 6F 00
         6E 00 67 00
         20 00 6C 00
         6F 00 6E 00
         67 00 20 00
         69 00 6E 00
         74 00 3A 00
         74 00 36 00
         3D 00 72 00
         36 00 3B 00
         2D 00 32 00
         31 00 34 00
         37 00 34 00
         38 00 33 00
         36 00 34 00
         38 00 3B 00
         32 00 31 00
         34 00 37 00
         34 00 38 00
         33 00 36 00
         34 00 37 00
         3B 00 22 00
         2C 00 31 00
         32 00 38 00
         2C 00 30 00
         2C 00 30 00
         2C 00 30 00
         0D 00 0A 00
00008026                    	.CODE
00000137                    	.debug
00000137 2E 00 73 00        		.dw '.stabs "long long unsigned int:t7=r7;0;4294967295;",128,0,0,0',0x0d,0x0a
         74 00 61 00
         62 00 73 00
         20 00 22 00
         6C 00 6F 00
         6E 00 67 00
         20 00 6C 00
         6F 00 6E 00
         67 00 20 00
         75 00 6E 00
         73 00 69 00
         67 00 6E 00
         65 00 64 00
         20 00 69 00
         6E 00 74 00
         3A 00 74 00
         37 00 3D 00
         72 00 37 00
         3B 00 30 00
         3B 00 34 00
         32 00 39 00
         34 00 39 00
         36 00 37 00
         32 00 39 00
         35 00 3B 00
         22 00 2C 00
         31 00 32 00
         38 00 2C 00
         30 00 2C 00
         30 00 2C 00
         30 00 0D 00
         0A 00      
00008026                    	.CODE
00000176                    	.debug
00000176 2E 00 73 00        		.dw '.stabs "short int:t8=r8;-32768;32767;",128,0,0,0',0x0d,0x0a
         74 00 61 00
         62 00 73 00
         20 00 22 00
         73 00 68 00
         6F 00 72 00
         74 00 20 00
         69 00 6E 00
         74 00 3A 00
         74 00 38 00
         3D 00 72 00
         38 00 3B 00
         2D 00 33 00
         32 00 37 00
         36 00 38 00
         3B 00 33 00
         32 00 37 00
         36 00 37 00
         3B 00 22 00
         2C 00 31 00
         32 00 38 00
         2C 00 30 00
         2C 00 30 00
         2C 00 30 00
         0D 00 0A 00
00008026                    	.CODE
000001A8                    	.debug
000001A8 2E 00 73 00        		.dw '.stabs "short unsigned int:t9=r9;0;65535;",128,0,0,0',0x0d,0x0a
         74 00 61 00
         62 00 73 00
         20 00 22 00
         73 00 68 00
         6F 00 72 00
         74 00 20 00
         75 00 6E 00
         73 00 69 00
         67 00 6E 00
         65 00 64 00
         20 00 69 00
         6E 00 74 00
         3A 00 74 00
         39 00 3D 00
         72 00 39 00
         3B 00 30 00
         3B 00 36 00
         35 00 35 00
         33 00 35 00
         3B 00 22 00
         2C 00 31 00
         32 00 38 00
         2C 00 30 00
         2C 00 30 00
         2C 00 30 00
         0D 00 0A 00
00008026                    	.CODE
000001DE                    	.debug
000001DE 2E 00 73 00        		.dw '.stabs "signed char:t10=r10;-32768;32767;",128,0,0,0',0x0d,0x0a
         74 00 61 00
         62 00 73 00
         20 00 22 00
         73 00 69 00
         67 00 6E 00
         65 00 64 00
         20 00 63 00
         68 00 61 00
         72 00 3A 00
         74 00 31 00
         30 00 3D 00
         72 00 31 00
         30 00 3B 00
         2D 00 33 00
         32 00 37 00
         36 00 38 00
         3B 00 33 00
         32 00 37 00
         36 00 37 00
         3B 00 22 00
         2C 00 31 00
         32 00 38 00
         2C 00 30 00
         2C 00 30 00
         2C 00 30 00
         0D 00 0A 00
00008026                    	.CODE
00000214                    	.debug
00000214 2E 00 73 00        		.dw '.stabs "unsigned char:t11=r11;0;65535;",128,0,0,0',0x0d,0x0a
         74 00 61 00
         62 00 73 00
         20 00 22 00
         75 00 6E 00
         73 00 69 00
         67 00 6E 00
         65 00 64 00
         20 00 63 00
         68 00 61 00
         72 00 3A 00
         74 00 31 00
         31 00 3D 00
         72 00 31 00
         31 00 3B 00
         30 00 3B 00
         36 00 35 00
         35 00 33 00
         35 00 3B 00
         22 00 2C 00
         31 00 32 00
         38 00 2C 00
         30 00 2C 00
         30 00 2C 00
         30 00 0D 00
         0A 00      
00008026                    	.CODE
00000247                    	.debug
00000247 2E 00 73 00        		.dw '.stabs "float:t12=r1;2;0;",128,0,0,0',0x0d,0x0a
         74 00 61 00
         62 00 73 00
         20 00 22 00
         66 00 6C 00
         6F 00 61 00
         74 00 3A 00
         74 00 31 00
         32 00 3D 00
         72 00 31 00
         3B 00 32 00
         3B 00 30 00
         3B 00 22 00
         2C 00 31 00
         32 00 38 00
         2C 00 30 00
         2C 00 30 00
         2C 00 30 00
         0D 00 0A 00
00008026                    	.CODE
0000026D                    	.debug
0000026D 2E 00 73 00        		.dw '.stabs "double:t13=r1;2;0;",128,0,0,0',0x0d,0x0a
         74 00 61 00
         62 00 73 00
         20 00 22 00
         64 00 6F 00
         75 00 62 00
         6C 00 65 00
         3A 00 74 00
         31 00 33 00
         3D 00 72 00
         31 00 3B 00
         32 00 3B 00
         30 00 3B 00
         22 00 2C 00
         31 00 32 00
         38 00 2C 00
         30 00 2C 00
         30 00 2C 00
         30 00 0D 00
         0A 00      
00008026                    	.CODE
00000294                    	.debug
00000294 2E 00 73 00        		.dw '.stabs "long double:t14=r1;2;0;",128,0,0,0',0x0d,0x0a
         74 00 61 00
         62 00 73 00
         20 00 22 00
         6C 00 6F 00
         6E 00 67 00
         20 00 64 00
         6F 00 75 00
         62 00 6C 00
         65 00 3A 00
         74 00 31 00
         34 00 3D 00
         72 00 31 00
         3B 00 32 00
         3B 00 30 00
         3B 00 22 00
         2C 00 31 00
         32 00 38 00
         2C 00 30 00
         2C 00 30 00
         2C 00 30 00
         0D 00 0A 00
00008026                    	.CODE
000002C0                    	.debug
000002C0 2E 00 73 00        		.dw '.stabs "complex int:t15=s2real:1,0,16;imag:1,16,16;;",128,0,0,0',0x0d,0x0a
         74 00 61 00
         62 00 73 00
         20 00 22 00
         63 00 6F 00
         6D 00 70 00
         6C 00 65 00
         78 00 20 00
         69 00 6E 00
         74 00 3A 00
         74 00 31 00
         35 00 3D 00
         73 00 32 00
         72 00 65 00
         61 00 6C 00
         3A 00 31 00
         2C 00 30 00
         2C 00 31 00
         36 00 3B 00
         69 00 6D 00
         61 00 67 00
         3A 00 31 00
         2C 00 31 00
         36 00 2C 00
         31 00 36 00
         3B 00 3B 00
         22 00 2C 00
         31 00 32 00
         38 00 2C 00
         30 00 2C 00
         30 00 2C 00
         30 00 0D 00
         0A 00      
00008026                    	.CODE
00000301                    	.debug
00000301 2E 00 73 00        		.dw '.stabs "complex float:t16=r16;2;0;",128,0,0,0',0x0d,0x0a
         74 00 61 00
         62 00 73 00
         20 00 22 00
         63 00 6F 00
         6D 00 70 00
         6C 00 65 00
         78 00 20 00
         66 00 6C 00
         6F 00 61 00
         74 00 3A 00
         74 00 31 00
         36 00 3D 00
         72 00 31 00
         36 00 3B 00
         32 00 3B 00
         30 00 3B 00
         22 00 2C 00
         31 00 32 00
         38 00 2C 00
         30 00 2C 00
         30 00 2C 00
         30 00 0D 00
         0A 00      
00008026                    	.CODE
00000330                    	.debug
00000330 2E 00 73 00        		.dw '.stabs "complex double:t17=r17;2;0;",128,0,0,0',0x0d,0x0a
         74 00 61 00
         62 00 73 00
         20 00 22 00
         63 00 6F 00
         6D 00 70 00
         6C 00 65 00
         78 00 20 00
         64 00 6F 00
         75 00 62 00
         6C 00 65 00
         3A 00 74 00
         31 00 37 00
         3D 00 72 00
         31 00 37 00
         3B 00 32 00
         3B 00 30 00
         3B 00 22 00
         2C 00 31 00
         32 00 38 00
         2C 00 30 00
         2C 00 30 00
         2C 00 30 00
         0D 00 0A 00
00008026                    	.CODE
00000360                    	.debug
00000360 2E 00 73 00        		.dw '.stabs "complex long double:t18=r18;2;0;",128,0,0,0',0x0d,0x0a
         74 00 61 00
         62 00 73 00
         20 00 22 00
         63 00 6F 00
         6D 00 70 00
         6C 00 65 00
         78 00 20 00
         6C 00 6F 00
         6E 00 67 00
         20 00 64 00
         6F 00 75 00
         62 00 6C 00
         65 00 3A 00
         74 00 31 00
         38 00 3D 00
         72 00 31 00
         38 00 3B 00
         32 00 3B 00
         30 00 3B 00
         22 00 2C 00
         31 00 32 00
         38 00 2C 00
         30 00 2C 00
         30 00 2C 00
         30 00 0D 00
         0A 00      
00008026                    	.CODE
00000395                    	.debug
00000395 2E 00 73 00        		.dw '.stabs "void:t19=19",128,0,0,0',0x0d,0x0a
         74 00 61 00
         62 00 73 00
         20 00 22 00
         76 00 6F 00
         69 00 64 00
         3A 00 74 00
         31 00 39 00
         3D 00 31 00
         39 00 22 00
         2C 00 31 00
         32 00 38 00
         2C 00 30 00
         2C 00 30 00
         2C 00 30 00
         0D 00 0A 00
00008026                    	.CODE
00008026                    	.code
000003B5                    	.debug
000003B5 2E 00 73 00        		.dw '.stabs "main:F1",36,0,0,',0,0,offset _main,seg _main,0x0d,0x0a
         74 00 61 00
         62 00 73 00
         20 00 22 00
         6D 00 61 00
         69 00 6E 00
         3A 00 46 00
         31 00 22 00
         2C 00 33 00
         36 00 2C 00
         30 00 2C 00
         30 00 2C 00
         00 00 00 00
         00 00 00 00
         0D 00 0A 00
00008026                    	.CODE
                            	.public _main
                            	_main:	.proc
000003D3                    	.debug
000003D3 2E 00 73 00        		.dw '.stabn 0x44,0,12,',0,0
         74 00 61 00
         62 00 6E 00
         20 00 30 00
         78 00 34 00
         34 00 2C 00
         30 00 2C 00
         31 00 32 00
         2C 00 00 00
         00 00      
000003E6 00 00 00 00        		.dd LM1-_main
000003E8 0D 00 0A 00        		.dw 0x0d,0x0a
00008026                    	.code
                            	LM1:
                            		// total=3, vars=3
                            		// frame_pointer_needed: 1
00008026 88 DA              		push bp to [sp]
00008027 43 20              		sp-=3
00008028 08 0B 01 00        		bp=sp+1
                            	
0000802A 0D 03 06 00        		R1=BP+6
0000802C 02 D2              		[bp+2]=R1	// QImode move
000003EA                    	.debug
000003EA 2E 00 73 00        		.dw '.stabn 0x44,0,13,',0,0
         74 00 61 00
         62 00 6E 00
         20 00 30 00
         78 00 34 00
         34 00 2C 00
         30 00 2C 00
         31 00 33 00
         2C 00 00 00
         00 00      
000003FD 07 00 00 00        		.dd LM2-_main
000003FF 0D 00 0A 00        		.dw 0x0d,0x0a
0000802D                    	.code
                            	LM2:
                            	LBB2:
00000401                    	.debug
00000401 2E 00 73 00        		.dw '.stabn 0x44,0,14,',0,0
         74 00 61 00
         62 00 6E 00
         20 00 30 00
         78 00 34 00
         34 00 2C 00
         30 00 2C 00
         31 00 34 00
         2C 00 00 00
         00 00      
00000414 07 00 00 00        		.dd LM3-_main
00000416 0D 00 0A 00        		.dw 0x0d,0x0a
0000802D                    	.code
                            	LM3:
0000802D 11 93 8A 80        		R1=[_P_IOA_Dir]	// QImode move
0000802F 0A 95 FF 00        		R2=255	// QImode move
00008031 01 97              		R3=R1	// QImode move
00008032 C3 D4              		[R3]=R2	// QImode move
00000418                    	.debug
00000418 2E 00 73 00        		.dw '.stabn 0x44,0,15,',0,0
         74 00 61 00
         62 00 6E 00
         20 00 30 00
         78 00 34 00
         34 00 2C 00
         30 00 2C 00
         31 00 35 00
         2C 00 00 00
         00 00      
0000042B 0D 00 00 00        		.dd LM4-_main
0000042D 0D 00 0A 00        		.dw 0x0d,0x0a
00008033                    	.code
                            	LM4:
00008033 11 93 8B 80        		R1=[_P_IOA_Attrib]	// QImode move
00008035 0A 95 FF 00        		R2=255	// QImode move
00008037 01 99              		R4=R1	// QImode move
00008038 C4 D4              		[R4]=R2	// QImode move
0000042F                    	.debug
0000042F 2E 00 73 00        		.dw '.stabn 0x44,0,16,',0,0
         74 00 61 00
         62 00 6E 00
         20 00 30 00
         78 00 34 00
         34 00 2C 00
         30 00 2C 00
         31 00 36 00
         2C 00 00 00
         00 00      
00000442 13 00 00 00        		.dd LM5-_main
00000444 0D 00 0A 00        		.dw 0x0d,0x0a
00008039                    	.code
                            	LM5:
00008039 11 93 88 80        		R1=[_P_IOA_Data]	// QImode move
0000803B 40 94              		R2=0	// QImode move
0000803C 01 97              		R3=R1	// QImode move
0000803D C3 D4              		[R3]=R2	// QImode move
00000446                    	.debug
00000446 2E 00 73 00        		.dw '.stabn 0x44,0,17,',0,0
         74 00 61 00
         62 00 6E 00
         20 00 30 00
         78 00 34 00
         34 00 2C 00
         30 00 2C 00
         31 00 37 00
         2C 00 00 00
         00 00      
00000459 18 00 00 00        		.dd LM6-_main
0000045B 0D 00 0A 00        		.dw 0x0d,0x0a
0000803E                    	.code
                            	LM6:
0000803E 09 93 80 00        		R1=128	// QImode move
00008040 C5 D2              		[BP]=R1	// QImode move
0000045D                    	.debug
0000045D 2E 00 73 00        		.dw '.stabn 0x44,0,18,',0,0
         74 00 61 00
         62 00 6E 00
         20 00 30 00
         78 00 34 00
         34 00 2C 00
         30 00 2C 00
         31 00 38 00
         2C 00 00 00
         00 00      
00000470 1B 00 00 00        		.dd LM7-_main
00000472 0D 00 0A 00        		.dw 0x0d,0x0a
00008041                    	.code
                            	LM7:
00008041 05 93              		R1=BP	// QImode move
00008042 0D 05 01 00        		R2=BP+1
00008044 41 92              		R1=1	// QImode move
00008045 02 99              		R4=R2	// QImode move
00008046 C4 D2              		[R4]=R1	// QImode move
00000474                    	.debug
00000474 2E 00 73 00        		.dw '.stabn 0x44,0,19,',0,0
         74 00 61 00
         62 00 6E 00
         20 00 30 00
         78 00 34 00
         34 00 2C 00
         30 00 2C 00
         31 00 39 00
         2C 00 00 00
         00 00      
00000487 21 00 00 00        		.dd LM8-_main
00000489 0D 00 0A 00        		.dw 0x0d,0x0a
00008047                    	.code
                            	LM8:
00008047 11 93 9C 80        		R1=[_P_SystemClock]	// QImode move
00008049 05 97              		R3=BP	// QImode move
0000804A 0D 05 01 00        		R2=BP+1
0000804C C5 98              		R4=[BP]	// QImode move
0000804D 04 97              		R3=R4	// QImode move
0000804E 02 99              		R4=R2	// QImode move
0000804F C4 A6              		R3|=[R4]	// iorqi3_r0R
00008050 01 95              		R2=R1	// QImode move
00008051 C2 D6              		[R2]=R3	// QImode move
0000048B                    	.debug
0000048B 2E 00 73 00        		.dw '.stabn 0x44,0,21,',0,0
         74 00 61 00
         62 00 6E 00
         20 00 30 00
         78 00 34 00
         34 00 2C 00
         30 00 2C 00
         32 00 31 00
         2C 00 00 00
         00 00      
0000049E 2C 00 00 00        		.dd LM9-_main
000004A0 0D 00 0A 00        		.dw 0x0d,0x0a
00008052                    	.code
                            	LM9:
                            	L3:
00008052 0F 9F 56 80        		pc=L5	// jump
00008054 0F 9F 67 80        		pc=L4	// jump
                            	L5:
000004A2                    	.debug
000004A2 2E 00 73 00        		.dw '.stabn 0x44,0,23,',0,0
         74 00 61 00
         62 00 6E 00
         20 00 30 00
         78 00 34 00
         34 00 2C 00
         30 00 2C 00
         32 00 33 00
         2C 00 00 00
         00 00      
000004B5 30 00 00 00        		.dd LM10-_main
000004B7 0D 00 0A 00        		.dw 0x0d,0x0a
00008056                    	.code
                            	LM10:
00008056 11 93 88 80        		R1=[_P_IOA_Data]	// QImode move
00008058 0A 95 FF 00        		R2=255	// QImode move
0000805A 01 97              		R3=R1	// QImode move
0000805B C3 D4              		[R3]=R2	// QImode move
000004B9                    	.debug
000004B9 2E 00 73 00        		.dw '.stabn 0x44,0,24,',0,0
         74 00 61 00
         62 00 6E 00
         20 00 30 00
         78 00 34 00
         34 00 2C 00
         30 00 2C 00
         32 00 34 00
         2C 00 00 00
         00 00      
000004CC 36 00 00 00        		.dd LM11-_main
000004CE 0D 00 0A 00        		.dw 0x0d,0x0a
0000805C                    	.code
                            	LM11:
0000805C 40 F0 6A 80        		call _Delay	// call without return value
000004D0                    	.debug
000004D0 2E 00 73 00        		.dw '.stabn 0x44,0,25,',0,0
         74 00 61 00
         62 00 6E 00
         20 00 30 00
         78 00 34 00
         34 00 2C 00
         30 00 2C 00
         32 00 35 00
         2C 00 00 00
         00 00      
000004E3 38 00 00 00        		.dd LM12-_main
000004E5 0D 00 0A 00        		.dw 0x0d,0x0a
0000805E                    	.code
                            	LM12:
0000805E 11 93 88 80        		R1=[_P_IOA_Data]	// QImode move
00008060 40 94              		R2=0	// QImode move
00008061 01 99              		R4=R1	// QImode move
00008062 C4 D4              		[R4]=R2	// QImode move
000004E7                    	.debug
000004E7 2E 00 73 00        		.dw '.stabn 0x44,0,26,',0,0
         74 00 61 00
         62 00 6E 00
         20 00 30 00
         78 00 34 00
         34 00 2C 00
         30 00 2C 00
         32 00 36 00
         2C 00 00 00
         00 00      
000004FA 3D 00 00 00        		.dd LM13-_main
000004FC 0D 00 0A 00        		.dw 0x0d,0x0a
00008063                    	.code
                            	LM13:
00008063 40 F0 6A 80        		call _Delay	// call without return value
000004FE                    	.debug
000004FE 2E 00 73 00        		.dw '.stabn 0x44,0,27,',0,0
         74 00 61 00
         62 00 6E 00
         20 00 30 00
         78 00 34 00
         34 00 2C 00
         30 00 2C 00
         32 00 37 00
         2C 00 00 00
         00 00      
00000511 3F 00 00 00        		.dd LM14-_main
00000513 0D 00 0A 00        		.dw 0x0d,0x0a
00008065                    	.code
                            	LM14:
00008065 0F 9F 52 80        		pc=L3	// jump
                            	L4:
00000515                    	.debug
00000515 2E 00 73 00        		.dw '.stabn 0x44,0,28,',0,0
         74 00 61 00
         62 00 6E 00
         20 00 30 00
         78 00 34 00
         34 00 2C 00
         30 00 2C 00
         32 00 38 00
         2C 00 00 00
         00 00      
00000528 41 00 00 00        		.dd LM15-_main
0000052A 0D 00 0A 00        		.dw 0x0d,0x0a
00008067                    	.code
                            	LM15:
                            	LBE2:
0000052C                    	.debug
0000052C 2E 00 73 00        		.dw '.stabn 0x44,0,28,',0,0
         74 00 61 00
         62 00 6E 00
         20 00 30 00
         78 00 34 00
         34 00 2C 00
         30 00 2C 00
         32 00 38 00
         2C 00 00 00
         00 00      
0000053F 41 00 00 00        		.dd LM16-_main
00000541 0D 00 0A 00        		.dw 0x0d,0x0a
00008067                    	.code
                            	LM16:
                            	L2:
                            	
00008067 43 00              		sp+=3
00008068 88 98              		pop bp from [sp]
00008069 90 9A              		retf
                            		.endp	// end of main
                            	
00000543                    	.debug
00000543 2E 00 73 00        		.dw '.stabn 0xc0,0,0,',0,0
         74 00 61 00
         62 00 6E 00
         20 00 30 00
         78 00 63 00
         30 00 2C 00
         30 00 2C 00
         30 00 2C 00
         00 00 00 00
00000555 07 00 00 00        		.dd LBB2-_main
00000557 0D 00 0A 00        		.dw 0x0d,0x0a
0000806A                    	.code
00000559                    	.debug
00000559 2E 00 73 00        		.dw '.stabs "Fosc_CLK:4",128,0,0,0',0x0d,0x0a
         74 00 61 00
         62 00 73 00
         20 00 22 00
         46 00 6F 00
         73 00 63 00
         5F 00 43 00
         4C 00 4B 00
         3A 00 34 00
         22 00 2C 00
         31 00 32 00
         38 00 2C 00
         30 00 2C 00
         30 00 2C 00
         30 00 0D 00
         0A 00      
0000806A                    	.CODE
00000578                    	.debug
00000578 2E 00 73 00        		.dw '.stabs "CPU_CLK:4",128,0,0,1',0x0d,0x0a
         74 00 61 00
         62 00 73 00
         20 00 22 00
         43 00 50 00
         55 00 5F 00
         43 00 4C 00
         4B 00 3A 00
         34 00 22 00
         2C 00 31 00
         32 00 38 00
         2C 00 30 00
         2C 00 30 00
         2C 00 31 00
         0D 00 0A 00
0000806A                    	.CODE
00000596                    	.debug
00000596 2E 00 73 00        		.dw '.stabn 0xe0,0,0,',0,0
         74 00 61 00
         62 00 6E 00
         20 00 30 00
         78 00 65 00
         30 00 2C 00
         30 00 2C 00
         30 00 2C 00
         00 00 00 00
000005A8 41 00 00 00        		.dd LBE2-_main
000005AA 0D 00 0A 00        		.dw 0x0d,0x0a
0000806A                    	.code
000005AC                    	.debug
000005AC 2E 00 73 00        		.dw '.stabf ',0,0
         74 00 61 00
         62 00 66 00
         20 00 00 00
         00 00      
000005B5 44 00 00 00        		.dd LME1-_main
000005B7 0D 00 0A 00        		.dw 0x0d,0x0a
0000806A                    	.code
                            	LME1:
0000806A                    	.code
000005B9                    	.debug
000005B9 2E 00 73 00        		.dw '.stabs "Delay:F19",36,0,0,',0,0,offset _Delay,seg _Delay,0x0d,0x0a
         74 00 61 00
         62 00 73 00
         20 00 22 00
         44 00 65 00
         6C 00 61 00
         79 00 3A 00
         46 00 31 00
         39 00 22 00
         2C 00 33 00
         36 00 2C 00
         30 00 2C 00
         30 00 2C 00
         00 00 00 00
         44 00 00 00
         0D 00 0A 00
0000806A                    	.CODE
                            	.public _Delay
                            	_Delay:	.proc
000005D9                    	.debug
000005D9 2E 00 73 00        		.dw '.stabn 0x44,0,31,',0,0
         74 00 61 00
         62 00 6E 00
         20 00 30 00
         78 00 34 00
         34 00 2C 00
         30 00 2C 00
         33 00 31 00
         2C 00 00 00
         00 00      
000005EC 00 00 00 00        		.dd LM17-_Delay
000005EE 0D 00 0A 00        		.dw 0x0d,0x0a
0000806A                    	.code
                            	LM17:
                            		// total=1, vars=1
                            		// frame_pointer_needed: 1
0000806A 88 DA              		push bp to [sp]
0000806B 41 20              		sp-=1
0000806C 08 0B 01 00        		bp=sp+1
                            	
0000806E 0D 03 04 00        		R1=BP+4
000005F0                    	.debug
000005F0 2E 00 73 00        		.dw '.stabn 0x44,0,32,',0,0
         74 00 61 00
         62 00 6E 00
         20 00 30 00
         78 00 34 00
         34 00 2C 00
         30 00 2C 00
         33 00 32 00
         2C 00 00 00
         00 00      
00000603 06 00 00 00        		.dd LM18-_Delay
00000605 0D 00 0A 00        		.dw 0x0d,0x0a
00008070                    	.code
                            	LM18:
                            	LBB3:
00000607                    	.debug
00000607 2E 00 73 00        		.dw '.stabn 0x44,0,33,',0,0
         74 00 61 00
         62 00 6E 00
         20 00 30 00
         78 00 34 00
         34 00 2C 00
         30 00 2C 00
         33 00 33 00
         2C 00 00 00
         00 00      
0000061A 06 00 00 00        		.dd LM19-_Delay
0000061C 0D 00 0A 00        		.dw 0x0d,0x0a
00008070                    	.code
                            	LM19:
00008070 0A 95 FF 7F        		R2=32767	// QImode move
00008072 C5 D4              		[BP]=R2	// QImode move
                            	L7:
00008073 C5 94              		R2=[BP]	// QImode move
00008074 40 44              		CMP R2,0	// QImode test
00008075 02 5E              		JZ L11	// QImode NE
00008076 0F 9F 7A 80        		PC=L9
                            	L11:
00008078 0F 9F 80 80        		pc=L8	// jump
                            	L10:
                            	L9:
0000807A C5 94              		R2=[BP]	// QImode move
0000807B 0A 07 FF FF        		R3=R2+(-1)
0000807D C5 D6              		[BP]=R3	// QImode move
0000807E 0F 9F 73 80        		pc=L7	// jump
                            	L8:
0000061E                    	.debug
0000061E 2E 00 73 00        		.dw '.stabn 0x44,0,34,',0,0
         74 00 61 00
         62 00 6E 00
         20 00 30 00
         78 00 34 00
         34 00 2C 00
         30 00 2C 00
         33 00 34 00
         2C 00 00 00
         00 00      
00000631 16 00 00 00        		.dd LM20-_Delay
00000633 0D 00 0A 00        		.dw 0x0d,0x0a
00008080                    	.code
                            	LM20:
00008080 12 95 9B 80        		R2=[_P_Watchdog_Clear]	// QImode move
00008082 41 96              		R3=1	// QImode move
00008083 02 99              		R4=R2	// QImode move
00008084 C4 D6              		[R4]=R3	// QImode move
00000635                    	.debug
00000635 2E 00 73 00        		.dw '.stabn 0x44,0,35,',0,0
         74 00 61 00
         62 00 6E 00
         20 00 30 00
         78 00 34 00
         34 00 2C 00
         30 00 2C 00
         33 00 35 00
         2C 00 00 00
         00 00      
00000648 1B 00 00 00        		.dd LM21-_Delay
0000064A 0D 00 0A 00        		.dw 0x0d,0x0a
00008085                    	.code
                            	LM21:
                            	LBE3:
0000064C                    	.debug
0000064C 2E 00 73 00        		.dw '.stabn 0x44,0,35,',0,0
         74 00 61 00
         62 00 6E 00
         20 00 30 00
         78 00 34 00
         34 00 2C 00
         30 00 2C 00
         33 00 35 00
         2C 00 00 00
         00 00      
0000065F 1B 00 00 00        		.dd LM22-_Delay
00000661 0D 00 0A 00        		.dw 0x0d,0x0a
00008085                    	.code
                            	LM22:
                            	L6:
                            	
00008085 41 00              		sp+=1
00008086 88 98              		pop bp from [sp]
00008087 90 9A              		retf
                            		.endp	// end of Delay
                            	
00000663                    	.debug
00000663 2E 00 73 00        		.dw '.stabn 0xc0,0,0,',0,0
         74 00 61 00
         62 00 6E 00
         20 00 30 00
         78 00 63 00
         30 00 2C 00
         30 00 2C 00
         30 00 2C 00
         00 00 00 00
00000675 06 00 00 00        		.dd LBB3-_Delay
00000677 0D 00 0A 00        		.dw 0x0d,0x0a
00008088                    	.code
00000679                    	.debug
00000679 2E 00 73 00        		.dw '.stabs "j:4",128,0,0,0',0x0d,0x0a
         74 00 61 00
         62 00 73 00
         20 00 22 00
         6A 00 3A 00
         34 00 22 00
         2C 00 31 00
         32 00 38 00
         2C 00 30 00
         2C 00 30 00
         2C 00 30 00
         0D 00 0A 00
00008088                    	.CODE
00000691                    	.debug
00000691 2E 00 73 00        		.dw '.stabn 0xe0,0,0,',0,0
         74 00 61 00
         62 00 6E 00
         20 00 30 00
         78 00 65 00
         30 00 2C 00
         30 00 2C 00
         30 00 2C 00
         00 00 00 00
000006A3 1B 00 00 00        		.dd LBE3-_Delay
000006A5 0D 00 0A 00        		.dw 0x0d,0x0a
00008088                    	.code
000006A7                    	.debug
000006A7 2E 00 73 00        		.dw '.stabf ',0,0
         74 00 61 00
         62 00 66 00
         20 00 00 00
         00 00      
000006B0 1E 00 00 00        		.dd LME2-_Delay
000006B2 0D 00 0A 00        		.dw 0x0d,0x0a
00008088                    	.code
                            	LME2:
                            	.external _P_Watchdog_Clear
                            	.external _P_SystemClock
                            	.external _P_IOA_Data
                            	.external _P_IOA_Attrib
                            	.external _P_IOA_Dir
                            		.end
0 error(s), 0 warning(s).

