Sunplus u'nSP Assembler - Ver. 1.14.12
              Listing File Has Been Relocated
                            	// GCC for SUNPLUS u'nSP version 1.0.23
                            	// Command: F:\ÁèÑôÈí¼þ\toolchain\cc1.exe C:\DOCUME~1\ADMINI~1\LOCALS~1\Temp\cc6Raaaa.i -fkeep-inline-functions -quiet -dumpbase Key.c -mglobal-var-iram -gstabs -Wall -o .\Debug/Key.asm
                            		.external __sn_func_ptr_sec
                            	
                            	// gcc2_compiled.:
                            	
00000000                    	.debug
00000000 2E 00 73 00        		.dw '.stabs "E:/µ¥Æ¬»úÕûÀí/ÁèÑôµ¥Æ¬»ú/Ä£×é×ÊÁÏ/ºìÍâ²âÎÂÄ£×é/Demo_Code/TNRFD_Demo2/",0x64,0,3,',0,0,offset Ltext0,seg Ltext0,0x0d,0x0a
         74 00 61 00
         62 00 73 00
         20 00 22 00
         45 00 3A 00
         2F 00 B5 00
         A5 00 C6 00
         AC 00 BB 00
         FA 00 D5 00
         FB 00 C0 00
         ED 00 2F 00
         C1 00 E8 00
         D1 00 F4 00
         B5 00 A5 00
         C6 00 AC 00
         BB 00 FA 00
         2F 00 C4 00
         A3 00 D7 00
         E9 00 D7 00
         CA 00 C1 00
         CF 00 2F 00
         BA 00 EC 00
         CD 00 E2 00
         B2 00 E2 00
         CE 00 C2 00
         C4 00 A3 00
         D7 00 E9 00
         2F 00 44 00
         65 00 6D 00
         6F 00 5F 00
         43 00 6F 00
         64 00 65 00
         2F 00 54 00
         4E 00 52 00
         46 00 44 00
         5F 00 44 00
         65 00 6D 00
         6F 00 32 00
         2F 00 22 00
         2C 00 30 00
         78 00 36 00
         34 00 2C 00
         30 00 2C 00
         33 00 2C 00
         00 00 00 00
         00 00 00 00
         0D 00 0A 00
00009222                    	.code
0000005E                    	.debug
0000005E 2E 00 73 00        		.dw '.stabs "E:/µ/245Æ/254»/372Õ/373À/355/Á/350Ñ/364µ/245Æ/254»/372/Ä/243×/351×/312Á/317/º/354Í/342²/342Î/302Ä/243×/351/Demo_Code/TNRFD_Demo2/Key.c",0x64,0,3,',0,0,offset Ltext0,seg Ltext0,0x0d,0x0a
         74 00 61 00
         62 00 73 00
         20 00 22 00
         45 00 3A 00
         2F 00 B5 00
         2F 00 32 00
         34 00 35 00
         C6 00 2F 00
         32 00 35 00
         34 00 BB 00
         2F 00 33 00
         37 00 32 00
         D5 00 2F 00
         33 00 37 00
         33 00 C0 00
         2F 00 33 00
         35 00 35 00
         2F 00 C1 00
         2F 00 33 00
         35 00 30 00
         D1 00 2F 00
         33 00 36 00
         34 00 B5 00
         2F 00 32 00
         34 00 35 00
         C6 00 2F 00
         32 00 35 00
         34 00 BB 00
         2F 00 33 00
         37 00 32 00
         2F 00 C4 00
         2F 00 32 00
         34 00 33 00
         D7 00 2F 00
         33 00 35 00
         31 00 D7 00
         2F 00 33 00
         31 00 32 00
         C1 00 2F 00
         33 00 31 00
         37 00 2F 00
         BA 00 2F 00
         33 00 35 00
         34 00 CD 00
         2F 00 33 00
         34 00 32 00
         B2 00 2F 00
         33 00 34 00
         32 00 CE 00
         2F 00 33 00
         30 00 32 00
         C4 00 2F 00
         32 00 34 00
         33 00 D7 00
         2F 00 33 00
         35 00 31 00
         2F 00 44 00
         65 00 6D 00
         6F 00 5F 00
         43 00 6F 00
         64 00 65 00
         2F 00 54 00
         4E 00 52 00
         46 00 44 00
         5F 00 44 00
         65 00 6D 00
         6F 00 32 00
         2F 00 4B 00
         65 00 79 00
         2E 00 63 00
         22 00 2C 00
         30 00 78 00
         36 00 34 00
         2C 00 30 00
         2C 00 33 00
         2C 00 00 00
         00 00 00 00
         00 00 0D 00
         0A 00      
00009222                    	.code
00009222                    	.code
                            	Ltext0:
000000FD                    	.debug
000000FD 2E 00 73 00        		.dw '.stabs "int:t1=r1;-32768;32767;",128,0,0,0',0x0d,0x0a
         74 00 61 00
         62 00 73 00
         20 00 22 00
         69 00 6E 00
         74 00 3A 00
         74 00 31 00
         3D 00 72 00
         31 00 3B 00
         2D 00 33 00
         32 00 37 00
         36 00 38 00
         3B 00 33 00
         32 00 37 00
         36 00 37 00
         3B 00 22 00
         2C 00 31 00
         32 00 38 00
         2C 00 30 00
         2C 00 30 00
         2C 00 30 00
         0D 00 0A 00
00009222                    	.CODE
00000129                    	.debug
00000129 2E 00 73 00        		.dw '.stabs "char:t2=r2;0;127;",128,0,0,0',0x0d,0x0a
         74 00 61 00
         62 00 73 00
         20 00 22 00
         63 00 68 00
         61 00 72 00
         3A 00 74 00
         32 00 3D 00
         72 00 32 00
         3B 00 30 00
         3B 00 31 00
         32 00 37 00
         3B 00 22 00
         2C 00 31 00
         32 00 38 00
         2C 00 30 00
         2C 00 30 00
         2C 00 30 00
         0D 00 0A 00
00009222                    	.CODE
0000014F                    	.debug
0000014F 2E 00 73 00        		.dw '.stabs "long int:t3=r3;-2147483648;2147483647;",128,0,0,0',0x0d,0x0a
         74 00 61 00
         62 00 73 00
         20 00 22 00
         6C 00 6F 00
         6E 00 67 00
         20 00 69 00
         6E 00 74 00
         3A 00 74 00
         33 00 3D 00
         72 00 33 00
         3B 00 2D 00
         32 00 31 00
         34 00 37 00
         34 00 38 00
         33 00 36 00
         34 00 38 00
         3B 00 32 00
         31 00 34 00
         37 00 34 00
         38 00 33 00
         36 00 34 00
         37 00 3B 00
         22 00 2C 00
         31 00 32 00
         38 00 2C 00
         30 00 2C 00
         30 00 2C 00
         30 00 0D 00
         0A 00      
00009222                    	.CODE
0000018A                    	.debug
0000018A 2E 00 73 00        		.dw '.stabs "unsigned int:t4=r4;0;65535;",128,0,0,0',0x0d,0x0a
         74 00 61 00
         62 00 73 00
         20 00 22 00
         75 00 6E 00
         73 00 69 00
         67 00 6E 00
         65 00 64 00
         20 00 69 00
         6E 00 74 00
         3A 00 74 00
         34 00 3D 00
         72 00 34 00
         3B 00 30 00
         3B 00 36 00
         35 00 35 00
         33 00 35 00
         3B 00 22 00
         2C 00 31 00
         32 00 38 00
         2C 00 30 00
         2C 00 30 00
         2C 00 30 00
         0D 00 0A 00
00009222                    	.CODE
000001BA                    	.debug
000001BA 2E 00 73 00        		.dw '.stabs "long unsigned int:t5=r5;0;4294967295;",128,0,0,0',0x0d,0x0a
         74 00 61 00
         62 00 73 00
         20 00 22 00
         6C 00 6F 00
         6E 00 67 00
         20 00 75 00
         6E 00 73 00
         69 00 67 00
         6E 00 65 00
         64 00 20 00
         69 00 6E 00
         74 00 3A 00
         74 00 35 00
         3D 00 72 00
         35 00 3B 00
         30 00 3B 00
         34 00 32 00
         39 00 34 00
         39 00 36 00
         37 00 32 00
         39 00 35 00
         3B 00 22 00
         2C 00 31 00
         32 00 38 00
         2C 00 30 00
         2C 00 30 00
         2C 00 30 00
         0D 00 0A 00
00009222                    	.CODE
000001F4                    	.debug
000001F4 2E 00 73 00        		.dw '.stabs "long long int:t6=r6;-2147483648;2147483647;",128,0,0,0',0x0d,0x0a
         74 00 61 00
         62 00 73 00
         20 00 22 00
         6C 00 6F 00
         6E 00 67 00
         20 00 6C 00
         6F 00 6E 00
         67 00 20 00
         69 00 6E 00
         74 00 3A 00
         74 00 36 00
         3D 00 72 00
         36 00 3B 00
         2D 00 32 00
         31 00 34 00
         37 00 34 00
         38 00 33 00
         36 00 34 00
         38 00 3B 00
         32 00 31 00
         34 00 37 00
         34 00 38 00
         33 00 36 00
         34 00 37 00
         3B 00 22 00
         2C 00 31 00
         32 00 38 00
         2C 00 30 00
         2C 00 30 00
         2C 00 30 00
         0D 00 0A 00
00009222                    	.CODE
00000234                    	.debug
00000234 2E 00 73 00        		.dw '.stabs "long long unsigned int:t7=r7;0;4294967295;",128,0,0,0',0x0d,0x0a
         74 00 61 00
         62 00 73 00
         20 00 22 00
         6C 00 6F 00
         6E 00 67 00
         20 00 6C 00
         6F 00 6E 00
         67 00 20 00
         75 00 6E 00
         73 00 69 00
         67 00 6E 00
         65 00 64 00
         20 00 69 00
         6E 00 74 00
         3A 00 74 00
         37 00 3D 00
         72 00 37 00
         3B 00 30 00
         3B 00 34 00
         32 00 39 00
         34 00 39 00
         36 00 37 00
         32 00 39 00
         35 00 3B 00
         22 00 2C 00
         31 00 32 00
         38 00 2C 00
         30 00 2C 00
         30 00 2C 00
         30 00 0D 00
         0A 00      
00009222                    	.CODE
00000273                    	.debug
00000273 2E 00 73 00        		.dw '.stabs "short int:t8=r8;-32768;32767;",128,0,0,0',0x0d,0x0a
         74 00 61 00
         62 00 73 00
         20 00 22 00
         73 00 68 00
         6F 00 72 00
         74 00 20 00
         69 00 6E 00
         74 00 3A 00
         74 00 38 00
         3D 00 72 00
         38 00 3B 00
         2D 00 33 00
         32 00 37 00
         36 00 38 00
         3B 00 33 00
         32 00 37 00
         36 00 37 00
         3B 00 22 00
         2C 00 31 00
         32 00 38 00
         2C 00 30 00
         2C 00 30 00
         2C 00 30 00
         0D 00 0A 00
00009222                    	.CODE
000002A5                    	.debug
000002A5 2E 00 73 00        		.dw '.stabs "short unsigned int:t9=r9;0;65535;",128,0,0,0',0x0d,0x0a
         74 00 61 00
         62 00 73 00
         20 00 22 00
         73 00 68 00
         6F 00 72 00
         74 00 20 00
         75 00 6E 00
         73 00 69 00
         67 00 6E 00
         65 00 64 00
         20 00 69 00
         6E 00 74 00
         3A 00 74 00
         39 00 3D 00
         72 00 39 00
         3B 00 30 00
         3B 00 36 00
         35 00 35 00
         33 00 35 00
         3B 00 22 00
         2C 00 31 00
         32 00 38 00
         2C 00 30 00
         2C 00 30 00
         2C 00 30 00
         0D 00 0A 00
00009222                    	.CODE
000002DB                    	.debug
000002DB 2E 00 73 00        		.dw '.stabs "signed char:t10=r10;-32768;32767;",128,0,0,0',0x0d,0x0a
         74 00 61 00
         62 00 73 00
         20 00 22 00
         73 00 69 00
         67 00 6E 00
         65 00 64 00
         20 00 63 00
         68 00 61 00
         72 00 3A 00
         74 00 31 00
         30 00 3D 00
         72 00 31 00
         30 00 3B 00
         2D 00 33 00
         32 00 37 00
         36 00 38 00
         3B 00 33 00
         32 00 37 00
         36 00 37 00
         3B 00 22 00
         2C 00 31 00
         32 00 38 00
         2C 00 30 00
         2C 00 30 00
         2C 00 30 00
         0D 00 0A 00
00009222                    	.CODE
00000311                    	.debug
00000311 2E 00 73 00        		.dw '.stabs "unsigned char:t11=r11;0;65535;",128,0,0,0',0x0d,0x0a
         74 00 61 00
         62 00 73 00
         20 00 22 00
         75 00 6E 00
         73 00 69 00
         67 00 6E 00
         65 00 64 00
         20 00 63 00
         68 00 61 00
         72 00 3A 00
         74 00 31 00
         31 00 3D 00
         72 00 31 00
         31 00 3B 00
         30 00 3B 00
         36 00 35 00
         35 00 33 00
         35 00 3B 00
         22 00 2C 00
         31 00 32 00
         38 00 2C 00
         30 00 2C 00
         30 00 2C 00
         30 00 0D 00
         0A 00      
00009222                    	.CODE
00000344                    	.debug
00000344 2E 00 73 00        		.dw '.stabs "float:t12=r1;2;0;",128,0,0,0',0x0d,0x0a
         74 00 61 00
         62 00 73 00
         20 00 22 00
         66 00 6C 00
         6F 00 61 00
         74 00 3A 00
         74 00 31 00
         32 00 3D 00
         72 00 31 00
         3B 00 32 00
         3B 00 30 00
         3B 00 22 00
         2C 00 31 00
         32 00 38 00
         2C 00 30 00
         2C 00 30 00
         2C 00 30 00
         0D 00 0A 00
00009222                    	.CODE
0000036A                    	.debug
0000036A 2E 00 73 00        		.dw '.stabs "double:t13=r1;2;0;",128,0,0,0',0x0d,0x0a
         74 00 61 00
         62 00 73 00
         20 00 22 00
         64 00 6F 00
         75 00 62 00
         6C 00 65 00
         3A 00 74 00
         31 00 33 00
         3D 00 72 00
         31 00 3B 00
         32 00 3B 00
         30 00 3B 00
         22 00 2C 00
         31 00 32 00
         38 00 2C 00
         30 00 2C 00
         30 00 2C 00
         30 00 0D 00
         0A 00      
00009222                    	.CODE
00000391                    	.debug
00000391 2E 00 73 00        		.dw '.stabs "long double:t14=r1;2;0;",128,0,0,0',0x0d,0x0a
         74 00 61 00
         62 00 73 00
         20 00 22 00
         6C 00 6F 00
         6E 00 67 00
         20 00 64 00
         6F 00 75 00
         62 00 6C 00
         65 00 3A 00
         74 00 31 00
         34 00 3D 00
         72 00 31 00
         3B 00 32 00
         3B 00 30 00
         3B 00 22 00
         2C 00 31 00
         32 00 38 00
         2C 00 30 00
         2C 00 30 00
         2C 00 30 00
         0D 00 0A 00
00009222                    	.CODE
000003BD                    	.debug
000003BD 2E 00 73 00        		.dw '.stabs "complex int:t15=s2real:1,0,16;imag:1,16,16;;",128,0,0,0',0x0d,0x0a
         74 00 61 00
         62 00 73 00
         20 00 22 00
         63 00 6F 00
         6D 00 70 00
         6C 00 65 00
         78 00 20 00
         69 00 6E 00
         74 00 3A 00
         74 00 31 00
         35 00 3D 00
         73 00 32 00
         72 00 65 00
         61 00 6C 00
         3A 00 31 00
         2C 00 30 00
         2C 00 31 00
         36 00 3B 00
         69 00 6D 00
         61 00 67 00
         3A 00 31 00
         2C 00 31 00
         36 00 2C 00
         31 00 36 00
         3B 00 3B 00
         22 00 2C 00
         31 00 32 00
         38 00 2C 00
         30 00 2C 00
         30 00 2C 00
         30 00 0D 00
         0A 00      
00009222                    	.CODE
000003FE                    	.debug
000003FE 2E 00 73 00        		.dw '.stabs "complex float:t16=r16;2;0;",128,0,0,0',0x0d,0x0a
         74 00 61 00
         62 00 73 00
         20 00 22 00
         63 00 6F 00
         6D 00 70 00
         6C 00 65 00
         78 00 20 00
         66 00 6C 00
         6F 00 61 00
         74 00 3A 00
         74 00 31 00
         36 00 3D 00
         72 00 31 00
         36 00 3B 00
         32 00 3B 00
         30 00 3B 00
         22 00 2C 00
         31 00 32 00
         38 00 2C 00
         30 00 2C 00
         30 00 2C 00
         30 00 0D 00
         0A 00      
00009222                    	.CODE
0000042D                    	.debug
0000042D 2E 00 73 00        		.dw '.stabs "complex double:t17=r17;2;0;",128,0,0,0',0x0d,0x0a
         74 00 61 00
         62 00 73 00
         20 00 22 00
         63 00 6F 00
         6D 00 70 00
         6C 00 65 00
         78 00 20 00
         64 00 6F 00
         75 00 62 00
         6C 00 65 00
         3A 00 74 00
         31 00 37 00
         3D 00 72 00
         31 00 37 00
         3B 00 32 00
         3B 00 30 00
         3B 00 22 00
         2C 00 31 00
         32 00 38 00
         2C 00 30 00
         2C 00 30 00
         2C 00 30 00
         0D 00 0A 00
00009222                    	.CODE
0000045D                    	.debug
0000045D 2E 00 73 00        		.dw '.stabs "complex long double:t18=r18;2;0;",128,0,0,0',0x0d,0x0a
         74 00 61 00
         62 00 73 00
         20 00 22 00
         63 00 6F 00
         6D 00 70 00
         6C 00 65 00
         78 00 20 00
         6C 00 6F 00
         6E 00 67 00
         20 00 64 00
         6F 00 75 00
         62 00 6C 00
         65 00 3A 00
         74 00 31 00
         38 00 3D 00
         72 00 31 00
         38 00 3B 00
         32 00 3B 00
         30 00 3B 00
         22 00 2C 00
         31 00 32 00
         38 00 2C 00
         30 00 2C 00
         30 00 2C 00
         30 00 0D 00
         0A 00      
00009222                    	.CODE
00000492                    	.debug
00000492 2E 00 73 00        		.dw '.stabs "void:t19=19",128,0,0,0',0x0d,0x0a
         74 00 61 00
         62 00 73 00
         20 00 22 00
         76 00 6F 00
         69 00 64 00
         3A 00 74 00
         31 00 39 00
         3D 00 31 00
         39 00 22 00
         2C 00 31 00
         32 00 38 00
         2C 00 30 00
         2C 00 30 00
         2C 00 30 00
         0D 00 0A 00
00009222                    	.CODE
00009222                    	.code
000004B2                    	.debug
000004B2 2E 00 73 00        		.dw '.stabs "Key_Init:F19",36,0,0,',0,0,offset _Key_Init,seg _Key_Init,0x0d,0x0a
         74 00 61 00
         62 00 73 00
         20 00 22 00
         4B 00 65 00
         79 00 5F 00
         49 00 6E 00
         69 00 74 00
         3A 00 46 00
         31 00 39 00
         22 00 2C 00
         33 00 36 00
         2C 00 30 00
         2C 00 30 00
         2C 00 00 00
         00 00 00 00
         00 00 0D 00
         0A 00      
00009222                    	.CODE
                            	.public _Key_Init
                            	_Key_Init:	.proc
000004D5                    	.debug
000004D5 2E 00 73 00        		.dw '.stabn 0x44,0,23,',0,0
         74 00 61 00
         62 00 6E 00
         20 00 30 00
         78 00 34 00
         34 00 2C 00
         30 00 2C 00
         32 00 33 00
         2C 00 00 00
         00 00      
000004E8 00 00 00 00        		.dd LM1-_Key_Init
000004EA 0D 00 0A 00        		.dw 0x0d,0x0a
00009222                    	.code
                            	LM1:
                            		// total=0, vars=0
                            		// frame_pointer_needed: 1
000004EC                    	.debug
000004EC 2E 00 73 00        		.dw '.stabn 0xa6,0,0,0',0x0d, 0x0a
         74 00 61 00
         62 00 6E 00
         20 00 30 00
         78 00 61 00
         36 00 2C 00
         30 00 2C 00
         30 00 2C 00
         30 00 0D 00
         0A 00      
00009222                    	.code
00009222 88 DA              		PUSH BP to [SP]
00009223 08 0B 01 00        		BP=SP+1
                            	
00009225 0D 03 03 00        		R1=BP+3
000004FF                    	.debug
000004FF 2E 00 73 00        		.dw '.stabn 0x44,0,24,',0,0
         74 00 61 00
         62 00 6E 00
         20 00 30 00
         78 00 34 00
         34 00 2C 00
         30 00 2C 00
         32 00 34 00
         2C 00 00 00
         00 00      
00000512 05 00 00 00        		.dd LM2-_Key_Init
00000514 0D 00 0A 00        		.dw 0x0d,0x0a
00009227                    	.code
                            	LM2:
00009227 12 95 02 70        		R2=[28674]	// QImode move
00009229 0A B7 00 FF        		R3=R2&(-256)
0000922B 1B D7 02 70        		[28674]=R3	// QImode move
00000516                    	.debug
00000516 2E 00 73 00        		.dw '.stabn 0x44,0,25,',0,0
         74 00 61 00
         62 00 6E 00
         20 00 30 00
         78 00 34 00
         34 00 2C 00
         30 00 2C 00
         32 00 35 00
         2C 00 00 00
         00 00      
00000529 0B 00 00 00        		.dd LM3-_Key_Init
0000052B 0D 00 0A 00        		.dw 0x0d,0x0a
0000922D                    	.code
                            	LM3:
0000922D 12 95 03 70        		R2=[28675]	// QImode move
0000922F 0A B7 00 FF        		R3=R2&(-256)
00009231 1B D7 03 70        		[28675]=R3	// QImode move
0000052D                    	.debug
0000052D 2E 00 73 00        		.dw '.stabn 0x44,0,26,',0,0
         74 00 61 00
         62 00 6E 00
         20 00 30 00
         78 00 34 00
         34 00 2C 00
         30 00 2C 00
         32 00 36 00
         2C 00 00 00
         00 00      
00000540 11 00 00 00        		.dd LM4-_Key_Init
00000542 0D 00 0A 00        		.dw 0x0d,0x0a
00009233                    	.code
                            	LM4:
00009233 12 95 00 70        		R2=[28672]	// QImode move
00009235 0A B7 00 FF        		R3=R2&(-256)
00009237 1B D7 00 70        		[28672]=R3	// QImode move
00000544                    	.debug
00000544 2E 00 73 00        		.dw '.stabn 0x44,0,27,',0,0
         74 00 61 00
         62 00 6E 00
         20 00 30 00
         78 00 34 00
         34 00 2C 00
         30 00 2C 00
         32 00 37 00
         2C 00 00 00
         00 00      
00000557 17 00 00 00        		.dd LM5-_Key_Init
00000559 0D 00 0A 00        		.dw 0x0d,0x0a
00009239                    	.code
                            	LM5:
0000055B                    	.debug
0000055B 2E 00 73 00        		.dw '.stabn 0x44,0,27,',0,0
         74 00 61 00
         62 00 6E 00
         20 00 30 00
         78 00 34 00
         34 00 2C 00
         30 00 2C 00
         32 00 37 00
         2C 00 00 00
         00 00      
0000056E 17 00 00 00        		.dd LM6-_Key_Init
00000570 0D 00 0A 00        		.dw 0x0d,0x0a
00009239                    	.code
                            	LM6:
                            	L2:
                            	
00009239 88 98              		POP BP from [SP]
0000923A 90 9A              		RETF
                            		.endp	// end of Key_Init
                            	
00000572                    	.debug
00000572 2E 00 73 00        		.dw '.stabf ',0,0
         74 00 61 00
         62 00 66 00
         20 00 00 00
         00 00      
0000057B 19 00 00 00        		.dd LME1-_Key_Init
0000057D 0D 00 0A 00        		.dw 0x0d,0x0a
0000923B                    	.code
                            	LME1:
0000923B                    	.code
0000057F                    	.debug
0000057F 2E 00 73 00        		.dw '.stabs "delay:F19",36,0,0,',0,0,offset _delay,seg _delay,0x0d,0x0a
         74 00 61 00
         62 00 73 00
         20 00 22 00
         64 00 65 00
         6C 00 61 00
         79 00 3A 00
         46 00 31 00
         39 00 22 00
         2C 00 33 00
         36 00 2C 00
         30 00 2C 00
         30 00 2C 00
         00 00 00 00
         19 00 00 00
         0D 00 0A 00
0000923B                    	.CODE
                            	.public _delay
                            	_delay:	.proc
0000059F                    	.debug
0000059F 2E 00 73 00        		.dw '.stabn 0x44,0,35,',0,0
         74 00 61 00
         62 00 6E 00
         20 00 30 00
         78 00 34 00
         34 00 2C 00
         30 00 2C 00
         33 00 35 00
         2C 00 00 00
         00 00      
000005B2 00 00 00 00        		.dd LM7-_delay
000005B4 0D 00 0A 00        		.dw 0x0d,0x0a
0000923B                    	.code
                            	LM7:
                            		// total=1, vars=1
                            		// frame_pointer_needed: 1
000005B6                    	.debug
000005B6 2E 00 73 00        		.dw '.stabn 0xa6,0,0,1',0x0d, 0x0a
         74 00 61 00
         62 00 6E 00
         20 00 30 00
         78 00 61 00
         36 00 2C 00
         30 00 2C 00
         30 00 2C 00
         31 00 0D 00
         0A 00      
0000923B                    	.code
0000923B 88 DA              		PUSH BP to [SP]
0000923C 41 20              		SP-=1
0000923D 08 0B 01 00        		BP=SP+1
                            	
0000923F 0D 03 04 00        		R1=BP+4
                            	LBB2:
000005C9                    	.debug
000005C9 2E 00 73 00        		.dw '.stabn 0x44,0,37,',0,0
         74 00 61 00
         62 00 6E 00
         20 00 30 00
         78 00 34 00
         34 00 2C 00
         30 00 2C 00
         33 00 37 00
         2C 00 00 00
         00 00      
000005DC 06 00 00 00        		.dd LM8-_delay
000005DE 0D 00 0A 00        		.dw 0x0d,0x0a
00009241                    	.code
                            	LM8:
00009241 40 94              		R2=0	// QImode move
00009242 C5 D4              		[BP]=R2	// QImode move
                            	L4:
00009243 C5 94              		R2=[BP]	// QImode move
00009244 0A 45 B8 0B        		CMP R2,3000	// QImode compare
00009246 04 8E 01 EE        		NSJNA L7	//QImode LEU
         00 EE      
00009249 0F 9F 54 92        		PC=L5	// jump
                            	L7:
000005E0                    	.debug
000005E0 2E 00 73 00        		.dw '.stabn 0x44,0,39,',0,0
         74 00 61 00
         62 00 6E 00
         20 00 30 00
         78 00 34 00
         34 00 2C 00
         30 00 2C 00
         33 00 39 00
         2C 00 00 00
         00 00      
000005F3 10 00 00 00        		.dd LM9-_delay
000005F5 0D 00 0A 00        		.dw 0x0d,0x0a
0000924B                    	.code
                            	LM9:
0000924B 41 94              		R2=1	// QImode move
0000924C 1A D5 12 70        		[28690]=R2	// QImode move
000005F7                    	.debug
000005F7 2E 00 73 00        		.dw '.stabn 0x44,0,37,',0,0
         74 00 61 00
         62 00 6E 00
         20 00 30 00
         78 00 34 00
         34 00 2C 00
         30 00 2C 00
         33 00 37 00
         2C 00 00 00
         00 00      
0000060A 13 00 00 00        		.dd LM10-_delay
0000060C 0D 00 0A 00        		.dw 0x0d,0x0a
0000924E                    	.code
                            	LM10:
                            	L6:
0000924E C5 94              		R2=[BP]	// QImode move
0000924F 0A 07 01 00        		R3=R2+1
00009251 C5 D6              		[BP]=R3	// QImode move
00009252 0F 9F 43 92        		PC=L4	// jump
                            	L5:
0000060E                    	.debug
0000060E 2E 00 73 00        		.dw '.stabn 0x44,0,41,',0,0
         74 00 61 00
         62 00 6E 00
         20 00 30 00
         78 00 34 00
         34 00 2C 00
         30 00 2C 00
         34 00 31 00
         2C 00 00 00
         00 00      
00000621 19 00 00 00        		.dd LM11-_delay
00000623 0D 00 0A 00        		.dw 0x0d,0x0a
00009254                    	.code
                            	LM11:
                            	LBE2:
00000625                    	.debug
00000625 2E 00 73 00        		.dw '.stabn 0x44,0,41,',0,0
         74 00 61 00
         62 00 6E 00
         20 00 30 00
         78 00 34 00
         34 00 2C 00
         30 00 2C 00
         34 00 31 00
         2C 00 00 00
         00 00      
00000638 19 00 00 00        		.dd LM12-_delay
0000063A 0D 00 0A 00        		.dw 0x0d,0x0a
00009254                    	.code
                            	LM12:
                            	L3:
                            	
00009254 41 00              		SP+=1
00009255 88 98              		POP BP from [SP]
00009256 90 9A              		RETF
                            		.endp	// end of delay
                            	
0000063C                    	.debug
0000063C 2E 00 73 00        		.dw '.stabn 0xc0,0,0,',0,0
         74 00 61 00
         62 00 6E 00
         20 00 30 00
         78 00 63 00
         30 00 2C 00
         30 00 2C 00
         30 00 2C 00
         00 00 00 00
0000064E 06 00 00 00        		.dd LBB2-_delay
00000650 0D 00 0A 00        		.dw 0x0d,0x0a
00009257                    	.code
00000652                    	.debug
00000652 2E 00 73 00        		.dw '.stabs "uiCount:4",128,0,0,0',0x0d,0x0a
         74 00 61 00
         62 00 73 00
         20 00 22 00
         75 00 69 00
         43 00 6F 00
         75 00 6E 00
         74 00 3A 00
         34 00 22 00
         2C 00 31 00
         32 00 38 00
         2C 00 30 00
         2C 00 30 00
         2C 00 30 00
         0D 00 0A 00
00009257                    	.CODE
00000670                    	.debug
00000670 2E 00 73 00        		.dw '.stabn 0xe0,0,0,',0,0
         74 00 61 00
         62 00 6E 00
         20 00 30 00
         78 00 65 00
         30 00 2C 00
         30 00 2C 00
         30 00 2C 00
         00 00 00 00
00000682 19 00 00 00        		.dd LBE2-_delay
00000684 0D 00 0A 00        		.dw 0x0d,0x0a
00009257                    	.code
00000686                    	.debug
00000686 2E 00 73 00        		.dw '.stabf ',0,0
         74 00 61 00
         62 00 66 00
         20 00 00 00
         00 00      
0000068F 1C 00 00 00        		.dd LME2-_delay
00000691 0D 00 0A 00        		.dw 0x0d,0x0a
00009257                    	.code
                            	LME2:
00009257                    	.code
00000693                    	.debug
00000693 2E 00 73 00        		.dw '.stabs "KeyScan:F4",36,0,0,',0,0,offset _KeyScan,seg _KeyScan,0x0d,0x0a
         74 00 61 00
         62 00 73 00
         20 00 22 00
         4B 00 65 00
         79 00 53 00
         63 00 61 00
         6E 00 3A 00
         46 00 34 00
         22 00 2C 00
         33 00 36 00
         2C 00 30 00
         2C 00 30 00
         2C 00 00 00
         00 00 35 00
         00 00 0D 00
         0A 00      
00009257                    	.CODE
                            	.public _KeyScan
                            	_KeyScan:	.proc
000006B4                    	.debug
000006B4 2E 00 73 00        		.dw '.stabn 0x44,0,50,',0,0
         74 00 61 00
         62 00 6E 00
         20 00 30 00
         78 00 34 00
         34 00 2C 00
         30 00 2C 00
         35 00 30 00
         2C 00 00 00
         00 00      
000006C7 00 00 00 00        		.dd LM13-_KeyScan
000006C9 0D 00 0A 00        		.dw 0x0d,0x0a
00009257                    	.code
                            	LM13:
                            		// total=3, vars=3
                            		// frame_pointer_needed: 1
000006CB                    	.debug
000006CB 2E 00 73 00        		.dw '.stabn 0xa6,0,0,3',0x0d, 0x0a
         74 00 61 00
         62 00 6E 00
         20 00 30 00
         78 00 61 00
         36 00 2C 00
         30 00 2C 00
         30 00 2C 00
         33 00 0D 00
         0A 00      
00009257                    	.code
00009257 88 DA              		PUSH BP to [SP]
00009258 43 20              		SP-=3
00009259 08 0B 01 00        		BP=SP+1
                            	
0000925B 0D 03 06 00        		R1=BP+6
0000925D 02 D2              		[BP+2]=R1	// QImode move
                            	LBB3:
000006DE                    	.debug
000006DE 2E 00 73 00        		.dw '.stabn 0x44,0,53,',0,0
         74 00 61 00
         62 00 6E 00
         20 00 30 00
         78 00 34 00
         34 00 2C 00
         30 00 2C 00
         35 00 33 00
         2C 00 00 00
         00 00      
000006F1 07 00 00 00        		.dd LM14-_KeyScan
000006F3 0D 00 0A 00        		.dw 0x0d,0x0a
0000925E                    	.code
                            	LM14:
0000925E 11 93 00 70        		R1=[28672]	// QImode move
00009260 C5 D2              		[BP]=R1	// QImode move
000006F5                    	.debug
000006F5 2E 00 73 00        		.dw '.stabn 0x44,0,54,',0,0
         74 00 61 00
         62 00 6E 00
         20 00 30 00
         78 00 34 00
         34 00 2C 00
         30 00 2C 00
         35 00 34 00
         2C 00 00 00
         00 00      
00000708 0A 00 00 00        		.dd LM15-_KeyScan
0000070A 0D 00 0A 00        		.dw 0x0d,0x0a
00009261                    	.code
                            	LM15:
00009261 C5 94              		R2=[BP]	// QImode move
00009262 0A B5 FF 00        		R2=R2&255
00009264 C5 D4              		[BP]=R2	// QImode move
0000070C                    	.debug
0000070C 2E 00 73 00        		.dw '.stabn 0x44,0,55,',0,0
         74 00 61 00
         62 00 6E 00
         20 00 30 00
         78 00 34 00
         34 00 2C 00
         30 00 2C 00
         35 00 35 00
         2C 00 00 00
         00 00      
0000071F 0E 00 00 00        		.dd LM16-_KeyScan
00000721 0D 00 0A 00        		.dw 0x0d,0x0a
00009265                    	.code
                            	LM16:
00009265 C5 92              		R1=[BP]	// QImode move
00009266 40 42              		CMP R1,0	// QImode test
00009267 22 5E 01 EE        		NSJZ L10	//QImode EQ
         00 EE      
00000723                    	.debug
00000723 2E 00 73 00        		.dw '.stabn 0x44,0,57,',0,0
         74 00 61 00
         62 00 6E 00
         20 00 30 00
         78 00 34 00
         34 00 2C 00
         30 00 2C 00
         35 00 37 00
         2C 00 00 00
         00 00      
00000736 13 00 00 00        		.dd LM17-_KeyScan
00000738 0D 00 0A 00        		.dw 0x0d,0x0a
0000926A                    	.code
                            	LM17:
0000926A 40 F0 3B 92        		CALL _delay	// call without return value
0000073A                    	.debug
0000073A 2E 00 73 00        		.dw '.stabn 0x44,0,58,',0,0
         74 00 61 00
         62 00 6E 00
         20 00 30 00
         78 00 34 00
         34 00 2C 00
         30 00 2C 00
         35 00 38 00
         2C 00 00 00
         00 00      
0000074D 15 00 00 00        		.dd LM18-_KeyScan
0000074F 0D 00 0A 00        		.dw 0x0d,0x0a
0000926C                    	.code
                            	LM18:
0000926C 05 93              		R1=BP	// QImode move
0000926D 0D 05 01 00        		R2=BP+1
0000926F 11 93 00 70        		R1=[28672]	// QImode move
00009271 02 97              		R3=R2	// QImode move
00009272 C3 D2              		[R3]=R1	// QImode move
00000751                    	.debug
00000751 2E 00 73 00        		.dw '.stabn 0x44,0,59,',0,0
         74 00 61 00
         62 00 6E 00
         20 00 30 00
         78 00 34 00
         34 00 2C 00
         30 00 2C 00
         35 00 39 00
         2C 00 00 00
         00 00      
00000764 1C 00 00 00        		.dd LM19-_KeyScan
00000766 0D 00 0A 00        		.dw 0x0d,0x0a
00009273                    	.code
                            	LM19:
00009273 05 95              		R2=BP	// QImode move
00009274 0D 03 01 00        		R1=BP+1
00009276 05 95              		R2=BP	// QImode move
00009277 0D 07 01 00        		R3=BP+1
00009279 03 99              		R4=R3	// QImode move
0000927A C4 98              		R4=[R4]
0000927B 0C B5 FF 00        		R2=R4&255
0000927D 01 99              		R4=R1	// QImode move
0000927E C4 D4              		[R4]=R2	// QImode move
00000768                    	.debug
00000768 2E 00 73 00        		.dw '.stabn 0x44,0,60,',0,0
         74 00 61 00
         62 00 6E 00
         20 00 30 00
         78 00 34 00
         34 00 2C 00
         30 00 2C 00
         36 00 30 00
         2C 00 00 00
         00 00      
0000077B 28 00 00 00        		.dd LM20-_KeyScan
0000077D 0D 00 0A 00        		.dw 0x0d,0x0a
0000927F                    	.code
                            	LM20:
0000927F 05 93              		R1=BP	// QImode move
00009280 0D 05 01 00        		R2=BP+1
00009282 C5 92              		R1=[BP]	// QImode move
00009283 02 97              		R3=R2	// QImode move
00009284 C3 42              		CMP R1,[R3]	// QImode compare
00009285 04 5E 01 EE        		NSJZ L10	//QImode EQ
         00 EE      
0000077F                    	.debug
0000077F 2E 00 73 00        		.dw '.stabn 0x44,0,61,',0,0
         74 00 61 00
         62 00 6E 00
         20 00 30 00
         78 00 34 00
         34 00 2C 00
         30 00 2C 00
         36 00 31 00
         2C 00 00 00
         00 00      
00000792 31 00 00 00        		.dd LM21-_KeyScan
00000794 0D 00 0A 00        		.dw 0x0d,0x0a
00009288                    	.code
                            	LM21:
00009288 40 92              		R1=0	// QImode move
00009289 C5 D2              		[BP]=R1	// QImode move
                            	L11:
                            	L10:
00000796                    	.debug
00000796 2E 00 73 00        		.dw '.stabn 0x44,0,63,',0,0
         74 00 61 00
         62 00 6E 00
         20 00 30 00
         78 00 34 00
         34 00 2C 00
         30 00 2C 00
         36 00 33 00
         2C 00 00 00
         00 00      
000007A9 33 00 00 00        		.dd LM22-_KeyScan
000007AB 0D 00 0A 00        		.dw 0x0d,0x0a
0000928A                    	.code
                            	LM22:
0000928A C5 94              		R2=[BP]	// QImode move
0000928B 02 93              		R1=R2	// QImode move
0000928C 0F 9F 8E 92        		PC=L9	// jump
000007AD                    	.debug
000007AD 2E 00 73 00        		.dw '.stabn 0x44,0,64,',0,0
         74 00 61 00
         62 00 6E 00
         20 00 30 00
         78 00 34 00
         34 00 2C 00
         30 00 2C 00
         36 00 34 00
         2C 00 00 00
         00 00      
000007C0 37 00 00 00        		.dd LM23-_KeyScan
000007C2 0D 00 0A 00        		.dw 0x0d,0x0a
0000928E                    	.code
                            	LM23:
                            	LBE3:
000007C4                    	.debug
000007C4 2E 00 73 00        		.dw '.stabn 0x44,0,64,',0,0
         74 00 61 00
         62 00 6E 00
         20 00 30 00
         78 00 34 00
         34 00 2C 00
         30 00 2C 00
         36 00 34 00
         2C 00 00 00
         00 00      
000007D7 37 00 00 00        		.dd LM24-_KeyScan
000007D9 0D 00 0A 00        		.dw 0x0d,0x0a
0000928E                    	.code
                            	LM24:
                            	L9:
                            	
0000928E 43 00              		SP+=3
0000928F 88 98              		POP BP from [SP]
00009290 90 9A              		RETF
                            		.endp	// end of KeyScan
                            	
000007DB                    	.debug
000007DB 2E 00 73 00        		.dw '.stabn 0xc0,0,0,',0,0
         74 00 61 00
         62 00 6E 00
         20 00 30 00
         78 00 63 00
         30 00 2C 00
         30 00 2C 00
         30 00 2C 00
         00 00 00 00
000007ED 07 00 00 00        		.dd LBB3-_KeyScan
000007EF 0D 00 0A 00        		.dw 0x0d,0x0a
00009291                    	.code
000007F1                    	.debug
000007F1 2E 00 73 00        		.dw '.stabs "uiData:4",128,0,0,0',0x0d,0x0a
         74 00 61 00
         62 00 73 00
         20 00 22 00
         75 00 69 00
         44 00 61 00
         74 00 61 00
         3A 00 34 00
         22 00 2C 00
         31 00 32 00
         38 00 2C 00
         30 00 2C 00
         30 00 2C 00
         30 00 0D 00
         0A 00      
00009291                    	.CODE
0000080E                    	.debug
0000080E 2E 00 73 00        		.dw '.stabs "uiTemp:4",128,0,0,1',0x0d,0x0a
         74 00 61 00
         62 00 73 00
         20 00 22 00
         75 00 69 00
         54 00 65 00
         6D 00 70 00
         3A 00 34 00
         22 00 2C 00
         31 00 32 00
         38 00 2C 00
         30 00 2C 00
         30 00 2C 00
         31 00 0D 00
         0A 00      
00009291                    	.CODE
0000082B                    	.debug
0000082B 2E 00 73 00        		.dw '.stabn 0xe0,0,0,',0,0
         74 00 61 00
         62 00 6E 00
         20 00 30 00
         78 00 65 00
         30 00 2C 00
         30 00 2C 00
         30 00 2C 00
         00 00 00 00
0000083D 37 00 00 00        		.dd LBE3-_KeyScan
0000083F 0D 00 0A 00        		.dw 0x0d,0x0a
00009291                    	.code
00000841                    	.debug
00000841 2E 00 73 00        		.dw '.stabf ',0,0
         74 00 61 00
         62 00 66 00
         20 00 00 00
         00 00      
0000084A 3A 00 00 00        		.dd LME3-_KeyScan
0000084C 0D 00 0A 00        		.dw 0x0d,0x0a
00009291                    	.code
                            	LME3:
                            		.end
0 error(s), 0 warning(s).





































































































