Sunplus u'nSP Assembler - Ver. 1.14.12
              Listing File Has Been Relocated
                            	// GCC for SUNPLUS u'nSP version 1.0.23
                            	// Command: F:\ÁèÑôÈí¼þ\toolchain\cc1.exe C:\DOCUME~1\ADMINI~1\LOCALS~1\Temp\ccOQaaaa.i -fkeep-inline-functions -quiet -dumpbase TNDriverUser.c -mglobal-var-iram -gstabs -Wall -o .\Debug/TNDriverUser.asm
                            		.external __sn_func_ptr_sec
                            	
                            	// gcc2_compiled.:
                            	
00000000                    	.debug
00000000 2E 00 73 00        		.dw '.stabs "E:/µ¥Æ¬»úÕûÀí/ÁèÑôµ¥Æ¬»ú/Ä£×é×ÊÁÏ/ºìÍâ²âÎÂÄ£×é/Demo_Code/TNRFD_Demo2/",0x64,0,3,',0,0,offset Ltext0,seg Ltext0,0x0d,0x0a
         74 00 61 00
         62 00 73 00
         20 00 22 00
         45 00 3A 00
         2F 00 B5 00
         A5 00 C6 00
         AC 00 BB 00
         FA 00 D5 00
         FB 00 C0 00
         ED 00 2F 00
         C1 00 E8 00
         D1 00 F4 00
         B5 00 A5 00
         C6 00 AC 00
         BB 00 FA 00
         2F 00 C4 00
         A3 00 D7 00
         E9 00 D7 00
         CA 00 C1 00
         CF 00 2F 00
         BA 00 EC 00
         CD 00 E2 00
         B2 00 E2 00
         CE 00 C2 00
         C4 00 A3 00
         D7 00 E9 00
         2F 00 44 00
         65 00 6D 00
         6F 00 5F 00
         43 00 6F 00
         64 00 65 00
         2F 00 54 00
         4E 00 52 00
         46 00 44 00
         5F 00 44 00
         65 00 6D 00
         6F 00 32 00
         2F 00 22 00
         2C 00 30 00
         78 00 36 00
         34 00 2C 00
         30 00 2C 00
         33 00 2C 00
         00 00 00 00
         00 00 00 00
         0D 00 0A 00
000090A1                    	.code
0000005E                    	.debug
0000005E 2E 00 73 00        		.dw '.stabs "E:/µ/245Æ/254»/372Õ/373À/355/Á/350Ñ/364µ/245Æ/254»/372/Ä/243×/351×/312Á/317/º/354Í/342²/342Î/302Ä/243×/351/Demo_Code/TNRFD_Demo2/TNDriverUser.c",0x64,0,3,',0,0,offset Ltext0,seg Ltext0,0x0d,0x0a
         74 00 61 00
         62 00 73 00
         20 00 22 00
         45 00 3A 00
         2F 00 B5 00
         2F 00 32 00
         34 00 35 00
         C6 00 2F 00
         32 00 35 00
         34 00 BB 00
         2F 00 33 00
         37 00 32 00
         D5 00 2F 00
         33 00 37 00
         33 00 C0 00
         2F 00 33 00
         35 00 35 00
         2F 00 C1 00
         2F 00 33 00
         35 00 30 00
         D1 00 2F 00
         33 00 36 00
         34 00 B5 00
         2F 00 32 00
         34 00 35 00
         C6 00 2F 00
         32 00 35 00
         34 00 BB 00
         2F 00 33 00
         37 00 32 00
         2F 00 C4 00
         2F 00 32 00
         34 00 33 00
         D7 00 2F 00
         33 00 35 00
         31 00 D7 00
         2F 00 33 00
         31 00 32 00
         C1 00 2F 00
         33 00 31 00
         37 00 2F 00
         BA 00 2F 00
         33 00 35 00
         34 00 CD 00
         2F 00 33 00
         34 00 32 00
         B2 00 2F 00
         33 00 34 00
         32 00 CE 00
         2F 00 33 00
         30 00 32 00
         C4 00 2F 00
         32 00 34 00
         33 00 D7 00
         2F 00 33 00
         35 00 31 00
         2F 00 44 00
         65 00 6D 00
         6F 00 5F 00
         43 00 6F 00
         64 00 65 00
         2F 00 54 00
         4E 00 52 00
         46 00 44 00
         5F 00 44 00
         65 00 6D 00
         6F 00 32 00
         2F 00 54 00
         4E 00 44 00
         72 00 69 00
         76 00 65 00
         72 00 55 00
         73 00 65 00
         72 00 2E 00
         63 00 22 00
         2C 00 30 00
         78 00 36 00
         34 00 2C 00
         30 00 2C 00
         33 00 2C 00
         00 00 00 00
         00 00 00 00
         0D 00 0A 00
000090A1                    	.code
000090A1                    	.code
                            	Ltext0:
00000106                    	.debug
00000106 2E 00 73 00        		.dw '.stabs "int:t1=r1;-32768;32767;",128,0,0,0',0x0d,0x0a
         74 00 61 00
         62 00 73 00
         20 00 22 00
         69 00 6E 00
         74 00 3A 00
         74 00 31 00
         3D 00 72 00
         31 00 3B 00
         2D 00 33 00
         32 00 37 00
         36 00 38 00
         3B 00 33 00
         32 00 37 00
         36 00 37 00
         3B 00 22 00
         2C 00 31 00
         32 00 38 00
         2C 00 30 00
         2C 00 30 00
         2C 00 30 00
         0D 00 0A 00
000090A1                    	.CODE
00000132                    	.debug
00000132 2E 00 73 00        		.dw '.stabs "char:t2=r2;0;127;",128,0,0,0',0x0d,0x0a
         74 00 61 00
         62 00 73 00
         20 00 22 00
         63 00 68 00
         61 00 72 00
         3A 00 74 00
         32 00 3D 00
         72 00 32 00
         3B 00 30 00
         3B 00 31 00
         32 00 37 00
         3B 00 22 00
         2C 00 31 00
         32 00 38 00
         2C 00 30 00
         2C 00 30 00
         2C 00 30 00
         0D 00 0A 00
000090A1                    	.CODE
00000158                    	.debug
00000158 2E 00 73 00        		.dw '.stabs "long int:t3=r3;-2147483648;2147483647;",128,0,0,0',0x0d,0x0a
         74 00 61 00
         62 00 73 00
         20 00 22 00
         6C 00 6F 00
         6E 00 67 00
         20 00 69 00
         6E 00 74 00
         3A 00 74 00
         33 00 3D 00
         72 00 33 00
         3B 00 2D 00
         32 00 31 00
         34 00 37 00
         34 00 38 00
         33 00 36 00
         34 00 38 00
         3B 00 32 00
         31 00 34 00
         37 00 34 00
         38 00 33 00
         36 00 34 00
         37 00 3B 00
         22 00 2C 00
         31 00 32 00
         38 00 2C 00
         30 00 2C 00
         30 00 2C 00
         30 00 0D 00
         0A 00      
000090A1                    	.CODE
00000193                    	.debug
00000193 2E 00 73 00        		.dw '.stabs "unsigned int:t4=r4;0;65535;",128,0,0,0',0x0d,0x0a
         74 00 61 00
         62 00 73 00
         20 00 22 00
         75 00 6E 00
         73 00 69 00
         67 00 6E 00
         65 00 64 00
         20 00 69 00
         6E 00 74 00
         3A 00 74 00
         34 00 3D 00
         72 00 34 00
         3B 00 30 00
         3B 00 36 00
         35 00 35 00
         33 00 35 00
         3B 00 22 00
         2C 00 31 00
         32 00 38 00
         2C 00 30 00
         2C 00 30 00
         2C 00 30 00
         0D 00 0A 00
000090A1                    	.CODE
000001C3                    	.debug
000001C3 2E 00 73 00        		.dw '.stabs "long unsigned int:t5=r5;0;4294967295;",128,0,0,0',0x0d,0x0a
         74 00 61 00
         62 00 73 00
         20 00 22 00
         6C 00 6F 00
         6E 00 67 00
         20 00 75 00
         6E 00 73 00
         69 00 67 00
         6E 00 65 00
         64 00 20 00
         69 00 6E 00
         74 00 3A 00
         74 00 35 00
         3D 00 72 00
         35 00 3B 00
         30 00 3B 00
         34 00 32 00
         39 00 34 00
         39 00 36 00
         37 00 32 00
         39 00 35 00
         3B 00 22 00
         2C 00 31 00
         32 00 38 00
         2C 00 30 00
         2C 00 30 00
         2C 00 30 00
         0D 00 0A 00
000090A1                    	.CODE
000001FD                    	.debug
000001FD 2E 00 73 00        		.dw '.stabs "long long int:t6=r6;-2147483648;2147483647;",128,0,0,0',0x0d,0x0a
         74 00 61 00
         62 00 73 00
         20 00 22 00
         6C 00 6F 00
         6E 00 67 00
         20 00 6C 00
         6F 00 6E 00
         67 00 20 00
         69 00 6E 00
         74 00 3A 00
         74 00 36 00
         3D 00 72 00
         36 00 3B 00
         2D 00 32 00
         31 00 34 00
         37 00 34 00
         38 00 33 00
         36 00 34 00
         38 00 3B 00
         32 00 31 00
         34 00 37 00
         34 00 38 00
         33 00 36 00
         34 00 37 00
         3B 00 22 00
         2C 00 31 00
         32 00 38 00
         2C 00 30 00
         2C 00 30 00
         2C 00 30 00
         0D 00 0A 00
000090A1                    	.CODE
0000023D                    	.debug
0000023D 2E 00 73 00        		.dw '.stabs "long long unsigned int:t7=r7;0;4294967295;",128,0,0,0',0x0d,0x0a
         74 00 61 00
         62 00 73 00
         20 00 22 00
         6C 00 6F 00
         6E 00 67 00
         20 00 6C 00
         6F 00 6E 00
         67 00 20 00
         75 00 6E 00
         73 00 69 00
         67 00 6E 00
         65 00 64 00
         20 00 69 00
         6E 00 74 00
         3A 00 74 00
         37 00 3D 00
         72 00 37 00
         3B 00 30 00
         3B 00 34 00
         32 00 39 00
         34 00 39 00
         36 00 37 00
         32 00 39 00
         35 00 3B 00
         22 00 2C 00
         31 00 32 00
         38 00 2C 00
         30 00 2C 00
         30 00 2C 00
         30 00 0D 00
         0A 00      
000090A1                    	.CODE
0000027C                    	.debug
0000027C 2E 00 73 00        		.dw '.stabs "short int:t8=r8;-32768;32767;",128,0,0,0',0x0d,0x0a
         74 00 61 00
         62 00 73 00
         20 00 22 00
         73 00 68 00
         6F 00 72 00
         74 00 20 00
         69 00 6E 00
         74 00 3A 00
         74 00 38 00
         3D 00 72 00
         38 00 3B 00
         2D 00 33 00
         32 00 37 00
         36 00 38 00
         3B 00 33 00
         32 00 37 00
         36 00 37 00
         3B 00 22 00
         2C 00 31 00
         32 00 38 00
         2C 00 30 00
         2C 00 30 00
         2C 00 30 00
         0D 00 0A 00
000090A1                    	.CODE
000002AE                    	.debug
000002AE 2E 00 73 00        		.dw '.stabs "short unsigned int:t9=r9;0;65535;",128,0,0,0',0x0d,0x0a
         74 00 61 00
         62 00 73 00
         20 00 22 00
         73 00 68 00
         6F 00 72 00
         74 00 20 00
         75 00 6E 00
         73 00 69 00
         67 00 6E 00
         65 00 64 00
         20 00 69 00
         6E 00 74 00
         3A 00 74 00
         39 00 3D 00
         72 00 39 00
         3B 00 30 00
         3B 00 36 00
         35 00 35 00
         33 00 35 00
         3B 00 22 00
         2C 00 31 00
         32 00 38 00
         2C 00 30 00
         2C 00 30 00
         2C 00 30 00
         0D 00 0A 00
000090A1                    	.CODE
000002E4                    	.debug
000002E4 2E 00 73 00        		.dw '.stabs "signed char:t10=r10;-32768;32767;",128,0,0,0',0x0d,0x0a
         74 00 61 00
         62 00 73 00
         20 00 22 00
         73 00 69 00
         67 00 6E 00
         65 00 64 00
         20 00 63 00
         68 00 61 00
         72 00 3A 00
         74 00 31 00
         30 00 3D 00
         72 00 31 00
         30 00 3B 00
         2D 00 33 00
         32 00 37 00
         36 00 38 00
         3B 00 33 00
         32 00 37 00
         36 00 37 00
         3B 00 22 00
         2C 00 31 00
         32 00 38 00
         2C 00 30 00
         2C 00 30 00
         2C 00 30 00
         0D 00 0A 00
000090A1                    	.CODE
0000031A                    	.debug
0000031A 2E 00 73 00        		.dw '.stabs "unsigned char:t11=r11;0;65535;",128,0,0,0',0x0d,0x0a
         74 00 61 00
         62 00 73 00
         20 00 22 00
         75 00 6E 00
         73 00 69 00
         67 00 6E 00
         65 00 64 00
         20 00 63 00
         68 00 61 00
         72 00 3A 00
         74 00 31 00
         31 00 3D 00
         72 00 31 00
         31 00 3B 00
         30 00 3B 00
         36 00 35 00
         35 00 33 00
         35 00 3B 00
         22 00 2C 00
         31 00 32 00
         38 00 2C 00
         30 00 2C 00
         30 00 2C 00
         30 00 0D 00
         0A 00      
000090A1                    	.CODE
0000034D                    	.debug
0000034D 2E 00 73 00        		.dw '.stabs "float:t12=r1;2;0;",128,0,0,0',0x0d,0x0a
         74 00 61 00
         62 00 73 00
         20 00 22 00
         66 00 6C 00
         6F 00 61 00
         74 00 3A 00
         74 00 31 00
         32 00 3D 00
         72 00 31 00
         3B 00 32 00
         3B 00 30 00
         3B 00 22 00
         2C 00 31 00
         32 00 38 00
         2C 00 30 00
         2C 00 30 00
         2C 00 30 00
         0D 00 0A 00
000090A1                    	.CODE
00000373                    	.debug
00000373 2E 00 73 00        		.dw '.stabs "double:t13=r1;2;0;",128,0,0,0',0x0d,0x0a
         74 00 61 00
         62 00 73 00
         20 00 22 00
         64 00 6F 00
         75 00 62 00
         6C 00 65 00
         3A 00 74 00
         31 00 33 00
         3D 00 72 00
         31 00 3B 00
         32 00 3B 00
         30 00 3B 00
         22 00 2C 00
         31 00 32 00
         38 00 2C 00
         30 00 2C 00
         30 00 2C 00
         30 00 0D 00
         0A 00      
000090A1                    	.CODE
0000039A                    	.debug
0000039A 2E 00 73 00        		.dw '.stabs "long double:t14=r1;2;0;",128,0,0,0',0x0d,0x0a
         74 00 61 00
         62 00 73 00
         20 00 22 00
         6C 00 6F 00
         6E 00 67 00
         20 00 64 00
         6F 00 75 00
         62 00 6C 00
         65 00 3A 00
         74 00 31 00
         34 00 3D 00
         72 00 31 00
         3B 00 32 00
         3B 00 30 00
         3B 00 22 00
         2C 00 31 00
         32 00 38 00
         2C 00 30 00
         2C 00 30 00
         2C 00 30 00
         0D 00 0A 00
000090A1                    	.CODE
000003C6                    	.debug
000003C6 2E 00 73 00        		.dw '.stabs "complex int:t15=s2real:1,0,16;imag:1,16,16;;",128,0,0,0',0x0d,0x0a
         74 00 61 00
         62 00 73 00
         20 00 22 00
         63 00 6F 00
         6D 00 70 00
         6C 00 65 00
         78 00 20 00
         69 00 6E 00
         74 00 3A 00
         74 00 31 00
         35 00 3D 00
         73 00 32 00
         72 00 65 00
         61 00 6C 00
         3A 00 31 00
         2C 00 30 00
         2C 00 31 00
         36 00 3B 00
         69 00 6D 00
         61 00 67 00
         3A 00 31 00
         2C 00 31 00
         36 00 2C 00
         31 00 36 00
         3B 00 3B 00
         22 00 2C 00
         31 00 32 00
         38 00 2C 00
         30 00 2C 00
         30 00 2C 00
         30 00 0D 00
         0A 00      
000090A1                    	.CODE
00000407                    	.debug
00000407 2E 00 73 00        		.dw '.stabs "complex float:t16=r16;2;0;",128,0,0,0',0x0d,0x0a
         74 00 61 00
         62 00 73 00
         20 00 22 00
         63 00 6F 00
         6D 00 70 00
         6C 00 65 00
         78 00 20 00
         66 00 6C 00
         6F 00 61 00
         74 00 3A 00
         74 00 31 00
         36 00 3D 00
         72 00 31 00
         36 00 3B 00
         32 00 3B 00
         30 00 3B 00
         22 00 2C 00
         31 00 32 00
         38 00 2C 00
         30 00 2C 00
         30 00 2C 00
         30 00 0D 00
         0A 00      
000090A1                    	.CODE
00000436                    	.debug
00000436 2E 00 73 00        		.dw '.stabs "complex double:t17=r17;2;0;",128,0,0,0',0x0d,0x0a
         74 00 61 00
         62 00 73 00
         20 00 22 00
         63 00 6F 00
         6D 00 70 00
         6C 00 65 00
         78 00 20 00
         64 00 6F 00
         75 00 62 00
         6C 00 65 00
         3A 00 74 00
         31 00 37 00
         3D 00 72 00
         31 00 37 00
         3B 00 32 00
         3B 00 30 00
         3B 00 22 00
         2C 00 31 00
         32 00 38 00
         2C 00 30 00
         2C 00 30 00
         2C 00 30 00
         0D 00 0A 00
000090A1                    	.CODE
00000466                    	.debug
00000466 2E 00 73 00        		.dw '.stabs "complex long double:t18=r18;2;0;",128,0,0,0',0x0d,0x0a
         74 00 61 00
         62 00 73 00
         20 00 22 00
         63 00 6F 00
         6D 00 70 00
         6C 00 65 00
         78 00 20 00
         6C 00 6F 00
         6E 00 67 00
         20 00 64 00
         6F 00 75 00
         62 00 6C 00
         65 00 3A 00
         74 00 31 00
         38 00 3D 00
         72 00 31 00
         38 00 3B 00
         32 00 3B 00
         30 00 3B 00
         22 00 2C 00
         31 00 32 00
         38 00 2C 00
         30 00 2C 00
         30 00 2C 00
         30 00 0D 00
         0A 00      
000090A1                    	.CODE
0000049B                    	.debug
0000049B 2E 00 73 00        		.dw '.stabs "void:t19=19",128,0,0,0',0x0d,0x0a
         74 00 61 00
         62 00 73 00
         20 00 22 00
         76 00 6F 00
         69 00 64 00
         3A 00 74 00
         31 00 39 00
         3D 00 31 00
         39 00 22 00
         2C 00 31 00
         32 00 38 00
         2C 00 30 00
         2C 00 30 00
         2C 00 30 00
         0D 00 0A 00
000090A1                    	.CODE
000090A1                    	.code
000004BB                    	.debug
000004BB 2E 00 73 00        		.dw '.stabs "TN_IR_GetData:F4",36,0,0,',0,0,offset _TN_IR_GetData,seg _TN_IR_GetData,0x0d,0x0a
         74 00 61 00
         62 00 73 00
         20 00 22 00
         54 00 4E 00
         5F 00 49 00
         52 00 5F 00
         47 00 65 00
         74 00 44 00
         61 00 74 00
         61 00 3A 00
         46 00 34 00
         22 00 2C 00
         33 00 36 00
         2C 00 30 00
         2C 00 30 00
         2C 00 00 00
         00 00 00 00
         00 00 0D 00
         0A 00      
000090A1                    	.CODE
                            	.public _TN_IR_GetData
                            	_TN_IR_GetData:	.proc
000004E2                    	.debug
000004E2 2E 00 73 00        		.dw '.stabn 0x44,0,53,',0,0
         74 00 61 00
         62 00 6E 00
         20 00 30 00
         78 00 34 00
         34 00 2C 00
         30 00 2C 00
         35 00 33 00
         2C 00 00 00
         00 00      
000004F5 00 00 00 00        		.dd LM1-_TN_IR_GetData
000004F7 0D 00 0A 00        		.dw 0x0d,0x0a
000090A1                    	.code
                            	LM1:
                            		// total=5, vars=5
                            		// frame_pointer_needed: 1
000004F9                    	.debug
000004F9 2E 00 73 00        		.dw '.stabn 0xa6,0,0,5',0x0d, 0x0a
         74 00 61 00
         62 00 6E 00
         20 00 30 00
         78 00 61 00
         36 00 2C 00
         30 00 2C 00
         30 00 2C 00
         35 00 0D 00
         0A 00      
000090A1                    	.code
000090A1 88 DA              		PUSH BP to [SP]
000090A2 45 20              		SP-=5
000090A3 08 0B 01 00        		BP=SP+1
                            	
000090A5 0D 03 08 00        		R1=BP+8
000090A7 04 D2              		[BP+4]=R1	// QImode move
                            	LBB2:
0000050C                    	.debug
0000050C 2E 00 73 00        		.dw '.stabn 0x44,0,56,',0,0
         74 00 61 00
         62 00 6E 00
         20 00 30 00
         78 00 34 00
         34 00 2C 00
         30 00 2C 00
         35 00 36 00
         2C 00 00 00
         00 00      
0000051F 07 00 00 00        		.dd LM2-_TN_IR_GetData
00000521 0D 00 0A 00        		.dw 0x0d,0x0a
000090A8                    	.code
                            	LM2:
000090A8 05 93              		R1=BP	// QImode move
000090A9 0D 05 03 00        		R2=BP+3
000090AB 09 63 56 55        		R1=(-21846)	// QImode move
000090AD 02 97              		R3=R2	// QImode move
000090AE C3 D2              		[R3]=R1	// QImode move
00000523                    	.debug
00000523 2E 00 73 00        		.dw '.stabn 0x44,0,58,',0,0
         74 00 61 00
         62 00 6E 00
         20 00 30 00
         78 00 34 00
         34 00 2C 00
         30 00 2C 00
         35 00 38 00
         2C 00 00 00
         00 00      
00000536 0E 00 00 00        		.dd LM3-_TN_IR_GetData
00000538 0D 00 0A 00        		.dw 0x0d,0x0a
000090AF                    	.code
                            	LM3:
000090AF 40 F0 B2 92        		CALL _TN_IRACK_EN	// call without return value
0000053A                    	.debug
0000053A 2E 00 73 00        		.dw '.stabn 0x44,0,59,',0,0
         74 00 61 00
         62 00 6E 00
         20 00 30 00
         78 00 34 00
         34 00 2C 00
         30 00 2C 00
         35 00 39 00
         2C 00 00 00
         00 00      
0000054D 10 00 00 00        		.dd LM4-_TN_IR_GetData
0000054F 0D 00 0A 00        		.dw 0x0d,0x0a
000090B1                    	.code
                            	LM4:
000090B1 41 92              		R1=1	// QImode move
000090B2 19 D3 12 70        		[28690]=R1	// QImode move
00000551                    	.debug
00000551 2E 00 73 00        		.dw '.stabn 0x44,0,60,',0,0
         74 00 61 00
         62 00 6E 00
         20 00 30 00
         78 00 34 00
         34 00 2C 00
         30 00 2C 00
         36 00 30 00
         2C 00 00 00
         00 00      
00000564 13 00 00 00        		.dd LM5-_TN_IR_GetData
00000566 0D 00 0A 00        		.dw 0x0d,0x0a
000090B4                    	.code
                            	LM5:
000090B4 40 F0 C4 92        		CALL _TN_ReadData	// call with return value
00000568                    	.debug
00000568 2E 00 73 00        		.dw '.stabn 0x44,0,61,',0,0
         74 00 61 00
         62 00 6E 00
         20 00 30 00
         78 00 34 00
         34 00 2C 00
         30 00 2C 00
         36 00 31 00
         2C 00 00 00
         00 00      
0000057B 15 00 00 00        		.dd LM6-_TN_IR_GetData
0000057D 0D 00 0A 00        		.dw 0x0d,0x0a
000090B6                    	.code
                            	LM6:
000090B6 14 99 A4 01        		R4=[_TN_Data_Buff]	// QImode move
000090B8 0C B9 FF 00        		R4=R4&255
000090BA C5 D8              		[BP]=R4	// QImode move
0000057F                    	.debug
0000057F 2E 00 73 00        		.dw '.stabn 0x44,0,62,',0,0
         74 00 61 00
         62 00 6E 00
         20 00 30 00
         78 00 34 00
         34 00 2C 00
         30 00 2C 00
         36 00 32 00
         2C 00 00 00
         00 00      
00000592 1A 00 00 00        		.dd LM7-_TN_IR_GetData
00000594 0D 00 0A 00        		.dw 0x0d,0x0a
000090BB                    	.code
                            	LM7:
000090BB 04 94              		R2=[BP+4]	// QImode move
000090BC C2 92              		R1=[R2]	// QImode move
000090BD C5 42              		CMP R1,[BP]	// QImode compare
000090BE 02 5E 0F 9F        		NSJNZ L3	//QImode NE
         0F 91      
00000596                    	.debug
00000596 2E 00 73 00        		.dw '.stabn 0x44,0,64,',0,0
         74 00 61 00
         62 00 6E 00
         20 00 30 00
         78 00 34 00
         34 00 2C 00
         30 00 2C 00
         36 00 34 00
         2C 00 00 00
         00 00      
000005A9 20 00 00 00        		.dd LM8-_TN_IR_GetData
000005AB 0D 00 0A 00        		.dw 0x0d,0x0a
000090C1                    	.code
                            	LM8:
000090C1 05 93              		R1=BP	// QImode move
000090C2 0D 05 01 00        		R2=BP+1
000090C4 13 97 A5 01        		R3=[_TN_Data_Buff+1]	// QImode move
000090C6 0B B9 00 FF        		R4=R3&(-256)
000090C8 02 97              		R3=R2	// QImode move
000090C9 C3 D8              		[R3]=R4	// QImode move
000005AD                    	.debug
000005AD 2E 00 73 00        		.dw '.stabn 0x44,0,65,',0,0
         74 00 61 00
         62 00 6E 00
         20 00 30 00
         78 00 34 00
         34 00 2C 00
         30 00 2C 00
         36 00 35 00
         2C 00 00 00
         00 00      
000005C0 29 00 00 00        		.dd LM9-_TN_IR_GetData
000005C2 0D 00 0A 00        		.dw 0x0d,0x0a
000090CA                    	.code
                            	LM9:
000090CA 05 93              		R1=BP	// QImode move
000090CB 0D 05 02 00        		R2=BP+2
000090CD 14 99 A5 01        		R4=[_TN_Data_Buff+1]	// QImode move
000090CF 0C B3 FF 00        		R1=R4&255
000090D1 02 99              		R4=R2	// QImode move
000090D2 C4 D2              		[R4]=R1	// QImode move
000005C4                    	.debug
000005C4 2E 00 73 00        		.dw '.stabn 0x44,0,66,',0,0
         74 00 61 00
         62 00 6E 00
         20 00 30 00
         78 00 34 00
         34 00 2C 00
         30 00 2C 00
         36 00 36 00
         2C 00 00 00
         00 00      
000005D7 32 00 00 00        		.dd LM10-_TN_IR_GetData
000005D9 0D 00 0A 00        		.dw 0x0d,0x0a
000090D3                    	.code
                            	LM10:
000090D3 12 95 A6 01        		R2=[_TN_Data_Buff+2]	// QImode move
000090D5 0A B3 FF 00        		R1=R2&255
000090D7 4D 42              		CMP R1,13	// QImode compare
000090D8 36 4E 01 EE        		NSJNZ L3	//QImode NE
         00 EE      
000005DB                    	.debug
000005DB 2E 00 73 00        		.dw '.stabn 0x44,0,68,',0,0
         74 00 61 00
         62 00 6E 00
         20 00 30 00
         78 00 34 00
         34 00 2C 00
         30 00 2C 00
         36 00 38 00
         2C 00 00 00
         00 00      
000005EE 3A 00 00 00        		.dd LM11-_TN_IR_GetData
000005F0 0D 00 0A 00        		.dw 0x0d,0x0a
000090DB                    	.code
                            	LM11:
000090DB 05 95              		R2=BP	// QImode move
000090DC 0D 03 01 00        		R1=BP+1
000090DE 05 95              		R2=BP	// QImode move
000090DF 0D 07 02 00        		R3=BP+2
000090E1 01 99              		R4=R1	// QImode move
000090E2 C4 92              		R1=[R4]
000090E3 03 99              		R4=R3	// QImode move
000090E4 C4 98              		R4=[R4]
000090E5 04 A3              		R1|=R4
000090E6 01 97              		R3=R1
000090E7 40 98              		R4=0
000090E8 90 D8              		PUSH R3,R4 to [SP]	// pushhi
000090E9 40 F0 3F 94        		CALL __cvi2f2	// call with return value
000090EB 42 00              		SP = SP + 2	//SP
000090EC 19 D3 3B 02        		[_iTemp]=R1	// HFmode [Label]=RS
000090EE 1A D5 3C 02        		[_iTemp+1]=R2
000005F2                    	.debug
000005F2 2E 00 73 00        		.dw '.stabn 0x44,0,69,',0,0
         74 00 61 00
         62 00 6E 00
         20 00 30 00
         78 00 34 00
         34 00 2C 00
         30 00 2C 00
         36 00 39 00
         2C 00 00 00
         00 00      
00000605 4F 00 00 00        		.dd LM12-_TN_IR_GetData
00000607 0D 00 0A 00        		.dw 0x0d,0x0a
000090F0                    	.code
                            	LM12:
000090F0 11 93 3B 02        		R1=[_iTemp]	// HFmode RD=[Label]
000090F2 12 95 3C 02        		R2=[_iTemp+1]
000090F4 40 96              		R3=0	// HFmode immediate to register move
000090F5 0C 99 80 41        		R4=16768
000090F7 90 D8              		PUSH R3,R4 to [SP]	// pushhf
000090F8 90 D4              		PUSH R1,R2 to [SP]	// pushhf
000090F9 40 F0 62 91        		CALL __divf2	// call with return value
000090FB 44 00              		SP = SP + 4	//SP
000090FC 0B 97 33 93        		R3=37683	// HFmode immediate to register move
000090FE 0C 99 88 43        		R4=17288
00009100 90 D8              		PUSH R3,R4 to [SP]	// pushhf
00009101 90 D4              		PUSH R1,R2 to [SP]	// pushhf
00009102 40 F0 56 94        		CALL __subf2	// call with return value
00009104 44 00              		SP = SP + 4	//SP
00009105 19 D3 3B 02        		[_iTemp]=R1	// HFmode [Label]=RS
00009107 1A D5 3C 02        		[_iTemp+1]=R2
00000609                    	.debug
00000609 2E 00 73 00        		.dw '.stabn 0x44,0,70,',0,0
         74 00 61 00
         62 00 6E 00
         20 00 30 00
         78 00 34 00
         34 00 2C 00
         30 00 2C 00
         37 00 30 00
         2C 00 00 00
         00 00      
0000061C 68 00 00 00        		.dd LM13-_TN_IR_GetData
0000061E 0D 00 0A 00        		.dw 0x0d,0x0a
00009109                    	.code
                            	LM13:
00009109 05 93              		R1=BP	// QImode move
0000910A 0D 05 03 00        		R2=BP+3
0000910C 40 92              		R1=0	// QImode move
0000910D 02 97              		R3=R2	// QImode move
0000910E C3 D2              		[R3]=R1	// QImode move
                            	L4:
                            	L3:
00000620                    	.debug
00000620 2E 00 73 00        		.dw '.stabn 0x44,0,73,',0,0
         74 00 61 00
         62 00 6E 00
         20 00 30 00
         78 00 34 00
         34 00 2C 00
         30 00 2C 00
         37 00 33 00
         2C 00 00 00
         00 00      
00000633 6E 00 00 00        		.dd LM14-_TN_IR_GetData
00000635 0D 00 0A 00        		.dw 0x0d,0x0a
0000910F                    	.code
                            	LM14:
0000910F 46 92              		R1=6	// QImode move
00009110 C8 D2              		[SP--]=R1	// QImode move
00009111 40 F0 22 91        		CALL _Delay	// call without return value
00009113 41 00              		SP = SP + 1	//SP
00000637                    	.debug
00000637 2E 00 73 00        		.dw '.stabn 0x44,0,74,',0,0
         74 00 61 00
         62 00 6E 00
         20 00 30 00
         78 00 34 00
         34 00 2C 00
         30 00 2C 00
         37 00 34 00
         2C 00 00 00
         00 00      
0000064A 73 00 00 00        		.dd LM15-_TN_IR_GetData
0000064C 0D 00 0A 00        		.dw 0x0d,0x0a
00009114                    	.code
                            	LM15:
00009114 40 F0 BB 92        		CALL _TN_IRACK_UN	// call without return value
0000064E                    	.debug
0000064E 2E 00 73 00        		.dw '.stabn 0x44,0,75,',0,0
         74 00 61 00
         62 00 6E 00
         20 00 30 00
         78 00 34 00
         34 00 2C 00
         30 00 2C 00
         37 00 35 00
         2C 00 00 00
         00 00      
00000661 75 00 00 00        		.dd LM16-_TN_IR_GetData
00000663 0D 00 0A 00        		.dw 0x0d,0x0a
00009116                    	.code
                            	LM16:
                            	// GCC inline ASM start
00009116 49 F1              		IRQ on
                            	// GCC inline ASM end
00000665                    	.debug
00000665 2E 00 73 00        		.dw '.stabn 0x44,0,76,',0,0
         74 00 61 00
         62 00 6E 00
         20 00 30 00
         78 00 34 00
         34 00 2C 00
         30 00 2C 00
         37 00 36 00
         2C 00 00 00
         00 00      
00000678 76 00 00 00        		.dd LM17-_TN_IR_GetData
0000067A 0D 00 0A 00        		.dw 0x0d,0x0a
00009117                    	.code
                            	LM17:
00009117 05 93              		R1=BP	// QImode move
00009118 0D 05 03 00        		R2=BP+3
0000911A 02 99              		R4=R2	// QImode move
0000911B C4 96              		R3=[R4]	// QImode move
0000911C 03 93              		R1=R3	// QImode move
0000911D 0F 9F 1F 91        		PC=L2	// jump
0000067C                    	.debug
0000067C 2E 00 73 00        		.dw '.stabn 0x44,0,77,',0,0
         74 00 61 00
         62 00 6E 00
         20 00 30 00
         78 00 34 00
         34 00 2C 00
         30 00 2C 00
         37 00 37 00
         2C 00 00 00
         00 00      
0000068F 7E 00 00 00        		.dd LM18-_TN_IR_GetData
00000691 0D 00 0A 00        		.dw 0x0d,0x0a
0000911F                    	.code
                            	LM18:
                            	LBE2:
00000693                    	.debug
00000693 2E 00 73 00        		.dw '.stabn 0x44,0,77,',0,0
         74 00 61 00
         62 00 6E 00
         20 00 30 00
         78 00 34 00
         34 00 2C 00
         30 00 2C 00
         37 00 37 00
         2C 00 00 00
         00 00      
000006A6 7E 00 00 00        		.dd LM19-_TN_IR_GetData
000006A8 0D 00 0A 00        		.dw 0x0d,0x0a
0000911F                    	.code
                            	LM19:
                            	L2:
                            	
0000911F 45 00              		SP+=5
00009120 88 98              		POP BP from [SP]
00009121 90 9A              		RETF
                            		.endp	// end of TN_IR_GetData
                            	
000006AA                    	.debug
000006AA 2E 00 73 00        		.dw '.stabs "Item:p4",160,0,0,8',0x0d,0x0a
         74 00 61 00
         62 00 73 00
         20 00 22 00
         49 00 74 00
         65 00 6D 00
         3A 00 70 00
         34 00 22 00
         2C 00 31 00
         36 00 30 00
         2C 00 30 00
         2C 00 30 00
         2C 00 38 00
         0D 00 0A 00
00009122                    	.CODE
000006C6                    	.debug
000006C6 2E 00 73 00        		.dw '.stabn 0xc0,0,0,',0,0
         74 00 61 00
         62 00 6E 00
         20 00 30 00
         78 00 63 00
         30 00 2C 00
         30 00 2C 00
         30 00 2C 00
         00 00 00 00
000006D8 07 00 00 00        		.dd LBB2-_TN_IR_GetData
000006DA 0D 00 0A 00        		.dw 0x0d,0x0a
00009122                    	.code
000006DC                    	.debug
000006DC 2E 00 73 00        		.dw '.stabs "iItem:4",128,0,0,0',0x0d,0x0a
         74 00 61 00
         62 00 73 00
         20 00 22 00
         69 00 49 00
         74 00 65 00
         6D 00 3A 00
         34 00 22 00
         2C 00 31 00
         32 00 38 00
         2C 00 30 00
         2C 00 30 00
         2C 00 30 00
         0D 00 0A 00
00009122                    	.CODE
000006F8                    	.debug
000006F8 2E 00 73 00        		.dw '.stabs "MSB:4",128,0,0,1',0x0d,0x0a
         74 00 61 00
         62 00 73 00
         20 00 22 00
         4D 00 53 00
         42 00 3A 00
         34 00 22 00
         2C 00 31 00
         32 00 38 00
         2C 00 30 00
         2C 00 30 00
         2C 00 31 00
         0D 00 0A 00
00009122                    	.CODE
00000712                    	.debug
00000712 2E 00 73 00        		.dw '.stabs "LSB:4",128,0,0,2',0x0d,0x0a
         74 00 61 00
         62 00 73 00
         20 00 22 00
         4C 00 53 00
         42 00 3A 00
         34 00 22 00
         2C 00 31 00
         32 00 38 00
         2C 00 30 00
         2C 00 30 00
         2C 00 32 00
         0D 00 0A 00
00009122                    	.CODE
0000072C                    	.debug
0000072C 2E 00 73 00        		.dw '.stabs "Back_Data:4",128,0,0,3',0x0d,0x0a
         74 00 61 00
         62 00 73 00
         20 00 22 00
         42 00 61 00
         63 00 6B 00
         5F 00 44 00
         61 00 74 00
         61 00 3A 00
         34 00 22 00
         2C 00 31 00
         32 00 38 00
         2C 00 30 00
         2C 00 30 00
         2C 00 33 00
         0D 00 0A 00
00009122                    	.CODE
0000074C                    	.debug
0000074C 2E 00 73 00        		.dw '.stabn 0xe0,0,0,',0,0
         74 00 61 00
         62 00 6E 00
         20 00 30 00
         78 00 65 00
         30 00 2C 00
         30 00 2C 00
         30 00 2C 00
         00 00 00 00
0000075E 7E 00 00 00        		.dd LBE2-_TN_IR_GetData
00000760 0D 00 0A 00        		.dw 0x0d,0x0a
00009122                    	.code
00000762                    	.debug
00000762 2E 00 73 00        		.dw '.stabf ',0,0
         74 00 61 00
         62 00 66 00
         20 00 00 00
         00 00      
0000076B 81 00 00 00        		.dd LME1-_TN_IR_GetData
0000076D 0D 00 0A 00        		.dw 0x0d,0x0a
00009122                    	.code
                            	LME1:
00009122                    	.code
0000076F                    	.debug
0000076F 2E 00 73 00        		.dw '.stabs "Delay:F19",36,0,0,',0,0,offset _Delay,seg _Delay,0x0d,0x0a
         74 00 61 00
         62 00 73 00
         20 00 22 00
         44 00 65 00
         6C 00 61 00
         79 00 3A 00
         46 00 31 00
         39 00 22 00
         2C 00 33 00
         36 00 2C 00
         30 00 2C 00
         30 00 2C 00
         00 00 00 00
         81 00 00 00
         0D 00 0A 00
00009122                    	.CODE
                            	.public _Delay
                            	_Delay:	.proc
0000078F                    	.debug
0000078F 2E 00 73 00        		.dw '.stabn 0x44,0,87,',0,0
         74 00 61 00
         62 00 6E 00
         20 00 30 00
         78 00 34 00
         34 00 2C 00
         30 00 2C 00
         38 00 37 00
         2C 00 00 00
         00 00      
000007A2 00 00 00 00        		.dd LM20-_Delay
000007A4 0D 00 0A 00        		.dw 0x0d,0x0a
00009122                    	.code
                            	LM20:
                            		// total=3, vars=3
                            		// frame_pointer_needed: 1
000007A6                    	.debug
000007A6 2E 00 73 00        		.dw '.stabn 0xa6,0,0,3',0x0d, 0x0a
         74 00 61 00
         62 00 6E 00
         20 00 30 00
         78 00 61 00
         36 00 2C 00
         30 00 2C 00
         30 00 2C 00
         33 00 0D 00
         0A 00      
00009122                    	.code
00009122 88 DA              		PUSH BP to [SP]
00009123 43 20              		SP-=3
00009124 08 0B 01 00        		BP=SP+1
                            	
00009126 0D 03 06 00        		R1=BP+6
                            	LBB3:
000007B9                    	.debug
000007B9 2E 00 73 00        		.dw '.stabn 0x44,0,89,',0,0
         74 00 61 00
         62 00 6E 00
         20 00 30 00
         78 00 34 00
         34 00 2C 00
         30 00 2C 00
         38 00 39 00
         2C 00 00 00
         00 00      
000007CC 06 00 00 00        		.dd LM21-_Delay
000007CE 0D 00 0A 00        		.dw 0x0d,0x0a
00009128                    	.code
                            	LM21:
00009128 40 94              		R2=0	// QImode move
00009129 C5 D4              		[BP]=R2	// QImode move
                            	L8:
0000912A C5 94              		R2=[BP]	// QImode move
0000912B 01 97              		R3=R1	// QImode move
0000912C C3 44              		CMP R2,[R3]	// QImode compare
0000912D 04 0E 01 EE        		NSJB L11	//QImode LTU
         00 EE      
00009130 0F 9F 5F 91        		PC=L9	// jump
                            	L11:
000007D0                    	.debug
000007D0 2E 00 73 00        		.dw '.stabn 0x44,0,90,',0,0
         74 00 61 00
         62 00 6E 00
         20 00 30 00
         78 00 34 00
         34 00 2C 00
         30 00 2C 00
         39 00 30 00
         2C 00 00 00
         00 00      
000007E3 10 00 00 00        		.dd LM22-_Delay
000007E5 0D 00 0A 00        		.dw 0x0d,0x0a
00009132                    	.code
                            	LM22:
00009132 05 95              		R2=BP	// QImode move
00009133 0D 07 01 00        		R3=BP+1
00009135 40 94              		R2=0	// QImode move
00009136 03 99              		R4=R3	// QImode move
00009137 C4 D4              		[R4]=R2	// QImode move
                            	L12:
00009138 05 95              		R2=BP	// QImode move
00009139 0D 07 01 00        		R3=BP+1
0000913B 03 99              		R4=R3	// QImode move
0000913C C4 94              		R2=[R4]	// QImode move
0000913D 0A 45 0E 02        		CMP R2,526	// QImode compare
0000913F 04 8E 01 EE        		NSJNA L15	//QImode LEU
         00 EE      
00009142 0F 9F 59 91        		PC=L10	// jump
                            	L15:
000007E7                    	.debug
000007E7 2E 00 73 00        		.dw '.stabn 0x44,0,91,',0,0
         74 00 61 00
         62 00 6E 00
         20 00 30 00
         78 00 34 00
         34 00 2C 00
         30 00 2C 00
         39 00 31 00
         2C 00 00 00
         00 00      
000007FA 22 00 00 00        		.dd LM23-_Delay
000007FC 0D 00 0A 00        		.dw 0x0d,0x0a
00009144                    	.code
                            	LM23:
00009144 41 94              		R2=1	// QImode move
00009145 1A D5 12 70        		[28690]=R2	// QImode move
000007FE                    	.debug
000007FE 2E 00 73 00        		.dw '.stabn 0x44,0,90,',0,0
         74 00 61 00
         62 00 6E 00
         20 00 30 00
         78 00 34 00
         34 00 2C 00
         30 00 2C 00
         39 00 30 00
         2C 00 00 00
         00 00      
00000811 25 00 00 00        		.dd LM24-_Delay
00000813 0D 00 0A 00        		.dw 0x0d,0x0a
00009147                    	.code
                            	LM24:
                            	L14:
00009147 05 95              		R2=BP	// QImode move
00009148 0D 07 01 00        		R3=BP+1
0000914A 05 99              		R4=BP	// QImode move
0000914B 0D 05 01 00        		R2=BP+1
0000914D 05 97              		R3=BP	// QImode move
0000914E 0D 07 01 00        		R3=BP+1
00009150 02 D6              		[BP+2]=R3	// QImode move
00009151 02 98              		R4=[BP+2]	// QImode move
00009152 C4 96              		R3=[R4]	// QImode move
00009153 0B 09 01 00        		R4=R3+1
00009155 02 97              		R3=R2	// QImode move
00009156 C3 D8              		[R3]=R4	// QImode move
00009157 0F 9F 38 91        		PC=L12	// jump
                            	L13:
00000815                    	.debug
00000815 2E 00 73 00        		.dw '.stabn 0x44,0,89,',0,0
         74 00 61 00
         62 00 6E 00
         20 00 30 00
         78 00 34 00
         34 00 2C 00
         30 00 2C 00
         38 00 39 00
         2C 00 00 00
         00 00      
00000828 37 00 00 00        		.dd LM25-_Delay
0000082A 0D 00 0A 00        		.dw 0x0d,0x0a
00009159                    	.code
                            	LM25:
                            	L10:
00009159 C5 94              		R2=[BP]	// QImode move
0000915A 0A 07 01 00        		R3=R2+1
0000915C C5 D6              		[BP]=R3	// QImode move
0000915D 0F 9F 2A 91        		PC=L8	// jump
                            	L9:
0000082C                    	.debug
0000082C 2E 00 73 00        		.dw '.stabn 0x44,0,92,',0,0
         74 00 61 00
         62 00 6E 00
         20 00 30 00
         78 00 34 00
         34 00 2C 00
         30 00 2C 00
         39 00 32 00
         2C 00 00 00
         00 00      
0000083F 3D 00 00 00        		.dd LM26-_Delay
00000841 0D 00 0A 00        		.dw 0x0d,0x0a
0000915F                    	.code
                            	LM26:
                            	LBE3:
00000843                    	.debug
00000843 2E 00 73 00        		.dw '.stabn 0x44,0,92,',0,0
         74 00 61 00
         62 00 6E 00
         20 00 30 00
         78 00 34 00
         34 00 2C 00
         30 00 2C 00
         39 00 32 00
         2C 00 00 00
         00 00      
00000856 3D 00 00 00        		.dd LM27-_Delay
00000858 0D 00 0A 00        		.dw 0x0d,0x0a
0000915F                    	.code
                            	LM27:
                            	L7:
                            	
0000915F 43 00              		SP+=3
00009160 88 98              		POP BP from [SP]
00009161 90 9A              		RETF
                            		.endp	// end of Delay
                            	
0000085A                    	.debug
0000085A 2E 00 73 00        		.dw '.stabs "timers:p4",160,0,0,6',0x0d,0x0a
         74 00 61 00
         62 00 73 00
         20 00 22 00
         74 00 69 00
         6D 00 65 00
         72 00 73 00
         3A 00 70 00
         34 00 22 00
         2C 00 31 00
         36 00 30 00
         2C 00 30 00
         2C 00 30 00
         2C 00 36 00
         0D 00 0A 00
00009162                    	.CODE
00000878                    	.debug
00000878 2E 00 73 00        		.dw '.stabn 0xc0,0,0,',0,0
         74 00 61 00
         62 00 6E 00
         20 00 30 00
         78 00 63 00
         30 00 2C 00
         30 00 2C 00
         30 00 2C 00
         00 00 00 00
0000088A 06 00 00 00        		.dd LBB3-_Delay
0000088C 0D 00 0A 00        		.dw 0x0d,0x0a
00009162                    	.code
0000088E                    	.debug
0000088E 2E 00 73 00        		.dw '.stabs "i:4",128,0,0,0',0x0d,0x0a
         74 00 61 00
         62 00 73 00
         20 00 22 00
         69 00 3A 00
         34 00 22 00
         2C 00 31 00
         32 00 38 00
         2C 00 30 00
         2C 00 30 00
         2C 00 30 00
         0D 00 0A 00
00009162                    	.CODE
000008A6                    	.debug
000008A6 2E 00 73 00        		.dw '.stabs "j:4",128,0,0,1',0x0d,0x0a
         74 00 61 00
         62 00 73 00
         20 00 22 00
         6A 00 3A 00
         34 00 22 00
         2C 00 31 00
         32 00 38 00
         2C 00 30 00
         2C 00 30 00
         2C 00 31 00
         0D 00 0A 00
00009162                    	.CODE
000008BE                    	.debug
000008BE 2E 00 73 00        		.dw '.stabn 0xe0,0,0,',0,0
         74 00 61 00
         62 00 6E 00
         20 00 30 00
         78 00 65 00
         30 00 2C 00
         30 00 2C 00
         30 00 2C 00
         00 00 00 00
000008D0 3D 00 00 00        		.dd LBE3-_Delay
000008D2 0D 00 0A 00        		.dw 0x0d,0x0a
00009162                    	.code
000008D4                    	.debug
000008D4 2E 00 73 00        		.dw '.stabf ',0,0
         74 00 61 00
         62 00 66 00
         20 00 00 00
         00 00      
000008DD 40 00 00 00        		.dd LME2-_Delay
000008DF 0D 00 0A 00        		.dw 0x0d,0x0a
00009162                    	.code
                            	LME2:
                            	.external _TN_IRACK_UN
                            	.external _iTemp
                            	.external _TN_Data_Buff
                            	.external _TN_ReadData
                            	.external _TN_IRACK_EN
                            	.external __subf2
                            	.external __divf2
                            	.external __cvi2f2
                            		.end
0 error(s), 0 warning(s).





































































































