__text_start:
__start:
    0046 EFCF      LDI	R28,0xFF
    0047 E1D0      LDI	R29,0x10
    0048 BFCD      OUT	0x3D,R28
    0049 BFDE      OUT	0x3E,R29
    004A 51C0      SUBI	R28,0x10
    004B 40D0      SBCI	R29,0
    004C EA0A      LDI	R16,0xAA
    004D 8308      STD	Y+0,R16
    004E 2400      CLR	R0
    004F E0E0      LDI	R30,0
    0050 E0F1      LDI	R31,1
    0051 E011      LDI	R17,1
    0052 30E0      CPI	R30,0
    0053 07F1      CPC	R31,R17
    0054 F011      BEQ	0x0057
    0055 9201      ST	R0,Z+
    0056 CFFB      RJMP	0x0052
    0057 8300      STD	Z+0,R16
    0058 E8EC      LDI	R30,0x8C
    0059 E0F0      LDI	R31,0
    005A E0A0      LDI	R26,0
    005B E0B1      LDI	R27,1
    005C E010      LDI	R17,0
    005D 38EC      CPI	R30,0x8C
    005E 07F1      CPC	R31,R17
    005F F021      BEQ	0x0064
    0060 95C8      LPM
    0061 9631      ADIW	R30,1
    0062 920D      ST	R0,X+
    0063 CFF9      RJMP	0x005D
    0064 940E007A  CALL	_main
_exit:
    0066 CFFF      RJMP	_exit
_DelayMS:
  j                    --> R20
  i                    --> R16
    0067 940E00AA  CALL	push_gset1
FILE: F:\NEW光~1\MEGA12~1\AVR单片机配套程序\001、闪烁灯设计\icc\chengxu.c
(0001) #include <iom128.h>
(0002) /**********************************************************************
(0003) 				  函数数据类型说明							   	
(0004) **********************************************************************/
(0005) #define uchar unsigned char 
(0006) #define uint unsigned int
(0007) /**********************************************************************
(0008) 				  MS级延时函数程序，参数i 延时时间								   	
(0009) **********************************************************************/
(0010) void DelayMS(uint i)
(0011) {
(0012) uint j;
(0013) for(;i!=0;i--)
    0069 C00A      RJMP	0x0074
(0014) {
(0015) for(j=8000;j!=0;j--);
    006A E440      LDI	R20,0x40
    006B E15F      LDI	R21,0x1F
    006C C002      RJMP	0x006F
    006D 5041      SUBI	R20,1
    006E 4050      SBCI	R21,0
    006F 3040      CPI	R20,0
    0070 0745      CPC	R20,R21
    0071 F7D9      BNE	0x006D
    0072 5001      SUBI	R16,1
    0073 4010      SBCI	R17,0
    0074 3000      CPI	R16,0
    0075 0701      CPC	R16,R17
    0076 F799      BNE	0x006A
    0077 940E00AD  CALL	pop_gset1
    0079 9508      RET
(0016) }
(0017) }
(0018) /**********************************************************************
(0019) 				   主函数						   	
(0020) **********************************************************************/
(0021) void main(void)
(0022) {
(0023)  //DDRD=0XFF;//端口设置，PD口设置为推挽1输出
(0024)  //PORTD=0XFF;
(0025)  DDRA=0XFF;//端口设置，PA口设置为推挽1输出
_main:
    007A EF8F      LDI	R24,0xFF
    007B BB8A      OUT	0x1A,R24
(0026)  PORTA=0XFF;
    007C BB8B      OUT	0x1B,R24
(0027)  DDRB=0XFF;//端口设置，PB口设置为推挽1输出
    007D BB87      OUT	0x17,R24
(0028)  PORTB=0XFF;
    007E BB88      OUT	0x18,R24
(0029)  DDRC=0XFF;//端口设置，PC口设置为推挽1输出
    007F BB84      OUT	0x14,R24
(0030)  PORTC=0XFF;
    0080 BB85      OUT	0x15,R24
(0031)  DDRD=0XFF;//端口设置，PD口设置为推挽1输出
    0081 BB81      OUT	0x11,R24
(0032)  PORTD=0XFF;
    0082 BB82      OUT	0x12,R24
(0033)  DDRE=0XFF;//端口设置，PE口设置为推挽1输出
    0083 B982      OUT	0x02,R24
(0034)  PORTE=0XFF;
    0084 B983      OUT	0x03,R24
(0035)  DDRF=0XFF;//端口设置，PF口设置为推挽1输出
    0085 93800061  STS	0x61,R24
(0036)  PORTF=0XFF;
    0087 93800062  STS	0x62,R24
(0037)  DDRG=0XFF;//端口设置，PG口设置为推挽1输出
    0089 93800064  STS	0x64,R24
(0038)  PORTG=0XFF;
    008B 93800065  STS	0x65,R24
    008D C01A      RJMP	0x00A8
(0039)  			while(1)//程序无条件执行
(0040) 			{
(0041) 			    //PORTD=0X00;
(0042) 				PORTA=0X00;
    008E 2422      CLR	R2
    008F BA2B      OUT	0x1B,R2
(0043) 				PORTB=0X00;
    0090 BA28      OUT	0x18,R2
(0044) 				PORTC=0X00;
    0091 BA25      OUT	0x15,R2
(0045) 				PORTD=0X00;
    0092 BA22      OUT	0x12,R2
(0046) 				PORTE=0X00;
    0093 B823      OUT	0x03,R2
(0047) 				PORTF=0X00;
    0094 92200062  STS	0x62,R2
(0048) 				PORTG=0X00;
    0096 92200065  STS	0x65,R2
(0049) 			 	DelayMS(100);//延时时间约100MS
    0098 E604      LDI	R16,0x64
    0099 E010      LDI	R17,0
    009A DFCC      RCALL	_DelayMS
(0050) 				//PORTD=0XFF;
(0051) 				PORTA=0XFF;
    009B EF8F      LDI	R24,0xFF
    009C BB8B      OUT	0x1B,R24
(0052) 				PORTB=0XFF;
    009D BB88      OUT	0x18,R24
(0053) 				PORTC=0XFF;
    009E BB85      OUT	0x15,R24
(0054) 				PORTD=0XFF;
    009F BB82      OUT	0x12,R24
(0055) 				PORTE=0XFF;
    00A0 B983      OUT	0x03,R24
(0056) 				PORTF=0XFF;
    00A1 93800062  STS	0x62,R24
(0057) 				PORTG=0XFF;
    00A3 93800065  STS	0x65,R24
(0058) 			 	DelayMS(100);//延时时间约100MS
FILE: <library>
    00A5 E604      LDI	R16,0x64
    00A6 E010      LDI	R17,0
    00A7 DFBF      RCALL	_DelayMS
    00A8 CFE5      RJMP	0x008E
    00A9 9508      RET
push_gset1:
    00AA 935A      ST	R21,-Y
    00AB 934A      ST	R20,-Y
    00AC 9508      RET
pop_gset1:
    00AD E0E1      LDI	R30,1
pop:
    00AE 9149      LD	R20,Y+
    00AF 9159      LD	R21,Y+
    00B0 FDE0      SBRC	R30,0
    00B1 9508      RET
    00B2 9169      LD	R22,Y+
    00B3 9179      LD	R23,Y+
    00B4 FDE1      SBRC	R30,1
    00B5 9508      RET
    00B6 90A9      LD	R10,Y+
    00B7 90B9      LD	R11,Y+
    00B8 FDE2      SBRC	R30,2
    00B9 9508      RET
    00BA 90C9      LD	R12,Y+
    00BB 90D9      LD	R13,Y+
    00BC FDE3      SBRC	R30,3
    00BD 9508      RET
    00BE 90E9      LD	R14,Y+
    00BF 90F9      LD	R15,Y+
    00C0 9508      RET
