                        .module chengxu.c
                        .area data(ram, con, rel)
 0000           _Table::
 0000                   .blkb 2
                        .area idata
 0000 C0F9              .byte 192,249
                        .area data(ram, con, rel)
 0002                   .blkb 2
                        .area idata
 0002 A4B0              .byte 164,176
                        .area data(ram, con, rel)
 0004                   .blkb 2
                        .area idata
 0004 9992              .byte 153,146
                        .area data(ram, con, rel)
 0006                   .blkb 2
                        .area idata
 0006 82F8              .byte 130,248
                        .area data(ram, con, rel)
 0008                   .blkb 2
                        .area idata
 0008 8090              .byte 128,144
                        .area data(ram, con, rel)
 000A                   .dbfile F:\NEW光~1\MEGA12~1\AVR单片机配套程序\006、四位数码管动态显示程序\icc\chengxu.c
 000A                   .dbsym e Table _Table A[10:10]c
 000A           _wei::
 000A                   .blkb 2
                        .area idata
 000A 0102              .byte 1,2
                        .area data(ram, con, rel)
 000C                   .dbfile F:\NEW光~1\MEGA12~1\AVR单片机配套程序\006、四位数码管动态显示程序\icc\chengxu.c
 000C                   .blkb 2
                        .area idata
 000C 0408              .byte 4,8
                        .area data(ram, con, rel)
 000E                   .dbfile F:\NEW光~1\MEGA12~1\AVR单片机配套程序\006、四位数码管动态显示程序\icc\chengxu.c
 000E                   .dbsym e wei _wei A[4:4]c
                        .area text(rom, con, rel)
 0000                   .dbfile F:\NEW光~1\MEGA12~1\AVR单片机配套程序\006、四位数码管动态显示程序\icc\chengxu.c
 0000                   .dbfunc e DelayMS _DelayMS fV
 0000           ;              j -> R20,R21
 0000           ;              i -> R16,R17
                        .even
 0000           _DelayMS::
 0000 0E940000          xcall push_gset1
 0004                   .dbline -1
 0004                   .dbline 18
 0004           ; #include <iom128.h>
 0004           ; /********************************************************************
 0004           ;                 数据类型定义
 0004           ; *********************************************************************/
 0004           ; #define uchar unsigned char 
 0004           ; #define uint unsigned int
 0004           ; /********************************************************************
 0004           ;                 数码管段码定义0123456789
 0004           ; *********************************************************************/
 0004           ; uchar Table[10]={0xc0,0Xf9,0xa4,0xb0,0x99,0x92,0x82,0xf8,0x80,0x90};   //所需的段的位码
 0004           ; uchar wei[4]={0X01,0X02,0X04,0X08};  //位的控制端     (仿真)    
 0004           ; //uchar wei[4]={0XEF,0XDF,0XBF,0X7F};  //位的控制端   (开发板使用) 
 0004           ; uint z,x,c,v, date;   //定义数据类型                           
 0004           ; /**********************************************************************
 0004           ;                                 MS级延时函数程序，参数i 延时时间                                              
 0004           ; **********************************************************************/
 0004           ; void DelayMS(uint i)
 0004           ; {
 0004                   .dbline 20
 0004           ; uint j;
 0004           ; for(;i!=0;i--)
 0004 0AC0              xjmp L5
 0006           L2:
 0006                   .dbline 21
 0006           ; {
 0006                   .dbline 22
 0006 40E4              ldi R20,8000
 0008 5FE1              ldi R21,31
 000A 02C0              xjmp L9
 000C           L6:
 000C                   .dbline 22
 000C           L7:
 000C                   .dbline 22
 000C 4150              subi R20,1
 000E 5040              sbci R21,0
 0010           L9:
 0010                   .dbline 22
 0010 4030              cpi R20,0
 0012 4507              cpc R20,R21
 0014 D9F7              brne L6
 0016           X0:
 0016                   .dbline 23
 0016           L3:
 0016                   .dbline 20
 0016 0150              subi R16,1
 0018 1040              sbci R17,0
 001A           L5:
 001A                   .dbline 20
 001A 0030              cpi R16,0
 001C 0107              cpc R16,R17
 001E 99F7              brne L2
 0020           X1:
 0020                   .dbline -2
 0020           L1:
 0020 0E940000          xcall pop_gset1
 0024                   .dbline 0 ; func end
 0024 0895              ret
 0026                   .dbsym r j 20 i
 0026                   .dbsym r i 16 i
 0026                   .dbend
 0026                   .dbfunc e Pre_Display _Pre_Display fV
                        .even
 0026           _Pre_Display::
 0026                   .dbline -1
 0026                   .dbline 29
 0026           ; for(j=8000;j!=0;j--);
 0026           ; }
 0026           ; }
 0026           ; /**********************************************************************
 0026           ;                 数码管动态扫描
 0026           ; *********************************************************************/
 0026           ; void Pre_Display()
 0026           ;  { 
 0026                   .dbline 32
 0026           ; 
 0026           ;  /***********************数据转换*****************************/ 
 0026           ;   z=date/1000;                         //求千位
 0026 28EE              ldi R18,1000
 0028 33E0              ldi R19,3
 002A 00910000          lds R16,_date
 002E 10910100          lds R17,_date+1
 0032 0E940000          xcall div16u
 0036 10930900          sts _z+1,R17
 003A 00930800          sts _z,R16
 003E                   .dbline 33
 003E           ;   x=date%1000/100;             //求百位
 003E 28EE              ldi R18,1000
 0040 33E0              ldi R19,3
 0042 00910000          lds R16,_date
 0046 10910100          lds R17,_date+1
 004A 0E940000          xcall mod16u
 004E 24E6              ldi R18,100
 0050 30E0              ldi R19,0
 0052 0E940000          xcall div16u
 0056 10930700          sts _x+1,R17
 005A 00930600          sts _x,R16
 005E                   .dbline 34
 005E           ;   c=date%100/10;               //求十位
 005E 24E6              ldi R18,100
 0060 30E0              ldi R19,0
 0062 00910000          lds R16,_date
 0066 10910100          lds R17,_date+1
 006A 0E940000          xcall mod16u
 006E 2AE0              ldi R18,10
 0070 30E0              ldi R19,0
 0072 0E940000          xcall div16u
 0076 10930500          sts _c+1,R17
 007A 00930400          sts _c,R16
 007E                   .dbline 35
 007E           ;   v=date%10;                   //求个位
 007E 2AE0              ldi R18,10
 0080 30E0              ldi R19,0
 0082 00910000          lds R16,_date
 0086 10910100          lds R17,_date+1
 008A 0E940000          xcall mod16u
 008E 10930300          sts _v+1,R17
 0092 00930200          sts _v,R16
 0096                   .dbline 37
 0096           ; 
 0096           ;       PORTE=wei[0];
 0096 20900A00          lds R2,_wei
 009A 23B8              out 0x3,R2
 009C                   .dbline 38
 009C           ;         PORTD=Table[z];
 009C 80E0              ldi R24,<_Table
 009E 90E0              ldi R25,>_Table
 00A0 E0910800          lds R30,_z
 00A4 F0910900          lds R31,_z+1
 00A8 E80F              add R30,R24
 00AA F91F              adc R31,R25
 00AC 2080              ldd R2,z+0
 00AE 22BA              out 0x12,R2
 00B0                   .dbline 39
 00B0           ;         DelayMS(1);  
 00B0 01E0              ldi R16,1
 00B2 10E0              ldi R17,0
 00B4 A5DF              xcall _DelayMS
 00B6                   .dbline 40
 00B6           ;         PORTE=wei[1];
 00B6 20900B00          lds R2,_wei+1
 00BA 23B8              out 0x3,R2
 00BC                   .dbline 41
 00BC           ;       PORTD=Table[x];
 00BC 80E0              ldi R24,<_Table
 00BE 90E0              ldi R25,>_Table
 00C0 E0910600          lds R30,_x
 00C4 F0910700          lds R31,_x+1
 00C8 E80F              add R30,R24
 00CA F91F              adc R31,R25
 00CC 2080              ldd R2,z+0
 00CE 22BA              out 0x12,R2
 00D0                   .dbline 42
 00D0           ;         DelayMS(1);  
 00D0 01E0              ldi R16,1
 00D2 10E0              ldi R17,0
 00D4 95DF              xcall _DelayMS
 00D6                   .dbline 43
 00D6           ;         PORTE=wei[2];
 00D6 20900C00          lds R2,_wei+2
 00DA 23B8              out 0x3,R2
 00DC                   .dbline 44
 00DC           ;       PORTD=Table[c];
 00DC 80E0              ldi R24,<_Table
 00DE 90E0              ldi R25,>_Table
 00E0 E0910400          lds R30,_c
 00E4 F0910500          lds R31,_c+1
 00E8 E80F              add R30,R24
 00EA F91F              adc R31,R25
 00EC 2080              ldd R2,z+0
 00EE 22BA              out 0x12,R2
 00F0                   .dbline 45
 00F0           ;         DelayMS(1);  
 00F0 01E0              ldi R16,1
 00F2 10E0              ldi R17,0
 00F4 85DF              xcall _DelayMS
 00F6                   .dbline 46
 00F6           ;       PORTE=wei[3];
 00F6 20900D00          lds R2,_wei+3
 00FA 23B8              out 0x3,R2
 00FC                   .dbline 47
 00FC           ;       PORTD=Table[v];
 00FC 80E0              ldi R24,<_Table
 00FE 90E0              ldi R25,>_Table
 0100 E0910200          lds R30,_v
 0104 F0910300          lds R31,_v+1
 0108 E80F              add R30,R24
 010A F91F              adc R31,R25
 010C 2080              ldd R2,z+0
 010E 22BA              out 0x12,R2
 0110                   .dbline 48
 0110           ;         DelayMS(1);  
 0110 01E0              ldi R16,1
 0112 10E0              ldi R17,0
 0114 75DF              xcall _DelayMS
 0116                   .dbline -2
 0116           L10:
 0116                   .dbline 0 ; func end
 0116 0895              ret
 0118                   .dbend
 0118                   .dbfunc e Init_IO _Init_IO fV
                        .even
 0118           _Init_IO::
 0118                   .dbline -1
 0118                   .dbline 52
 0118           ;   }
 0118           ; //////////////////////////////初始化////////////////////////////////////
 0118           ; void Init_IO(void)//初始化I/O
 0118           ; {
 0118                   .dbline 54
 0118           ; //设置A口为输出
 0118           ; DDRD=0xFF;
 0118 8FEF              ldi R24,255
 011A 81BB              out 0x11,R24
 011C                   .dbline 55
 011C           ; PORTD=0xFF;
 011C 82BB              out 0x12,R24
 011E                   .dbline 57
 011E           ; //设置C口为输出
 011E           ; DDRE=0xFF;
 011E 82B9              out 0x2,R24
 0120                   .dbline 58
 0120           ; PORTE=0xFF;
 0120 83B9              out 0x3,R24
 0122                   .dbline -2
 0122           L14:
 0122                   .dbline 0 ; func end
 0122 0895              ret
 0124                   .dbend
 0124                   .dbfunc e main _main fV
                        .even
 0124           _main::
 0124                   .dbline -1
 0124                   .dbline 65
 0124           ; }
 0124           ; 
 0124           ; /**********************************************************************
 0124           ;                                          主函数                                                       
 0124           ; **********************************************************************/
 0124           ; void main(void)
 0124           ; {
 0124                   .dbline 66
 0124           ; Init_IO();  //初始化I/O
 0124 F9DF              xcall _Init_IO
 0126 07C0              xjmp L17
 0128           L16:
 0128                   .dbline 68
 0128                   .dbline 69
 0128 89E2              ldi R24,2345
 012A 99E0              ldi R25,9
 012C 90930100          sts _date+1,R25
 0130 80930000          sts _date,R24
 0134                   .dbline 70
 0134 78DF              xcall _Pre_Display
 0136                   .dbline 71
 0136           L17:
 0136                   .dbline 67
 0136 F8CF              xjmp L16
 0138           X2:
 0138                   .dbline -2
 0138           L15:
 0138                   .dbline 0 ; func end
 0138 0895              ret
 013A                   .dbend
                        .area bss(ram, con, rel)
 0000                   .dbfile F:\NEW光~1\MEGA12~1\AVR单片机配套程序\006、四位数码管动态显示程序\icc\chengxu.c
 0000           _date::
 0000                   .blkb 2
 0002                   .dbsym e date _date i
 0002           _v::
 0002                   .blkb 2
 0004                   .dbsym e v _v i
 0004           _c::
 0004                   .blkb 2
 0006                   .dbsym e c _c i
 0006           _x::
 0006                   .blkb 2
 0008                   .dbsym e x _x i
 0008           _z::
 0008                   .blkb 2
 000A                   .dbsym e z _z i
