                        .module chengxu.c
                        .area data(ram, con, rel)
 0000           _duan::
 0000                   .blkb 2
                        .area idata
 0000 C0F9              .byte 192,249
                        .area data(ram, con, rel)
 0002                   .blkb 2
                        .area idata
 0002 A4B0              .byte 164,176
                        .area data(ram, con, rel)
 0004                   .blkb 2
                        .area idata
 0004 9992              .byte 153,146
                        .area data(ram, con, rel)
 0006                   .blkb 2
                        .area idata
 0006 82F8              .byte 130,248
                        .area data(ram, con, rel)
 0008                   .blkb 2
                        .area idata
 0008 8090              .byte 128,144
                        .area data(ram, con, rel)
 000A                   .dbfile D:\Proteus仿真实例\ATMEGA16\个人总结AVR\基于T_CO的时钟设计\icc\chengxu.c
 000A                   .dbsym e duan _duan A[10:10]c
 000A           _wei::
 000A                   .blkb 2
                        .area idata
 000A 0804              .byte 8,4
                        .area data(ram, con, rel)
 000C                   .dbfile D:\Proteus仿真实例\ATMEGA16\个人总结AVR\基于T_CO的时钟设计\icc\chengxu.c
 000C                   .blkb 2
                        .area idata
 000C 0201              .byte 2,1
                        .area data(ram, con, rel)
 000E                   .dbfile D:\Proteus仿真实例\ATMEGA16\个人总结AVR\基于T_CO的时钟设计\icc\chengxu.c
 000E                   .dbsym e wei _wei A[4:4]c
                        .area text(rom, con, rel)
 0000                   .dbfile D:\Proteus仿真实例\ATMEGA16\个人总结AVR\基于T_CO的时钟设计\icc\chengxu.c
 0000                   .dbfunc e delay _delay fV
 0000           ;              i -> R20
 0000           ;              j -> R22
 0000           ;              t -> R16
                        .even
 0000           _delay::
 0000 00D0              rcall push_gset2
 0002                   .dbline -1
 0002                   .dbline 14
 0002           ; #include <iom8v.h>
 0002           ; #define uchar unsigned char 
 0002           ; #define uint unsigned int
 0002           ; uchar duan[10]={0xc0,0Xf9,0xa4,0xb0,0x99,0x92,0x82,0xf8,0x80,0x90};    //所需的段的位码
 0002           ; //uchar wei[4]={0XFE,0XFD,0XFB,0XF7};                                 //位的控制端    (开发板)
 0002           ; uchar wei[4]={0X08,0X04,0X02,0X01};                                 //位的控制端      (仿真)
 0002           ; uint z,x,c,v, date;   //定义数据类型
 0002           ; /******************************************************************
 0002           ; 
 0002           ; 延时函数
 0002           ; 
 0002           ; ******************************************************************/
 0002           ; void delay(uchar t)
 0002           ; {
 0002                   .dbline 16
 0002           ;   uchar i,j;
 0002           ;    for(i=0;i<t;i++)
 0002 4427              clr R20
 0004 07C0              rjmp L5
 0006           L2:
 0006                   .dbline 17
 0006           ;    {
 0006                   .dbline 18
 0006 6DE0              ldi R22,13
 0008 01C0              rjmp L9
 000A           L6:
 000A                   .dbline 18
 000A           L7:
 000A                   .dbline 18
 000A 6A95              dec R22
 000C           L9:
 000C                   .dbline 18
 000C 2224              clr R2
 000E 2616              cp R2,R22
 0010 E0F3              brlo L6
 0012                   .dbline 19
 0012                   .dbline 19
 0012                   .dbline 20
 0012                   .dbline 21
 0012           L3:
 0012                   .dbline 16
 0012 4395              inc R20
 0014           L5:
 0014                   .dbline 16
 0014 4017              cp R20,R16
 0016 B8F3              brlo L2
 0018                   .dbline -2
 0018           L1:
 0018 00D0              rcall pop_gset2
 001A                   .dbline 0 ; func end
 001A 0895              ret
 001C                   .dbsym r i 20 c
 001C                   .dbsym r j 22 c
 001C                   .dbsym r t 16 c
 001C                   .dbend
 001C                   .dbfunc e xianshi _xianshi fV
                        .even
 001C           _xianshi::
 001C                   .dbline -1
 001C                   .dbline 28
 001C           ;        for(j=13;j>0;j--);
 001C           ;        { ;
 001C           ;        }
 001C           ;    }
 001C           ; }
 001C           ; 
 001C           ; /**********************************************************************
 001C           ;                 数码管动态扫描
 001C           ; *********************************************************************/
 001C           ; void xianshi()
 001C           ;  { 
 001C                   .dbline 30
 001C           ;  /*****************数据转换*****************************/ 
 001C           ;   z=date/1000;                         //求千位
 001C 28EE              ldi R18,1000
 001E 33E0              ldi R19,3
 0020 00910000          lds R16,_date
 0024 10910100          lds R17,_date+1
 0028 00D0              rcall div16u
 002A 10930900          sts _z+1,R17
 002E 00930800          sts _z,R16
 0032                   .dbline 31
 0032           ;   x=date%1000/100;             //求百位
 0032 28EE              ldi R18,1000
 0034 33E0              ldi R19,3
 0036 00910000          lds R16,_date
 003A 10910100          lds R17,_date+1
 003E 00D0              rcall mod16u
 0040 24E6              ldi R18,100
 0042 30E0              ldi R19,0
 0044 00D0              rcall div16u
 0046 10930700          sts _x+1,R17
 004A 00930600          sts _x,R16
 004E                   .dbline 32
 004E           ;   c=date%100/10;               //求十位
 004E 24E6              ldi R18,100
 0050 30E0              ldi R19,0
 0052 00910000          lds R16,_date
 0056 10910100          lds R17,_date+1
 005A 00D0              rcall mod16u
 005C 2AE0              ldi R18,10
 005E 30E0              ldi R19,0
 0060 00D0              rcall div16u
 0062 10930500          sts _c+1,R17
 0066 00930400          sts _c,R16
 006A                   .dbline 33
 006A           ;   v=date%10;                   //求个位
 006A 2AE0              ldi R18,10
 006C 30E0              ldi R19,0
 006E 00910000          lds R16,_date
 0072 10910100          lds R17,_date+1
 0076 00D0              rcall mod16u
 0078 10930300          sts _v+1,R17
 007C 00930200          sts _v,R16
 0080                   .dbline 35
 0080           ; 
 0080           ;       PORTC=wei[0];
 0080 20900A00          lds R2,_wei
 0084 25BA              out 0x15,R2
 0086                   .dbline 36
 0086           ;         PORTB=duan[z];
 0086 80E0              ldi R24,<_duan
 0088 90E0              ldi R25,>_duan
 008A E0910800          lds R30,_z
 008E F0910900          lds R31,_z+1
 0092 E80F              add R30,R24
 0094 F91F              adc R31,R25
 0096 2080              ldd R2,z+0
 0098 28BA              out 0x18,R2
 009A                   .dbline 37
 009A           ;         delay(50);  
 009A 02E3              ldi R16,50
 009C B1DF              rcall _delay
 009E                   .dbline 38
 009E           ;         PORTC=wei[1];
 009E 20900B00          lds R2,_wei+1
 00A2 25BA              out 0x15,R2
 00A4                   .dbline 39
 00A4           ;       PORTB=duan[x];
 00A4 80E0              ldi R24,<_duan
 00A6 90E0              ldi R25,>_duan
 00A8 E0910600          lds R30,_x
 00AC F0910700          lds R31,_x+1
 00B0 E80F              add R30,R24
 00B2 F91F              adc R31,R25
 00B4 2080              ldd R2,z+0
 00B6 28BA              out 0x18,R2
 00B8                   .dbline 40
 00B8           ;         delay(50);  
 00B8 02E3              ldi R16,50
 00BA A2DF              rcall _delay
 00BC                   .dbline 41
 00BC           ;         PORTC=wei[2];
 00BC 20900C00          lds R2,_wei+2
 00C0 25BA              out 0x15,R2
 00C2                   .dbline 42
 00C2           ;       PORTB=duan[c];
 00C2 80E0              ldi R24,<_duan
 00C4 90E0              ldi R25,>_duan
 00C6 E0910400          lds R30,_c
 00CA F0910500          lds R31,_c+1
 00CE E80F              add R30,R24
 00D0 F91F              adc R31,R25
 00D2 2080              ldd R2,z+0
 00D4 28BA              out 0x18,R2
 00D6                   .dbline 43
 00D6           ;         delay(50);  
 00D6 02E3              ldi R16,50
 00D8 93DF              rcall _delay
 00DA                   .dbline 44
 00DA           ;       PORTC=wei[3];
 00DA 20900D00          lds R2,_wei+3
 00DE 25BA              out 0x15,R2
 00E0                   .dbline 45
 00E0           ;       PORTB=duan[v];
 00E0 80E0              ldi R24,<_duan
 00E2 90E0              ldi R25,>_duan
 00E4 E0910200          lds R30,_v
 00E8 F0910300          lds R31,_v+1
 00EC E80F              add R30,R24
 00EE F91F              adc R31,R25
 00F0 2080              ldd R2,z+0
 00F2 28BA              out 0x18,R2
 00F4                   .dbline 46
 00F4           ;         delay(50);  
 00F4 02E3              ldi R16,50
 00F6 84DF              rcall _delay
 00F8                   .dbline -2
 00F8           L10:
 00F8                   .dbline 0 ; func end
 00F8 0895              ret
 00FA                   .dbend
 00FA                   .dbfunc e csh _csh fV
                        .even
 00FA           _csh::
 00FA                   .dbline -1
 00FA                   .dbline 52
 00FA           ;                                      
 00FA           ; 
 00FA           ;  }
 00FA           ; /***********************************初始化*****************************/
 00FA           ; void csh()
 00FA           ; {
 00FA                   .dbline 53
 00FA           ;  DDRB=0XFF;
 00FA 8FEF              ldi R24,255
 00FC 87BB              out 0x17,R24
 00FE                   .dbline 54
 00FE           ;  DDRD=0XFF;
 00FE 81BB              out 0x11,R24
 0100                   .dbline 55
 0100           ;  DDRC=0X0F;
 0100 8FE0              ldi R24,15
 0102 84BB              out 0x14,R24
 0104                   .dbline -2
 0104           L14:
 0104                   .dbline 0 ; func end
 0104 0895              ret
 0106                   .dbend
 0106                   .dbfunc e main _main fV
                        .even
 0106           _main::
 0106                   .dbline -1
 0106                   .dbline 61
 0106           ; }
 0106           ;  /*************************************************************************
 0106           ;                                 主函数        
 0106           ; **************************************************************************/
 0106           ;  void main()
 0106           ; {  
 0106                   .dbline 62
 0106           ;     csh();
 0106 F9DF              rcall _csh
 0108 07C0              rjmp L17
 010A           L16:
 010A                   .dbline 64
 010A                   .dbline 65
 010A 8EE2              ldi R24,5678
 010C 96E1              ldi R25,22
 010E 90930100          sts _date+1,R25
 0112 80930000          sts _date,R24
 0116                   .dbline 66
 0116 82DF              rcall _xianshi
 0118                   .dbline 67
 0118           L17:
 0118                   .dbline 63
 0118 F8CF              rjmp L16
 011A           X0:
 011A                   .dbline -2
 011A           L15:
 011A                   .dbline 0 ; func end
 011A 0895              ret
 011C                   .dbend
                        .area bss(ram, con, rel)
 0000                   .dbfile D:\Proteus仿真实例\ATMEGA16\个人总结AVR\基于T_CO的时钟设计\icc\chengxu.c
 0000           _date::
 0000                   .blkb 2
 0002                   .dbsym e date _date i
 0002           _v::
 0002                   .blkb 2
 0004                   .dbsym e v _v i
 0004           _c::
 0004                   .blkb 2
 0006                   .dbsym e c _c i
 0006           _x::
 0006                   .blkb 2
 0008                   .dbsym e x _x i
 0008           _z::
 0008                   .blkb 2
 000A                   .dbsym e z _z i
