Sunplus u'nSP Assembler - Ver. 1.10.0
              Listing File Has Been Relocated
                            	// GCC for SUNPLUS u'nSP version 1.0.10-10
                            	// Command: C:\PROGRA~1\Sunplus\UNSPID~1\unSPIDE\cc1.exe C:\DOCUME~1\Αυ»Τ\LOCALS~1\Temp\ccayaaaa.i -quiet -dumpbase key.c -gstabs -o .\Debug/key.asm
                            	// gcc2_compiled.:
                            	
0000808E                    	.code
                            	Ltext0:
00000000                    	.debug
00000000 2E 00 73 00        		.dw '.stabs "int:t1=r1;-32768;32767;",128,0,0,0',0x0d,0x0a
         74 00 61 00
         62 00 73 00
         20 00 22 00
         69 00 6E 00
         74 00 3A 00
         74 00 31 00
         3D 00 72 00
         31 00 3B 00
         2D 00 33 00
         32 00 37 00
         36 00 38 00
         3B 00 33 00
         32 00 37 00
         36 00 37 00
         3B 00 22 00
         2C 00 31 00
         32 00 38 00
         2C 00 30 00
         2C 00 30 00
         2C 00 30 00
         0D 00 0A 00
0000808E                    	.CODE
0000002C                    	.debug
0000002C 2E 00 73 00        		.dw '.stabs "char:t2=r2;0;127;",128,0,0,0',0x0d,0x0a
         74 00 61 00
         62 00 73 00
         20 00 22 00
         63 00 68 00
         61 00 72 00
         3A 00 74 00
         32 00 3D 00
         72 00 32 00
         3B 00 30 00
         3B 00 31 00
         32 00 37 00
         3B 00 22 00
         2C 00 31 00
         32 00 38 00
         2C 00 30 00
         2C 00 30 00
         2C 00 30 00
         0D 00 0A 00
0000808E                    	.CODE
00000052                    	.debug
00000052 2E 00 73 00        		.dw '.stabs "long int:t3=r3;-2147483648;2147483647;",128,0,0,0',0x0d,0x0a
         74 00 61 00
         62 00 73 00
         20 00 22 00
         6C 00 6F 00
         6E 00 67 00
         20 00 69 00
         6E 00 74 00
         3A 00 74 00
         33 00 3D 00
         72 00 33 00
         3B 00 2D 00
         32 00 31 00
         34 00 37 00
         34 00 38 00
         33 00 36 00
         34 00 38 00
         3B 00 32 00
         31 00 34 00
         37 00 34 00
         38 00 33 00
         36 00 34 00
         37 00 3B 00
         22 00 2C 00
         31 00 32 00
         38 00 2C 00
         30 00 2C 00
         30 00 2C 00
         30 00 0D 00
         0A 00      
0000808E                    	.CODE
0000008D                    	.debug
0000008D 2E 00 73 00        		.dw '.stabs "unsigned int:t4=r4;0;65535;",128,0,0,0',0x0d,0x0a
         74 00 61 00
         62 00 73 00
         20 00 22 00
         75 00 6E 00
         73 00 69 00
         67 00 6E 00
         65 00 64 00
         20 00 69 00
         6E 00 74 00
         3A 00 74 00
         34 00 3D 00
         72 00 34 00
         3B 00 30 00
         3B 00 36 00
         35 00 35 00
         33 00 35 00
         3B 00 22 00
         2C 00 31 00
         32 00 38 00
         2C 00 30 00
         2C 00 30 00
         2C 00 30 00
         0D 00 0A 00
0000808E                    	.CODE
000000BD                    	.debug
000000BD 2E 00 73 00        		.dw '.stabs "long unsigned int:t5=r5;0;4294967295;",128,0,0,0',0x0d,0x0a
         74 00 61 00
         62 00 73 00
         20 00 22 00
         6C 00 6F 00
         6E 00 67 00
         20 00 75 00
         6E 00 73 00
         69 00 67 00
         6E 00 65 00
         64 00 20 00
         69 00 6E 00
         74 00 3A 00
         74 00 35 00
         3D 00 72 00
         35 00 3B 00
         30 00 3B 00
         34 00 32 00
         39 00 34 00
         39 00 36 00
         37 00 32 00
         39 00 35 00
         3B 00 22 00
         2C 00 31 00
         32 00 38 00
         2C 00 30 00
         2C 00 30 00
         2C 00 30 00
         0D 00 0A 00
0000808E                    	.CODE
000000F7                    	.debug
000000F7 2E 00 73 00        		.dw '.stabs "long long int:t6=r6;-2147483648;2147483647;",128,0,0,0',0x0d,0x0a
         74 00 61 00
         62 00 73 00
         20 00 22 00
         6C 00 6F 00
         6E 00 67 00
         20 00 6C 00
         6F 00 6E 00
         67 00 20 00
         69 00 6E 00
         74 00 3A 00
         74 00 36 00
         3D 00 72 00
         36 00 3B 00
         2D 00 32 00
         31 00 34 00
         37 00 34 00
         38 00 33 00
         36 00 34 00
         38 00 3B 00
         32 00 31 00
         34 00 37 00
         34 00 38 00
         33 00 36 00
         34 00 37 00
         3B 00 22 00
         2C 00 31 00
         32 00 38 00
         2C 00 30 00
         2C 00 30 00
         2C 00 30 00
         0D 00 0A 00
0000808E                    	.CODE
00000137                    	.debug
00000137 2E 00 73 00        		.dw '.stabs "long long unsigned int:t7=r7;0;4294967295;",128,0,0,0',0x0d,0x0a
         74 00 61 00
         62 00 73 00
         20 00 22 00
         6C 00 6F 00
         6E 00 67 00
         20 00 6C 00
         6F 00 6E 00
         67 00 20 00
         75 00 6E 00
         73 00 69 00
         67 00 6E 00
         65 00 64 00
         20 00 69 00
         6E 00 74 00
         3A 00 74 00
         37 00 3D 00
         72 00 37 00
         3B 00 30 00
         3B 00 34 00
         32 00 39 00
         34 00 39 00
         36 00 37 00
         32 00 39 00
         35 00 3B 00
         22 00 2C 00
         31 00 32 00
         38 00 2C 00
         30 00 2C 00
         30 00 2C 00
         30 00 0D 00
         0A 00      
0000808E                    	.CODE
00000176                    	.debug
00000176 2E 00 73 00        		.dw '.stabs "short int:t8=r8;-32768;32767;",128,0,0,0',0x0d,0x0a
         74 00 61 00
         62 00 73 00
         20 00 22 00
         73 00 68 00
         6F 00 72 00
         74 00 20 00
         69 00 6E 00
         74 00 3A 00
         74 00 38 00
         3D 00 72 00
         38 00 3B 00
         2D 00 33 00
         32 00 37 00
         36 00 38 00
         3B 00 33 00
         32 00 37 00
         36 00 37 00
         3B 00 22 00
         2C 00 31 00
         32 00 38 00
         2C 00 30 00
         2C 00 30 00
         2C 00 30 00
         0D 00 0A 00
0000808E                    	.CODE
000001A8                    	.debug
000001A8 2E 00 73 00        		.dw '.stabs "short unsigned int:t9=r9;0;65535;",128,0,0,0',0x0d,0x0a
         74 00 61 00
         62 00 73 00
         20 00 22 00
         73 00 68 00
         6F 00 72 00
         74 00 20 00
         75 00 6E 00
         73 00 69 00
         67 00 6E 00
         65 00 64 00
         20 00 69 00
         6E 00 74 00
         3A 00 74 00
         39 00 3D 00
         72 00 39 00
         3B 00 30 00
         3B 00 36 00
         35 00 35 00
         33 00 35 00
         3B 00 22 00
         2C 00 31 00
         32 00 38 00
         2C 00 30 00
         2C 00 30 00
         2C 00 30 00
         0D 00 0A 00
0000808E                    	.CODE
000001DE                    	.debug
000001DE 2E 00 73 00        		.dw '.stabs "signed char:t10=r10;-32768;32767;",128,0,0,0',0x0d,0x0a
         74 00 61 00
         62 00 73 00
         20 00 22 00
         73 00 69 00
         67 00 6E 00
         65 00 64 00
         20 00 63 00
         68 00 61 00
         72 00 3A 00
         74 00 31 00
         30 00 3D 00
         72 00 31 00
         30 00 3B 00
         2D 00 33 00
         32 00 37 00
         36 00 38 00
         3B 00 33 00
         32 00 37 00
         36 00 37 00
         3B 00 22 00
         2C 00 31 00
         32 00 38 00
         2C 00 30 00
         2C 00 30 00
         2C 00 30 00
         0D 00 0A 00
0000808E                    	.CODE
00000214                    	.debug
00000214 2E 00 73 00        		.dw '.stabs "unsigned char:t11=r11;0;65535;",128,0,0,0',0x0d,0x0a
         74 00 61 00
         62 00 73 00
         20 00 22 00
         75 00 6E 00
         73 00 69 00
         67 00 6E 00
         65 00 64 00
         20 00 63 00
         68 00 61 00
         72 00 3A 00
         74 00 31 00
         31 00 3D 00
         72 00 31 00
         31 00 3B 00
         30 00 3B 00
         36 00 35 00
         35 00 33 00
         35 00 3B 00
         22 00 2C 00
         31 00 32 00
         38 00 2C 00
         30 00 2C 00
         30 00 2C 00
         30 00 0D 00
         0A 00      
0000808E                    	.CODE
00000247                    	.debug
00000247 2E 00 73 00        		.dw '.stabs "float:t12=r1;2;0;",128,0,0,0',0x0d,0x0a
         74 00 61 00
         62 00 73 00
         20 00 22 00
         66 00 6C 00
         6F 00 61 00
         74 00 3A 00
         74 00 31 00
         32 00 3D 00
         72 00 31 00
         3B 00 32 00
         3B 00 30 00
         3B 00 22 00
         2C 00 31 00
         32 00 38 00
         2C 00 30 00
         2C 00 30 00
         2C 00 30 00
         0D 00 0A 00
0000808E                    	.CODE
0000026D                    	.debug
0000026D 2E 00 73 00        		.dw '.stabs "double:t13=r1;2;0;",128,0,0,0',0x0d,0x0a
         74 00 61 00
         62 00 73 00
         20 00 22 00
         64 00 6F 00
         75 00 62 00
         6C 00 65 00
         3A 00 74 00
         31 00 33 00
         3D 00 72 00
         31 00 3B 00
         32 00 3B 00
         30 00 3B 00
         22 00 2C 00
         31 00 32 00
         38 00 2C 00
         30 00 2C 00
         30 00 2C 00
         30 00 0D 00
         0A 00      
0000808E                    	.CODE
00000294                    	.debug
00000294 2E 00 73 00        		.dw '.stabs "long double:t14=r1;2;0;",128,0,0,0',0x0d,0x0a
         74 00 61 00
         62 00 73 00
         20 00 22 00
         6C 00 6F 00
         6E 00 67 00
         20 00 64 00
         6F 00 75 00
         62 00 6C 00
         65 00 3A 00
         74 00 31 00
         34 00 3D 00
         72 00 31 00
         3B 00 32 00
         3B 00 30 00
         3B 00 22 00
         2C 00 31 00
         32 00 38 00
         2C 00 30 00
         2C 00 30 00
         2C 00 30 00
         0D 00 0A 00
0000808E                    	.CODE
000002C0                    	.debug
000002C0 2E 00 73 00        		.dw '.stabs "complex int:t15=s2real:1,0,16;imag:1,16,16;;",128,0,0,0',0x0d,0x0a
         74 00 61 00
         62 00 73 00
         20 00 22 00
         63 00 6F 00
         6D 00 70 00
         6C 00 65 00
         78 00 20 00
         69 00 6E 00
         74 00 3A 00
         74 00 31 00
         35 00 3D 00
         73 00 32 00
         72 00 65 00
         61 00 6C 00
         3A 00 31 00
         2C 00 30 00
         2C 00 31 00
         36 00 3B 00
         69 00 6D 00
         61 00 67 00
         3A 00 31 00
         2C 00 31 00
         36 00 2C 00
         31 00 36 00
         3B 00 3B 00
         22 00 2C 00
         31 00 32 00
         38 00 2C 00
         30 00 2C 00
         30 00 2C 00
         30 00 0D 00
         0A 00      
0000808E                    	.CODE
00000301                    	.debug
00000301 2E 00 73 00        		.dw '.stabs "complex float:t16=r16;2;0;",128,0,0,0',0x0d,0x0a
         74 00 61 00
         62 00 73 00
         20 00 22 00
         63 00 6F 00
         6D 00 70 00
         6C 00 65 00
         78 00 20 00
         66 00 6C 00
         6F 00 61 00
         74 00 3A 00
         74 00 31 00
         36 00 3D 00
         72 00 31 00
         36 00 3B 00
         32 00 3B 00
         30 00 3B 00
         22 00 2C 00
         31 00 32 00
         38 00 2C 00
         30 00 2C 00
         30 00 2C 00
         30 00 0D 00
         0A 00      
0000808E                    	.CODE
00000330                    	.debug
00000330 2E 00 73 00        		.dw '.stabs "complex double:t17=r17;2;0;",128,0,0,0',0x0d,0x0a
         74 00 61 00
         62 00 73 00
         20 00 22 00
         63 00 6F 00
         6D 00 70 00
         6C 00 65 00
         78 00 20 00
         64 00 6F 00
         75 00 62 00
         6C 00 65 00
         3A 00 74 00
         31 00 37 00
         3D 00 72 00
         31 00 37 00
         3B 00 32 00
         3B 00 30 00
         3B 00 22 00
         2C 00 31 00
         32 00 38 00
         2C 00 30 00
         2C 00 30 00
         2C 00 30 00
         0D 00 0A 00
0000808E                    	.CODE
00000360                    	.debug
00000360 2E 00 73 00        		.dw '.stabs "complex long double:t18=r18;2;0;",128,0,0,0',0x0d,0x0a
         74 00 61 00
         62 00 73 00
         20 00 22 00
         63 00 6F 00
         6D 00 70 00
         6C 00 65 00
         78 00 20 00
         6C 00 6F 00
         6E 00 67 00
         20 00 64 00
         6F 00 75 00
         62 00 6C 00
         65 00 3A 00
         74 00 31 00
         38 00 3D 00
         72 00 31 00
         38 00 3B 00
         32 00 3B 00
         30 00 3B 00
         22 00 2C 00
         31 00 32 00
         38 00 2C 00
         30 00 2C 00
         30 00 2C 00
         30 00 0D 00
         0A 00      
0000808E                    	.CODE
00000395                    	.debug
00000395 2E 00 73 00        		.dw '.stabs "void:t19=19",128,0,0,0',0x0d,0x0a
         74 00 61 00
         62 00 73 00
         20 00 22 00
         76 00 6F 00
         69 00 64 00
         3A 00 74 00
         31 00 39 00
         3D 00 31 00
         39 00 22 00
         2C 00 31 00
         32 00 38 00
         2C 00 30 00
         2C 00 30 00
         2C 00 30 00
         0D 00 0A 00
0000808E                    	.CODE
0000808E                    	.code
000003B5                    	.debug
000003B5 2E 00 73 00        		.dw '.stabs "GetKey:F4",36,0,0,',0,0,offset _GetKey,seg _GetKey,0x0d,0x0a
         74 00 61 00
         62 00 73 00
         20 00 22 00
         47 00 65 00
         74 00 4B 00
         65 00 79 00
         3A 00 46 00
         34 00 22 00
         2C 00 33 00
         36 00 2C 00
         30 00 2C 00
         30 00 2C 00
         00 00 00 00
         00 00 00 00
         0D 00 0A 00
0000808E                    	.CODE
                            	.public _GetKey
                            	_GetKey:	.proc
000003D5                    	.debug
000003D5 2E 00 73 00        		.dw '.stabn 0x44,0,17,',0,0
         74 00 61 00
         62 00 6E 00
         20 00 30 00
         78 00 34 00
         34 00 2C 00
         30 00 2C 00
         31 00 37 00
         2C 00 00 00
         00 00      
000003E8 00 00 00 00        		.dd LM1-_GetKey
000003EA 0D 00 0A 00        		.dw 0x0d,0x0a
0000808E                    	.code
                            	LM1:
                            		// total=3, vars=3
                            		// frame_pointer_needed: 1
0000808E 88 DA              		push bp to [sp]
0000808F 43 20              		sp-=3
00008090 08 0B 01 00        		bp=sp+1
                            	
00008092 0D 05 06 00        		R2=BP+6
000003EC                    	.debug
000003EC 2E 00 73 00        		.dw '.stabn 0x44,0,18,',0,0
         74 00 61 00
         62 00 6E 00
         20 00 30 00
         78 00 34 00
         34 00 2C 00
         30 00 2C 00
         31 00 38 00
         2C 00 00 00
         00 00      
000003FF 06 00 00 00        		.dd LM2-_GetKey
00000401 0D 00 0A 00        		.dw 0x0d,0x0a
00008094                    	.code
                            	LM2:
                            	LBB2:
00008094 40 92              		R1=0	// QImode move
00008095 C5 D2              		[BP]=R1	// QImode move
00000403                    	.debug
00000403 2E 00 73 00        		.dw '.stabn 0x44,0,19,',0,0
         74 00 61 00
         62 00 6E 00
         20 00 30 00
         78 00 34 00
         34 00 2C 00
         30 00 2C 00
         31 00 39 00
         2C 00 00 00
         00 00      
00000416 08 00 00 00        		.dd LM3-_GetKey
00000418 0D 00 0A 00        		.dw 0x0d,0x0a
00008096                    	.code
                            	LM3:
00008096 05 93              		R1=BP	// QImode move
00008097 0D 07 01 00        		R3=BP+1
00008099 40 92              		R1=0	// QImode move
0000809A 03 99              		R4=R3	// QImode move
0000809B C4 D2              		[R4]=R1	// QImode move
0000041A                    	.debug
0000041A 2E 00 73 00        		.dw '.stabn 0x44,0,23,',0,0
         74 00 61 00
         62 00 6E 00
         20 00 30 00
         78 00 34 00
         34 00 2C 00
         30 00 2C 00
         32 00 33 00
         2C 00 00 00
         00 00      
0000042D 0E 00 00 00        		.dd LM4-_GetKey
0000042F 0D 00 0A 00        		.dw 0x0d,0x0a
0000809C                    	.code
                            	LM4:
0000809C 11 93 02 70        		R1=[28674]	// QImode move
0000809E 09 B7 FF 00        		R3=R1&255
000080A0 1B D7 02 70        		[28674]=R3	// QImode move
00000431                    	.debug
00000431 2E 00 73 00        		.dw '.stabn 0x44,0,24,',0,0
         74 00 61 00
         62 00 6E 00
         20 00 30 00
         78 00 34 00
         34 00 2C 00
         30 00 2C 00
         32 00 34 00
         2C 00 00 00
         00 00      
00000444 14 00 00 00        		.dd LM5-_GetKey
00000446 0D 00 0A 00        		.dw 0x0d,0x0a
000080A2                    	.code
                            	LM5:
000080A2 11 93 03 70        		R1=[28675]	// QImode move
000080A4 09 B7 FF 00        		R3=R1&255
000080A6 1B D7 03 70        		[28675]=R3	// QImode move
00000448                    	.debug
00000448 2E 00 73 00        		.dw '.stabn 0x44,0,25,',0,0
         74 00 61 00
         62 00 6E 00
         20 00 30 00
         78 00 34 00
         34 00 2C 00
         30 00 2C 00
         32 00 35 00
         2C 00 00 00
         00 00      
0000045B 1A 00 00 00        		.dd LM6-_GetKey
0000045D 0D 00 0A 00        		.dw 0x0d,0x0a
000080A8                    	.code
                            	LM6:
000080A8 11 93 01 70        		R1=[28673]	// QImode move
000080AA 09 A7 00 FF        		R3=R1|(-256)
000080AC 1B D7 01 70        		[28673]=R3	// QImode move
0000045F                    	.debug
0000045F 2E 00 73 00        		.dw '.stabn 0x44,0,28,',0,0
         74 00 61 00
         62 00 6E 00
         20 00 30 00
         78 00 34 00
         34 00 2C 00
         30 00 2C 00
         32 00 38 00
         2C 00 00 00
         00 00      
00000472 20 00 00 00        		.dd LM7-_GetKey
00000474 0D 00 0A 00        		.dw 0x0d,0x0a
000080AE                    	.code
                            	LM7:
                            	L3:
000080AE C5 92              		R1=[BP]	// QImode move
000080AF 40 42              		CMP R1,0	// QImode test
000080B0 02 4E              		JNZ L10	// QImode EQ
000080B1 0F 9F B5 80        		PC=L5
                            	L10:
000080B3 0F 9F DD 80        		pc=L4	// Indirect jump
                            	L5:
00000476                    	.debug
00000476 2E 00 73 00        		.dw '.stabn 0x44,0,30,',0,0
         74 00 61 00
         62 00 6E 00
         20 00 30 00
         78 00 34 00
         34 00 2C 00
         30 00 2C 00
         33 00 30 00
         2C 00 00 00
         00 00      
00000489 27 00 00 00        		.dd LM8-_GetKey
0000048B 0D 00 0A 00        		.dw 0x0d,0x0a
000080B5                    	.code
                            	LM8:
000080B5 05 93              		R1=BP	// QImode move
000080B6 0D 07 01 00        		R3=BP+1
000080B8 05 99              		R4=BP	// QImode move
000080B9 0D 03 01 00        		R1=BP+1
000080BB 05 97              		R3=BP	// QImode move
000080BC 0D 07 01 00        		R3=BP+1
000080BE 02 D6              		[bp+2]=R3	// QImode move
000080BF 02 98              		R4=[bp+2]	// QImode move
000080C0 C4 96              		R3=[R4]	// QImode move
000080C1 0B 09 01 00        		R4=R3+1
000080C3 01 97              		R3=R1	// QImode move
000080C4 C3 D8              		[R3]=R4	// QImode move
0000048D                    	.debug
0000048D 2E 00 73 00        		.dw '.stabn 0x44,0,31,',0,0
         74 00 61 00
         62 00 6E 00
         20 00 30 00
         78 00 34 00
         34 00 2C 00
         30 00 2C 00
         33 00 31 00
         2C 00 00 00
         00 00      
000004A0 37 00 00 00        		.dd LM9-_GetKey
000004A2 0D 00 0A 00        		.dw 0x0d,0x0a
000080C5                    	.code
                            	LM9:
000080C5 41 92              		R1=1	// QImode move
000080C6 19 D3 12 70        		[28690]=R1	// QImode move
000004A4                    	.debug
000004A4 2E 00 73 00        		.dw '.stabn 0x44,0,32,',0,0
         74 00 61 00
         62 00 6E 00
         20 00 30 00
         78 00 34 00
         34 00 2C 00
         30 00 2C 00
         33 00 32 00
         2C 00 00 00
         00 00      
000004B7 3A 00 00 00        		.dd LM10-_GetKey
000004B9 0D 00 0A 00        		.dw 0x0d,0x0a
000080C8                    	.code
                            	LM10:
000080C8 13 97 00 70        		R3=[28672]	// QImode move
000080CA 0B B3 00 FF        		R1=R3&(-256)
000080CC 09 87 00 FF        		R3=R1^(-256)
000080CE C5 D6              		[BP]=R3	// QImode move
000004BB                    	.debug
000004BB 2E 00 73 00        		.dw '.stabn 0x44,0,33,',0,0
         74 00 61 00
         62 00 6E 00
         20 00 30 00
         78 00 34 00
         34 00 2C 00
         30 00 2C 00
         33 00 33 00
         2C 00 00 00
         00 00      
000004CE 41 00 00 00        		.dd LM11-_GetKey
000004D0 0D 00 0A 00        		.dw 0x0d,0x0a
000080CF                    	.code
                            	LM11:
000080CF 05 93              		R1=BP	// QImode move
000080D0 0D 07 01 00        		R3=BP+1
000080D2 03 99              		R4=R3	// QImode move
000080D3 C4 92              		R1=[R4]	// QImode move
000080D4 09 43 00 10        		CMP R1,4096	// QImode compare
000080D6 02 5E              		JZ L11	// QImode NE
000080D7 0F 9F DB 80        		PC=L6
                            	L11:
000004D2                    	.debug
000004D2 2E 00 73 00        		.dw '.stabn 0x44,0,34,',0,0
         74 00 61 00
         62 00 6E 00
         20 00 30 00
         78 00 34 00
         34 00 2C 00
         30 00 2C 00
         33 00 34 00
         2C 00 00 00
         00 00      
000004E5 4B 00 00 00        		.dd LM12-_GetKey
000004E7 0D 00 0A 00        		.dw 0x0d,0x0a
000080D9                    	.code
                            	LM12:
000080D9 0F 9F DD 80        		pc=L4	// Indirect jump
                            	L6:
000004E9                    	.debug
000004E9 2E 00 73 00        		.dw '.stabn 0x44,0,35,',0,0
         74 00 61 00
         62 00 6E 00
         20 00 30 00
         78 00 34 00
         34 00 2C 00
         30 00 2C 00
         33 00 35 00
         2C 00 00 00
         00 00      
000004FC 4D 00 00 00        		.dd LM13-_GetKey
000004FE 0D 00 0A 00        		.dw 0x0d,0x0a
000080DB                    	.code
                            	LM13:
000080DB 0F 9F AE 80        		pc=L3	// Indirect jump
                            	L4:
00000500                    	.debug
00000500 2E 00 73 00        		.dw '.stabn 0x44,0,37,',0,0
         74 00 61 00
         62 00 6E 00
         20 00 30 00
         78 00 34 00
         34 00 2C 00
         30 00 2C 00
         33 00 37 00
         2C 00 00 00
         00 00      
00000513 4F 00 00 00        		.dd LM14-_GetKey
00000515 0D 00 0A 00        		.dw 0x0d,0x0a
000080DD                    	.code
                            	LM14:
                            	L7:
000080DD 13 97 00 70        		R3=[28672]	// QImode move
000080DF 0B B3 00 FF        		R1=R3&(-256)
000080E1 09 43 00 FF        		CMP R1,(-256)	// QImode compare
000080E3 02 5E              		JZ L12	// QImode NE
000080E4 0F 9F E8 80        		PC=L9
                            	L12:
000080E6 0F 9F ED 80        		pc=L8	// Indirect jump
                            	L9:
00000517                    	.debug
00000517 2E 00 73 00        		.dw '.stabn 0x44,0,39,',0,0
         74 00 61 00
         62 00 6E 00
         20 00 30 00
         78 00 34 00
         34 00 2C 00
         30 00 2C 00
         33 00 39 00
         2C 00 00 00
         00 00      
0000052A 5A 00 00 00        		.dd LM15-_GetKey
0000052C 0D 00 0A 00        		.dw 0x0d,0x0a
000080E8                    	.code
                            	LM15:
000080E8 41 92              		R1=1	// QImode move
000080E9 19 D3 12 70        		[28690]=R1	// QImode move
0000052E                    	.debug
0000052E 2E 00 73 00        		.dw '.stabn 0x44,0,40,',0,0
         74 00 61 00
         62 00 6E 00
         20 00 30 00
         78 00 34 00
         34 00 2C 00
         30 00 2C 00
         34 00 30 00
         2C 00 00 00
         00 00      
00000541 5D 00 00 00        		.dd LM16-_GetKey
00000543 0D 00 0A 00        		.dw 0x0d,0x0a
000080EB                    	.code
                            	LM16:
000080EB 0F 9F DD 80        		pc=L7	// Indirect jump
                            	L8:
00000545                    	.debug
00000545 2E 00 73 00        		.dw '.stabn 0x44,0,41,',0,0
         74 00 61 00
         62 00 6E 00
         20 00 30 00
         78 00 34 00
         34 00 2C 00
         30 00 2C 00
         34 00 31 00
         2C 00 00 00
         00 00      
00000558 5F 00 00 00        		.dd LM17-_GetKey
0000055A 0D 00 0A 00        		.dw 0x0d,0x0a
000080ED                    	.code
                            	LM17:
000080ED C5 96              		R3=[BP]	// QImode move
000080EE 03 93              		R1=R3	// QImode move
000080EF 0F 9F F1 80        		pc=L2	// Indirect jump
0000055C                    	.debug
0000055C 2E 00 73 00        		.dw '.stabn 0x44,0,42,',0,0
         74 00 61 00
         62 00 6E 00
         20 00 30 00
         78 00 34 00
         34 00 2C 00
         30 00 2C 00
         34 00 32 00
         2C 00 00 00
         00 00      
0000056F 63 00 00 00        		.dd LM18-_GetKey
00000571 0D 00 0A 00        		.dw 0x0d,0x0a
000080F1                    	.code
                            	LM18:
                            	LBE2:
00000573                    	.debug
00000573 2E 00 73 00        		.dw '.stabn 0x44,0,42,',0,0
         74 00 61 00
         62 00 6E 00
         20 00 30 00
         78 00 34 00
         34 00 2C 00
         30 00 2C 00
         34 00 32 00
         2C 00 00 00
         00 00      
00000586 63 00 00 00        		.dd LM19-_GetKey
00000588 0D 00 0A 00        		.dw 0x0d,0x0a
000080F1                    	.code
                            	LM19:
                            	L2:
                            	
000080F1 43 00              		sp+=3
000080F2 88 98              		pop bp from [sp]
000080F3 90 9A              		retf
                            		.endp	// end of GetKey
                            	
0000058A                    	.debug
0000058A 2E 00 73 00        		.dw '.stabn 0xc0,0,0,',0,0
         74 00 61 00
         62 00 6E 00
         20 00 30 00
         78 00 63 00
         30 00 2C 00
         30 00 2C 00
         30 00 2C 00
         00 00 00 00
0000059C 06 00 00 00        		.dd LBB2-_GetKey
0000059E 0D 00 0A 00        		.dw 0x0d,0x0a
000080F4                    	.code
000005A0                    	.debug
000005A0 2E 00 73 00        		.dw '.stabs "KeyValue:4",128,0,0,0',0x0d,0x0a
         74 00 61 00
         62 00 73 00
         20 00 22 00
         4B 00 65 00
         79 00 56 00
         61 00 6C 00
         75 00 65 00
         3A 00 34 00
         22 00 2C 00
         31 00 32 00
         38 00 2C 00
         30 00 2C 00
         30 00 2C 00
         30 00 0D 00
         0A 00      
000080F4                    	.CODE
000005BF                    	.debug
000005BF 2E 00 73 00        		.dw '.stabs "KeyNumber:4",128,0,0,1',0x0d,0x0a
         74 00 61 00
         62 00 73 00
         20 00 22 00
         4B 00 65 00
         79 00 4E 00
         75 00 6D 00
         62 00 65 00
         72 00 3A 00
         34 00 22 00
         2C 00 31 00
         32 00 38 00
         2C 00 30 00
         2C 00 30 00
         2C 00 31 00
         0D 00 0A 00
000080F4                    	.CODE
000005DF                    	.debug
000005DF 2E 00 73 00        		.dw '.stabn 0xe0,0,0,',0,0
         74 00 61 00
         62 00 6E 00
         20 00 30 00
         78 00 65 00
         30 00 2C 00
         30 00 2C 00
         30 00 2C 00
         00 00 00 00
000005F1 63 00 00 00        		.dd LBE2-_GetKey
000005F3 0D 00 0A 00        		.dw 0x0d,0x0a
000080F4                    	.code
000005F5                    	.debug
000005F5 2E 00 73 00        		.dw '.stabf ',0,0
         74 00 61 00
         62 00 66 00
         20 00 00 00
         00 00      
000005FE 66 00 00 00        		.dd LME1-_GetKey
00000600 0D 00 0A 00        		.dw 0x0d,0x0a
000080F4                    	.code
                            	LME1:
                            		.end
0 error(s), 0 warning(s).


