Sunplus u'nSP Assembler - Ver. 1.10.0
              Listing File Has Been Relocated
                            	// GCC for SUNPLUS u'nSP version 1.0.10-10
                            	// Command: C:\PROGRA~1\Sunplus\UNSPID~1\unSPIDE\cc1.exe C:\DOCUME~1\Αυ»Τ\LOCALS~1\Temp\ccWAaaaa.i -quiet -dumpbase main.c -gstabs -o .\Debug/main.asm
                            	// gcc2_compiled.:
                            	
00008026                    	.code
                            	Ltext0:
00000000                    	.debug
00000000 2E 00 73 00        		.dw '.stabs "int:t1=r1;-32768;32767;",128,0,0,0',0x0d,0x0a
         74 00 61 00
         62 00 73 00
         20 00 22 00
         69 00 6E 00
         74 00 3A 00
         74 00 31 00
         3D 00 72 00
         31 00 3B 00
         2D 00 33 00
         32 00 37 00
         36 00 38 00
         3B 00 33 00
         32 00 37 00
         36 00 37 00
         3B 00 22 00
         2C 00 31 00
         32 00 38 00
         2C 00 30 00
         2C 00 30 00
         2C 00 30 00
         0D 00 0A 00
00008026                    	.CODE
0000002C                    	.debug
0000002C 2E 00 73 00        		.dw '.stabs "char:t2=r2;0;127;",128,0,0,0',0x0d,0x0a
         74 00 61 00
         62 00 73 00
         20 00 22 00
         63 00 68 00
         61 00 72 00
         3A 00 74 00
         32 00 3D 00
         72 00 32 00
         3B 00 30 00
         3B 00 31 00
         32 00 37 00
         3B 00 22 00
         2C 00 31 00
         32 00 38 00
         2C 00 30 00
         2C 00 30 00
         2C 00 30 00
         0D 00 0A 00
00008026                    	.CODE
00000052                    	.debug
00000052 2E 00 73 00        		.dw '.stabs "long int:t3=r3;-2147483648;2147483647;",128,0,0,0',0x0d,0x0a
         74 00 61 00
         62 00 73 00
         20 00 22 00
         6C 00 6F 00
         6E 00 67 00
         20 00 69 00
         6E 00 74 00
         3A 00 74 00
         33 00 3D 00
         72 00 33 00
         3B 00 2D 00
         32 00 31 00
         34 00 37 00
         34 00 38 00
         33 00 36 00
         34 00 38 00
         3B 00 32 00
         31 00 34 00
         37 00 34 00
         38 00 33 00
         36 00 34 00
         37 00 3B 00
         22 00 2C 00
         31 00 32 00
         38 00 2C 00
         30 00 2C 00
         30 00 2C 00
         30 00 0D 00
         0A 00      
00008026                    	.CODE
0000008D                    	.debug
0000008D 2E 00 73 00        		.dw '.stabs "unsigned int:t4=r4;0;65535;",128,0,0,0',0x0d,0x0a
         74 00 61 00
         62 00 73 00
         20 00 22 00
         75 00 6E 00
         73 00 69 00
         67 00 6E 00
         65 00 64 00
         20 00 69 00
         6E 00 74 00
         3A 00 74 00
         34 00 3D 00
         72 00 34 00
         3B 00 30 00
         3B 00 36 00
         35 00 35 00
         33 00 35 00
         3B 00 22 00
         2C 00 31 00
         32 00 38 00
         2C 00 30 00
         2C 00 30 00
         2C 00 30 00
         0D 00 0A 00
00008026                    	.CODE
000000BD                    	.debug
000000BD 2E 00 73 00        		.dw '.stabs "long unsigned int:t5=r5;0;4294967295;",128,0,0,0',0x0d,0x0a
         74 00 61 00
         62 00 73 00
         20 00 22 00
         6C 00 6F 00
         6E 00 67 00
         20 00 75 00
         6E 00 73 00
         69 00 67 00
         6E 00 65 00
         64 00 20 00
         69 00 6E 00
         74 00 3A 00
         74 00 35 00
         3D 00 72 00
         35 00 3B 00
         30 00 3B 00
         34 00 32 00
         39 00 34 00
         39 00 36 00
         37 00 32 00
         39 00 35 00
         3B 00 22 00
         2C 00 31 00
         32 00 38 00
         2C 00 30 00
         2C 00 30 00
         2C 00 30 00
         0D 00 0A 00
00008026                    	.CODE
000000F7                    	.debug
000000F7 2E 00 73 00        		.dw '.stabs "long long int:t6=r6;-2147483648;2147483647;",128,0,0,0',0x0d,0x0a
         74 00 61 00
         62 00 73 00
         20 00 22 00
         6C 00 6F 00
         6E 00 67 00
         20 00 6C 00
         6F 00 6E 00
         67 00 20 00
         69 00 6E 00
         74 00 3A 00
         74 00 36 00
         3D 00 72 00
         36 00 3B 00
         2D 00 32 00
         31 00 34 00
         37 00 34 00
         38 00 33 00
         36 00 34 00
         38 00 3B 00
         32 00 31 00
         34 00 37 00
         34 00 38 00
         33 00 36 00
         34 00 37 00
         3B 00 22 00
         2C 00 31 00
         32 00 38 00
         2C 00 30 00
         2C 00 30 00
         2C 00 30 00
         0D 00 0A 00
00008026                    	.CODE
00000137                    	.debug
00000137 2E 00 73 00        		.dw '.stabs "long long unsigned int:t7=r7;0;4294967295;",128,0,0,0',0x0d,0x0a
         74 00 61 00
         62 00 73 00
         20 00 22 00
         6C 00 6F 00
         6E 00 67 00
         20 00 6C 00
         6F 00 6E 00
         67 00 20 00
         75 00 6E 00
         73 00 69 00
         67 00 6E 00
         65 00 64 00
         20 00 69 00
         6E 00 74 00
         3A 00 74 00
         37 00 3D 00
         72 00 37 00
         3B 00 30 00
         3B 00 34 00
         32 00 39 00
         34 00 39 00
         36 00 37 00
         32 00 39 00
         35 00 3B 00
         22 00 2C 00
         31 00 32 00
         38 00 2C 00
         30 00 2C 00
         30 00 2C 00
         30 00 0D 00
         0A 00      
00008026                    	.CODE
00000176                    	.debug
00000176 2E 00 73 00        		.dw '.stabs "short int:t8=r8;-32768;32767;",128,0,0,0',0x0d,0x0a
         74 00 61 00
         62 00 73 00
         20 00 22 00
         73 00 68 00
         6F 00 72 00
         74 00 20 00
         69 00 6E 00
         74 00 3A 00
         74 00 38 00
         3D 00 72 00
         38 00 3B 00
         2D 00 33 00
         32 00 37 00
         36 00 38 00
         3B 00 33 00
         32 00 37 00
         36 00 37 00
         3B 00 22 00
         2C 00 31 00
         32 00 38 00
         2C 00 30 00
         2C 00 30 00
         2C 00 30 00
         0D 00 0A 00
00008026                    	.CODE
000001A8                    	.debug
000001A8 2E 00 73 00        		.dw '.stabs "short unsigned int:t9=r9;0;65535;",128,0,0,0',0x0d,0x0a
         74 00 61 00
         62 00 73 00
         20 00 22 00
         73 00 68 00
         6F 00 72 00
         74 00 20 00
         75 00 6E 00
         73 00 69 00
         67 00 6E 00
         65 00 64 00
         20 00 69 00
         6E 00 74 00
         3A 00 74 00
         39 00 3D 00
         72 00 39 00
         3B 00 30 00
         3B 00 36 00
         35 00 35 00
         33 00 35 00
         3B 00 22 00
         2C 00 31 00
         32 00 38 00
         2C 00 30 00
         2C 00 30 00
         2C 00 30 00
         0D 00 0A 00
00008026                    	.CODE
000001DE                    	.debug
000001DE 2E 00 73 00        		.dw '.stabs "signed char:t10=r10;-32768;32767;",128,0,0,0',0x0d,0x0a
         74 00 61 00
         62 00 73 00
         20 00 22 00
         73 00 69 00
         67 00 6E 00
         65 00 64 00
         20 00 63 00
         68 00 61 00
         72 00 3A 00
         74 00 31 00
         30 00 3D 00
         72 00 31 00
         30 00 3B 00
         2D 00 33 00
         32 00 37 00
         36 00 38 00
         3B 00 33 00
         32 00 37 00
         36 00 37 00
         3B 00 22 00
         2C 00 31 00
         32 00 38 00
         2C 00 30 00
         2C 00 30 00
         2C 00 30 00
         0D 00 0A 00
00008026                    	.CODE
00000214                    	.debug
00000214 2E 00 73 00        		.dw '.stabs "unsigned char:t11=r11;0;65535;",128,0,0,0',0x0d,0x0a
         74 00 61 00
         62 00 73 00
         20 00 22 00
         75 00 6E 00
         73 00 69 00
         67 00 6E 00
         65 00 64 00
         20 00 63 00
         68 00 61 00
         72 00 3A 00
         74 00 31 00
         31 00 3D 00
         72 00 31 00
         31 00 3B 00
         30 00 3B 00
         36 00 35 00
         35 00 33 00
         35 00 3B 00
         22 00 2C 00
         31 00 32 00
         38 00 2C 00
         30 00 2C 00
         30 00 2C 00
         30 00 0D 00
         0A 00      
00008026                    	.CODE
00000247                    	.debug
00000247 2E 00 73 00        		.dw '.stabs "float:t12=r1;2;0;",128,0,0,0',0x0d,0x0a
         74 00 61 00
         62 00 73 00
         20 00 22 00
         66 00 6C 00
         6F 00 61 00
         74 00 3A 00
         74 00 31 00
         32 00 3D 00
         72 00 31 00
         3B 00 32 00
         3B 00 30 00
         3B 00 22 00
         2C 00 31 00
         32 00 38 00
         2C 00 30 00
         2C 00 30 00
         2C 00 30 00
         0D 00 0A 00
00008026                    	.CODE
0000026D                    	.debug
0000026D 2E 00 73 00        		.dw '.stabs "double:t13=r1;2;0;",128,0,0,0',0x0d,0x0a
         74 00 61 00
         62 00 73 00
         20 00 22 00
         64 00 6F 00
         75 00 62 00
         6C 00 65 00
         3A 00 74 00
         31 00 33 00
         3D 00 72 00
         31 00 3B 00
         32 00 3B 00
         30 00 3B 00
         22 00 2C 00
         31 00 32 00
         38 00 2C 00
         30 00 2C 00
         30 00 2C 00
         30 00 0D 00
         0A 00      
00008026                    	.CODE
00000294                    	.debug
00000294 2E 00 73 00        		.dw '.stabs "long double:t14=r1;2;0;",128,0,0,0',0x0d,0x0a
         74 00 61 00
         62 00 73 00
         20 00 22 00
         6C 00 6F 00
         6E 00 67 00
         20 00 64 00
         6F 00 75 00
         62 00 6C 00
         65 00 3A 00
         74 00 31 00
         34 00 3D 00
         72 00 31 00
         3B 00 32 00
         3B 00 30 00
         3B 00 22 00
         2C 00 31 00
         32 00 38 00
         2C 00 30 00
         2C 00 30 00
         2C 00 30 00
         0D 00 0A 00
00008026                    	.CODE
000002C0                    	.debug
000002C0 2E 00 73 00        		.dw '.stabs "complex int:t15=s2real:1,0,16;imag:1,16,16;;",128,0,0,0',0x0d,0x0a
         74 00 61 00
         62 00 73 00
         20 00 22 00
         63 00 6F 00
         6D 00 70 00
         6C 00 65 00
         78 00 20 00
         69 00 6E 00
         74 00 3A 00
         74 00 31 00
         35 00 3D 00
         73 00 32 00
         72 00 65 00
         61 00 6C 00
         3A 00 31 00
         2C 00 30 00
         2C 00 31 00
         36 00 3B 00
         69 00 6D 00
         61 00 67 00
         3A 00 31 00
         2C 00 31 00
         36 00 2C 00
         31 00 36 00
         3B 00 3B 00
         22 00 2C 00
         31 00 32 00
         38 00 2C 00
         30 00 2C 00
         30 00 2C 00
         30 00 0D 00
         0A 00      
00008026                    	.CODE
00000301                    	.debug
00000301 2E 00 73 00        		.dw '.stabs "complex float:t16=r16;2;0;",128,0,0,0',0x0d,0x0a
         74 00 61 00
         62 00 73 00
         20 00 22 00
         63 00 6F 00
         6D 00 70 00
         6C 00 65 00
         78 00 20 00
         66 00 6C 00
         6F 00 61 00
         74 00 3A 00
         74 00 31 00
         36 00 3D 00
         72 00 31 00
         36 00 3B 00
         32 00 3B 00
         30 00 3B 00
         22 00 2C 00
         31 00 32 00
         38 00 2C 00
         30 00 2C 00
         30 00 2C 00
         30 00 0D 00
         0A 00      
00008026                    	.CODE
00000330                    	.debug
00000330 2E 00 73 00        		.dw '.stabs "complex double:t17=r17;2;0;",128,0,0,0',0x0d,0x0a
         74 00 61 00
         62 00 73 00
         20 00 22 00
         63 00 6F 00
         6D 00 70 00
         6C 00 65 00
         78 00 20 00
         64 00 6F 00
         75 00 62 00
         6C 00 65 00
         3A 00 74 00
         31 00 37 00
         3D 00 72 00
         31 00 37 00
         3B 00 32 00
         3B 00 30 00
         3B 00 22 00
         2C 00 31 00
         32 00 38 00
         2C 00 30 00
         2C 00 30 00
         2C 00 30 00
         0D 00 0A 00
00008026                    	.CODE
00000360                    	.debug
00000360 2E 00 73 00        		.dw '.stabs "complex long double:t18=r18;2;0;",128,0,0,0',0x0d,0x0a
         74 00 61 00
         62 00 73 00
         20 00 22 00
         63 00 6F 00
         6D 00 70 00
         6C 00 65 00
         78 00 20 00
         6C 00 6F 00
         6E 00 67 00
         20 00 64 00
         6F 00 75 00
         62 00 6C 00
         65 00 3A 00
         74 00 31 00
         38 00 3D 00
         72 00 31 00
         38 00 3B 00
         32 00 3B 00
         30 00 3B 00
         22 00 2C 00
         31 00 32 00
         38 00 2C 00
         30 00 2C 00
         30 00 2C 00
         30 00 0D 00
         0A 00      
00008026                    	.CODE
00000395                    	.debug
00000395 2E 00 73 00        		.dw '.stabs "void:t19=19",128,0,0,0',0x0d,0x0a
         74 00 61 00
         62 00 73 00
         20 00 22 00
         76 00 6F 00
         69 00 64 00
         3A 00 74 00
         31 00 39 00
         3D 00 31 00
         39 00 22 00
         2C 00 31 00
         32 00 38 00
         2C 00 30 00
         2C 00 30 00
         2C 00 30 00
         0D 00 0A 00
00008026                    	.CODE
00008026                    	.code
000003B5                    	.debug
000003B5 2E 00 73 00        		.dw '.stabs "main:F1",36,0,0,',0,0,offset _main,seg _main,0x0d,0x0a
         74 00 61 00
         62 00 73 00
         20 00 22 00
         6D 00 61 00
         69 00 6E 00
         3A 00 46 00
         31 00 22 00
         2C 00 33 00
         36 00 2C 00
         30 00 2C 00
         30 00 2C 00
         00 00 00 00
         00 00 00 00
         0D 00 0A 00
00008026                    	.CODE
                            	.public _main
                            	_main:	.proc
000003D3                    	.debug
000003D3 2E 00 73 00        		.dw '.stabn 0x44,0,50,',0,0
         74 00 61 00
         62 00 6E 00
         20 00 30 00
         78 00 34 00
         34 00 2C 00
         30 00 2C 00
         35 00 30 00
         2C 00 00 00
         00 00      
000003E6 00 00 00 00        		.dd LM1-_main
000003E8 0D 00 0A 00        		.dw 0x0d,0x0a
00008026                    	.code
                            	LM1:
                            		// total=3, vars=3
                            		// frame_pointer_needed: 1
00008026 88 DA              		push bp to [sp]
00008027 43 20              		sp-=3
00008028 08 0B 01 00        		bp=sp+1
                            	
0000802A 0D 03 06 00        		R1=BP+6
0000802C 02 D2              		[bp+2]=R1	// QImode move
000003EA                    	.debug
000003EA 2E 00 73 00        		.dw '.stabn 0x44,0,51,',0,0
         74 00 61 00
         62 00 6E 00
         20 00 30 00
         78 00 34 00
         34 00 2C 00
         30 00 2C 00
         35 00 31 00
         2C 00 00 00
         00 00      
000003FD 07 00 00 00        		.dd LM2-_main
000003FF 0D 00 0A 00        		.dw 0x0d,0x0a
0000802D                    	.code
                            	LM2:
                            	LBB2:
0000802D 40 92              		R1=0	// QImode move
0000802E C5 D2              		[BP]=R1	// QImode move
00000401                    	.debug
00000401 2E 00 73 00        		.dw '.stabn 0x44,0,52,',0,0
         74 00 61 00
         62 00 6E 00
         20 00 30 00
         78 00 34 00
         34 00 2C 00
         30 00 2C 00
         35 00 32 00
         2C 00 00 00
         00 00      
00000414 09 00 00 00        		.dd LM3-_main
00000416 0D 00 0A 00        		.dw 0x0d,0x0a
0000802F                    	.code
                            	LM3:
0000802F 05 93              		R1=BP	// QImode move
00008030 0D 05 01 00        		R2=BP+1
00008032 40 92              		R1=0	// QImode move
00008033 02 97              		R3=R2	// QImode move
00008034 C3 D2              		[R3]=R1	// QImode move
00000418                    	.debug
00000418 2E 00 73 00        		.dw '.stabn 0x44,0,54,',0,0
         74 00 61 00
         62 00 6E 00
         20 00 30 00
         78 00 34 00
         34 00 2C 00
         30 00 2C 00
         35 00 34 00
         2C 00 00 00
         00 00      
0000042B 0F 00 00 00        		.dd LM4-_main
0000042D 0D 00 0A 00        		.dw 0x0d,0x0a
00008035                    	.code
                            	LM4:
00008035 09 93 FF 00        		R1=255	// QImode move
00008037 19 D3 02 70        		[28674]=R1	// QImode move
0000042F                    	.debug
0000042F 2E 00 73 00        		.dw '.stabn 0x44,0,55,',0,0
         74 00 61 00
         62 00 6E 00
         20 00 30 00
         78 00 34 00
         34 00 2C 00
         30 00 2C 00
         35 00 35 00
         2C 00 00 00
         00 00      
00000442 13 00 00 00        		.dd LM5-_main
00000444 0D 00 0A 00        		.dw 0x0d,0x0a
00008039                    	.code
                            	LM5:
00008039 09 93 FF 00        		R1=255	// QImode move
0000803B 19 D3 03 70        		[28675]=R1	// QImode move
00000446                    	.debug
00000446 2E 00 73 00        		.dw '.stabn 0x44,0,56,',0,0
         74 00 61 00
         62 00 6E 00
         20 00 30 00
         78 00 34 00
         34 00 2C 00
         30 00 2C 00
         35 00 36 00
         2C 00 00 00
         00 00      
00000459 17 00 00 00        		.dd LM6-_main
0000045B 0D 00 0A 00        		.dw 0x0d,0x0a
0000803D                    	.code
                            	LM6:
0000803D 09 63 00 01        		R1=(-256)	// QImode move
0000803F 19 D3 00 70        		[28672]=R1	// QImode move
0000045D                    	.debug
0000045D 2E 00 73 00        		.dw '.stabn 0x44,0,57,',0,0
         74 00 61 00
         62 00 6E 00
         20 00 30 00
         78 00 34 00
         34 00 2C 00
         30 00 2C 00
         35 00 37 00
         2C 00 00 00
         00 00      
00000470 1B 00 00 00        		.dd LM7-_main
00000472 0D 00 0A 00        		.dw 0x0d,0x0a
00008041                    	.code
                            	LM7:
00008041 09 93 40 00        		R1=64	// QImode move
00008043 19 D3 07 70        		[28679]=R1	// QImode move
00000474                    	.debug
00000474 2E 00 73 00        		.dw '.stabn 0x44,0,58,',0,0
         74 00 61 00
         62 00 6E 00
         20 00 30 00
         78 00 34 00
         34 00 2C 00
         30 00 2C 00
         35 00 38 00
         2C 00 00 00
         00 00      
00000487 1F 00 00 00        		.dd LM8-_main
00000489 0D 00 0A 00        		.dw 0x0d,0x0a
00008045                    	.code
                            	LM8:
00008045 09 93 40 00        		R1=64	// QImode move
00008047 19 D3 08 70        		[28680]=R1	// QImode move
0000048B                    	.debug
0000048B 2E 00 73 00        		.dw '.stabn 0x44,0,59,',0,0
         74 00 61 00
         62 00 6E 00
         20 00 30 00
         78 00 34 00
         34 00 2C 00
         30 00 2C 00
         35 00 39 00
         2C 00 00 00
         00 00      
0000049E 23 00 00 00        		.dd LM9-_main
000004A0 0D 00 0A 00        		.dw 0x0d,0x0a
00008049                    	.code
                            	LM9:
00008049 09 93 40 00        		R1=64	// QImode move
0000804B 19 D3 05 70        		[28677]=R1	// QImode move
000004A2                    	.debug
000004A2 2E 00 73 00        		.dw '.stabn 0x44,0,61,',0,0
         74 00 61 00
         62 00 6E 00
         20 00 30 00
         78 00 34 00
         34 00 2C 00
         30 00 2C 00
         36 00 31 00
         2C 00 00 00
         00 00      
000004B5 27 00 00 00        		.dd LM10-_main
000004B7 0D 00 0A 00        		.dw 0x0d,0x0a
0000804D                    	.code
                            	LM10:
                            	L3:
0000804D 0F 9F 51 80        		pc=L5	// Indirect jump
0000804F 0F 9F 8B 80        		pc=L4	// Indirect jump
                            	L5:
000004B9                    	.debug
000004B9 2E 00 73 00        		.dw '.stabn 0x44,0,63,',0,0
         74 00 61 00
         62 00 6E 00
         20 00 30 00
         78 00 34 00
         34 00 2C 00
         30 00 2C 00
         36 00 33 00
         2C 00 00 00
         00 00      
000004CC 2B 00 00 00        		.dd LM11-_main
000004CE 0D 00 0A 00        		.dw 0x0d,0x0a
00008051                    	.code
                            	LM11:
00008051 40 F0 8E 80        		call _GetKey	// call with return value
00008053 C5 D2              		[BP]=R1	// QImode move
000004D0                    	.debug
000004D0 2E 00 73 00        		.dw '.stabn 0x44,0,64,',0,0
         74 00 61 00
         62 00 6E 00
         20 00 30 00
         78 00 34 00
         34 00 2C 00
         30 00 2C 00
         36 00 34 00
         2C 00 00 00
         00 00      
000004E3 2E 00 00 00        		.dd LM12-_main
000004E5 0D 00 0A 00        		.dw 0x0d,0x0a
00008054                    	.code
                            	LM12:
00008054 C5 92              		R1=[BP]	// QImode move
00008055 40 42              		CMP R1,0	// QImode test
00008056 02 4E              		JNZ L8	// QImode EQ
00008057 0F 9F 67 80        		PC=L6
                            	L8:
000004E7                    	.debug
000004E7 2E 00 73 00        		.dw '.stabn 0x44,0,66,',0,0
         74 00 61 00
         62 00 6E 00
         20 00 30 00
         78 00 34 00
         34 00 2C 00
         30 00 2C 00
         36 00 36 00
         2C 00 00 00
         00 00      
000004FA 33 00 00 00        		.dd LM13-_main
000004FC 0D 00 0A 00        		.dw 0x0d,0x0a
00008059                    	.code
                            	LM13:
00008059 C5 92              		R1=[BP]	// QImode move
0000805A 48 94              		R2=8	// QImode move
0000805B C8 D4              		[SP--]=R2	// QImode move
0000805C C8 D2              		[SP--]=R1	// QImode move
0000805D 40 F0 F4 80        		call __rshu1	// call with return value
0000805F 42 00              		SP=SP+2
00008060 C5 D2              		[BP]=R1	// QImode move
000004FE                    	.debug
000004FE 2E 00 73 00        		.dw '.stabn 0x44,0,67,',0,0
         74 00 61 00
         62 00 6E 00
         20 00 30 00
         78 00 34 00
         34 00 2C 00
         30 00 2C 00
         36 00 37 00
         2C 00 00 00
         00 00      
00000511 3B 00 00 00        		.dd LM14-_main
00000513 0D 00 0A 00        		.dw 0x0d,0x0a
00008061                    	.code
                            	LM14:
00008061 05 93              		R1=BP	// QImode move
00008062 0D 05 01 00        		R2=BP+1
00008064 C5 92              		R1=[BP]	// QImode move
00008065 02 99              		R4=R2	// QImode move
00008066 C4 D2              		[R4]=R1	// QImode move
                            	L6:
00000515                    	.debug
00000515 2E 00 73 00        		.dw '.stabn 0x44,0,69,',0,0
         74 00 61 00
         62 00 6E 00
         20 00 30 00
         78 00 34 00
         34 00 2C 00
         30 00 2C 00
         36 00 39 00
         2C 00 00 00
         00 00      
00000528 41 00 00 00        		.dd LM15-_main
0000052A 0D 00 0A 00        		.dw 0x0d,0x0a
00008067                    	.code
                            	LM15:
00008067 05 93              		R1=BP	// QImode move
00008068 0D 05 01 00        		R2=BP+1
0000806A 02 97              		R3=R2	// QImode move
0000806B C3 92              		R1=[R3]	// QImode move
0000806C 19 D3 00 70        		[28672]=R1	// QImode move
0000052C                    	.debug
0000052C 2E 00 73 00        		.dw '.stabn 0x44,0,70,',0,0
         74 00 61 00
         62 00 6E 00
         20 00 30 00
         78 00 34 00
         34 00 2C 00
         30 00 2C 00
         37 00 30 00
         2C 00 00 00
         00 00      
0000053F 48 00 00 00        		.dd LM16-_main
00000541 0D 00 0A 00        		.dw 0x0d,0x0a
0000806E                    	.code
                            	LM16:
0000806E 05 95              		R2=BP	// QImode move
0000806F 0D 03 01 00        		R1=BP+1
00008071 05 95              		R2=BP	// QImode move
00008072 0D 07 01 00        		R3=BP+1
00008074 03 99              		R4=R3	// QImode move
00008075 C4 94              		R2=[R4]	// QImode move
00008076 42 97              		R3=R2 lsl 1
00008077 01 95              		R2=R1	// QImode move
00008078 C2 D6              		[R2]=R3	// QImode move
00000543                    	.debug
00000543 2E 00 73 00        		.dw '.stabn 0x44,0,71,',0,0
         74 00 61 00
         62 00 6E 00
         20 00 30 00
         78 00 34 00
         34 00 2C 00
         30 00 2C 00
         37 00 31 00
         2C 00 00 00
         00 00      
00000556 53 00 00 00        		.dd LM17-_main
00000558 0D 00 0A 00        		.dw 0x0d,0x0a
00008079                    	.code
                            	LM17:
00008079 05 93              		R1=BP	// QImode move
0000807A 0D 05 01 00        		R2=BP+1
0000807C 02 97              		R3=R2	// QImode move
0000807D C3 92              		R1=[R3]	// QImode move
0000807E 09 43 00 01        		CMP R1,256	// QImode compare
00008080 02 5E              		JZ L9	// QImode NE
00008081 0F 9F 89 80        		PC=L7
                            	L9:
0000055A                    	.debug
0000055A 2E 00 73 00        		.dw '.stabn 0x44,0,72,',0,0
         74 00 61 00
         62 00 6E 00
         20 00 30 00
         78 00 34 00
         34 00 2C 00
         30 00 2C 00
         37 00 32 00
         2C 00 00 00
         00 00      
0000056D 5D 00 00 00        		.dd LM18-_main
0000056F 0D 00 0A 00        		.dw 0x0d,0x0a
00008083                    	.code
                            	LM18:
00008083 05 93              		R1=BP	// QImode move
00008084 0D 05 01 00        		R2=BP+1
00008086 41 92              		R1=1	// QImode move
00008087 02 99              		R4=R2	// QImode move
00008088 C4 D2              		[R4]=R1	// QImode move
                            	L7:
00000571                    	.debug
00000571 2E 00 73 00        		.dw '.stabn 0x44,0,73,',0,0
         74 00 61 00
         62 00 6E 00
         20 00 30 00
         78 00 34 00
         34 00 2C 00
         30 00 2C 00
         37 00 33 00
         2C 00 00 00
         00 00      
00000584 63 00 00 00        		.dd LM19-_main
00000586 0D 00 0A 00        		.dw 0x0d,0x0a
00008089                    	.code
                            	LM19:
00008089 0F 9F 4D 80        		pc=L3	// Indirect jump
                            	L4:
00000588                    	.debug
00000588 2E 00 73 00        		.dw '.stabn 0x44,0,74,',0,0
         74 00 61 00
         62 00 6E 00
         20 00 30 00
         78 00 34 00
         34 00 2C 00
         30 00 2C 00
         37 00 34 00
         2C 00 00 00
         00 00      
0000059B 65 00 00 00        		.dd LM20-_main
0000059D 0D 00 0A 00        		.dw 0x0d,0x0a
0000808B                    	.code
                            	LM20:
                            	LBE2:
0000059F                    	.debug
0000059F 2E 00 73 00        		.dw '.stabn 0x44,0,74,',0,0
         74 00 61 00
         62 00 6E 00
         20 00 30 00
         78 00 34 00
         34 00 2C 00
         30 00 2C 00
         37 00 34 00
         2C 00 00 00
         00 00      
000005B2 65 00 00 00        		.dd LM21-_main
000005B4 0D 00 0A 00        		.dw 0x0d,0x0a
0000808B                    	.code
                            	LM21:
                            	L2:
                            	
0000808B 43 00              		sp+=3
0000808C 88 98              		pop bp from [sp]
0000808D 90 9A              		retf
                            		.endp	// end of main
                            	
000005B6                    	.debug
000005B6 2E 00 73 00        		.dw '.stabn 0xc0,0,0,',0,0
         74 00 61 00
         62 00 6E 00
         20 00 30 00
         78 00 63 00
         30 00 2C 00
         30 00 2C 00
         30 00 2C 00
         00 00 00 00
000005C8 07 00 00 00        		.dd LBB2-_main
000005CA 0D 00 0A 00        		.dw 0x0d,0x0a
0000808E                    	.code
000005CC                    	.debug
000005CC 2E 00 73 00        		.dw '.stabs "Key:4",128,0,0,0',0x0d,0x0a
         74 00 61 00
         62 00 73 00
         20 00 22 00
         4B 00 65 00
         79 00 3A 00
         34 00 22 00
         2C 00 31 00
         32 00 38 00
         2C 00 30 00
         2C 00 30 00
         2C 00 30 00
         0D 00 0A 00
0000808E                    	.CODE
000005E6                    	.debug
000005E6 2E 00 73 00        		.dw '.stabs "LedControl:1",128,0,0,1',0x0d,0x0a
         74 00 61 00
         62 00 73 00
         20 00 22 00
         4C 00 65 00
         64 00 43 00
         6F 00 6E 00
         74 00 72 00
         6F 00 6C 00
         3A 00 31 00
         22 00 2C 00
         31 00 32 00
         38 00 2C 00
         30 00 2C 00
         30 00 2C 00
         31 00 0D 00
         0A 00      
0000808E                    	.CODE
00000607                    	.debug
00000607 2E 00 73 00        		.dw '.stabn 0xe0,0,0,',0,0
         74 00 61 00
         62 00 6E 00
         20 00 30 00
         78 00 65 00
         30 00 2C 00
         30 00 2C 00
         30 00 2C 00
         00 00 00 00
00000619 65 00 00 00        		.dd LBE2-_main
0000061B 0D 00 0A 00        		.dw 0x0d,0x0a
0000808E                    	.code
0000061D                    	.debug
0000061D 2E 00 73 00        		.dw '.stabf ',0,0
         74 00 61 00
         62 00 66 00
         20 00 00 00
         00 00      
00000626 68 00 00 00        		.dd LME1-_main
00000628 0D 00 0A 00        		.dw 0x0d,0x0a
0000808E                    	.code
                            	LME1:
                            	.external _GetKey
                            	.external __rshu1
                            		.end
0 error(s), 0 warning(s).

