Sunplus u'nSP Assembler - Ver. 1.8.0
              Listing File Has Been Relocated
                            	//========================================================================================
                            	// Progarm: Standard function definition
                            	// Writen by: Andy
                            	//
                            	// Last modified date: 
                            	// 		2000/06/23: first version
                            	//		2000/07/15: modified
                            	//		2000/07/24: modified
                            	//
                            	// Note: update hardware.inc with hardware.asm synchorously.
                            	//	
                            	//
                            	//========================================================================================
                            	
                            	.PUBLIC F_SP_Send_PWM;
                            	.PUBLIC F_SP_Send_DAC1;
                            	.PUBLIC F_SP_Send_DAC2;
                            	.PUBLIC F_SP_Send_Two_DAC;
                            	.PUBLIC F_SP_Send_Out;
                            	.public F_SP_Get_ADC;
                            	.PUBLIC F_SP_Set_P_TimerA_Ctrl	
                            	.PUBLIC F_SP_Set_P_TimerA_Data
                            	.PUBLIC F_SP_Set_P_TimerB_Ctrl	
                            	.PUBLIC F_SP_Set_P_TimerB_Data
                            	.PUBLIC F_SP_Set_P_INT_Ctrl
                            	.PUBLIC F_SP_Set_P_INT_Clear
                            	.PUBLIC F_SP_Set_P_SystemClock
                            	.PUBLIC F_SP_Set_P_DAC_Ctrl
                            	.PUBLIC F_SP_Set_P_ADC_Ctrl
                            	.PUBLIC F_SP_Write_INT_Status;        
                            	.PUBLIC F_SP_Read_INT_Status;				
                            	.public	F_SP_RampUpDAC1;
                            	.public	F_SP_RampDnDAC1;
                            	.public	F_SP_RampUpDAC2;
                            	.public	F_SP_RampDnDAC2;
                            	.public	_SP_RampUpDAC1;
                            	.public	_SP_RampDnDAC1;
                            	.public	_SP_RampUpDAC2;
                            	.public	_SP_RampDnDAC2;
                            	.public F_SP_Delay;
                            	.public	F_SP_InitQueue;
                            	.public	F_SP_ReadQueue;
                            	.public	F_SP_WriteQueue;	
                            	.public F_SP_TestQueue;
                            	.PUBLIC _SP_Export; 
                            	.PUBLIC	_SP_Import;
                            	.PUBLIC _SP_Init_IOB;
                            	.PUBLIC _SP_Init_IOA;
                            	
                            	.public	_SP_GetResource	
                            	//////////////////////////////////////////////////////////////////
                            	// Define Area for I/O									
                            	//////////////////////////////////////////////////////////////////
                            	.DEFINE	P_IOA_Data   		0x7000;        // Write Data into data register and read from IOA pad
                            	.DEFINE P_IOA_Buffer        0x7001;        // Write Data into buffer register and read from buffer register
                            	.DEFINE P_IOA_Dir           0x7002;        // Direction vector for IOA
                            	.DEFINE P_IOA_Attrib        0x7003;        // Attribute vector for IOA
                            	.DEFINE P_IOA_Latch         0x7004;        // Latch PortA data for key change wake-up
                            	
                            	.DEFINE P_IOB_Data         	0x7005;        // Write Data into the data register and read from IOB pad
                            	.DEFINE P_IOB_Buffer        0x7006;        // Write Data into buffer register and read from buffer register
                            	.DEFINE P_IOB_Dir           0x7007;        // Direction vector for IOB
                            	.DEFINE P_IOB_Attrib        0x7008;        // Attribute vector for IOB
                            	
                            	.DEFINE P_FeedBack          0x7009;        // Clock form external R,C
                            	.DEFINE P_TimerA_Data       0x700A;        // Data port for TimerA 
                            	.DEFINE P_TimerA_Ctrl       0x700B;        // Control Port for TimerA
                            	.DEFINE P_TimerB_Data       0x700C;        // Data port for TimerB
                            	.DEFINE P_TimerB_Ctrl       0x700D;        // Control Port for TimerB
                            	.DEFINE P_TimeBase_Setup    0x700E;        // TimerBase Freq. Set
                            	.DEFINE P_TimeBase_Clear	0x700F;		   // Reset Timerbase counter
                            	.DEFINE P_INT_Ctrl          0x7010;        // Control port for interrupt source
                            	.DEFINE P_INT_Clear         0x7011;        // Clear interrupt source
                            	.DEFINE P_Watchdog_Clear    0x7012;        // Watchdog Reset
                            	.DEFINE P_SystemClock       0x7013;        // Change system clock frequency(include go to standby mode)
                            	
                            	
                            	//... PA6442 New version MC52A (For EC-03)....
                            	.DEFINE P_ADC 	        	0x7014;        	// Data Port for AD
                            	.DEFINE P_ADC_Ctrl          0x7015;        	// Control Port for AD control
                            	.DEFINE P_ADC_Status        0x7015;        	// AD Port Status
                            	.DEFINE P_DAC2              0x7016;        	// Data Port for DAC2
                            	.DEFINE P_PWM               0x7016;        	// Data Port for PWM
                            	.DEFINE P_DAC1	        	0x7017;        	// Data Port for DAC1
                            	.DEFINE P_DAC_Ctrl			0x702A;			// Control Port for two DAC and audio output mode
                            	//............................................
                            	
                            	.DEFINE P_IR_Ctrl			0x7018;			// Control Port for IR
                            	.DEFINE P_LVD_Ctrl          0x7019;        	// Control Port for LVD
                            	
                            	.DEFINE P_SIO_Addr_Low		0x701B;			// Address Port low
                            	.DEFINE P_SIO_Addr_Mid		0x701C;			// Address Port middle
                            	.DEFINE P_SIO_Addr_High	 	0x701D;			// Address Port high
                            	.DEFINE P_SIO_Ctrl			0x701E;			// Control Port
                            	.DEFINE P_SIO_Start			0x701F;			// Start port for serial interface
                            	.DEFINE P_SIO_Stop			0x7020;			// Stop port for serial interface
                            	
                            	.DEFINE P_UART_Command1		 0x7021;		// Command1 Port for UART
                            	.DEFINE P_UART_Command2		 0x7022;		// Command2 Port for UART
                            	.DEFINE P_UART_Data			 0x7023; 		// Data Port for UART
                            	.DEFINE	P_UART_BaudScalarLow 0x7024;		// Set Baud Rate scalar low
                            	.DEFINE	P_UART_BaudScalarHigh 0x7025;		// Set Baud Rate scalar high
                            	
                            	
                            	// Define for P_INT_Ctrl 
                            	.DEFINE C_IRQ_TMB2              0x0001;        //Timer B IRQ6
                            	.DEFINE C_IRQ_TMB1              0x0002;        //Timer A IRQ6
                            	.DEFINE C_IRQ_2Hz               0x0004;        //2Hz IRQ5
                            	.DEFINE C_IRQ_4Hz               0x0008;        //4Hz IRQ5
                            	.DEFINE C_IRQ_1024Hz            0x0010;        //1024Hz IRQ4
                            	.DEFINE C_IRQ_2048Hz            0x0020;        //2048 IRQ4
                            	.DEFINE C_IRQ_4096Hz            0x0040;        //4096 IRQ4
                            	.DEFINE C_IRQ_KeyChange         0x0080;        //Key Change IRQ3
                            	.DEFINE C_IRQ_Ext1              0x0100;        //Ext1 IRQ3
                            	.DEFINE C_IRQ_Ext2              0x0200;        //Ext2 IRQ3
                            	.DEFINE C_IRQ_TimerB            0x0400;        //Timer B IRQ2
                            	.DEFINE C_FIQ_TimerB            0x0800;        //Timer B FIQ
                            	.DEFINE C_IRQ_TimerA            0x1000;        //Timer A IRQ1
                            	.DEFINE C_FIQ_TimerA            0x2000;        //Timer A FIQ
                            	.DEFINE C_IRQ_PWM               0x4000;        //PWM IRQ0
                            	.DEFINE C_FIQ_PWM               0x8000;        //PWM FIQ
                            	
                            	// Define for P_TimerA_Ctrl, P_TimerB_Ctrl                               
                            	.DEFINE	C_Fosc_2				0x0000;			// Timer A
                            	.DEFINE	C_Fosc_256		   	 	0x0001;			//
                            	.DEFINE	C_32768Hz				0x0002;			//
                            	.DEFINE	C_8192Hz				0x0003;			//
                            	.DEFINE	C_4096Hz				0x0004;			//
                            	.DEFINE	C_A1					0x0005;			//
                            	.DEFINE C_A0					0x0006;			//
                            	.DEFINE C_Ext1					0x0007;			//
                            	
                            	.DEFINE	C_2048Hz				0x0000;			//
                            	.DEFINE	C_1024Hz				0x0008;			//
                            	.DEFINE	C_256Hz					0x0010;			//
                            	.DEFINE	C_TMB1Hz				0x0018;			//
                            	.DEFINE	C_4Hz					0x0020;			//
                            	.DEFINE	C_2Hz					0x0028;			//
                            	.DEFINE	C_B1					0x0030;			//
                            	.DEFINE	C_Ext2					0x0038;			//
                            	
                            	.DEFINE	C_Off					0x0000;			//
                            	.DEFINE C_D1					0x0040;			//
                            	.DEFINE C_D2					0x0080;			//
                            	.DEFINE C_D3					0x00C0;			//
                            	.DEFINE C_D4					0x0100;			//
                            	.DEFINE C_D5					0x0140;			//
                            	.DEFINE C_D6					0x0180;			//
                            	.DEFINE C_D7					0x01C0;			//
                            	.DEFINE C_D8					0x0200;			//
                            	.DEFINE C_D9					0x0240;			//
                            	.DEFINE C_D10					0x0280;			//
                            	.DEFINE C_D11					0x02C0;			//
                            	.DEFINE C_D12					0x0300;			//
                            	.DEFINE C_D13					0x0340;			//
                            	.DEFINE C_D14					0x0380;			//
                            	.DEFINE C_TA_Div_2				0x03C0;			// Timer A
                            	
                            	.DEFINE C_TB_Div_2				0x03C0;			// Timer B
                            	
                            	// Define for P_SystemClock
                            	.DEFINE C_Fosc					0x0000;			// b3..b0
                            	.DEFINE C_Fosc_Div_2			0x0001;			//
                            	.DEFINE C_Fosc_Div_4			0x0002;			//
                            	.DEFINE C_Fosc_Div_8			0x0003;			// (default)
                            	.DEFINE C_Fosc_Div_16			0x0004;			//
                            	.DEFINE C_Fosc_Div_32			0x0005;			//
                            	.DEFINE C_Fosc_Div_64			0x0006;			//
                            	.DEFINE C_Sleep					0x0007;		 	//
                            	
                            	.DEFINE	C_32K_Work				0x0000;			// b4
                            	.DEFINE C_32K_Off				0x0000;			// 
                            	.DEFINE C_StrongMode			0x0000;			// b5
                            	.DEFINE C_AutoMode				0x0000;			//
                            	
                            	// Define for P_AD_Ctrl
                            	.DEFINE	C_AD					0x0001;			//
                            	.DEFINE C_DA					0x0000;			//
                            	.DEFINE C_MIC					0x0000;			//
                            	.DEFINE C_LINE					0x0002;			//
                            	
                            	// Define for P_DA_Ctrl
                            	.DEFINE C_PushPull				0x0000;			// b0, (default) 
                            	.DEFINE C_DoubleEnd				0x0001;			// b0
                            	.DEFINE	C_DAC_Mode				0x0000;			// b1, (default)
                            	.DEFINE C_PWM_Mode				0x0002;			// b1
                            	
                            	.DEFINE	C_D1_Direct				0x0000;			// DAC1 latch
                            	.DEFINE C_D1_LatchA				0x0008;			// 
                            	.DEFINE C_D1_LatchB				0x0010;			//
                            	.DEFINE C_D1_LatchAB			0x0018;			//
                            	
                            	.DEFINE	C_D2_Direct				0x0000;			// DAC2 latch
                            	.DEFINE C_D2_LatchA				0x0020;			// 
                            	.DEFINE C_D2_LatchB				0x0040;			//
                            	.DEFINE C_D2_LatchAB			0x00C0;			//
                            	
                            	// Define for P_LVD_Ctrl
                            	.DEFINE C_LVD24V				0x0000;			// LVD = 2.4V 
                            	.DEFINE C_LVD28V				0x0001;			// LVD = 2.8V
                            	.DEFINE C_LVD32V				0x0002;			// LVD = 3.2V
                            	.DEFINE C_LVD36V				0x0003;			// LVD = 3.6V
                            	
                            	
000001BB                    	.IRAM
                            	.public	R_InterruptStatus;					//
000001BB 00 00              	.VAR	R_InterruptStatus = 0;					// for feature using
                            	.public R_FIQTemp;
000001BC 00 00              	.VAR	R_FIQTemp;							// for temparity used in FIQ interrupt routine
                            	
                            	
                            	.define C_QueueSize 50						// update hardware.inc synchoroneously
000001BD 00 00              	.VAR 	R_Queue;
000001BE 00 00 00 00        	.DW		C_QueueSize-1	DUP(0);
         00 00 00 00
         00 00 00 00
         00 00 00 00
         00 00 00 00
         00 00 00 00
         00 00 00 00
         00 00 00 00
         00 00 00 00
         00 00 00 00
         00 00 00 00
         00 00 00 00
         00 00 00 00
         00 00 00 00
         00 00 00 00
         00 00 00 00
         00 00 00 00
         00 00 00 00
         00 00 00 00
         00 00 00 00
         00 00 00 00
         00 00 00 00
         00 00 00 00
         00 00 00 00
         00 00      
000001EF 00 00              	.VAR	R_ReadIndex;
000001F0 00 00              	.VAR	R_WriteIndex;
                            	
00009F4C                    	.CODE
                            	
                            	//////////////////////////////////////////////////////////////////
                            	// Function: Send data to speech driver(PWM/DAC)                                   
                            	// Destory register: r4                                            
                            	//////////////////////////////////////////////////////////////////        
                            	
                            	F_SP_Send_PWM:    							//
00009F4C 1C D9 16 70        	       [P_PWM] = r4;						//
00009F4E 90 9A              	       retf;           						//
                            	
                            	F_SP_Send_DAC1:								//
00009F4F 1C D9 17 70        			[P_DAC1] = r4;						//
00009F51 90 9A              			retf;        						//
                            	F_SP_Send_DAC2:								//
00009F52 1C D9 16 70        			[P_DAC2] = r4;						//
00009F54 90 9A              			retf;        						//
                            	F_SP_Send_Two_DAC:
00009F55 1C D9 17 70        			[P_DAC1] = r4;						//
00009F57 1C D9 16 70        			[P_DAC2] = r4;						//
00009F59 90 9A              			retf;
                            	
                            	//.DEFINE	F_SP_Send_Out  F_SP_Send_PWM;
                            	//.DEFINE	F_SP_Send_Out  F_SP_Send_DAC1;
                            	//.DEFINE	F_SP_Send_Out  F_SP_Send_DAC2;
                            	.DEFINE	F_SP_Send_Out  F_SP_Send_Two_DAC;		// Send to both DAC1 and DAC2
                            	
                            	
                            	F_SP_Get_ADC:
00009F5A 14 99 14 70        			R4 = [P_ADC]
00009F5C 90 9A              			retf
                            	
                            	
                            	F_SP_Set_P_TimerA_Ctrl:
00009F5D 19 D3 0B 70        		[P_TimerA_Ctrl] = R1
00009F5F 90 9A              		RETF
                            	F_SP_Set_P_TimerA_Data:
00009F60 19 D3 0A 70        		[P_TimerA_Data] = R1
00009F62 90 9A              		RETF
                            	F_SP_Set_P_TimerB_Ctrl:
00009F63 19 D3 0D 70        		[P_TimerB_Ctrl] = R1
00009F65 90 9A              		RETF
                            	F_SP_Set_P_TimerB_Data:
00009F66 19 D3 0C 70        		[P_TimerB_Data] = R1
00009F68 90 9A              		RETF
                            	
                            	F_SP_Set_P_INT_Ctrl:
00009F69 19 D3 10 70        		[P_INT_Ctrl] = R1
00009F6B 90 9A              		RETF
                            	F_SP_Set_P_INT_Clear:
00009F6C 19 D3 11 70        		[P_INT_Clear] = R1
00009F6E 90 9A              		RETF
                            	
                            	F_SP_Set_P_SystemClock:
00009F6F 19 D3 13 70        		[P_SystemClock] = R1
00009F71 90 9A              		RETF
                            	
                            	F_SP_Set_P_DAC_Ctrl:
00009F72 19 D3 2A 70        		[P_DAC_Ctrl] = R1
00009F74 90 9A              		RETF	
                            	
                            	F_SP_Set_P_ADC_Ctrl:
00009F75 19 D3 15 70        		[P_ADC_Ctrl] = R1
00009F77 90 9A              		RETF
                            	
                            	//////////////////////////////////////////////////////////////////
                            	// Function: Interrupt vector setting
                            	// Used register: R1                                                                                    
                            	////////////////////////////////////////////////////////////////// 
                            	
                            	F_SP_Write_INT_Status:						//write interrupt status
00009F78 19 D3 BB 01        	        [R_InterruptStatus] = R1;       	//
00009F7A 90 9A              	        retf;								
                            	        
                            	F_SP_Read_INT_Status:						//read interrupt status
00009F7B 11 93 BB 01        	        R1 = [R_InterruptStatus];       	//
00009F7D 90 9A              	        retf;
                            	
                            	
                            	
                            	////////////////////////////////////////////////////////////////// 
                            	//
                            	//////////////////////////////////////////////////////////////////    
                            	_SP_Init_IOA: .PROC
00009F7E 88 DA              			PUSH BP,BP TO [SP];
00009F7F 08 0B 01 00        	        BP = SP + 1;
00009F81 88 D2              			PUSH R1,R1 TO [SP];
00009F82 03 92              			R1 = [BP+3];						// Port direction
00009F83 19 D3 02 70        			[P_IOA_Dir] = R1;
00009F85 04 92              			R1 = [BP+4];
00009F86 19 D3 00 70        			[P_IOA_Data] = R1;
00009F88 05 92              			R1 = [BP+5];
00009F89 19 D3 03 70        			[P_IOA_Attrib] = R1;
                            			
00009F8B 88 90              			POP R1,R1 FROM [SP];
00009F8C 88 98              	        POP BP,BP FROM [SP];
00009F8D 90 9A              	        RETF;
                            			.ENDP
                            	
                            	////////////////////////////////////////////////////////////////// 
                            	// SP_Inti_IOB
                            	//////////////////////////////////////////////////////////////////    
                            	
                            	_SP_Init_IOB: .PROC
00009F8E 88 DA              			PUSH BP,BP TO [SP];
00009F8F 08 0B 01 00        	        BP = SP + 1;
00009F91 88 D2              			PUSH R1,R1 TO [SP];
00009F92 03 92              			R1 = [BP+3];						// Port direction
00009F93 19 D3 07 70        			[P_IOB_Dir] = R1;
00009F95 04 92              			R1 = [BP+4];
00009F96 19 D3 05 70        			[P_IOB_Data] = R1;
00009F98 05 92              			R1 = [BP+5];
00009F99 19 D3 08 70        			[P_IOB_Attrib] = R1;
                            			
00009F9B 88 90              			POP R1,R1 FROM [SP];
00009F9C 88 98              	        POP BP,BP FROM [SP];
00009F9D 90 9A              	        RETF;
                            			.ENDP
                            	
                            	
                            	
                            	_SP_Import: .PROC
00009F9E 88 DA              	        PUSH BP,BP TO [SP];
00009F9F 08 0B 01 00        	        BP = SP + 1;
00009FA1 90 D4              			PUSH R1,R2 TO [SP];
00009FA2 03 92              			R1 = [BP+3]; 						// Port Number
00009FA3 04 94              			R2 = [BP+4]; 						// Data Buffer Pointer
00009FA4 C1 92              			R1 = [R1] ;
00009FA5 C2 D2              			[R2] = R1 ;
00009FA6 90 90              			POP R1,R2 FROM [SP];
00009FA7 88 98              	        POP BP,BP FROM [SP];
00009FA8 90 9A              	        RETF;
                            			.ENDP
                            	
                            	_SP_Export: .PROC
00009FA9 88 DA              	        PUSH BP,BP TO [SP];
00009FAA 08 0B 01 00        	        BP = SP + 1;
00009FAC 90 D4              			PUSH R1,R2 TO [SP];
00009FAD 03 92              			R1 = [BP+3]; 						// Port Number
00009FAE 04 94              			R2 = [BP+4]; 						// Value
00009FAF C1 D4              			[R1] = R2 ;
00009FB0 90 90              			POP R1,R2 FROM [SP];
00009FB1 88 98              	        POP BP,BP FROM [SP];
00009FB2 90 9A              	        RETF;        
                            	 		.ENDP
                            			 
                            	
                            	
                            		 
                            	///////////////////////////////////////
                            	_SP_RampUpDAC1:	.PROC
                            	F_SP_RampUpDAC1:
00009FB3 90 D4              	                push r1,r2 to [sp];
00009FB4 11 93 17 70        	                r1=[P_DAC1];
00009FB6 09 B3 C0 FF        	                r1 &= ~0x003f;
00009FB8 09 43 00 80        	                cmp     r1,0x8000
00009FBA 0E 0E              	                jb     	L_RU_NormalUp;  
00009FBB 19 5E              	                je      L_RU_End;
                            	                
                            	L_RU_DownLoop:
00009FBC 40 F0 1F A0        	                call    F_Delay;        
00009FBE 41 94              	                r2 = 0x0001;
00009FBF 1A D5 12 70        	                [P_Watchdog_Clear] = r2;
00009FC1 09 23 40 00        	                r1 -= 0x40;
00009FC3 19 D3 17 70        	                [P_DAC1] = r1;
00009FC5 09 43 00 80        	                cmp     r1,0x8000;
00009FC7 4C 4E              	                jne     L_RU_DownLoop;  
                            	L_RD_DownEnd:
00009FC8 0C EE              	                jmp     L_RU_End;
                            	
                            	L_RU_NormalUp:
                            	L_RU_Loop:
00009FC9 40 F0 1F A0        	                call    F_Delay;
00009FCB 41 94              	                r2 = 0x0001;
00009FCC 1A D5 12 70        	                [P_Watchdog_Clear] = r2;
00009FCE 09 03 40 00        	                r1 += 0x40;
00009FD0 19 D3 17 70        	                [P_DAC1] = r1;
00009FD2 09 43 00 80        	                cmp     r1, 0x8000;
00009FD4 4C 4E              	                jne     L_RU_Loop;
                            	                
                            	
                            	L_RU_End:
00009FD5 90 90              	                pop     r1,r2 from [sp];
00009FD6 90 9A              	                retf;
                            	                .ENDP
                            	/////////////////////////////////////// 
                            	_SP_RampDnDAC1:	.PROC
                            	F_SP_RampDnDAC1:
00009FD7 90 D4              					push r1,r2 to [sp];
                            	                //int off;
00009FD8 11 93 17 70        	                r1 = [P_DAC1];
00009FDA 09 B3 C0 FF        	                r1 &= ~0x003F;
00009FDC 0A 5E              	                jz      L_RD_End;
                            	L_RD_Loop:                
00009FDD 40 F0 1F A0        	                call    F_Delay;        
00009FDF 41 94              	                r2 = 0x0001;
00009FE0 1A D5 12 70        	                [P_Watchdog_Clear] = r2;
00009FE2 09 23 40 00        	                r1 -= 0x40;
00009FE4 19 D3 17 70        	                [P_DAC1] = r1;  
00009FE6 4A 4E              	                jnz     L_RD_Loop;
                            	L_RD_End:       
                            	                
00009FE7 90 90              	                pop     r1,r2 from [sp];
00009FE8 90 9A              	                retf;
                            					.ENDP
                            	
                            	///////////////////////////////////////
                            	_SP_RampUpDAC2:	.PROC
                            	F_SP_RampUpDAC2:
00009FE9 90 D4              	                push r1,r2 to [sp];
00009FEA 11 93 16 70        	                r1=[P_DAC2];
00009FEC 09 B3 C0 FF        	                r1 &= ~0x003f;
00009FEE 09 43 00 80        	                cmp     r1,0x8000
00009FF0 0E 0E              	                jb     	L_RU_NormalUp_;  
00009FF1 5D 5E              	                je      L_RU_End;
                            	                
                            	L_RU_DownLoop_:
00009FF2 40 F0 1F A0        	                call    F_Delay;        
00009FF4 41 94              	                r2 = 0x0001;
00009FF5 1A D5 12 70        	                [P_Watchdog_Clear] = r2;
00009FF7 09 23 40 00        	                r1 -= 0x40;
00009FF9 19 D3 16 70        	                [P_DAC2] = r1;
00009FFB 09 43 00 80        	                cmp     r1,0x8000;
00009FFD 4C 4E              	                jne     L_RU_DownLoop_;  
                            	L_RD_DownEnd_:
00009FFE 0C EE              	                jmp     L_RU_End_;
                            	
                            	L_RU_NormalUp_:
                            	L_RU_Loop_:
00009FFF 40 F0 1F A0        	                call    F_Delay;
0000A001 41 94              	                r2 = 0x0001;
0000A002 1A D5 12 70        	                [P_Watchdog_Clear] = r2;
0000A004 09 03 40 00        	                r1 += 0x40;
0000A006 19 D3 16 70        	                [P_DAC2] = r1;
0000A008 09 43 00 80        	                cmp     r1, 0x8000;
0000A00A 4C 4E              	                jne     L_RU_Loop_;
                            	                
                            	
                            	L_RU_End_:
0000A00B 90 90              	                pop     r1,r2 from [sp];
0000A00C 90 9A              	                retf;
                            	                .ENDP
                            	/////////////////////////////////////// 
                            	_SP_RampDnDAC2:	.PROC
                            	F_SP_RampDnDAC2:
                            					//int off;
0000A00D 90 D4              					push r1,r2 to [sp];
                            	                
0000A00E 11 93 16 70        	                r1 = [P_DAC2];
0000A010 09 B3 C0 FF        	                r1 &= ~0x003F;
0000A012 0A 5E              	                jz      L_RD_End_;
                            	L_RD_Loop_:                
0000A013 40 F0 1F A0        	                call    F_Delay;        
0000A015 41 94              	                r2 = 0x0001;
0000A016 1A D5 12 70        	                [P_Watchdog_Clear] = r2;
0000A018 09 23 40 00        	                r1 -= 0x40;
0000A01A 19 D3 16 70        	                [P_DAC2] = r1;  
0000A01C 4A 4E              	                jnz     L_RD_Loop_;
                            	L_RD_End_:       
                            	                
0000A01D 90 90              	                pop     r1,r2 from [sp];
0000A01E 90 9A              	                retf;
                            					.ENDP
                            	////////////////////////////////////////
                            	
                            	F_Delay:
0000A01F 88 D2              	                push r1 to [sp];
0000A020 48 92              	                r1 = 8;
                            	L_D_Loop:
0000A021 41 22              	                r1 -= 1;
0000A022 42 4E              	                jnz     L_D_Loop; 
0000A023 88 90              	                pop     r1 from [sp];
0000A024 90 9A              	                retf;	 
                            	                
                            	                
                            	///////////////////////////////////////////
                            	// Function: Initial Queue
                            	// Destory: R1,R2
                            	///////////////////////////////////////////	
                            	
                            	F_SP_InitQueue:
0000A025 09 93 BD 01        			R1 = R_Queue;
0000A027 40 94              			R2 = 0;
                            	L_ClearQueueLoop:		
0000A028 D1 D4              			[R1++] = R2;
0000A029 09 43 EF 01        			cmp	R1, R_Queue+C_QueueSize;
0000A02B 44 4E              			jne	L_ClearQueueLoop;
                            				
0000A02C 40 92              			R1 = 0;
0000A02D 19 D3 EF 01        			[R_ReadIndex] = R1;
0000A02F 19 D3 F0 01        			[R_WriteIndex] = R1;
                            					
0000A031 90 9A              			retf;
                            			
                            	///////////////////////////////////////////
                            	// Function: Get a data form Queue
                            	// Output:  R1: Data
                            	//			R2: return value
                            	// Destory: R1,R2
                            	///////////////////////////////////////////		
                            	F_SP_ReadQueue:
                            	
0000A032 12 95 EF 01        			R2 = [R_ReadIndex];
0000A034 12 45 F0 01        			cmp R2,[R_WriteIndex];
0000A036 0C 5E              			je	L_RQ_QueueEmpty;
                            	
0000A037 0A 05 BD 01        			R2 += R_Queue;				// get queue data address
0000A039 C2 92              			R1 = [R2];
                            			
0000A03A 12 95 EF 01        			R2 = [R_ReadIndex];
0000A03C 41 04              			R2 += 1;
0000A03D 72 44              			cmp	R2, C_QueueSize;
0000A03E 01 4E              			jne	L_RQ_NotQueueBottom;
0000A03F 40 94              			R2 = 0;
                            	L_RQ_NotQueueBottom:	
0000A040 1A D5 EF 01        			[R_ReadIndex] = R2;			
                            			//r2 = 0x0000;						// get queue data
0000A042 90 9A              			retf;
                            	
                            	L_RQ_QueueEmpty:
                            			//r2 = 0x8000;						// queue empty
0000A043 90 9A              			retf;
                            	///////////////////////////////////////////
                            	// Function: Put a data to Queue
                            	// R1: Input
                            	// Destory: R1,R2,R3
                            	///////////////////////////////////////////	
                            				
                            	F_SP_WriteQueue:
0000A044 12 95 F0 01        			R2 = [R_WriteIndex];			// put data to queue
0000A046 0A 05 BD 01        			R2 += R_Queue;
0000A048 C2 D2              			[R2] = R1;
                            	
0000A049 12 95 F0 01        			R2 = [R_WriteIndex];
0000A04B 41 04              			R2 += 1;
0000A04C 72 44              			cmp	R2, C_QueueSize;
0000A04D 01 4E              			jne	L_WQ_NotQueueBottom;
0000A04E 40 94              			R2 = 0;
                            	L_WQ_NotQueueBottom:
0000A04F 1A D5 F0 01        			[R_WriteIndex] = R2;
0000A051 90 9A              			retf;
                            			
                            	//..........................................
                            	F_SP_TestQueue:
                            			//... Test Queue Empty ...
0000A052 11 93 EF 01        			R1 = [R_ReadIndex];
0000A054 11 43 F0 01        			cmp R1,[R_WriteIndex];
0000A056 11 5E              			je	L_TQ_QueueEmpty;
                            	
                            			//... Test Queue Full ...
0000A057 11 93 EF 01        			R1 = [R_ReadIndex];				// For N Queue Full: 1. W=R-1 2.R=0/W=N-1
0000A059 04 4E              			jnz	L_TQ_JudgeCond2;
0000A05A 11 93 F0 01        			R1 = [R_WriteIndex];
0000A05C 71 42              			cmp	R1, C_QueueSize-1;			// Cond1
0000A05D 08 5E              			je	L_TQ_QueueFull;			
                            	L_TQ_JudgeCond2:		
0000A05E 11 93 EF 01        			R1 = [R_ReadIndex];
0000A060 41 22              			R1 -=1;
0000A061 11 43 F0 01        			cmp R1,[R_WriteIndex];
0000A063 02 5E              			je	L_TQ_QueueFull;	
                            	
0000A064 40 92              			r1 = 0;							// not Full, not empty
0000A065 90 9A              			retf;
                            	L_TQ_QueueFull:
0000A066 41 92              			r1 = 1;							// full
0000A067 90 9A              			retf;
                            	L_TQ_QueueEmpty:
0000A068 42 92              			r1 = 2;							// empty
0000A069 90 9A              			retf;
                            	//.........................................                
                            	
                            	//////////////////////////////////////////////////////
                            	// SACM_GetResource(Address,Page,offset);
                            	//////////////////////////////////////////////////////
                            	
                            	_SP_GetResource:	.PROC
0000A06A 88 DA              			push bp to [sp];
0000A06B 08 0B 01 00        			bp = sp + 1;
                            			//push r2 to [sp];
0000A06D 03 92              			r1 = [bp+3];					// address
0000A06E 04 94              			r2 = [bp+4];					// bank
                            			
0000A06F 5A 95              			r2 = r2 lsl 4;
0000A070 5A 95              			r2 = r2 lsl 4;
0000A071 4A 95              			r2 = r2 lsl 2;
                            			
0000A072 7F BC              			sr &= 0x03f;
0000A073 06 A5              	        r2 |=sr;
0000A074 02 9D              	        sr = r2;
                            	  
0000A075 E1 92              	  		r1 = D:[r1];
                            	       
                            			//pop	r2 from [sp];
0000A076 88 98              			pop	 bp from [sp];
0000A077 90 9A              			retf;
                            			.ENDP 
                            	
                            	_SP_Delay:	.PROC
                            	F_SP_Delay:
                            	
                            	
0000A078 90 9A              			retf;
                            			.ENDP
                            	                
                            	//========================================================================================        
                            	// End of hardware.asm
                            	//========================================================================================
                            	
                            	
                            	
                            	        
                            	        
                            	        
0 error(s), 0 warning(s).

