C51 COMPILER V7.06   MAIN                                                                  03/16/2011 16:22:42 PAGE 1   


C51 COMPILER V7.06, COMPILATION OF MODULE MAIN
OBJECT MODULE PLACED IN Main.OBJ
COMPILER INVOKED BY: C:\Keil\C51\BIN\C51.EXE Main.c BROWSE DEBUG OBJECTEXTEND

stmt level    source

   1          /*
   2           ----------------------------------------------------
   3           *作    者：温子祺
   4           ----------------------------------------------------
   5           */
   6          
   7          #include "stc.h"           
   8          
   9          #define LED_PORT     P2  //定义LED控制端口为P2口
  10          
  11          /********************************************
  12          *函数名称:Delay
  13          *输    入:无
  14          *输    出:无
  15          *说    明:延时一段时间
  16          ********************************************/
  17          void Delay(void)          
  18          {
  19   1              unsigned char i,j;   
  20   1      
  21   1              for(i=0;i<130;i++)     
  22   1                      for(j=0;j<255;j++);
  23   1      }
  24          /********************************************
  25          *函数名称:WDTInit
  26          *输    入:无
  27          *输    出:无
  28          *说    明:看门狗初始化
  29          ********************************************/
  30          void WDTInit(void)
  31          {
  32   1           WDT_CONTR=0x35;//使能看门狗，预分频64
  33   1      }
  34           
  35          /********************************************
  36          *函数名称:WDTFeed
  37          *输    入:无
  38          *输    出:无
  39          *说    明:喂狗操作
  40          ********************************************/
  41          void WDTFeed(void)
  42          {
  43   1           WDT_CONTR=0x35;
  44   1      }
  45          /********************************************
  46          *函数名称:EXTInit
  47          *输    入:无
  48          *输    出:无
  49          *说    明:外部中断初始化
  50          ********************************************/
  51          void EXTInit(void)
  52          {
  53   1           EX1=1;        //允许外部中断1中断
  54   1           IT1=0;        //低电平触发
  55   1           EA=1;         //开启全局中断
C51 COMPILER V7.06   MAIN                                                                  03/16/2011 16:22:42 PAGE 2   

  56   1      }
  57          /********************************************
  58          *函数名称:main
  59          *输    入:无
  60          *输    出:无
  61          *说    明:函数
  62          ********************************************/
  63          void main(void)            
  64          {
  65   1          unsigned char i;
  66   1                      
  67   1              for(i=0;i<20;i++)      //循环闪烁LED灯
  68   1              {
  69   2                 LED_PORT=~LED_PORT;
  70   2      
  71   2                 Delay();
  72   2                 
  73   2              }
  74   1      
  75   1              WDTInit();             //初始化看门狗
  76   1          EXTInit();             //外部中断初始化
  77   1      
  78   1              while(1);               //让看门狗定时器溢出复位        
  79   1      
  80   1      }
  81          /********************************************
  82          *函数名称:EXT1IRQ
  83          *输    入:无
  84          *输    出:无
  85          *说    明:外部中断1中断服务函数 喂狗
  86          ********************************************/
  87          void EXT1IRQ(void)interrupt 2
  88          {
  89   1           
  90   1           WDTFeed(); //喂狗
  91   1      
  92   1      }
  93          


MODULE INFORMATION:   STATIC OVERLAYABLE
   CODE SIZE        =     52    ----
   CONSTANT SIZE    =   ----    ----
   XDATA SIZE       =   ----    ----
   PDATA SIZE       =   ----    ----
   DATA SIZE        =   ----    ----
   IDATA SIZE       =   ----    ----
   BIT SIZE         =   ----    ----
END OF MODULE INFORMATION.


C51 COMPILATION COMPLETE.  0 WARNING(S),  0 ERROR(S)
