Sunplus u'nSP Assembler - Ver. 1.8.0
              Listing File Has Been Relocated
                            	// GCC for SUNPLUS u'nSP version 1.0.10
                            	// Command: E:\PROGRA~1\Sunplus\UNSPID~3\IDE180\cc1.exe C:\DOCUME~1\˔Ȼ˚.DOMAIN\LOCALS~1\Temp\ccWuaaaa.i -fkeep-inline-functions -quiet -dumpbase main.c -gstabs -o .\Debug/main.asm
                            	// gcc2_compiled.:
                            	
00008026                    	.code
                            	Ltext0:
00000000                    	.debug
00000000 2E 00 73 00        		.dw '.stabs "int:t1=r1;-32768;32767;",128,0,0,0',0x0d,0x0a
         74 00 61 00
         62 00 73 00
         20 00 22 00
         69 00 6E 00
         74 00 3A 00
         74 00 31 00
         3D 00 72 00
         31 00 3B 00
         2D 00 33 00
         32 00 37 00
         36 00 38 00
         3B 00 33 00
         32 00 37 00
         36 00 37 00
         3B 00 22 00
         2C 00 31 00
         32 00 38 00
         2C 00 30 00
         2C 00 30 00
         2C 00 30 00
         0D 00 0A 00
00008026                    	.CODE
0000002C                    	.debug
0000002C 2E 00 73 00        		.dw '.stabs "char:t2=r2;0;127;",128,0,0,0',0x0d,0x0a
         74 00 61 00
         62 00 73 00
         20 00 22 00
         63 00 68 00
         61 00 72 00
         3A 00 74 00
         32 00 3D 00
         72 00 32 00
         3B 00 30 00
         3B 00 31 00
         32 00 37 00
         3B 00 22 00
         2C 00 31 00
         32 00 38 00
         2C 00 30 00
         2C 00 30 00
         2C 00 30 00
         0D 00 0A 00
00008026                    	.CODE
00000052                    	.debug
00000052 2E 00 73 00        		.dw '.stabs "long int:t3=r3;-2147483648;2147483647;",128,0,0,0',0x0d,0x0a
         74 00 61 00
         62 00 73 00
         20 00 22 00
         6C 00 6F 00
         6E 00 67 00
         20 00 69 00
         6E 00 74 00
         3A 00 74 00
         33 00 3D 00
         72 00 33 00
         3B 00 2D 00
         32 00 31 00
         34 00 37 00
         34 00 38 00
         33 00 36 00
         34 00 38 00
         3B 00 32 00
         31 00 34 00
         37 00 34 00
         38 00 33 00
         36 00 34 00
         37 00 3B 00
         22 00 2C 00
         31 00 32 00
         38 00 2C 00
         30 00 2C 00
         30 00 2C 00
         30 00 0D 00
         0A 00      
00008026                    	.CODE
0000008D                    	.debug
0000008D 2E 00 73 00        		.dw '.stabs "unsigned int:t4=r4;0;65535;",128,0,0,0',0x0d,0x0a
         74 00 61 00
         62 00 73 00
         20 00 22 00
         75 00 6E 00
         73 00 69 00
         67 00 6E 00
         65 00 64 00
         20 00 69 00
         6E 00 74 00
         3A 00 74 00
         34 00 3D 00
         72 00 34 00
         3B 00 30 00
         3B 00 36 00
         35 00 35 00
         33 00 35 00
         3B 00 22 00
         2C 00 31 00
         32 00 38 00
         2C 00 30 00
         2C 00 30 00
         2C 00 30 00
         0D 00 0A 00
00008026                    	.CODE
000000BD                    	.debug
000000BD 2E 00 73 00        		.dw '.stabs "long unsigned int:t5=r5;0;4294967295;",128,0,0,0',0x0d,0x0a
         74 00 61 00
         62 00 73 00
         20 00 22 00
         6C 00 6F 00
         6E 00 67 00
         20 00 75 00
         6E 00 73 00
         69 00 67 00
         6E 00 65 00
         64 00 20 00
         69 00 6E 00
         74 00 3A 00
         74 00 35 00
         3D 00 72 00
         35 00 3B 00
         30 00 3B 00
         34 00 32 00
         39 00 34 00
         39 00 36 00
         37 00 32 00
         39 00 35 00
         3B 00 22 00
         2C 00 31 00
         32 00 38 00
         2C 00 30 00
         2C 00 30 00
         2C 00 30 00
         0D 00 0A 00
00008026                    	.CODE
000000F7                    	.debug
000000F7 2E 00 73 00        		.dw '.stabs "long long int:t6=r6;-2147483648;2147483647;",128,0,0,0',0x0d,0x0a
         74 00 61 00
         62 00 73 00
         20 00 22 00
         6C 00 6F 00
         6E 00 67 00
         20 00 6C 00
         6F 00 6E 00
         67 00 20 00
         69 00 6E 00
         74 00 3A 00
         74 00 36 00
         3D 00 72 00
         36 00 3B 00
         2D 00 32 00
         31 00 34 00
         37 00 34 00
         38 00 33 00
         36 00 34 00
         38 00 3B 00
         32 00 31 00
         34 00 37 00
         34 00 38 00
         33 00 36 00
         34 00 37 00
         3B 00 22 00
         2C 00 31 00
         32 00 38 00
         2C 00 30 00
         2C 00 30 00
         2C 00 30 00
         0D 00 0A 00
00008026                    	.CODE
00000137                    	.debug
00000137 2E 00 73 00        		.dw '.stabs "long long unsigned int:t7=r7;0;4294967295;",128,0,0,0',0x0d,0x0a
         74 00 61 00
         62 00 73 00
         20 00 22 00
         6C 00 6F 00
         6E 00 67 00
         20 00 6C 00
         6F 00 6E 00
         67 00 20 00
         75 00 6E 00
         73 00 69 00
         67 00 6E 00
         65 00 64 00
         20 00 69 00
         6E 00 74 00
         3A 00 74 00
         37 00 3D 00
         72 00 37 00
         3B 00 30 00
         3B 00 34 00
         32 00 39 00
         34 00 39 00
         36 00 37 00
         32 00 39 00
         35 00 3B 00
         22 00 2C 00
         31 00 32 00
         38 00 2C 00
         30 00 2C 00
         30 00 2C 00
         30 00 0D 00
         0A 00      
00008026                    	.CODE
00000176                    	.debug
00000176 2E 00 73 00        		.dw '.stabs "short int:t8=r8;-32768;32767;",128,0,0,0',0x0d,0x0a
         74 00 61 00
         62 00 73 00
         20 00 22 00
         73 00 68 00
         6F 00 72 00
         74 00 20 00
         69 00 6E 00
         74 00 3A 00
         74 00 38 00
         3D 00 72 00
         38 00 3B 00
         2D 00 33 00
         32 00 37 00
         36 00 38 00
         3B 00 33 00
         32 00 37 00
         36 00 37 00
         3B 00 22 00
         2C 00 31 00
         32 00 38 00
         2C 00 30 00
         2C 00 30 00
         2C 00 30 00
         0D 00 0A 00
00008026                    	.CODE
000001A8                    	.debug
000001A8 2E 00 73 00        		.dw '.stabs "short unsigned int:t9=r9;0;65535;",128,0,0,0',0x0d,0x0a
         74 00 61 00
         62 00 73 00
         20 00 22 00
         73 00 68 00
         6F 00 72 00
         74 00 20 00
         75 00 6E 00
         73 00 69 00
         67 00 6E 00
         65 00 64 00
         20 00 69 00
         6E 00 74 00
         3A 00 74 00
         39 00 3D 00
         72 00 39 00
         3B 00 30 00
         3B 00 36 00
         35 00 35 00
         33 00 35 00
         3B 00 22 00
         2C 00 31 00
         32 00 38 00
         2C 00 30 00
         2C 00 30 00
         2C 00 30 00
         0D 00 0A 00
00008026                    	.CODE
000001DE                    	.debug
000001DE 2E 00 73 00        		.dw '.stabs "signed char:t10=r10;-32768;32767;",128,0,0,0',0x0d,0x0a
         74 00 61 00
         62 00 73 00
         20 00 22 00
         73 00 69 00
         67 00 6E 00
         65 00 64 00
         20 00 63 00
         68 00 61 00
         72 00 3A 00
         74 00 31 00
         30 00 3D 00
         72 00 31 00
         30 00 3B 00
         2D 00 33 00
         32 00 37 00
         36 00 38 00
         3B 00 33 00
         32 00 37 00
         36 00 37 00
         3B 00 22 00
         2C 00 31 00
         32 00 38 00
         2C 00 30 00
         2C 00 30 00
         2C 00 30 00
         0D 00 0A 00
00008026                    	.CODE
00000214                    	.debug
00000214 2E 00 73 00        		.dw '.stabs "unsigned char:t11=r11;0;65535;",128,0,0,0',0x0d,0x0a
         74 00 61 00
         62 00 73 00
         20 00 22 00
         75 00 6E 00
         73 00 69 00
         67 00 6E 00
         65 00 64 00
         20 00 63 00
         68 00 61 00
         72 00 3A 00
         74 00 31 00
         31 00 3D 00
         72 00 31 00
         31 00 3B 00
         30 00 3B 00
         36 00 35 00
         35 00 33 00
         35 00 3B 00
         22 00 2C 00
         31 00 32 00
         38 00 2C 00
         30 00 2C 00
         30 00 2C 00
         30 00 0D 00
         0A 00      
00008026                    	.CODE
00000247                    	.debug
00000247 2E 00 73 00        		.dw '.stabs "float:t12=r1;2;0;",128,0,0,0',0x0d,0x0a
         74 00 61 00
         62 00 73 00
         20 00 22 00
         66 00 6C 00
         6F 00 61 00
         74 00 3A 00
         74 00 31 00
         32 00 3D 00
         72 00 31 00
         3B 00 32 00
         3B 00 30 00
         3B 00 22 00
         2C 00 31 00
         32 00 38 00
         2C 00 30 00
         2C 00 30 00
         2C 00 30 00
         0D 00 0A 00
00008026                    	.CODE
0000026D                    	.debug
0000026D 2E 00 73 00        		.dw '.stabs "double:t13=r1;2;0;",128,0,0,0',0x0d,0x0a
         74 00 61 00
         62 00 73 00
         20 00 22 00
         64 00 6F 00
         75 00 62 00
         6C 00 65 00
         3A 00 74 00
         31 00 33 00
         3D 00 72 00
         31 00 3B 00
         32 00 3B 00
         30 00 3B 00
         22 00 2C 00
         31 00 32 00
         38 00 2C 00
         30 00 2C 00
         30 00 2C 00
         30 00 0D 00
         0A 00      
00008026                    	.CODE
00000294                    	.debug
00000294 2E 00 73 00        		.dw '.stabs "long double:t14=r1;2;0;",128,0,0,0',0x0d,0x0a
         74 00 61 00
         62 00 73 00
         20 00 22 00
         6C 00 6F 00
         6E 00 67 00
         20 00 64 00
         6F 00 75 00
         62 00 6C 00
         65 00 3A 00
         74 00 31 00
         34 00 3D 00
         72 00 31 00
         3B 00 32 00
         3B 00 30 00
         3B 00 22 00
         2C 00 31 00
         32 00 38 00
         2C 00 30 00
         2C 00 30 00
         2C 00 30 00
         0D 00 0A 00
00008026                    	.CODE
000002C0                    	.debug
000002C0 2E 00 73 00        		.dw '.stabs "complex int:t15=s2real:1,0,16;imag:1,16,16;;",128,0,0,0',0x0d,0x0a
         74 00 61 00
         62 00 73 00
         20 00 22 00
         63 00 6F 00
         6D 00 70 00
         6C 00 65 00
         78 00 20 00
         69 00 6E 00
         74 00 3A 00
         74 00 31 00
         35 00 3D 00
         73 00 32 00
         72 00 65 00
         61 00 6C 00
         3A 00 31 00
         2C 00 30 00
         2C 00 31 00
         36 00 3B 00
         69 00 6D 00
         61 00 67 00
         3A 00 31 00
         2C 00 31 00
         36 00 2C 00
         31 00 36 00
         3B 00 3B 00
         22 00 2C 00
         31 00 32 00
         38 00 2C 00
         30 00 2C 00
         30 00 2C 00
         30 00 0D 00
         0A 00      
00008026                    	.CODE
00000301                    	.debug
00000301 2E 00 73 00        		.dw '.stabs "complex float:t16=r16;2;0;",128,0,0,0',0x0d,0x0a
         74 00 61 00
         62 00 73 00
         20 00 22 00
         63 00 6F 00
         6D 00 70 00
         6C 00 65 00
         78 00 20 00
         66 00 6C 00
         6F 00 61 00
         74 00 3A 00
         74 00 31 00
         36 00 3D 00
         72 00 31 00
         36 00 3B 00
         32 00 3B 00
         30 00 3B 00
         22 00 2C 00
         31 00 32 00
         38 00 2C 00
         30 00 2C 00
         30 00 2C 00
         30 00 0D 00
         0A 00      
00008026                    	.CODE
00000330                    	.debug
00000330 2E 00 73 00        		.dw '.stabs "complex double:t17=r17;2;0;",128,0,0,0',0x0d,0x0a
         74 00 61 00
         62 00 73 00
         20 00 22 00
         63 00 6F 00
         6D 00 70 00
         6C 00 65 00
         78 00 20 00
         64 00 6F 00
         75 00 62 00
         6C 00 65 00
         3A 00 74 00
         31 00 37 00
         3D 00 72 00
         31 00 37 00
         3B 00 32 00
         3B 00 30 00
         3B 00 22 00
         2C 00 31 00
         32 00 38 00
         2C 00 30 00
         2C 00 30 00
         2C 00 30 00
         0D 00 0A 00
00008026                    	.CODE
00000360                    	.debug
00000360 2E 00 73 00        		.dw '.stabs "complex long double:t18=r18;2;0;",128,0,0,0',0x0d,0x0a
         74 00 61 00
         62 00 73 00
         20 00 22 00
         63 00 6F 00
         6D 00 70 00
         6C 00 65 00
         78 00 20 00
         6C 00 6F 00
         6E 00 67 00
         20 00 64 00
         6F 00 75 00
         62 00 6C 00
         65 00 3A 00
         74 00 31 00
         38 00 3D 00
         72 00 31 00
         38 00 3B 00
         32 00 3B 00
         30 00 3B 00
         22 00 2C 00
         31 00 32 00
         38 00 2C 00
         30 00 2C 00
         30 00 2C 00
         30 00 0D 00
         0A 00      
00008026                    	.CODE
00000395                    	.debug
00000395 2E 00 73 00        		.dw '.stabs "void:t19=19",128,0,0,0',0x0d,0x0a
         74 00 61 00
         62 00 73 00
         20 00 22 00
         76 00 6F 00
         69 00 64 00
         3A 00 74 00
         31 00 39 00
         3D 00 31 00
         39 00 22 00
         2C 00 31 00
         32 00 38 00
         2C 00 30 00
         2C 00 30 00
         2C 00 30 00
         0D 00 0A 00
00008026                    	.CODE
000003B5                    	.debug
000003B5 2E 00 73 00        		.dw '.stabs "P_IOA_Data:G20=*4",32,0,0,',0,0,offset _P_IOA_Data,seg _P_IOA_Data,0x0d,0x0a
         74 00 61 00
         62 00 73 00
         20 00 22 00
         50 00 5F 00
         49 00 4F 00
         41 00 5F 00
         44 00 61 00
         74 00 61 00
         3A 00 47 00
         32 00 30 00
         3D 00 2A 00
         34 00 22 00
         2C 00 33 00
         32 00 2C 00
         30 00 2C 00
         30 00 2C 00
         00 00 00 00
         00 00 00 00
         0D 00 0A 00
00008026                    	.CODE
                            	.public _P_IOA_Data
00000006                    	.iram
                            	_P_IOA_Data:
00000006 00 70              		.dw 28672
000003DD                    	.debug
000003DD 2E 00 73 00        		.dw '.stabs "P_IOA_Dir:G20",32,0,0,',0,0,offset _P_IOA_Dir,seg _P_IOA_Dir,0x0d,0x0a
         74 00 61 00
         62 00 73 00
         20 00 22 00
         50 00 5F 00
         49 00 4F 00
         41 00 5F 00
         44 00 69 00
         72 00 3A 00
         47 00 32 00
         30 00 22 00
         2C 00 33 00
         32 00 2C 00
         30 00 2C 00
         30 00 2C 00
         00 00 00 00
         01 00 00 00
         0D 00 0A 00
00008026                    	.CODE
                            	.public _P_IOA_Dir
00000007                    	.iram
                            	_P_IOA_Dir:
00000007 02 70              		.dw 28674
00000401                    	.debug
00000401 2E 00 73 00        		.dw '.stabs "P_P_IOA_Attrib:G20",32,0,0,',0,0,offset _P_P_IOA_Attrib,seg _P_P_IOA_Attrib,0x0d,0x0a
         74 00 61 00
         62 00 73 00
         20 00 22 00
         50 00 5F 00
         50 00 5F 00
         49 00 4F 00
         41 00 5F 00
         41 00 74 00
         74 00 72 00
         69 00 62 00
         3A 00 47 00
         32 00 30 00
         22 00 2C 00
         33 00 32 00
         2C 00 30 00
         2C 00 30 00
         2C 00 00 00
         00 00 02 00
         00 00 0D 00
         0A 00      
00008026                    	.CODE
                            	.public _P_P_IOA_Attrib
00000008                    	.iram
                            	_P_P_IOA_Attrib:
00000008 03 70              		.dw 28675
00008026                    	.code
0000042A                    	.debug
0000042A 2E 00 73 00        		.dw '.stabs "key:F19",36,0,0,',0,0,offset _key,seg _key,0x0d,0x0a
         74 00 61 00
         62 00 73 00
         20 00 22 00
         6B 00 65 00
         79 00 3A 00
         46 00 31 00
         39 00 22 00
         2C 00 33 00
         36 00 2C 00
         30 00 2C 00
         30 00 2C 00
         00 00 00 00
         00 00 00 00
         0D 00 0A 00
00008026                    	.CODE
                            	.public _key
                            	_key:	.proc
00000448                    	.debug
00000448 2E 00 73 00        		.dw '.stabn 0x44,0,7,',0,0
         74 00 61 00
         62 00 6E 00
         20 00 30 00
         78 00 34 00
         34 00 2C 00
         30 00 2C 00
         37 00 2C 00
         00 00 00 00
0000045A 00 00 00 00        		.dd LM1-_key
0000045C 0D 00 0A 00        		.dw 0x0d,0x0a
00008026                    	.code
                            	LM1:
                            		// total=1, vars=1
                            		// frame_pointer_needed: 1
00008026 88 DA              		push bp to [sp]
00008027 41 20              		sp-=1
00008028 08 0B 01 00        		bp=sp+1
                            	
0000802A 0D 03 04 00        		R1=BP+4
0000045E                    	.debug
0000045E 2E 00 73 00        		.dw '.stabn 0x44,0,8,',0,0
         74 00 61 00
         62 00 6E 00
         20 00 30 00
         78 00 34 00
         34 00 2C 00
         30 00 2C 00
         38 00 2C 00
         00 00 00 00
00000470 06 00 00 00        		.dd LM2-_key
00000472 0D 00 0A 00        		.dw 0x0d,0x0a
0000802C                    	.code
                            	LM2:
0000802C 50 94              		R2=16	// QImode move
0000802D 1A D5 05 00        		[_row]=R2	// QImode move
                            	L3:
0000802F 12 95 05 00        		R2=[_row]	// QImode move
00008031 0A 45 FF 00        		CMP R2,255	// QImode compare
00008033 02 9E              		JA L8	// QImode LEU
00008034 0F 9F 38 80        		PC=L6
                            	L8:
00008036 0F 9F 58 80        		pc=L4	// jump
                            	L6:
00000474                    	.debug
00000474 2E 00 73 00        		.dw '.stabn 0x44,0,10,',0,0
         74 00 61 00
         62 00 6E 00
         20 00 30 00
         78 00 34 00
         34 00 2C 00
         30 00 2C 00
         31 00 30 00
         2C 00 00 00
         00 00      
00000487 12 00 00 00        		.dd LM3-_key
00000489 0D 00 0A 00        		.dw 0x0d,0x0a
00008038                    	.code
                            	LM3:
00008038 12 95 06 00        		R2=[_P_IOA_Data]	// QImode move
0000803A 13 97 06 00        		R3=[_P_IOA_Data]	// QImode move
0000803C 03 99              		R4=R3	// QImode move
0000803D C4 98              		R4=[R4]	// QImode move
0000803E C5 D8              		[BP]=R4	// QImode move
0000803F C5 98              		R4=[BP]	// QImode move
00008040 14 B7 05 00        		R3=R4&[_row]
00008042 02 99              		R4=R2	// QImode move
00008043 C4 D6              		[R4]=R3	// QImode move
0000048B                    	.debug
0000048B 2E 00 73 00        		.dw '.stabn 0x44,0,11,',0,0
         74 00 61 00
         62 00 6E 00
         20 00 30 00
         78 00 34 00
         34 00 2C 00
         30 00 2C 00
         31 00 31 00
         2C 00 00 00
         00 00      
0000049E 1E 00 00 00        		.dd LM4-_key
000004A0 0D 00 0A 00        		.dw 0x0d,0x0a
00008044                    	.code
                            	LM4:
00008044 13 97 01 00        		R3=[_new]	// QImode move
00008046 5B 95              		R2=R3 lsl 4
00008047 13 97 06 00        		R3=[_P_IOA_Data]	// QImode move
00008049 03 99              		R4=R3	// QImode move
0000804A C4 98              		R4=[R4]	// QImode move
0000804B C5 D8              		[BP]=R4	// QImode move
0000804C C5 98              		R4=[BP]	// QImode move
0000804D 0C B7 0F 00        		R3=R4&15
0000804F 1A A7 01 00        		[_new]=R2|R3
000004A2                    	.debug
000004A2 2E 00 73 00        		.dw '.stabn 0x44,0,8,',0,0
         74 00 61 00
         62 00 6E 00
         20 00 30 00
         78 00 34 00
         34 00 2C 00
         30 00 2C 00
         38 00 2C 00
         00 00 00 00
000004B4 2B 00 00 00        		.dd LM5-_key
000004B6 0D 00 0A 00        		.dw 0x0d,0x0a
00008051                    	.code
                            	LM5:
                            	L5:
00008051 12 95 05 00        		R2=[_row]	// QImode move
00008053 42 97              		R3=R2 lsl 1
00008054 1B D7 05 00        		[_row]=R3	// QImode move
00008056 0F 9F 2F 80        		pc=L3	// jump
                            	L4:
000004B8                    	.debug
000004B8 2E 00 73 00        		.dw '.stabn 0x44,0,13,',0,0
         74 00 61 00
         62 00 6E 00
         20 00 30 00
         78 00 34 00
         34 00 2C 00
         30 00 2C 00
         31 00 33 00
         2C 00 00 00
         00 00      
000004CB 32 00 00 00        		.dd LM6-_key
000004CD 0D 00 0A 00        		.dw 0x0d,0x0a
00008058                    	.code
                            	LM6:
00008058 13 97 01 00        		R3=[_new]	// QImode move
0000805A 13 85 00 00        		R2=R3^[_old]
0000805C 02 97              		R3=R2	// QImode move
0000805D 1B D7 04 00        		[_temp]=R3	// QImode move
0000805F 40 46              		CMP R3,0	// QImode test
00008060 02 4E              		JNZ L9	// QImode EQ
00008061 0F 9F 73 80        		PC=L7
                            	L9:
000004CF                    	.debug
000004CF 2E 00 73 00        		.dw '.stabn 0x44,0,15,',0,0
         74 00 61 00
         62 00 6E 00
         20 00 30 00
         78 00 34 00
         34 00 2C 00
         30 00 2C 00
         31 00 35 00
         2C 00 00 00
         00 00      
000004E2 3D 00 00 00        		.dd LM7-_key
000004E4 0D 00 0A 00        		.dw 0x0d,0x0a
00008063                    	.code
                            	LM7:
00008063 12 95 04 00        		R2=[_temp]	// QImode move
00008065 13 97 01 00        		R3=[_new]	// QImode move
00008067 1A B7 02 00        		[_push]=R2&R3
000004E6                    	.debug
000004E6 2E 00 73 00        		.dw '.stabn 0x44,0,16,',0,0
         74 00 61 00
         62 00 6E 00
         20 00 30 00
         78 00 34 00
         34 00 2C 00
         30 00 2C 00
         31 00 36 00
         2C 00 00 00
         00 00      
000004F9 43 00 00 00        		.dd LM8-_key
000004FB 0D 00 0A 00        		.dw 0x0d,0x0a
00008069                    	.code
                            	LM8:
00008069 12 95 04 00        		R2=[_temp]	// QImode move
0000806B 13 97 00 00        		R3=[_old]	// QImode move
0000806D 1A B7 03 00        		[_rel]=R2&R3
000004FD                    	.debug
000004FD 2E 00 73 00        		.dw '.stabn 0x44,0,17,',0,0
         74 00 61 00
         62 00 6E 00
         20 00 30 00
         78 00 34 00
         34 00 2C 00
         30 00 2C 00
         31 00 37 00
         2C 00 00 00
         00 00      
00000510 49 00 00 00        		.dd LM9-_key
00000512 0D 00 0A 00        		.dw 0x0d,0x0a
0000806F                    	.code
                            	LM9:
0000806F 12 95 01 00        		R2=[_new]	// QImode move
00008071 1A D5 00 00        		[_old]=R2	// QImode move
                            	L7:
00000514                    	.debug
00000514 2E 00 73 00        		.dw '.stabn 0x44,0,19,',0,0
         74 00 61 00
         62 00 6E 00
         20 00 30 00
         78 00 34 00
         34 00 2C 00
         30 00 2C 00
         31 00 39 00
         2C 00 00 00
         00 00      
00000527 4D 00 00 00        		.dd LM10-_key
00000529 0D 00 0A 00        		.dw 0x0d,0x0a
00008073                    	.code
                            	LM10:
0000052B                    	.debug
0000052B 2E 00 73 00        		.dw '.stabn 0x44,0,19,',0,0
         74 00 61 00
         62 00 6E 00
         20 00 30 00
         78 00 34 00
         34 00 2C 00
         30 00 2C 00
         31 00 39 00
         2C 00 00 00
         00 00      
0000053E 4D 00 00 00        		.dd LM11-_key
00000540 0D 00 0A 00        		.dw 0x0d,0x0a
00008073                    	.code
                            	LM11:
                            	L2:
                            	
00008073 41 00              		sp+=1
00008074 88 98              		pop bp from [sp]
00008075 90 9A              		retf
                            		.endp	// end of key
                            	
00000542                    	.debug
00000542 2E 00 73 00        		.dw '.stabf ',0,0
         74 00 61 00
         62 00 66 00
         20 00 00 00
         00 00      
0000054B 50 00 00 00        		.dd LME1-_key
0000054D 0D 00 0A 00        		.dw 0x0d,0x0a
00008076                    	.code
                            	LME1:
00008076                    	.code
0000054F                    	.debug
0000054F 2E 00 73 00        		.dw '.stabs "main:F1",36,0,0,',0,0,offset _main,seg _main,0x0d,0x0a
         74 00 61 00
         62 00 73 00
         20 00 22 00
         6D 00 61 00
         69 00 6E 00
         3A 00 46 00
         31 00 22 00
         2C 00 33 00
         36 00 2C 00
         30 00 2C 00
         30 00 2C 00
         00 00 00 00
         50 00 00 00
         0D 00 0A 00
00008076                    	.CODE
                            	.public _main
                            	_main:	.proc
0000056D                    	.debug
0000056D 2E 00 73 00        		.dw '.stabn 0x44,0,24,',0,0
         74 00 61 00
         62 00 6E 00
         20 00 30 00
         78 00 34 00
         34 00 2C 00
         30 00 2C 00
         32 00 34 00
         2C 00 00 00
         00 00      
00000580 00 00 00 00        		.dd LM12-_main
00000582 0D 00 0A 00        		.dw 0x0d,0x0a
00008076                    	.code
                            	LM12:
                            		// total=1, vars=1
                            		// frame_pointer_needed: 1
00008076 88 DA              		push bp to [sp]
00008077 41 20              		sp-=1
00008078 08 0B 01 00        		bp=sp+1
                            	
0000807A 0D 03 04 00        		R1=BP+4
0000807C C5 D2              		[BP]=R1	// QImode move
00000584                    	.debug
00000584 2E 00 73 00        		.dw '.stabn 0x44,0,25,',0,0
         74 00 61 00
         62 00 6E 00
         20 00 30 00
         78 00 34 00
         34 00 2C 00
         30 00 2C 00
         32 00 35 00
         2C 00 00 00
         00 00      
00000597 07 00 00 00        		.dd LM13-_main
00000599 0D 00 0A 00        		.dw 0x0d,0x0a
0000807D                    	.code
                            	LM13:
0000807D 11 93 07 00        		R1=[_P_IOA_Dir]	// QImode move
0000807F 0A 95 F0 00        		R2=240	// QImode move
00008081 01 97              		R3=R1	// QImode move
00008082 C3 D4              		[R3]=R2	// QImode move
0000059B                    	.debug
0000059B 2E 00 73 00        		.dw '.stabn 0x44,0,26,',0,0
         74 00 61 00
         62 00 6E 00
         20 00 30 00
         78 00 34 00
         34 00 2C 00
         30 00 2C 00
         32 00 36 00
         2C 00 00 00
         00 00      
000005AE 0D 00 00 00        		.dd LM14-_main
000005B0 0D 00 0A 00        		.dw 0x0d,0x0a
00008083                    	.code
                            	LM14:
00008083 11 93 08 00        		R1=[_P_P_IOA_Attrib]	// QImode move
00008085 40 94              		R2=0	// QImode move
00008086 01 97              		R3=R1	// QImode move
00008087 C3 D4              		[R3]=R2	// QImode move
000005B2                    	.debug
000005B2 2E 00 73 00        		.dw '.stabn 0x44,0,27,',0,0
         74 00 61 00
         62 00 6E 00
         20 00 30 00
         78 00 34 00
         34 00 2C 00
         30 00 2C 00
         32 00 37 00
         2C 00 00 00
         00 00      
000005C5 12 00 00 00        		.dd LM15-_main
000005C7 0D 00 0A 00        		.dw 0x0d,0x0a
00008088                    	.code
                            	LM15:
00008088 11 93 06 00        		R1=[_P_IOA_Data]	// QImode move
0000808A 4F 94              		R2=15	// QImode move
0000808B 01 97              		R3=R1	// QImode move
0000808C C3 D4              		[R3]=R2	// QImode move
000005C9                    	.debug
000005C9 2E 00 73 00        		.dw '.stabn 0x44,0,28,',0,0
         74 00 61 00
         62 00 6E 00
         20 00 30 00
         78 00 34 00
         34 00 2C 00
         30 00 2C 00
         32 00 38 00
         2C 00 00 00
         00 00      
000005DC 17 00 00 00        		.dd LM16-_main
000005DE 0D 00 0A 00        		.dw 0x0d,0x0a
0000808D                    	.code
                            	LM16:
0000808D 40 F0 26 80        		call _key	// call without return value
000005E0                    	.debug
000005E0 2E 00 73 00        		.dw '.stabn 0x44,0,29,',0,0
         74 00 61 00
         62 00 6E 00
         20 00 30 00
         78 00 34 00
         34 00 2C 00
         30 00 2C 00
         32 00 39 00
         2C 00 00 00
         00 00      
000005F3 19 00 00 00        		.dd LM17-_main
000005F5 0D 00 0A 00        		.dw 0x0d,0x0a
0000808F                    	.code
                            	LM17:
000005F7                    	.debug
000005F7 2E 00 73 00        		.dw '.stabn 0x44,0,29,',0,0
         74 00 61 00
         62 00 6E 00
         20 00 30 00
         78 00 34 00
         34 00 2C 00
         30 00 2C 00
         32 00 39 00
         2C 00 00 00
         00 00      
0000060A 19 00 00 00        		.dd LM18-_main
0000060C 0D 00 0A 00        		.dw 0x0d,0x0a
0000808F                    	.code
                            	LM18:
                            	L10:
                            	
0000808F 41 00              		sp+=1
00008090 88 98              		pop bp from [sp]
00008091 90 9A              		retf
                            		.endp	// end of main
                            	
0000060E                    	.debug
0000060E 2E 00 73 00        		.dw '.stabf ',0,0
         74 00 61 00
         62 00 66 00
         20 00 00 00
         00 00      
00000617 1C 00 00 00        		.dd LME2-_main
00000619 0D 00 0A 00        		.dw 0x0d,0x0a
00008092                    	.code
                            	LME2:
0000061B                    	.debug
0000061B 2E 00 73 00        		.dw '.stabs "old:G4",32,0,0,',0,0,offset _old,seg _old,0x0d,0x0a
         74 00 61 00
         62 00 73 00
         20 00 22 00
         6F 00 6C 00
         64 00 3A 00
         47 00 34 00
         22 00 2C 00
         33 00 32 00
         2C 00 30 00
         2C 00 30 00
         2C 00 00 00
         00 00 00 00
         00 00 0D 00
         0A 00      
00008092                    	.CODE
00000000                    	.ram
                            	.public _old
                            	_old:
00000000 00 00              		.dw 0
00000638                    	.debug
00000638 2E 00 73 00        		.dw '.stabs "new:G4",32,0,0,',0,0,offset _new,seg _new,0x0d,0x0a
         74 00 61 00
         62 00 73 00
         20 00 22 00
         6E 00 65 00
         77 00 3A 00
         47 00 34 00
         22 00 2C 00
         33 00 32 00
         2C 00 30 00
         2C 00 30 00
         2C 00 00 00
         00 00 01 00
         00 00 0D 00
         0A 00      
00008092                    	.CODE
00000001                    	.ram
                            	.public _new
                            	_new:
00000001 00 00              		.dw 0
00000655                    	.debug
00000655 2E 00 73 00        		.dw '.stabs "push:G4",32,0,0,',0,0,offset _push,seg _push,0x0d,0x0a
         74 00 61 00
         62 00 73 00
         20 00 22 00
         70 00 75 00
         73 00 68 00
         3A 00 47 00
         34 00 22 00
         2C 00 33 00
         32 00 2C 00
         30 00 2C 00
         30 00 2C 00
         00 00 00 00
         02 00 00 00
         0D 00 0A 00
00008092                    	.CODE
00000002                    	.ram
                            	.public _push
                            	_push:
00000002 00 00              		.dw 0
00000673                    	.debug
00000673 2E 00 73 00        		.dw '.stabs "rel:G4",32,0,0,',0,0,offset _rel,seg _rel,0x0d,0x0a
         74 00 61 00
         62 00 73 00
         20 00 22 00
         72 00 65 00
         6C 00 3A 00
         47 00 34 00
         22 00 2C 00
         33 00 32 00
         2C 00 30 00
         2C 00 30 00
         2C 00 00 00
         00 00 03 00
         00 00 0D 00
         0A 00      
00008092                    	.CODE
00000003                    	.ram
                            	.public _rel
                            	_rel:
00000003 00 00              		.dw 0
00000690                    	.debug
00000690 2E 00 73 00        		.dw '.stabs "temp:G4",32,0,0,',0,0,offset _temp,seg _temp,0x0d,0x0a
         74 00 61 00
         62 00 73 00
         20 00 22 00
         74 00 65 00
         6D 00 70 00
         3A 00 47 00
         34 00 22 00
         2C 00 33 00
         32 00 2C 00
         30 00 2C 00
         30 00 2C 00
         00 00 00 00
         04 00 00 00
         0D 00 0A 00
00008092                    	.CODE
00000004                    	.ram
                            	.public _temp
                            	_temp:
00000004 00 00              		.dw 0
000006AE                    	.debug
000006AE 2E 00 73 00        		.dw '.stabs "row:G4",32,0,0,',0,0,offset _row,seg _row,0x0d,0x0a
         74 00 61 00
         62 00 73 00
         20 00 22 00
         72 00 6F 00
         77 00 3A 00
         47 00 34 00
         22 00 2C 00
         33 00 32 00
         2C 00 30 00
         2C 00 30 00
         2C 00 00 00
         00 00 05 00
         00 00 0D 00
         0A 00      
00008092                    	.CODE
00000005                    	.ram
                            	.public _row
                            	_row:
00000005 00 00              		.dw 0
                            		.end
0 error(s), 0 warning(s).

