C51 COMPILER V7.06   MAIN                                                                  03/16/2011 16:22:32 PAGE 1   


C51 COMPILER V7.06, COMPILATION OF MODULE MAIN
OBJECT MODULE PLACED IN Main.OBJ
COMPILER INVOKED BY: C:\Keil\C51\BIN\C51.EXE Main.c ROM(SMALL) BROWSE DEBUG OBJECTEXTEND

stmt level    source

   1          /*
   2           ----------------------------------------------------
   3           *作    者：温子祺
   4           ----------------------------------------------------
   5           */
   6          
   7          #include "stc.h"
   8          
   9          #define RXD P3_0              //宏定义:接收数据的引脚
  10          #define TXD P3_1              //宏定义:发送数据的引脚
  11          #define RECEIVE_MAX_BYTES 16//宏定义:最大接收字节数
  12          
  13          #define TIMER_ENABLE()  {TL0=TH0;TR0=1;fTimeouts=0;}//使能T/C
  14          #define TIMER_DISABLE() {TR0=0;fTimeouts=0;}//禁止T/C
  15          #define TIMER_WAIT()    {while(!fTimeouts);fTimeouts=0;}//等待T/C超时
  16          
  17          
  18          unsigned char fTimeouts=0;//T/C超时溢出标志位
  19          unsigned char RecvBuf[16];//接收数据缓冲区
  20          unsigned char RecvCount=0;//接收数据计数器
  21          
  22          
  23          /****************************************
  24          *函数名称:SendByte
  25          *输    入:byte 要发送的字节
  26          *输    出:无
  27          *功    能:串口发送单个字节
  28          ******************************************/
  29          void SendByte(unsigned char b)
  30          {
  31   1           unsigned char i=8;
  32   1           
  33   1           TXD=0;
  34   1      
  35   1           TIMER_ENABLE();
  36   1           TIMER_WAIT();
  37   1           
  38   1      
  39   1           while(i--)
  40   1               {
  41   2              if(b&1)TXD=1;
  42   2              else    TXD=0;
  43   2      
  44   2              TIMER_WAIT();
  45   2              
  46   2              b>>=1;
  47   2      
  48   2           }
  49   1      
  50   1           
  51   1           TXD=1;
  52   1      
  53   1           TIMER_WAIT();
  54   1           TIMER_DISABLE();
  55   1      }
C51 COMPILER V7.06   MAIN                                                                  03/16/2011 16:22:32 PAGE 2   

  56          /****************************************
  57          *函数名称:RecvByte
  58          *输    入:无
  59          *输    出:单个字节
  60          *功    能:串口 接收单个字节
  61          ******************************************/
  62          unsigned char RecvByte(void)
  63          {
  64   1           unsigned char i;
  65   1               unsigned char b=0;
  66   1           
  67   1           TIMER_ENABLE();
  68   1           TIMER_WAIT();
  69   1      
  70   1           for(i=0;i<8;i++)
  71   1               {
  72   2                   if(RXD)b|=(1<<i);
  73   2      
  74   2                       TIMER_WAIT();
  75   2               }
  76   1      
  77   1           TIMER_WAIT();  //等待结束位
  78   1           TIMER_DISABLE();
  79   1        
  80   1               return b;
  81   1      
  82   1      }
  83          /****************************************
  84          *函数名称:PrintfStr
  85          *输    入:pstr 字符串
  86          *输    出:无
  87          *功    能:串口 打印字符串
  88          ******************************************/
  89          void PrintfStr(char * pstr)
  90          {
  91   1            while(pstr && *pstr)
  92   1               {
  93   2                     SendByte(*pstr++);
  94   2               }
  95   1      }
  96          /****************************************
  97          *函数名称:TimerInit
  98          *输    入:无
  99          *输    出:无
 100          *功    能:T/C初始化
 101          ******************************************/
 102          void TimerInit(void)
 103          {
 104   1           TMOD=0x02; 
 105   1           TR0=0;
 106   1           TF0=0;
 107   1           TH0=(256-99);
 108   1           TL0=TH0;
 109   1           ET0=1;
 110   1           EA=1;
 111   1      }
 112          /****************************************
 113          *函数名称:StartBitCome
 114          *输    入:无
 115          *输    出:0/1
 116          *功    能:是否有起始位到达
 117          ******************************************/
C51 COMPILER V7.06   MAIN                                                                  03/16/2011 16:22:32 PAGE 3   

 118          unsigned char StartBitCome(void)
 119          {
 120   1               return (RXD==0);
 121   1      }
 122          /****************************************
 123          *函数名称:main
 124          *输    入:无
 125          *输    出:无
 126          *功    能:函数主体
 127          ******************************************/
 128          void main(void)
 129          {
 130   1           unsigned char i;
 131   1      
 132   1           TimerInit();
 133   1      
 134   1               PrintfStr("Hello 8051\r\n");
 135   1      
 136   1               while(1)
 137   1               {
 138   2                  if(StartBitCome())
 139   2                  {                    
 140   3                 RecvBuf[RecvCount++]=RecvByte();
 141   3                 
 142   3                 if(RecvCount>=RECEIVE_MAX_BYTES)
 143   3                 {
 144   4                    RecvCount=0;
 145   4      
 146   4                    for(i=0;i<RECEIVE_MAX_BYTES;i++)
 147   4                    {
 148   5                        SendByte(RecvBuf[i]);
 149   5                    }
 150   4                 }     
 151   3              }
 152   2       
 153   2               }
 154   1      }
 155          /****************************************
 156          *函数名称:Timer0IRQ
 157          *输    入:无
 158          *输    出:无
 159          *功    能:T/C0中断服务函数
 160          ******************************************/
 161          void Timer0IRQ(void) interrupt 1 using 0
 162          {
 163   1           fTimeouts=1;
 164   1      } 
 165          


MODULE INFORMATION:   STATIC OVERLAYABLE
   CODE SIZE        =    247    ----
   CONSTANT SIZE    =     13    ----
   XDATA SIZE       =   ----    ----
   PDATA SIZE       =   ----    ----
   DATA SIZE        =     18       3
   IDATA SIZE       =   ----    ----
   BIT SIZE         =   ----    ----
END OF MODULE INFORMATION.


C51 COMPILATION COMPLETE.  0 WARNING(S),  0 ERROR(S)
