C51 COMPILER V8.05a   CHENGXU                                                              07/06/2009 13:26:22 PAGE 1   


C51 COMPILER V8.05a, COMPILATION OF MODULE CHENGXU
OBJECT MODULE PLACED IN chengxu.OBJ
COMPILER INVOKED BY: C:\Keil\C51\BIN\C51.EXE chengxu.c BROWSE DEBUG OBJECTEXTEND

line level    source

   1          /********************************************************************
   2                                      汇诚科技
   3                                                    http://www.ourhc.cn
   4          *********************************************************************/
   5          #include<reg52.h>              //库文件
   6          #define uchar unsigned char//宏定义无符号字符型
   7          #define uint unsigned int  //宏定义无符号整型
   8          /********************************************************************
   9                                      I/O定义
  10          *********************************************************************/
  11          sbit LED=P1^0;   //定义单片机P1口的第0位 （即P1.0）
  12          /********************************************************************
  13                                      延时函数
  14          *********************************************************************/
  15          void delay()//延时程序
  16          {
  17   1      uchar m,n,s;
  18   1      for(m=20;m>0;m--)
  19   1      for(n=20;n>0;n--)
  20   1      for(s=248;s>0;s--);
  21   1      }
  22          /********************************************************************
  23                                      主函数
  24          *********************************************************************/
  25          void main()
  26          {
  27   1              while(1)   //无限循环
  28   1              {
  29   2               LED=0;    //点亮P1.0口灯
  30   2               delay();  //延时
  31   2               LED=1;    //熄灭P1.0口灯
  32   2               delay();  //延时
  33   2              }
  34   1      }       
  35          /********************************************************************
  36                                        结束
  37          *********************************************************************/


MODULE INFORMATION:   STATIC OVERLAYABLE
   CODE SIZE        =     25    ----
   CONSTANT SIZE    =   ----    ----
   XDATA SIZE       =   ----    ----
   PDATA SIZE       =   ----    ----
   DATA SIZE        =   ----    ----
   IDATA SIZE       =   ----    ----
   BIT SIZE         =   ----    ----
END OF MODULE INFORMATION.


C51 COMPILATION COMPLETE.  0 WARNING(S),  0 ERROR(S)
