Sunplus u'nSP Assembler - Ver. 1.8.0
              Listing File Has Been Relocated
                            	// GCC for SUNPLUS u'nSP version 1.0.10
                            	// Command: E:\PROGRA~1\Sunplus\UNSPID~3\IDE180\cc1.exe C:\DOCUME~1\˔Ȼ˚.DOMAIN\LOCALS~1\Temp\ccIxaaaa.i -fkeep-inline-functions -quiet -dumpbase EmbedFlashROM.c -gstabs -o .\Debug/EmbedFlashROM.asm
                            	// gcc2_compiled.:
                            	
0000A46D                    	.code
                            	Ltext0:
00000000                    	.debug
00000000 2E 00 73 00        		.dw '.stabs "int:t1=r1;-32768;32767;",128,0,0,0',0x0d,0x0a
         74 00 61 00
         62 00 73 00
         20 00 22 00
         69 00 6E 00
         74 00 3A 00
         74 00 31 00
         3D 00 72 00
         31 00 3B 00
         2D 00 33 00
         32 00 37 00
         36 00 38 00
         3B 00 33 00
         32 00 37 00
         36 00 37 00
         3B 00 22 00
         2C 00 31 00
         32 00 38 00
         2C 00 30 00
         2C 00 30 00
         2C 00 30 00
         0D 00 0A 00
0000A46D                    	.CODE
0000002C                    	.debug
0000002C 2E 00 73 00        		.dw '.stabs "char:t2=r2;0;127;",128,0,0,0',0x0d,0x0a
         74 00 61 00
         62 00 73 00
         20 00 22 00
         63 00 68 00
         61 00 72 00
         3A 00 74 00
         32 00 3D 00
         72 00 32 00
         3B 00 30 00
         3B 00 31 00
         32 00 37 00
         3B 00 22 00
         2C 00 31 00
         32 00 38 00
         2C 00 30 00
         2C 00 30 00
         2C 00 30 00
         0D 00 0A 00
0000A46D                    	.CODE
00000052                    	.debug
00000052 2E 00 73 00        		.dw '.stabs "long int:t3=r3;-2147483648;2147483647;",128,0,0,0',0x0d,0x0a
         74 00 61 00
         62 00 73 00
         20 00 22 00
         6C 00 6F 00
         6E 00 67 00
         20 00 69 00
         6E 00 74 00
         3A 00 74 00
         33 00 3D 00
         72 00 33 00
         3B 00 2D 00
         32 00 31 00
         34 00 37 00
         34 00 38 00
         33 00 36 00
         34 00 38 00
         3B 00 32 00
         31 00 34 00
         37 00 34 00
         38 00 33 00
         36 00 34 00
         37 00 3B 00
         22 00 2C 00
         31 00 32 00
         38 00 2C 00
         30 00 2C 00
         30 00 2C 00
         30 00 0D 00
         0A 00      
0000A46D                    	.CODE
0000008D                    	.debug
0000008D 2E 00 73 00        		.dw '.stabs "unsigned int:t4=r4;0;65535;",128,0,0,0',0x0d,0x0a
         74 00 61 00
         62 00 73 00
         20 00 22 00
         75 00 6E 00
         73 00 69 00
         67 00 6E 00
         65 00 64 00
         20 00 69 00
         6E 00 74 00
         3A 00 74 00
         34 00 3D 00
         72 00 34 00
         3B 00 30 00
         3B 00 36 00
         35 00 35 00
         33 00 35 00
         3B 00 22 00
         2C 00 31 00
         32 00 38 00
         2C 00 30 00
         2C 00 30 00
         2C 00 30 00
         0D 00 0A 00
0000A46D                    	.CODE
000000BD                    	.debug
000000BD 2E 00 73 00        		.dw '.stabs "long unsigned int:t5=r5;0;4294967295;",128,0,0,0',0x0d,0x0a
         74 00 61 00
         62 00 73 00
         20 00 22 00
         6C 00 6F 00
         6E 00 67 00
         20 00 75 00
         6E 00 73 00
         69 00 67 00
         6E 00 65 00
         64 00 20 00
         69 00 6E 00
         74 00 3A 00
         74 00 35 00
         3D 00 72 00
         35 00 3B 00
         30 00 3B 00
         34 00 32 00
         39 00 34 00
         39 00 36 00
         37 00 32 00
         39 00 35 00
         3B 00 22 00
         2C 00 31 00
         32 00 38 00
         2C 00 30 00
         2C 00 30 00
         2C 00 30 00
         0D 00 0A 00
0000A46D                    	.CODE
000000F7                    	.debug
000000F7 2E 00 73 00        		.dw '.stabs "long long int:t6=r6;-2147483648;2147483647;",128,0,0,0',0x0d,0x0a
         74 00 61 00
         62 00 73 00
         20 00 22 00
         6C 00 6F 00
         6E 00 67 00
         20 00 6C 00
         6F 00 6E 00
         67 00 20 00
         69 00 6E 00
         74 00 3A 00
         74 00 36 00
         3D 00 72 00
         36 00 3B 00
         2D 00 32 00
         31 00 34 00
         37 00 34 00
         38 00 33 00
         36 00 34 00
         38 00 3B 00
         32 00 31 00
         34 00 37 00
         34 00 38 00
         33 00 36 00
         34 00 37 00
         3B 00 22 00
         2C 00 31 00
         32 00 38 00
         2C 00 30 00
         2C 00 30 00
         2C 00 30 00
         0D 00 0A 00
0000A46D                    	.CODE
00000137                    	.debug
00000137 2E 00 73 00        		.dw '.stabs "long long unsigned int:t7=r7;0;4294967295;",128,0,0,0',0x0d,0x0a
         74 00 61 00
         62 00 73 00
         20 00 22 00
         6C 00 6F 00
         6E 00 67 00
         20 00 6C 00
         6F 00 6E 00
         67 00 20 00
         75 00 6E 00
         73 00 69 00
         67 00 6E 00
         65 00 64 00
         20 00 69 00
         6E 00 74 00
         3A 00 74 00
         37 00 3D 00
         72 00 37 00
         3B 00 30 00
         3B 00 34 00
         32 00 39 00
         34 00 39 00
         36 00 37 00
         32 00 39 00
         35 00 3B 00
         22 00 2C 00
         31 00 32 00
         38 00 2C 00
         30 00 2C 00
         30 00 2C 00
         30 00 0D 00
         0A 00      
0000A46D                    	.CODE
00000176                    	.debug
00000176 2E 00 73 00        		.dw '.stabs "short int:t8=r8;-32768;32767;",128,0,0,0',0x0d,0x0a
         74 00 61 00
         62 00 73 00
         20 00 22 00
         73 00 68 00
         6F 00 72 00
         74 00 20 00
         69 00 6E 00
         74 00 3A 00
         74 00 38 00
         3D 00 72 00
         38 00 3B 00
         2D 00 33 00
         32 00 37 00
         36 00 38 00
         3B 00 33 00
         32 00 37 00
         36 00 37 00
         3B 00 22 00
         2C 00 31 00
         32 00 38 00
         2C 00 30 00
         2C 00 30 00
         2C 00 30 00
         0D 00 0A 00
0000A46D                    	.CODE
000001A8                    	.debug
000001A8 2E 00 73 00        		.dw '.stabs "short unsigned int:t9=r9;0;65535;",128,0,0,0',0x0d,0x0a
         74 00 61 00
         62 00 73 00
         20 00 22 00
         73 00 68 00
         6F 00 72 00
         74 00 20 00
         75 00 6E 00
         73 00 69 00
         67 00 6E 00
         65 00 64 00
         20 00 69 00
         6E 00 74 00
         3A 00 74 00
         39 00 3D 00
         72 00 39 00
         3B 00 30 00
         3B 00 36 00
         35 00 35 00
         33 00 35 00
         3B 00 22 00
         2C 00 31 00
         32 00 38 00
         2C 00 30 00
         2C 00 30 00
         2C 00 30 00
         0D 00 0A 00
0000A46D                    	.CODE
000001DE                    	.debug
000001DE 2E 00 73 00        		.dw '.stabs "signed char:t10=r10;-32768;32767;",128,0,0,0',0x0d,0x0a
         74 00 61 00
         62 00 73 00
         20 00 22 00
         73 00 69 00
         67 00 6E 00
         65 00 64 00
         20 00 63 00
         68 00 61 00
         72 00 3A 00
         74 00 31 00
         30 00 3D 00
         72 00 31 00
         30 00 3B 00
         2D 00 33 00
         32 00 37 00
         36 00 38 00
         3B 00 33 00
         32 00 37 00
         36 00 37 00
         3B 00 22 00
         2C 00 31 00
         32 00 38 00
         2C 00 30 00
         2C 00 30 00
         2C 00 30 00
         0D 00 0A 00
0000A46D                    	.CODE
00000214                    	.debug
00000214 2E 00 73 00        		.dw '.stabs "unsigned char:t11=r11;0;65535;",128,0,0,0',0x0d,0x0a
         74 00 61 00
         62 00 73 00
         20 00 22 00
         75 00 6E 00
         73 00 69 00
         67 00 6E 00
         65 00 64 00
         20 00 63 00
         68 00 61 00
         72 00 3A 00
         74 00 31 00
         31 00 3D 00
         72 00 31 00
         31 00 3B 00
         30 00 3B 00
         36 00 35 00
         35 00 33 00
         35 00 3B 00
         22 00 2C 00
         31 00 32 00
         38 00 2C 00
         30 00 2C 00
         30 00 2C 00
         30 00 0D 00
         0A 00      
0000A46D                    	.CODE
00000247                    	.debug
00000247 2E 00 73 00        		.dw '.stabs "float:t12=r1;2;0;",128,0,0,0',0x0d,0x0a
         74 00 61 00
         62 00 73 00
         20 00 22 00
         66 00 6C 00
         6F 00 61 00
         74 00 3A 00
         74 00 31 00
         32 00 3D 00
         72 00 31 00
         3B 00 32 00
         3B 00 30 00
         3B 00 22 00
         2C 00 31 00
         32 00 38 00
         2C 00 30 00
         2C 00 30 00
         2C 00 30 00
         0D 00 0A 00
0000A46D                    	.CODE
0000026D                    	.debug
0000026D 2E 00 73 00        		.dw '.stabs "double:t13=r1;2;0;",128,0,0,0',0x0d,0x0a
         74 00 61 00
         62 00 73 00
         20 00 22 00
         64 00 6F 00
         75 00 62 00
         6C 00 65 00
         3A 00 74 00
         31 00 33 00
         3D 00 72 00
         31 00 3B 00
         32 00 3B 00
         30 00 3B 00
         22 00 2C 00
         31 00 32 00
         38 00 2C 00
         30 00 2C 00
         30 00 2C 00
         30 00 0D 00
         0A 00      
0000A46D                    	.CODE
00000294                    	.debug
00000294 2E 00 73 00        		.dw '.stabs "long double:t14=r1;2;0;",128,0,0,0',0x0d,0x0a
         74 00 61 00
         62 00 73 00
         20 00 22 00
         6C 00 6F 00
         6E 00 67 00
         20 00 64 00
         6F 00 75 00
         62 00 6C 00
         65 00 3A 00
         74 00 31 00
         34 00 3D 00
         72 00 31 00
         3B 00 32 00
         3B 00 30 00
         3B 00 22 00
         2C 00 31 00
         32 00 38 00
         2C 00 30 00
         2C 00 30 00
         2C 00 30 00
         0D 00 0A 00
0000A46D                    	.CODE
000002C0                    	.debug
000002C0 2E 00 73 00        		.dw '.stabs "complex int:t15=s2real:1,0,16;imag:1,16,16;;",128,0,0,0',0x0d,0x0a
         74 00 61 00
         62 00 73 00
         20 00 22 00
         63 00 6F 00
         6D 00 70 00
         6C 00 65 00
         78 00 20 00
         69 00 6E 00
         74 00 3A 00
         74 00 31 00
         35 00 3D 00
         73 00 32 00
         72 00 65 00
         61 00 6C 00
         3A 00 31 00
         2C 00 30 00
         2C 00 31 00
         36 00 3B 00
         69 00 6D 00
         61 00 67 00
         3A 00 31 00
         2C 00 31 00
         36 00 2C 00
         31 00 36 00
         3B 00 3B 00
         22 00 2C 00
         31 00 32 00
         38 00 2C 00
         30 00 2C 00
         30 00 2C 00
         30 00 0D 00
         0A 00      
0000A46D                    	.CODE
00000301                    	.debug
00000301 2E 00 73 00        		.dw '.stabs "complex float:t16=r16;2;0;",128,0,0,0',0x0d,0x0a
         74 00 61 00
         62 00 73 00
         20 00 22 00
         63 00 6F 00
         6D 00 70 00
         6C 00 65 00
         78 00 20 00
         66 00 6C 00
         6F 00 61 00
         74 00 3A 00
         74 00 31 00
         36 00 3D 00
         72 00 31 00
         36 00 3B 00
         32 00 3B 00
         30 00 3B 00
         22 00 2C 00
         31 00 32 00
         38 00 2C 00
         30 00 2C 00
         30 00 2C 00
         30 00 0D 00
         0A 00      
0000A46D                    	.CODE
00000330                    	.debug
00000330 2E 00 73 00        		.dw '.stabs "complex double:t17=r17;2;0;",128,0,0,0',0x0d,0x0a
         74 00 61 00
         62 00 73 00
         20 00 22 00
         63 00 6F 00
         6D 00 70 00
         6C 00 65 00
         78 00 20 00
         64 00 6F 00
         75 00 62 00
         6C 00 65 00
         3A 00 74 00
         31 00 37 00
         3D 00 72 00
         31 00 37 00
         3B 00 32 00
         3B 00 30 00
         3B 00 22 00
         2C 00 31 00
         32 00 38 00
         2C 00 30 00
         2C 00 30 00
         2C 00 30 00
         0D 00 0A 00
0000A46D                    	.CODE
00000360                    	.debug
00000360 2E 00 73 00        		.dw '.stabs "complex long double:t18=r18;2;0;",128,0,0,0',0x0d,0x0a
         74 00 61 00
         62 00 73 00
         20 00 22 00
         63 00 6F 00
         6D 00 70 00
         6C 00 65 00
         78 00 20 00
         6C 00 6F 00
         6E 00 67 00
         20 00 64 00
         6F 00 75 00
         62 00 6C 00
         65 00 3A 00
         74 00 31 00
         38 00 3D 00
         72 00 31 00
         38 00 3B 00
         32 00 3B 00
         30 00 3B 00
         22 00 2C 00
         31 00 32 00
         38 00 2C 00
         30 00 2C 00
         30 00 2C 00
         30 00 0D 00
         0A 00      
0000A46D                    	.CODE
00000395                    	.debug
00000395 2E 00 73 00        		.dw '.stabs "void:t19=19",128,0,0,0',0x0d,0x0a
         74 00 61 00
         62 00 73 00
         20 00 22 00
         76 00 6F 00
         69 00 64 00
         3A 00 74 00
         31 00 39 00
         3D 00 31 00
         39 00 22 00
         2C 00 31 00
         32 00 38 00
         2C 00 30 00
         2C 00 30 00
         2C 00 30 00
         0D 00 0A 00
0000A46D                    	.CODE
000003B5                    	.debug
000003B5 2E 00 73 00        		.dw '.stabs "P_Flash_Ctrl:G20=*4",32,0,0,',0,0,offset _P_Flash_Ctrl,seg _P_Flash_Ctrl,0x0d,0x0a
         74 00 61 00
         62 00 73 00
         20 00 22 00
         50 00 5F 00
         46 00 6C 00
         61 00 73 00
         68 00 5F 00
         43 00 74 00
         72 00 6C 00
         3A 00 47 00
         32 00 30 00
         3D 00 2A 00
         34 00 22 00
         2C 00 33 00
         32 00 2C 00
         30 00 2C 00
         30 00 2C 00
         00 00 00 00
         00 00 00 00
         0D 00 0A 00
0000A46D                    	.CODE
                            	.public _P_Flash_Ctrl
000006EE                    	.iram
                            	_P_Flash_Ctrl:
000006EE 55 75              		.dw 30037
0000A46D                    	.code
000003DF                    	.debug
000003DF 2E 00 73 00        		.dw '.stabs "EmbedFlashROM_PageErase:F19",36,0,0,',0,0,offset _EmbedFlashROM_PageErase,seg _EmbedFlashROM_PageErase,0x0d,0x0a
         74 00 61 00
         62 00 73 00
         20 00 22 00
         45 00 6D 00
         62 00 65 00
         64 00 46 00
         6C 00 61 00
         73 00 68 00
         52 00 4F 00
         4D 00 5F 00
         50 00 61 00
         67 00 65 00
         45 00 72 00
         61 00 73 00
         65 00 3A 00
         46 00 31 00
         39 00 22 00
         2C 00 33 00
         36 00 2C 00
         30 00 2C 00
         30 00 2C 00
         00 00 00 00
         00 00 00 00
         0D 00 0A 00
0000A46D                    	.CODE
                            	.public _EmbedFlashROM_PageErase
                            	_EmbedFlashROM_PageErase:	.proc
00000411                    	.debug
00000411 2E 00 73 00        		.dw '.stabn 0x44,0,36,',0,0
         74 00 61 00
         62 00 6E 00
         20 00 30 00
         78 00 34 00
         34 00 2C 00
         30 00 2C 00
         33 00 36 00
         2C 00 00 00
         00 00      
00000424 00 00 00 00        		.dd LM1-_EmbedFlashROM_PageErase
00000426 0D 00 0A 00        		.dw 0x0d,0x0a
0000A46D                    	.code
                            	LM1:
                            		// total=1, vars=1
                            		// frame_pointer_needed: 1
0000A46D 88 DA              		push bp to [sp]
0000A46E 41 20              		sp-=1
0000A46F 08 0B 01 00        		bp=sp+1
                            	
0000A471 0D 03 04 00        		R1=BP+4
00000428                    	.debug
00000428 2E 00 73 00        		.dw '.stabn 0x44,0,37,',0,0
         74 00 61 00
         62 00 6E 00
         20 00 30 00
         78 00 34 00
         34 00 2C 00
         30 00 2C 00
         33 00 37 00
         2C 00 00 00
         00 00      
0000043B 06 00 00 00        		.dd LM2-_EmbedFlashROM_PageErase
0000043D 0D 00 0A 00        		.dw 0x0d,0x0a
0000A473                    	.code
                            	LM2:
                            	LBB2:
0000043F                    	.debug
0000043F 2E 00 73 00        		.dw '.stabn 0x44,0,38,',0,0
         74 00 61 00
         62 00 6E 00
         20 00 30 00
         78 00 34 00
         34 00 2C 00
         30 00 2C 00
         33 00 38 00
         2C 00 00 00
         00 00      
00000452 06 00 00 00        		.dd LM3-_EmbedFlashROM_PageErase
00000454 0D 00 0A 00        		.dw 0x0d,0x0a
0000A473                    	.code
                            	LM3:
0000A473 01 97              		R3=R1	// QImode move
0000A474 C3 94              		R2=[R3]	// QImode move
0000A475 C5 D4              		[BP]=R2	// QImode move
00000456                    	.debug
00000456 2E 00 73 00        		.dw '.stabn 0x44,0,39,',0,0
         74 00 61 00
         62 00 6E 00
         20 00 30 00
         78 00 34 00
         34 00 2C 00
         30 00 2C 00
         33 00 39 00
         2C 00 00 00
         00 00      
00000469 09 00 00 00        		.dd LM4-_EmbedFlashROM_PageErase
0000046B 0D 00 0A 00        		.dw 0x0d,0x0a
0000A476                    	.code
                            	LM4:
0000A476 12 95 EE 06        		R2=[_P_Flash_Ctrl]	// QImode move
0000A478 0B 67 56 55        		R3=(-21846)	// QImode move
0000A47A 02 99              		R4=R2	// QImode move
0000A47B C4 D6              		[R4]=R3	// QImode move
0000046D                    	.debug
0000046D 2E 00 73 00        		.dw '.stabn 0x44,0,40,',0,0
         74 00 61 00
         62 00 6E 00
         20 00 30 00
         78 00 34 00
         34 00 2C 00
         30 00 2C 00
         34 00 30 00
         2C 00 00 00
         00 00      
00000480 0F 00 00 00        		.dd LM5-_EmbedFlashROM_PageErase
00000482 0D 00 0A 00        		.dw 0x0d,0x0a
0000A47C                    	.code
                            	LM5:
0000A47C 12 95 EE 06        		R2=[_P_Flash_Ctrl]	// QImode move
0000A47E 0B 97 11 55        		R3=21777	// QImode move
0000A480 02 99              		R4=R2	// QImode move
0000A481 C4 D6              		[R4]=R3	// QImode move
00000484                    	.debug
00000484 2E 00 73 00        		.dw '.stabn 0x44,0,41,',0,0
         74 00 61 00
         62 00 6E 00
         20 00 30 00
         78 00 34 00
         34 00 2C 00
         30 00 2C 00
         34 00 31 00
         2C 00 00 00
         00 00      
00000497 15 00 00 00        		.dd LM6-_EmbedFlashROM_PageErase
00000499 0D 00 0A 00        		.dw 0x0d,0x0a
0000A482                    	.code
                            	LM6:
0000A482 C5 94              		R2=[BP]	// QImode move
0000A483 41 96              		R3=1	// QImode move
0000A484 02 99              		R4=R2	// QImode move
0000A485 C4 D6              		[R4]=R3	// QImode move
0000049B                    	.debug
0000049B 2E 00 73 00        		.dw '.stabn 0x44,0,42,',0,0
         74 00 61 00
         62 00 6E 00
         20 00 30 00
         78 00 34 00
         34 00 2C 00
         30 00 2C 00
         34 00 32 00
         2C 00 00 00
         00 00      
000004AE 19 00 00 00        		.dd LM7-_EmbedFlashROM_PageErase
000004B0 0D 00 0A 00        		.dw 0x0d,0x0a
0000A486                    	.code
                            	LM7:
                            	LBE2:
000004B2                    	.debug
000004B2 2E 00 73 00        		.dw '.stabn 0x44,0,42,',0,0
         74 00 61 00
         62 00 6E 00
         20 00 30 00
         78 00 34 00
         34 00 2C 00
         30 00 2C 00
         34 00 32 00
         2C 00 00 00
         00 00      
000004C5 19 00 00 00        		.dd LM8-_EmbedFlashROM_PageErase
000004C7 0D 00 0A 00        		.dw 0x0d,0x0a
0000A486                    	.code
                            	LM8:
                            	L2:
                            	
0000A486 41 00              		sp+=1
0000A487 88 98              		pop bp from [sp]
0000A488 90 9A              		retf
                            		.endp	// end of EmbedFlashROM_PageErase
                            	
000004C9                    	.debug
000004C9 2E 00 73 00        		.dw '.stabs "addr:p4",160,0,0,4',0x0d,0x0a
         74 00 61 00
         62 00 73 00
         20 00 22 00
         61 00 64 00
         64 00 72 00
         3A 00 70 00
         34 00 22 00
         2C 00 31 00
         36 00 30 00
         2C 00 30 00
         2C 00 30 00
         2C 00 34 00
         0D 00 0A 00
0000A489                    	.CODE
000004E5                    	.debug
000004E5 2E 00 73 00        		.dw '.stabn 0xc0,0,0,',0,0
         74 00 61 00
         62 00 6E 00
         20 00 30 00
         78 00 63 00
         30 00 2C 00
         30 00 2C 00
         30 00 2C 00
         00 00 00 00
000004F7 06 00 00 00        		.dd LBB2-_EmbedFlashROM_PageErase
000004F9 0D 00 0A 00        		.dw 0x0d,0x0a
0000A489                    	.code
000004FB                    	.debug
000004FB 2E 00 73 00        		.dw '.stabs "ADDR:21=*4",128,0,0,0',0x0d,0x0a
         74 00 61 00
         62 00 73 00
         20 00 22 00
         41 00 44 00
         44 00 52 00
         3A 00 32 00
         31 00 3D 00
         2A 00 34 00
         22 00 2C 00
         31 00 32 00
         38 00 2C 00
         30 00 2C 00
         30 00 2C 00
         30 00 0D 00
         0A 00      
0000A489                    	.CODE
0000051A                    	.debug
0000051A 2E 00 73 00        		.dw '.stabn 0xe0,0,0,',0,0
         74 00 61 00
         62 00 6E 00
         20 00 30 00
         78 00 65 00
         30 00 2C 00
         30 00 2C 00
         30 00 2C 00
         00 00 00 00
0000052C 19 00 00 00        		.dd LBE2-_EmbedFlashROM_PageErase
0000052E 0D 00 0A 00        		.dw 0x0d,0x0a
0000A489                    	.code
00000530                    	.debug
00000530 2E 00 73 00        		.dw '.stabf ',0,0
         74 00 61 00
         62 00 66 00
         20 00 00 00
         00 00      
00000539 1C 00 00 00        		.dd LME1-_EmbedFlashROM_PageErase
0000053B 0D 00 0A 00        		.dw 0x0d,0x0a
0000A489                    	.code
                            	LME1:
0000A489                    	.code
0000053D                    	.debug
0000053D 2E 00 73 00        		.dw '.stabs "EmbedFlashROM_WriteWord:F19",36,0,0,',0,0,offset _EmbedFlashROM_WriteWord,seg _EmbedFlashROM_WriteWord,0x0d,0x0a
         74 00 61 00
         62 00 73 00
         20 00 22 00
         45 00 6D 00
         62 00 65 00
         64 00 46 00
         6C 00 61 00
         73 00 68 00
         52 00 4F 00
         4D 00 5F 00
         57 00 72 00
         69 00 74 00
         65 00 57 00
         6F 00 72 00
         64 00 3A 00
         46 00 31 00
         39 00 22 00
         2C 00 33 00
         36 00 2C 00
         30 00 2C 00
         30 00 2C 00
         00 00 00 00
         1C 00 00 00
         0D 00 0A 00
0000A489                    	.CODE
                            	.public _EmbedFlashROM_WriteWord
                            	_EmbedFlashROM_WriteWord:	.proc
0000056F                    	.debug
0000056F 2E 00 73 00        		.dw '.stabn 0x44,0,54,',0,0
         74 00 61 00
         62 00 6E 00
         20 00 30 00
         78 00 34 00
         34 00 2C 00
         30 00 2C 00
         35 00 34 00
         2C 00 00 00
         00 00      
00000582 00 00 00 00        		.dd LM9-_EmbedFlashROM_WriteWord
00000584 0D 00 0A 00        		.dw 0x0d,0x0a
0000A489                    	.code
                            	LM9:
                            		// total=2, vars=2
                            		// frame_pointer_needed: 1
0000A489 88 DA              		push bp to [sp]
0000A48A 42 20              		sp-=2
0000A48B 08 0B 01 00        		bp=sp+1
                            	
0000A48D 0D 03 05 00        		R1=BP+5
00000586                    	.debug
00000586 2E 00 73 00        		.dw '.stabn 0x44,0,55,',0,0
         74 00 61 00
         62 00 6E 00
         20 00 30 00
         78 00 34 00
         34 00 2C 00
         30 00 2C 00
         35 00 35 00
         2C 00 00 00
         00 00      
00000599 06 00 00 00        		.dd LM10-_EmbedFlashROM_WriteWord
0000059B 0D 00 0A 00        		.dw 0x0d,0x0a
0000A48F                    	.code
                            	LM10:
                            	LBB3:
0000059D                    	.debug
0000059D 2E 00 73 00        		.dw '.stabn 0x44,0,56,',0,0
         74 00 61 00
         62 00 6E 00
         20 00 30 00
         78 00 34 00
         34 00 2C 00
         30 00 2C 00
         35 00 36 00
         2C 00 00 00
         00 00      
000005B0 06 00 00 00        		.dd LM11-_EmbedFlashROM_WriteWord
000005B2 0D 00 0A 00        		.dw 0x0d,0x0a
0000A48F                    	.code
                            	LM11:
0000A48F 01 97              		R3=R1	// QImode move
0000A490 C3 94              		R2=[R3]	// QImode move
0000A491 C5 D4              		[BP]=R2	// QImode move
000005B4                    	.debug
000005B4 2E 00 73 00        		.dw '.stabn 0x44,0,57,',0,0
         74 00 61 00
         62 00 6E 00
         20 00 30 00
         78 00 34 00
         34 00 2C 00
         30 00 2C 00
         35 00 37 00
         2C 00 00 00
         00 00      
000005C7 09 00 00 00        		.dd LM12-_EmbedFlashROM_WriteWord
000005C9 0D 00 0A 00        		.dw 0x0d,0x0a
0000A492                    	.code
                            	LM12:
0000A492 12 95 EE 06        		R2=[_P_Flash_Ctrl]	// QImode move
0000A494 0B 67 56 55        		R3=(-21846)	// QImode move
0000A496 02 99              		R4=R2	// QImode move
0000A497 C4 D6              		[R4]=R3	// QImode move
000005CB                    	.debug
000005CB 2E 00 73 00        		.dw '.stabn 0x44,0,58,',0,0
         74 00 61 00
         62 00 6E 00
         20 00 30 00
         78 00 34 00
         34 00 2C 00
         30 00 2C 00
         35 00 38 00
         2C 00 00 00
         00 00      
000005DE 0F 00 00 00        		.dd LM13-_EmbedFlashROM_WriteWord
000005E0 0D 00 0A 00        		.dw 0x0d,0x0a
0000A498                    	.code
                            	LM13:
0000A498 12 95 EE 06        		R2=[_P_Flash_Ctrl]	// QImode move
0000A49A 0B 97 33 55        		R3=21811	// QImode move
0000A49C 02 99              		R4=R2	// QImode move
0000A49D C4 D6              		[R4]=R3	// QImode move
000005E2                    	.debug
000005E2 2E 00 73 00        		.dw '.stabn 0x44,0,59,',0,0
         74 00 61 00
         62 00 6E 00
         20 00 30 00
         78 00 34 00
         34 00 2C 00
         30 00 2C 00
         35 00 39 00
         2C 00 00 00
         00 00      
000005F5 15 00 00 00        		.dd LM14-_EmbedFlashROM_WriteWord
000005F7 0D 00 0A 00        		.dw 0x0d,0x0a
0000A49E                    	.code
                            	LM14:
0000A49E C5 94              		R2=[BP]	// QImode move
0000A49F 01 97              		R3=R1	// QImode move
0000A4A0 09 07 01 00        		R3=R1+1
0000A4A2 01 D6              		[bp+1]=R3	// QImode move
0000A4A3 01 98              		R4=[bp+1]	// QImode move
0000A4A4 C4 96              		R3=[R4]	// QImode move
0000A4A5 02 99              		R4=R2	// QImode move
0000A4A6 C4 D6              		[R4]=R3	// QImode move
000005F9                    	.debug
000005F9 2E 00 73 00        		.dw '.stabn 0x44,0,60,',0,0
         74 00 61 00
         62 00 6E 00
         20 00 30 00
         78 00 34 00
         34 00 2C 00
         30 00 2C 00
         36 00 30 00
         2C 00 00 00
         00 00      
0000060C 1E 00 00 00        		.dd LM15-_EmbedFlashROM_WriteWord
0000060E 0D 00 0A 00        		.dw 0x0d,0x0a
0000A4A7                    	.code
                            	LM15:
                            	LBE3:
00000610                    	.debug
00000610 2E 00 73 00        		.dw '.stabn 0x44,0,60,',0,0
         74 00 61 00
         62 00 6E 00
         20 00 30 00
         78 00 34 00
         34 00 2C 00
         30 00 2C 00
         36 00 30 00
         2C 00 00 00
         00 00      
00000623 1E 00 00 00        		.dd LM16-_EmbedFlashROM_WriteWord
00000625 0D 00 0A 00        		.dw 0x0d,0x0a
0000A4A7                    	.code
                            	LM16:
                            	L3:
                            	
0000A4A7 42 00              		sp+=2
0000A4A8 88 98              		pop bp from [sp]
0000A4A9 90 9A              		retf
                            		.endp	// end of EmbedFlashROM_WriteWord
                            	
00000627                    	.debug
00000627 2E 00 73 00        		.dw '.stabs "addr:p4",160,0,0,5',0x0d,0x0a
         74 00 61 00
         62 00 73 00
         20 00 22 00
         61 00 64 00
         64 00 72 00
         3A 00 70 00
         34 00 22 00
         2C 00 31 00
         36 00 30 00
         2C 00 30 00
         2C 00 30 00
         2C 00 35 00
         0D 00 0A 00
0000A4AA                    	.CODE
00000643                    	.debug
00000643 2E 00 73 00        		.dw '.stabs "data:p4",160,0,0,6',0x0d,0x0a
         74 00 61 00
         62 00 73 00
         20 00 22 00
         64 00 61 00
         74 00 61 00
         3A 00 70 00
         34 00 22 00
         2C 00 31 00
         36 00 30 00
         2C 00 30 00
         2C 00 30 00
         2C 00 36 00
         0D 00 0A 00
0000A4AA                    	.CODE
0000065F                    	.debug
0000065F 2E 00 73 00        		.dw '.stabn 0xc0,0,0,',0,0
         74 00 61 00
         62 00 6E 00
         20 00 30 00
         78 00 63 00
         30 00 2C 00
         30 00 2C 00
         30 00 2C 00
         00 00 00 00
00000671 06 00 00 00        		.dd LBB3-_EmbedFlashROM_WriteWord
00000673 0D 00 0A 00        		.dw 0x0d,0x0a
0000A4AA                    	.code
00000675                    	.debug
00000675 2E 00 73 00        		.dw '.stabs "ADDR:21",128,0,0,0',0x0d,0x0a
         74 00 61 00
         62 00 73 00
         20 00 22 00
         41 00 44 00
         44 00 52 00
         3A 00 32 00
         31 00 22 00
         2C 00 31 00
         32 00 38 00
         2C 00 30 00
         2C 00 30 00
         2C 00 30 00
         0D 00 0A 00
0000A4AA                    	.CODE
00000691                    	.debug
00000691 2E 00 73 00        		.dw '.stabn 0xe0,0,0,',0,0
         74 00 61 00
         62 00 6E 00
         20 00 30 00
         78 00 65 00
         30 00 2C 00
         30 00 2C 00
         30 00 2C 00
         00 00 00 00
000006A3 1E 00 00 00        		.dd LBE3-_EmbedFlashROM_WriteWord
000006A5 0D 00 0A 00        		.dw 0x0d,0x0a
0000A4AA                    	.code
000006A7                    	.debug
000006A7 2E 00 73 00        		.dw '.stabf ',0,0
         74 00 61 00
         62 00 66 00
         20 00 00 00
         00 00      
000006B0 21 00 00 00        		.dd LME2-_EmbedFlashROM_WriteWord
000006B2 0D 00 0A 00        		.dw 0x0d,0x0a
0000A4AA                    	.code
                            	LME2:
0000A4AA                    	.code
000006B4                    	.debug
000006B4 2E 00 73 00        		.dw '.stabs "EmbedFlashROM_ReadWord:F4",36,0,0,',0,0,offset _EmbedFlashROM_ReadWord,seg _EmbedFlashROM_ReadWord,0x0d,0x0a
         74 00 61 00
         62 00 73 00
         20 00 22 00
         45 00 6D 00
         62 00 65 00
         64 00 46 00
         6C 00 61 00
         73 00 68 00
         52 00 4F 00
         4D 00 5F 00
         52 00 65 00
         61 00 64 00
         57 00 6F 00
         72 00 64 00
         3A 00 46 00
         34 00 22 00
         2C 00 33 00
         36 00 2C 00
         30 00 2C 00
         30 00 2C 00
         00 00 00 00
         3D 00 00 00
         0D 00 0A 00
0000A4AA                    	.CODE
                            	.public _EmbedFlashROM_ReadWord
                            	_EmbedFlashROM_ReadWord:	.proc
000006E4                    	.debug
000006E4 2E 00 73 00        		.dw '.stabn 0x44,0,72,',0,0
         74 00 61 00
         62 00 6E 00
         20 00 30 00
         78 00 34 00
         34 00 2C 00
         30 00 2C 00
         37 00 32 00
         2C 00 00 00
         00 00      
000006F7 00 00 00 00        		.dd LM17-_EmbedFlashROM_ReadWord
000006F9 0D 00 0A 00        		.dw 0x0d,0x0a
0000A4AA                    	.code
                            	LM17:
                            		// total=3, vars=3
                            		// frame_pointer_needed: 1
0000A4AA 88 DA              		push bp to [sp]
0000A4AB 43 20              		sp-=3
0000A4AC 08 0B 01 00        		bp=sp+1
                            	
0000A4AE 0D 05 06 00        		R2=BP+6
000006FB                    	.debug
000006FB 2E 00 73 00        		.dw '.stabn 0x44,0,73,',0,0
         74 00 61 00
         62 00 6E 00
         20 00 30 00
         78 00 34 00
         34 00 2C 00
         30 00 2C 00
         37 00 33 00
         2C 00 00 00
         00 00      
0000070E 06 00 00 00        		.dd LM18-_EmbedFlashROM_ReadWord
00000710 0D 00 0A 00        		.dw 0x0d,0x0a
0000A4B0                    	.code
                            	LM18:
                            	LBB4:
00000712                    	.debug
00000712 2E 00 73 00        		.dw '.stabn 0x44,0,74,',0,0
         74 00 61 00
         62 00 6E 00
         20 00 30 00
         78 00 34 00
         34 00 2C 00
         30 00 2C 00
         37 00 34 00
         2C 00 00 00
         00 00      
00000725 06 00 00 00        		.dd LM19-_EmbedFlashROM_ReadWord
00000727 0D 00 0A 00        		.dw 0x0d,0x0a
0000A4B0                    	.code
                            	LM19:
0000A4B0 02 97              		R3=R2	// QImode move
0000A4B1 C3 92              		R1=[R3]	// QImode move
0000A4B2 C5 D2              		[BP]=R1	// QImode move
00000729                    	.debug
00000729 2E 00 73 00        		.dw '.stabn 0x44,0,75,',0,0
         74 00 61 00
         62 00 6E 00
         20 00 30 00
         78 00 34 00
         34 00 2C 00
         30 00 2C 00
         37 00 35 00
         2C 00 00 00
         00 00      
0000073C 09 00 00 00        		.dd LM20-_EmbedFlashROM_ReadWord
0000073E 0D 00 0A 00        		.dw 0x0d,0x0a
0000A4B3                    	.code
                            	LM20:
0000A4B3 05 97              		R3=BP	// QImode move
0000A4B4 0D 03 01 00        		R1=BP+1
0000A4B6 C5 96              		R3=[BP]	// QImode move
0000A4B7 03 99              		R4=R3	// QImode move
0000A4B8 C4 98              		R4=[R4]	// QImode move
0000A4B9 02 D8              		[bp+2]=R4	// QImode move
0000A4BA 02 96              		R3=[bp+2]	// QImode move
0000A4BB 01 99              		R4=R1	// QImode move
0000A4BC C4 D6              		[R4]=R3	// QImode move
00000740                    	.debug
00000740 2E 00 73 00        		.dw '.stabn 0x44,0,76,',0,0
         74 00 61 00
         62 00 6E 00
         20 00 30 00
         78 00 34 00
         34 00 2C 00
         30 00 2C 00
         37 00 36 00
         2C 00 00 00
         00 00      
00000753 13 00 00 00        		.dd LM21-_EmbedFlashROM_ReadWord
00000755 0D 00 0A 00        		.dw 0x0d,0x0a
0000A4BD                    	.code
                            	LM21:
0000A4BD 05 93              		R1=BP	// QImode move
0000A4BE 0D 07 01 00        		R3=BP+1
0000A4C0 03 93              		R1=R3	// QImode move
0000A4C1 C1 98              		R4=[R1]	// QImode move
0000A4C2 04 93              		R1=R4	// QImode move
0000A4C3 0F 9F C5 A4        		pc=L4	// jump
00000757                    	.debug
00000757 2E 00 73 00        		.dw '.stabn 0x44,0,77,',0,0
         74 00 61 00
         62 00 6E 00
         20 00 30 00
         78 00 34 00
         34 00 2C 00
         30 00 2C 00
         37 00 37 00
         2C 00 00 00
         00 00      
0000076A 1B 00 00 00        		.dd LM22-_EmbedFlashROM_ReadWord
0000076C 0D 00 0A 00        		.dw 0x0d,0x0a
0000A4C5                    	.code
                            	LM22:
                            	LBE4:
0000076E                    	.debug
0000076E 2E 00 73 00        		.dw '.stabn 0x44,0,77,',0,0
         74 00 61 00
         62 00 6E 00
         20 00 30 00
         78 00 34 00
         34 00 2C 00
         30 00 2C 00
         37 00 37 00
         2C 00 00 00
         00 00      
00000781 1B 00 00 00        		.dd LM23-_EmbedFlashROM_ReadWord
00000783 0D 00 0A 00        		.dw 0x0d,0x0a
0000A4C5                    	.code
                            	LM23:
                            	L4:
                            	
0000A4C5 43 00              		sp+=3
0000A4C6 88 98              		pop bp from [sp]
0000A4C7 90 9A              		retf
                            		.endp	// end of EmbedFlashROM_ReadWord
                            	
00000785                    	.debug
00000785 2E 00 73 00        		.dw '.stabs "addr:p4",160,0,0,6',0x0d,0x0a
         74 00 61 00
         62 00 73 00
         20 00 22 00
         61 00 64 00
         64 00 72 00
         3A 00 70 00
         34 00 22 00
         2C 00 31 00
         36 00 30 00
         2C 00 30 00
         2C 00 30 00
         2C 00 36 00
         0D 00 0A 00
0000A4C8                    	.CODE
000007A1                    	.debug
000007A1 2E 00 73 00        		.dw '.stabn 0xc0,0,0,',0,0
         74 00 61 00
         62 00 6E 00
         20 00 30 00
         78 00 63 00
         30 00 2C 00
         30 00 2C 00
         30 00 2C 00
         00 00 00 00
000007B3 06 00 00 00        		.dd LBB4-_EmbedFlashROM_ReadWord
000007B5 0D 00 0A 00        		.dw 0x0d,0x0a
0000A4C8                    	.code
000007B7                    	.debug
000007B7 2E 00 73 00        		.dw '.stabs "ADDR:21",128,0,0,0',0x0d,0x0a
         74 00 61 00
         62 00 73 00
         20 00 22 00
         41 00 44 00
         44 00 52 00
         3A 00 32 00
         31 00 22 00
         2C 00 31 00
         32 00 38 00
         2C 00 30 00
         2C 00 30 00
         2C 00 30 00
         0D 00 0A 00
0000A4C8                    	.CODE
000007D3                    	.debug
000007D3 2E 00 73 00        		.dw '.stabs "data:4",128,0,0,1',0x0d,0x0a
         74 00 61 00
         62 00 73 00
         20 00 22 00
         64 00 61 00
         74 00 61 00
         3A 00 34 00
         22 00 2C 00
         31 00 32 00
         38 00 2C 00
         30 00 2C 00
         30 00 2C 00
         31 00 0D 00
         0A 00      
0000A4C8                    	.CODE
000007EE                    	.debug
000007EE 2E 00 73 00        		.dw '.stabn 0xe0,0,0,',0,0
         74 00 61 00
         62 00 6E 00
         20 00 30 00
         78 00 65 00
         30 00 2C 00
         30 00 2C 00
         30 00 2C 00
         00 00 00 00
00000800 1B 00 00 00        		.dd LBE4-_EmbedFlashROM_ReadWord
00000802 0D 00 0A 00        		.dw 0x0d,0x0a
0000A4C8                    	.code
00000804                    	.debug
00000804 2E 00 73 00        		.dw '.stabf ',0,0
         74 00 61 00
         62 00 66 00
         20 00 00 00
         00 00      
0000080D 1E 00 00 00        		.dd LME3-_EmbedFlashROM_ReadWord
0000080F 0D 00 0A 00        		.dw 0x0d,0x0a
0000A4C8                    	.code
                            	LME3:
                            		.end
0 error(s), 0 warning(s).

