Sunplus u'nSP Assembler - Ver. 1.8.0
              Listing File Has Been Relocated
                            	// GCC for SUNPLUS u'nSP version 1.0.10
                            	// Command: E:\PROGRA~1\Sunplus\UNSPID~3\IDE180\cc1.exe C:\DOCUME~1\˔Ȼ˚.DOMAIN\LOCALS~1\Temp\ccIxaaaa.i -fkeep-inline-functions -quiet -dumpbase UART.c -gstabs -o .\Debug/UART.asm
                            	// gcc2_compiled.:
                            	
0000A2F8                    	.code
                            	Ltext0:
00000000                    	.debug
00000000 2E 00 73 00        		.dw '.stabs "int:t1=r1;-32768;32767;",128,0,0,0',0x0d,0x0a
         74 00 61 00
         62 00 73 00
         20 00 22 00
         69 00 6E 00
         74 00 3A 00
         74 00 31 00
         3D 00 72 00
         31 00 3B 00
         2D 00 33 00
         32 00 37 00
         36 00 38 00
         3B 00 33 00
         32 00 37 00
         36 00 37 00
         3B 00 22 00
         2C 00 31 00
         32 00 38 00
         2C 00 30 00
         2C 00 30 00
         2C 00 30 00
         0D 00 0A 00
0000A2F8                    	.CODE
0000002C                    	.debug
0000002C 2E 00 73 00        		.dw '.stabs "char:t2=r2;0;127;",128,0,0,0',0x0d,0x0a
         74 00 61 00
         62 00 73 00
         20 00 22 00
         63 00 68 00
         61 00 72 00
         3A 00 74 00
         32 00 3D 00
         72 00 32 00
         3B 00 30 00
         3B 00 31 00
         32 00 37 00
         3B 00 22 00
         2C 00 31 00
         32 00 38 00
         2C 00 30 00
         2C 00 30 00
         2C 00 30 00
         0D 00 0A 00
0000A2F8                    	.CODE
00000052                    	.debug
00000052 2E 00 73 00        		.dw '.stabs "long int:t3=r3;-2147483648;2147483647;",128,0,0,0',0x0d,0x0a
         74 00 61 00
         62 00 73 00
         20 00 22 00
         6C 00 6F 00
         6E 00 67 00
         20 00 69 00
         6E 00 74 00
         3A 00 74 00
         33 00 3D 00
         72 00 33 00
         3B 00 2D 00
         32 00 31 00
         34 00 37 00
         34 00 38 00
         33 00 36 00
         34 00 38 00
         3B 00 32 00
         31 00 34 00
         37 00 34 00
         38 00 33 00
         36 00 34 00
         37 00 3B 00
         22 00 2C 00
         31 00 32 00
         38 00 2C 00
         30 00 2C 00
         30 00 2C 00
         30 00 0D 00
         0A 00      
0000A2F8                    	.CODE
0000008D                    	.debug
0000008D 2E 00 73 00        		.dw '.stabs "unsigned int:t4=r4;0;65535;",128,0,0,0',0x0d,0x0a
         74 00 61 00
         62 00 73 00
         20 00 22 00
         75 00 6E 00
         73 00 69 00
         67 00 6E 00
         65 00 64 00
         20 00 69 00
         6E 00 74 00
         3A 00 74 00
         34 00 3D 00
         72 00 34 00
         3B 00 30 00
         3B 00 36 00
         35 00 35 00
         33 00 35 00
         3B 00 22 00
         2C 00 31 00
         32 00 38 00
         2C 00 30 00
         2C 00 30 00
         2C 00 30 00
         0D 00 0A 00
0000A2F8                    	.CODE
000000BD                    	.debug
000000BD 2E 00 73 00        		.dw '.stabs "long unsigned int:t5=r5;0;4294967295;",128,0,0,0',0x0d,0x0a
         74 00 61 00
         62 00 73 00
         20 00 22 00
         6C 00 6F 00
         6E 00 67 00
         20 00 75 00
         6E 00 73 00
         69 00 67 00
         6E 00 65 00
         64 00 20 00
         69 00 6E 00
         74 00 3A 00
         74 00 35 00
         3D 00 72 00
         35 00 3B 00
         30 00 3B 00
         34 00 32 00
         39 00 34 00
         39 00 36 00
         37 00 32 00
         39 00 35 00
         3B 00 22 00
         2C 00 31 00
         32 00 38 00
         2C 00 30 00
         2C 00 30 00
         2C 00 30 00
         0D 00 0A 00
0000A2F8                    	.CODE
000000F7                    	.debug
000000F7 2E 00 73 00        		.dw '.stabs "long long int:t6=r6;-2147483648;2147483647;",128,0,0,0',0x0d,0x0a
         74 00 61 00
         62 00 73 00
         20 00 22 00
         6C 00 6F 00
         6E 00 67 00
         20 00 6C 00
         6F 00 6E 00
         67 00 20 00
         69 00 6E 00
         74 00 3A 00
         74 00 36 00
         3D 00 72 00
         36 00 3B 00
         2D 00 32 00
         31 00 34 00
         37 00 34 00
         38 00 33 00
         36 00 34 00
         38 00 3B 00
         32 00 31 00
         34 00 37 00
         34 00 38 00
         33 00 36 00
         34 00 37 00
         3B 00 22 00
         2C 00 31 00
         32 00 38 00
         2C 00 30 00
         2C 00 30 00
         2C 00 30 00
         0D 00 0A 00
0000A2F8                    	.CODE
00000137                    	.debug
00000137 2E 00 73 00        		.dw '.stabs "long long unsigned int:t7=r7;0;4294967295;",128,0,0,0',0x0d,0x0a
         74 00 61 00
         62 00 73 00
         20 00 22 00
         6C 00 6F 00
         6E 00 67 00
         20 00 6C 00
         6F 00 6E 00
         67 00 20 00
         75 00 6E 00
         73 00 69 00
         67 00 6E 00
         65 00 64 00
         20 00 69 00
         6E 00 74 00
         3A 00 74 00
         37 00 3D 00
         72 00 37 00
         3B 00 30 00
         3B 00 34 00
         32 00 39 00
         34 00 39 00
         36 00 37 00
         32 00 39 00
         35 00 3B 00
         22 00 2C 00
         31 00 32 00
         38 00 2C 00
         30 00 2C 00
         30 00 2C 00
         30 00 0D 00
         0A 00      
0000A2F8                    	.CODE
00000176                    	.debug
00000176 2E 00 73 00        		.dw '.stabs "short int:t8=r8;-32768;32767;",128,0,0,0',0x0d,0x0a
         74 00 61 00
         62 00 73 00
         20 00 22 00
         73 00 68 00
         6F 00 72 00
         74 00 20 00
         69 00 6E 00
         74 00 3A 00
         74 00 38 00
         3D 00 72 00
         38 00 3B 00
         2D 00 33 00
         32 00 37 00
         36 00 38 00
         3B 00 33 00
         32 00 37 00
         36 00 37 00
         3B 00 22 00
         2C 00 31 00
         32 00 38 00
         2C 00 30 00
         2C 00 30 00
         2C 00 30 00
         0D 00 0A 00
0000A2F8                    	.CODE
000001A8                    	.debug
000001A8 2E 00 73 00        		.dw '.stabs "short unsigned int:t9=r9;0;65535;",128,0,0,0',0x0d,0x0a
         74 00 61 00
         62 00 73 00
         20 00 22 00
         73 00 68 00
         6F 00 72 00
         74 00 20 00
         75 00 6E 00
         73 00 69 00
         67 00 6E 00
         65 00 64 00
         20 00 69 00
         6E 00 74 00
         3A 00 74 00
         39 00 3D 00
         72 00 39 00
         3B 00 30 00
         3B 00 36 00
         35 00 35 00
         33 00 35 00
         3B 00 22 00
         2C 00 31 00
         32 00 38 00
         2C 00 30 00
         2C 00 30 00
         2C 00 30 00
         0D 00 0A 00
0000A2F8                    	.CODE
000001DE                    	.debug
000001DE 2E 00 73 00        		.dw '.stabs "signed char:t10=r10;-32768;32767;",128,0,0,0',0x0d,0x0a
         74 00 61 00
         62 00 73 00
         20 00 22 00
         73 00 69 00
         67 00 6E 00
         65 00 64 00
         20 00 63 00
         68 00 61 00
         72 00 3A 00
         74 00 31 00
         30 00 3D 00
         72 00 31 00
         30 00 3B 00
         2D 00 33 00
         32 00 37 00
         36 00 38 00
         3B 00 33 00
         32 00 37 00
         36 00 37 00
         3B 00 22 00
         2C 00 31 00
         32 00 38 00
         2C 00 30 00
         2C 00 30 00
         2C 00 30 00
         0D 00 0A 00
0000A2F8                    	.CODE
00000214                    	.debug
00000214 2E 00 73 00        		.dw '.stabs "unsigned char:t11=r11;0;65535;",128,0,0,0',0x0d,0x0a
         74 00 61 00
         62 00 73 00
         20 00 22 00
         75 00 6E 00
         73 00 69 00
         67 00 6E 00
         65 00 64 00
         20 00 63 00
         68 00 61 00
         72 00 3A 00
         74 00 31 00
         31 00 3D 00
         72 00 31 00
         31 00 3B 00
         30 00 3B 00
         36 00 35 00
         35 00 33 00
         35 00 3B 00
         22 00 2C 00
         31 00 32 00
         38 00 2C 00
         30 00 2C 00
         30 00 2C 00
         30 00 0D 00
         0A 00      
0000A2F8                    	.CODE
00000247                    	.debug
00000247 2E 00 73 00        		.dw '.stabs "float:t12=r1;2;0;",128,0,0,0',0x0d,0x0a
         74 00 61 00
         62 00 73 00
         20 00 22 00
         66 00 6C 00
         6F 00 61 00
         74 00 3A 00
         74 00 31 00
         32 00 3D 00
         72 00 31 00
         3B 00 32 00
         3B 00 30 00
         3B 00 22 00
         2C 00 31 00
         32 00 38 00
         2C 00 30 00
         2C 00 30 00
         2C 00 30 00
         0D 00 0A 00
0000A2F8                    	.CODE
0000026D                    	.debug
0000026D 2E 00 73 00        		.dw '.stabs "double:t13=r1;2;0;",128,0,0,0',0x0d,0x0a
         74 00 61 00
         62 00 73 00
         20 00 22 00
         64 00 6F 00
         75 00 62 00
         6C 00 65 00
         3A 00 74 00
         31 00 33 00
         3D 00 72 00
         31 00 3B 00
         32 00 3B 00
         30 00 3B 00
         22 00 2C 00
         31 00 32 00
         38 00 2C 00
         30 00 2C 00
         30 00 2C 00
         30 00 0D 00
         0A 00      
0000A2F8                    	.CODE
00000294                    	.debug
00000294 2E 00 73 00        		.dw '.stabs "long double:t14=r1;2;0;",128,0,0,0',0x0d,0x0a
         74 00 61 00
         62 00 73 00
         20 00 22 00
         6C 00 6F 00
         6E 00 67 00
         20 00 64 00
         6F 00 75 00
         62 00 6C 00
         65 00 3A 00
         74 00 31 00
         34 00 3D 00
         72 00 31 00
         3B 00 32 00
         3B 00 30 00
         3B 00 22 00
         2C 00 31 00
         32 00 38 00
         2C 00 30 00
         2C 00 30 00
         2C 00 30 00
         0D 00 0A 00
0000A2F8                    	.CODE
000002C0                    	.debug
000002C0 2E 00 73 00        		.dw '.stabs "complex int:t15=s2real:1,0,16;imag:1,16,16;;",128,0,0,0',0x0d,0x0a
         74 00 61 00
         62 00 73 00
         20 00 22 00
         63 00 6F 00
         6D 00 70 00
         6C 00 65 00
         78 00 20 00
         69 00 6E 00
         74 00 3A 00
         74 00 31 00
         35 00 3D 00
         73 00 32 00
         72 00 65 00
         61 00 6C 00
         3A 00 31 00
         2C 00 30 00
         2C 00 31 00
         36 00 3B 00
         69 00 6D 00
         61 00 67 00
         3A 00 31 00
         2C 00 31 00
         36 00 2C 00
         31 00 36 00
         3B 00 3B 00
         22 00 2C 00
         31 00 32 00
         38 00 2C 00
         30 00 2C 00
         30 00 2C 00
         30 00 0D 00
         0A 00      
0000A2F8                    	.CODE
00000301                    	.debug
00000301 2E 00 73 00        		.dw '.stabs "complex float:t16=r16;2;0;",128,0,0,0',0x0d,0x0a
         74 00 61 00
         62 00 73 00
         20 00 22 00
         63 00 6F 00
         6D 00 70 00
         6C 00 65 00
         78 00 20 00
         66 00 6C 00
         6F 00 61 00
         74 00 3A 00
         74 00 31 00
         36 00 3D 00
         72 00 31 00
         36 00 3B 00
         32 00 3B 00
         30 00 3B 00
         22 00 2C 00
         31 00 32 00
         38 00 2C 00
         30 00 2C 00
         30 00 2C 00
         30 00 0D 00
         0A 00      
0000A2F8                    	.CODE
00000330                    	.debug
00000330 2E 00 73 00        		.dw '.stabs "complex double:t17=r17;2;0;",128,0,0,0',0x0d,0x0a
         74 00 61 00
         62 00 73 00
         20 00 22 00
         63 00 6F 00
         6D 00 70 00
         6C 00 65 00
         78 00 20 00
         64 00 6F 00
         75 00 62 00
         6C 00 65 00
         3A 00 74 00
         31 00 37 00
         3D 00 72 00
         31 00 37 00
         3B 00 32 00
         3B 00 30 00
         3B 00 22 00
         2C 00 31 00
         32 00 38 00
         2C 00 30 00
         2C 00 30 00
         2C 00 30 00
         0D 00 0A 00
0000A2F8                    	.CODE
00000360                    	.debug
00000360 2E 00 73 00        		.dw '.stabs "complex long double:t18=r18;2;0;",128,0,0,0',0x0d,0x0a
         74 00 61 00
         62 00 73 00
         20 00 22 00
         63 00 6F 00
         6D 00 70 00
         6C 00 65 00
         78 00 20 00
         6C 00 6F 00
         6E 00 67 00
         20 00 64 00
         6F 00 75 00
         62 00 6C 00
         65 00 3A 00
         74 00 31 00
         38 00 3D 00
         72 00 31 00
         38 00 3B 00
         32 00 3B 00
         30 00 3B 00
         22 00 2C 00
         31 00 32 00
         38 00 2C 00
         30 00 2C 00
         30 00 2C 00
         30 00 0D 00
         0A 00      
0000A2F8                    	.CODE
00000395                    	.debug
00000395 2E 00 73 00        		.dw '.stabs "void:t19=19",128,0,0,0',0x0d,0x0a
         74 00 61 00
         62 00 73 00
         20 00 22 00
         76 00 6F 00
         69 00 64 00
         3A 00 74 00
         31 00 39 00
         3D 00 31 00
         39 00 22 00
         2C 00 31 00
         32 00 38 00
         2C 00 30 00
         2C 00 30 00
         2C 00 30 00
         0D 00 0A 00
0000A2F8                    	.CODE
000003B5                    	.debug
000003B5 2E 00 73 00        		.dw '.stabs "P_UART_Command1:G20=*4",32,0,0,',0,0,offset _P_UART_Command1,seg _P_UART_Command1,0x0d,0x0a
         74 00 61 00
         62 00 73 00
         20 00 22 00
         50 00 5F 00
         55 00 41 00
         52 00 54 00
         5F 00 43 00
         6F 00 6D 00
         6D 00 61 00
         6E 00 64 00
         31 00 3A 00
         47 00 32 00
         30 00 3D 00
         2A 00 34 00
         22 00 2C 00
         33 00 32 00
         2C 00 30 00
         2C 00 30 00
         2C 00 00 00
         00 00 00 00
         00 00 0D 00
         0A 00      
0000A2F8                    	.CODE
                            	.public _P_UART_Command1
000006E9                    	.iram
                            	_P_UART_Command1:
000006E9 21 70              		.dw 28705
000003E2                    	.debug
000003E2 2E 00 73 00        		.dw '.stabs "P_UART_Command2:G20",32,0,0,',0,0,offset _P_UART_Command2,seg _P_UART_Command2,0x0d,0x0a
         74 00 61 00
         62 00 73 00
         20 00 22 00
         50 00 5F 00
         55 00 41 00
         52 00 54 00
         5F 00 43 00
         6F 00 6D 00
         6D 00 61 00
         6E 00 64 00
         32 00 3A 00
         47 00 32 00
         30 00 22 00
         2C 00 33 00
         32 00 2C 00
         30 00 2C 00
         30 00 2C 00
         00 00 00 00
         01 00 00 00
         0D 00 0A 00
0000A2F8                    	.CODE
                            	.public _P_UART_Command2
000006EA                    	.iram
                            	_P_UART_Command2:
000006EA 22 70              		.dw 28706
0000040C                    	.debug
0000040C 2E 00 73 00        		.dw '.stabs "P_UART_Data:G20",32,0,0,',0,0,offset _P_UART_Data,seg _P_UART_Data,0x0d,0x0a
         74 00 61 00
         62 00 73 00
         20 00 22 00
         50 00 5F 00
         55 00 41 00
         52 00 54 00
         5F 00 44 00
         61 00 74 00
         61 00 3A 00
         47 00 32 00
         30 00 22 00
         2C 00 33 00
         32 00 2C 00
         30 00 2C 00
         30 00 2C 00
         00 00 00 00
         02 00 00 00
         0D 00 0A 00
0000A2F8                    	.CODE
                            	.public _P_UART_Data
000006EB                    	.iram
                            	_P_UART_Data:
000006EB 23 70              		.dw 28707
00000432                    	.debug
00000432 2E 00 73 00        		.dw '.stabs "P_UART_BaudScalarLow:G20",32,0,0,',0,0,offset _P_UART_BaudScalarLow,seg _P_UART_BaudScalarLow,0x0d,0x0a
         74 00 61 00
         62 00 73 00
         20 00 22 00
         50 00 5F 00
         55 00 41 00
         52 00 54 00
         5F 00 42 00
         61 00 75 00
         64 00 53 00
         63 00 61 00
         6C 00 61 00
         72 00 4C 00
         6F 00 77 00
         3A 00 47 00
         32 00 30 00
         22 00 2C 00
         33 00 32 00
         2C 00 30 00
         2C 00 30 00
         2C 00 00 00
         00 00 03 00
         00 00 0D 00
         0A 00      
0000A2F8                    	.CODE
                            	.public _P_UART_BaudScalarLow
000006EC                    	.iram
                            	_P_UART_BaudScalarLow:
000006EC 24 70              		.dw 28708
00000461                    	.debug
00000461 2E 00 73 00        		.dw '.stabs "P_UART_BaudScalarHigh:G20",32,0,0,',0,0,offset _P_UART_BaudScalarHigh,seg _P_UART_BaudScalarHigh,0x0d,0x0a
         74 00 61 00
         62 00 73 00
         20 00 22 00
         50 00 5F 00
         55 00 41 00
         52 00 54 00
         5F 00 42 00
         61 00 75 00
         64 00 53 00
         63 00 61 00
         6C 00 61 00
         72 00 48 00
         69 00 67 00
         68 00 3A 00
         47 00 32 00
         30 00 22 00
         2C 00 33 00
         32 00 2C 00
         30 00 2C 00
         30 00 2C 00
         00 00 00 00
         04 00 00 00
         0D 00 0A 00
0000A2F8                    	.CODE
                            	.public _P_UART_BaudScalarHigh
000006ED                    	.iram
                            	_P_UART_BaudScalarHigh:
000006ED 25 70              		.dw 28709
0000A2F8                    	.code
00000491                    	.debug
00000491 2E 00 73 00        		.dw '.stabs "UART_Init:F19",36,0,0,',0,0,offset _UART_Init,seg _UART_Init,0x0d,0x0a
         74 00 61 00
         62 00 73 00
         20 00 22 00
         55 00 41 00
         52 00 54 00
         5F 00 49 00
         6E 00 69 00
         74 00 3A 00
         46 00 31 00
         39 00 22 00
         2C 00 33 00
         36 00 2C 00
         30 00 2C 00
         30 00 2C 00
         00 00 00 00
         00 00 00 00
         0D 00 0A 00
0000A2F8                    	.CODE
                            	.public _UART_Init
                            	_UART_Init:	.proc
000004B5                    	.debug
000004B5 2E 00 73 00        		.dw '.stabn 0x44,0,45,',0,0
         74 00 61 00
         62 00 6E 00
         20 00 30 00
         78 00 34 00
         34 00 2C 00
         30 00 2C 00
         34 00 35 00
         2C 00 00 00
         00 00      
000004C8 00 00 00 00        		.dd LM1-_UART_Init
000004CA 0D 00 0A 00        		.dw 0x0d,0x0a
0000A2F8                    	.code
                            	LM1:
                            		// total=1, vars=1
                            		// frame_pointer_needed: 1
0000A2F8 88 DA              		push bp to [sp]
0000A2F9 41 20              		sp-=1
0000A2FA 08 0B 01 00        		bp=sp+1
                            	
0000A2FC 0D 03 04 00        		R1=BP+4
000004CC                    	.debug
000004CC 2E 00 73 00        		.dw '.stabn 0x44,0,46,',0,0
         74 00 61 00
         62 00 6E 00
         20 00 30 00
         78 00 34 00
         34 00 2C 00
         30 00 2C 00
         34 00 36 00
         2C 00 00 00
         00 00      
000004DF 06 00 00 00        		.dd LM2-_UART_Init
000004E1 0D 00 0A 00        		.dw 0x0d,0x0a
0000A2FE                    	.code
                            	LM2:
                            	LBB2:
000004E3                    	.debug
000004E3 2E 00 73 00        		.dw '.stabn 0x44,0,47,',0,0
         74 00 61 00
         62 00 6E 00
         20 00 30 00
         78 00 34 00
         34 00 2C 00
         30 00 2C 00
         34 00 37 00
         2C 00 00 00
         00 00      
000004F6 06 00 00 00        		.dd LM3-_UART_Init
000004F8 0D 00 0A 00        		.dw 0x0d,0x0a
0000A2FE                    	.code
                            	LM3:
0000A2FE 12 95 E9 06        		R2=[_P_UART_Command1]	// QImode move
0000A300 60 96              		R3=32	// QImode move
0000A301 02 99              		R4=R2	// QImode move
0000A302 C4 D6              		[R4]=R3	// QImode move
000004FA                    	.debug
000004FA 2E 00 73 00        		.dw '.stabn 0x44,0,48,',0,0
         74 00 61 00
         62 00 6E 00
         20 00 30 00
         78 00 34 00
         34 00 2C 00
         30 00 2C 00
         34 00 38 00
         2C 00 00 00
         00 00      
0000050D 0B 00 00 00        		.dd LM4-_UART_Init
0000050F 0D 00 0A 00        		.dw 0x0d,0x0a
0000A303                    	.code
                            	LM4:
0000A303 12 95 E9 06        		R2=[_P_UART_Command1]	// QImode move
0000A305 40 96              		R3=0	// QImode move
0000A306 02 99              		R4=R2	// QImode move
0000A307 C4 D6              		[R4]=R3	// QImode move
00000511                    	.debug
00000511 2E 00 73 00        		.dw '.stabn 0x44,0,50,',0,0
         74 00 61 00
         62 00 6E 00
         20 00 30 00
         78 00 34 00
         34 00 2C 00
         30 00 2C 00
         35 00 30 00
         2C 00 00 00
         00 00      
00000524 10 00 00 00        		.dd LM5-_UART_Init
00000526 0D 00 0A 00        		.dw 0x0d,0x0a
0000A308                    	.code
                            	LM5:
0000A308 12 95 ED 06        		R2=[_P_UART_BaudScalarHigh]	// QImode move
0000A30A 40 96              		R3=0	// QImode move
0000A30B 02 99              		R4=R2	// QImode move
0000A30C C4 D6              		[R4]=R3	// QImode move
00000528                    	.debug
00000528 2E 00 73 00        		.dw '.stabn 0x44,0,51,',0,0
         74 00 61 00
         62 00 6E 00
         20 00 30 00
         78 00 34 00
         34 00 2C 00
         30 00 2C 00
         35 00 31 00
         2C 00 00 00
         00 00      
0000053B 15 00 00 00        		.dd LM6-_UART_Init
0000053D 0D 00 0A 00        		.dw 0x0d,0x0a
0000A30D                    	.code
                            	LM6:
0000A30D 12 95 EC 06        		R2=[_P_UART_BaudScalarLow]	// QImode move
0000A30F 0B 97 6B 00        		R3=107	// QImode move
0000A311 02 99              		R4=R2	// QImode move
0000A312 C4 D6              		[R4]=R3	// QImode move
0000053F                    	.debug
0000053F 2E 00 73 00        		.dw '.stabn 0x44,0,53,',0,0
         74 00 61 00
         62 00 6E 00
         20 00 30 00
         78 00 34 00
         34 00 2C 00
         30 00 2C 00
         35 00 33 00
         2C 00 00 00
         00 00      
00000552 1B 00 00 00        		.dd LM7-_UART_Init
00000554 0D 00 0A 00        		.dw 0x0d,0x0a
0000A313                    	.code
                            	LM7:
0000A313 12 95 E9 06        		R2=[_P_UART_Command1]	// QImode move
0000A315 4C 96              		R3=12	// QImode move
0000A316 02 99              		R4=R2	// QImode move
0000A317 C4 D6              		[R4]=R3	// QImode move
00000556                    	.debug
00000556 2E 00 73 00        		.dw '.stabn 0x44,0,54,',0,0
         74 00 61 00
         62 00 6E 00
         20 00 30 00
         78 00 34 00
         34 00 2C 00
         30 00 2C 00
         35 00 34 00
         2C 00 00 00
         00 00      
00000569 20 00 00 00        		.dd LM8-_UART_Init
0000056B 0D 00 0A 00        		.dw 0x0d,0x0a
0000A318                    	.code
                            	LM8:
0000A318 12 95 EA 06        		R2=[_P_UART_Command2]	// QImode move
0000A31A 0B 97 C0 00        		R3=192	// QImode move
0000A31C 02 99              		R4=R2	// QImode move
0000A31D C4 D6              		[R4]=R3	// QImode move
0000056D                    	.debug
0000056D 2E 00 73 00        		.dw '.stabn 0x44,0,56,',0,0
         74 00 61 00
         62 00 6E 00
         20 00 30 00
         78 00 34 00
         34 00 2C 00
         30 00 2C 00
         35 00 36 00
         2C 00 00 00
         00 00      
00000580 26 00 00 00        		.dd LM9-_UART_Init
00000582 0D 00 0A 00        		.dw 0x0d,0x0a
0000A31E                    	.code
                            	LM9:
0000A31E 12 95 EB 06        		R2=[_P_UART_Data]	// QImode move
0000A320 02 99              		R4=R2	// QImode move
0000A321 C4 96              		R3=[R4]	// QImode move
0000A322 C5 D6              		[BP]=R3	// QImode move
00000584                    	.debug
00000584 2E 00 73 00        		.dw '.stabn 0x44,0,57,',0,0
         74 00 61 00
         62 00 6E 00
         20 00 30 00
         78 00 34 00
         34 00 2C 00
         30 00 2C 00
         35 00 37 00
         2C 00 00 00
         00 00      
00000597 2B 00 00 00        		.dd LM10-_UART_Init
00000599 0D 00 0A 00        		.dw 0x0d,0x0a
0000A323                    	.code
                            	LM10:
                            	LBE2:
0000059B                    	.debug
0000059B 2E 00 73 00        		.dw '.stabn 0x44,0,57,',0,0
         74 00 61 00
         62 00 6E 00
         20 00 30 00
         78 00 34 00
         34 00 2C 00
         30 00 2C 00
         35 00 37 00
         2C 00 00 00
         00 00      
000005AE 2B 00 00 00        		.dd LM11-_UART_Init
000005B0 0D 00 0A 00        		.dw 0x0d,0x0a
0000A323                    	.code
                            	LM11:
                            	L2:
                            	
0000A323 41 00              		sp+=1
0000A324 88 98              		pop bp from [sp]
0000A325 90 9A              		retf
                            		.endp	// end of UART_Init
                            	
000005B2                    	.debug
000005B2 2E 00 73 00        		.dw '.stabn 0xc0,0,0,',0,0
         74 00 61 00
         62 00 6E 00
         20 00 30 00
         78 00 63 00
         30 00 2C 00
         30 00 2C 00
         30 00 2C 00
         00 00 00 00
000005C4 06 00 00 00        		.dd LBB2-_UART_Init
000005C6 0D 00 0A 00        		.dw 0x0d,0x0a
0000A326                    	.code
000005C8                    	.debug
000005C8 2E 00 73 00        		.dw '.stabs "a:1",128,0,0,0',0x0d,0x0a
         74 00 61 00
         62 00 73 00
         20 00 22 00
         61 00 3A 00
         31 00 22 00
         2C 00 31 00
         32 00 38 00
         2C 00 30 00
         2C 00 30 00
         2C 00 30 00
         0D 00 0A 00
0000A326                    	.CODE
000005E0                    	.debug
000005E0 2E 00 73 00        		.dw '.stabn 0xe0,0,0,',0,0
         74 00 61 00
         62 00 6E 00
         20 00 30 00
         78 00 65 00
         30 00 2C 00
         30 00 2C 00
         30 00 2C 00
         00 00 00 00
000005F2 2B 00 00 00        		.dd LBE2-_UART_Init
000005F4 0D 00 0A 00        		.dw 0x0d,0x0a
0000A326                    	.code
000005F6                    	.debug
000005F6 2E 00 73 00        		.dw '.stabf ',0,0
         74 00 61 00
         62 00 66 00
         20 00 00 00
         00 00      
000005FF 2E 00 00 00        		.dd LME1-_UART_Init
00000601 0D 00 0A 00        		.dw 0x0d,0x0a
0000A326                    	.code
                            	LME1:
0000A326                    	.code
00000603                    	.debug
00000603 2E 00 73 00        		.dw '.stabs "UartSendByte:F19",36,0,0,',0,0,offset _UartSendByte,seg _UartSendByte,0x0d,0x0a
         74 00 61 00
         62 00 73 00
         20 00 22 00
         55 00 61 00
         72 00 74 00
         53 00 65 00
         6E 00 64 00
         42 00 79 00
         74 00 65 00
         3A 00 46 00
         31 00 39 00
         22 00 2C 00
         33 00 36 00
         2C 00 30 00
         2C 00 30 00
         2C 00 00 00
         00 00 2E 00
         00 00 0D 00
         0A 00      
0000A326                    	.CODE
                            	.public _UartSendByte
                            	_UartSendByte:	.proc
0000062A                    	.debug
0000062A 2E 00 73 00        		.dw '.stabn 0x44,0,69,',0,0
         74 00 61 00
         62 00 6E 00
         20 00 30 00
         78 00 34 00
         34 00 2C 00
         30 00 2C 00
         36 00 39 00
         2C 00 00 00
         00 00      
0000063D 00 00 00 00        		.dd LM12-_UartSendByte
0000063F 0D 00 0A 00        		.dw 0x0d,0x0a
0000A326                    	.code
                            	LM12:
                            		// total=1, vars=1
                            		// frame_pointer_needed: 1
0000A326 88 DA              		push bp to [sp]
0000A327 41 20              		sp-=1
0000A328 08 0B 01 00        		bp=sp+1
                            	
0000A32A 0D 03 04 00        		R1=BP+4
00000641                    	.debug
00000641 2E 00 73 00        		.dw '.stabn 0x44,0,70,',0,0
         74 00 61 00
         62 00 6E 00
         20 00 30 00
         78 00 34 00
         34 00 2C 00
         30 00 2C 00
         37 00 30 00
         2C 00 00 00
         00 00      
00000654 06 00 00 00        		.dd LM13-_UartSendByte
00000656 0D 00 0A 00        		.dw 0x0d,0x0a
0000A32C                    	.code
                            	LM13:
                            	LBB3:
00000658                    	.debug
00000658 2E 00 73 00        		.dw '.stabn 0x44,0,71,',0,0
         74 00 61 00
         62 00 6E 00
         20 00 30 00
         78 00 34 00
         34 00 2C 00
         30 00 2C 00
         37 00 31 00
         2C 00 00 00
         00 00      
0000066B 06 00 00 00        		.dd LM14-_UartSendByte
0000066D 0D 00 0A 00        		.dw 0x0d,0x0a
0000A32C                    	.code
                            	LM14:
0000A32C 12 95 EA 06        		R2=[_P_UART_Command2]	// QImode move
0000A32E 02 99              		R4=R2	// QImode move
0000A32F C4 96              		R3=[R4]	// QImode move
0000A330 C5 D6              		[BP]=R3	// QImode move
0000066F                    	.debug
0000066F 2E 00 73 00        		.dw '.stabn 0x44,0,72,',0,0
         74 00 61 00
         62 00 6E 00
         20 00 30 00
         78 00 34 00
         34 00 2C 00
         30 00 2C 00
         37 00 32 00
         2C 00 00 00
         00 00      
00000682 0B 00 00 00        		.dd LM15-_UartSendByte
00000684 0D 00 0A 00        		.dw 0x0d,0x0a
0000A331                    	.code
                            	LM15:
0000A331 C5 94              		R2=[BP]	// QImode move
0000A332 0A B7 40 00        		R3=R2&64
0000A334 C5 D6              		[BP]=R3	// QImode move
00000686                    	.debug
00000686 2E 00 73 00        		.dw '.stabn 0x44,0,73,',0,0
         74 00 61 00
         62 00 6E 00
         20 00 30 00
         78 00 34 00
         34 00 2C 00
         30 00 2C 00
         37 00 33 00
         2C 00 00 00
         00 00      
00000699 0F 00 00 00        		.dd LM16-_UartSendByte
0000069B 0D 00 0A 00        		.dw 0x0d,0x0a
0000A335                    	.code
                            	LM16:
                            	L4:
0000A335 C5 94              		R2=[BP]	// QImode move
0000A336 40 44              		CMP R2,0	// QImode test
0000A337 02 4E              		JNZ L7	// QImode EQ
0000A338 0F 9F 3C A3        		PC=L6
                            	L7:
0000A33A 0F 9F 47 A3        		pc=L5	// jump
                            	L6:
0000069D                    	.debug
0000069D 2E 00 73 00        		.dw '.stabn 0x44,0,75,',0,0
         74 00 61 00
         62 00 6E 00
         20 00 30 00
         78 00 34 00
         34 00 2C 00
         30 00 2C 00
         37 00 35 00
         2C 00 00 00
         00 00      
000006B0 16 00 00 00        		.dd LM17-_UartSendByte
000006B2 0D 00 0A 00        		.dw 0x0d,0x0a
0000A33C                    	.code
                            	LM17:
0000A33C 12 95 EA 06        		R2=[_P_UART_Command2]	// QImode move
0000A33E 02 99              		R4=R2	// QImode move
0000A33F C4 96              		R3=[R4]	// QImode move
0000A340 C5 D6              		[BP]=R3	// QImode move
000006B4                    	.debug
000006B4 2E 00 73 00        		.dw '.stabn 0x44,0,76,',0,0
         74 00 61 00
         62 00 6E 00
         20 00 30 00
         78 00 34 00
         34 00 2C 00
         30 00 2C 00
         37 00 36 00
         2C 00 00 00
         00 00      
000006C7 1B 00 00 00        		.dd LM18-_UartSendByte
000006C9 0D 00 0A 00        		.dw 0x0d,0x0a
0000A341                    	.code
                            	LM18:
0000A341 C5 94              		R2=[BP]	// QImode move
0000A342 0A B7 40 00        		R3=R2&64
0000A344 C5 D6              		[BP]=R3	// QImode move
000006CB                    	.debug
000006CB 2E 00 73 00        		.dw '.stabn 0x44,0,77,',0,0
         74 00 61 00
         62 00 6E 00
         20 00 30 00
         78 00 34 00
         34 00 2C 00
         30 00 2C 00
         37 00 37 00
         2C 00 00 00
         00 00      
000006DE 1F 00 00 00        		.dd LM19-_UartSendByte
000006E0 0D 00 0A 00        		.dw 0x0d,0x0a
0000A345                    	.code
                            	LM19:
0000A345 0F 9F 35 A3        		pc=L4	// jump
                            	L5:
000006E2                    	.debug
000006E2 2E 00 73 00        		.dw '.stabn 0x44,0,78,',0,0
         74 00 61 00
         62 00 6E 00
         20 00 30 00
         78 00 34 00
         34 00 2C 00
         30 00 2C 00
         37 00 38 00
         2C 00 00 00
         00 00      
000006F5 21 00 00 00        		.dd LM20-_UartSendByte
000006F7 0D 00 0A 00        		.dw 0x0d,0x0a
0000A347                    	.code
                            	LM20:
0000A347 12 95 EB 06        		R2=[_P_UART_Data]	// QImode move
0000A349 01 99              		R4=R1	// QImode move
0000A34A C4 96              		R3=[R4]	// QImode move
0000A34B 02 99              		R4=R2	// QImode move
0000A34C C4 D6              		[R4]=R3	// QImode move
000006F9                    	.debug
000006F9 2E 00 73 00        		.dw '.stabn 0x44,0,82,',0,0
         74 00 61 00
         62 00 6E 00
         20 00 30 00
         78 00 34 00
         34 00 2C 00
         30 00 2C 00
         38 00 32 00
         2C 00 00 00
         00 00      
0000070C 27 00 00 00        		.dd LM21-_UartSendByte
0000070E 0D 00 0A 00        		.dw 0x0d,0x0a
0000A34D                    	.code
                            	LM21:
                            	LBE3:
00000710                    	.debug
00000710 2E 00 73 00        		.dw '.stabn 0x44,0,82,',0,0
         74 00 61 00
         62 00 6E 00
         20 00 30 00
         78 00 34 00
         34 00 2C 00
         30 00 2C 00
         38 00 32 00
         2C 00 00 00
         00 00      
00000723 27 00 00 00        		.dd LM22-_UartSendByte
00000725 0D 00 0A 00        		.dw 0x0d,0x0a
0000A34D                    	.code
                            	LM22:
                            	L3:
                            	
0000A34D 41 00              		sp+=1
0000A34E 88 98              		pop bp from [sp]
0000A34F 90 9A              		retf
                            		.endp	// end of UartSendByte
                            	
00000727                    	.debug
00000727 2E 00 73 00        		.dw '.stabs "data:p4",160,0,0,4',0x0d,0x0a
         74 00 61 00
         62 00 73 00
         20 00 22 00
         64 00 61 00
         74 00 61 00
         3A 00 70 00
         34 00 22 00
         2C 00 31 00
         36 00 30 00
         2C 00 30 00
         2C 00 30 00
         2C 00 34 00
         0D 00 0A 00
0000A350                    	.CODE
00000743                    	.debug
00000743 2E 00 73 00        		.dw '.stabn 0xc0,0,0,',0,0
         74 00 61 00
         62 00 6E 00
         20 00 30 00
         78 00 63 00
         30 00 2C 00
         30 00 2C 00
         30 00 2C 00
         00 00 00 00
00000755 06 00 00 00        		.dd LBB3-_UartSendByte
00000757 0D 00 0A 00        		.dw 0x0d,0x0a
0000A350                    	.code
00000759                    	.debug
00000759 2E 00 73 00        		.dw '.stabs "a:1",128,0,0,0',0x0d,0x0a
         74 00 61 00
         62 00 73 00
         20 00 22 00
         61 00 3A 00
         31 00 22 00
         2C 00 31 00
         32 00 38 00
         2C 00 30 00
         2C 00 30 00
         2C 00 30 00
         0D 00 0A 00
0000A350                    	.CODE
00000771                    	.debug
00000771 2E 00 73 00        		.dw '.stabn 0xe0,0,0,',0,0
         74 00 61 00
         62 00 6E 00
         20 00 30 00
         78 00 65 00
         30 00 2C 00
         30 00 2C 00
         30 00 2C 00
         00 00 00 00
00000783 27 00 00 00        		.dd LBE3-_UartSendByte
00000785 0D 00 0A 00        		.dw 0x0d,0x0a
0000A350                    	.code
00000787                    	.debug
00000787 2E 00 73 00        		.dw '.stabf ',0,0
         74 00 61 00
         62 00 66 00
         20 00 00 00
         00 00      
00000790 2A 00 00 00        		.dd LME2-_UartSendByte
00000792 0D 00 0A 00        		.dw 0x0d,0x0a
0000A350                    	.code
                            	LME2:
0000A350                    	.code
00000794                    	.debug
00000794 2E 00 73 00        		.dw '.stabs "UartReadByte:F4",36,0,0,',0,0,offset _UartReadByte,seg _UartReadByte,0x0d,0x0a
         74 00 61 00
         62 00 73 00
         20 00 22 00
         55 00 61 00
         72 00 74 00
         52 00 65 00
         61 00 64 00
         42 00 79 00
         74 00 65 00
         3A 00 46 00
         34 00 22 00
         2C 00 33 00
         36 00 2C 00
         30 00 2C 00
         30 00 2C 00
         00 00 00 00
         58 00 00 00
         0D 00 0A 00
0000A350                    	.CODE
                            	.public _UartReadByte
                            	_UartReadByte:	.proc
000007BA                    	.debug
000007BA 2E 00 73 00        		.dw '.stabn 0x44,0,94,',0,0
         74 00 61 00
         62 00 6E 00
         20 00 30 00
         78 00 34 00
         34 00 2C 00
         30 00 2C 00
         39 00 34 00
         2C 00 00 00
         00 00      
000007CD 00 00 00 00        		.dd LM23-_UartReadByte
000007CF 0D 00 0A 00        		.dw 0x0d,0x0a
0000A350                    	.code
                            	LM23:
                            		// total=3, vars=3
                            		// frame_pointer_needed: 1
0000A350 88 DA              		push bp to [sp]
0000A351 43 20              		sp-=3
0000A352 08 0B 01 00        		bp=sp+1
                            	
0000A354 0D 05 06 00        		R2=BP+6
000007D1                    	.debug
000007D1 2E 00 73 00        		.dw '.stabn 0x44,0,95,',0,0
         74 00 61 00
         62 00 6E 00
         20 00 30 00
         78 00 34 00
         34 00 2C 00
         30 00 2C 00
         39 00 35 00
         2C 00 00 00
         00 00      
000007E4 06 00 00 00        		.dd LM24-_UartReadByte
000007E6 0D 00 0A 00        		.dw 0x0d,0x0a
0000A356                    	.code
                            	LM24:
                            	LBB4:
000007E8                    	.debug
000007E8 2E 00 73 00        		.dw '.stabn 0x44,0,96,',0,0
         74 00 61 00
         62 00 6E 00
         20 00 30 00
         78 00 34 00
         34 00 2C 00
         30 00 2C 00
         39 00 36 00
         2C 00 00 00
         00 00      
000007FB 06 00 00 00        		.dd LM25-_UartReadByte
000007FD 0D 00 0A 00        		.dw 0x0d,0x0a
0000A356                    	.code
                            	LM25:
0000A356 05 97              		R3=BP	// QImode move
0000A357 0D 03 01 00        		R1=BP+1
0000A359 13 97 EA 06        		R3=[_P_UART_Command2]	// QImode move
0000A35B 03 99              		R4=R3	// QImode move
0000A35C C4 98              		R4=[R4]	// QImode move
0000A35D 02 D8              		[bp+2]=R4	// QImode move
0000A35E 02 96              		R3=[bp+2]	// QImode move
0000A35F 01 99              		R4=R1	// QImode move
0000A360 C4 D6              		[R4]=R3	// QImode move
000007FF                    	.debug
000007FF 2E 00 73 00        		.dw '.stabn 0x44,0,97,',0,0
         74 00 61 00
         62 00 6E 00
         20 00 30 00
         78 00 34 00
         34 00 2C 00
         30 00 2C 00
         39 00 37 00
         2C 00 00 00
         00 00      
00000812 11 00 00 00        		.dd LM26-_UartReadByte
00000814 0D 00 0A 00        		.dw 0x0d,0x0a
0000A361                    	.code
                            	LM26:
0000A361 05 97              		R3=BP	// QImode move
0000A362 0D 03 01 00        		R1=BP+1
0000A364 05 97              		R3=BP	// QImode move
0000A365 0D 07 01 00        		R3=BP+1
0000A367 02 D6              		[bp+2]=R3	// QImode move
0000A368 02 98              		R4=[bp+2]	// QImode move
0000A369 C4 96              		R3=[R4]	// QImode move
0000A36A 0B B9 80 00        		R4=R3&128
0000A36C 01 97              		R3=R1	// QImode move
0000A36D C3 D8              		[R3]=R4	// QImode move
00000816                    	.debug
00000816 2E 00 73 00        		.dw '.stabn 0x44,0,98,',0,0
         74 00 61 00
         62 00 6E 00
         20 00 30 00
         78 00 34 00
         34 00 2C 00
         30 00 2C 00
         39 00 38 00
         2C 00 00 00
         00 00      
00000829 1E 00 00 00        		.dd LM27-_UartReadByte
0000082B 0D 00 0A 00        		.dw 0x0d,0x0a
0000A36E                    	.code
                            	LM27:
                            	L9:
0000A36E 05 93              		R1=BP	// QImode move
0000A36F 0D 07 01 00        		R3=BP+1
0000A371 03 99              		R4=R3	// QImode move
0000A372 C4 92              		R1=[R4]	// QImode move
0000A373 40 42              		CMP R1,0	// QImode test
0000A374 02 4E              		JNZ L12	// QImode EQ
0000A375 0F 9F 79 A3        		PC=L11
                            	L12:
0000A377 0F 9F 93 A3        		pc=L10	// jump
                            	L11:
0000082D                    	.debug
0000082D 2E 00 73 00        		.dw '.stabn 0x44,0,100,',0,0
         74 00 61 00
         62 00 6E 00
         20 00 30 00
         78 00 34 00
         34 00 2C 00
         30 00 2C 00
         31 00 30 00
         30 00 2C 00
         00 00 00 00
00000841 29 00 00 00        		.dd LM28-_UartReadByte
00000843 0D 00 0A 00        		.dw 0x0d,0x0a
0000A379                    	.code
                            	LM28:
0000A379 05 97              		R3=BP	// QImode move
0000A37A 0D 03 01 00        		R1=BP+1
0000A37C 13 97 EA 06        		R3=[_P_UART_Command2]	// QImode move
0000A37E 03 99              		R4=R3	// QImode move
0000A37F C4 98              		R4=[R4]	// QImode move
0000A380 02 D8              		[bp+2]=R4	// QImode move
0000A381 02 96              		R3=[bp+2]	// QImode move
0000A382 01 99              		R4=R1	// QImode move
0000A383 C4 D6              		[R4]=R3	// QImode move
00000845                    	.debug
00000845 2E 00 73 00        		.dw '.stabn 0x44,0,101,',0,0
         74 00 61 00
         62 00 6E 00
         20 00 30 00
         78 00 34 00
         34 00 2C 00
         30 00 2C 00
         31 00 30 00
         31 00 2C 00
         00 00 00 00
00000859 34 00 00 00        		.dd LM29-_UartReadByte
0000085B 0D 00 0A 00        		.dw 0x0d,0x0a
0000A384                    	.code
                            	LM29:
0000A384 05 97              		R3=BP	// QImode move
0000A385 0D 03 01 00        		R1=BP+1
0000A387 05 97              		R3=BP	// QImode move
0000A388 0D 07 01 00        		R3=BP+1
0000A38A 02 D6              		[bp+2]=R3	// QImode move
0000A38B 02 98              		R4=[bp+2]	// QImode move
0000A38C C4 96              		R3=[R4]	// QImode move
0000A38D 0B B9 80 00        		R4=R3&128
0000A38F 01 97              		R3=R1	// QImode move
0000A390 C3 D8              		[R3]=R4	// QImode move
0000085D                    	.debug
0000085D 2E 00 73 00        		.dw '.stabn 0x44,0,102,',0,0
         74 00 61 00
         62 00 6E 00
         20 00 30 00
         78 00 34 00
         34 00 2C 00
         30 00 2C 00
         31 00 30 00
         32 00 2C 00
         00 00 00 00
00000871 41 00 00 00        		.dd LM30-_UartReadByte
00000873 0D 00 0A 00        		.dw 0x0d,0x0a
0000A391                    	.code
                            	LM30:
0000A391 0F 9F 6E A3        		pc=L9	// jump
                            	L10:
00000875                    	.debug
00000875 2E 00 73 00        		.dw '.stabn 0x44,0,103,',0,0
         74 00 61 00
         62 00 6E 00
         20 00 30 00
         78 00 34 00
         34 00 2C 00
         30 00 2C 00
         31 00 30 00
         33 00 2C 00
         00 00 00 00
00000889 43 00 00 00        		.dd LM31-_UartReadByte
0000088B 0D 00 0A 00        		.dw 0x0d,0x0a
0000A393                    	.code
                            	LM31:
0000A393 11 93 EB 06        		R1=[_P_UART_Data]	// QImode move
0000A395 01 99              		R4=R1	// QImode move
0000A396 C4 96              		R3=[R4]	// QImode move
0000A397 C5 D6              		[BP]=R3	// QImode move
0000088D                    	.debug
0000088D 2E 00 73 00        		.dw '.stabn 0x44,0,104,',0,0
         74 00 61 00
         62 00 6E 00
         20 00 30 00
         78 00 34 00
         34 00 2C 00
         30 00 2C 00
         31 00 30 00
         34 00 2C 00
         00 00 00 00
000008A1 48 00 00 00        		.dd LM32-_UartReadByte
000008A3 0D 00 0A 00        		.dw 0x0d,0x0a
0000A398                    	.code
                            	LM32:
0000A398 C5 96              		R3=[BP]	// QImode move
0000A399 03 93              		R1=R3	// QImode move
0000A39A 0F 9F 9C A3        		pc=L8	// jump
000008A5                    	.debug
000008A5 2E 00 73 00        		.dw '.stabn 0x44,0,105,',0,0
         74 00 61 00
         62 00 6E 00
         20 00 30 00
         78 00 34 00
         34 00 2C 00
         30 00 2C 00
         31 00 30 00
         35 00 2C 00
         00 00 00 00
000008B9 4C 00 00 00        		.dd LM33-_UartReadByte
000008BB 0D 00 0A 00        		.dw 0x0d,0x0a
0000A39C                    	.code
                            	LM33:
                            	LBE4:
000008BD                    	.debug
000008BD 2E 00 73 00        		.dw '.stabn 0x44,0,105,',0,0
         74 00 61 00
         62 00 6E 00
         20 00 30 00
         78 00 34 00
         34 00 2C 00
         30 00 2C 00
         31 00 30 00
         35 00 2C 00
         00 00 00 00
000008D1 4C 00 00 00        		.dd LM34-_UartReadByte
000008D3 0D 00 0A 00        		.dw 0x0d,0x0a
0000A39C                    	.code
                            	LM34:
                            	L8:
                            	
0000A39C 43 00              		sp+=3
0000A39D 88 98              		pop bp from [sp]
0000A39E 90 9A              		retf
                            		.endp	// end of UartReadByte
                            	
000008D5                    	.debug
000008D5 2E 00 73 00        		.dw '.stabn 0xc0,0,0,',0,0
         74 00 61 00
         62 00 6E 00
         20 00 30 00
         78 00 63 00
         30 00 2C 00
         30 00 2C 00
         30 00 2C 00
         00 00 00 00
000008E7 06 00 00 00        		.dd LBB4-_UartReadByte
000008E9 0D 00 0A 00        		.dw 0x0d,0x0a
0000A39F                    	.code
000008EB                    	.debug
000008EB 2E 00 73 00        		.dw '.stabs "data:4",128,0,0,0',0x0d,0x0a
         74 00 61 00
         62 00 73 00
         20 00 22 00
         64 00 61 00
         74 00 61 00
         3A 00 34 00
         22 00 2C 00
         31 00 32 00
         38 00 2C 00
         30 00 2C 00
         30 00 2C 00
         30 00 0D 00
         0A 00      
0000A39F                    	.CODE
00000906                    	.debug
00000906 2E 00 73 00        		.dw '.stabs "a:4",128,0,0,1',0x0d,0x0a
         74 00 61 00
         62 00 73 00
         20 00 22 00
         61 00 3A 00
         34 00 22 00
         2C 00 31 00
         32 00 38 00
         2C 00 30 00
         2C 00 30 00
         2C 00 31 00
         0D 00 0A 00
0000A39F                    	.CODE
0000091E                    	.debug
0000091E 2E 00 73 00        		.dw '.stabn 0xe0,0,0,',0,0
         74 00 61 00
         62 00 6E 00
         20 00 30 00
         78 00 65 00
         30 00 2C 00
         30 00 2C 00
         30 00 2C 00
         00 00 00 00
00000930 4C 00 00 00        		.dd LBE4-_UartReadByte
00000932 0D 00 0A 00        		.dw 0x0d,0x0a
0000A39F                    	.code
00000934                    	.debug
00000934 2E 00 73 00        		.dw '.stabf ',0,0
         74 00 61 00
         62 00 66 00
         20 00 00 00
         00 00      
0000093D 4F 00 00 00        		.dd LME3-_UartReadByte
0000093F 0D 00 0A 00        		.dw 0x0d,0x0a
0000A39F                    	.code
                            	LME3:
                            		.end
0 error(s), 0 warning(s).

