Sunplus u'nSP Assembler - Ver. 1.8.0
              Listing File Has Been Relocated
                            	// GCC for SUNPLUS u'nSP version 1.0.10
                            	// Command: E:\PROGRA~1\Sunplus\UNSPID~3\IDE180\cc1.exe C:\DOCUME~1\˔Ȼ˚.DOMAIN\LOCALS~1\Temp\ccUvaaaa.i -fkeep-inline-functions -quiet -dumpbase ISR.c -gstabs -o .\Debug/ISR.asm
                            	// gcc2_compiled.:
                            	
00000000                    	.code
                            	Ltext0:
00000000                    	.debug
00000000 2E 00 73 00        		.dw '.stabs "int:t1=r1;-32768;32767;",128,0,0,0',0x0d,0x0a
         74 00 61 00
         62 00 73 00
         20 00 22 00
         69 00 6E 00
         74 00 3A 00
         74 00 31 00
         3D 00 72 00
         31 00 3B 00
         2D 00 33 00
         32 00 37 00
         36 00 38 00
         3B 00 33 00
         32 00 37 00
         36 00 37 00
         3B 00 22 00
         2C 00 31 00
         32 00 38 00
         2C 00 30 00
         2C 00 30 00
         2C 00 30 00
         0D 00 0A 00
00000000                    	.CODE
0000002C                    	.debug
0000002C 2E 00 73 00        		.dw '.stabs "char:t2=r2;0;127;",128,0,0,0',0x0d,0x0a
         74 00 61 00
         62 00 73 00
         20 00 22 00
         63 00 68 00
         61 00 72 00
         3A 00 74 00
         32 00 3D 00
         72 00 32 00
         3B 00 30 00
         3B 00 31 00
         32 00 37 00
         3B 00 22 00
         2C 00 31 00
         32 00 38 00
         2C 00 30 00
         2C 00 30 00
         2C 00 30 00
         0D 00 0A 00
00000000                    	.CODE
00000052                    	.debug
00000052 2E 00 73 00        		.dw '.stabs "long int:t3=r3;-2147483648;2147483647;",128,0,0,0',0x0d,0x0a
         74 00 61 00
         62 00 73 00
         20 00 22 00
         6C 00 6F 00
         6E 00 67 00
         20 00 69 00
         6E 00 74 00
         3A 00 74 00
         33 00 3D 00
         72 00 33 00
         3B 00 2D 00
         32 00 31 00
         34 00 37 00
         34 00 38 00
         33 00 36 00
         34 00 38 00
         3B 00 32 00
         31 00 34 00
         37 00 34 00
         38 00 33 00
         36 00 34 00
         37 00 3B 00
         22 00 2C 00
         31 00 32 00
         38 00 2C 00
         30 00 2C 00
         30 00 2C 00
         30 00 0D 00
         0A 00      
00000000                    	.CODE
0000008D                    	.debug
0000008D 2E 00 73 00        		.dw '.stabs "unsigned int:t4=r4;0;65535;",128,0,0,0',0x0d,0x0a
         74 00 61 00
         62 00 73 00
         20 00 22 00
         75 00 6E 00
         73 00 69 00
         67 00 6E 00
         65 00 64 00
         20 00 69 00
         6E 00 74 00
         3A 00 74 00
         34 00 3D 00
         72 00 34 00
         3B 00 30 00
         3B 00 36 00
         35 00 35 00
         33 00 35 00
         3B 00 22 00
         2C 00 31 00
         32 00 38 00
         2C 00 30 00
         2C 00 30 00
         2C 00 30 00
         0D 00 0A 00
00000000                    	.CODE
000000BD                    	.debug
000000BD 2E 00 73 00        		.dw '.stabs "long unsigned int:t5=r5;0;4294967295;",128,0,0,0',0x0d,0x0a
         74 00 61 00
         62 00 73 00
         20 00 22 00
         6C 00 6F 00
         6E 00 67 00
         20 00 75 00
         6E 00 73 00
         69 00 67 00
         6E 00 65 00
         64 00 20 00
         69 00 6E 00
         74 00 3A 00
         74 00 35 00
         3D 00 72 00
         35 00 3B 00
         30 00 3B 00
         34 00 32 00
         39 00 34 00
         39 00 36 00
         37 00 32 00
         39 00 35 00
         3B 00 22 00
         2C 00 31 00
         32 00 38 00
         2C 00 30 00
         2C 00 30 00
         2C 00 30 00
         0D 00 0A 00
00000000                    	.CODE
000000F7                    	.debug
000000F7 2E 00 73 00        		.dw '.stabs "long long int:t6=r6;-2147483648;2147483647;",128,0,0,0',0x0d,0x0a
         74 00 61 00
         62 00 73 00
         20 00 22 00
         6C 00 6F 00
         6E 00 67 00
         20 00 6C 00
         6F 00 6E 00
         67 00 20 00
         69 00 6E 00
         74 00 3A 00
         74 00 36 00
         3D 00 72 00
         36 00 3B 00
         2D 00 32 00
         31 00 34 00
         37 00 34 00
         38 00 33 00
         36 00 34 00
         38 00 3B 00
         32 00 31 00
         34 00 37 00
         34 00 38 00
         33 00 36 00
         34 00 37 00
         3B 00 22 00
         2C 00 31 00
         32 00 38 00
         2C 00 30 00
         2C 00 30 00
         2C 00 30 00
         0D 00 0A 00
00000000                    	.CODE
00000137                    	.debug
00000137 2E 00 73 00        		.dw '.stabs "long long unsigned int:t7=r7;0;4294967295;",128,0,0,0',0x0d,0x0a
         74 00 61 00
         62 00 73 00
         20 00 22 00
         6C 00 6F 00
         6E 00 67 00
         20 00 6C 00
         6F 00 6E 00
         67 00 20 00
         75 00 6E 00
         73 00 69 00
         67 00 6E 00
         65 00 64 00
         20 00 69 00
         6E 00 74 00
         3A 00 74 00
         37 00 3D 00
         72 00 37 00
         3B 00 30 00
         3B 00 34 00
         32 00 39 00
         34 00 39 00
         36 00 37 00
         32 00 39 00
         35 00 3B 00
         22 00 2C 00
         31 00 32 00
         38 00 2C 00
         30 00 2C 00
         30 00 2C 00
         30 00 0D 00
         0A 00      
00000000                    	.CODE
00000176                    	.debug
00000176 2E 00 73 00        		.dw '.stabs "short int:t8=r8;-32768;32767;",128,0,0,0',0x0d,0x0a
         74 00 61 00
         62 00 73 00
         20 00 22 00
         73 00 68 00
         6F 00 72 00
         74 00 20 00
         69 00 6E 00
         74 00 3A 00
         74 00 38 00
         3D 00 72 00
         38 00 3B 00
         2D 00 33 00
         32 00 37 00
         36 00 38 00
         3B 00 33 00
         32 00 37 00
         36 00 37 00
         3B 00 22 00
         2C 00 31 00
         32 00 38 00
         2C 00 30 00
         2C 00 30 00
         2C 00 30 00
         0D 00 0A 00
00000000                    	.CODE
000001A8                    	.debug
000001A8 2E 00 73 00        		.dw '.stabs "short unsigned int:t9=r9;0;65535;",128,0,0,0',0x0d,0x0a
         74 00 61 00
         62 00 73 00
         20 00 22 00
         73 00 68 00
         6F 00 72 00
         74 00 20 00
         75 00 6E 00
         73 00 69 00
         67 00 6E 00
         65 00 64 00
         20 00 69 00
         6E 00 74 00
         3A 00 74 00
         39 00 3D 00
         72 00 39 00
         3B 00 30 00
         3B 00 36 00
         35 00 35 00
         33 00 35 00
         3B 00 22 00
         2C 00 31 00
         32 00 38 00
         2C 00 30 00
         2C 00 30 00
         2C 00 30 00
         0D 00 0A 00
00000000                    	.CODE
000001DE                    	.debug
000001DE 2E 00 73 00        		.dw '.stabs "signed char:t10=r10;-32768;32767;",128,0,0,0',0x0d,0x0a
         74 00 61 00
         62 00 73 00
         20 00 22 00
         73 00 69 00
         67 00 6E 00
         65 00 64 00
         20 00 63 00
         68 00 61 00
         72 00 3A 00
         74 00 31 00
         30 00 3D 00
         72 00 31 00
         30 00 3B 00
         2D 00 33 00
         32 00 37 00
         36 00 38 00
         3B 00 33 00
         32 00 37 00
         36 00 37 00
         3B 00 22 00
         2C 00 31 00
         32 00 38 00
         2C 00 30 00
         2C 00 30 00
         2C 00 30 00
         0D 00 0A 00
00000000                    	.CODE
00000214                    	.debug
00000214 2E 00 73 00        		.dw '.stabs "unsigned char:t11=r11;0;65535;",128,0,0,0',0x0d,0x0a
         74 00 61 00
         62 00 73 00
         20 00 22 00
         75 00 6E 00
         73 00 69 00
         67 00 6E 00
         65 00 64 00
         20 00 63 00
         68 00 61 00
         72 00 3A 00
         74 00 31 00
         31 00 3D 00
         72 00 31 00
         31 00 3B 00
         30 00 3B 00
         36 00 35 00
         35 00 33 00
         35 00 3B 00
         22 00 2C 00
         31 00 32 00
         38 00 2C 00
         30 00 2C 00
         30 00 2C 00
         30 00 0D 00
         0A 00      
00000000                    	.CODE
00000247                    	.debug
00000247 2E 00 73 00        		.dw '.stabs "float:t12=r1;2;0;",128,0,0,0',0x0d,0x0a
         74 00 61 00
         62 00 73 00
         20 00 22 00
         66 00 6C 00
         6F 00 61 00
         74 00 3A 00
         74 00 31 00
         32 00 3D 00
         72 00 31 00
         3B 00 32 00
         3B 00 30 00
         3B 00 22 00
         2C 00 31 00
         32 00 38 00
         2C 00 30 00
         2C 00 30 00
         2C 00 30 00
         0D 00 0A 00
00000000                    	.CODE
0000026D                    	.debug
0000026D 2E 00 73 00        		.dw '.stabs "double:t13=r1;2;0;",128,0,0,0',0x0d,0x0a
         74 00 61 00
         62 00 73 00
         20 00 22 00
         64 00 6F 00
         75 00 62 00
         6C 00 65 00
         3A 00 74 00
         31 00 33 00
         3D 00 72 00
         31 00 3B 00
         32 00 3B 00
         30 00 3B 00
         22 00 2C 00
         31 00 32 00
         38 00 2C 00
         30 00 2C 00
         30 00 2C 00
         30 00 0D 00
         0A 00      
00000000                    	.CODE
00000294                    	.debug
00000294 2E 00 73 00        		.dw '.stabs "long double:t14=r1;2;0;",128,0,0,0',0x0d,0x0a
         74 00 61 00
         62 00 73 00
         20 00 22 00
         6C 00 6F 00
         6E 00 67 00
         20 00 64 00
         6F 00 75 00
         62 00 6C 00
         65 00 3A 00
         74 00 31 00
         34 00 3D 00
         72 00 31 00
         3B 00 32 00
         3B 00 30 00
         3B 00 22 00
         2C 00 31 00
         32 00 38 00
         2C 00 30 00
         2C 00 30 00
         2C 00 30 00
         0D 00 0A 00
00000000                    	.CODE
000002C0                    	.debug
000002C0 2E 00 73 00        		.dw '.stabs "complex int:t15=s2real:1,0,16;imag:1,16,16;;",128,0,0,0',0x0d,0x0a
         74 00 61 00
         62 00 73 00
         20 00 22 00
         63 00 6F 00
         6D 00 70 00
         6C 00 65 00
         78 00 20 00
         69 00 6E 00
         74 00 3A 00
         74 00 31 00
         35 00 3D 00
         73 00 32 00
         72 00 65 00
         61 00 6C 00
         3A 00 31 00
         2C 00 30 00
         2C 00 31 00
         36 00 3B 00
         69 00 6D 00
         61 00 67 00
         3A 00 31 00
         2C 00 31 00
         36 00 2C 00
         31 00 36 00
         3B 00 3B 00
         22 00 2C 00
         31 00 32 00
         38 00 2C 00
         30 00 2C 00
         30 00 2C 00
         30 00 0D 00
         0A 00      
00000000                    	.CODE
00000301                    	.debug
00000301 2E 00 73 00        		.dw '.stabs "complex float:t16=r16;2;0;",128,0,0,0',0x0d,0x0a
         74 00 61 00
         62 00 73 00
         20 00 22 00
         63 00 6F 00
         6D 00 70 00
         6C 00 65 00
         78 00 20 00
         66 00 6C 00
         6F 00 61 00
         74 00 3A 00
         74 00 31 00
         36 00 3D 00
         72 00 31 00
         36 00 3B 00
         32 00 3B 00
         30 00 3B 00
         22 00 2C 00
         31 00 32 00
         38 00 2C 00
         30 00 2C 00
         30 00 2C 00
         30 00 0D 00
         0A 00      
00000000                    	.CODE
00000330                    	.debug
00000330 2E 00 73 00        		.dw '.stabs "complex double:t17=r17;2;0;",128,0,0,0',0x0d,0x0a
         74 00 61 00
         62 00 73 00
         20 00 22 00
         63 00 6F 00
         6D 00 70 00
         6C 00 65 00
         78 00 20 00
         64 00 6F 00
         75 00 62 00
         6C 00 65 00
         3A 00 74 00
         31 00 37 00
         3D 00 72 00
         31 00 37 00
         3B 00 32 00
         3B 00 30 00
         3B 00 22 00
         2C 00 31 00
         32 00 38 00
         2C 00 30 00
         2C 00 30 00
         2C 00 30 00
         0D 00 0A 00
00000000                    	.CODE
00000360                    	.debug
00000360 2E 00 73 00        		.dw '.stabs "complex long double:t18=r18;2;0;",128,0,0,0',0x0d,0x0a
         74 00 61 00
         62 00 73 00
         20 00 22 00
         63 00 6F 00
         6D 00 70 00
         6C 00 65 00
         78 00 20 00
         6C 00 6F 00
         6E 00 67 00
         20 00 64 00
         6F 00 75 00
         62 00 6C 00
         65 00 3A 00
         74 00 31 00
         38 00 3D 00
         72 00 31 00
         38 00 3B 00
         32 00 3B 00
         30 00 3B 00
         22 00 2C 00
         31 00 32 00
         38 00 2C 00
         30 00 2C 00
         30 00 2C 00
         30 00 0D 00
         0A 00      
00000000                    	.CODE
00000395                    	.debug
00000395 2E 00 73 00        		.dw '.stabs "void:t19=19",128,0,0,0',0x0d,0x0a
         74 00 61 00
         62 00 73 00
         20 00 22 00
         76 00 6F 00
         69 00 64 00
         3A 00 74 00
         31 00 39 00
         3D 00 31 00
         39 00 22 00
         2C 00 31 00
         32 00 38 00
         2C 00 30 00
         2C 00 30 00
         2C 00 30 00
         0D 00 0A 00
00000000                    	.CODE
                            	// ISR ATTRIBUTE FUNCTION, LOCATE in .text SECTION
00008009                    	.text
000003B5                    	.debug
000003B5 2E 00 73 00        		.dw '.stabs "BREAK:F19",36,0,0,',0,0,offset _BREAK,seg _BREAK,0x0d,0x0a
         74 00 61 00
         62 00 73 00
         20 00 22 00
         42 00 52 00
         45 00 41 00
         4B 00 3A 00
         46 00 31 00
         39 00 22 00
         2C 00 33 00
         36 00 2C 00
         30 00 2C 00
         30 00 2C 00
         00 00 00 00
         00 00 00 00
         0D 00 0A 00
00008009                    	.TEXT
                            	.public _BREAK
                            	_BREAK:	.proc
000003D5                    	.debug
000003D5 2E 00 73 00        		.dw '.stabn 0x44,0,8,',0,0
         74 00 61 00
         62 00 6E 00
         20 00 30 00
         78 00 34 00
         34 00 2C 00
         30 00 2C 00
         38 00 2C 00
         00 00 00 00
000003E7 00 00 00 00        		.dd LM1-_BREAK
000003E9 0D 00 0A 00        		.dw 0x0d,0x0a
00008009                    	.text
                            	LM1:
                            		// ISR ATTRIBUTE FUNCTION, PUSH r1,bp
00008009 A8 DA              		push r1,bp to [sp]
                            	
                            		// total=0, vars=0
                            		// frame_pointer_needed: 1
0000800A 08 0B 01 00        		bp=sp+1
                            	
0000800C 0D 03 03 00        		R1=BP+3
000003EB                    	.debug
000003EB 2E 00 73 00        		.dw '.stabn 0x44,0,9,',0,0
         74 00 61 00
         62 00 6E 00
         20 00 30 00
         78 00 34 00
         34 00 2C 00
         30 00 2C 00
         39 00 2C 00
         00 00 00 00
000003FD 05 00 00 00        		.dd LM2-_BREAK
000003FF 0D 00 0A 00        		.dw 0x0d,0x0a
0000800E                    	.text
                            	LM2:
                            	L2:
                            	
                            		// ISR ATTRIBUTE FUNCTION, POP r1,bp
0000800E A8 90              		pop r1,bp from [sp]
0000800F 98 9A              		reti
                            		.endp	// end of BREAK
                            	
00000401                    	.debug
00000401 2E 00 73 00        		.dw '.stabf ',0,0
         74 00 61 00
         62 00 66 00
         20 00 00 00
         00 00      
0000040A 07 00 00 00        		.dd LME1-_BREAK
0000040C 0D 00 0A 00        		.dw 0x0d,0x0a
00008010                    	.text
                            	LME1:
                            	// ISR ATTRIBUTE FUNCTION, LOCATE in .text SECTION
00008010                    	.text
0000040E                    	.debug
0000040E 2E 00 73 00        		.dw '.stabs "FIQ:F19",36,0,0,',0,0,offset _FIQ,seg _FIQ,0x0d,0x0a
         74 00 61 00
         62 00 73 00
         20 00 22 00
         46 00 49 00
         51 00 3A 00
         46 00 31 00
         39 00 22 00
         2C 00 33 00
         36 00 2C 00
         30 00 2C 00
         30 00 2C 00
         00 00 00 00
         07 00 00 00
         0D 00 0A 00
00008010                    	.TEXT
                            	.public _FIQ
                            	_FIQ:	.proc
0000042C                    	.debug
0000042C 2E 00 73 00        		.dw '.stabn 0x44,0,12,',0,0
         74 00 61 00
         62 00 6E 00
         20 00 30 00
         78 00 34 00
         34 00 2C 00
         30 00 2C 00
         31 00 32 00
         2C 00 00 00
         00 00      
0000043F 00 00 00 00        		.dd LM3-_FIQ
00000441 0D 00 0A 00        		.dw 0x0d,0x0a
00008010                    	.text
                            	LM3:
                            		// ISR ATTRIBUTE FUNCTION, PUSH r1,bp
00008010 A8 DA              		push r1,bp to [sp]
                            	
                            		// total=0, vars=0
                            		// frame_pointer_needed: 1
00008011 08 0B 01 00        		bp=sp+1
                            	
00008013 0D 03 03 00        		R1=BP+3
00000443                    	.debug
00000443 2E 00 73 00        		.dw '.stabn 0x44,0,13,',0,0
         74 00 61 00
         62 00 6E 00
         20 00 30 00
         78 00 34 00
         34 00 2C 00
         30 00 2C 00
         31 00 33 00
         2C 00 00 00
         00 00      
00000456 05 00 00 00        		.dd LM4-_FIQ
00000458 0D 00 0A 00        		.dw 0x0d,0x0a
00008015                    	.text
                            	LM4:
                            	L3:
                            	
                            		// ISR ATTRIBUTE FUNCTION, POP r1,bp
00008015 A8 90              		pop r1,bp from [sp]
00008016 98 9A              		reti
                            		.endp	// end of FIQ
                            	
0000045A                    	.debug
0000045A 2E 00 73 00        		.dw '.stabf ',0,0
         74 00 61 00
         62 00 66 00
         20 00 00 00
         00 00      
00000463 07 00 00 00        		.dd LME2-_FIQ
00000465 0D 00 0A 00        		.dw 0x0d,0x0a
00008017                    	.text
                            	LME2:
                            	// ISR ATTRIBUTE FUNCTION, LOCATE in .text SECTION
00008017                    	.text
00000467                    	.debug
00000467 2E 00 73 00        		.dw '.stabs "IRQ0:F19",36,0,0,',0,0,offset _IRQ0,seg _IRQ0,0x0d,0x0a
         74 00 61 00
         62 00 73 00
         20 00 22 00
         49 00 52 00
         51 00 30 00
         3A 00 46 00
         31 00 39 00
         22 00 2C 00
         33 00 36 00
         2C 00 30 00
         2C 00 30 00
         2C 00 00 00
         00 00 0E 00
         00 00 0D 00
         0A 00      
00008017                    	.TEXT
                            	.public _IRQ0
                            	_IRQ0:	.proc
00000486                    	.debug
00000486 2E 00 73 00        		.dw '.stabn 0x44,0,16,',0,0
         74 00 61 00
         62 00 6E 00
         20 00 30 00
         78 00 34 00
         34 00 2C 00
         30 00 2C 00
         31 00 36 00
         2C 00 00 00
         00 00      
00000499 00 00 00 00        		.dd LM5-_IRQ0
0000049B 0D 00 0A 00        		.dw 0x0d,0x0a
00008017                    	.text
                            	LM5:
                            		// ISR ATTRIBUTE FUNCTION, PUSH r1,bp
00008017 A8 DA              		push r1,bp to [sp]
                            	
                            		// total=0, vars=0
                            		// frame_pointer_needed: 1
00008018 08 0B 01 00        		bp=sp+1
                            	
0000801A 0D 03 03 00        		R1=BP+3
0000049D                    	.debug
0000049D 2E 00 73 00        		.dw '.stabn 0x44,0,17,',0,0
         74 00 61 00
         62 00 6E 00
         20 00 30 00
         78 00 34 00
         34 00 2C 00
         30 00 2C 00
         31 00 37 00
         2C 00 00 00
         00 00      
000004B0 05 00 00 00        		.dd LM6-_IRQ0
000004B2 0D 00 0A 00        		.dw 0x0d,0x0a
0000801C                    	.text
                            	LM6:
                            	L4:
                            	
                            		// ISR ATTRIBUTE FUNCTION, POP r1,bp
0000801C A8 90              		pop r1,bp from [sp]
0000801D 98 9A              		reti
                            		.endp	// end of IRQ0
                            	
000004B4                    	.debug
000004B4 2E 00 73 00        		.dw '.stabf ',0,0
         74 00 61 00
         62 00 66 00
         20 00 00 00
         00 00      
000004BD 07 00 00 00        		.dd LME3-_IRQ0
000004BF 0D 00 0A 00        		.dw 0x0d,0x0a
0000801E                    	.text
                            	LME3:
                            	// ISR ATTRIBUTE FUNCTION, LOCATE in .text SECTION
0000801E                    	.text
000004C1                    	.debug
000004C1 2E 00 73 00        		.dw '.stabs "IRQ1:F19",36,0,0,',0,0,offset _IRQ1,seg _IRQ1,0x0d,0x0a
         74 00 61 00
         62 00 73 00
         20 00 22 00
         49 00 52 00
         51 00 31 00
         3A 00 46 00
         31 00 39 00
         22 00 2C 00
         33 00 36 00
         2C 00 30 00
         2C 00 30 00
         2C 00 00 00
         00 00 15 00
         00 00 0D 00
         0A 00      
0000801E                    	.TEXT
                            	.public _IRQ1
                            	_IRQ1:	.proc
000004E0                    	.debug
000004E0 2E 00 73 00        		.dw '.stabn 0x44,0,20,',0,0
         74 00 61 00
         62 00 6E 00
         20 00 30 00
         78 00 34 00
         34 00 2C 00
         30 00 2C 00
         32 00 30 00
         2C 00 00 00
         00 00      
000004F3 00 00 00 00        		.dd LM7-_IRQ1
000004F5 0D 00 0A 00        		.dw 0x0d,0x0a
0000801E                    	.text
                            	LM7:
                            		// ISR ATTRIBUTE FUNCTION, PUSH r1,bp
0000801E A8 DA              		push r1,bp to [sp]
                            	
                            		// total=0, vars=0
                            		// frame_pointer_needed: 1
0000801F 08 0B 01 00        		bp=sp+1
                            	
00008021 0D 03 03 00        		R1=BP+3
000004F7                    	.debug
000004F7 2E 00 73 00        		.dw '.stabn 0x44,0,21,',0,0
         74 00 61 00
         62 00 6E 00
         20 00 30 00
         78 00 34 00
         34 00 2C 00
         30 00 2C 00
         32 00 31 00
         2C 00 00 00
         00 00      
0000050A 05 00 00 00        		.dd LM8-_IRQ1
0000050C 0D 00 0A 00        		.dw 0x0d,0x0a
00008023                    	.text
                            	LM8:
                            	L5:
                            	
                            		// ISR ATTRIBUTE FUNCTION, POP r1,bp
00008023 A8 90              		pop r1,bp from [sp]
00008024 98 9A              		reti
                            		.endp	// end of IRQ1
                            	
0000050E                    	.debug
0000050E 2E 00 73 00        		.dw '.stabf ',0,0
         74 00 61 00
         62 00 66 00
         20 00 00 00
         00 00      
00000517 07 00 00 00        		.dd LME4-_IRQ1
00000519 0D 00 0A 00        		.dw 0x0d,0x0a
00008025                    	.text
                            	LME4:
                            	// ISR ATTRIBUTE FUNCTION, LOCATE in .text SECTION
00008025                    	.text
0000051B                    	.debug
0000051B 2E 00 73 00        		.dw '.stabs "IRQ2:F19",36,0,0,',0,0,offset _IRQ2,seg _IRQ2,0x0d,0x0a
         74 00 61 00
         62 00 73 00
         20 00 22 00
         49 00 52 00
         51 00 32 00
         3A 00 46 00
         31 00 39 00
         22 00 2C 00
         33 00 36 00
         2C 00 30 00
         2C 00 30 00
         2C 00 00 00
         00 00 1C 00
         00 00 0D 00
         0A 00      
00008025                    	.TEXT
                            	.public _IRQ2
                            	_IRQ2:	.proc
0000053A                    	.debug
0000053A 2E 00 73 00        		.dw '.stabn 0x44,0,24,',0,0
         74 00 61 00
         62 00 6E 00
         20 00 30 00
         78 00 34 00
         34 00 2C 00
         30 00 2C 00
         32 00 34 00
         2C 00 00 00
         00 00      
0000054D 00 00 00 00        		.dd LM9-_IRQ2
0000054F 0D 00 0A 00        		.dw 0x0d,0x0a
00008025                    	.text
                            	LM9:
                            		// ISR ATTRIBUTE FUNCTION, PUSH r1,bp
00008025 A8 DA              		push r1,bp to [sp]
                            	
                            		// total=0, vars=0
                            		// frame_pointer_needed: 1
00008026 08 0B 01 00        		bp=sp+1
                            	
00008028 0D 03 03 00        		R1=BP+3
00000551                    	.debug
00000551 2E 00 73 00        		.dw '.stabn 0x44,0,25,',0,0
         74 00 61 00
         62 00 6E 00
         20 00 30 00
         78 00 34 00
         34 00 2C 00
         30 00 2C 00
         32 00 35 00
         2C 00 00 00
         00 00      
00000564 05 00 00 00        		.dd LM10-_IRQ2
00000566 0D 00 0A 00        		.dw 0x0d,0x0a
0000802A                    	.text
                            	LM10:
                            	L6:
                            	
                            		// ISR ATTRIBUTE FUNCTION, POP r1,bp
0000802A A8 90              		pop r1,bp from [sp]
0000802B 98 9A              		reti
                            		.endp	// end of IRQ2
                            	
00000568                    	.debug
00000568 2E 00 73 00        		.dw '.stabf ',0,0
         74 00 61 00
         62 00 66 00
         20 00 00 00
         00 00      
00000571 07 00 00 00        		.dd LME5-_IRQ2
00000573 0D 00 0A 00        		.dw 0x0d,0x0a
0000802C                    	.text
                            	LME5:
                            	// ISR ATTRIBUTE FUNCTION, LOCATE in .text SECTION
0000802C                    	.text
00000575                    	.debug
00000575 2E 00 73 00        		.dw '.stabs "IRQ3:F19",36,0,0,',0,0,offset _IRQ3,seg _IRQ3,0x0d,0x0a
         74 00 61 00
         62 00 73 00
         20 00 22 00
         49 00 52 00
         51 00 33 00
         3A 00 46 00
         31 00 39 00
         22 00 2C 00
         33 00 36 00
         2C 00 30 00
         2C 00 30 00
         2C 00 00 00
         00 00 23 00
         00 00 0D 00
         0A 00      
0000802C                    	.TEXT
                            	.public _IRQ3
                            	_IRQ3:	.proc
00000594                    	.debug
00000594 2E 00 73 00        		.dw '.stabn 0x44,0,28,',0,0
         74 00 61 00
         62 00 6E 00
         20 00 30 00
         78 00 34 00
         34 00 2C 00
         30 00 2C 00
         32 00 38 00
         2C 00 00 00
         00 00      
000005A7 00 00 00 00        		.dd LM11-_IRQ3
000005A9 0D 00 0A 00        		.dw 0x0d,0x0a
0000802C                    	.text
                            	LM11:
                            		// ISR ATTRIBUTE FUNCTION, PUSH r1,bp
0000802C A8 DA              		push r1,bp to [sp]
                            	
                            		// total=0, vars=0
                            		// frame_pointer_needed: 1
0000802D 08 0B 01 00        		bp=sp+1
                            	
0000802F 0D 03 03 00        		R1=BP+3
000005AB                    	.debug
000005AB 2E 00 73 00        		.dw '.stabn 0x44,0,29,',0,0
         74 00 61 00
         62 00 6E 00
         20 00 30 00
         78 00 34 00
         34 00 2C 00
         30 00 2C 00
         32 00 39 00
         2C 00 00 00
         00 00      
000005BE 05 00 00 00        		.dd LM12-_IRQ3
000005C0 0D 00 0A 00        		.dw 0x0d,0x0a
00008031                    	.text
                            	LM12:
                            	L7:
                            	
                            		// ISR ATTRIBUTE FUNCTION, POP r1,bp
00008031 A8 90              		pop r1,bp from [sp]
00008032 98 9A              		reti
                            		.endp	// end of IRQ3
                            	
000005C2                    	.debug
000005C2 2E 00 73 00        		.dw '.stabf ',0,0
         74 00 61 00
         62 00 66 00
         20 00 00 00
         00 00      
000005CB 07 00 00 00        		.dd LME6-_IRQ3
000005CD 0D 00 0A 00        		.dw 0x0d,0x0a
00008033                    	.text
                            	LME6:
                            	// ISR ATTRIBUTE FUNCTION, LOCATE in .text SECTION
00008033                    	.text
000005CF                    	.debug
000005CF 2E 00 73 00        		.dw '.stabs "IRQ4:F19",36,0,0,',0,0,offset _IRQ4,seg _IRQ4,0x0d,0x0a
         74 00 61 00
         62 00 73 00
         20 00 22 00
         49 00 52 00
         51 00 34 00
         3A 00 46 00
         31 00 39 00
         22 00 2C 00
         33 00 36 00
         2C 00 30 00
         2C 00 30 00
         2C 00 00 00
         00 00 2A 00
         00 00 0D 00
         0A 00      
00008033                    	.TEXT
                            	.public _IRQ4
                            	_IRQ4:	.proc
000005EE                    	.debug
000005EE 2E 00 73 00        		.dw '.stabn 0x44,0,32,',0,0
         74 00 61 00
         62 00 6E 00
         20 00 30 00
         78 00 34 00
         34 00 2C 00
         30 00 2C 00
         33 00 32 00
         2C 00 00 00
         00 00      
00000601 00 00 00 00        		.dd LM13-_IRQ4
00000603 0D 00 0A 00        		.dw 0x0d,0x0a
00008033                    	.text
                            	LM13:
                            		// ISR ATTRIBUTE FUNCTION, PUSH r1,bp
00008033 A8 DA              		push r1,bp to [sp]
                            	
                            		// total=0, vars=0
                            		// frame_pointer_needed: 1
00008034 08 0B 01 00        		bp=sp+1
                            	
00008036 0D 03 03 00        		R1=BP+3
00000605                    	.debug
00000605 2E 00 73 00        		.dw '.stabn 0x44,0,33,',0,0
         74 00 61 00
         62 00 6E 00
         20 00 30 00
         78 00 34 00
         34 00 2C 00
         30 00 2C 00
         33 00 33 00
         2C 00 00 00
         00 00      
00000618 05 00 00 00        		.dd LM14-_IRQ4
0000061A 0D 00 0A 00        		.dw 0x0d,0x0a
00008038                    	.text
                            	LM14:
                            	L8:
                            	
                            		// ISR ATTRIBUTE FUNCTION, POP r1,bp
00008038 A8 90              		pop r1,bp from [sp]
00008039 98 9A              		reti
                            		.endp	// end of IRQ4
                            	
0000061C                    	.debug
0000061C 2E 00 73 00        		.dw '.stabf ',0,0
         74 00 61 00
         62 00 66 00
         20 00 00 00
         00 00      
00000625 07 00 00 00        		.dd LME7-_IRQ4
00000627 0D 00 0A 00        		.dw 0x0d,0x0a
0000803A                    	.text
                            	LME7:
                            	// ISR ATTRIBUTE FUNCTION, LOCATE in .text SECTION
0000803A                    	.text
00000629                    	.debug
00000629 2E 00 73 00        		.dw '.stabs "IRQ5:F19",36,0,0,',0,0,offset _IRQ5,seg _IRQ5,0x0d,0x0a
         74 00 61 00
         62 00 73 00
         20 00 22 00
         49 00 52 00
         51 00 35 00
         3A 00 46 00
         31 00 39 00
         22 00 2C 00
         33 00 36 00
         2C 00 30 00
         2C 00 30 00
         2C 00 00 00
         00 00 31 00
         00 00 0D 00
         0A 00      
0000803A                    	.TEXT
                            	.public _IRQ5
                            	_IRQ5:	.proc
00000648                    	.debug
00000648 2E 00 73 00        		.dw '.stabn 0x44,0,36,',0,0
         74 00 61 00
         62 00 6E 00
         20 00 30 00
         78 00 34 00
         34 00 2C 00
         30 00 2C 00
         33 00 36 00
         2C 00 00 00
         00 00      
0000065B 00 00 00 00        		.dd LM15-_IRQ5
0000065D 0D 00 0A 00        		.dw 0x0d,0x0a
0000803A                    	.text
                            	LM15:
                            		// ISR ATTRIBUTE FUNCTION, PUSH r1,bp
0000803A A8 DA              		push r1,bp to [sp]
                            	
                            		// total=0, vars=0
                            		// frame_pointer_needed: 1
0000803B 08 0B 01 00        		bp=sp+1
                            	
0000803D 0D 03 03 00        		R1=BP+3
0000065F                    	.debug
0000065F 2E 00 73 00        		.dw '.stabn 0x44,0,37,',0,0
         74 00 61 00
         62 00 6E 00
         20 00 30 00
         78 00 34 00
         34 00 2C 00
         30 00 2C 00
         33 00 37 00
         2C 00 00 00
         00 00      
00000672 05 00 00 00        		.dd LM16-_IRQ5
00000674 0D 00 0A 00        		.dw 0x0d,0x0a
0000803F                    	.text
                            	LM16:
                            	L9:
                            	
                            		// ISR ATTRIBUTE FUNCTION, POP r1,bp
0000803F A8 90              		pop r1,bp from [sp]
00008040 98 9A              		reti
                            		.endp	// end of IRQ5
                            	
00000676                    	.debug
00000676 2E 00 73 00        		.dw '.stabf ',0,0
         74 00 61 00
         62 00 66 00
         20 00 00 00
         00 00      
0000067F 07 00 00 00        		.dd LME8-_IRQ5
00000681 0D 00 0A 00        		.dw 0x0d,0x0a
00008041                    	.text
                            	LME8:
                            	// ISR ATTRIBUTE FUNCTION, LOCATE in .text SECTION
00008041                    	.text
00000683                    	.debug
00000683 2E 00 73 00        		.dw '.stabs "IRQ6:F19",36,0,0,',0,0,offset _IRQ6,seg _IRQ6,0x0d,0x0a
         74 00 61 00
         62 00 73 00
         20 00 22 00
         49 00 52 00
         51 00 36 00
         3A 00 46 00
         31 00 39 00
         22 00 2C 00
         33 00 36 00
         2C 00 30 00
         2C 00 30 00
         2C 00 00 00
         00 00 38 00
         00 00 0D 00
         0A 00      
00008041                    	.TEXT
                            	.public _IRQ6
                            	_IRQ6:	.proc
000006A2                    	.debug
000006A2 2E 00 73 00        		.dw '.stabn 0x44,0,40,',0,0
         74 00 61 00
         62 00 6E 00
         20 00 30 00
         78 00 34 00
         34 00 2C 00
         30 00 2C 00
         34 00 30 00
         2C 00 00 00
         00 00      
000006B5 00 00 00 00        		.dd LM17-_IRQ6
000006B7 0D 00 0A 00        		.dw 0x0d,0x0a
00008041                    	.text
                            	LM17:
                            		// ISR ATTRIBUTE FUNCTION, PUSH r1,bp
00008041 A8 DA              		push r1,bp to [sp]
                            	
                            		// total=0, vars=0
                            		// frame_pointer_needed: 1
00008042 08 0B 01 00        		bp=sp+1
                            	
00008044 0D 03 03 00        		R1=BP+3
000006B9                    	.debug
000006B9 2E 00 73 00        		.dw '.stabn 0x44,0,41,',0,0
         74 00 61 00
         62 00 6E 00
         20 00 30 00
         78 00 34 00
         34 00 2C 00
         30 00 2C 00
         34 00 31 00
         2C 00 00 00
         00 00      
000006CC 05 00 00 00        		.dd LM18-_IRQ6
000006CE 0D 00 0A 00        		.dw 0x0d,0x0a
00008046                    	.text
                            	LM18:
00008046 12 95 15 81        		R2=[_P_INT_Ctrl]	// QImode move
00008048 02 99              		R4=R2	// QImode move
00008049 C4 96              		R3=[R4]	// QImode move
0000804A 0B B5 01 00        		R2=R3&1
0000804C 40 44              		CMP R2,0	// QImode test
0000804D 02 4E              		JNZ L21	// QImode EQ
0000804E 0F 9F 7B 80        		PC=L11
                            	L21:
000006D0                    	.debug
000006D0 2E 00 73 00        		.dw '.stabn 0x44,0,43,',0,0
         74 00 61 00
         62 00 6E 00
         20 00 30 00
         78 00 34 00
         34 00 2C 00
         30 00 2C 00
         34 00 33 00
         2C 00 00 00
         00 00      
000006E3 0F 00 00 00        		.dd LM19-_IRQ6
000006E5 0D 00 0A 00        		.dw 0x0d,0x0a
00008050                    	.text
                            	LM19:
00008050 12 95 01 00        		R2=[_g_uiTime2]	// QImode move
00008052 41 96              		R3=1	// QImode move
00008053 1A 07 01 00        		[_g_uiTime2]=R2+R3
000006E7                    	.debug
000006E7 2E 00 73 00        		.dw '.stabn 0x44,0,44,',0,0
         74 00 61 00
         62 00 6E 00
         20 00 30 00
         78 00 34 00
         34 00 2C 00
         30 00 2C 00
         34 00 34 00
         2C 00 00 00
         00 00      
000006FA 14 00 00 00        		.dd LM20-_IRQ6
000006FC 0D 00 0A 00        		.dw 0x0d,0x0a
00008055                    	.text
                            	LM20:
00008055 12 95 01 00        		R2=[_g_uiTime2]	// QImode move
00008057 0A 45 40 00        		CMP R2,64	// QImode compare
00008059 02 8E              		JNA L22	// QImode GTU
0000805A 0F 9F 63 80        		PC=L12
                            	L22:
000006FE                    	.debug
000006FE 2E 00 73 00        		.dw '.stabn 0x44,0,45,',0,0
         74 00 61 00
         62 00 6E 00
         20 00 30 00
         78 00 34 00
         34 00 2C 00
         30 00 2C 00
         34 00 35 00
         2C 00 00 00
         00 00      
00000711 1B 00 00 00        		.dd LM21-_IRQ6
00000713 0D 00 0A 00        		.dw 0x0d,0x0a
0000805C                    	.text
                            	LM21:
0000805C 12 95 0A 81        		R2=[_P_IOB_Data]	// QImode move
0000805E 40 96              		R3=0	// QImode move
0000805F 02 99              		R4=R2	// QImode move
00008060 C4 D6              		[R4]=R3	// QImode move
00008061 0F 9F 74 80        		pc=L13	// jump
                            	L12:
00000715                    	.debug
00000715 2E 00 73 00        		.dw '.stabn 0x44,0,46,',0,0
         74 00 61 00
         62 00 6E 00
         20 00 30 00
         78 00 34 00
         34 00 2C 00
         30 00 2C 00
         34 00 36 00
         2C 00 00 00
         00 00      
00000728 22 00 00 00        		.dd LM22-_IRQ6
0000072A 0D 00 0A 00        		.dw 0x0d,0x0a
00008063                    	.text
                            	LM22:
00008063 12 95 01 00        		R2=[_g_uiTime2]	// QImode move
00008065 0A 45 80 00        		CMP R2,128	// QImode compare
00008067 02 9E              		JA L23	// QImode LEU
00008068 0F 9F 6F 80        		PC=L14
                            	L23:
0000072C                    	.debug
0000072C 2E 00 73 00        		.dw '.stabn 0x44,0,47,',0,0
         74 00 61 00
         62 00 6E 00
         20 00 30 00
         78 00 34 00
         34 00 2C 00
         30 00 2C 00
         34 00 37 00
         2C 00 00 00
         00 00      
0000073F 29 00 00 00        		.dd LM23-_IRQ6
00000741 0D 00 0A 00        		.dw 0x0d,0x0a
0000806A                    	.text
                            	LM23:
0000806A 40 94              		R2=0	// QImode move
0000806B 1A D5 01 00        		[_g_uiTime2]=R2	// QImode move
0000806D 0F 9F 74 80        		pc=L13	// jump
                            	L14:
00000743                    	.debug
00000743 2E 00 73 00        		.dw '.stabn 0x44,0,49,',0,0
         74 00 61 00
         62 00 6E 00
         20 00 30 00
         78 00 34 00
         34 00 2C 00
         30 00 2C 00
         34 00 39 00
         2C 00 00 00
         00 00      
00000756 2E 00 00 00        		.dd LM24-_IRQ6
00000758 0D 00 0A 00        		.dw 0x0d,0x0a
0000806F                    	.text
                            	LM24:
0000806F 12 95 0A 81        		R2=[_P_IOB_Data]	// QImode move
00008071 4F 96              		R3=15	// QImode move
00008072 02 99              		R4=R2	// QImode move
00008073 C4 D6              		[R4]=R3	// QImode move
                            	L15:
                            	L13:
0000075A                    	.debug
0000075A 2E 00 73 00        		.dw '.stabn 0x44,0,50,',0,0
         74 00 61 00
         62 00 6E 00
         20 00 30 00
         78 00 34 00
         34 00 2C 00
         30 00 2C 00
         35 00 30 00
         2C 00 00 00
         00 00      
0000076D 33 00 00 00        		.dd LM25-_IRQ6
0000076F 0D 00 0A 00        		.dw 0x0d,0x0a
00008074                    	.text
                            	LM25:
00008074 12 95 16 81        		R2=[_P_INT_Clear]	// QImode move
00008076 41 96              		R3=1	// QImode move
00008077 02 99              		R4=R2	// QImode move
00008078 C4 D6              		[R4]=R3	// QImode move
00000771                    	.debug
00000771 2E 00 73 00        		.dw '.stabn 0x44,0,51,',0,0
         74 00 61 00
         62 00 6E 00
         20 00 30 00
         78 00 34 00
         34 00 2C 00
         30 00 2C 00
         35 00 31 00
         2C 00 00 00
         00 00      
00000784 38 00 00 00        		.dd LM26-_IRQ6
00000786 0D 00 0A 00        		.dw 0x0d,0x0a
00008079                    	.text
                            	LM26:
00008079 0F 9F A4 80        		pc=L16	// jump
                            	L11:
00000788                    	.debug
00000788 2E 00 73 00        		.dw '.stabn 0x44,0,54,',0,0
         74 00 61 00
         62 00 6E 00
         20 00 30 00
         78 00 34 00
         34 00 2C 00
         30 00 2C 00
         35 00 34 00
         2C 00 00 00
         00 00      
0000079B 3A 00 00 00        		.dd LM27-_IRQ6
0000079D 0D 00 0A 00        		.dw 0x0d,0x0a
0000807B                    	.text
                            	LM27:
0000807B 12 95 00 00        		R2=[_g_uiTime1]	// QImode move
0000807D 41 96              		R3=1	// QImode move
0000807E 1A 07 00 00        		[_g_uiTime1]=R2+R3
0000079F                    	.debug
0000079F 2E 00 73 00        		.dw '.stabn 0x44,0,55,',0,0
         74 00 61 00
         62 00 6E 00
         20 00 30 00
         78 00 34 00
         34 00 2C 00
         30 00 2C 00
         35 00 35 00
         2C 00 00 00
         00 00      
000007B2 3F 00 00 00        		.dd LM28-_IRQ6
000007B4 0D 00 0A 00        		.dw 0x0d,0x0a
00008080                    	.text
                            	LM28:
00008080 12 95 00 00        		R2=[_g_uiTime1]	// QImode move
00008082 0A 45 40 00        		CMP R2,64	// QImode compare
00008084 02 8E              		JNA L24	// QImode GTU
00008085 0F 9F 8E 80        		PC=L17
                            	L24:
000007B6                    	.debug
000007B6 2E 00 73 00        		.dw '.stabn 0x44,0,56,',0,0
         74 00 61 00
         62 00 6E 00
         20 00 30 00
         78 00 34 00
         34 00 2C 00
         30 00 2C 00
         35 00 36 00
         2C 00 00 00
         00 00      
000007C9 46 00 00 00        		.dd LM29-_IRQ6
000007CB 0D 00 0A 00        		.dw 0x0d,0x0a
00008087                    	.text
                            	LM29:
00008087 12 95 05 81        		R2=[_P_IOA_Data]	// QImode move
00008089 40 96              		R3=0	// QImode move
0000808A 02 99              		R4=R2	// QImode move
0000808B C4 D6              		[R4]=R3	// QImode move
0000808C 0F 9F 9F 80        		pc=L18	// jump
                            	L17:
000007CD                    	.debug
000007CD 2E 00 73 00        		.dw '.stabn 0x44,0,57,',0,0
         74 00 61 00
         62 00 6E 00
         20 00 30 00
         78 00 34 00
         34 00 2C 00
         30 00 2C 00
         35 00 37 00
         2C 00 00 00
         00 00      
000007E0 4D 00 00 00        		.dd LM30-_IRQ6
000007E2 0D 00 0A 00        		.dw 0x0d,0x0a
0000808E                    	.text
                            	LM30:
0000808E 12 95 00 00        		R2=[_g_uiTime1]	// QImode move
00008090 0A 45 80 00        		CMP R2,128	// QImode compare
00008092 02 9E              		JA L25	// QImode LEU
00008093 0F 9F 9A 80        		PC=L19
                            	L25:
000007E4                    	.debug
000007E4 2E 00 73 00        		.dw '.stabn 0x44,0,58,',0,0
         74 00 61 00
         62 00 6E 00
         20 00 30 00
         78 00 34 00
         34 00 2C 00
         30 00 2C 00
         35 00 38 00
         2C 00 00 00
         00 00      
000007F7 54 00 00 00        		.dd LM31-_IRQ6
000007F9 0D 00 0A 00        		.dw 0x0d,0x0a
00008095                    	.text
                            	LM31:
00008095 40 94              		R2=0	// QImode move
00008096 1A D5 00 00        		[_g_uiTime1]=R2	// QImode move
00008098 0F 9F 9F 80        		pc=L18	// jump
                            	L19:
000007FB                    	.debug
000007FB 2E 00 73 00        		.dw '.stabn 0x44,0,60,',0,0
         74 00 61 00
         62 00 6E 00
         20 00 30 00
         78 00 34 00
         34 00 2C 00
         30 00 2C 00
         36 00 30 00
         2C 00 00 00
         00 00      
0000080E 59 00 00 00        		.dd LM32-_IRQ6
00000810 0D 00 0A 00        		.dw 0x0d,0x0a
0000809A                    	.text
                            	LM32:
0000809A 12 95 05 81        		R2=[_P_IOA_Data]	// QImode move
0000809C 4F 96              		R3=15	// QImode move
0000809D 02 99              		R4=R2	// QImode move
0000809E C4 D6              		[R4]=R3	// QImode move
                            	L20:
                            	L18:
00000812                    	.debug
00000812 2E 00 73 00        		.dw '.stabn 0x44,0,61,',0,0
         74 00 61 00
         62 00 6E 00
         20 00 30 00
         78 00 34 00
         34 00 2C 00
         30 00 2C 00
         36 00 31 00
         2C 00 00 00
         00 00      
00000825 5E 00 00 00        		.dd LM33-_IRQ6
00000827 0D 00 0A 00        		.dw 0x0d,0x0a
0000809F                    	.text
                            	LM33:
0000809F 12 95 16 81        		R2=[_P_INT_Clear]	// QImode move
000080A1 42 96              		R3=2	// QImode move
000080A2 02 99              		R4=R2	// QImode move
000080A3 C4 D6              		[R4]=R3	// QImode move
                            	L16:
00000829                    	.debug
00000829 2E 00 73 00        		.dw '.stabn 0x44,0,63,',0,0
         74 00 61 00
         62 00 6E 00
         20 00 30 00
         78 00 34 00
         34 00 2C 00
         30 00 2C 00
         36 00 33 00
         2C 00 00 00
         00 00      
0000083C 63 00 00 00        		.dd LM34-_IRQ6
0000083E 0D 00 0A 00        		.dw 0x0d,0x0a
000080A4                    	.text
                            	LM34:
00000840                    	.debug
00000840 2E 00 73 00        		.dw '.stabn 0x44,0,63,',0,0
         74 00 61 00
         62 00 6E 00
         20 00 30 00
         78 00 34 00
         34 00 2C 00
         30 00 2C 00
         36 00 33 00
         2C 00 00 00
         00 00      
00000853 63 00 00 00        		.dd LM35-_IRQ6
00000855 0D 00 0A 00        		.dw 0x0d,0x0a
000080A4                    	.text
                            	LM35:
                            	L10:
                            	
                            		// ISR ATTRIBUTE FUNCTION, POP r1,bp
000080A4 A8 90              		pop r1,bp from [sp]
000080A5 98 9A              		reti
                            		.endp	// end of IRQ6
                            	
00000857                    	.debug
00000857 2E 00 73 00        		.dw '.stabf ',0,0
         74 00 61 00
         62 00 66 00
         20 00 00 00
         00 00      
00000860 65 00 00 00        		.dd LME9-_IRQ6
00000862 0D 00 0A 00        		.dw 0x0d,0x0a
000080A6                    	.text
                            	LME9:
                            	// ISR ATTRIBUTE FUNCTION, LOCATE in .text SECTION
000080A6                    	.text
00000864                    	.debug
00000864 2E 00 73 00        		.dw '.stabs "IRQ7:F19",36,0,0,',0,0,offset _IRQ7,seg _IRQ7,0x0d,0x0a
         74 00 61 00
         62 00 73 00
         20 00 22 00
         49 00 52 00
         51 00 37 00
         3A 00 46 00
         31 00 39 00
         22 00 2C 00
         33 00 36 00
         2C 00 30 00
         2C 00 30 00
         2C 00 00 00
         00 00 9D 00
         00 00 0D 00
         0A 00      
000080A6                    	.TEXT
                            	.public _IRQ7
                            	_IRQ7:	.proc
00000883                    	.debug
00000883 2E 00 73 00        		.dw '.stabn 0x44,0,66,',0,0
         74 00 61 00
         62 00 6E 00
         20 00 30 00
         78 00 34 00
         34 00 2C 00
         30 00 2C 00
         36 00 36 00
         2C 00 00 00
         00 00      
00000896 00 00 00 00        		.dd LM36-_IRQ7
00000898 0D 00 0A 00        		.dw 0x0d,0x0a
000080A6                    	.text
                            	LM36:
                            		// ISR ATTRIBUTE FUNCTION, PUSH r1,bp
000080A6 A8 DA              		push r1,bp to [sp]
                            	
                            		// total=0, vars=0
                            		// frame_pointer_needed: 1
000080A7 08 0B 01 00        		bp=sp+1
                            	
000080A9 0D 03 03 00        		R1=BP+3
0000089A                    	.debug
0000089A 2E 00 73 00        		.dw '.stabn 0x44,0,67,',0,0
         74 00 61 00
         62 00 6E 00
         20 00 30 00
         78 00 34 00
         34 00 2C 00
         30 00 2C 00
         36 00 37 00
         2C 00 00 00
         00 00      
000008AD 05 00 00 00        		.dd LM37-_IRQ7
000008AF 0D 00 0A 00        		.dw 0x0d,0x0a
000080AB                    	.text
                            	LM37:
                            	L26:
                            	
                            		// ISR ATTRIBUTE FUNCTION, POP r1,bp
000080AB A8 90              		pop r1,bp from [sp]
000080AC 98 9A              		reti
                            		.endp	// end of IRQ7
                            	
000008B1                    	.debug
000008B1 2E 00 73 00        		.dw '.stabf ',0,0
         74 00 61 00
         62 00 66 00
         20 00 00 00
         00 00      
000008BA 07 00 00 00        		.dd LME10-_IRQ7
000008BC 0D 00 0A 00        		.dw 0x0d,0x0a
000080AD                    	.text
                            	LME10:
000008BE                    	.debug
000008BE 2E 00 73 00        		.dw '.stabs "g_uiTime1:G4",32,0,0,',0,0,offset _g_uiTime1,seg _g_uiTime1,0x0d,0x0a
         74 00 61 00
         62 00 73 00
         20 00 22 00
         67 00 5F 00
         75 00 69 00
         54 00 69 00
         6D 00 65 00
         31 00 3A 00
         47 00 34 00
         22 00 2C 00
         33 00 32 00
         2C 00 30 00
         2C 00 30 00
         2C 00 00 00
         00 00 00 00
         00 00 0D 00
         0A 00      
00000000                    	.CODE
00000000                    	.ram
                            	.public _g_uiTime1
                            	_g_uiTime1:
00000000 00 00              		.dw 0
000008E1                    	.debug
000008E1 2E 00 73 00        		.dw '.stabs "g_uiTime2:G4",32,0,0,',0,0,offset _g_uiTime2,seg _g_uiTime2,0x0d,0x0a
         74 00 61 00
         62 00 73 00
         20 00 22 00
         67 00 5F 00
         75 00 69 00
         54 00 69 00
         6D 00 65 00
         32 00 3A 00
         47 00 34 00
         22 00 2C 00
         33 00 32 00
         2C 00 30 00
         2C 00 30 00
         2C 00 00 00
         00 00 01 00
         00 00 0D 00
         0A 00      
00000000                    	.CODE
00000001                    	.ram
                            	.public _g_uiTime2
                            	_g_uiTime2:
00000001 00 00              		.dw 0
                            	.external _P_IOA_Data
                            	.external _P_INT_Clear
                            	.external _P_IOB_Data
                            	.external _P_INT_Ctrl
                            		.end
0 error(s), 0 warning(s).

