Sunplus u'nSP Assembler - Ver. 1.8.0
              Listing File Has Been Relocated
                            	// GCC for SUNPLUS u'nSP version 1.0.10
                            	// Command: E:\PROGRA~1\Sunplus\UNSPID~3\IDE180\cc1.exe C:\DOCUME~1\˔Ȼ˚.DOMAIN\LOCALS~1\Temp\ccOoaaaa.i -fkeep-inline-functions -quiet -dumpbase main.c -gstabs -o .\Debug/main.asm
                            	// gcc2_compiled.:
                            	
0000B394                    	.code
                            	Ltext0:
00000000                    	.debug
00000000 2E 00 73 00        		.dw '.stabs "int:t1=r1;-32768;32767;",128,0,0,0',0x0d,0x0a
         74 00 61 00
         62 00 73 00
         20 00 22 00
         69 00 6E 00
         74 00 3A 00
         74 00 31 00
         3D 00 72 00
         31 00 3B 00
         2D 00 33 00
         32 00 37 00
         36 00 38 00
         3B 00 33 00
         32 00 37 00
         36 00 37 00
         3B 00 22 00
         2C 00 31 00
         32 00 38 00
         2C 00 30 00
         2C 00 30 00
         2C 00 30 00
         0D 00 0A 00
0000B394                    	.CODE
0000002C                    	.debug
0000002C 2E 00 73 00        		.dw '.stabs "char:t2=r2;0;127;",128,0,0,0',0x0d,0x0a
         74 00 61 00
         62 00 73 00
         20 00 22 00
         63 00 68 00
         61 00 72 00
         3A 00 74 00
         32 00 3D 00
         72 00 32 00
         3B 00 30 00
         3B 00 31 00
         32 00 37 00
         3B 00 22 00
         2C 00 31 00
         32 00 38 00
         2C 00 30 00
         2C 00 30 00
         2C 00 30 00
         0D 00 0A 00
0000B394                    	.CODE
00000052                    	.debug
00000052 2E 00 73 00        		.dw '.stabs "long int:t3=r3;-2147483648;2147483647;",128,0,0,0',0x0d,0x0a
         74 00 61 00
         62 00 73 00
         20 00 22 00
         6C 00 6F 00
         6E 00 67 00
         20 00 69 00
         6E 00 74 00
         3A 00 74 00
         33 00 3D 00
         72 00 33 00
         3B 00 2D 00
         32 00 31 00
         34 00 37 00
         34 00 38 00
         33 00 36 00
         34 00 38 00
         3B 00 32 00
         31 00 34 00
         37 00 34 00
         38 00 33 00
         36 00 34 00
         37 00 3B 00
         22 00 2C 00
         31 00 32 00
         38 00 2C 00
         30 00 2C 00
         30 00 2C 00
         30 00 0D 00
         0A 00      
0000B394                    	.CODE
0000008D                    	.debug
0000008D 2E 00 73 00        		.dw '.stabs "unsigned int:t4=r4;0;65535;",128,0,0,0',0x0d,0x0a
         74 00 61 00
         62 00 73 00
         20 00 22 00
         75 00 6E 00
         73 00 69 00
         67 00 6E 00
         65 00 64 00
         20 00 69 00
         6E 00 74 00
         3A 00 74 00
         34 00 3D 00
         72 00 34 00
         3B 00 30 00
         3B 00 36 00
         35 00 35 00
         33 00 35 00
         3B 00 22 00
         2C 00 31 00
         32 00 38 00
         2C 00 30 00
         2C 00 30 00
         2C 00 30 00
         0D 00 0A 00
0000B394                    	.CODE
000000BD                    	.debug
000000BD 2E 00 73 00        		.dw '.stabs "long unsigned int:t5=r5;0;4294967295;",128,0,0,0',0x0d,0x0a
         74 00 61 00
         62 00 73 00
         20 00 22 00
         6C 00 6F 00
         6E 00 67 00
         20 00 75 00
         6E 00 73 00
         69 00 67 00
         6E 00 65 00
         64 00 20 00
         69 00 6E 00
         74 00 3A 00
         74 00 35 00
         3D 00 72 00
         35 00 3B 00
         30 00 3B 00
         34 00 32 00
         39 00 34 00
         39 00 36 00
         37 00 32 00
         39 00 35 00
         3B 00 22 00
         2C 00 31 00
         32 00 38 00
         2C 00 30 00
         2C 00 30 00
         2C 00 30 00
         0D 00 0A 00
0000B394                    	.CODE
000000F7                    	.debug
000000F7 2E 00 73 00        		.dw '.stabs "long long int:t6=r6;-2147483648;2147483647;",128,0,0,0',0x0d,0x0a
         74 00 61 00
         62 00 73 00
         20 00 22 00
         6C 00 6F 00
         6E 00 67 00
         20 00 6C 00
         6F 00 6E 00
         67 00 20 00
         69 00 6E 00
         74 00 3A 00
         74 00 36 00
         3D 00 72 00
         36 00 3B 00
         2D 00 32 00
         31 00 34 00
         37 00 34 00
         38 00 33 00
         36 00 34 00
         38 00 3B 00
         32 00 31 00
         34 00 37 00
         34 00 38 00
         33 00 36 00
         34 00 37 00
         3B 00 22 00
         2C 00 31 00
         32 00 38 00
         2C 00 30 00
         2C 00 30 00
         2C 00 30 00
         0D 00 0A 00
0000B394                    	.CODE
00000137                    	.debug
00000137 2E 00 73 00        		.dw '.stabs "long long unsigned int:t7=r7;0;4294967295;",128,0,0,0',0x0d,0x0a
         74 00 61 00
         62 00 73 00
         20 00 22 00
         6C 00 6F 00
         6E 00 67 00
         20 00 6C 00
         6F 00 6E 00
         67 00 20 00
         75 00 6E 00
         73 00 69 00
         67 00 6E 00
         65 00 64 00
         20 00 69 00
         6E 00 74 00
         3A 00 74 00
         37 00 3D 00
         72 00 37 00
         3B 00 30 00
         3B 00 34 00
         32 00 39 00
         34 00 39 00
         36 00 37 00
         32 00 39 00
         35 00 3B 00
         22 00 2C 00
         31 00 32 00
         38 00 2C 00
         30 00 2C 00
         30 00 2C 00
         30 00 0D 00
         0A 00      
0000B394                    	.CODE
00000176                    	.debug
00000176 2E 00 73 00        		.dw '.stabs "short int:t8=r8;-32768;32767;",128,0,0,0',0x0d,0x0a
         74 00 61 00
         62 00 73 00
         20 00 22 00
         73 00 68 00
         6F 00 72 00
         74 00 20 00
         69 00 6E 00
         74 00 3A 00
         74 00 38 00
         3D 00 72 00
         38 00 3B 00
         2D 00 33 00
         32 00 37 00
         36 00 38 00
         3B 00 33 00
         32 00 37 00
         36 00 37 00
         3B 00 22 00
         2C 00 31 00
         32 00 38 00
         2C 00 30 00
         2C 00 30 00
         2C 00 30 00
         0D 00 0A 00
0000B394                    	.CODE
000001A8                    	.debug
000001A8 2E 00 73 00        		.dw '.stabs "short unsigned int:t9=r9;0;65535;",128,0,0,0',0x0d,0x0a
         74 00 61 00
         62 00 73 00
         20 00 22 00
         73 00 68 00
         6F 00 72 00
         74 00 20 00
         75 00 6E 00
         73 00 69 00
         67 00 6E 00
         65 00 64 00
         20 00 69 00
         6E 00 74 00
         3A 00 74 00
         39 00 3D 00
         72 00 39 00
         3B 00 30 00
         3B 00 36 00
         35 00 35 00
         33 00 35 00
         3B 00 22 00
         2C 00 31 00
         32 00 38 00
         2C 00 30 00
         2C 00 30 00
         2C 00 30 00
         0D 00 0A 00
0000B394                    	.CODE
000001DE                    	.debug
000001DE 2E 00 73 00        		.dw '.stabs "signed char:t10=r10;-32768;32767;",128,0,0,0',0x0d,0x0a
         74 00 61 00
         62 00 73 00
         20 00 22 00
         73 00 69 00
         67 00 6E 00
         65 00 64 00
         20 00 63 00
         68 00 61 00
         72 00 3A 00
         74 00 31 00
         30 00 3D 00
         72 00 31 00
         30 00 3B 00
         2D 00 33 00
         32 00 37 00
         36 00 38 00
         3B 00 33 00
         32 00 37 00
         36 00 37 00
         3B 00 22 00
         2C 00 31 00
         32 00 38 00
         2C 00 30 00
         2C 00 30 00
         2C 00 30 00
         0D 00 0A 00
0000B394                    	.CODE
00000214                    	.debug
00000214 2E 00 73 00        		.dw '.stabs "unsigned char:t11=r11;0;65535;",128,0,0,0',0x0d,0x0a
         74 00 61 00
         62 00 73 00
         20 00 22 00
         75 00 6E 00
         73 00 69 00
         67 00 6E 00
         65 00 64 00
         20 00 63 00
         68 00 61 00
         72 00 3A 00
         74 00 31 00
         31 00 3D 00
         72 00 31 00
         31 00 3B 00
         30 00 3B 00
         36 00 35 00
         35 00 33 00
         35 00 3B 00
         22 00 2C 00
         31 00 32 00
         38 00 2C 00
         30 00 2C 00
         30 00 2C 00
         30 00 0D 00
         0A 00      
0000B394                    	.CODE
00000247                    	.debug
00000247 2E 00 73 00        		.dw '.stabs "float:t12=r1;2;0;",128,0,0,0',0x0d,0x0a
         74 00 61 00
         62 00 73 00
         20 00 22 00
         66 00 6C 00
         6F 00 61 00
         74 00 3A 00
         74 00 31 00
         32 00 3D 00
         72 00 31 00
         3B 00 32 00
         3B 00 30 00
         3B 00 22 00
         2C 00 31 00
         32 00 38 00
         2C 00 30 00
         2C 00 30 00
         2C 00 30 00
         0D 00 0A 00
0000B394                    	.CODE
0000026D                    	.debug
0000026D 2E 00 73 00        		.dw '.stabs "double:t13=r1;2;0;",128,0,0,0',0x0d,0x0a
         74 00 61 00
         62 00 73 00
         20 00 22 00
         64 00 6F 00
         75 00 62 00
         6C 00 65 00
         3A 00 74 00
         31 00 33 00
         3D 00 72 00
         31 00 3B 00
         32 00 3B 00
         30 00 3B 00
         22 00 2C 00
         31 00 32 00
         38 00 2C 00
         30 00 2C 00
         30 00 2C 00
         30 00 0D 00
         0A 00      
0000B394                    	.CODE
00000294                    	.debug
00000294 2E 00 73 00        		.dw '.stabs "long double:t14=r1;2;0;",128,0,0,0',0x0d,0x0a
         74 00 61 00
         62 00 73 00
         20 00 22 00
         6C 00 6F 00
         6E 00 67 00
         20 00 64 00
         6F 00 75 00
         62 00 6C 00
         65 00 3A 00
         74 00 31 00
         34 00 3D 00
         72 00 31 00
         3B 00 32 00
         3B 00 30 00
         3B 00 22 00
         2C 00 31 00
         32 00 38 00
         2C 00 30 00
         2C 00 30 00
         2C 00 30 00
         0D 00 0A 00
0000B394                    	.CODE
000002C0                    	.debug
000002C0 2E 00 73 00        		.dw '.stabs "complex int:t15=s2real:1,0,16;imag:1,16,16;;",128,0,0,0',0x0d,0x0a
         74 00 61 00
         62 00 73 00
         20 00 22 00
         63 00 6F 00
         6D 00 70 00
         6C 00 65 00
         78 00 20 00
         69 00 6E 00
         74 00 3A 00
         74 00 31 00
         35 00 3D 00
         73 00 32 00
         72 00 65 00
         61 00 6C 00
         3A 00 31 00
         2C 00 30 00
         2C 00 31 00
         36 00 3B 00
         69 00 6D 00
         61 00 67 00
         3A 00 31 00
         2C 00 31 00
         36 00 2C 00
         31 00 36 00
         3B 00 3B 00
         22 00 2C 00
         31 00 32 00
         38 00 2C 00
         30 00 2C 00
         30 00 2C 00
         30 00 0D 00
         0A 00      
0000B394                    	.CODE
00000301                    	.debug
00000301 2E 00 73 00        		.dw '.stabs "complex float:t16=r16;2;0;",128,0,0,0',0x0d,0x0a
         74 00 61 00
         62 00 73 00
         20 00 22 00
         63 00 6F 00
         6D 00 70 00
         6C 00 65 00
         78 00 20 00
         66 00 6C 00
         6F 00 61 00
         74 00 3A 00
         74 00 31 00
         36 00 3D 00
         72 00 31 00
         36 00 3B 00
         32 00 3B 00
         30 00 3B 00
         22 00 2C 00
         31 00 32 00
         38 00 2C 00
         30 00 2C 00
         30 00 2C 00
         30 00 0D 00
         0A 00      
0000B394                    	.CODE
00000330                    	.debug
00000330 2E 00 73 00        		.dw '.stabs "complex double:t17=r17;2;0;",128,0,0,0',0x0d,0x0a
         74 00 61 00
         62 00 73 00
         20 00 22 00
         63 00 6F 00
         6D 00 70 00
         6C 00 65 00
         78 00 20 00
         64 00 6F 00
         75 00 62 00
         6C 00 65 00
         3A 00 74 00
         31 00 37 00
         3D 00 72 00
         31 00 37 00
         3B 00 32 00
         3B 00 30 00
         3B 00 22 00
         2C 00 31 00
         32 00 38 00
         2C 00 30 00
         2C 00 30 00
         2C 00 30 00
         0D 00 0A 00
0000B394                    	.CODE
00000360                    	.debug
00000360 2E 00 73 00        		.dw '.stabs "complex long double:t18=r18;2;0;",128,0,0,0',0x0d,0x0a
         74 00 61 00
         62 00 73 00
         20 00 22 00
         63 00 6F 00
         6D 00 70 00
         6C 00 65 00
         78 00 20 00
         6C 00 6F 00
         6E 00 67 00
         20 00 64 00
         6F 00 75 00
         62 00 6C 00
         65 00 3A 00
         74 00 31 00
         38 00 3D 00
         72 00 31 00
         38 00 3B 00
         32 00 3B 00
         30 00 3B 00
         22 00 2C 00
         31 00 32 00
         38 00 2C 00
         30 00 2C 00
         30 00 2C 00
         30 00 0D 00
         0A 00      
0000B394                    	.CODE
00000395                    	.debug
00000395 2E 00 73 00        		.dw '.stabs "void:t19=19",128,0,0,0',0x0d,0x0a
         74 00 61 00
         62 00 73 00
         20 00 22 00
         76 00 6F 00
         69 00 64 00
         3A 00 74 00
         31 00 39 00
         3D 00 31 00
         39 00 22 00
         2C 00 31 00
         32 00 38 00
         2C 00 30 00
         2C 00 30 00
         2C 00 30 00
         0D 00 0A 00
0000B394                    	.CODE
000003B5                    	.debug
000003B5 2E 00 73 00        		.dw '.stabs "gActivated:G1",32,0,0,',0,0,offset _gActivated,seg _gActivated,0x0d,0x0a
         74 00 61 00
         62 00 73 00
         20 00 22 00
         67 00 41 00
         63 00 74 00
         69 00 76 00
         61 00 74 00
         65 00 64 00
         3A 00 47 00
         31 00 22 00
         2C 00 33 00
         32 00 2C 00
         30 00 2C 00
         30 00 2C 00
         00 00 00 00
         00 00 00 00
         0D 00 0A 00
0000B394                    	.CODE
                            	.public _gActivated
000004EF                    	.iram
                            	_gActivated:
000004EF 00 00              		.dw 0
000003D9                    	.debug
000003D9 2E 00 73 00        		.dw '.stabs "gTriggerRespond:G20=ar1;0;-1;1",32,0,0,',0,0,offset _gTriggerRespond,seg _gTriggerRespond,0x0d,0x0a
         74 00 61 00
         62 00 73 00
         20 00 22 00
         67 00 54 00
         72 00 69 00
         67 00 67 00
         65 00 72 00
         52 00 65 00
         73 00 70 00
         6F 00 6E 00
         64 00 3A 00
         47 00 32 00
         30 00 3D 00
         61 00 72 00
         31 00 3B 00
         30 00 3B 00
         2D 00 31 00
         3B 00 31 00
         22 00 2C 00
         33 00 32 00
         2C 00 30 00
         2C 00 30 00
         2C 00 00 00
         00 00 01 00
         00 00 0D 00
         0A 00      
0000B394                    	.CODE
                            	.public _gTriggerRespond
000004F0                    	.iram
                            	_gTriggerRespond:
000004F0 09 00              		.dw 9
000004F1 0A 00              		.dw 10
000004F2 09 00              		.dw 9
0000040E                    	.debug
0000040E 2E 00 73 00        		.dw '.stabs "gComm2Respond:G21=ar1;0;-1;1",32,0,0,',0,0,offset _gComm2Respond,seg _gComm2Respond,0x0d,0x0a
         74 00 61 00
         62 00 73 00
         20 00 22 00
         67 00 43 00
         6F 00 6D 00
         6D 00 32 00
         52 00 65 00
         73 00 70 00
         6F 00 6E 00
         64 00 3A 00
         47 00 32 00
         31 00 3D 00
         61 00 72 00
         31 00 3B 00
         30 00 3B 00
         2D 00 31 00
         3B 00 31 00
         22 00 2C 00
         33 00 32 00
         2C 00 30 00
         2C 00 30 00
         2C 00 00 00
         00 00 04 00
         00 00 0D 00
         0A 00      
0000B394                    	.CODE
                            	.public _gComm2Respond
000004F3                    	.iram
                            	_gComm2Respond:
000004F3 0B 00              		.dw 11
000004F4 0C 00              		.dw 12
000004F5 0D 00              		.dw 13
00000441                    	.debug
00000441 2E 00 73 00        		.dw '.stabs "PlayFlag:G1",32,0,0,',0,0,offset _PlayFlag,seg _PlayFlag,0x0d,0x0a
         74 00 61 00
         62 00 73 00
         20 00 22 00
         50 00 6C 00
         61 00 79 00
         46 00 6C 00
         61 00 67 00
         3A 00 47 00
         31 00 22 00
         2C 00 33 00
         32 00 2C 00
         30 00 2C 00
         30 00 2C 00
         00 00 00 00
         07 00 00 00
         0D 00 0A 00
0000B394                    	.CODE
                            	.public _PlayFlag
000004F6                    	.iram
                            	_PlayFlag:
000004F6 00 00              		.dw 0
0000B394                    	.code
00000463                    	.debug
00000463 2E 00 73 00        		.dw '.stabs "PlayRespond2:F19",36,0,0,',0,0,offset _PlayRespond2,seg _PlayRespond2,0x0d,0x0a
         74 00 61 00
         62 00 73 00
         20 00 22 00
         50 00 6C 00
         61 00 79 00
         52 00 65 00
         73 00 70 00
         6F 00 6E 00
         64 00 32 00
         3A 00 46 00
         31 00 39 00
         22 00 2C 00
         33 00 36 00
         2C 00 30 00
         2C 00 30 00
         2C 00 00 00
         00 00 00 00
         00 00 0D 00
         0A 00      
0000B394                    	.CODE
                            	.public _PlayRespond2
                            	_PlayRespond2:	.proc
0000048A                    	.debug
0000048A 2E 00 73 00        		.dw '.stabn 0x44,0,59,',0,0
         74 00 61 00
         62 00 6E 00
         20 00 30 00
         78 00 34 00
         34 00 2C 00
         30 00 2C 00
         35 00 39 00
         2C 00 00 00
         00 00      
0000049D 00 00 00 00        		.dd LM1-_PlayRespond2
0000049F 0D 00 0A 00        		.dw 0x0d,0x0a
0000B394                    	.code
                            	LM1:
                            		// total=1, vars=1
                            		// frame_pointer_needed: 1
0000B394 88 DA              		push bp to [sp]
0000B395 41 20              		sp-=1
0000B396 08 0B 01 00        		bp=sp+1
                            	
0000B398 0D 03 04 00        		R1=BP+4
0000B39A C5 D2              		[BP]=R1	// QImode move
000004A1                    	.debug
000004A1 2E 00 73 00        		.dw '.stabn 0x44,0,60,',0,0
         74 00 61 00
         62 00 6E 00
         20 00 30 00
         78 00 34 00
         34 00 2C 00
         30 00 2C 00
         36 00 30 00
         2C 00 00 00
         00 00      
000004B4 07 00 00 00        		.dd LM2-_PlayRespond2
000004B6 0D 00 0A 00        		.dw 0x0d,0x0a
0000B39B                    	.code
                            	LM2:
                            	LBB2:
0000B39B 40 F0 72 9B        		call _BSR_StopRecognizer	// call without return value
000004B8                    	.debug
000004B8 2E 00 73 00        		.dw '.stabn 0x44,0,61,',0,0
         74 00 61 00
         62 00 6E 00
         20 00 30 00
         78 00 34 00
         34 00 2C 00
         30 00 2C 00
         36 00 31 00
         2C 00 00 00
         00 00      
000004CB 09 00 00 00        		.dd LM3-_PlayRespond2
000004CD 0D 00 0A 00        		.dw 0x0d,0x0a
0000B39D                    	.code
                            	LM3:
0000B39D 41 92              		R1=1	// QImode move
0000B39E C8 D2              		[SP--]=R1	// QImode move
0000B39F 40 F0 9F AD        		call _SACM_A2000_Initial	// call with return value
0000B3A1 41 00              		SP=SP+1
000004CF                    	.debug
000004CF 2E 00 73 00        		.dw '.stabn 0x44,0,62,',0,0
         74 00 61 00
         62 00 6E 00
         20 00 30 00
         78 00 34 00
         34 00 2C 00
         30 00 2C 00
         36 00 32 00
         2C 00 00 00
         00 00      
000004E2 0E 00 00 00        		.dd LM4-_PlayRespond2
000004E4 0D 00 0A 00        		.dw 0x0d,0x0a
0000B3A2                    	.code
                            	LM4:
0000B3A2 43 92              		R1=3	// QImode move
0000B3A3 C8 D2              		[SP--]=R1	// QImode move
0000B3A4 43 92              		R1=3	// QImode move
0000B3A5 C8 D2              		[SP--]=R1	// QImode move
0000B3A6 C5 94              		R2=[BP]	// QImode move
0000B3A7 C2 92              		R1=[R2]	// QImode move
0000B3A8 C8 D2              		[SP--]=R1	// QImode move
0000B3A9 40 F0 1A AE        		call _SACM_A2000_Play	// call with return value
0000B3AB 43 00              		SP=SP+3
000004E6                    	.debug
000004E6 2E 00 73 00        		.dw '.stabn 0x44,0,63,',0,0
         74 00 61 00
         62 00 6E 00
         20 00 30 00
         78 00 34 00
         34 00 2C 00
         30 00 2C 00
         36 00 33 00
         2C 00 00 00
         00 00      
000004F9 18 00 00 00        		.dd LM5-_PlayRespond2
000004FB 0D 00 0A 00        		.dw 0x0d,0x0a
0000B3AC                    	.code
                            	LM5:
                            	L3:
0000B3AC 40 F0 2B AF        		call _SACM_A2000_Status	// call with return value
0000B3AE 09 B5 01 00        		R2=R1&1
0000B3B0 40 44              		CMP R2,0	// QImode test
0000B3B1 02 5E              		JZ L6	// QImode NE
0000B3B2 0F 9F B6 B3        		PC=L5
                            	L6:
0000B3B4 0F 9F BC B3        		pc=L4	// jump
                            	L5:
000004FD                    	.debug
000004FD 2E 00 73 00        		.dw '.stabn 0x44,0,65,',0,0
         74 00 61 00
         62 00 6E 00
         20 00 30 00
         78 00 34 00
         34 00 2C 00
         30 00 2C 00
         36 00 35 00
         2C 00 00 00
         00 00      
00000510 22 00 00 00        		.dd LM6-_PlayRespond2
00000512 0D 00 0A 00        		.dw 0x0d,0x0a
0000B3B6                    	.code
                            	LM6:
                            	LBB3:
0000B3B6 40 F0 17 B0        		call _SACM_A2000_ServiceLoop	// call with return value
00000514                    	.debug
00000514 2E 00 73 00        		.dw '.stabn 0x44,0,66,',0,0
         74 00 61 00
         62 00 6E 00
         20 00 30 00
         78 00 34 00
         34 00 2C 00
         30 00 2C 00
         36 00 36 00
         2C 00 00 00
         00 00      
00000527 24 00 00 00        		.dd LM7-_PlayRespond2
00000529 0D 00 0A 00        		.dw 0x0d,0x0a
0000B3B8                    	.code
                            	LM7:
0000B3B8 40 F0 71 B7        		call _ClearWatchDog	// call without return value
0000052B                    	.debug
0000052B 2E 00 73 00        		.dw '.stabn 0x44,0,67,',0,0
         74 00 61 00
         62 00 6E 00
         20 00 30 00
         78 00 34 00
         34 00 2C 00
         30 00 2C 00
         36 00 37 00
         2C 00 00 00
         00 00      
0000053E 26 00 00 00        		.dd LM8-_PlayRespond2
00000540 0D 00 0A 00        		.dw 0x0d,0x0a
0000B3BA                    	.code
                            	LM8:
                            	LBE3:
0000B3BA 0F 9F AC B3        		pc=L3	// jump
                            	L4:
00000542                    	.debug
00000542 2E 00 73 00        		.dw '.stabn 0x44,0,68,',0,0
         74 00 61 00
         62 00 6E 00
         20 00 30 00
         78 00 34 00
         34 00 2C 00
         30 00 2C 00
         36 00 38 00
         2C 00 00 00
         00 00      
00000555 28 00 00 00        		.dd LM9-_PlayRespond2
00000557 0D 00 0A 00        		.dw 0x0d,0x0a
0000B3BC                    	.code
                            	LM9:
0000B3BC 40 F0 C8 AE        		call _SACM_A2000_Stop	// call with return value
00000559                    	.debug
00000559 2E 00 73 00        		.dw '.stabn 0x44,0,69,',0,0
         74 00 61 00
         62 00 6E 00
         20 00 30 00
         78 00 34 00
         34 00 2C 00
         30 00 2C 00
         36 00 39 00
         2C 00 00 00
         00 00      
0000056C 2A 00 00 00        		.dd LM10-_PlayRespond2
0000056E 0D 00 0A 00        		.dw 0x0d,0x0a
0000B3BE                    	.code
                            	LM10:
0000B3BE 40 92              		R1=0	// QImode move
0000B3BF C8 D2              		[SP--]=R1	// QImode move
0000B3C0 40 F0 7F 9B        		call _BSR_InitRecognizer	// call with return value
0000B3C2 41 00              		SP=SP+1
00000570                    	.debug
00000570 2E 00 73 00        		.dw '.stabn 0x44,0,70,',0,0
         74 00 61 00
         62 00 6E 00
         20 00 30 00
         78 00 34 00
         34 00 2C 00
         30 00 2C 00
         37 00 30 00
         2C 00 00 00
         00 00      
00000583 2F 00 00 00        		.dd LM11-_PlayRespond2
00000585 0D 00 0A 00        		.dw 0x0d,0x0a
0000B3C3                    	.code
                            	LM11:
0000B3C3 40 F0 40 9B        		call _BSR_EnableCPUIndicator	// call without return value
00000587                    	.debug
00000587 2E 00 73 00        		.dw '.stabn 0x44,0,71,',0,0
         74 00 61 00
         62 00 6E 00
         20 00 30 00
         78 00 34 00
         34 00 2C 00
         30 00 2C 00
         37 00 31 00
         2C 00 00 00
         00 00      
0000059A 31 00 00 00        		.dd LM12-_PlayRespond2
0000059C 0D 00 0A 00        		.dw 0x0d,0x0a
0000B3C5                    	.code
                            	LM12:
                            	LBE2:
0000059E                    	.debug
0000059E 2E 00 73 00        		.dw '.stabn 0x44,0,71,',0,0
         74 00 61 00
         62 00 6E 00
         20 00 30 00
         78 00 34 00
         34 00 2C 00
         30 00 2C 00
         37 00 31 00
         2C 00 00 00
         00 00      
000005B1 31 00 00 00        		.dd LM13-_PlayRespond2
000005B3 0D 00 0A 00        		.dw 0x0d,0x0a
0000B3C5                    	.code
                            	LM13:
                            	L2:
                            	
0000B3C5 41 00              		sp+=1
0000B3C6 88 98              		pop bp from [sp]
0000B3C7 90 9A              		retf
                            		.endp	// end of PlayRespond2
                            	
000005B5                    	.debug
000005B5 2E 00 73 00        		.dw '.stabs "Result:p1",160,0,0,4',0x0d,0x0a
         74 00 61 00
         62 00 73 00
         20 00 22 00
         52 00 65 00
         73 00 75 00
         6C 00 74 00
         3A 00 70 00
         31 00 22 00
         2C 00 31 00
         36 00 30 00
         2C 00 30 00
         2C 00 30 00
         2C 00 34 00
         0D 00 0A 00
0000B3C8                    	.CODE
000005D3                    	.debug
000005D3 2E 00 73 00        		.dw '.stabn 0xc0,0,0,',0,0
         74 00 61 00
         62 00 6E 00
         20 00 30 00
         78 00 63 00
         30 00 2C 00
         30 00 2C 00
         30 00 2C 00
         00 00 00 00
000005E5 07 00 00 00        		.dd LBB2-_PlayRespond2
000005E7 0D 00 0A 00        		.dw 0x0d,0x0a
0000B3C8                    	.code
000005E9                    	.debug
000005E9 2E 00 73 00        		.dw '.stabn 0xc0,0,0,',0,0
         74 00 61 00
         62 00 6E 00
         20 00 30 00
         78 00 63 00
         30 00 2C 00
         30 00 2C 00
         30 00 2C 00
         00 00 00 00
000005FB 22 00 00 00        		.dd LBB3-_PlayRespond2
000005FD 0D 00 0A 00        		.dw 0x0d,0x0a
0000B3C8                    	.code
000005FF                    	.debug
000005FF 2E 00 73 00        		.dw '.stabn 0xe0,0,0,',0,0
         74 00 61 00
         62 00 6E 00
         20 00 30 00
         78 00 65 00
         30 00 2C 00
         30 00 2C 00
         30 00 2C 00
         00 00 00 00
00000611 26 00 00 00        		.dd LBE3-_PlayRespond2
00000613 0D 00 0A 00        		.dw 0x0d,0x0a
0000B3C8                    	.code
00000615                    	.debug
00000615 2E 00 73 00        		.dw '.stabn 0xe0,0,0,',0,0
         74 00 61 00
         62 00 6E 00
         20 00 30 00
         78 00 65 00
         30 00 2C 00
         30 00 2C 00
         30 00 2C 00
         00 00 00 00
00000627 31 00 00 00        		.dd LBE2-_PlayRespond2
00000629 0D 00 0A 00        		.dw 0x0d,0x0a
0000B3C8                    	.code
0000062B                    	.debug
0000062B 2E 00 73 00        		.dw '.stabf ',0,0
         74 00 61 00
         62 00 66 00
         20 00 00 00
         00 00      
00000634 34 00 00 00        		.dd LME1-_PlayRespond2
00000636 0D 00 0A 00        		.dw 0x0d,0x0a
0000B3C8                    	.code
                            	LME1:
0000B3C8                    	.code
00000638                    	.debug
00000638 2E 00 73 00        		.dw '.stabs "PlayRespond:F19",36,0,0,',0,0,offset _PlayRespond,seg _PlayRespond,0x0d,0x0a
         74 00 61 00
         62 00 73 00
         20 00 22 00
         50 00 6C 00
         61 00 79 00
         52 00 65 00
         73 00 70 00
         6F 00 6E 00
         64 00 3A 00
         46 00 31 00
         39 00 22 00
         2C 00 33 00
         36 00 2C 00
         30 00 2C 00
         30 00 2C 00
         00 00 00 00
         34 00 00 00
         0D 00 0A 00
0000B3C8                    	.CODE
                            	.public _PlayRespond
                            	_PlayRespond:	.proc
0000065E                    	.debug
0000065E 2E 00 73 00        		.dw '.stabn 0x44,0,74,',0,0
         74 00 61 00
         62 00 6E 00
         20 00 30 00
         78 00 34 00
         34 00 2C 00
         30 00 2C 00
         37 00 34 00
         2C 00 00 00
         00 00      
00000671 00 00 00 00        		.dd LM14-_PlayRespond
00000673 0D 00 0A 00        		.dw 0x0d,0x0a
0000B3C8                    	.code
                            	LM14:
                            		// total=1, vars=1
                            		// frame_pointer_needed: 1
0000B3C8 88 DA              		push bp to [sp]
0000B3C9 41 20              		sp-=1
0000B3CA 08 0B 01 00        		bp=sp+1
                            	
0000B3CC 0D 03 04 00        		R1=BP+4
0000B3CE C5 D2              		[BP]=R1	// QImode move
00000675                    	.debug
00000675 2E 00 73 00        		.dw '.stabn 0x44,0,75,',0,0
         74 00 61 00
         62 00 6E 00
         20 00 30 00
         78 00 34 00
         34 00 2C 00
         30 00 2C 00
         37 00 35 00
         2C 00 00 00
         00 00      
00000688 07 00 00 00        		.dd LM15-_PlayRespond
0000068A 0D 00 0A 00        		.dw 0x0d,0x0a
0000B3CF                    	.code
                            	LM15:
                            	LBB4:
0000B3CF 40 F0 72 9B        		call _BSR_StopRecognizer	// call without return value
0000068C                    	.debug
0000068C 2E 00 73 00        		.dw '.stabn 0x44,0,76,',0,0
         74 00 61 00
         62 00 6E 00
         20 00 30 00
         78 00 34 00
         34 00 2C 00
         30 00 2C 00
         37 00 36 00
         2C 00 00 00
         00 00      
0000069F 09 00 00 00        		.dd LM16-_PlayRespond
000006A1 0D 00 0A 00        		.dw 0x0d,0x0a
0000B3D1                    	.code
                            	LM16:
0000B3D1 41 92              		R1=1	// QImode move
0000B3D2 C8 D2              		[SP--]=R1	// QImode move
0000B3D3 40 F0 96 A6        		call _SACM_S480_Initial	// call with return value
0000B3D5 41 00              		SP=SP+1
000006A3                    	.debug
000006A3 2E 00 73 00        		.dw '.stabn 0x44,0,77,',0,0
         74 00 61 00
         62 00 6E 00
         20 00 30 00
         78 00 34 00
         34 00 2C 00
         30 00 2C 00
         37 00 37 00
         2C 00 00 00
         00 00      
000006B6 0E 00 00 00        		.dd LM17-_PlayRespond
000006B8 0D 00 0A 00        		.dw 0x0d,0x0a
0000B3D6                    	.code
                            	LM17:
0000B3D6 43 92              		R1=3	// QImode move
0000B3D7 C8 D2              		[SP--]=R1	// QImode move
0000B3D8 43 92              		R1=3	// QImode move
0000B3D9 C8 D2              		[SP--]=R1	// QImode move
0000B3DA C5 94              		R2=[BP]	// QImode move
0000B3DB C2 92              		R1=[R2]	// QImode move
0000B3DC C8 D2              		[SP--]=R1	// QImode move
0000B3DD 40 F0 CD A6        		call _SACM_S480_Play	// call with return value
0000B3DF 43 00              		SP=SP+3
000006BA                    	.debug
000006BA 2E 00 73 00        		.dw '.stabn 0x44,0,78,',0,0
         74 00 61 00
         62 00 6E 00
         20 00 30 00
         78 00 34 00
         34 00 2C 00
         30 00 2C 00
         37 00 38 00
         2C 00 00 00
         00 00      
000006CD 18 00 00 00        		.dd LM18-_PlayRespond
000006CF 0D 00 0A 00        		.dw 0x0d,0x0a
0000B3E0                    	.code
                            	LM18:
                            	L8:
0000B3E0 40 F0 AF A7        		call _SACM_S480_Status	// call with return value
0000B3E2 09 B5 01 00        		R2=R1&1
0000B3E4 40 44              		CMP R2,0	// QImode test
0000B3E5 02 5E              		JZ L11	// QImode NE
0000B3E6 0F 9F EA B3        		PC=L10
                            	L11:
0000B3E8 0F 9F F0 B3        		pc=L9	// jump
                            	L10:
000006D1                    	.debug
000006D1 2E 00 73 00        		.dw '.stabn 0x44,0,80,',0,0
         74 00 61 00
         62 00 6E 00
         20 00 30 00
         78 00 34 00
         34 00 2C 00
         30 00 2C 00
         38 00 30 00
         2C 00 00 00
         00 00      
000006E4 22 00 00 00        		.dd LM19-_PlayRespond
000006E6 0D 00 0A 00        		.dw 0x0d,0x0a
0000B3EA                    	.code
                            	LM19:
                            	LBB5:
0000B3EA 40 F0 06 A8        		call _SACM_S480_ServiceLoop	// call with return value
000006E8                    	.debug
000006E8 2E 00 73 00        		.dw '.stabn 0x44,0,81,',0,0
         74 00 61 00
         62 00 6E 00
         20 00 30 00
         78 00 34 00
         34 00 2C 00
         30 00 2C 00
         38 00 31 00
         2C 00 00 00
         00 00      
000006FB 24 00 00 00        		.dd LM20-_PlayRespond
000006FD 0D 00 0A 00        		.dw 0x0d,0x0a
0000B3EC                    	.code
                            	LM20:
0000B3EC 40 F0 71 B7        		call _ClearWatchDog	// call without return value
000006FF                    	.debug
000006FF 2E 00 73 00        		.dw '.stabn 0x44,0,82,',0,0
         74 00 61 00
         62 00 6E 00
         20 00 30 00
         78 00 34 00
         34 00 2C 00
         30 00 2C 00
         38 00 32 00
         2C 00 00 00
         00 00      
00000712 26 00 00 00        		.dd LM21-_PlayRespond
00000714 0D 00 0A 00        		.dw 0x0d,0x0a
0000B3EE                    	.code
                            	LM21:
                            	LBE5:
0000B3EE 0F 9F E0 B3        		pc=L8	// jump
                            	L9:
00000716                    	.debug
00000716 2E 00 73 00        		.dw '.stabn 0x44,0,83,',0,0
         74 00 61 00
         62 00 6E 00
         20 00 30 00
         78 00 34 00
         34 00 2C 00
         30 00 2C 00
         38 00 33 00
         2C 00 00 00
         00 00      
00000729 28 00 00 00        		.dd LM22-_PlayRespond
0000072B 0D 00 0A 00        		.dw 0x0d,0x0a
0000B3F0                    	.code
                            	LM22:
0000B3F0 40 F0 65 A7        		call _SACM_S480_Stop	// call with return value
0000072D                    	.debug
0000072D 2E 00 73 00        		.dw '.stabn 0x44,0,84,',0,0
         74 00 61 00
         62 00 6E 00
         20 00 30 00
         78 00 34 00
         34 00 2C 00
         30 00 2C 00
         38 00 34 00
         2C 00 00 00
         00 00      
00000740 2A 00 00 00        		.dd LM23-_PlayRespond
00000742 0D 00 0A 00        		.dw 0x0d,0x0a
0000B3F2                    	.code
                            	LM23:
0000B3F2 40 92              		R1=0	// QImode move
0000B3F3 C8 D2              		[SP--]=R1	// QImode move
0000B3F4 40 F0 7F 9B        		call _BSR_InitRecognizer	// call with return value
0000B3F6 41 00              		SP=SP+1
00000744                    	.debug
00000744 2E 00 73 00        		.dw '.stabn 0x44,0,85,',0,0
         74 00 61 00
         62 00 6E 00
         20 00 30 00
         78 00 34 00
         34 00 2C 00
         30 00 2C 00
         38 00 35 00
         2C 00 00 00
         00 00      
00000757 2F 00 00 00        		.dd LM24-_PlayRespond
00000759 0D 00 0A 00        		.dw 0x0d,0x0a
0000B3F7                    	.code
                            	LM24:
0000B3F7 40 F0 40 9B        		call _BSR_EnableCPUIndicator	// call without return value
0000075B                    	.debug
0000075B 2E 00 73 00        		.dw '.stabn 0x44,0,86,',0,0
         74 00 61 00
         62 00 6E 00
         20 00 30 00
         78 00 34 00
         34 00 2C 00
         30 00 2C 00
         38 00 36 00
         2C 00 00 00
         00 00      
0000076E 31 00 00 00        		.dd LM25-_PlayRespond
00000770 0D 00 0A 00        		.dw 0x0d,0x0a
0000B3F9                    	.code
                            	LM25:
                            	LBE4:
00000772                    	.debug
00000772 2E 00 73 00        		.dw '.stabn 0x44,0,86,',0,0
         74 00 61 00
         62 00 6E 00
         20 00 30 00
         78 00 34 00
         34 00 2C 00
         30 00 2C 00
         38 00 36 00
         2C 00 00 00
         00 00      
00000785 31 00 00 00        		.dd LM26-_PlayRespond
00000787 0D 00 0A 00        		.dw 0x0d,0x0a
0000B3F9                    	.code
                            	LM26:
                            	L7:
                            	
0000B3F9 41 00              		sp+=1
0000B3FA 88 98              		pop bp from [sp]
0000B3FB 90 9A              		retf
                            		.endp	// end of PlayRespond
                            	
00000789                    	.debug
00000789 2E 00 73 00        		.dw '.stabs "Result:p1",160,0,0,4',0x0d,0x0a
         74 00 61 00
         62 00 73 00
         20 00 22 00
         52 00 65 00
         73 00 75 00
         6C 00 74 00
         3A 00 70 00
         31 00 22 00
         2C 00 31 00
         36 00 30 00
         2C 00 30 00
         2C 00 30 00
         2C 00 34 00
         0D 00 0A 00
0000B3FC                    	.CODE
000007A7                    	.debug
000007A7 2E 00 73 00        		.dw '.stabn 0xc0,0,0,',0,0
         74 00 61 00
         62 00 6E 00
         20 00 30 00
         78 00 63 00
         30 00 2C 00
         30 00 2C 00
         30 00 2C 00
         00 00 00 00
000007B9 07 00 00 00        		.dd LBB4-_PlayRespond
000007BB 0D 00 0A 00        		.dw 0x0d,0x0a
0000B3FC                    	.code
000007BD                    	.debug
000007BD 2E 00 73 00        		.dw '.stabn 0xc0,0,0,',0,0
         74 00 61 00
         62 00 6E 00
         20 00 30 00
         78 00 63 00
         30 00 2C 00
         30 00 2C 00
         30 00 2C 00
         00 00 00 00
000007CF 22 00 00 00        		.dd LBB5-_PlayRespond
000007D1 0D 00 0A 00        		.dw 0x0d,0x0a
0000B3FC                    	.code
000007D3                    	.debug
000007D3 2E 00 73 00        		.dw '.stabn 0xe0,0,0,',0,0
         74 00 61 00
         62 00 6E 00
         20 00 30 00
         78 00 65 00
         30 00 2C 00
         30 00 2C 00
         30 00 2C 00
         00 00 00 00
000007E5 26 00 00 00        		.dd LBE5-_PlayRespond
000007E7 0D 00 0A 00        		.dw 0x0d,0x0a
0000B3FC                    	.code
000007E9                    	.debug
000007E9 2E 00 73 00        		.dw '.stabn 0xe0,0,0,',0,0
         74 00 61 00
         62 00 6E 00
         20 00 30 00
         78 00 65 00
         30 00 2C 00
         30 00 2C 00
         30 00 2C 00
         00 00 00 00
000007FB 31 00 00 00        		.dd LBE4-_PlayRespond
000007FD 0D 00 0A 00        		.dw 0x0d,0x0a
0000B3FC                    	.code
000007FF                    	.debug
000007FF 2E 00 73 00        		.dw '.stabf ',0,0
         74 00 61 00
         62 00 66 00
         20 00 00 00
         00 00      
00000808 34 00 00 00        		.dd LME2-_PlayRespond
0000080A 0D 00 0A 00        		.dw 0x0d,0x0a
0000B3FC                    	.code
                            	LME2:
0000B3FC                    	.code
0000080C                    	.debug
0000080C 2E 00 73 00        		.dw '.stabs "TrainWord:F1",36,0,0,',0,0,offset _TrainWord,seg _TrainWord,0x0d,0x0a
         74 00 61 00
         62 00 73 00
         20 00 22 00
         54 00 72 00
         61 00 69 00
         6E 00 57 00
         6F 00 72 00
         64 00 3A 00
         46 00 31 00
         22 00 2C 00
         33 00 36 00
         2C 00 30 00
         2C 00 30 00
         2C 00 00 00
         00 00 68 00
         00 00 0D 00
         0A 00      
0000B3FC                    	.CODE
                            	.public _TrainWord
                            	_TrainWord:	.proc
0000082F                    	.debug
0000082F 2E 00 73 00        		.dw '.stabn 0x44,0,89,',0,0
         74 00 61 00
         62 00 6E 00
         20 00 30 00
         78 00 34 00
         34 00 2C 00
         30 00 2C 00
         38 00 39 00
         2C 00 00 00
         00 00      
00000842 00 00 00 00        		.dd LM27-_TrainWord
00000844 0D 00 0A 00        		.dw 0x0d,0x0a
0000B3FC                    	.code
                            	LM27:
                            		// total=2, vars=2
                            		// frame_pointer_needed: 1
0000B3FC 88 DA              		push bp to [sp]
0000B3FD 42 20              		sp-=2
0000B3FE 08 0B 01 00        		bp=sp+1
                            	
0000B400 0D 03 05 00        		R1=BP+5
0000B402 01 D2              		[bp+1]=R1	// QImode move
00000846                    	.debug
00000846 2E 00 73 00        		.dw '.stabn 0x44,0,90,',0,0
         74 00 61 00
         62 00 6E 00
         20 00 30 00
         78 00 34 00
         34 00 2C 00
         30 00 2C 00
         39 00 30 00
         2C 00 00 00
         00 00      
00000859 07 00 00 00        		.dd LM28-_TrainWord
0000085B 0D 00 0A 00        		.dw 0x0d,0x0a
0000B403                    	.code
                            	LM28:
                            	LBB6:
0000085D                    	.debug
0000085D 2E 00 73 00        		.dw '.stabn 0x44,0,91,',0,0
         74 00 61 00
         62 00 6E 00
         20 00 30 00
         78 00 34 00
         34 00 2C 00
         30 00 2C 00
         39 00 31 00
         2C 00 00 00
         00 00      
00000870 07 00 00 00        		.dd LM29-_TrainWord
00000872 0D 00 0A 00        		.dw 0x0d,0x0a
0000B403                    	.code
                            	LM29:
0000B403 01 92              		R1=[bp+1]	// QImode move
0000B404 01 96              		R3=[bp+1]	// QImode move
0000B405 0B 05 01 00        		R2=R3+1
0000B407 02 97              		R3=R2	// QImode move
0000B408 C3 92              		R1=[R3]	// QImode move
0000B409 C8 D2              		[SP--]=R1	// QImode move
0000B40A 40 F0 C8 B3        		call _PlayRespond	// call without return value
0000B40C 41 00              		SP=SP+1
00000874                    	.debug
00000874 2E 00 73 00        		.dw '.stabn 0x44,0,92,',0,0
         74 00 61 00
         62 00 6E 00
         20 00 30 00
         78 00 34 00
         34 00 2C 00
         30 00 2C 00
         39 00 32 00
         2C 00 00 00
         00 00      
00000887 11 00 00 00        		.dd LM30-_TrainWord
00000889 0D 00 0A 00        		.dw 0x0d,0x0a
0000B40D                    	.code
                            	LM30:
                            	L13:
0000B40D 0F 9F 11 B4        		pc=L15	// jump
0000B40F 0F 9F 64 B4        		pc=L14	// jump
                            	L15:
0000088B                    	.debug
0000088B 2E 00 73 00        		.dw '.stabn 0x44,0,94,',0,0
         74 00 61 00
         62 00 6E 00
         20 00 30 00
         78 00 34 00
         34 00 2C 00
         30 00 2C 00
         39 00 34 00
         2C 00 00 00
         00 00      
0000089E 15 00 00 00        		.dd LM31-_TrainWord
000008A0 0D 00 0A 00        		.dw 0x0d,0x0a
0000B411                    	.code
                            	LM31:
0000B411 40 92              		R1=0	// QImode move
0000B412 C8 D2              		[SP--]=R1	// QImode move
0000B413 01 94              		R2=[bp+1]	// QImode move
0000B414 C2 92              		R1=[R2]	// QImode move
0000B415 C8 D2              		[SP--]=R1	// QImode move
0000B416 40 F0 F1 87        		call _BSR_Train	// call with return value
0000B418 42 00              		SP=SP+2
0000B419 C5 D2              		[BP]=R1	// QImode move
000008A2                    	.debug
000008A2 2E 00 73 00        		.dw '.stabn 0x44,0,95,',0,0
         74 00 61 00
         62 00 6E 00
         20 00 30 00
         78 00 34 00
         34 00 2C 00
         30 00 2C 00
         39 00 35 00
         2C 00 00 00
         00 00      
000008B5 1E 00 00 00        		.dd LM32-_TrainWord
000008B7 0D 00 0A 00        		.dw 0x0d,0x0a
0000B41A                    	.code
                            	LM32:
0000B41A C5 92              		R1=[BP]	// QImode move
0000B41B 40 42              		CMP R1,0	// QImode test
0000B41C 02 5E              		JZ L28	// QImode NE
0000B41D 0F 9F 21 B4        		PC=L16
                            	L28:
0000B41F 0F 9F 64 B4        		pc=L14	// jump
                            	L16:
000008B9                    	.debug
000008B9 2E 00 73 00        		.dw '.stabn 0x44,0,96,',0,0
         74 00 61 00
         62 00 6E 00
         20 00 30 00
         78 00 34 00
         34 00 2C 00
         30 00 2C 00
         39 00 36 00
         2C 00 00 00
         00 00      
000008CC 25 00 00 00        		.dd LM33-_TrainWord
000008CE 0D 00 0A 00        		.dw 0x0d,0x0a
0000B421                    	.code
                            	LM33:
0000B421 C5 94              		R2=[BP]	// QImode move
0000B422 0A 03 06 00        		R1=R2+6
0000B424 45 42              		CMP R1,5	// QImode compare
0000B425 02 8E              		JNA L29	// QImode GTU
0000B426 0F 9F 62 B4        		PC=L17
                            	L29:
0000B428 01 95              		R2=R1	// QImode move
0000B429 02 93              		R1=R2	// QImode move
0000B42A 09 03 73 A6        		R1=R1+L26
0000B42C 01 97              		R3=R1	// QImode move
0000B42D C3 94              		R2=[R3]	// QImode move
0000B42E 02 9F              		pc=R2	// tablejump
0000A673                    	.text
                            	L26:
0000A673 5F B4              		.dw L25
0000A674 49 B4              		.dw L22
0000A675 46 B4              		.dw L21
0000A676 3E B4              		.dw L20
0000A677 37 B4              		.dw L19
0000A678 2F B4              		.dw L18
0000B42F                    	.code
                            	L18:
000008D0                    	.debug
000008D0 2E 00 73 00        		.dw '.stabn 0x44,0,99,',0,0
         74 00 61 00
         62 00 6E 00
         20 00 30 00
         78 00 34 00
         34 00 2C 00
         30 00 2C 00
         39 00 39 00
         2C 00 00 00
         00 00      
000008E3 33 00 00 00        		.dd LM34-_TrainWord
000008E5 0D 00 0A 00        		.dw 0x0d,0x0a
0000B42F                    	.code
                            	LM34:
0000B42F 45 92              		R1=5	// QImode move
0000B430 C8 D2              		[SP--]=R1	// QImode move
0000B431 40 F0 C8 B3        		call _PlayRespond	// call without return value
0000B433 41 00              		SP=SP+1
000008E7                    	.debug
000008E7 2E 00 73 00        		.dw '.stabn 0x44,0,100,',0,0
         74 00 61 00
         62 00 6E 00
         20 00 30 00
         78 00 34 00
         34 00 2C 00
         30 00 2C 00
         31 00 30 00
         30 00 2C 00
         00 00 00 00
000008FB 38 00 00 00        		.dd LM35-_TrainWord
000008FD 0D 00 0A 00        		.dw 0x0d,0x0a
0000B434                    	.code
                            	LM35:
0000B434 41 62              		R1=(-1)	// QImode move
0000B435 0F 9F 67 B4        		pc=L12	// jump
                            	L19:
000008FF                    	.debug
000008FF 2E 00 73 00        		.dw '.stabn 0x44,0,102,',0,0
         74 00 61 00
         62 00 6E 00
         20 00 30 00
         78 00 34 00
         34 00 2C 00
         30 00 2C 00
         31 00 30 00
         32 00 2C 00
         00 00 00 00
00000913 3B 00 00 00        		.dd LM36-_TrainWord
00000915 0D 00 0A 00        		.dw 0x0d,0x0a
0000B437                    	.code
                            	LM36:
0000B437 44 92              		R1=4	// QImode move
0000B438 C8 D2              		[SP--]=R1	// QImode move
0000B439 40 F0 C8 B3        		call _PlayRespond	// call without return value
0000B43B 41 00              		SP=SP+1
00000917                    	.debug
00000917 2E 00 73 00        		.dw '.stabn 0x44,0,103,',0,0
         74 00 61 00
         62 00 6E 00
         20 00 30 00
         78 00 34 00
         34 00 2C 00
         30 00 2C 00
         31 00 30 00
         33 00 2C 00
         00 00 00 00
0000092B 40 00 00 00        		.dd LM37-_TrainWord
0000092D 0D 00 0A 00        		.dw 0x0d,0x0a
0000B43C                    	.code
                            	LM37:
0000B43C 0F 9F 62 B4        		pc=L17	// jump
                            	L20:
0000092F                    	.debug
0000092F 2E 00 73 00        		.dw '.stabn 0x44,0,105,',0,0
         74 00 61 00
         62 00 6E 00
         20 00 30 00
         78 00 34 00
         34 00 2C 00
         30 00 2C 00
         31 00 30 00
         35 00 2C 00
         00 00 00 00
00000943 42 00 00 00        		.dd LM38-_TrainWord
00000945 0D 00 0A 00        		.dw 0x0d,0x0a
0000B43E                    	.code
                            	LM38:
0000B43E 4E 92              		R1=14	// QImode move
0000B43F C8 D2              		[SP--]=R1	// QImode move
0000B440 40 F0 C8 B3        		call _PlayRespond	// call without return value
0000B442 41 00              		SP=SP+1
00000947                    	.debug
00000947 2E 00 73 00        		.dw '.stabn 0x44,0,106,',0,0
         74 00 61 00
         62 00 6E 00
         20 00 30 00
         78 00 34 00
         34 00 2C 00
         30 00 2C 00
         31 00 30 00
         36 00 2C 00
         00 00 00 00
0000095B 47 00 00 00        		.dd LM39-_TrainWord
0000095D 0D 00 0A 00        		.dw 0x0d,0x0a
0000B443                    	.code
                            	LM39:
0000B443 41 62              		R1=(-1)	// QImode move
0000B444 0F 9F 67 B4        		pc=L12	// jump
                            	L21:
0000095F                    	.debug
0000095F 2E 00 73 00        		.dw '.stabn 0x44,0,108,',0,0
         74 00 61 00
         62 00 6E 00
         20 00 30 00
         78 00 34 00
         34 00 2C 00
         30 00 2C 00
         31 00 30 00
         38 00 2C 00
         00 00 00 00
00000973 4A 00 00 00        		.dd LM40-_TrainWord
00000975 0D 00 0A 00        		.dw 0x0d,0x0a
0000B446                    	.code
                            	LM40:
0000B446 41 62              		R1=(-1)	// QImode move
0000B447 0F 9F 67 B4        		pc=L12	// jump
                            	L22:
00000977                    	.debug
00000977 2E 00 73 00        		.dw '.stabn 0x44,0,110,',0,0
         74 00 61 00
         62 00 6E 00
         20 00 30 00
         78 00 34 00
         34 00 2C 00
         30 00 2C 00
         31 00 31 00
         30 00 2C 00
         00 00 00 00
0000098B 4D 00 00 00        		.dd LM41-_TrainWord
0000098D 0D 00 0A 00        		.dw 0x0d,0x0a
0000B449                    	.code
                            	LM41:
0000B449 01 94              		R2=[bp+1]	// QImode move
0000B44A C2 92              		R1=[R2]	// QImode move
0000B44B 09 43 00 01        		CMP R1,256	// QImode compare
0000B44D 02 5E              		JZ L30	// QImode NE
0000B44E 0F 9F 57 B4        		PC=L23
                            	L30:
0000B450 46 92              		R1=6	// QImode move
0000B451 C8 D2              		[SP--]=R1	// QImode move
0000B452 40 F0 C8 B3        		call _PlayRespond	// call without return value
0000B454 41 00              		SP=SP+1
0000B455 0F 9F 5C B4        		pc=L24	// jump
                            	L23:
0000098F                    	.debug
0000098F 2E 00 73 00        		.dw '.stabn 0x44,0,111,',0,0
         74 00 61 00
         62 00 6E 00
         20 00 30 00
         78 00 34 00
         34 00 2C 00
         30 00 2C 00
         31 00 31 00
         31 00 2C 00
         00 00 00 00
000009A3 5B 00 00 00        		.dd LM42-_TrainWord
000009A5 0D 00 0A 00        		.dw 0x0d,0x0a
0000B457                    	.code
                            	LM42:
0000B457 47 92              		R1=7	// QImode move
0000B458 C8 D2              		[SP--]=R1	// QImode move
0000B459 40 F0 C8 B3        		call _PlayRespond	// call without return value
0000B45B 41 00              		SP=SP+1
                            	L24:
000009A7                    	.debug
000009A7 2E 00 73 00        		.dw '.stabn 0x44,0,112,',0,0
         74 00 61 00
         62 00 6E 00
         20 00 30 00
         78 00 34 00
         34 00 2C 00
         30 00 2C 00
         31 00 31 00
         32 00 2C 00
         00 00 00 00
000009BB 60 00 00 00        		.dd LM43-_TrainWord
000009BD 0D 00 0A 00        		.dw 0x0d,0x0a
0000B45C                    	.code
                            	LM43:
0000B45C 41 62              		R1=(-1)	// QImode move
0000B45D 0F 9F 67 B4        		pc=L12	// jump
                            	L25:
000009BF                    	.debug
000009BF 2E 00 73 00        		.dw '.stabn 0x44,0,114,',0,0
         74 00 61 00
         62 00 6E 00
         20 00 30 00
         78 00 34 00
         34 00 2C 00
         30 00 2C 00
         31 00 31 00
         34 00 2C 00
         00 00 00 00
000009D3 63 00 00 00        		.dd LM44-_TrainWord
000009D5 0D 00 0A 00        		.dw 0x0d,0x0a
0000B45F                    	.code
                            	LM44:
0000B45F 41 62              		R1=(-1)	// QImode move
0000B460 0F 9F 67 B4        		pc=L12	// jump
                            	L27:
                            	L17:
000009D7                    	.debug
000009D7 2E 00 73 00        		.dw '.stabn 0x44,0,116,',0,0
         74 00 61 00
         62 00 6E 00
         20 00 30 00
         78 00 34 00
         34 00 2C 00
         30 00 2C 00
         31 00 31 00
         36 00 2C 00
         00 00 00 00
000009EB 66 00 00 00        		.dd LM45-_TrainWord
000009ED 0D 00 0A 00        		.dw 0x0d,0x0a
0000B462                    	.code
                            	LM45:
0000B462 0F 9F 0D B4        		pc=L13	// jump
                            	L14:
000009EF                    	.debug
000009EF 2E 00 73 00        		.dw '.stabn 0x44,0,117,',0,0
         74 00 61 00
         62 00 6E 00
         20 00 30 00
         78 00 34 00
         34 00 2C 00
         30 00 2C 00
         31 00 31 00
         37 00 2C 00
         00 00 00 00
00000A03 68 00 00 00        		.dd LM46-_TrainWord
00000A05 0D 00 0A 00        		.dw 0x0d,0x0a
0000B464                    	.code
                            	LM46:
0000B464 40 92              		R1=0	// QImode move
0000B465 0F 9F 67 B4        		pc=L12	// jump
00000A07                    	.debug
00000A07 2E 00 73 00        		.dw '.stabn 0x44,0,118,',0,0
         74 00 61 00
         62 00 6E 00
         20 00 30 00
         78 00 34 00
         34 00 2C 00
         30 00 2C 00
         31 00 31 00
         38 00 2C 00
         00 00 00 00
00000A1B 6B 00 00 00        		.dd LM47-_TrainWord
00000A1D 0D 00 0A 00        		.dw 0x0d,0x0a
0000B467                    	.code
                            	LM47:
                            	LBE6:
00000A1F                    	.debug
00000A1F 2E 00 73 00        		.dw '.stabn 0x44,0,118,',0,0
         74 00 61 00
         62 00 6E 00
         20 00 30 00
         78 00 34 00
         34 00 2C 00
         30 00 2C 00
         31 00 31 00
         38 00 2C 00
         00 00 00 00
00000A33 6B 00 00 00        		.dd LM48-_TrainWord
00000A35 0D 00 0A 00        		.dw 0x0d,0x0a
0000B467                    	.code
                            	LM48:
                            	L12:
                            	
0000B467 42 00              		sp+=2
0000B468 88 98              		pop bp from [sp]
0000B469 90 9A              		retf
                            		.endp	// end of TrainWord
                            	
00000A37                    	.debug
00000A37 2E 00 73 00        		.dw '.stabs "WordID:p1",160,0,0,5',0x0d,0x0a
         74 00 61 00
         62 00 73 00
         20 00 22 00
         57 00 6F 00
         72 00 64 00
         49 00 44 00
         3A 00 70 00
         31 00 22 00
         2C 00 31 00
         36 00 30 00
         2C 00 30 00
         2C 00 30 00
         2C 00 35 00
         0D 00 0A 00
0000B46A                    	.CODE
00000A55                    	.debug
00000A55 2E 00 73 00        		.dw '.stabs "RespondID:p1",160,0,0,6',0x0d,0x0a
         74 00 61 00
         62 00 73 00
         20 00 22 00
         52 00 65 00
         73 00 70 00
         6F 00 6E 00
         64 00 49 00
         44 00 3A 00
         70 00 31 00
         22 00 2C 00
         31 00 36 00
         30 00 2C 00
         30 00 2C 00
         30 00 2C 00
         36 00 0D 00
         0A 00      
0000B46A                    	.CODE
00000A76                    	.debug
00000A76 2E 00 73 00        		.dw '.stabn 0xc0,0,0,',0,0
         74 00 61 00
         62 00 6E 00
         20 00 30 00
         78 00 63 00
         30 00 2C 00
         30 00 2C 00
         30 00 2C 00
         00 00 00 00
00000A88 07 00 00 00        		.dd LBB6-_TrainWord
00000A8A 0D 00 0A 00        		.dw 0x0d,0x0a
0000B46A                    	.code
00000A8C                    	.debug
00000A8C 2E 00 73 00        		.dw '.stabs "res:1",128,0,0,0',0x0d,0x0a
         74 00 61 00
         62 00 73 00
         20 00 22 00
         72 00 65 00
         73 00 3A 00
         31 00 22 00
         2C 00 31 00
         32 00 38 00
         2C 00 30 00
         2C 00 30 00
         2C 00 30 00
         0D 00 0A 00
0000B46A                    	.CODE
00000AA6                    	.debug
00000AA6 2E 00 73 00        		.dw '.stabn 0xe0,0,0,',0,0
         74 00 61 00
         62 00 6E 00
         20 00 30 00
         78 00 65 00
         30 00 2C 00
         30 00 2C 00
         30 00 2C 00
         00 00 00 00
00000AB8 6B 00 00 00        		.dd LBE6-_TrainWord
00000ABA 0D 00 0A 00        		.dw 0x0d,0x0a
0000B46A                    	.code
00000ABC                    	.debug
00000ABC 2E 00 73 00        		.dw '.stabf ',0,0
         74 00 61 00
         62 00 66 00
         20 00 00 00
         00 00      
00000AC5 6E 00 00 00        		.dd LME3-_TrainWord
00000AC7 0D 00 0A 00        		.dw 0x0d,0x0a
0000B46A                    	.code
                            	LME3:
0000B46A                    	.code
00000AC9                    	.debug
00000AC9 2E 00 73 00        		.dw '.stabs "main:F1",36,0,0,',0,0,offset _main,seg _main,0x0d,0x0a
         74 00 61 00
         62 00 73 00
         20 00 22 00
         6D 00 61 00
         69 00 6E 00
         3A 00 46 00
         31 00 22 00
         2C 00 33 00
         36 00 2C 00
         30 00 2C 00
         30 00 2C 00
         00 00 00 00
         D6 00 00 00
         0D 00 0A 00
0000B46A                    	.CODE
                            	.public _main
                            	_main:	.proc
00000AE7                    	.debug
00000AE7 2E 00 73 00        		.dw '.stabn 0x44,0,121,',0,0
         74 00 61 00
         62 00 6E 00
         20 00 30 00
         78 00 34 00
         34 00 2C 00
         30 00 2C 00
         31 00 32 00
         31 00 2C 00
         00 00 00 00
00000AFB 00 00 00 00        		.dd LM49-_main
00000AFD 0D 00 0A 00        		.dw 0x0d,0x0a
0000B46A                    	.code
                            	LM49:
                            		// total=4, vars=4
                            		// frame_pointer_needed: 1
0000B46A 88 DA              		push bp to [sp]
0000B46B 44 20              		sp-=4
0000B46C 08 0B 01 00        		bp=sp+1
                            	
0000B46E 0D 03 07 00        		R1=BP+7
0000B470 03 D2              		[bp+3]=R1	// QImode move
00000AFF                    	.debug
00000AFF 2E 00 73 00        		.dw '.stabn 0x44,0,122,',0,0
         74 00 61 00
         62 00 6E 00
         20 00 30 00
         78 00 34 00
         34 00 2C 00
         30 00 2C 00
         31 00 32 00
         32 00 2C 00
         00 00 00 00
00000B13 07 00 00 00        		.dd LM50-_main
00000B15 0D 00 0A 00        		.dw 0x0d,0x0a
0000B471                    	.code
                            	LM50:
                            	LBB7:
0000B471 05 93              		R1=BP	// QImode move
0000B472 0D 05 01 00        		R2=BP+1
0000B474 40 92              		R1=0	// QImode move
0000B475 02 97              		R3=R2	// QImode move
0000B476 C3 D2              		[R3]=R1	// QImode move
0000B477 05 93              		R1=BP	// QImode move
0000B478 0D 05 02 00        		R2=BP+2
0000B47A 40 92              		R1=0	// QImode move
0000B47B 02 99              		R4=R2	// QImode move
0000B47C C4 D2              		[R4]=R1	// QImode move
00000B17                    	.debug
00000B17 2E 00 73 00        		.dw '.stabn 0x44,0,124,',0,0
         74 00 61 00
         62 00 6E 00
         20 00 30 00
         78 00 34 00
         34 00 2C 00
         30 00 2C 00
         31 00 32 00
         34 00 2C 00
         00 00 00 00
00000B2B 13 00 00 00        		.dd LM51-_main
00000B2D 0D 00 0A 00        		.dw 0x0d,0x0a
0000B47D                    	.code
                            	LM51:
0000B47D 40 92              		R1=0	// QImode move
0000B47E C8 D2              		[SP--]=R1	// QImode move
0000B47F 40 F0 21 86        		call _BSR_DeleteSDGroup	// call with return value
0000B481 41 00              		SP=SP+1
00000B2F                    	.debug
00000B2F 2E 00 73 00        		.dw '.stabn 0x44,0,126,',0,0
         74 00 61 00
         62 00 6E 00
         20 00 30 00
         78 00 34 00
         34 00 2C 00
         30 00 2C 00
         31 00 32 00
         36 00 2C 00
         00 00 00 00
00000B43 18 00 00 00        		.dd LM52-_main
00000B45 0D 00 0A 00        		.dw 0x0d,0x0a
0000B482                    	.code
                            	LM52:
0000B482 40 92              		R1=0	// QImode move
0000B483 C8 D2              		[SP--]=R1	// QImode move
0000B484 40 F0 C8 B3        		call _PlayRespond	// call without return value
0000B486 41 00              		SP=SP+1
00000B47                    	.debug
00000B47 2E 00 73 00        		.dw '.stabn 0x44,0,128,',0,0
         74 00 61 00
         62 00 6E 00
         20 00 30 00
         78 00 34 00
         34 00 2C 00
         30 00 2C 00
         31 00 32 00
         38 00 2C 00
         00 00 00 00
00000B5B 1D 00 00 00        		.dd LM53-_main
00000B5D 0D 00 0A 00        		.dw 0x0d,0x0a
0000B487                    	.code
                            	LM53:
                            	L32:
0000B487 41 92              		R1=1	// QImode move
0000B488 C8 D2              		[SP--]=R1	// QImode move
0000B489 09 93 00 01        		R1=256	// QImode move
0000B48B C8 D2              		[SP--]=R1	// QImode move
0000B48C 40 F0 FC B3        		call _TrainWord	// call with return value
0000B48E 42 00              		SP=SP+2
0000B48F 40 42              		CMP R1,0	// QImode test
0000B490 02 5E              		JZ L59	// QImode NE
0000B491 0F 9F 95 B4        		PC=L34
                            	L59:
0000B493 0F 9F 97 B4        		pc=L33	// jump
                            	L34:
0000B495 0F 9F 87 B4        		pc=L32	// jump
                            	L33:
00000B5F                    	.debug
00000B5F 2E 00 73 00        		.dw '.stabn 0x44,0,130,',0,0
         74 00 61 00
         62 00 6E 00
         20 00 30 00
         78 00 34 00
         34 00 2C 00
         30 00 2C 00
         31 00 33 00
         30 00 2C 00
         00 00 00 00
00000B73 2D 00 00 00        		.dd LM54-_main
00000B75 0D 00 0A 00        		.dw 0x0d,0x0a
0000B497                    	.code
                            	LM54:
                            	L35:
0000B497 42 92              		R1=2	// QImode move
0000B498 C8 D2              		[SP--]=R1	// QImode move
0000B499 09 93 01 01        		R1=257	// QImode move
0000B49B C8 D2              		[SP--]=R1	// QImode move
0000B49C 40 F0 FC B3        		call _TrainWord	// call with return value
0000B49E 42 00              		SP=SP+2
0000B49F 40 42              		CMP R1,0	// QImode test
0000B4A0 02 5E              		JZ L60	// QImode NE
0000B4A1 0F 9F A5 B4        		PC=L37
                            	L60:
0000B4A3 0F 9F A7 B4        		pc=L36	// jump
                            	L37:
0000B4A5 0F 9F 97 B4        		pc=L35	// jump
                            	L36:
00000B77                    	.debug
00000B77 2E 00 73 00        		.dw '.stabn 0x44,0,132,',0,0
         74 00 61 00
         62 00 6E 00
         20 00 30 00
         78 00 34 00
         34 00 2C 00
         30 00 2C 00
         31 00 33 00
         32 00 2C 00
         00 00 00 00
00000B8B 3D 00 00 00        		.dd LM55-_main
00000B8D 0D 00 0A 00        		.dw 0x0d,0x0a
0000B4A7                    	.code
                            	LM55:
                            	L38:
0000B4A7 43 92              		R1=3	// QImode move
0000B4A8 C8 D2              		[SP--]=R1	// QImode move
0000B4A9 09 93 02 01        		R1=258	// QImode move
0000B4AB C8 D2              		[SP--]=R1	// QImode move
0000B4AC 40 F0 FC B3        		call _TrainWord	// call with return value
0000B4AE 42 00              		SP=SP+2
0000B4AF 40 42              		CMP R1,0	// QImode test
0000B4B0 02 5E              		JZ L61	// QImode NE
0000B4B1 0F 9F B5 B4        		PC=L40
                            	L61:
0000B4B3 0F 9F B7 B4        		pc=L39	// jump
                            	L40:
0000B4B5 0F 9F A7 B4        		pc=L38	// jump
                            	L39:
00000B8F                    	.debug
00000B8F 2E 00 73 00        		.dw '.stabn 0x44,0,135,',0,0
         74 00 61 00
         62 00 6E 00
         20 00 30 00
         78 00 34 00
         34 00 2C 00
         30 00 2C 00
         31 00 33 00
         35 00 2C 00
         00 00 00 00
00000BA3 4D 00 00 00        		.dd LM56-_main
00000BA5 0D 00 0A 00        		.dw 0x0d,0x0a
0000B4B7                    	.code
                            	LM56:
0000B4B7 40 92              		R1=0	// QImode move
0000B4B8 C8 D2              		[SP--]=R1	// QImode move
0000B4B9 40 F0 7F 9B        		call _BSR_InitRecognizer	// call with return value
0000B4BB 41 00              		SP=SP+1
00000BA7                    	.debug
00000BA7 2E 00 73 00        		.dw '.stabn 0x44,0,136,',0,0
         74 00 61 00
         62 00 6E 00
         20 00 30 00
         78 00 34 00
         34 00 2C 00
         30 00 2C 00
         31 00 33 00
         36 00 2C 00
         00 00 00 00
00000BBB 52 00 00 00        		.dd LM57-_main
00000BBD 0D 00 0A 00        		.dw 0x0d,0x0a
0000B4BC                    	.code
                            	LM57:
0000B4BC 40 F0 40 9B        		call _BSR_EnableCPUIndicator	// call without return value
00000BBF                    	.debug
00000BBF 2E 00 73 00        		.dw '.stabn 0x44,0,138,',0,0
         74 00 61 00
         62 00 6E 00
         20 00 30 00
         78 00 34 00
         34 00 2C 00
         30 00 2C 00
         31 00 33 00
         38 00 2C 00
         00 00 00 00
00000BD3 54 00 00 00        		.dd LM58-_main
00000BD5 0D 00 0A 00        		.dw 0x0d,0x0a
0000B4BE                    	.code
                            	LM58:
0000B4BE 48 92              		R1=8	// QImode move
0000B4BF C8 D2              		[SP--]=R1	// QImode move
0000B4C0 40 F0 C8 B3        		call _PlayRespond	// call without return value
0000B4C2 41 00              		SP=SP+1
00000BD7                    	.debug
00000BD7 2E 00 73 00        		.dw '.stabn 0x44,0,140,',0,0
         74 00 61 00
         62 00 6E 00
         20 00 30 00
         78 00 34 00
         34 00 2C 00
         30 00 2C 00
         31 00 34 00
         30 00 2C 00
         00 00 00 00
00000BEB 59 00 00 00        		.dd LM59-_main
00000BED 0D 00 0A 00        		.dw 0x0d,0x0a
0000B4C3                    	.code
                            	LM59:
                            	L41:
0000B4C3 0F 9F C7 B4        		pc=L43	// jump
0000B4C5 0F 9F 8F B5        		pc=L42	// jump
                            	L43:
00000BEF                    	.debug
00000BEF 2E 00 73 00        		.dw '.stabn 0x44,0,142,',0,0
         74 00 61 00
         62 00 6E 00
         20 00 30 00
         78 00 34 00
         34 00 2C 00
         30 00 2C 00
         31 00 34 00
         32 00 2C 00
         00 00 00 00
00000C03 5D 00 00 00        		.dd LM60-_main
00000C05 0D 00 0A 00        		.dw 0x0d,0x0a
0000B4C7                    	.code
                            	LM60:
0000B4C7 05 93              		R1=BP	// QImode move
0000B4C8 0D 05 02 00        		R2=BP+2
0000B4CA 05 97              		R3=BP	// QImode move
0000B4CB 0D 03 02 00        		R1=BP+2
0000B4CD 05 95              		R2=BP	// QImode move
0000B4CE 0D 07 02 00        		R3=BP+2
0000B4D0 03 99              		R4=R3	// QImode move
0000B4D1 C4 94              		R2=[R4]	// QImode move
0000B4D2 0A 07 01 00        		R3=R2+1
0000B4D4 01 95              		R2=R1	// QImode move
0000B4D5 C2 D6              		[R2]=R3	// QImode move
00000C07                    	.debug
00000C07 2E 00 73 00        		.dw '.stabn 0x44,0,143,',0,0
         74 00 61 00
         62 00 6E 00
         20 00 30 00
         78 00 34 00
         34 00 2C 00
         30 00 2C 00
         31 00 34 00
         33 00 2C 00
         00 00 00 00
00000C1B 6C 00 00 00        		.dd LM61-_main
00000C1D 0D 00 0A 00        		.dw 0x0d,0x0a
0000B4D6                    	.code
                            	LM61:
0000B4D6 05 93              		R1=BP	// QImode move
0000B4D7 0D 05 02 00        		R2=BP+2
0000B4D9 02 97              		R3=R2	// QImode move
0000B4DA C3 92              		R1=[R3]	// QImode move
0000B4DB 42 42              		CMP R1,2	// QImode compare
0000B4DC 02 BE              		JG L62	// QImode LE
0000B4DD 0F 9F E5 B4        		PC=L44
                            	L62:
0000B4DF 05 93              		R1=BP	// QImode move
0000B4E0 0D 05 02 00        		R2=BP+2
0000B4E2 40 92              		R1=0	// QImode move
0000B4E3 02 99              		R4=R2	// QImode move
0000B4E4 C4 D2              		[R4]=R1	// QImode move
                            	L44:
00000C1F                    	.debug
00000C1F 2E 00 73 00        		.dw '.stabn 0x44,0,144,',0,0
         74 00 61 00
         62 00 6E 00
         20 00 30 00
         78 00 34 00
         34 00 2C 00
         30 00 2C 00
         31 00 34 00
         34 00 2C 00
         00 00 00 00
00000C33 7B 00 00 00        		.dd LM62-_main
00000C35 0D 00 0A 00        		.dw 0x0d,0x0a
0000B4E5                    	.code
                            	LM62:
0000B4E5 40 F0 AC 9B        		call _BSR_GetResult	// call with return value
0000B4E7 C5 D2              		[BP]=R1	// QImode move
00000C37                    	.debug
00000C37 2E 00 73 00        		.dw '.stabn 0x44,0,146,',0,0
         74 00 61 00
         62 00 6E 00
         20 00 30 00
         78 00 34 00
         34 00 2C 00
         30 00 2C 00
         31 00 34 00
         36 00 2C 00
         00 00 00 00
00000C4B 7E 00 00 00        		.dd LM63-_main
00000C4D 0D 00 0A 00        		.dw 0x0d,0x0a
0000B4E8                    	.code
                            	LM63:
0000B4E8 C5 92              		R1=[BP]	// QImode move
0000B4E9 40 42              		CMP R1,0	// QImode test
0000B4EA 02 BE              		JG L63	// QImode LE
0000B4EB 0F 9F 64 B5        		PC=L45
                            	L63:
00000C4F                    	.debug
00000C4F 2E 00 73 00        		.dw '.stabn 0x44,0,148,',0,0
         74 00 61 00
         62 00 6E 00
         20 00 30 00
         78 00 34 00
         34 00 2C 00
         30 00 2C 00
         31 00 34 00
         38 00 2C 00
         00 00 00 00
00000C63 83 00 00 00        		.dd LM64-_main
00000C65 0D 00 0A 00        		.dw 0x0d,0x0a
0000B4ED                    	.code
                            	LM64:
0000B4ED 11 93 EF 04        		R1=[_gActivated]	// QImode move
0000B4EF 40 42              		CMP R1,0	// QImode test
0000B4F0 02 4E              		JNZ L64	// QImode EQ
0000B4F1 0F 9F 45 B5        		PC=L46
                            	L64:
00000C67                    	.debug
00000C67 2E 00 73 00        		.dw '.stabn 0x44,0,150,',0,0
         74 00 61 00
         62 00 6E 00
         20 00 30 00
         78 00 34 00
         34 00 2C 00
         30 00 2C 00
         31 00 35 00
         30 00 2C 00
         00 00 00 00
00000C7B 89 00 00 00        		.dd LM65-_main
00000C7D 0D 00 0A 00        		.dw 0x0d,0x0a
0000B4F3                    	.code
                            	LM65:
0000B4F3 05 93              		R1=BP	// QImode move
0000B4F4 0D 05 01 00        		R2=BP+1
0000B4F6 40 92              		R1=0	// QImode move
0000B4F7 02 97              		R3=R2	// QImode move
0000B4F8 C3 D2              		[R3]=R1	// QImode move
00000C7F                    	.debug
00000C7F 2E 00 73 00        		.dw '.stabn 0x44,0,151,',0,0
         74 00 61 00
         62 00 6E 00
         20 00 30 00
         78 00 34 00
         34 00 2C 00
         30 00 2C 00
         31 00 35 00
         31 00 2C 00
         00 00 00 00
00000C93 8F 00 00 00        		.dd LM66-_main
00000C95 0D 00 0A 00        		.dw 0x0d,0x0a
0000B4F9                    	.code
                            	LM66:
0000B4F9 C5 92              		R1=[BP]	// QImode move
0000B4FA 09 43 01 01        		CMP R1,257	// QImode compare
0000B4FC 02 4E              		JNZ L65	// QImode EQ
0000B4FD 0F 9F 22 B5        		PC=L49
                            	L65:
0000B4FF 09 43 01 01        		CMP R1,257	// QImode compare
0000B501 02 AE              		JNG L66	// QImode GT
0000B502 0F 9F 0B B5        		PC=L53
                            	L66:
0000B504 09 43 00 01        		CMP R1,256	// QImode compare
0000B506 02 4E              		JNZ L67	// QImode EQ
0000B507 0F 9F 12 B5        		PC=L48
                            	L67:
0000B509 0F 9F 43 B5        		pc=L47	// jump
                            	L53:
0000B50B 09 43 02 01        		CMP R1,258	// QImode compare
0000B50D 02 4E              		JNZ L68	// QImode EQ
0000B50E 0F 9F 32 B5        		PC=L50
                            	L68:
0000B510 0F 9F 43 B5        		pc=L47	// jump
                            	L48:
00000C97                    	.debug
00000C97 2E 00 73 00        		.dw '.stabn 0x44,0,154,',0,0
         74 00 61 00
         62 00 6E 00
         20 00 30 00
         78 00 34 00
         34 00 2C 00
         30 00 2C 00
         31 00 35 00
         34 00 2C 00
         00 00 00 00
00000CAB A8 00 00 00        		.dd LM67-_main
00000CAD 0D 00 0A 00        		.dw 0x0d,0x0a
0000B512                    	.code
                            	LM67:
0000B512 05 93              		R1=BP	// QImode move
0000B513 0D 05 02 00        		R2=BP+2
0000B515 09 93 F0 04        		R1=_gTriggerRespond	// QImode move
0000B517 02 99              		R4=R2	// QImode move
0000B518 C4 94              		R2=[R4]	// QImode move
0000B519 02 03              		R1+=R2	// addqi3_r0r
0000B51A 01 97              		R3=R1	// QImode move
0000B51B C3 94              		R2=[R3]	// QImode move
0000B51C C8 D4              		[SP--]=R2	// QImode move
0000B51D 40 F0 C8 B3        		call _PlayRespond	// call without return value
0000B51F 41 00              		SP=SP+1
00000CAF                    	.debug
00000CAF 2E 00 73 00        		.dw '.stabn 0x44,0,155,',0,0
         74 00 61 00
         62 00 6E 00
         20 00 30 00
         78 00 34 00
         34 00 2C 00
         30 00 2C 00
         31 00 35 00
         35 00 2C 00
         00 00 00 00
00000CC3 B6 00 00 00        		.dd LM68-_main
00000CC5 0D 00 0A 00        		.dw 0x0d,0x0a
0000B520                    	.code
                            	LM68:
0000B520 0F 9F 43 B5        		pc=L47	// jump
                            	L49:
00000CC7                    	.debug
00000CC7 2E 00 73 00        		.dw '.stabn 0x44,0,157,',0,0
         74 00 61 00
         62 00 6E 00
         20 00 30 00
         78 00 34 00
         34 00 2C 00
         30 00 2C 00
         31 00 35 00
         37 00 2C 00
         00 00 00 00
00000CDB B8 00 00 00        		.dd LM69-_main
00000CDD 0D 00 0A 00        		.dw 0x0d,0x0a
0000B522                    	.code
                            	LM69:
0000B522 41 92              		R1=1	// QImode move
0000B523 19 D3 F6 04        		[_PlayFlag]=R1	// QImode move
00000CDF                    	.debug
00000CDF 2E 00 73 00        		.dw '.stabn 0x44,0,158,',0,0
         74 00 61 00
         62 00 6E 00
         20 00 30 00
         78 00 34 00
         34 00 2C 00
         30 00 2C 00
         31 00 35 00
         38 00 2C 00
         00 00 00 00
00000CF3 BB 00 00 00        		.dd LM70-_main
00000CF5 0D 00 0A 00        		.dw 0x0d,0x0a
0000B525                    	.code
                            	LM70:
0000B525 40 92              		R1=0	// QImode move
0000B526 C8 D2              		[SP--]=R1	// QImode move
0000B527 40 F0 94 B3        		call _PlayRespond2	// call without return value
0000B529 41 00              		SP=SP+1
00000CF7                    	.debug
00000CF7 2E 00 73 00        		.dw '.stabn 0x44,0,159,',0,0
         74 00 61 00
         62 00 6E 00
         20 00 30 00
         78 00 34 00
         34 00 2C 00
         30 00 2C 00
         31 00 35 00
         39 00 2C 00
         00 00 00 00
00000D0B C0 00 00 00        		.dd LM71-_main
00000D0D 0D 00 0A 00        		.dw 0x0d,0x0a
0000B52A                    	.code
                            	LM71:
0000B52A 40 92              		R1=0	// QImode move
0000B52B 19 D3 F6 04        		[_PlayFlag]=R1	// QImode move
00000D0F                    	.debug
00000D0F 2E 00 73 00        		.dw '.stabn 0x44,0,160,',0,0
         74 00 61 00
         62 00 6E 00
         20 00 30 00
         78 00 34 00
         34 00 2C 00
         30 00 2C 00
         31 00 36 00
         30 00 2C 00
         00 00 00 00
00000D23 C3 00 00 00        		.dd LM72-_main
00000D25 0D 00 0A 00        		.dw 0x0d,0x0a
0000B52D                    	.code
                            	LM72:
0000B52D 40 92              		R1=0	// QImode move
0000B52E 19 D3 EF 04        		[_gActivated]=R1	// QImode move
00000D27                    	.debug
00000D27 2E 00 73 00        		.dw '.stabn 0x44,0,161,',0,0
         74 00 61 00
         62 00 6E 00
         20 00 30 00
         78 00 34 00
         34 00 2C 00
         30 00 2C 00
         31 00 36 00
         31 00 2C 00
         00 00 00 00
00000D3B C6 00 00 00        		.dd LM73-_main
00000D3D 0D 00 0A 00        		.dw 0x0d,0x0a
0000B530                    	.code
                            	LM73:
0000B530 0F 9F 43 B5        		pc=L47	// jump
                            	L50:
00000D3F                    	.debug
00000D3F 2E 00 73 00        		.dw '.stabn 0x44,0,163,',0,0
         74 00 61 00
         62 00 6E 00
         20 00 30 00
         78 00 34 00
         34 00 2C 00
         30 00 2C 00
         31 00 36 00
         33 00 2C 00
         00 00 00 00
00000D53 C8 00 00 00        		.dd LM74-_main
00000D55 0D 00 0A 00        		.dw 0x0d,0x0a
0000B532                    	.code
                            	LM74:
0000B532 05 93              		R1=BP	// QImode move
0000B533 0D 05 02 00        		R2=BP+2
0000B535 09 93 F3 04        		R1=_gComm2Respond	// QImode move
0000B537 02 99              		R4=R2	// QImode move
0000B538 C4 94              		R2=[R4]	// QImode move
0000B539 02 03              		R1+=R2	// addqi3_r0r
0000B53A 01 97              		R3=R1	// QImode move
0000B53B C3 94              		R2=[R3]	// QImode move
0000B53C C8 D4              		[SP--]=R2	// QImode move
0000B53D 40 F0 C8 B3        		call _PlayRespond	// call without return value
0000B53F 41 00              		SP=SP+1
00000D57                    	.debug
00000D57 2E 00 73 00        		.dw '.stabn 0x44,0,164,',0,0
         74 00 61 00
         62 00 6E 00
         20 00 30 00
         78 00 34 00
         34 00 2C 00
         30 00 2C 00
         31 00 36 00
         34 00 2C 00
         00 00 00 00
00000D6B D6 00 00 00        		.dd LM75-_main
00000D6D 0D 00 0A 00        		.dw 0x0d,0x0a
0000B540                    	.code
                            	LM75:
0000B540 40 92              		R1=0	// QImode move
0000B541 19 D3 EF 04        		[_gActivated]=R1	// QImode move
                            	L52:
                            	L47:
00000D6F                    	.debug
00000D6F 2E 00 73 00        		.dw '.stabn 0x44,0,166,',0,0
         74 00 61 00
         62 00 6E 00
         20 00 30 00
         78 00 34 00
         34 00 2C 00
         30 00 2C 00
         31 00 36 00
         36 00 2C 00
         00 00 00 00
00000D83 D9 00 00 00        		.dd LM76-_main
00000D85 0D 00 0A 00        		.dw 0x0d,0x0a
0000B543                    	.code
                            	LM76:
0000B543 0F 9F 62 B5        		pc=L54	// jump
                            	L46:
00000D87                    	.debug
00000D87 2E 00 73 00        		.dw '.stabn 0x44,0,169,',0,0
         74 00 61 00
         62 00 6E 00
         20 00 30 00
         78 00 34 00
         34 00 2C 00
         30 00 2C 00
         31 00 36 00
         39 00 2C 00
         00 00 00 00
00000D9B DB 00 00 00        		.dd LM77-_main
00000D9D 0D 00 0A 00        		.dw 0x0d,0x0a
0000B545                    	.code
                            	LM77:
0000B545 C5 92              		R1=[BP]	// QImode move
0000B546 09 43 00 01        		CMP R1,256	// QImode compare
0000B548 02 5E              		JZ L69	// QImode NE
0000B549 0F 9F 62 B5        		PC=L54
                            	L69:
00000D9F                    	.debug
00000D9F 2E 00 73 00        		.dw '.stabn 0x44,0,171,',0,0
         74 00 61 00
         62 00 6E 00
         20 00 30 00
         78 00 34 00
         34 00 2C 00
         30 00 2C 00
         31 00 37 00
         31 00 2C 00
         00 00 00 00
00000DB3 E1 00 00 00        		.dd LM78-_main
00000DB5 0D 00 0A 00        		.dw 0x0d,0x0a
0000B54B                    	.code
                            	LM78:
0000B54B 05 93              		R1=BP	// QImode move
0000B54C 0D 05 02 00        		R2=BP+2
0000B54E 09 93 F0 04        		R1=_gTriggerRespond	// QImode move
0000B550 02 99              		R4=R2	// QImode move
0000B551 C4 94              		R2=[R4]	// QImode move
0000B552 02 03              		R1+=R2	// addqi3_r0r
0000B553 01 97              		R3=R1	// QImode move
0000B554 C3 94              		R2=[R3]	// QImode move
0000B555 C8 D4              		[SP--]=R2	// QImode move
0000B556 40 F0 C8 B3        		call _PlayRespond	// call without return value
0000B558 41 00              		SP=SP+1
00000DB7                    	.debug
00000DB7 2E 00 73 00        		.dw '.stabn 0x44,0,172,',0,0
         74 00 61 00
         62 00 6E 00
         20 00 30 00
         78 00 34 00
         34 00 2C 00
         30 00 2C 00
         31 00 37 00
         32 00 2C 00
         00 00 00 00
00000DCB EF 00 00 00        		.dd LM79-_main
00000DCD 0D 00 0A 00        		.dw 0x0d,0x0a
0000B559                    	.code
                            	LM79:
0000B559 41 92              		R1=1	// QImode move
0000B55A 19 D3 EF 04        		[_gActivated]=R1	// QImode move
00000DCF                    	.debug
00000DCF 2E 00 73 00        		.dw '.stabn 0x44,0,173,',0,0
         74 00 61 00
         62 00 6E 00
         20 00 30 00
         78 00 34 00
         34 00 2C 00
         30 00 2C 00
         31 00 37 00
         33 00 2C 00
         00 00 00 00
00000DE3 F2 00 00 00        		.dd LM80-_main
00000DE5 0D 00 0A 00        		.dw 0x0d,0x0a
0000B55C                    	.code
                            	LM80:
0000B55C 05 93              		R1=BP	// QImode move
0000B55D 0D 05 01 00        		R2=BP+1
0000B55F 40 92              		R1=0	// QImode move
0000B560 02 99              		R4=R2	// QImode move
0000B561 C4 D2              		[R4]=R1	// QImode move
                            	L55:
                            	L54:
00000DE7                    	.debug
00000DE7 2E 00 73 00        		.dw '.stabn 0x44,0,176,',0,0
         74 00 61 00
         62 00 6E 00
         20 00 30 00
         78 00 34 00
         34 00 2C 00
         30 00 2C 00
         31 00 37 00
         36 00 2C 00
         00 00 00 00
00000DFB F8 00 00 00        		.dd LM81-_main
00000DFD 0D 00 0A 00        		.dw 0x0d,0x0a
0000B562                    	.code
                            	LM81:
0000B562 0F 9F 8D B5        		pc=L56	// jump
                            	L45:
00000DFF                    	.debug
00000DFF 2E 00 73 00        		.dw '.stabn 0x44,0,177,',0,0
         74 00 61 00
         62 00 6E 00
         20 00 30 00
         78 00 34 00
         34 00 2C 00
         30 00 2C 00
         31 00 37 00
         37 00 2C 00
         00 00 00 00
00000E13 FA 00 00 00        		.dd LM82-_main
00000E15 0D 00 0A 00        		.dw 0x0d,0x0a
0000B564                    	.code
                            	LM82:
0000B564 11 93 EF 04        		R1=[_gActivated]	// QImode move
0000B566 40 42              		CMP R1,0	// QImode test
0000B567 02 4E              		JNZ L70	// QImode EQ
0000B568 0F 9F 8D B5        		PC=L56
                            	L70:
00000E17                    	.debug
00000E17 2E 00 73 00        		.dw '.stabn 0x44,0,179,',0,0
         74 00 61 00
         62 00 6E 00
         20 00 30 00
         78 00 34 00
         34 00 2C 00
         30 00 2C 00
         31 00 37 00
         39 00 2C 00
         00 00 00 00
00000E2B 00 01 00 00        		.dd LM83-_main
00000E2D 0D 00 0A 00        		.dw 0x0d,0x0a
0000B56A                    	.code
                            	LM83:
0000B56A 05 93              		R1=BP	// QImode move
0000B56B 0D 05 01 00        		R2=BP+1
0000B56D 05 97              		R3=BP	// QImode move
0000B56E 0D 03 01 00        		R1=BP+1
0000B570 05 95              		R2=BP	// QImode move
0000B571 0D 07 01 00        		R3=BP+1
0000B573 03 95              		R2=R3	// QImode move
0000B574 C2 98              		R4=[R2]	// QImode move
0000B575 0C 05 01 00        		R2=R4+1
0000B577 02 97              		R3=R2	// QImode move
0000B578 01 99              		R4=R1	// QImode move
0000B579 C4 D6              		[R4]=R3	// QImode move
0000B57A 0B 47 C2 01        		CMP R3,450	// QImode compare
0000B57C 02 BE              		JG L71	// QImode LE
0000B57D 0F 9F 8D B5        		PC=L56
                            	L71:
00000E2F                    	.debug
00000E2F 2E 00 73 00        		.dw '.stabn 0x44,0,181,',0,0
         74 00 61 00
         62 00 6E 00
         20 00 30 00
         78 00 34 00
         34 00 2C 00
         30 00 2C 00
         31 00 38 00
         31 00 2C 00
         00 00 00 00
00000E43 15 01 00 00        		.dd LM84-_main
00000E45 0D 00 0A 00        		.dw 0x0d,0x0a
0000B57F                    	.code
                            	LM84:
0000B57F 45 92              		R1=5	// QImode move
0000B580 C8 D2              		[SP--]=R1	// QImode move
0000B581 40 F0 C8 B3        		call _PlayRespond	// call without return value
0000B583 41 00              		SP=SP+1
00000E47                    	.debug
00000E47 2E 00 73 00        		.dw '.stabn 0x44,0,182,',0,0
         74 00 61 00
         62 00 6E 00
         20 00 30 00
         78 00 34 00
         34 00 2C 00
         30 00 2C 00
         31 00 38 00
         32 00 2C 00
         00 00 00 00
00000E5B 1A 01 00 00        		.dd LM85-_main
00000E5D 0D 00 0A 00        		.dw 0x0d,0x0a
0000B584                    	.code
                            	LM85:
0000B584 40 92              		R1=0	// QImode move
0000B585 19 D3 EF 04        		[_gActivated]=R1	// QImode move
00000E5F                    	.debug
00000E5F 2E 00 73 00        		.dw '.stabn 0x44,0,183,',0,0
         74 00 61 00
         62 00 6E 00
         20 00 30 00
         78 00 34 00
         34 00 2C 00
         30 00 2C 00
         31 00 38 00
         33 00 2C 00
         00 00 00 00
00000E73 1D 01 00 00        		.dd LM86-_main
00000E75 0D 00 0A 00        		.dw 0x0d,0x0a
0000B587                    	.code
                            	LM86:
0000B587 05 93              		R1=BP	// QImode move
0000B588 0D 05 01 00        		R2=BP+1
0000B58A 40 92              		R1=0	// QImode move
0000B58B 02 97              		R3=R2	// QImode move
0000B58C C3 D2              		[R3]=R1	// QImode move
                            	L58:
                            	L57:
                            	L56:
00000E77                    	.debug
00000E77 2E 00 73 00        		.dw '.stabn 0x44,0,186,',0,0
         74 00 61 00
         62 00 6E 00
         20 00 30 00
         78 00 34 00
         34 00 2C 00
         30 00 2C 00
         31 00 38 00
         36 00 2C 00
         00 00 00 00
00000E8B 23 01 00 00        		.dd LM87-_main
00000E8D 0D 00 0A 00        		.dw 0x0d,0x0a
0000B58D                    	.code
                            	LM87:
0000B58D 0F 9F C3 B4        		pc=L41	// jump
                            	L42:
00000E8F                    	.debug
00000E8F 2E 00 73 00        		.dw '.stabn 0x44,0,187,',0,0
         74 00 61 00
         62 00 6E 00
         20 00 30 00
         78 00 34 00
         34 00 2C 00
         30 00 2C 00
         31 00 38 00
         37 00 2C 00
         00 00 00 00
00000EA3 25 01 00 00        		.dd LM88-_main
00000EA5 0D 00 0A 00        		.dw 0x0d,0x0a
0000B58F                    	.code
                            	LM88:
                            	LBE7:
00000EA7                    	.debug
00000EA7 2E 00 73 00        		.dw '.stabn 0x44,0,187,',0,0
         74 00 61 00
         62 00 6E 00
         20 00 30 00
         78 00 34 00
         34 00 2C 00
         30 00 2C 00
         31 00 38 00
         37 00 2C 00
         00 00 00 00
00000EBB 25 01 00 00        		.dd LM89-_main
00000EBD 0D 00 0A 00        		.dw 0x0d,0x0a
0000B58F                    	.code
                            	LM89:
                            	L31:
                            	
0000B58F 44 00              		sp+=4
0000B590 88 98              		pop bp from [sp]
0000B591 90 9A              		retf
                            		.endp	// end of main
                            	
00000EBF                    	.debug
00000EBF 2E 00 73 00        		.dw '.stabn 0xc0,0,0,',0,0
         74 00 61 00
         62 00 6E 00
         20 00 30 00
         78 00 63 00
         30 00 2C 00
         30 00 2C 00
         30 00 2C 00
         00 00 00 00
00000ED1 07 00 00 00        		.dd LBB7-_main
00000ED3 0D 00 0A 00        		.dw 0x0d,0x0a
0000B592                    	.code
00000ED5                    	.debug
00000ED5 2E 00 73 00        		.dw '.stabs "res:1",128,0,0,0',0x0d,0x0a
         74 00 61 00
         62 00 73 00
         20 00 22 00
         72 00 65 00
         73 00 3A 00
         31 00 22 00
         2C 00 31 00
         32 00 38 00
         2C 00 30 00
         2C 00 30 00
         2C 00 30 00
         0D 00 0A 00
0000B592                    	.CODE
00000EEF                    	.debug
00000EEF 2E 00 73 00        		.dw '.stabs "timeCnt:1",128,0,0,1',0x0d,0x0a
         74 00 61 00
         62 00 73 00
         20 00 22 00
         74 00 69 00
         6D 00 65 00
         43 00 6E 00
         74 00 3A 00
         31 00 22 00
         2C 00 31 00
         32 00 38 00
         2C 00 30 00
         2C 00 30 00
         2C 00 31 00
         0D 00 0A 00
0000B592                    	.CODE
00000F0D                    	.debug
00000F0D 2E 00 73 00        		.dw '.stabs "random_no:1",128,0,0,2',0x0d,0x0a
         74 00 61 00
         62 00 73 00
         20 00 22 00
         72 00 61 00
         6E 00 64 00
         6F 00 6D 00
         5F 00 6E 00
         6F 00 3A 00
         31 00 22 00
         2C 00 31 00
         32 00 38 00
         2C 00 30 00
         2C 00 30 00
         2C 00 32 00
         0D 00 0A 00
0000B592                    	.CODE
00000F2D                    	.debug
00000F2D 2E 00 73 00        		.dw '.stabn 0xe0,0,0,',0,0
         74 00 61 00
         62 00 6E 00
         20 00 30 00
         78 00 65 00
         30 00 2C 00
         30 00 2C 00
         30 00 2C 00
         00 00 00 00
00000F3F 25 01 00 00        		.dd LBE7-_main
00000F41 0D 00 0A 00        		.dw 0x0d,0x0a
0000B592                    	.code
00000F43                    	.debug
00000F43 2E 00 73 00        		.dw '.stabf ',0,0
         74 00 61 00
         62 00 66 00
         20 00 00 00
         00 00      
00000F4C 28 01 00 00        		.dd LME4-_main
00000F4E 0D 00 0A 00        		.dw 0x0d,0x0a
0000B592                    	.code
                            	LME4:
                            	.external _BSR_GetResult
                            	.external _BSR_DeleteSDGroup
                            	.external _BSR_Train
                            	.external _SACM_S480_Stop
                            	.external _SACM_S480_ServiceLoop
                            	.external _SACM_S480_Status
                            	.external _SACM_S480_Play
                            	.external _SACM_S480_Initial
                            	.external _BSR_EnableCPUIndicator
                            	.external _BSR_InitRecognizer
                            	.external _SACM_A2000_Stop
                            	.external _ClearWatchDog
                            	.external _SACM_A2000_ServiceLoop
                            	.external _SACM_A2000_Status
                            	.external _SACM_A2000_Play
                            	.external _SACM_A2000_Initial
                            	.external _BSR_StopRecognizer
                            		.end
0 error(s), 0 warning(s).

