C51 COMPILER V7.06   UARTINTERFACE                                                         05/03/2010 11:04:02 PAGE 1   


C51 COMPILER V7.06, COMPILATION OF MODULE UARTINTERFACE
OBJECT MODULE PLACED IN .\Output\UARTInterface.obj
COMPILER INVOKED BY: C:\Program Files\Keil\C51\BIN\C51.EXE UARTInterface.c BROWSE DEBUG OBJECTEXTEND OBJECT(.\Output\UAR
                    -TInterface.obj)

stmt level    source

   1          /************************************************************************
   2          *作    者:温子祺 邮箱:k125008301@126.com
   3          *文    件:UARTInterface.c
   4          --------------------------------------------------------------
   5          *说    明:定义串口硬件接口层
   6          *修改日期:2009/12/16
   7          --------------------------------------------------------------
   8          *创建日期:2009/11/30
   9          *说    明:
  10          --------------------------------------------------------------
  11          *************************************************************************/
  12          #include "Board.h"
  13          #include "Global.h"
  14          #include "UARTHardware.h"
  15          #include "UARTInterface.h"
  16          /****************************************************************************************************
  17          *
  18          *                                      变量区
  19          * 
  20          *****************************************************************************************************/
  21          
  22          
  23          /****************************************************************************************************
  24          *
  25          *                                      函数区
  26          * 
  27          *****************************************************************************************************/
  28          
  29          /******************************************************************
  30          *函数名称:UARTSendByte
  31          *输    入:b
  32          *输    出:无
  33          *说    明:串口 发送单字节
  34          *******************************************************************/
  35          static
  36          void UARTSendByte(UINT8 b)
  37          {
  38   1               SBUF=b;
  39   1               while(TI==0); // 发送数据
  40   1               TI=0;                              
  41   1      }
  42          /******************************************************************
  43          *函数名称:UARTSendByte
  44          *输    入:b
  45          *输    出:无
  46          *说    明:串口 发送单字节
  47          *******************************************************************/
  48          void UARTCiSendNBytes(UINT8 *buf,UINT8 len)
  49          {
  50   1               if(buf == NULL || len ==0 )return;
  51   1      
  52   1           while(len--)
  53   1           {
  54   2              UARTSendByte(*buf++);
C51 COMPILER V7.06   UARTINTERFACE                                                         05/03/2010 11:04:02 PAGE 2   

  55   2           }
  56   1      }
  57          /******************************************************************
  58          *函数名称:UARTCiPrintfString
  59          *输    入:b
  60          *输    出:无
  61          *说    明:串口 发送字符串
  62          *******************************************************************/
  63          void UARTCiPrintfString(INT8 *str)
  64          {
  65   1      #ifdef __C51__
  66   1           while(str && *str)
  67   1           {
  68   2           
  69   2              UARTSendByte(*str++); 
  70   2                     
  71   2           }
  72   1      #endif
  73   1      
  74   1      #ifdef __CAVR__
                   while(str && pgm_read_byte(str))
                   {
                   
                      UARTSendByte(pgm_read_byte(str++)); 
                             
                   }
              #endif
  82   1      }
  83          /******************************************************************
  84          *函数名称:UARTSendByte
  85          *输    入:b
  86          *输    出:无
  87          *说    明:串口 发送单字节
  88          *******************************************************************/
  89          void UARTCiPrintfVal( INT8 *str,UINT32 val,UINT8 show)
  90          {    
  91   1           UINT8 i=0;
  92   1           UINT8 buf[10]={0}; 
  93   1           
  94   1               UARTCiPrintfString(str);
  95   1      
  96   1           if(10 == show)
  97   1           {
  98   2               for(i=0; i<10 ;i++)
  99   2               {
 100   3                   buf[i]=(UINT8)('0'+val%10);   
 101   3                   val/=10;   
 102   3               } 
 103   2           
 104   2               
 105   2               for(i=9;i>=0;)
 106   2               {
 107   3                   if('0' == buf[i])
 108   3                   {
 109   4                       i--;
 110   4                   }
 111   3                   else
 112   3                   {
 113   4                      break;
 114   4                   }
 115   3               } 
 116   2               
C51 COMPILER V7.06   UARTINTERFACE                                                         05/03/2010 11:04:02 PAGE 3   

 117   2               while(1)
 118   2               {    
 119   3                   
 120   3                   UARTSendByte(buf[i]); 
 121   3                   
 122   3                   if(!i)
 123   3                   {
 124   4                       break; 
 125   4                   } 
 126   3                   
 127   3                   i--;
 128   3               } 
 129   2               
 130   2               
 131   2           }
 132   1           
 133   1           if(16 == show)
 134   1           {
 135   2              UARTSendByte('0');
 136   2                  UARTSendByte('x');
 137   2                  
 138   2              i=28;
 139   2              
 140   2              while(i)
 141   2              {
 142   3                  if(0  == ((val>>i) &0x0f))
 143   3                  {   
 144   4                      i=i-4;
 145   4                     
 146   4                  }
 147   3                  else
 148   3                  {
 149   4                      break;
 150   4                  }
 151   3              } 
 152   2              
 153   2              while(1)
 154   2              {
 155   3                              #ifdef __CAVR__
                          UARTSendByte(pgm_read_byte(&HexTable[(val>>i) &0x0f])); 
                                      #else
 158   3                              UARTSendByte(HexTable[(val>>i) &0x0f]); 
 159   3                              #endif
 160   3                  
 161   3                  if(!i)
 162   3                  {
 163   4                      break; 
 164   4                  }     
 165   3                          
 166   3                  i=i-4;
 167   3              }  
 168   2              
 169   2           } 
 170   1           
 171   1           UARTCiPrintfString(" ");
 172   1      }
 173          /******************************************************************
 174          *函数名称:UARTCiInit
 175          *输    入:无
 176          *输    出:无
 177          *说    明:串口 初始化
 178          *******************************************************************/
C51 COMPILER V7.06   UARTINTERFACE                                                         05/03/2010 11:04:02 PAGE 4   

 179          void UARTCiInit(UINT16 baud)
 180          {
 181   1              UARTHwInit(baud);
 182   1      }


MODULE INFORMATION:   STATIC OVERLAYABLE
   CODE SIZE        =    362    ----
   CONSTANT SIZE    =     12    ----
   XDATA SIZE       =   ----    ----
   PDATA SIZE       =   ----    ----
   DATA SIZE        =   ----      25
   IDATA SIZE       =   ----    ----
   BIT SIZE         =   ----    ----
END OF MODULE INFORMATION.


C51 COMPILATION COMPLETE.  0 WARNING(S),  0 ERROR(S)
