C51 COMPILER V7.06   UARTHARDWARE                                                          05/03/2010 11:04:02 PAGE 1   


C51 COMPILER V7.06, COMPILATION OF MODULE UARTHARDWARE
OBJECT MODULE PLACED IN .\Output\UARTHardware.obj
COMPILER INVOKED BY: C:\Program Files\Keil\C51\BIN\C51.EXE UARTHardware.c BROWSE DEBUG OBJECTEXTEND OBJECT(.\Output\UART
                    -Hardware.obj)

stmt level    source

   1          /************************************************************************
   2          *作    者:温子祺 邮箱:k125008301@126.com
   3          *文    件:UARTHardware.c
   4          --------------------------------------------------------------
   5          *说    明:定义串口硬件抽象层
   6          *修改日期:2009/12/16
   7          --------------------------------------------------------------
   8          *创建日期:2009/11/30
   9          *说    明:
  10          --------------------------------------------------------------
  11          *************************************************************************/
  12          #include "Board.h"
  13          #include "Global.h"
  14          #include "UARTHardware.h"
  15          #include "UARTInterface.h"
  16          /****************************************************************************************************
  17          *
  18          *                                      函数区
  19          * 
  20          *****************************************************************************************************/
  21          /******************************************************************
  22          *函数名称:UARTHwInit
  23          *输    入:无
  24          *输    出:无
  25          *说    明:串口 硬件层初始化
  26          *******************************************************************/
  27          void UARTHwInit(UINT16 baud)
  28          {
  29   1          baud=baud;
  30   1              SCON=0x40;
  31   1              T2CON=0x34;
  32   1              RCAP2L=0xD9;
  33   1              RCAP2H=0xFF;
  34   1              REN=1;
  35   1      }
  36          /******************************************************************
  37          *函数名称:UARTHwIRQ
  38          *输    入:无
  39          *输    出:无
  40          *说    明:串口 中断服务程序
  41          *******************************************************************/
  42          void UARTHwIRQ(void) interrupt 4
  43          {
  44   1              if(RI)
  45   1              {
  46   2                      RI=0;
  47   2      
  48   2              }
  49   1      
  50   1      
  51   1      }


MODULE INFORMATION:   STATIC OVERLAYABLE
C51 COMPILER V7.06   UARTHARDWARE                                                          05/03/2010 11:04:02 PAGE 2   

   CODE SIZE        =     21    ----
   CONSTANT SIZE    =   ----    ----
   XDATA SIZE       =   ----    ----
   PDATA SIZE       =   ----    ----
   DATA SIZE        =   ----    ----
   IDATA SIZE       =   ----    ----
   BIT SIZE         =   ----    ----
END OF MODULE INFORMATION.


C51 COMPILATION COMPLETE.  0 WARNING(S),  0 ERROR(S)
