

HI-TECH Software PICC Macro Assembler V8.05PL1
                                                      Wed Oct  7 19:50:43 2009


     1                           	processor	16F877A
     2                           	opt	pw 79
     3                           	psect	__Z49231UD_,global,delta=1
     4                           	psect	text0,local,class=CODE,delta=2
     5                           	psect	text2,local,class=CODE,delta=2
     6  0000                     
     7  0000                     
     8  0000                     
     9  0000                     
    10  0000                     
    11  0000                     
    12  0000                     
    13  0000                     
    14  0000                     
    15  0000                     
    16                           
    17                           	psect	__Z49231UD_
    18  0000                     _DelayMS$i	set	?_DelayMS
    19                           
    20                           	psect	text0
    21  07D5                     _DelayMS
    22                           ;	_j assigned to ?a_DelayMS+0
    23  0000                     _DelayMS$j	set	?a_DelayMS
    24                           ;ourhc.c: 17: unsigned int j;
    25  07D5  0183               	clrf	3	;select bank 0
    26  07D6  0822               	movf	?_DelayMS+1,w
    27  07D7  0421               	iorwf	?_DelayMS,w
    28  07D8  1903               	btfsc	3,2
    29  07D9  0008               	return
    30  07DA                     l2
    31                           ;ourhc.c: 19: {
    32                           ;ourhc.c: 20: for(j=8000;j!=0;j--);
    33  07DA  3040               	movlw	64
    34  07DB  00A3               	movwf	?a_DelayMS
    35  07DC  301F               	movlw	31
    36  07DD  00A4               	movwf	?a_DelayMS+1
    37  07DE                     l5
    38  07DE  08A3               	movf	?a_DelayMS
    39  07DF  1903               	btfsc	3,2
    40  07E0  03A4               	decf	?a_DelayMS+1
    41  07E1  03A3               	decf	?a_DelayMS
    42  07E2  0824               	movf	?a_DelayMS+1,w
    43  07E3  0423               	iorwf	?a_DelayMS,w
    44  07E4  1D03               	btfss	3,2
    45  07E5  2FDE               	goto	l5
    46                           ;ourhc.c: 21: }
    47  07E6  08A1               	movf	?_DelayMS
    48  07E7  1903               	btfsc	3,2
    49  07E8  03A2               	decf	?_DelayMS+1
    50  07E9  03A1               	decf	?_DelayMS
    51  07EA  0822               	movf	?_DelayMS+1,w
    52  07EB  0421               	iorwf	?_DelayMS,w
    53  07EC  1903               	btfsc	3,2
    54  07ED  0008               	return
    55  07EE  2FDA               	goto	l2
    56                           ;ourhc.c: 26: void main()
    57                           ;ourhc.c: 27: {
    58  07EF                     _main
    59                           ;	_k assigned to ?a_main+0
    60  0000                     _main$k	set	?a_main
    61                           ;ourhc.c: 28: unsigned char k;
    62  07EF  1683               	bsf	3,5
    63  07F0  1303               	bcf	3,6	;carry unused
    64  07F1  0188               	clrf	8	;volatile
    65  07F2                     l10
    66                           ;ourhc.c: 30: while(1)
    67                           ;ourhc.c: 31: {
    68  07F2  3001               	movlw	1
    69  07F3  1283               	bcf	3,5
    70  07F4  0088               	movwf	8	;volatile
    71                           ;ourhc.c: 33: for(k=8;k>0;k--)
    72  07F5  3008               	movlw	8
    73  07F6  00A0               	movwf	?a_main
    74  07F7                     l12
    75                           ;ourhc.c: 34: {
    76                           ;ourhc.c: 35: DelayMS(5);
    77  07F7  3005               	movlw	5
    78  07F8  00A1               	movwf	?_DelayMS
    79  07F9  01A2               	clrf	?_DelayMS+1
    80  07FA  27D5               	fcall	_DelayMS
    81                           ;ourhc.c: 36: PORTD=PORTD<<1;
    82  07FB  1003               	bcf	3,0
    83  07FC  0D88               	rlf	8	;volatile
    84                           ;ourhc.c: 37: }
    85  07FD  0BA0               	decfsz	?a_main
    86  07FE  2FF7               	goto	l12
    87  07FF  2FF2               	goto	l10
    88                           
    89                           	psect	text2
    90  0000                     
    91  0000                     
    92  0000                     
    93  0000                     
    94  0000                     
    95  0000                     
    96  0000                     
    97  0000                     
    98  0000                     
    99  0000                     
   100  0000                     
   101  0000                     
   102  0000                     
   103  0000                     
   104  0000                     
   105  0000                     
   106  0000                     
   107  0000                     
   108  0000                     
   109  0000                     
   110  0000                     
   111  0000                     
   112  0000                     
   113  0000                     
   114  0000                     
   115  0000                     
   116  0000                     
   117  0000                     
   118  0000                     
   119  0000                     
   120  0000                     
   121  0000                     
   122  0000                     
   123  0000                     
   124  0000                     
   125  0000                     
   126  0000                     
   127  0000                     
   128  0000                     
   129  0000                     
   130  0000                     
   131  0000                     
   132  0000                     
   133  0000                     
   134  0000                     
   135  0000                     
   136  0000                     
   137  0000                     
   138  0000                     
   139  0000                     
   140  0000                     
   141  0000                     
   142  0000                     
   143  0000                     
   144  0000                     
   145  0000                     
   146  0000                     
   147  0000                     
   148  0000                     
   149  0000                     
   150  0000                     
   151  0000                     
   152  0000                     
   153  0000                     
   154  0000                     
   155  0000                     
   156  0000                     
   157  0000                     
   158  0000                     
   159  0000                     
   160  0000                     
   161  0000                     
   162  0000                     
   163  0000                     
   164  0000                     
   165  0000                     
   166  0000                     
   167  0000                     
   168  0000                     
   169  0000                     
   170  0000                     
   171  0000                     
   172  0000                     
   173  0000                     
   174  0000                     
   175  0000                     
   176  0000                     
   177  0000                     
   178  0000                     
   179  0000                     
   180  0000                     
   181  0000                     
   182  0000                     
   183  0000                     
   184  0000                     
   185  0000                     
   186  0000                     
   187  0000                     
   188  0000                     
   189  0000                     
   190  0000                     
   191  0000                     
   192  0000                     
   193  0000                     
   194  0000                     
   195  0000                     
   196  0000                     
   197  0000                     
   198  0000                     
   199  0000                     
   200  0000                     
   201  0000                     
   202  0000                     
   203  0000                     
   204  0000                     
   205  0000                     
   206  0000                     
   207  0000                     
   208  0000                     
   209  0000                     
   210  0000                     
   211  0000                     
   212  0000                     
   213  0000                     
   214  0000                     
   215  0000                     
   216  0000                     
   217  0000                     
   218  0000                     
   219  0000                     
   220  0000                     
   221  0000                     
   222  0000                     
   223  0000                     
   224  0000                     
   225  0000                     
   226  0000                     
   227  0000                     
   228  0000                     
   229  0000                     
   230  0000                     
   231  0000                     
   232  0000                     
   233  0000                     
   234  0000                     
   235  0000                     
   236  0000                     
   237  0000                     
   238  0000                     
   239  0000                     
   240  0000                     
   241  0000                     
   242  0000                     
   243  0000                     
   244  0000                     
   245  0000                     
   246  0000                     
   247  0000                     
   248  0000                     
   249  0000                     
   250  0000                     
   251  0000                     
   252  0000                     
   253  0000                     
   254  0000                     
   255  0000                     
   256  0000                     
   257  0000                     
   258  0000                     
   259  0000                     
   260  0000                     
   261  0000                     
   262  0000                     
   263  0000                     
   264  0000                     
   265  0000                     
   266  0000                     
   267  0000                     
   268  0000                     
   269  0000                     
   270  0000                     
   271  0000                     
   272  0000                     
   273  0000                     
   274  0000                     
   275  0000                     
   276  0000                     
   277  0000                     
   278  0000                     
   279  0000                     
   280  0000                     
   281  0000                     
   282  0000                     
   283  0000                     
   284  0000                     
   285  0000                     
   286  0000                     
   287  0000                     
   288  0000                     
   289  0000                     
   290  0000                     
   291  0000                     
   292  0000                     
   293  0000                     
   294  0000                     
   295  0000                     
   296  0000                     
   297  0000                     
   298  0000                     
   299  0000                     
   300  0000                     
   301  0000                     
   302  0000                     
   303  0000                     
   304  0000                     
   305  0000                     
   306  0000                     
   307  0000                     
   308  0000                     
   309  0000                     
   310  0000                     
   311  0000                     
   312  0000                     
   313  0000                     
   314  0000                     
   315  0000                     
   316  0000                     
   317  0000                     
   318  0000                     
   319  0000                     
   320  0000                     
   321  0000                     
   322  0000                     
   323  0000                     
   324  0000                     
   325  0000                     
   326  0000                     
   327  0000                     
   328  0000                     
   329  0000                     
   330  0000                     
   331  0000                     
   332  0000                     
   333  0000                     
   334  0000                     
   335  0000                     
   336  0000                     
   337  0000                     
   338  0000                     
   339  0000                     
   340  0000                     
   341  0000                     
   342  0000                     
   343  0000                     
   344  0000                     
   345  0000                     
   346  0000                     
   347  0000                     
   348  0000                     
   349  0000                     
   350  0000                     
   351  0000                     
   352  0000                     
   353  0000                     
   354  0000                     
   355  0000                     
   356  0000                     
   357  0000                     
   358  0000                     
   359  0000                     
   360  0000                     
   361  0000                     
   362  0000                     
   363  0000                     
   364  0000                     
   365  0000                     


HI-TECH Software PICC Macro Assembler V8.05PL1
Symbol Table                                          Wed Oct  7 19:50:43 2009

 ?a_DelayMS 0023      ?a_main 0020           l2 07DA           l5 07DE  
        l10 07F2          l12 07F7     _DelayMS 07D5        _main 07EF  
      start 0004       status 0003    ?_DelayMS 0021  
