C51 COMPILER V7.06   LCD1602                                                               03/19/2011 11:31:42 PAGE 1   


C51 COMPILER V7.06, COMPILATION OF MODULE LCD1602
OBJECT MODULE PLACED IN LCD1602.OBJ
COMPILER INVOKED BY: C:\Keil\C51\BIN\C51.EXE LCD1602.c OPTIMIZE(SIZE) BROWSE DEBUG OBJECTEXTEND

stmt level    source

   1          /*
   2           ----------------------------------------------------
   3           *作    者：温子祺
   4           ----------------------------------------------------
   5           */
   6          #include "stc.h"
   7          #include "global.h"
   8          #include "74LS164.h"
   9          #include "LCD1602.h"
  10          /***************************************************
  11           *          大量宏定义，便于代码移植和阅读
  12           ***************************************************/
  13          #define LCD1602_LINE1         0         
  14          #define LCD1602_LINE2         1         
  15          #define LCD1602_LINE1_HEAD   0x80      
  16          #define LCD1602_LINE2_HEAD   0xC0
  17          #define LCD1602_DATA_MODE    0x38     
  18          #define LCD1602_OPEN_SCREEN  0x0C
  19          #define LCD1602_DISP_ADDRESS 0x80
  20          
  21          #define LCD1602_RS(x)      {if((x))P0_0=1;else P0_0=0;}//控制RS引脚
  22          #define LCD1602_RW(x)      {if((x))P0_1=1;else P0_1=0;}//控制RW引脚
  23          #define LCD1602_EN(x)      {if((x))P0_2=1;else P0_2=0;}//控制EN引脚
  24          #define LCD1602_PORT(x)    LS164Send((x))//写数据
  25          
  26          /*************************************************************
  27          * 函数名称:LCD1602WriteByte
  28          * 输    入:byte 数据
  29          * 输    出:无
  30          * 说    明:LCD1602 写单个字节数据
  31          **************************************************************/
  32          void LCD1602WriteByte(UINT8 byte)
  33          {
  34   1           LCD1602_PORT(byte);
  35   1           LCD1602_RS(HIGH);
  36   1           LCD1602_RW(LOW);
  37   1           LCD1602_EN(LOW);
  38   1           DelayNus(50);
  39   1           LCD1602_EN(HIGH);
  40   1      }
  41          /*************************************************************
  42          * 函数名称:LCD1602WriteCommand
  43          * 输    入:command 命令
  44          * 输    出:无
  45          * 说    明:LCD1602 写单个字节命令
  46          **************************************************************/
  47          void LCD1602WriteCommand(UINT8 command)
  48          {
  49   1           LCD1602_PORT(command);
  50   1           LCD1602_RS(LOW);       
  51   1           LCD1602_RW(LOW);
  52   1           LCD1602_EN(LOW);
  53   1           DelayNus(50);
  54   1           LCD1602_EN(HIGH);
  55   1      }
C51 COMPILER V7.06   LCD1602                                                               03/19/2011 11:31:42 PAGE 2   

  56          /*************************************************************
  57          * 函数名称:LCD1602SetXY
  58          * 输    入:x 横坐标
  59                     y 纵坐标
  60          * 输    出:无
  61          * 说    明:LCD1602 设置x，y坐标
  62          **************************************************************/
  63          void LCD1602SetXY(UINT8 x,UINT8 y)
  64          {
  65   1               UINT8 address;
  66   1      
  67   1           if(y == LCD1602_LINE1) //第一行
  68   1           {
  69   2              address=LCD1602_LINE1_HEAD+x;
  70   2           }
  71   1           else                       //第二行
  72   1           {
  73   2              address=LCD1602_LINE2_HEAD+x;
  74   2           }
  75   1               LCD1602WriteCommand(address);
  76   1      }
  77          /*************************************************************
  78          * 函数名称:LCD1602PrintfString
  79          * 输    入:x  横坐标
  80                     y  纵坐标
  81                             *s 字符串
  82          * 输    出:无
  83          * 说    明:LCD1602 打印字符串
  84          **************************************************************/
  85          UINT8 LCD1602PrintfString(UINT8 x,
  86                                    UINT8 y,
  87                                    UINT8 *s)
  88          {
  89   1           UINT8 i=0;
  90   1      
  91   1               LCD1602SetXY(x,y);
  92   1               
  93   1           while(s && *s)
  94   1           {
  95   2              LCD1602WriteByte(*s);
  96   2              s++;
  97   2              i++;
  98   2              
  99   2           }
 100   1      
 101   1           return i;
 102   1      }
 103          
 104          /*************************************************************
 105          * 函数名称:LCD1602ClearScreen
 106          * 输    入:无
 107          * 输    出:无
 108          * 说    明:LCD1602 清屏
 109          **************************************************************/ 
 110          void LCD1602ClearScreen(void)
 111          {
 112   1               LCD1602WriteCommand(0x01);//清屏命令
 113   1           DelayNus(50);
 114   1      }
 115          
 116          /*************************************************************
 117          * 函数名称:LCD1602Init
C51 COMPILER V7.06   LCD1602                                                               03/19/2011 11:31:42 PAGE 3   

 118          * 输    入:无
 119          * 输    出:无
 120          * 说    明:LCD1602 初始化
 121          **************************************************************/ 
 122          void LCD1602Init(void)
 123          {
 124   1               LCD1602ClearScreen();
 125   1           LCD1602WriteCommand(LCD1602_DATA_MODE);    //显示模式设置，设置16x2显示，5x7点阵，
 126   1                                                      //8位数据接口
 127   1           LCD1602WriteCommand(LCD1602_OPEN_SCREEN);  //开显示
 128   1           LCD1602WriteCommand(LCD1602_DISP_ADDRESS); //起始显示地址
 129   1           LCD1602ClearScreen();
 130   1      }


MODULE INFORMATION:   STATIC OVERLAYABLE
   CODE SIZE        =    144    ----
   CONSTANT SIZE    =   ----    ----
   XDATA SIZE       =   ----    ----
   PDATA SIZE       =   ----    ----
   DATA SIZE        =   ----       5
   IDATA SIZE       =   ----    ----
   BIT SIZE         =   ----    ----
END OF MODULE INFORMATION.


C51 COMPILATION COMPLETE.  0 WARNING(S),  0 ERROR(S)
