Sunplus u'nSP Assembler - Ver. 1.8.0
              Listing File Has Been Relocated
                            	
                            	// Resource Table
                            	// Created by IDE, Do not modify this table
                            	
00008029                    	.TEXT
                            	.public _RES_Table;
                            	.external __RES_A32_16K_A20_sa
                            	.public _RES_A32_16K_A20_SA;
                            	.external __RES_A32_16K_A20_ea;
                            	.public _RES_A32_16K_A20_EA;
                            	
                            	
                            	_RES_Table:
                            	
                            	_RES_A32_16K_A20_SA:
00008029 6C 8E 00 00        		.DW offset __RES_A32_16K_A20_sa,seg __RES_A32_16K_A20_sa;
                            	_RES_A32_16K_A20_EA:
0000802B 1F EA 00 00        		.DW offset __RES_A32_16K_A20_ea,seg __RES_A32_16K_A20_ea;
                            	
                            	
                            	// End Table
                            	.PUBLIC T_SACM_A2000_SpeechTable
                            	T_SACM_A2000_SpeechTable:
0000802D 29 80              	.DW _RES_A32_16K_A20_SA
0 error(s), 0 warning(s).

