C51 COMPILER V8.05a   DDZZ                                                                 03/27/2009 14:25:25 PAGE 1   


C51 COMPILER V8.05a, COMPILATION OF MODULE DDZZ
OBJECT MODULE PLACED IN ddzz.OBJ
COMPILER INVOKED BY: D:\Program Files\C51\BIN\C51.EXE ddzz.c BROWSE DEBUG OBJECTEXTEND

line level    source

   1          
   2          ////////////////////////汇诚科技////////////////////
   3          //////////////////http://www.ourhc.cn///////////////
   4          ///////////////////步进电机正转调试程序/////////////
   5          
   6          #include<reg52.h>  
   7          
   8          /*****P1.0=A ;P1.1=B ;P1.2=B' ; P1.3=A'****/ 
   9          code unsigned char run[8]={0x0e,0x0c,0x0d,0x09,0x0b,0x03,0x07,0x06};  //两相四线八拍工作方式
  10          unsigned char s,i,j,k;
  11          
  12          void delay(i)//延时函数
  13          {
  14   1      for(j=0;j<i;j++)
  15   1      for(k=0;k<250;k++);
  16   1      }
  17          main()
  18          {
  19   1      unsigned char z,y;
  20   1      y=30;       //定义延时时间，时间越长电机转速越慢反之则快
  21   1      while(1)
  22   1      {
  23   2      for(z=0;z<8;z++)  //改变数组的长度值需改变这个数字8，8为数组的长度。
  24   2      {
  25   3      P1=run[z];
  26   3      delay(y);
  27   3      }
  28   2      }
  29   1      }


MODULE INFORMATION:   STATIC OVERLAYABLE
   CODE SIZE        =     55    ----
   CONSTANT SIZE    =      8    ----
   XDATA SIZE       =   ----    ----
   PDATA SIZE       =   ----    ----
   DATA SIZE        =      4    ----
   IDATA SIZE       =   ----    ----
   BIT SIZE         =   ----    ----
END OF MODULE INFORMATION.


C51 COMPILATION COMPLETE.  0 WARNING(S),  0 ERROR(S)
