Sunplus u'nSP Assembler - Ver. 1.8.0
              Listing File Has Been Relocated
                            	// GCC for SUNPLUS u'nSP version 1.0.10
                            	// Command: E:\PROGRA~1\Sunplus\UNSPID~3\IDE180\cc1.exe C:\DOCUME~1\˔Ȼ˚.DOMAIN\LOCALS~1\Temp\ccItaaaa.i -fkeep-inline-functions -quiet -dumpbase main.c -gstabs -o .\Debug/main.asm
                            	// gcc2_compiled.:
                            	
00008E34                    	.code
                            	Ltext0:
00000000                    	.debug
00000000 2E 00 73 00        		.dw '.stabs "int:t1=r1;-32768;32767;",128,0,0,0',0x0d,0x0a
         74 00 61 00
         62 00 73 00
         20 00 22 00
         69 00 6E 00
         74 00 3A 00
         74 00 31 00
         3D 00 72 00
         31 00 3B 00
         2D 00 33 00
         32 00 37 00
         36 00 38 00
         3B 00 33 00
         32 00 37 00
         36 00 37 00
         3B 00 22 00
         2C 00 31 00
         32 00 38 00
         2C 00 30 00
         2C 00 30 00
         2C 00 30 00
         0D 00 0A 00
00008E34                    	.CODE
0000002C                    	.debug
0000002C 2E 00 73 00        		.dw '.stabs "char:t2=r2;0;127;",128,0,0,0',0x0d,0x0a
         74 00 61 00
         62 00 73 00
         20 00 22 00
         63 00 68 00
         61 00 72 00
         3A 00 74 00
         32 00 3D 00
         72 00 32 00
         3B 00 30 00
         3B 00 31 00
         32 00 37 00
         3B 00 22 00
         2C 00 31 00
         32 00 38 00
         2C 00 30 00
         2C 00 30 00
         2C 00 30 00
         0D 00 0A 00
00008E34                    	.CODE
00000052                    	.debug
00000052 2E 00 73 00        		.dw '.stabs "long int:t3=r3;-2147483648;2147483647;",128,0,0,0',0x0d,0x0a
         74 00 61 00
         62 00 73 00
         20 00 22 00
         6C 00 6F 00
         6E 00 67 00
         20 00 69 00
         6E 00 74 00
         3A 00 74 00
         33 00 3D 00
         72 00 33 00
         3B 00 2D 00
         32 00 31 00
         34 00 37 00
         34 00 38 00
         33 00 36 00
         34 00 38 00
         3B 00 32 00
         31 00 34 00
         37 00 34 00
         38 00 33 00
         36 00 34 00
         37 00 3B 00
         22 00 2C 00
         31 00 32 00
         38 00 2C 00
         30 00 2C 00
         30 00 2C 00
         30 00 0D 00
         0A 00      
00008E34                    	.CODE
0000008D                    	.debug
0000008D 2E 00 73 00        		.dw '.stabs "unsigned int:t4=r4;0;65535;",128,0,0,0',0x0d,0x0a
         74 00 61 00
         62 00 73 00
         20 00 22 00
         75 00 6E 00
         73 00 69 00
         67 00 6E 00
         65 00 64 00
         20 00 69 00
         6E 00 74 00
         3A 00 74 00
         34 00 3D 00
         72 00 34 00
         3B 00 30 00
         3B 00 36 00
         35 00 35 00
         33 00 35 00
         3B 00 22 00
         2C 00 31 00
         32 00 38 00
         2C 00 30 00
         2C 00 30 00
         2C 00 30 00
         0D 00 0A 00
00008E34                    	.CODE
000000BD                    	.debug
000000BD 2E 00 73 00        		.dw '.stabs "long unsigned int:t5=r5;0;4294967295;",128,0,0,0',0x0d,0x0a
         74 00 61 00
         62 00 73 00
         20 00 22 00
         6C 00 6F 00
         6E 00 67 00
         20 00 75 00
         6E 00 73 00
         69 00 67 00
         6E 00 65 00
         64 00 20 00
         69 00 6E 00
         74 00 3A 00
         74 00 35 00
         3D 00 72 00
         35 00 3B 00
         30 00 3B 00
         34 00 32 00
         39 00 34 00
         39 00 36 00
         37 00 32 00
         39 00 35 00
         3B 00 22 00
         2C 00 31 00
         32 00 38 00
         2C 00 30 00
         2C 00 30 00
         2C 00 30 00
         0D 00 0A 00
00008E34                    	.CODE
000000F7                    	.debug
000000F7 2E 00 73 00        		.dw '.stabs "long long int:t6=r6;-2147483648;2147483647;",128,0,0,0',0x0d,0x0a
         74 00 61 00
         62 00 73 00
         20 00 22 00
         6C 00 6F 00
         6E 00 67 00
         20 00 6C 00
         6F 00 6E 00
         67 00 20 00
         69 00 6E 00
         74 00 3A 00
         74 00 36 00
         3D 00 72 00
         36 00 3B 00
         2D 00 32 00
         31 00 34 00
         37 00 34 00
         38 00 33 00
         36 00 34 00
         38 00 3B 00
         32 00 31 00
         34 00 37 00
         34 00 38 00
         33 00 36 00
         34 00 37 00
         3B 00 22 00
         2C 00 31 00
         32 00 38 00
         2C 00 30 00
         2C 00 30 00
         2C 00 30 00
         0D 00 0A 00
00008E34                    	.CODE
00000137                    	.debug
00000137 2E 00 73 00        		.dw '.stabs "long long unsigned int:t7=r7;0;4294967295;",128,0,0,0',0x0d,0x0a
         74 00 61 00
         62 00 73 00
         20 00 22 00
         6C 00 6F 00
         6E 00 67 00
         20 00 6C 00
         6F 00 6E 00
         67 00 20 00
         75 00 6E 00
         73 00 69 00
         67 00 6E 00
         65 00 64 00
         20 00 69 00
         6E 00 74 00
         3A 00 74 00
         37 00 3D 00
         72 00 37 00
         3B 00 30 00
         3B 00 34 00
         32 00 39 00
         34 00 39 00
         36 00 37 00
         32 00 39 00
         35 00 3B 00
         22 00 2C 00
         31 00 32 00
         38 00 2C 00
         30 00 2C 00
         30 00 2C 00
         30 00 0D 00
         0A 00      
00008E34                    	.CODE
00000176                    	.debug
00000176 2E 00 73 00        		.dw '.stabs "short int:t8=r8;-32768;32767;",128,0,0,0',0x0d,0x0a
         74 00 61 00
         62 00 73 00
         20 00 22 00
         73 00 68 00
         6F 00 72 00
         74 00 20 00
         69 00 6E 00
         74 00 3A 00
         74 00 38 00
         3D 00 72 00
         38 00 3B 00
         2D 00 33 00
         32 00 37 00
         36 00 38 00
         3B 00 33 00
         32 00 37 00
         36 00 37 00
         3B 00 22 00
         2C 00 31 00
         32 00 38 00
         2C 00 30 00
         2C 00 30 00
         2C 00 30 00
         0D 00 0A 00
00008E34                    	.CODE
000001A8                    	.debug
000001A8 2E 00 73 00        		.dw '.stabs "short unsigned int:t9=r9;0;65535;",128,0,0,0',0x0d,0x0a
         74 00 61 00
         62 00 73 00
         20 00 22 00
         73 00 68 00
         6F 00 72 00
         74 00 20 00
         75 00 6E 00
         73 00 69 00
         67 00 6E 00
         65 00 64 00
         20 00 69 00
         6E 00 74 00
         3A 00 74 00
         39 00 3D 00
         72 00 39 00
         3B 00 30 00
         3B 00 36 00
         35 00 35 00
         33 00 35 00
         3B 00 22 00
         2C 00 31 00
         32 00 38 00
         2C 00 30 00
         2C 00 30 00
         2C 00 30 00
         0D 00 0A 00
00008E34                    	.CODE
000001DE                    	.debug
000001DE 2E 00 73 00        		.dw '.stabs "signed char:t10=r10;-32768;32767;",128,0,0,0',0x0d,0x0a
         74 00 61 00
         62 00 73 00
         20 00 22 00
         73 00 69 00
         67 00 6E 00
         65 00 64 00
         20 00 63 00
         68 00 61 00
         72 00 3A 00
         74 00 31 00
         30 00 3D 00
         72 00 31 00
         30 00 3B 00
         2D 00 33 00
         32 00 37 00
         36 00 38 00
         3B 00 33 00
         32 00 37 00
         36 00 37 00
         3B 00 22 00
         2C 00 31 00
         32 00 38 00
         2C 00 30 00
         2C 00 30 00
         2C 00 30 00
         0D 00 0A 00
00008E34                    	.CODE
00000214                    	.debug
00000214 2E 00 73 00        		.dw '.stabs "unsigned char:t11=r11;0;65535;",128,0,0,0',0x0d,0x0a
         74 00 61 00
         62 00 73 00
         20 00 22 00
         75 00 6E 00
         73 00 69 00
         67 00 6E 00
         65 00 64 00
         20 00 63 00
         68 00 61 00
         72 00 3A 00
         74 00 31 00
         31 00 3D 00
         72 00 31 00
         31 00 3B 00
         30 00 3B 00
         36 00 35 00
         35 00 33 00
         35 00 3B 00
         22 00 2C 00
         31 00 32 00
         38 00 2C 00
         30 00 2C 00
         30 00 2C 00
         30 00 0D 00
         0A 00      
00008E34                    	.CODE
00000247                    	.debug
00000247 2E 00 73 00        		.dw '.stabs "float:t12=r1;2;0;",128,0,0,0',0x0d,0x0a
         74 00 61 00
         62 00 73 00
         20 00 22 00
         66 00 6C 00
         6F 00 61 00
         74 00 3A 00
         74 00 31 00
         32 00 3D 00
         72 00 31 00
         3B 00 32 00
         3B 00 30 00
         3B 00 22 00
         2C 00 31 00
         32 00 38 00
         2C 00 30 00
         2C 00 30 00
         2C 00 30 00
         0D 00 0A 00
00008E34                    	.CODE
0000026D                    	.debug
0000026D 2E 00 73 00        		.dw '.stabs "double:t13=r1;2;0;",128,0,0,0',0x0d,0x0a
         74 00 61 00
         62 00 73 00
         20 00 22 00
         64 00 6F 00
         75 00 62 00
         6C 00 65 00
         3A 00 74 00
         31 00 33 00
         3D 00 72 00
         31 00 3B 00
         32 00 3B 00
         30 00 3B 00
         22 00 2C 00
         31 00 32 00
         38 00 2C 00
         30 00 2C 00
         30 00 2C 00
         30 00 0D 00
         0A 00      
00008E34                    	.CODE
00000294                    	.debug
00000294 2E 00 73 00        		.dw '.stabs "long double:t14=r1;2;0;",128,0,0,0',0x0d,0x0a
         74 00 61 00
         62 00 73 00
         20 00 22 00
         6C 00 6F 00
         6E 00 67 00
         20 00 64 00
         6F 00 75 00
         62 00 6C 00
         65 00 3A 00
         74 00 31 00
         34 00 3D 00
         72 00 31 00
         3B 00 32 00
         3B 00 30 00
         3B 00 22 00
         2C 00 31 00
         32 00 38 00
         2C 00 30 00
         2C 00 30 00
         2C 00 30 00
         0D 00 0A 00
00008E34                    	.CODE
000002C0                    	.debug
000002C0 2E 00 73 00        		.dw '.stabs "complex int:t15=s2real:1,0,16;imag:1,16,16;;",128,0,0,0',0x0d,0x0a
         74 00 61 00
         62 00 73 00
         20 00 22 00
         63 00 6F 00
         6D 00 70 00
         6C 00 65 00
         78 00 20 00
         69 00 6E 00
         74 00 3A 00
         74 00 31 00
         35 00 3D 00
         73 00 32 00
         72 00 65 00
         61 00 6C 00
         3A 00 31 00
         2C 00 30 00
         2C 00 31 00
         36 00 3B 00
         69 00 6D 00
         61 00 67 00
         3A 00 31 00
         2C 00 31 00
         36 00 2C 00
         31 00 36 00
         3B 00 3B 00
         22 00 2C 00
         31 00 32 00
         38 00 2C 00
         30 00 2C 00
         30 00 2C 00
         30 00 0D 00
         0A 00      
00008E34                    	.CODE
00000301                    	.debug
00000301 2E 00 73 00        		.dw '.stabs "complex float:t16=r16;2;0;",128,0,0,0',0x0d,0x0a
         74 00 61 00
         62 00 73 00
         20 00 22 00
         63 00 6F 00
         6D 00 70 00
         6C 00 65 00
         78 00 20 00
         66 00 6C 00
         6F 00 61 00
         74 00 3A 00
         74 00 31 00
         36 00 3D 00
         72 00 31 00
         36 00 3B 00
         32 00 3B 00
         30 00 3B 00
         22 00 2C 00
         31 00 32 00
         38 00 2C 00
         30 00 2C 00
         30 00 2C 00
         30 00 0D 00
         0A 00      
00008E34                    	.CODE
00000330                    	.debug
00000330 2E 00 73 00        		.dw '.stabs "complex double:t17=r17;2;0;",128,0,0,0',0x0d,0x0a
         74 00 61 00
         62 00 73 00
         20 00 22 00
         63 00 6F 00
         6D 00 70 00
         6C 00 65 00
         78 00 20 00
         64 00 6F 00
         75 00 62 00
         6C 00 65 00
         3A 00 74 00
         31 00 37 00
         3D 00 72 00
         31 00 37 00
         3B 00 32 00
         3B 00 30 00
         3B 00 22 00
         2C 00 31 00
         32 00 38 00
         2C 00 30 00
         2C 00 30 00
         2C 00 30 00
         0D 00 0A 00
00008E34                    	.CODE
00000360                    	.debug
00000360 2E 00 73 00        		.dw '.stabs "complex long double:t18=r18;2;0;",128,0,0,0',0x0d,0x0a
         74 00 61 00
         62 00 73 00
         20 00 22 00
         63 00 6F 00
         6D 00 70 00
         6C 00 65 00
         78 00 20 00
         6C 00 6F 00
         6E 00 67 00
         20 00 64 00
         6F 00 75 00
         62 00 6C 00
         65 00 3A 00
         74 00 31 00
         38 00 3D 00
         72 00 31 00
         38 00 3B 00
         32 00 3B 00
         30 00 3B 00
         22 00 2C 00
         31 00 32 00
         38 00 2C 00
         30 00 2C 00
         30 00 2C 00
         30 00 0D 00
         0A 00      
00008E34                    	.CODE
00000395                    	.debug
00000395 2E 00 73 00        		.dw '.stabs "void:t19=19",128,0,0,0',0x0d,0x0a
         74 00 61 00
         62 00 73 00
         20 00 22 00
         76 00 6F 00
         69 00 64 00
         3A 00 74 00
         31 00 39 00
         3D 00 31 00
         39 00 22 00
         2C 00 31 00
         32 00 38 00
         2C 00 30 00
         2C 00 30 00
         2C 00 30 00
         0D 00 0A 00
00008E34                    	.CODE
00008E34                    	.code
000003B5                    	.debug
000003B5 2E 00 73 00        		.dw '.stabs "main:F1",36,0,0,',0,0,offset _main,seg _main,0x0d,0x0a
         74 00 61 00
         62 00 73 00
         20 00 22 00
         6D 00 61 00
         69 00 6E 00
         3A 00 46 00
         31 00 22 00
         2C 00 33 00
         36 00 2C 00
         30 00 2C 00
         30 00 2C 00
         00 00 00 00
         00 00 00 00
         0D 00 0A 00
00008E34                    	.CODE
                            	.public _main
                            	_main:	.proc
000003D3                    	.debug
000003D3 2E 00 73 00        		.dw '.stabn 0x44,0,9,',0,0
         74 00 61 00
         62 00 6E 00
         20 00 30 00
         78 00 34 00
         34 00 2C 00
         30 00 2C 00
         39 00 2C 00
         00 00 00 00
000003E5 00 00 00 00        		.dd LM1-_main
000003E7 0D 00 0A 00        		.dw 0x0d,0x0a
00008E34                    	.code
                            	LM1:
                            		// total=4, vars=4
                            		// frame_pointer_needed: 1
00008E34 88 DA              		push bp to [sp]
00008E35 44 20              		sp-=4
00008E36 08 0B 01 00        		bp=sp+1
                            	
00008E38 0D 03 07 00        		R1=BP+7
00008E3A 03 D2              		[bp+3]=R1	// QImode move
000003E9                    	.debug
000003E9 2E 00 73 00        		.dw '.stabn 0x44,0,10,',0,0
         74 00 61 00
         62 00 6E 00
         20 00 30 00
         78 00 34 00
         34 00 2C 00
         30 00 2C 00
         31 00 30 00
         2C 00 00 00
         00 00      
000003FC 07 00 00 00        		.dd LM2-_main
000003FE 0D 00 0A 00        		.dw 0x0d,0x0a
00008E3B                    	.code
                            	LM2:
                            	LBB2:
00000400                    	.debug
00000400 2E 00 73 00        		.dw '.stabn 0x44,0,12,',0,0
         74 00 61 00
         62 00 6E 00
         20 00 30 00
         78 00 34 00
         34 00 2C 00
         30 00 2C 00
         31 00 32 00
         2C 00 00 00
         00 00      
00000413 07 00 00 00        		.dd LM3-_main
00000415 0D 00 0A 00        		.dw 0x0d,0x0a
00008E3B                    	.code
                            	LM3:
00008E3B 05 93              		R1=BP	// QImode move
00008E3C 0D 05 02 00        		R2=BP+2
00008E3E 40 92              		R1=0	// QImode move
00008E3F 02 97              		R3=R2	// QImode move
00008E40 C3 D2              		[R3]=R1	// QImode move
00000417                    	.debug
00000417 2E 00 73 00        		.dw '.stabn 0x44,0,14,',0,0
         74 00 61 00
         62 00 6E 00
         20 00 30 00
         78 00 34 00
         34 00 2C 00
         30 00 2C 00
         31 00 34 00
         2C 00 00 00
         00 00      
0000042A 0D 00 00 00        		.dd LM4-_main
0000042C 0D 00 0A 00        		.dw 0x0d,0x0a
00008E41                    	.code
                            	LM4:
00008E41 11 93 71 80        		R1=[_RES_D1_24K_SA]	// HImode RD=[Label]
00008E43 12 95 72 80        		R2=[_RES_D1_24K_SA+1]
00008E45 D5 D2              		[BP++]=R1	// [RD]=RS HImode, RD!=RS+1
00008E46 CD D4              		[BP--]=R2
0000042E                    	.debug
0000042E 2E 00 73 00        		.dw '.stabn 0x44,0,16,',0,0
         74 00 61 00
         62 00 6E 00
         20 00 30 00
         78 00 34 00
         34 00 2C 00
         30 00 2C 00
         31 00 36 00
         2C 00 00 00
         00 00      
00000441 13 00 00 00        		.dd LM5-_main
00000443 0D 00 0A 00        		.dw 0x0d,0x0a
00008E47                    	.code
                            	LM5:
00008E47 40 92              		R1=0	// QImode move
00008E48 C8 D2              		[SP--]=R1	// QImode move
00008E49 40 F0 93 80        		call _SACM_A2000_Initial	// call with return value
00008E4B 41 00              		SP=SP+1
00000445                    	.debug
00000445 2E 00 73 00        		.dw '.stabn 0x44,0,18,',0,0
         74 00 61 00
         62 00 6E 00
         20 00 30 00
         78 00 34 00
         34 00 2C 00
         30 00 2C 00
         31 00 38 00
         2C 00 00 00
         00 00      
00000458 18 00 00 00        		.dd LM6-_main
0000045A 0D 00 0A 00        		.dw 0x0d,0x0a
00008E4C                    	.code
                            	LM6:
00008E4C 41 92              		R1=1	// QImode move
00008E4D C8 D2              		[SP--]=R1	// QImode move
00008E4E 40 F0 10 82        		call _SACM_A2000_InitDecoder	// call with return value
00008E50 41 00              		SP=SP+1
0000045C                    	.debug
0000045C 2E 00 73 00        		.dw '.stabn 0x44,0,20,',0,0
         74 00 61 00
         62 00 6E 00
         20 00 30 00
         78 00 34 00
         34 00 2C 00
         30 00 2C 00
         32 00 30 00
         2C 00 00 00
         00 00      
0000046F 1D 00 00 00        		.dd LM7-_main
00000471 0D 00 0A 00        		.dw 0x0d,0x0a
00008E51                    	.code
                            	LM7:
                            	L3:
00008E51 0F 9F 55 8E        		pc=L5	// jump
00008E53 0F 9F 8F 8E        		pc=L4	// jump
                            	L5:
00000473                    	.debug
00000473 2E 00 73 00        		.dw '.stabn 0x44,0,22,',0,0
         74 00 61 00
         62 00 6E 00
         20 00 30 00
         78 00 34 00
         34 00 2C 00
         30 00 2C 00
         32 00 32 00
         2C 00 00 00
         00 00      
00000486 21 00 00 00        		.dd LM8-_main
00000488 0D 00 0A 00        		.dw 0x0d,0x0a
00008E55                    	.code
                            	LM8:
                            	LBB3:
00008E55 41 92              		R1=1	// QImode move
00008E56 19 D3 12 70        		[28690]=R1	// QImode move
0000048A                    	.debug
0000048A 2E 00 73 00        		.dw '.stabn 0x44,0,23,',0,0
         74 00 61 00
         62 00 6E 00
         20 00 30 00
         78 00 34 00
         34 00 2C 00
         30 00 2C 00
         32 00 33 00
         2C 00 00 00
         00 00      
0000049D 24 00 00 00        		.dd LM9-_main
0000049F 0D 00 0A 00        		.dw 0x0d,0x0a
00008E58                    	.code
                            	LM9:
00008E58 40 F0 56 82        		call _SACM_A2000_TestQueue	// call with return value
00008E5A 41 42              		CMP R1,1	// QImode compare
00008E5B 02 4E              		JNZ L9	// QImode EQ
00008E5C 0F 9F 7A 8E        		PC=L6
                            	L9:
000004A1                    	.debug
000004A1 2E 00 73 00        		.dw '.stabn 0x44,0,25,',0,0
         74 00 61 00
         62 00 6E 00
         20 00 30 00
         78 00 34 00
         34 00 2C 00
         30 00 2C 00
         32 00 35 00
         2C 00 00 00
         00 00      
000004B4 2A 00 00 00        		.dd LM10-_main
000004B6 0D 00 0A 00        		.dw 0x0d,0x0a
00008E5E                    	.code
                            	LM10:
                            	LBB4:
00008E5E D5 92              		R1=[BP++]	// RD=[RS] HImode, RD!=RS
00008E5F CD 94              		R2=[BP--]
00008E60 90 D4              		push R1,R2 to [sp]	// pushhi
00008E61 40 F0 25 8E        		call _SP_GetResource	// call with return value
00008E63 42 00              		SP=SP+2
00008E64 05 95              		R2=BP	// QImode move
00008E65 0D 07 02 00        		R3=BP+2
00008E67 03 95              		R2=R3	// QImode move
00008E68 C2 D2              		[R2]=R1	// QImode move
000004B8                    	.debug
000004B8 2E 00 73 00        		.dw '.stabn 0x44,0,26,',0,0
         74 00 61 00
         62 00 6E 00
         20 00 30 00
         78 00 34 00
         34 00 2C 00
         30 00 2C 00
         32 00 36 00
         2C 00 00 00
         00 00      
000004CB 35 00 00 00        		.dd LM11-_main
000004CD 0D 00 0A 00        		.dw 0x0d,0x0a
00008E69                    	.code
                            	LM11:
00008E69 05 93              		R1=BP	// QImode move
00008E6A 0D 05 02 00        		R2=BP+2
00008E6C 02 97              		R3=R2	// QImode move
00008E6D C3 92              		R1=[R3]	// QImode move
00008E6E C8 D2              		[SP--]=R1	// QImode move
00008E6F 40 F0 4E 82        		call _SACM_A2000_FillQueue	// call with return value
00008E71 41 00              		SP=SP+1
000004CF                    	.debug
000004CF 2E 00 73 00        		.dw '.stabn 0x44,0,27,',0,0
         74 00 61 00
         62 00 6E 00
         20 00 30 00
         78 00 34 00
         34 00 2C 00
         30 00 2C 00
         32 00 37 00
         2C 00 00 00
         00 00      
000004E2 3E 00 00 00        		.dd LM12-_main
000004E4 0D 00 0A 00        		.dw 0x0d,0x0a
00008E72                    	.code
                            	LM12:
00008E72 D5 92              		R1=[BP++]	// RD=[RS] HImode, RD!=RS
00008E73 CD 94              		R2=[BP--]
00008E74 09 07 01 00        		R3=R1+1	// HImode RD=RS+#IMM16
00008E76 0A 19 00 00        		R4=R2+0, Carry
00008E78 D5 D6              		[BP++]=R3	// [RD]=RS HImode, RD!=RS+1
00008E79 CD D8              		[BP--]=R4
000004E6                    	.debug
000004E6 2E 00 73 00        		.dw '.stabn 0x44,0,28,',0,0
         74 00 61 00
         62 00 6E 00
         20 00 30 00
         78 00 34 00
         34 00 2C 00
         30 00 2C 00
         32 00 38 00
         2C 00 00 00
         00 00      
000004F9 46 00 00 00        		.dd LM13-_main
000004FB 0D 00 0A 00        		.dw 0x0d,0x0a
00008E7A                    	.code
                            	LM13:
                            	LBE4:
                            	L6:
000004FD                    	.debug
000004FD 2E 00 73 00        		.dw '.stabn 0x44,0,30,',0,0
         74 00 61 00
         62 00 6E 00
         20 00 30 00
         78 00 34 00
         34 00 2C 00
         30 00 2C 00
         33 00 30 00
         2C 00 00 00
         00 00      
00000510 46 00 00 00        		.dd LM14-_main
00000512 0D 00 0A 00        		.dw 0x0d,0x0a
00008E7A                    	.code
                            	LM14:
00008E7A D5 92              		R1=[BP++]	// RD=[RS] HImode, RD!=RS
00008E7B CD 94              		R2=[BP--]
00008E7C 13 97 73 80        		R3=[_RES_D1_24K_EA]	// HImode RD=[Label]
00008E7E 14 99 74 80        		R4=[_RES_D1_24K_EA+1]
00008E80 04 45              		CMP R2,R4	// HImode compare
00008E81 05 3E              		JL  L11	// HImode GE
00008E82 02 4E              		JNZ L10
00008E83 03 43              		CMP R1,R3
00008E84 02 0E              		JB  L11
                            	L10:
00008E85 0F 9F 8B 8E        		PC=L7
                            	L11:
00000514                    	.debug
00000514 2E 00 73 00        		.dw '.stabn 0x44,0,31,',0,0
         74 00 61 00
         62 00 6E 00
         20 00 30 00
         78 00 34 00
         34 00 2C 00
         30 00 2C 00
         33 00 31 00
         2C 00 00 00
         00 00      
00000527 53 00 00 00        		.dd LM15-_main
00000529 0D 00 0A 00        		.dw 0x0d,0x0a
00008E87                    	.code
                            	LM15:
00008E87 40 F0 E9 82        		call _SACM_A2000_Decoder	// call with return value
00008E89 0F 9F 8D 8E        		pc=L8	// jump
                            	L7:
0000052B                    	.debug
0000052B 2E 00 73 00        		.dw '.stabn 0x44,0,33,',0,0
         74 00 61 00
         62 00 6E 00
         20 00 30 00
         78 00 34 00
         34 00 2C 00
         30 00 2C 00
         33 00 33 00
         2C 00 00 00
         00 00      
0000053E 57 00 00 00        		.dd LM16-_main
00000540 0D 00 0A 00        		.dw 0x0d,0x0a
00008E8B                    	.code
                            	LM16:
00008E8B 40 F0 AA 81        		call _SACM_A2000_Stop	// call with return value
                            	L8:
00000542                    	.debug
00000542 2E 00 73 00        		.dw '.stabn 0x44,0,34,',0,0
         74 00 61 00
         62 00 6E 00
         20 00 30 00
         78 00 34 00
         34 00 2C 00
         30 00 2C 00
         33 00 34 00
         2C 00 00 00
         00 00      
00000555 59 00 00 00        		.dd LM17-_main
00000557 0D 00 0A 00        		.dw 0x0d,0x0a
00008E8D                    	.code
                            	LM17:
                            	LBE3:
00008E8D 0F 9F 51 8E        		pc=L3	// jump
                            	L4:
00000559                    	.debug
00000559 2E 00 73 00        		.dw '.stabn 0x44,0,35,',0,0
         74 00 61 00
         62 00 6E 00
         20 00 30 00
         78 00 34 00
         34 00 2C 00
         30 00 2C 00
         33 00 35 00
         2C 00 00 00
         00 00      
0000056C 5B 00 00 00        		.dd LM18-_main
0000056E 0D 00 0A 00        		.dw 0x0d,0x0a
00008E8F                    	.code
                            	LM18:
                            	LBE2:
00000570                    	.debug
00000570 2E 00 73 00        		.dw '.stabn 0x44,0,35,',0,0
         74 00 61 00
         62 00 6E 00
         20 00 30 00
         78 00 34 00
         34 00 2C 00
         30 00 2C 00
         33 00 35 00
         2C 00 00 00
         00 00      
00000583 5B 00 00 00        		.dd LM19-_main
00000585 0D 00 0A 00        		.dw 0x0d,0x0a
00008E8F                    	.code
                            	LM19:
                            	L2:
                            	
00008E8F 44 00              		sp+=4
00008E90 88 98              		pop bp from [sp]
00008E91 90 9A              		retf
                            		.endp	// end of main
                            	
00000587                    	.debug
00000587 2E 00 73 00        		.dw '.stabn 0xc0,0,0,',0,0
         74 00 61 00
         62 00 6E 00
         20 00 30 00
         78 00 63 00
         30 00 2C 00
         30 00 2C 00
         30 00 2C 00
         00 00 00 00
00000599 07 00 00 00        		.dd LBB2-_main
0000059B 0D 00 0A 00        		.dw 0x0d,0x0a
00008E92                    	.code
0000059D                    	.debug
0000059D 2E 00 73 00        		.dw '.stabs "Addr:3",128,0,0,0',0x0d,0x0a
         74 00 61 00
         62 00 73 00
         20 00 22 00
         41 00 64 00
         64 00 72 00
         3A 00 33 00
         22 00 2C 00
         31 00 32 00
         38 00 2C 00
         30 00 2C 00
         30 00 2C 00
         30 00 0D 00
         0A 00      
00008E92                    	.CODE
000005B8                    	.debug
000005B8 2E 00 73 00        		.dw '.stabs "Ret:1",128,0,0,2',0x0d,0x0a
         74 00 61 00
         62 00 73 00
         20 00 22 00
         52 00 65 00
         74 00 3A 00
         31 00 22 00
         2C 00 31 00
         32 00 38 00
         2C 00 30 00
         2C 00 30 00
         2C 00 32 00
         0D 00 0A 00
00008E92                    	.CODE
000005D2                    	.debug
000005D2 2E 00 73 00        		.dw '.stabn 0xc0,0,0,',0,0
         74 00 61 00
         62 00 6E 00
         20 00 30 00
         78 00 63 00
         30 00 2C 00
         30 00 2C 00
         30 00 2C 00
         00 00 00 00
000005E4 21 00 00 00        		.dd LBB3-_main
000005E6 0D 00 0A 00        		.dw 0x0d,0x0a
00008E92                    	.code
000005E8                    	.debug
000005E8 2E 00 73 00        		.dw '.stabn 0xc0,0,0,',0,0
         74 00 61 00
         62 00 6E 00
         20 00 30 00
         78 00 63 00
         30 00 2C 00
         30 00 2C 00
         30 00 2C 00
         00 00 00 00
000005FA 2A 00 00 00        		.dd LBB4-_main
000005FC 0D 00 0A 00        		.dw 0x0d,0x0a
00008E92                    	.code
000005FE                    	.debug
000005FE 2E 00 73 00        		.dw '.stabn 0xe0,0,0,',0,0
         74 00 61 00
         62 00 6E 00
         20 00 30 00
         78 00 65 00
         30 00 2C 00
         30 00 2C 00
         30 00 2C 00
         00 00 00 00
00000610 46 00 00 00        		.dd LBE4-_main
00000612 0D 00 0A 00        		.dw 0x0d,0x0a
00008E92                    	.code
00000614                    	.debug
00000614 2E 00 73 00        		.dw '.stabn 0xe0,0,0,',0,0
         74 00 61 00
         62 00 6E 00
         20 00 30 00
         78 00 65 00
         30 00 2C 00
         30 00 2C 00
         30 00 2C 00
         00 00 00 00
00000626 59 00 00 00        		.dd LBE3-_main
00000628 0D 00 0A 00        		.dw 0x0d,0x0a
00008E92                    	.code
0000062A                    	.debug
0000062A 2E 00 73 00        		.dw '.stabn 0xe0,0,0,',0,0
         74 00 61 00
         62 00 6E 00
         20 00 30 00
         78 00 65 00
         30 00 2C 00
         30 00 2C 00
         30 00 2C 00
         00 00 00 00
0000063C 5B 00 00 00        		.dd LBE2-_main
0000063E 0D 00 0A 00        		.dw 0x0d,0x0a
00008E92                    	.code
00000640                    	.debug
00000640 2E 00 73 00        		.dw '.stabf ',0,0
         74 00 61 00
         62 00 66 00
         20 00 00 00
         00 00      
00000649 5E 00 00 00        		.dd LME1-_main
0000064B 0D 00 0A 00        		.dw 0x0d,0x0a
00008E92                    	.code
                            	LME1:
                            	.external _SACM_A2000_Stop
                            	.external _SACM_A2000_Decoder
                            	.external _RES_D1_24K_EA
                            	.external _SACM_A2000_FillQueue
                            	.external _SP_GetResource
                            	.external _SACM_A2000_TestQueue
                            	.external _SACM_A2000_InitDecoder
                            	.external _SACM_A2000_Initial
                            	.external _RES_D1_24K_SA
                            		.end
0 error(s), 0 warning(s).

