Sunplus u'nSP Assembler - Ver. 1.8.0
              Listing File Has Been Relocated
                            	
                            	// Resource Table
                            	// Created by IDE, Do not modify this table
                            	
00008071                    	.TEXT
                            	.public _RES_Table;
                            	.external __RES_D1_24K_sa
                            	.public _RES_D1_24K_SA;
                            	.external __RES_D1_24K_ea;
                            	.public _RES_D1_24K_EA;
                            	
                            	
                            	_RES_Table:
                            	
                            	_RES_D1_24K_SA:
00008071 C8 8E 00 00        		.DW offset __RES_D1_24K_sa,seg __RES_D1_24K_sa;
                            	_RES_D1_24K_EA:
00008073 C3 B4 00 00        		.DW offset __RES_D1_24K_ea,seg __RES_D1_24K_ea;
                            	
                            	
                            	// End Table
                            	.public T_SACM_A2000_SpeechTable
                            	T_SACM_A2000_SpeechTable:
00008075 71 80              		.dw _RES_D1_24K_SA
0 error(s), 0 warning(s).

