C51 COMPILER V8.05a   CHENGXU                                                              07/06/2009 17:54:25 PAGE 1   


C51 COMPILER V8.05a, COMPILATION OF MODULE CHENGXU
OBJECT MODULE PLACED IN chengxu.OBJ
COMPILER INVOKED BY: C:\Keil\C51\BIN\C51.EXE chengxu.c BROWSE DEBUG OBJECTEXTEND

line level    source

   1          /********************************************************************
   2                                      汇诚科技
   3                                                    http://www.ourhc.cn
   4          *********************************************************************/
   5          #include<reg52.h>              //库文件
   6          #define uchar unsigned char//宏定义无符号字符型
   7          #define uint unsigned int  //宏定义无符号整型
   8          /********************************************************************
   9                                      初始定义
  10          *********************************************************************/
  11          
  12          sbit P2_0=P2^0; //定义按键的输入端（为单片机P2口的P2.1按键）
  13          sbit P2_1=P2^1; //定义按键的输入端（为单片机P2口的P2.1按键）
  14          sbit P2_2=P2^2; //定义按键的输入端（为单片机P2口的P2.1按键）
  15          sbit P2_3=P2^3; //定义按键的输入端（为单片机P2口的P2.1按键）
  16                  
  17          /********************************************************************
  18                                      主函数
  19          *********************************************************************/
  20          void main()
  21          {
  22   1      
  23   1              while(1)
  24   1              {
  25   2              if(P2_0==0)P0=0X55;     //如果P2.0按键按下，P0口输出01010101
  26   2              if(P2_1==0)P0=0XAA;     //如果P2.1按键按下，P0口输出10101010
  27   2              if(P2_2==0)P0=0X0F;     //如果P2.2按键按下，P0口输出00001111
  28   2              if(P2_3==0)P0=0XF0;     //如果P2.3按键按下，P0口输出11110000
  29   2              }
  30   1      }
  31                  
  32          /********************************************************************
  33                                        结束
  34          *********************************************************************/


MODULE INFORMATION:   STATIC OVERLAYABLE
   CODE SIZE        =     26    ----
   CONSTANT SIZE    =   ----    ----
   XDATA SIZE       =   ----    ----
   PDATA SIZE       =   ----    ----
   DATA SIZE        =   ----    ----
   IDATA SIZE       =   ----    ----
   BIT SIZE         =   ----    ----
END OF MODULE INFORMATION.


C51 COMPILATION COMPLETE.  0 WARNING(S),  0 ERROR(S)
