Sunplus u'nSP Assembler - Ver. 1.10.0
              Listing File Has Been Relocated
                            	// GCC for SUNPLUS u'nSP version 1.0.10-10
                            	// Command: C:\PROGRA~1\Sunplus\UNSPID~1\unSPIDE\cc1.exe C:\DOCUME~1\Αυ»Τ\LOCALS~1\Temp\ccMzaaaa.i -quiet -dumpbase main.c -gstabs -o .\Debug/main.asm
                            	// gcc2_compiled.:
                            	
00008030                    	.code
                            	Ltext0:
00000000                    	.debug
00000000 2E 00 73 00        		.dw '.stabs "int:t1=r1;-32768;32767;",128,0,0,0',0x0d,0x0a
         74 00 61 00
         62 00 73 00
         20 00 22 00
         69 00 6E 00
         74 00 3A 00
         74 00 31 00
         3D 00 72 00
         31 00 3B 00
         2D 00 33 00
         32 00 37 00
         36 00 38 00
         3B 00 33 00
         32 00 37 00
         36 00 37 00
         3B 00 22 00
         2C 00 31 00
         32 00 38 00
         2C 00 30 00
         2C 00 30 00
         2C 00 30 00
         0D 00 0A 00
00008030                    	.CODE
0000002C                    	.debug
0000002C 2E 00 73 00        		.dw '.stabs "char:t2=r2;0;127;",128,0,0,0',0x0d,0x0a
         74 00 61 00
         62 00 73 00
         20 00 22 00
         63 00 68 00
         61 00 72 00
         3A 00 74 00
         32 00 3D 00
         72 00 32 00
         3B 00 30 00
         3B 00 31 00
         32 00 37 00
         3B 00 22 00
         2C 00 31 00
         32 00 38 00
         2C 00 30 00
         2C 00 30 00
         2C 00 30 00
         0D 00 0A 00
00008030                    	.CODE
00000052                    	.debug
00000052 2E 00 73 00        		.dw '.stabs "long int:t3=r3;-2147483648;2147483647;",128,0,0,0',0x0d,0x0a
         74 00 61 00
         62 00 73 00
         20 00 22 00
         6C 00 6F 00
         6E 00 67 00
         20 00 69 00
         6E 00 74 00
         3A 00 74 00
         33 00 3D 00
         72 00 33 00
         3B 00 2D 00
         32 00 31 00
         34 00 37 00
         34 00 38 00
         33 00 36 00
         34 00 38 00
         3B 00 32 00
         31 00 34 00
         37 00 34 00
         38 00 33 00
         36 00 34 00
         37 00 3B 00
         22 00 2C 00
         31 00 32 00
         38 00 2C 00
         30 00 2C 00
         30 00 2C 00
         30 00 0D 00
         0A 00      
00008030                    	.CODE
0000008D                    	.debug
0000008D 2E 00 73 00        		.dw '.stabs "unsigned int:t4=r4;0;65535;",128,0,0,0',0x0d,0x0a
         74 00 61 00
         62 00 73 00
         20 00 22 00
         75 00 6E 00
         73 00 69 00
         67 00 6E 00
         65 00 64 00
         20 00 69 00
         6E 00 74 00
         3A 00 74 00
         34 00 3D 00
         72 00 34 00
         3B 00 30 00
         3B 00 36 00
         35 00 35 00
         33 00 35 00
         3B 00 22 00
         2C 00 31 00
         32 00 38 00
         2C 00 30 00
         2C 00 30 00
         2C 00 30 00
         0D 00 0A 00
00008030                    	.CODE
000000BD                    	.debug
000000BD 2E 00 73 00        		.dw '.stabs "long unsigned int:t5=r5;0;4294967295;",128,0,0,0',0x0d,0x0a
         74 00 61 00
         62 00 73 00
         20 00 22 00
         6C 00 6F 00
         6E 00 67 00
         20 00 75 00
         6E 00 73 00
         69 00 67 00
         6E 00 65 00
         64 00 20 00
         69 00 6E 00
         74 00 3A 00
         74 00 35 00
         3D 00 72 00
         35 00 3B 00
         30 00 3B 00
         34 00 32 00
         39 00 34 00
         39 00 36 00
         37 00 32 00
         39 00 35 00
         3B 00 22 00
         2C 00 31 00
         32 00 38 00
         2C 00 30 00
         2C 00 30 00
         2C 00 30 00
         0D 00 0A 00
00008030                    	.CODE
000000F7                    	.debug
000000F7 2E 00 73 00        		.dw '.stabs "long long int:t6=r6;-2147483648;2147483647;",128,0,0,0',0x0d,0x0a
         74 00 61 00
         62 00 73 00
         20 00 22 00
         6C 00 6F 00
         6E 00 67 00
         20 00 6C 00
         6F 00 6E 00
         67 00 20 00
         69 00 6E 00
         74 00 3A 00
         74 00 36 00
         3D 00 72 00
         36 00 3B 00
         2D 00 32 00
         31 00 34 00
         37 00 34 00
         38 00 33 00
         36 00 34 00
         38 00 3B 00
         32 00 31 00
         34 00 37 00
         34 00 38 00
         33 00 36 00
         34 00 37 00
         3B 00 22 00
         2C 00 31 00
         32 00 38 00
         2C 00 30 00
         2C 00 30 00
         2C 00 30 00
         0D 00 0A 00
00008030                    	.CODE
00000137                    	.debug
00000137 2E 00 73 00        		.dw '.stabs "long long unsigned int:t7=r7;0;4294967295;",128,0,0,0',0x0d,0x0a
         74 00 61 00
         62 00 73 00
         20 00 22 00
         6C 00 6F 00
         6E 00 67 00
         20 00 6C 00
         6F 00 6E 00
         67 00 20 00
         75 00 6E 00
         73 00 69 00
         67 00 6E 00
         65 00 64 00
         20 00 69 00
         6E 00 74 00
         3A 00 74 00
         37 00 3D 00
         72 00 37 00
         3B 00 30 00
         3B 00 34 00
         32 00 39 00
         34 00 39 00
         36 00 37 00
         32 00 39 00
         35 00 3B 00
         22 00 2C 00
         31 00 32 00
         38 00 2C 00
         30 00 2C 00
         30 00 2C 00
         30 00 0D 00
         0A 00      
00008030                    	.CODE
00000176                    	.debug
00000176 2E 00 73 00        		.dw '.stabs "short int:t8=r8;-32768;32767;",128,0,0,0',0x0d,0x0a
         74 00 61 00
         62 00 73 00
         20 00 22 00
         73 00 68 00
         6F 00 72 00
         74 00 20 00
         69 00 6E 00
         74 00 3A 00
         74 00 38 00
         3D 00 72 00
         38 00 3B 00
         2D 00 33 00
         32 00 37 00
         36 00 38 00
         3B 00 33 00
         32 00 37 00
         36 00 37 00
         3B 00 22 00
         2C 00 31 00
         32 00 38 00
         2C 00 30 00
         2C 00 30 00
         2C 00 30 00
         0D 00 0A 00
00008030                    	.CODE
000001A8                    	.debug
000001A8 2E 00 73 00        		.dw '.stabs "short unsigned int:t9=r9;0;65535;",128,0,0,0',0x0d,0x0a
         74 00 61 00
         62 00 73 00
         20 00 22 00
         73 00 68 00
         6F 00 72 00
         74 00 20 00
         75 00 6E 00
         73 00 69 00
         67 00 6E 00
         65 00 64 00
         20 00 69 00
         6E 00 74 00
         3A 00 74 00
         39 00 3D 00
         72 00 39 00
         3B 00 30 00
         3B 00 36 00
         35 00 35 00
         33 00 35 00
         3B 00 22 00
         2C 00 31 00
         32 00 38 00
         2C 00 30 00
         2C 00 30 00
         2C 00 30 00
         0D 00 0A 00
00008030                    	.CODE
000001DE                    	.debug
000001DE 2E 00 73 00        		.dw '.stabs "signed char:t10=r10;-32768;32767;",128,0,0,0',0x0d,0x0a
         74 00 61 00
         62 00 73 00
         20 00 22 00
         73 00 69 00
         67 00 6E 00
         65 00 64 00
         20 00 63 00
         68 00 61 00
         72 00 3A 00
         74 00 31 00
         30 00 3D 00
         72 00 31 00
         30 00 3B 00
         2D 00 33 00
         32 00 37 00
         36 00 38 00
         3B 00 33 00
         32 00 37 00
         36 00 37 00
         3B 00 22 00
         2C 00 31 00
         32 00 38 00
         2C 00 30 00
         2C 00 30 00
         2C 00 30 00
         0D 00 0A 00
00008030                    	.CODE
00000214                    	.debug
00000214 2E 00 73 00        		.dw '.stabs "unsigned char:t11=r11;0;65535;",128,0,0,0',0x0d,0x0a
         74 00 61 00
         62 00 73 00
         20 00 22 00
         75 00 6E 00
         73 00 69 00
         67 00 6E 00
         65 00 64 00
         20 00 63 00
         68 00 61 00
         72 00 3A 00
         74 00 31 00
         31 00 3D 00
         72 00 31 00
         31 00 3B 00
         30 00 3B 00
         36 00 35 00
         35 00 33 00
         35 00 3B 00
         22 00 2C 00
         31 00 32 00
         38 00 2C 00
         30 00 2C 00
         30 00 2C 00
         30 00 0D 00
         0A 00      
00008030                    	.CODE
00000247                    	.debug
00000247 2E 00 73 00        		.dw '.stabs "float:t12=r1;2;0;",128,0,0,0',0x0d,0x0a
         74 00 61 00
         62 00 73 00
         20 00 22 00
         66 00 6C 00
         6F 00 61 00
         74 00 3A 00
         74 00 31 00
         32 00 3D 00
         72 00 31 00
         3B 00 32 00
         3B 00 30 00
         3B 00 22 00
         2C 00 31 00
         32 00 38 00
         2C 00 30 00
         2C 00 30 00
         2C 00 30 00
         0D 00 0A 00
00008030                    	.CODE
0000026D                    	.debug
0000026D 2E 00 73 00        		.dw '.stabs "double:t13=r1;2;0;",128,0,0,0',0x0d,0x0a
         74 00 61 00
         62 00 73 00
         20 00 22 00
         64 00 6F 00
         75 00 62 00
         6C 00 65 00
         3A 00 74 00
         31 00 33 00
         3D 00 72 00
         31 00 3B 00
         32 00 3B 00
         30 00 3B 00
         22 00 2C 00
         31 00 32 00
         38 00 2C 00
         30 00 2C 00
         30 00 2C 00
         30 00 0D 00
         0A 00      
00008030                    	.CODE
00000294                    	.debug
00000294 2E 00 73 00        		.dw '.stabs "long double:t14=r1;2;0;",128,0,0,0',0x0d,0x0a
         74 00 61 00
         62 00 73 00
         20 00 22 00
         6C 00 6F 00
         6E 00 67 00
         20 00 64 00
         6F 00 75 00
         62 00 6C 00
         65 00 3A 00
         74 00 31 00
         34 00 3D 00
         72 00 31 00
         3B 00 32 00
         3B 00 30 00
         3B 00 22 00
         2C 00 31 00
         32 00 38 00
         2C 00 30 00
         2C 00 30 00
         2C 00 30 00
         0D 00 0A 00
00008030                    	.CODE
000002C0                    	.debug
000002C0 2E 00 73 00        		.dw '.stabs "complex int:t15=s2real:1,0,16;imag:1,16,16;;",128,0,0,0',0x0d,0x0a
         74 00 61 00
         62 00 73 00
         20 00 22 00
         63 00 6F 00
         6D 00 70 00
         6C 00 65 00
         78 00 20 00
         69 00 6E 00
         74 00 3A 00
         74 00 31 00
         35 00 3D 00
         73 00 32 00
         72 00 65 00
         61 00 6C 00
         3A 00 31 00
         2C 00 30 00
         2C 00 31 00
         36 00 3B 00
         69 00 6D 00
         61 00 67 00
         3A 00 31 00
         2C 00 31 00
         36 00 2C 00
         31 00 36 00
         3B 00 3B 00
         22 00 2C 00
         31 00 32 00
         38 00 2C 00
         30 00 2C 00
         30 00 2C 00
         30 00 0D 00
         0A 00      
00008030                    	.CODE
00000301                    	.debug
00000301 2E 00 73 00        		.dw '.stabs "complex float:t16=r16;2;0;",128,0,0,0',0x0d,0x0a
         74 00 61 00
         62 00 73 00
         20 00 22 00
         63 00 6F 00
         6D 00 70 00
         6C 00 65 00
         78 00 20 00
         66 00 6C 00
         6F 00 61 00
         74 00 3A 00
         74 00 31 00
         36 00 3D 00
         72 00 31 00
         36 00 3B 00
         32 00 3B 00
         30 00 3B 00
         22 00 2C 00
         31 00 32 00
         38 00 2C 00
         30 00 2C 00
         30 00 2C 00
         30 00 0D 00
         0A 00      
00008030                    	.CODE
00000330                    	.debug
00000330 2E 00 73 00        		.dw '.stabs "complex double:t17=r17;2;0;",128,0,0,0',0x0d,0x0a
         74 00 61 00
         62 00 73 00
         20 00 22 00
         63 00 6F 00
         6D 00 70 00
         6C 00 65 00
         78 00 20 00
         64 00 6F 00
         75 00 62 00
         6C 00 65 00
         3A 00 74 00
         31 00 37 00
         3D 00 72 00
         31 00 37 00
         3B 00 32 00
         3B 00 30 00
         3B 00 22 00
         2C 00 31 00
         32 00 38 00
         2C 00 30 00
         2C 00 30 00
         2C 00 30 00
         0D 00 0A 00
00008030                    	.CODE
00000360                    	.debug
00000360 2E 00 73 00        		.dw '.stabs "complex long double:t18=r18;2;0;",128,0,0,0',0x0d,0x0a
         74 00 61 00
         62 00 73 00
         20 00 22 00
         63 00 6F 00
         6D 00 70 00
         6C 00 65 00
         78 00 20 00
         6C 00 6F 00
         6E 00 67 00
         20 00 64 00
         6F 00 75 00
         62 00 6C 00
         65 00 3A 00
         74 00 31 00
         38 00 3D 00
         72 00 31 00
         38 00 3B 00
         32 00 3B 00
         30 00 3B 00
         22 00 2C 00
         31 00 32 00
         38 00 2C 00
         30 00 2C 00
         30 00 2C 00
         30 00 0D 00
         0A 00      
00008030                    	.CODE
00000395                    	.debug
00000395 2E 00 73 00        		.dw '.stabs "void:t19=19",128,0,0,0',0x0d,0x0a
         74 00 61 00
         62 00 73 00
         20 00 22 00
         76 00 6F 00
         69 00 64 00
         3A 00 74 00
         31 00 39 00
         3D 00 31 00
         39 00 22 00
         2C 00 31 00
         32 00 38 00
         2C 00 30 00
         2C 00 30 00
         2C 00 30 00
         0D 00 0A 00
00008030                    	.CODE
000003B5                    	.debug
000003B5 2E 00 73 00        		.dw '.stabs "DigCode:G20=ar1;0;9;11",32,0,0,',0,0,offset _DigCode,seg _DigCode,0x0d,0x0a
         74 00 61 00
         62 00 73 00
         20 00 22 00
         44 00 69 00
         67 00 43 00
         6F 00 64 00
         65 00 3A 00
         47 00 32 00
         30 00 3D 00
         61 00 72 00
         31 00 3B 00
         30 00 3B 00
         39 00 3B 00
         31 00 31 00
         22 00 2C 00
         33 00 32 00
         2C 00 30 00
         2C 00 30 00
         2C 00 00 00
         00 00 00 00
         00 00 0D 00
         0A 00      
00008030                    	.CODE
                            	.public _DigCode
00008009                    	.text
                            	_DigCode:
00008009 3F 00              		.dw 63
0000800A 06 00              		.dw 6
0000800B 5B 00              		.dw 91
0000800C 4F 00              		.dw 79
0000800D 66 00              		.dw 102
0000800E 6D 00              		.dw 109
0000800F 7D 00              		.dw 125
00008010 07 00              		.dw 7
00008011 7F 00              		.dw 127
00008012 6F 00              		.dw 111
00008030                    	.code
000003E2                    	.debug
000003E2 2E 00 73 00        		.dw '.stabs "GetKey:F4",36,0,0,',0,0,offset _GetKey,seg _GetKey,0x0d,0x0a
         74 00 61 00
         62 00 73 00
         20 00 22 00
         47 00 65 00
         74 00 4B 00
         65 00 79 00
         3A 00 46 00
         34 00 22 00
         2C 00 33 00
         36 00 2C 00
         30 00 2C 00
         30 00 2C 00
         00 00 00 00
         00 00 00 00
         0D 00 0A 00
00008030                    	.CODE
                            	.public _GetKey
                            	_GetKey:	.proc
00000402                    	.debug
00000402 2E 00 73 00        		.dw '.stabn 0x44,0,64,',0,0
         74 00 61 00
         62 00 6E 00
         20 00 30 00
         78 00 34 00
         34 00 2C 00
         30 00 2C 00
         36 00 34 00
         2C 00 00 00
         00 00      
00000415 00 00 00 00        		.dd LM1-_GetKey
00000417 0D 00 0A 00        		.dw 0x0d,0x0a
00008030                    	.code
                            	LM1:
                            		// total=1, vars=1
                            		// frame_pointer_needed: 1
00008030 88 DA              		push bp to [sp]
00008031 41 20              		sp-=1
00008032 08 0B 01 00        		bp=sp+1
                            	
00008034 0D 05 04 00        		R2=BP+4
00000419                    	.debug
00000419 2E 00 73 00        		.dw '.stabn 0x44,0,65,',0,0
         74 00 61 00
         62 00 6E 00
         20 00 30 00
         78 00 34 00
         34 00 2C 00
         30 00 2C 00
         36 00 35 00
         2C 00 00 00
         00 00      
0000042C 06 00 00 00        		.dd LM2-_GetKey
0000042E 0D 00 0A 00        		.dw 0x0d,0x0a
00008036                    	.code
                            	LM2:
                            	LBB2:
00000430                    	.debug
00000430 2E 00 73 00        		.dw '.stabn 0x44,0,68,',0,0
         74 00 61 00
         62 00 6E 00
         20 00 30 00
         78 00 34 00
         34 00 2C 00
         30 00 2C 00
         36 00 38 00
         2C 00 00 00
         00 00      
00000443 06 00 00 00        		.dd LM3-_GetKey
00000445 0D 00 0A 00        		.dw 0x0d,0x0a
00008036                    	.code
                            	LM3:
00008036 11 93 02 70        		R1=[28674]	// QImode move
00008038 09 B7 FF 00        		R3=R1&255
0000803A 1B D7 02 70        		[28674]=R3	// QImode move
00000447                    	.debug
00000447 2E 00 73 00        		.dw '.stabn 0x44,0,69,',0,0
         74 00 61 00
         62 00 6E 00
         20 00 30 00
         78 00 34 00
         34 00 2C 00
         30 00 2C 00
         36 00 39 00
         2C 00 00 00
         00 00      
0000045A 0C 00 00 00        		.dd LM4-_GetKey
0000045C 0D 00 0A 00        		.dw 0x0d,0x0a
0000803C                    	.code
                            	LM4:
0000803C 11 93 03 70        		R1=[28675]	// QImode move
0000803E 09 B7 FF 00        		R3=R1&255
00008040 1B D7 03 70        		[28675]=R3	// QImode move
0000045E                    	.debug
0000045E 2E 00 73 00        		.dw '.stabn 0x44,0,70,',0,0
         74 00 61 00
         62 00 6E 00
         20 00 30 00
         78 00 34 00
         34 00 2C 00
         30 00 2C 00
         37 00 30 00
         2C 00 00 00
         00 00      
00000471 12 00 00 00        		.dd LM5-_GetKey
00000473 0D 00 0A 00        		.dw 0x0d,0x0a
00008042                    	.code
                            	LM5:
00008042 11 93 01 70        		R1=[28673]	// QImode move
00008044 09 A7 00 FF        		R3=R1|(-256)
00008046 1B D7 01 70        		[28673]=R3	// QImode move
00000475                    	.debug
00000475 2E 00 73 00        		.dw '.stabn 0x44,0,73,',0,0
         74 00 61 00
         62 00 6E 00
         20 00 30 00
         78 00 34 00
         34 00 2C 00
         30 00 2C 00
         37 00 33 00
         2C 00 00 00
         00 00      
00000488 18 00 00 00        		.dd LM6-_GetKey
0000048A 0D 00 0A 00        		.dw 0x0d,0x0a
00008048                    	.code
                            	LM6:
                            	L3:
00008048 13 97 00 70        		R3=[28672]	// QImode move
0000804A 0B B3 00 FF        		R1=R3&(-256)
0000804C 09 43 00 FF        		CMP R1,(-256)	// QImode compare
0000804E 02 4E              		JNZ L9	// QImode EQ
0000804F 0F 9F 53 80        		PC=L5
                            	L9:
00008051 0F 9F 58 80        		pc=L4	// Indirect jump
                            	L5:
0000048C                    	.debug
0000048C 2E 00 73 00        		.dw '.stabn 0x44,0,75,',0,0
         74 00 61 00
         62 00 6E 00
         20 00 30 00
         78 00 34 00
         34 00 2C 00
         30 00 2C 00
         37 00 35 00
         2C 00 00 00
         00 00      
0000049F 23 00 00 00        		.dd LM7-_GetKey
000004A1 0D 00 0A 00        		.dw 0x0d,0x0a
00008053                    	.code
                            	LM7:
00008053 41 92              		R1=1	// QImode move
00008054 19 D3 12 70        		[28690]=R1	// QImode move
000004A3                    	.debug
000004A3 2E 00 73 00        		.dw '.stabn 0x44,0,76,',0,0
         74 00 61 00
         62 00 6E 00
         20 00 30 00
         78 00 34 00
         34 00 2C 00
         30 00 2C 00
         37 00 36 00
         2C 00 00 00
         00 00      
000004B6 26 00 00 00        		.dd LM8-_GetKey
000004B8 0D 00 0A 00        		.dw 0x0d,0x0a
00008056                    	.code
                            	LM8:
00008056 0F 9F 48 80        		pc=L3	// Indirect jump
                            	L4:
000004BA                    	.debug
000004BA 2E 00 73 00        		.dw '.stabn 0x44,0,77,',0,0
         74 00 61 00
         62 00 6E 00
         20 00 30 00
         78 00 34 00
         34 00 2C 00
         30 00 2C 00
         37 00 37 00
         2C 00 00 00
         00 00      
000004CD 28 00 00 00        		.dd LM9-_GetKey
000004CF 0D 00 0A 00        		.dw 0x0d,0x0a
00008058                    	.code
                            	LM9:
00008058 13 97 00 70        		R3=[28672]	// QImode move
0000805A 0B B3 00 FF        		R1=R3&(-256)
0000805C 09 87 00 FF        		R3=R1^(-256)
0000805E C5 D6              		[BP]=R3	// QImode move
000004D1                    	.debug
000004D1 2E 00 73 00        		.dw '.stabn 0x44,0,79,',0,0
         74 00 61 00
         62 00 6E 00
         20 00 30 00
         78 00 34 00
         34 00 2C 00
         30 00 2C 00
         37 00 39 00
         2C 00 00 00
         00 00      
000004E4 2F 00 00 00        		.dd LM10-_GetKey
000004E6 0D 00 0A 00        		.dw 0x0d,0x0a
0000805F                    	.code
                            	LM10:
                            	L6:
0000805F 13 97 00 70        		R3=[28672]	// QImode move
00008061 0B B3 00 FF        		R1=R3&(-256)
00008063 09 43 00 FF        		CMP R1,(-256)	// QImode compare
00008065 02 5E              		JZ L10	// QImode NE
00008066 0F 9F 6A 80        		PC=L8
                            	L10:
00008068 0F 9F 6F 80        		pc=L7	// Indirect jump
                            	L8:
000004E8                    	.debug
000004E8 2E 00 73 00        		.dw '.stabn 0x44,0,81,',0,0
         74 00 61 00
         62 00 6E 00
         20 00 30 00
         78 00 34 00
         34 00 2C 00
         30 00 2C 00
         38 00 31 00
         2C 00 00 00
         00 00      
000004FB 3A 00 00 00        		.dd LM11-_GetKey
000004FD 0D 00 0A 00        		.dw 0x0d,0x0a
0000806A                    	.code
                            	LM11:
0000806A 41 92              		R1=1	// QImode move
0000806B 19 D3 12 70        		[28690]=R1	// QImode move
000004FF                    	.debug
000004FF 2E 00 73 00        		.dw '.stabn 0x44,0,82,',0,0
         74 00 61 00
         62 00 6E 00
         20 00 30 00
         78 00 34 00
         34 00 2C 00
         30 00 2C 00
         38 00 32 00
         2C 00 00 00
         00 00      
00000512 3D 00 00 00        		.dd LM12-_GetKey
00000514 0D 00 0A 00        		.dw 0x0d,0x0a
0000806D                    	.code
                            	LM12:
0000806D 0F 9F 5F 80        		pc=L6	// Indirect jump
                            	L7:
00000516                    	.debug
00000516 2E 00 73 00        		.dw '.stabn 0x44,0,83,',0,0
         74 00 61 00
         62 00 6E 00
         20 00 30 00
         78 00 34 00
         34 00 2C 00
         30 00 2C 00
         38 00 33 00
         2C 00 00 00
         00 00      
00000529 3F 00 00 00        		.dd LM13-_GetKey
0000052B 0D 00 0A 00        		.dw 0x0d,0x0a
0000806F                    	.code
                            	LM13:
0000806F C5 96              		R3=[BP]	// QImode move
00008070 03 93              		R1=R3	// QImode move
00008071 0F 9F 73 80        		pc=L2	// Indirect jump
0000052D                    	.debug
0000052D 2E 00 73 00        		.dw '.stabn 0x44,0,84,',0,0
         74 00 61 00
         62 00 6E 00
         20 00 30 00
         78 00 34 00
         34 00 2C 00
         30 00 2C 00
         38 00 34 00
         2C 00 00 00
         00 00      
00000540 43 00 00 00        		.dd LM14-_GetKey
00000542 0D 00 0A 00        		.dw 0x0d,0x0a
00008073                    	.code
                            	LM14:
                            	LBE2:
00000544                    	.debug
00000544 2E 00 73 00        		.dw '.stabn 0x44,0,84,',0,0
         74 00 61 00
         62 00 6E 00
         20 00 30 00
         78 00 34 00
         34 00 2C 00
         30 00 2C 00
         38 00 34 00
         2C 00 00 00
         00 00      
00000557 43 00 00 00        		.dd LM15-_GetKey
00000559 0D 00 0A 00        		.dw 0x0d,0x0a
00008073                    	.code
                            	LM15:
                            	L2:
                            	
00008073 41 00              		sp+=1
00008074 88 98              		pop bp from [sp]
00008075 90 9A              		retf
                            		.endp	// end of GetKey
                            	
0000055B                    	.debug
0000055B 2E 00 73 00        		.dw '.stabn 0xc0,0,0,',0,0
         74 00 61 00
         62 00 6E 00
         20 00 30 00
         78 00 63 00
         30 00 2C 00
         30 00 2C 00
         30 00 2C 00
         00 00 00 00
0000056D 06 00 00 00        		.dd LBB2-_GetKey
0000056F 0D 00 0A 00        		.dw 0x0d,0x0a
00008076                    	.code
00000571                    	.debug
00000571 2E 00 73 00        		.dw '.stabs "KeyValue:4",128,0,0,0',0x0d,0x0a
         74 00 61 00
         62 00 73 00
         20 00 22 00
         4B 00 65 00
         79 00 56 00
         61 00 6C 00
         75 00 65 00
         3A 00 34 00
         22 00 2C 00
         31 00 32 00
         38 00 2C 00
         30 00 2C 00
         30 00 2C 00
         30 00 0D 00
         0A 00      
00008076                    	.CODE
00000590                    	.debug
00000590 2E 00 73 00        		.dw '.stabn 0xe0,0,0,',0,0
         74 00 61 00
         62 00 6E 00
         20 00 30 00
         78 00 65 00
         30 00 2C 00
         30 00 2C 00
         30 00 2C 00
         00 00 00 00
000005A2 43 00 00 00        		.dd LBE2-_GetKey
000005A4 0D 00 0A 00        		.dw 0x0d,0x0a
00008076                    	.code
000005A6                    	.debug
000005A6 2E 00 73 00        		.dw '.stabf ',0,0
         74 00 61 00
         62 00 66 00
         20 00 00 00
         00 00      
000005AF 46 00 00 00        		.dd LME1-_GetKey
000005B1 0D 00 0A 00        		.dw 0x0d,0x0a
00008076                    	.code
                            	LME1:
00008076                    	.code
000005B3                    	.debug
000005B3 2E 00 73 00        		.dw '.stabs "LedDispDig:F19",36,0,0,',0,0,offset _LedDispDig,seg _LedDispDig,0x0d,0x0a
         74 00 61 00
         62 00 73 00
         20 00 22 00
         4C 00 65 00
         64 00 44 00
         69 00 73 00
         70 00 44 00
         69 00 67 00
         3A 00 46 00
         31 00 39 00
         22 00 2C 00
         33 00 36 00
         2C 00 30 00
         2C 00 30 00
         2C 00 00 00
         00 00 46 00
         00 00 0D 00
         0A 00      
00008076                    	.CODE
                            	.public _LedDispDig
                            	_LedDispDig:	.proc
000005D8                    	.debug
000005D8 2E 00 73 00        		.dw '.stabn 0x44,0,95,',0,0
         74 00 61 00
         62 00 6E 00
         20 00 30 00
         78 00 34 00
         34 00 2C 00
         30 00 2C 00
         39 00 35 00
         2C 00 00 00
         00 00      
000005EB 00 00 00 00        		.dd LM16-_LedDispDig
000005ED 0D 00 0A 00        		.dw 0x0d,0x0a
00008076                    	.code
                            	LM16:
                            		// total=1, vars=1
                            		// frame_pointer_needed: 1
00008076 88 DA              		push bp to [sp]
00008077 41 20              		sp-=1
00008078 08 0B 01 00        		bp=sp+1
                            	
0000807A 0D 03 04 00        		R1=BP+4
0000807C C5 D2              		[BP]=R1	// QImode move
000005EF                    	.debug
000005EF 2E 00 73 00        		.dw '.stabn 0x44,0,96,',0,0
         74 00 61 00
         62 00 6E 00
         20 00 30 00
         78 00 34 00
         34 00 2C 00
         30 00 2C 00
         39 00 36 00
         2C 00 00 00
         00 00      
00000602 07 00 00 00        		.dd LM17-_LedDispDig
00000604 0D 00 0A 00        		.dw 0x0d,0x0a
0000807D                    	.code
                            	LM17:
0000807D 41 92              		R1=1	// QImode move
0000807E 19 D3 12 70        		[28690]=R1	// QImode move
00000606                    	.debug
00000606 2E 00 73 00        		.dw '.stabn 0x44,0,98,',0,0
         74 00 61 00
         62 00 6E 00
         20 00 30 00
         78 00 34 00
         34 00 2C 00
         30 00 2C 00
         39 00 38 00
         2C 00 00 00
         00 00      
00000619 0A 00 00 00        		.dd LM18-_LedDispDig
0000061B 0D 00 0A 00        		.dw 0x0d,0x0a
00008080                    	.code
                            	LM18:
00008080 11 93 07 70        		R1=[28679]	// QImode move
00008082 09 A5 FF 3F        		R2=R1|16383
00008084 1A D5 07 70        		[28679]=R2	// QImode move
0000061D                    	.debug
0000061D 2E 00 73 00        		.dw '.stabn 0x44,0,99,',0,0
         74 00 61 00
         62 00 6E 00
         20 00 30 00
         78 00 34 00
         34 00 2C 00
         30 00 2C 00
         39 00 39 00
         2C 00 00 00
         00 00      
00000630 10 00 00 00        		.dd LM19-_LedDispDig
00000632 0D 00 0A 00        		.dw 0x0d,0x0a
00008086                    	.code
                            	LM19:
00008086 11 93 08 70        		R1=[28680]	// QImode move
00008088 09 A5 FF 3F        		R2=R1|16383
0000808A 1A D5 08 70        		[28680]=R2	// QImode move
00000634                    	.debug
00000634 2E 00 73 00        		.dw '.stabn 0x44,0,101,',0,0
         74 00 61 00
         62 00 6E 00
         20 00 30 00
         78 00 34 00
         34 00 2C 00
         30 00 2C 00
         31 00 30 00
         31 00 2C 00
         00 00 00 00
00000648 16 00 00 00        		.dd LM20-_LedDispDig
0000064A 0D 00 0A 00        		.dw 0x0d,0x0a
0000808C                    	.code
                            	LM20:
0000808C C5 96              		R3=[BP]	// QImode move
0000808D C3 94              		R2=[R3]	// QImode move
0000808E 0A 03 FF FF        		R1=R2+(-1)
00008090 0A 95 00 01        		R2=256	// QImode move
00008092 C8 D2              		[SP--]=R1	// QImode move
00008093 C8 D4              		[SP--]=R2	// QImode move
00008094 40 F0 1A 81        		call __lshiu1	// call with return value
00008096 42 00              		SP=SP+2
00008097 19 D3 05 70        		[28677]=R1	// QImode move
0000064C                    	.debug
0000064C 2E 00 73 00        		.dw '.stabn 0x44,0,102,',0,0
         74 00 61 00
         62 00 6E 00
         20 00 30 00
         78 00 34 00
         34 00 2C 00
         30 00 2C 00
         31 00 30 00
         32 00 2C 00
         00 00 00 00
00000660 23 00 00 00        		.dd LM21-_LedDispDig
00000662 0D 00 0A 00        		.dw 0x0d,0x0a
00008099                    	.code
                            	LM21:
00008099 C5 92              		R1=[BP]	// QImode move
0000809A C5 92              		R1=[BP]	// QImode move
0000809B 09 05 01 00        		R2=R1+1
0000809D 09 93 09 80        		R1=_DigCode	// QImode move
0000809F 02 97              		R3=R2	// QImode move
000080A0 C3 94              		R2=[R3]	// QImode move
000080A1 02 03              		R1+=R2	// addqi3_r0r
000080A2 13 97 05 70        		R3=[28677]	// QImode move
000080A4 03 95              		R2=R3	// QImode move
000080A5 01 97              		R3=R1	// QImode move
000080A6 C3 A4              		R2|=[R3]	// iorqi3_r0R
000080A7 1A D5 05 70        		[28677]=R2	// QImode move
00000664                    	.debug
00000664 2E 00 73 00        		.dw '.stabn 0x44,0,103,',0,0
         74 00 61 00
         62 00 6E 00
         20 00 30 00
         78 00 34 00
         34 00 2C 00
         30 00 2C 00
         31 00 30 00
         33 00 2C 00
         00 00 00 00
00000678 33 00 00 00        		.dd LM22-_LedDispDig
0000067A 0D 00 0A 00        		.dw 0x0d,0x0a
000080A9                    	.code
                            	LM22:
0000067C                    	.debug
0000067C 2E 00 73 00        		.dw '.stabn 0x44,0,103,',0,0
         74 00 61 00
         62 00 6E 00
         20 00 30 00
         78 00 34 00
         34 00 2C 00
         30 00 2C 00
         31 00 30 00
         33 00 2C 00
         00 00 00 00
00000690 33 00 00 00        		.dd LM23-_LedDispDig
00000692 0D 00 0A 00        		.dw 0x0d,0x0a
000080A9                    	.code
                            	LM23:
                            	L11:
                            	
000080A9 41 00              		sp+=1
000080AA 88 98              		pop bp from [sp]
000080AB 90 9A              		retf
                            		.endp	// end of LedDispDig
                            	
00000694                    	.debug
00000694 2E 00 73 00        		.dw '.stabs "Pos:p1",160,0,0,4',0x0d,0x0a
         74 00 61 00
         62 00 73 00
         20 00 22 00
         50 00 6F 00
         73 00 3A 00
         70 00 31 00
         22 00 2C 00
         31 00 36 00
         30 00 2C 00
         30 00 2C 00
         30 00 2C 00
         34 00 0D 00
         0A 00      
000080AC                    	.CODE
000006AF                    	.debug
000006AF 2E 00 73 00        		.dw '.stabs "Dig:p1",160,0,0,5',0x0d,0x0a
         74 00 61 00
         62 00 73 00
         20 00 22 00
         44 00 69 00
         67 00 3A 00
         70 00 31 00
         22 00 2C 00
         31 00 36 00
         30 00 2C 00
         30 00 2C 00
         30 00 2C 00
         35 00 0D 00
         0A 00      
000080AC                    	.CODE
000006CA                    	.debug
000006CA 2E 00 73 00        		.dw '.stabf ',0,0
         74 00 61 00
         62 00 66 00
         20 00 00 00
         00 00      
000006D3 36 00 00 00        		.dd LME2-_LedDispDig
000006D5 0D 00 0A 00        		.dw 0x0d,0x0a
000080AC                    	.code
                            	LME2:
000080AC                    	.code
000006D7                    	.debug
000006D7 2E 00 73 00        		.dw '.stabs "main:F1",36,0,0,',0,0,offset _main,seg _main,0x0d,0x0a
         74 00 61 00
         62 00 73 00
         20 00 22 00
         6D 00 61 00
         69 00 6E 00
         3A 00 46 00
         31 00 22 00
         2C 00 33 00
         36 00 2C 00
         30 00 2C 00
         30 00 2C 00
         00 00 00 00
         7C 00 00 00
         0D 00 0A 00
000080AC                    	.CODE
                            	.public _main
                            	_main:	.proc
000006F5                    	.debug
000006F5 2E 00 73 00        		.dw '.stabn 0x44,0,110,',0,0
         74 00 61 00
         62 00 6E 00
         20 00 30 00
         78 00 34 00
         34 00 2C 00
         30 00 2C 00
         31 00 31 00
         30 00 2C 00
         00 00 00 00
00000709 00 00 00 00        		.dd LM24-_main
0000070B 0D 00 0A 00        		.dw 0x0d,0x0a
000080AC                    	.code
                            	LM24:
                            		// total=4, vars=4
                            		// frame_pointer_needed: 1
000080AC 88 DA              		push bp to [sp]
000080AD 44 20              		sp-=4
000080AE 08 0B 01 00        		bp=sp+1
                            	
000080B0 0D 03 07 00        		R1=BP+7
000080B2 03 D2              		[bp+3]=R1	// QImode move
0000070D                    	.debug
0000070D 2E 00 73 00        		.dw '.stabn 0x44,0,111,',0,0
         74 00 61 00
         62 00 6E 00
         20 00 30 00
         78 00 34 00
         34 00 2C 00
         30 00 2C 00
         31 00 31 00
         31 00 2C 00
         00 00 00 00
00000721 07 00 00 00        		.dd LM25-_main
00000723 0D 00 0A 00        		.dw 0x0d,0x0a
000080B3                    	.code
                            	LM25:
                            	LBB3:
00000725                    	.debug
00000725 2E 00 73 00        		.dw '.stabn 0x44,0,112,',0,0
         74 00 61 00
         62 00 6E 00
         20 00 30 00
         78 00 34 00
         34 00 2C 00
         30 00 2C 00
         31 00 31 00
         32 00 2C 00
         00 00 00 00
00000739 07 00 00 00        		.dd LM26-_main
0000073B 0D 00 0A 00        		.dw 0x0d,0x0a
000080B3                    	.code
                            	LM26:
                            	L13:
000080B3 0F 9F B7 80        		pc=L15	// Indirect jump
000080B5 0F 9F 17 81        		pc=L14	// Indirect jump
                            	L15:
0000073D                    	.debug
0000073D 2E 00 73 00        		.dw '.stabn 0x44,0,114,',0,0
         74 00 61 00
         62 00 6E 00
         20 00 30 00
         78 00 34 00
         34 00 2C 00
         30 00 2C 00
         31 00 31 00
         34 00 2C 00
         00 00 00 00
00000751 0B 00 00 00        		.dd LM27-_main
00000753 0D 00 0A 00        		.dw 0x0d,0x0a
000080B7                    	.code
                            	LM27:
000080B7 40 F0 30 80        		call _GetKey	// call with return value
000080B9 C5 D2              		[BP]=R1	// QImode move
00000755                    	.debug
00000755 2E 00 73 00        		.dw '.stabn 0x44,0,117,',0,0
         74 00 61 00
         62 00 6E 00
         20 00 30 00
         78 00 34 00
         34 00 2C 00
         30 00 2C 00
         31 00 31 00
         37 00 2C 00
         00 00 00 00
00000769 0E 00 00 00        		.dd LM28-_main
0000076B 0D 00 0A 00        		.dw 0x0d,0x0a
000080BA                    	.code
                            	LM28:
000080BA 05 93              		R1=BP	// QImode move
000080BB 0D 05 01 00        		R2=BP+1
000080BD 41 92              		R1=1	// QImode move
000080BE 02 97              		R3=R2	// QImode move
000080BF C3 D2              		[R3]=R1	// QImode move
0000076D                    	.debug
0000076D 2E 00 73 00        		.dw '.stabn 0x44,0,118,',0,0
         74 00 61 00
         62 00 6E 00
         20 00 30 00
         78 00 34 00
         34 00 2C 00
         30 00 2C 00
         31 00 31 00
         38 00 2C 00
         00 00 00 00
00000781 14 00 00 00        		.dd LM29-_main
00000783 0D 00 0A 00        		.dw 0x0d,0x0a
000080C0                    	.code
                            	LM29:
000080C0 05 93              		R1=BP	// QImode move
000080C1 0D 05 02 00        		R2=BP+2
000080C3 09 93 00 01        		R1=256	// QImode move
000080C5 02 99              		R4=R2	// QImode move
000080C6 C4 D2              		[R4]=R1	// QImode move
00000785                    	.debug
00000785 2E 00 73 00        		.dw '.stabn 0x44,0,119,',0,0
         74 00 61 00
         62 00 6E 00
         20 00 30 00
         78 00 34 00
         34 00 2C 00
         30 00 2C 00
         31 00 31 00
         39 00 2C 00
         00 00 00 00
00000799 1B 00 00 00        		.dd LM30-_main
0000079B 0D 00 0A 00        		.dw 0x0d,0x0a
000080C7                    	.code
                            	LM30:
                            	L16:
000080C7 05 93              		R1=BP	// QImode move
000080C8 0D 05 02 00        		R2=BP+2
000080CA 02 97              		R3=R2	// QImode move
000080CB C3 92              		R1=[R3]	// QImode move
000080CC 40 42              		CMP R1,0	// QImode test
000080CD 02 5E              		JZ L22	// QImode NE
000080CE 0F 9F D2 80        		PC=L18
                            	L22:
000080D0 0F 9F FB 80        		pc=L17	// Indirect jump
                            	L18:
0000079D                    	.debug
0000079D 2E 00 73 00        		.dw '.stabn 0x44,0,122,',0,0
         74 00 61 00
         62 00 6E 00
         20 00 30 00
         78 00 34 00
         34 00 2C 00
         30 00 2C 00
         31 00 32 00
         32 00 2C 00
         00 00 00 00
000007B1 26 00 00 00        		.dd LM31-_main
000007B3 0D 00 0A 00        		.dw 0x0d,0x0a
000080D2                    	.code
                            	LM31:
000080D2 05 93              		R1=BP	// QImode move
000080D3 0D 05 02 00        		R2=BP+2
000080D5 C5 92              		R1=[BP]	// QImode move
000080D6 02 99              		R4=R2	// QImode move
000080D7 C4 42              		CMP R1,[R4]	// QImode compare
000080D8 02 5E              		JZ L23	// QImode NE
000080D9 0F 9F DF 80        		PC=L19
                            	L23:
000007B5                    	.debug
000007B5 2E 00 73 00        		.dw '.stabn 0x44,0,124,',0,0
         74 00 61 00
         62 00 6E 00
         20 00 30 00
         78 00 34 00
         34 00 2C 00
         30 00 2C 00
         31 00 32 00
         34 00 2C 00
         00 00 00 00
000007C9 2F 00 00 00        		.dd LM32-_main
000007CB 0D 00 0A 00        		.dw 0x0d,0x0a
000080DB                    	.code
                            	LM32:
000080DB 0F 9F FB 80        		pc=L17	// Indirect jump
000007CD                    	.debug
000007CD 2E 00 73 00        		.dw '.stabn 0x44,0,125,',0,0
         74 00 61 00
         62 00 6E 00
         20 00 30 00
         78 00 34 00
         34 00 2C 00
         30 00 2C 00
         31 00 32 00
         35 00 2C 00
         00 00 00 00
000007E1 31 00 00 00        		.dd LM33-_main
000007E3 0D 00 0A 00        		.dw 0x0d,0x0a
000080DD                    	.code
                            	LM33:
000080DD 0F 9F F9 80        		pc=L20	// Indirect jump
                            	L19:
000007E5                    	.debug
000007E5 2E 00 73 00        		.dw '.stabn 0x44,0,128,',0,0
         74 00 61 00
         62 00 6E 00
         20 00 30 00
         78 00 34 00
         34 00 2C 00
         30 00 2C 00
         31 00 32 00
         38 00 2C 00
         00 00 00 00
000007F9 33 00 00 00        		.dd LM34-_main
000007FB 0D 00 0A 00        		.dw 0x0d,0x0a
000080DF                    	.code
                            	LM34:
000080DF 05 95              		R2=BP	// QImode move
000080E0 0D 03 02 00        		R1=BP+2
000080E2 05 95              		R2=BP	// QImode move
000080E3 0D 07 02 00        		R3=BP+2
000080E5 03 99              		R4=R3	// QImode move
000080E6 C4 94              		R2=[R4]	// QImode move
000080E7 42 97              		R3=R2 lsl 1
000080E8 01 95              		R2=R1	// QImode move
000080E9 C2 D6              		[R2]=R3	// QImode move
000007FD                    	.debug
000007FD 2E 00 73 00        		.dw '.stabn 0x44,0,129,',0,0
         74 00 61 00
         62 00 6E 00
         20 00 30 00
         78 00 34 00
         34 00 2C 00
         30 00 2C 00
         31 00 32 00
         39 00 2C 00
         00 00 00 00
00000811 3E 00 00 00        		.dd LM35-_main
00000813 0D 00 0A 00        		.dw 0x0d,0x0a
000080EA                    	.code
                            	LM35:
000080EA 05 93              		R1=BP	// QImode move
000080EB 0D 05 01 00        		R2=BP+1
000080ED 05 97              		R3=BP	// QImode move
000080EE 0D 03 01 00        		R1=BP+1
000080F0 05 95              		R2=BP	// QImode move
000080F1 0D 07 01 00        		R3=BP+1
000080F3 03 99              		R4=R3	// QImode move
000080F4 C4 94              		R2=[R4]	// QImode move
000080F5 0A 07 01 00        		R3=R2+1
000080F7 01 95              		R2=R1	// QImode move
000080F8 C2 D6              		[R2]=R3	// QImode move
                            	L20:
00000815                    	.debug
00000815 2E 00 73 00        		.dw '.stabn 0x44,0,131,',0,0
         74 00 61 00
         62 00 6E 00
         20 00 30 00
         78 00 34 00
         34 00 2C 00
         30 00 2C 00
         31 00 33 00
         31 00 2C 00
         00 00 00 00
00000829 4D 00 00 00        		.dd LM36-_main
0000082B 0D 00 0A 00        		.dw 0x0d,0x0a
000080F9                    	.code
                            	LM36:
000080F9 0F 9F C7 80        		pc=L16	// Indirect jump
                            	L17:
0000082D                    	.debug
0000082D 2E 00 73 00        		.dw '.stabn 0x44,0,132,',0,0
         74 00 61 00
         62 00 6E 00
         20 00 30 00
         78 00 34 00
         34 00 2C 00
         30 00 2C 00
         31 00 33 00
         32 00 2C 00
         00 00 00 00
00000841 4F 00 00 00        		.dd LM37-_main
00000843 0D 00 0A 00        		.dw 0x0d,0x0a
000080FB                    	.code
                            	LM37:
000080FB 05 93              		R1=BP	// QImode move
000080FC 0D 05 02 00        		R2=BP+2
000080FE 02 97              		R3=R2	// QImode move
000080FF C3 92              		R1=[R3]	// QImode move
00008100 40 42              		CMP R1,0	// QImode test
00008101 02 5E              		JZ L24	// QImode NE
00008102 0F 9F 0A 81        		PC=L21
                            	L24:
00008104 05 93              		R1=BP	// QImode move
00008105 0D 05 01 00        		R2=BP+1
00008107 40 92              		R1=0	// QImode move
00008108 02 99              		R4=R2	// QImode move
00008109 C4 D2              		[R4]=R1	// QImode move
                            	L21:
00000845                    	.debug
00000845 2E 00 73 00        		.dw '.stabn 0x44,0,133,',0,0
         74 00 61 00
         62 00 6E 00
         20 00 30 00
         78 00 34 00
         34 00 2C 00
         30 00 2C 00
         31 00 33 00
         33 00 2C 00
         00 00 00 00
00000859 5E 00 00 00        		.dd LM38-_main
0000085B 0D 00 0A 00        		.dw 0x0d,0x0a
0000810A                    	.code
                            	LM38:
0000810A 05 93              		R1=BP	// QImode move
0000810B 0D 05 01 00        		R2=BP+1
0000810D 02 97              		R3=R2	// QImode move
0000810E C3 92              		R1=[R3]	// QImode move
0000810F C8 D2              		[SP--]=R1	// QImode move
00008110 46 92              		R1=6	// QImode move
00008111 C8 D2              		[SP--]=R1	// QImode move
00008112 40 F0 76 80        		call _LedDispDig	// call without return value
00008114 42 00              		SP=SP+2
0000085D                    	.debug
0000085D 2E 00 73 00        		.dw '.stabn 0x44,0,134,',0,0
         74 00 61 00
         62 00 6E 00
         20 00 30 00
         78 00 34 00
         34 00 2C 00
         30 00 2C 00
         31 00 33 00
         34 00 2C 00
         00 00 00 00
00000871 69 00 00 00        		.dd LM39-_main
00000873 0D 00 0A 00        		.dw 0x0d,0x0a
00008115                    	.code
                            	LM39:
00008115 0F 9F B3 80        		pc=L13	// Indirect jump
                            	L14:
00000875                    	.debug
00000875 2E 00 73 00        		.dw '.stabn 0x44,0,135,',0,0
         74 00 61 00
         62 00 6E 00
         20 00 30 00
         78 00 34 00
         34 00 2C 00
         30 00 2C 00
         31 00 33 00
         35 00 2C 00
         00 00 00 00
00000889 6B 00 00 00        		.dd LM40-_main
0000088B 0D 00 0A 00        		.dw 0x0d,0x0a
00008117                    	.code
                            	LM40:
                            	LBE3:
0000088D                    	.debug
0000088D 2E 00 73 00        		.dw '.stabn 0x44,0,135,',0,0
         74 00 61 00
         62 00 6E 00
         20 00 30 00
         78 00 34 00
         34 00 2C 00
         30 00 2C 00
         31 00 33 00
         35 00 2C 00
         00 00 00 00
000008A1 6B 00 00 00        		.dd LM41-_main
000008A3 0D 00 0A 00        		.dw 0x0d,0x0a
00008117                    	.code
                            	LM41:
                            	L12:
                            	
00008117 44 00              		sp+=4
00008118 88 98              		pop bp from [sp]
00008119 90 9A              		retf
                            		.endp	// end of main
                            	
000008A5                    	.debug
000008A5 2E 00 73 00        		.dw '.stabn 0xc0,0,0,',0,0
         74 00 61 00
         62 00 6E 00
         20 00 30 00
         78 00 63 00
         30 00 2C 00
         30 00 2C 00
         30 00 2C 00
         00 00 00 00
000008B7 07 00 00 00        		.dd LBB3-_main
000008B9 0D 00 0A 00        		.dw 0x0d,0x0a
0000811A                    	.code
000008BB                    	.debug
000008BB 2E 00 73 00        		.dw '.stabs "KeyValue:4",128,0,0,0',0x0d,0x0a
         74 00 61 00
         62 00 73 00
         20 00 22 00
         4B 00 65 00
         79 00 56 00
         61 00 6C 00
         75 00 65 00
         3A 00 34 00
         22 00 2C 00
         31 00 32 00
         38 00 2C 00
         30 00 2C 00
         30 00 2C 00
         30 00 0D 00
         0A 00      
0000811A                    	.CODE
000008DA                    	.debug
000008DA 2E 00 73 00        		.dw '.stabs "KeyNum:4",128,0,0,1',0x0d,0x0a
         74 00 61 00
         62 00 73 00
         20 00 22 00
         4B 00 65 00
         79 00 4E 00
         75 00 6D 00
         3A 00 34 00
         22 00 2C 00
         31 00 32 00
         38 00 2C 00
         30 00 2C 00
         30 00 2C 00
         31 00 0D 00
         0A 00      
0000811A                    	.CODE
000008F7                    	.debug
000008F7 2E 00 73 00        		.dw '.stabs "KeyMask:4",128,0,0,2',0x0d,0x0a
         74 00 61 00
         62 00 73 00
         20 00 22 00
         4B 00 65 00
         79 00 4D 00
         61 00 73 00
         6B 00 3A 00
         34 00 22 00
         2C 00 31 00
         32 00 38 00
         2C 00 30 00
         2C 00 30 00
         2C 00 32 00
         0D 00 0A 00
0000811A                    	.CODE
00000915                    	.debug
00000915 2E 00 73 00        		.dw '.stabn 0xe0,0,0,',0,0
         74 00 61 00
         62 00 6E 00
         20 00 30 00
         78 00 65 00
         30 00 2C 00
         30 00 2C 00
         30 00 2C 00
         00 00 00 00
00000927 6B 00 00 00        		.dd LBE3-_main
00000929 0D 00 0A 00        		.dw 0x0d,0x0a
0000811A                    	.code
0000092B                    	.debug
0000092B 2E 00 73 00        		.dw '.stabf ',0,0
         74 00 61 00
         62 00 66 00
         20 00 00 00
         00 00      
00000934 6E 00 00 00        		.dd LME3-_main
00000936 0D 00 0A 00        		.dw 0x0d,0x0a
0000811A                    	.code
                            	LME3:
                            	.external __lshiu1
                            		.end
0 error(s), 0 warning(s).

