C51 COMPILER V7.06   MAIN                                                                  03/16/2011 16:24:18 PAGE 1   


C51 COMPILER V7.06, COMPILATION OF MODULE MAIN
OBJECT MODULE PLACED IN Main.OBJ
COMPILER INVOKED BY: C:\Keil\C51\BIN\C51.EXE Main.c BROWSE DEBUG OBJECTEXTEND

stmt level    source

   1          /*
   2           ----------------------------------------------------
   3           *作    者：温子祺
   4           ----------------------------------------------------
   5           */
   6          #include "stc.h"           
   7          
   8          #define LED_PORT     P2  //定义LED控制端口为P2口
   9          
  10          /********************************************
  11          *函数名称:Delay
  12          *输    入:无
  13          *输    出:无
  14          *说    明:延时一段时间
  15          ********************************************/
  16          void Delay(void)          
  17          {
  18   1              unsigned char i,j;   
  19   1      
  20   1              for(i=0;i<130;i++)     
  21   1                      for(j=0;j<255;j++);
  22   1      }
  23          /********************************************
  24          *函数名称:PCONToPD
  25          *输    入:无
  26          *输    出:无
  27          *说    明:设置MCU工作模式为掉电模式
  28          ********************************************/
  29          void PCONToPD(void)
  30          {
  31   1            PCON=0x02;
  32   1      }
  33          /********************************************
  34          *函数名称:EXTInit
  35          *输    入:无
  36          *输    出:无
  37          *说    明:外部中断初始化
  38          ********************************************/
  39          void EXTInit(void)
  40          {
  41   1           EX1=1;        //允许外部中断1中断
  42   1           IT1=0;        //低电平触发
  43   1           EA=1;         //开启全局中断
  44   1      }
  45          /********************************************
  46          *函数名称:main
  47          *输    入:无
  48          *输    出:无
  49          *说    明:函数主体
  50          ********************************************/
  51          void main(void)            
  52          {
  53   1         unsigned char i;
  54   1              
  55   1         EXTInit();             //外部中断初始化
C51 COMPILER V7.06   MAIN                                                                  03/16/2011 16:24:18 PAGE 2   

  56   1       
  57   1         while(1)
  58   1         {
  59   2                for(i=0;i<20;i++)      //循环闪烁LED灯
  60   2                {
  61   3                   LED_PORT=~LED_PORT;
  62   3                   Delay();      
  63   3                }
  64   2      
  65   2             PCONToPD();//进入掉电模式
  66   2         }    
  67   1      }
  68          /********************************************
  69          *函数名称:EXT1IRQ
  70          *输    入:无
  71          *输    出:无
  72          *说    明:外部中断1中断服务函数 
  73          ********************************************/
  74          void EXT1IRQ(void)interrupt 2
  75          {
  76   1           //空操作，用于中断唤醒MCU
  77   1      }
  78          


MODULE INFORMATION:   STATIC OVERLAYABLE
   CODE SIZE        =     45    ----
   CONSTANT SIZE    =   ----    ----
   XDATA SIZE       =   ----    ----
   PDATA SIZE       =   ----    ----
   DATA SIZE        =   ----    ----
   IDATA SIZE       =   ----    ----
   BIT SIZE         =   ----    ----
END OF MODULE INFORMATION.


C51 COMPILATION COMPLETE.  0 WARNING(S),  0 ERROR(S)
