C51 COMPILER V7.06   MAIN                                                                  03/16/2011 16:22:55 PAGE 1   


C51 COMPILER V7.06, COMPILATION OF MODULE MAIN
OBJECT MODULE PLACED IN Main.OBJ
COMPILER INVOKED BY: C:\Keil\C51\BIN\C51.EXE Main.c BROWSE DEBUG OBJECTEXTEND

stmt level    source

   1          /*
   2           ----------------------------------------------------
   3           *作    者：温子祺
   4           ----------------------------------------------------
   5           */
   6          
   7          #include "stc.h"           
   8          
   9          #define LED_PORT     P2  //定义LED控制端口为P2口
  10          
  11          /********************************************
  12          *函数名称:Delay
  13          *输    入:无
  14          *输    出:无
  15          *说    明:延时一段时间
  16          ********************************************/
  17          void Delay(void)          
  18          {
  19   1              unsigned char i,j;   
  20   1      
  21   1              for(i=0;i<130;i++)     
  22   1                      for(j=0;j<255;j++);
  23   1      }
  24          /********************************************
  25          *函数名称:SoftReset
  26          *输    入:无
  27          *输    出:无
  28          *说    明:软件复位MCU
  29          ********************************************/
  30          void SoftReset(void)
  31          {
  32   1           ISP_CONTR=0x20;
  33   1      }
  34          /********************************************
  35          *函数名称:EXTInit
  36          *输    入:无
  37          *输    出:无
  38          *说    明:外部中断初始化
  39          ********************************************/
  40          void EXTInit(void)
  41          {
  42   1           EX1=1;        //允许外部中断1中断
  43   1           IT1=0;        //低电平触发
  44   1           EA=1;         //开启全局中断
  45   1      }
  46          /********************************************
  47          *函数名称:main
  48          *输    入:无
  49          *输    出:无
  50          *说    明:函数主体
  51          ********************************************/
  52          void main(void)            
  53          {
  54   1         unsigned char i;
  55   1              
C51 COMPILER V7.06   MAIN                                                                  03/16/2011 16:22:55 PAGE 2   

  56   1         EXTInit();             //外部中断初始化
  57   1      
  58   1         for(i=0;i<20;i++)      //循环闪烁LED灯
  59   1         {
  60   2                 LED_PORT=~LED_PORT;
  61   2                 Delay();        
  62   2         }
  63   1      
  64   1         while(1)
  65   1         {
  66   2            ;//空操作
  67   2         }    
  68   1      }
  69          /********************************************
  70          *函数名称:EXT1IRQ
  71          *输    入:无
  72          *输    出:无
  73          *说    明:外部中断1中断服务函数 复位操作
  74          ********************************************/
  75          void EXT1IRQ(void)interrupt 2
  76          {
  77   1           SoftReset();
  78   1      }
  79          


MODULE INFORMATION:   STATIC OVERLAYABLE
   CODE SIZE        =     45    ----
   CONSTANT SIZE    =   ----    ----
   XDATA SIZE       =   ----    ----
   PDATA SIZE       =   ----    ----
   DATA SIZE        =   ----    ----
   IDATA SIZE       =   ----    ----
   BIT SIZE         =   ----    ----
END OF MODULE INFORMATION.


C51 COMPILATION COMPLETE.  0 WARNING(S),  0 ERROR(S)
