C51 COMPILER V7.06   MAIN                                                                  03/16/2011 16:19:05 PAGE 1   


C51 COMPILER V7.06, COMPILATION OF MODULE MAIN
OBJECT MODULE PLACED IN Main.OBJ
COMPILER INVOKED BY: C:\Keil\C51\BIN\C51.EXE Main.c BROWSE DEBUG OBJECTEXTEND

stmt level    source

   1          /*
   2           ----------------------------------------------------
   3           *作    者：温子祺
   4           ----------------------------------------------------
   5           */
   6          #include "stc.h"
   7          /****************************************
   8          *函数名称:UARTInit
   9          *输    入:无
  10          *输    出:无
  11          *功    能:串口初始化
  12          ******************************************/
  13          void UARTInit(void)                
  14          {
  15   1           SCON =0x50;                     //8位数据位
  16   1              T2CON=0x34;                     //由T/C2作为波特率发生器
  17   1              RCAP2L=0xD9;                    //波特率为9600的低8位
  18   1              RCAP2H=0xFF;                    //波特率为9600的高8位
  19   1      }
  20          /****************************************
  21          *函数名称:UARTSendByte
  22          *输    入:byte 要发送的字节
  23          *输    出:无
  24          *功    能:串口 发送单个字节
  25          ******************************************/
  26          void UARTSendByte(unsigned char byte)
  27          {
  28   1              SBUF=byte;                       //缓冲区装载要发送的字节
  29   1              while(TI==0);                   //等待发送完毕,TI会置1
  30   1              TI=0;                             //清零TI
  31   1      } 
  32          /****************************************
  33          *函数名称:UARTPrintString
  34          *输    入:str 字符串
  35          *输    出:无
  36          *功    能:串口 打印字符串
  37          ******************************************/
  38          void UARTPrintString(char *str) 
  39          {
  40   1              while(str && *str)              //检测str是否有效
  41   1              {
  42   2                      UARTSendByte(*str++);      //发送数据
  43   2              }
  44   1      }
  45          /****************************************
  46          *函数名称:main
  47          *输    入:无
  48          *输    出:无
  49          *功    能:函数主体
  50          ******************************************/
  51          void main(void)                     
  52          {
  53   1              UARTInit();                      //串口初始化
  54   1              P3=0xFF;                         //P3口引脚输出高电平
  55   1              IT1=0;                           //外部中断1为低电平触发
C51 COMPILER V7.06   MAIN                                                                  03/16/2011 16:19:05 PAGE 2   

  56   1              EX1=1;                           //允许外部中断1中断
  57   1              EA=1;                            //开启全局中断
  58   1           while(1);                       //死循环
  59   1      }
  60          /****************************************
  61          *函数名称:ExInt1IRQ
  62          *输    入:无
  63          *输    出:无
  64          *功    能:外部中断1中断服务函数
  65          ******************************************/
  66          void ExInt1IRQ(void)interrupt 2           //外部中断1中断服务函数
  67          {
  68   1              UARTPrintString("KEY INT\r\n");        //打印信息
  69   1      }
  70          


MODULE INFORMATION:   STATIC OVERLAYABLE
   CODE SIZE        =    125    ----
   CONSTANT SIZE    =     10    ----
   XDATA SIZE       =   ----    ----
   PDATA SIZE       =   ----    ----
   DATA SIZE        =   ----       3
   IDATA SIZE       =   ----    ----
   BIT SIZE         =   ----    ----
END OF MODULE INFORMATION.


C51 COMPILATION COMPLETE.  0 WARNING(S),  0 ERROR(S)
