Sunplus u'nSP Assembler - Ver. 1.8.0
              Listing File Has Been Relocated
                            	// GCC for SUNPLUS u'nSP version 1.0.10
                            	// Command: E:\PROGRA~1\Sunplus\UNSPID~3\IDE180\cc1.exe C:\DOCUME~1\˔Ȼ˚.DOMAIN\LOCALS~1\Temp\ccSyaaaa.i -fkeep-inline-functions -quiet -dumpbase Key_and_LED.c -gstabs -o .\Debug/Key_and_LED.asm
                            	// gcc2_compiled.:
                            	
0000806C                    	.code
                            	Ltext0:
00000000                    	.debug
00000000 2E 00 73 00        		.dw '.stabs "int:t1=r1;-32768;32767;",128,0,0,0',0x0d,0x0a
         74 00 61 00
         62 00 73 00
         20 00 22 00
         69 00 6E 00
         74 00 3A 00
         74 00 31 00
         3D 00 72 00
         31 00 3B 00
         2D 00 33 00
         32 00 37 00
         36 00 38 00
         3B 00 33 00
         32 00 37 00
         36 00 37 00
         3B 00 22 00
         2C 00 31 00
         32 00 38 00
         2C 00 30 00
         2C 00 30 00
         2C 00 30 00
         0D 00 0A 00
0000806C                    	.CODE
0000002C                    	.debug
0000002C 2E 00 73 00        		.dw '.stabs "char:t2=r2;0;127;",128,0,0,0',0x0d,0x0a
         74 00 61 00
         62 00 73 00
         20 00 22 00
         63 00 68 00
         61 00 72 00
         3A 00 74 00
         32 00 3D 00
         72 00 32 00
         3B 00 30 00
         3B 00 31 00
         32 00 37 00
         3B 00 22 00
         2C 00 31 00
         32 00 38 00
         2C 00 30 00
         2C 00 30 00
         2C 00 30 00
         0D 00 0A 00
0000806C                    	.CODE
00000052                    	.debug
00000052 2E 00 73 00        		.dw '.stabs "long int:t3=r3;-2147483648;2147483647;",128,0,0,0',0x0d,0x0a
         74 00 61 00
         62 00 73 00
         20 00 22 00
         6C 00 6F 00
         6E 00 67 00
         20 00 69 00
         6E 00 74 00
         3A 00 74 00
         33 00 3D 00
         72 00 33 00
         3B 00 2D 00
         32 00 31 00
         34 00 37 00
         34 00 38 00
         33 00 36 00
         34 00 38 00
         3B 00 32 00
         31 00 34 00
         37 00 34 00
         38 00 33 00
         36 00 34 00
         37 00 3B 00
         22 00 2C 00
         31 00 32 00
         38 00 2C 00
         30 00 2C 00
         30 00 2C 00
         30 00 0D 00
         0A 00      
0000806C                    	.CODE
0000008D                    	.debug
0000008D 2E 00 73 00        		.dw '.stabs "unsigned int:t4=r4;0;65535;",128,0,0,0',0x0d,0x0a
         74 00 61 00
         62 00 73 00
         20 00 22 00
         75 00 6E 00
         73 00 69 00
         67 00 6E 00
         65 00 64 00
         20 00 69 00
         6E 00 74 00
         3A 00 74 00
         34 00 3D 00
         72 00 34 00
         3B 00 30 00
         3B 00 36 00
         35 00 35 00
         33 00 35 00
         3B 00 22 00
         2C 00 31 00
         32 00 38 00
         2C 00 30 00
         2C 00 30 00
         2C 00 30 00
         0D 00 0A 00
0000806C                    	.CODE
000000BD                    	.debug
000000BD 2E 00 73 00        		.dw '.stabs "long unsigned int:t5=r5;0;4294967295;",128,0,0,0',0x0d,0x0a
         74 00 61 00
         62 00 73 00
         20 00 22 00
         6C 00 6F 00
         6E 00 67 00
         20 00 75 00
         6E 00 73 00
         69 00 67 00
         6E 00 65 00
         64 00 20 00
         69 00 6E 00
         74 00 3A 00
         74 00 35 00
         3D 00 72 00
         35 00 3B 00
         30 00 3B 00
         34 00 32 00
         39 00 34 00
         39 00 36 00
         37 00 32 00
         39 00 35 00
         3B 00 22 00
         2C 00 31 00
         32 00 38 00
         2C 00 30 00
         2C 00 30 00
         2C 00 30 00
         0D 00 0A 00
0000806C                    	.CODE
000000F7                    	.debug
000000F7 2E 00 73 00        		.dw '.stabs "long long int:t6=r6;-2147483648;2147483647;",128,0,0,0',0x0d,0x0a
         74 00 61 00
         62 00 73 00
         20 00 22 00
         6C 00 6F 00
         6E 00 67 00
         20 00 6C 00
         6F 00 6E 00
         67 00 20 00
         69 00 6E 00
         74 00 3A 00
         74 00 36 00
         3D 00 72 00
         36 00 3B 00
         2D 00 32 00
         31 00 34 00
         37 00 34 00
         38 00 33 00
         36 00 34 00
         38 00 3B 00
         32 00 31 00
         34 00 37 00
         34 00 38 00
         33 00 36 00
         34 00 37 00
         3B 00 22 00
         2C 00 31 00
         32 00 38 00
         2C 00 30 00
         2C 00 30 00
         2C 00 30 00
         0D 00 0A 00
0000806C                    	.CODE
00000137                    	.debug
00000137 2E 00 73 00        		.dw '.stabs "long long unsigned int:t7=r7;0;4294967295;",128,0,0,0',0x0d,0x0a
         74 00 61 00
         62 00 73 00
         20 00 22 00
         6C 00 6F 00
         6E 00 67 00
         20 00 6C 00
         6F 00 6E 00
         67 00 20 00
         75 00 6E 00
         73 00 69 00
         67 00 6E 00
         65 00 64 00
         20 00 69 00
         6E 00 74 00
         3A 00 74 00
         37 00 3D 00
         72 00 37 00
         3B 00 30 00
         3B 00 34 00
         32 00 39 00
         34 00 39 00
         36 00 37 00
         32 00 39 00
         35 00 3B 00
         22 00 2C 00
         31 00 32 00
         38 00 2C 00
         30 00 2C 00
         30 00 2C 00
         30 00 0D 00
         0A 00      
0000806C                    	.CODE
00000176                    	.debug
00000176 2E 00 73 00        		.dw '.stabs "short int:t8=r8;-32768;32767;",128,0,0,0',0x0d,0x0a
         74 00 61 00
         62 00 73 00
         20 00 22 00
         73 00 68 00
         6F 00 72 00
         74 00 20 00
         69 00 6E 00
         74 00 3A 00
         74 00 38 00
         3D 00 72 00
         38 00 3B 00
         2D 00 33 00
         32 00 37 00
         36 00 38 00
         3B 00 33 00
         32 00 37 00
         36 00 37 00
         3B 00 22 00
         2C 00 31 00
         32 00 38 00
         2C 00 30 00
         2C 00 30 00
         2C 00 30 00
         0D 00 0A 00
0000806C                    	.CODE
000001A8                    	.debug
000001A8 2E 00 73 00        		.dw '.stabs "short unsigned int:t9=r9;0;65535;",128,0,0,0',0x0d,0x0a
         74 00 61 00
         62 00 73 00
         20 00 22 00
         73 00 68 00
         6F 00 72 00
         74 00 20 00
         75 00 6E 00
         73 00 69 00
         67 00 6E 00
         65 00 64 00
         20 00 69 00
         6E 00 74 00
         3A 00 74 00
         39 00 3D 00
         72 00 39 00
         3B 00 30 00
         3B 00 36 00
         35 00 35 00
         33 00 35 00
         3B 00 22 00
         2C 00 31 00
         32 00 38 00
         2C 00 30 00
         2C 00 30 00
         2C 00 30 00
         0D 00 0A 00
0000806C                    	.CODE
000001DE                    	.debug
000001DE 2E 00 73 00        		.dw '.stabs "signed char:t10=r10;-32768;32767;",128,0,0,0',0x0d,0x0a
         74 00 61 00
         62 00 73 00
         20 00 22 00
         73 00 69 00
         67 00 6E 00
         65 00 64 00
         20 00 63 00
         68 00 61 00
         72 00 3A 00
         74 00 31 00
         30 00 3D 00
         72 00 31 00
         30 00 3B 00
         2D 00 33 00
         32 00 37 00
         36 00 38 00
         3B 00 33 00
         32 00 37 00
         36 00 37 00
         3B 00 22 00
         2C 00 31 00
         32 00 38 00
         2C 00 30 00
         2C 00 30 00
         2C 00 30 00
         0D 00 0A 00
0000806C                    	.CODE
00000214                    	.debug
00000214 2E 00 73 00        		.dw '.stabs "unsigned char:t11=r11;0;65535;",128,0,0,0',0x0d,0x0a
         74 00 61 00
         62 00 73 00
         20 00 22 00
         75 00 6E 00
         73 00 69 00
         67 00 6E 00
         65 00 64 00
         20 00 63 00
         68 00 61 00
         72 00 3A 00
         74 00 31 00
         31 00 3D 00
         72 00 31 00
         31 00 3B 00
         30 00 3B 00
         36 00 35 00
         35 00 33 00
         35 00 3B 00
         22 00 2C 00
         31 00 32 00
         38 00 2C 00
         30 00 2C 00
         30 00 2C 00
         30 00 0D 00
         0A 00      
0000806C                    	.CODE
00000247                    	.debug
00000247 2E 00 73 00        		.dw '.stabs "float:t12=r1;2;0;",128,0,0,0',0x0d,0x0a
         74 00 61 00
         62 00 73 00
         20 00 22 00
         66 00 6C 00
         6F 00 61 00
         74 00 3A 00
         74 00 31 00
         32 00 3D 00
         72 00 31 00
         3B 00 32 00
         3B 00 30 00
         3B 00 22 00
         2C 00 31 00
         32 00 38 00
         2C 00 30 00
         2C 00 30 00
         2C 00 30 00
         0D 00 0A 00
0000806C                    	.CODE
0000026D                    	.debug
0000026D 2E 00 73 00        		.dw '.stabs "double:t13=r1;2;0;",128,0,0,0',0x0d,0x0a
         74 00 61 00
         62 00 73 00
         20 00 22 00
         64 00 6F 00
         75 00 62 00
         6C 00 65 00
         3A 00 74 00
         31 00 33 00
         3D 00 72 00
         31 00 3B 00
         32 00 3B 00
         30 00 3B 00
         22 00 2C 00
         31 00 32 00
         38 00 2C 00
         30 00 2C 00
         30 00 2C 00
         30 00 0D 00
         0A 00      
0000806C                    	.CODE
00000294                    	.debug
00000294 2E 00 73 00        		.dw '.stabs "long double:t14=r1;2;0;",128,0,0,0',0x0d,0x0a
         74 00 61 00
         62 00 73 00
         20 00 22 00
         6C 00 6F 00
         6E 00 67 00
         20 00 64 00
         6F 00 75 00
         62 00 6C 00
         65 00 3A 00
         74 00 31 00
         34 00 3D 00
         72 00 31 00
         3B 00 32 00
         3B 00 30 00
         3B 00 22 00
         2C 00 31 00
         32 00 38 00
         2C 00 30 00
         2C 00 30 00
         2C 00 30 00
         0D 00 0A 00
0000806C                    	.CODE
000002C0                    	.debug
000002C0 2E 00 73 00        		.dw '.stabs "complex int:t15=s2real:1,0,16;imag:1,16,16;;",128,0,0,0',0x0d,0x0a
         74 00 61 00
         62 00 73 00
         20 00 22 00
         63 00 6F 00
         6D 00 70 00
         6C 00 65 00
         78 00 20 00
         69 00 6E 00
         74 00 3A 00
         74 00 31 00
         35 00 3D 00
         73 00 32 00
         72 00 65 00
         61 00 6C 00
         3A 00 31 00
         2C 00 30 00
         2C 00 31 00
         36 00 3B 00
         69 00 6D 00
         61 00 67 00
         3A 00 31 00
         2C 00 31 00
         36 00 2C 00
         31 00 36 00
         3B 00 3B 00
         22 00 2C 00
         31 00 32 00
         38 00 2C 00
         30 00 2C 00
         30 00 2C 00
         30 00 0D 00
         0A 00      
0000806C                    	.CODE
00000301                    	.debug
00000301 2E 00 73 00        		.dw '.stabs "complex float:t16=r16;2;0;",128,0,0,0',0x0d,0x0a
         74 00 61 00
         62 00 73 00
         20 00 22 00
         63 00 6F 00
         6D 00 70 00
         6C 00 65 00
         78 00 20 00
         66 00 6C 00
         6F 00 61 00
         74 00 3A 00
         74 00 31 00
         36 00 3D 00
         72 00 31 00
         36 00 3B 00
         32 00 3B 00
         30 00 3B 00
         22 00 2C 00
         31 00 32 00
         38 00 2C 00
         30 00 2C 00
         30 00 2C 00
         30 00 0D 00
         0A 00      
0000806C                    	.CODE
00000330                    	.debug
00000330 2E 00 73 00        		.dw '.stabs "complex double:t17=r17;2;0;",128,0,0,0',0x0d,0x0a
         74 00 61 00
         62 00 73 00
         20 00 22 00
         63 00 6F 00
         6D 00 70 00
         6C 00 65 00
         78 00 20 00
         64 00 6F 00
         75 00 62 00
         6C 00 65 00
         3A 00 74 00
         31 00 37 00
         3D 00 72 00
         31 00 37 00
         3B 00 32 00
         3B 00 30 00
         3B 00 22 00
         2C 00 31 00
         32 00 38 00
         2C 00 30 00
         2C 00 30 00
         2C 00 30 00
         0D 00 0A 00
0000806C                    	.CODE
00000360                    	.debug
00000360 2E 00 73 00        		.dw '.stabs "complex long double:t18=r18;2;0;",128,0,0,0',0x0d,0x0a
         74 00 61 00
         62 00 73 00
         20 00 22 00
         63 00 6F 00
         6D 00 70 00
         6C 00 65 00
         78 00 20 00
         6C 00 6F 00
         6E 00 67 00
         20 00 64 00
         6F 00 75 00
         62 00 6C 00
         65 00 3A 00
         74 00 31 00
         38 00 3D 00
         72 00 31 00
         38 00 3B 00
         32 00 3B 00
         30 00 3B 00
         22 00 2C 00
         31 00 32 00
         38 00 2C 00
         30 00 2C 00
         30 00 2C 00
         30 00 0D 00
         0A 00      
0000806C                    	.CODE
00000395                    	.debug
00000395 2E 00 73 00        		.dw '.stabs "void:t19=19",128,0,0,0',0x0d,0x0a
         74 00 61 00
         62 00 73 00
         20 00 22 00
         76 00 6F 00
         69 00 64 00
         3A 00 74 00
         31 00 39 00
         3D 00 31 00
         39 00 22 00
         2C 00 31 00
         32 00 38 00
         2C 00 30 00
         2C 00 30 00
         2C 00 30 00
         0D 00 0A 00
0000806C                    	.CODE
0000806C                    	.code
000003B5                    	.debug
000003B5 2E 00 73 00        		.dw '.stabs "main:F1",36,0,0,',0,0,offset _main,seg _main,0x0d,0x0a
         74 00 61 00
         62 00 73 00
         20 00 22 00
         6D 00 61 00
         69 00 6E 00
         3A 00 46 00
         31 00 22 00
         2C 00 33 00
         36 00 2C 00
         30 00 2C 00
         30 00 2C 00
         00 00 00 00
         00 00 00 00
         0D 00 0A 00
0000806C                    	.CODE
                            	.public _main
                            	_main:	.proc
000003D3                    	.debug
000003D3 2E 00 73 00        		.dw '.stabn 0x44,0,19,',0,0
         74 00 61 00
         62 00 6E 00
         20 00 30 00
         78 00 34 00
         34 00 2C 00
         30 00 2C 00
         31 00 39 00
         2C 00 00 00
         00 00      
000003E6 00 00 00 00        		.dd LM1-_main
000003E8 0D 00 0A 00        		.dw 0x0d,0x0a
0000806C                    	.code
                            	LM1:
                            		// total=2, vars=2
                            		// frame_pointer_needed: 1
0000806C 88 DA              		push bp to [sp]
0000806D 42 20              		sp-=2
0000806E 08 0B 01 00        		bp=sp+1
                            	
00008070 0D 03 05 00        		R1=BP+5
00008072 01 D2              		[bp+1]=R1	// QImode move
000003EA                    	.debug
000003EA 2E 00 73 00        		.dw '.stabn 0x44,0,20,',0,0
         74 00 61 00
         62 00 6E 00
         20 00 30 00
         78 00 34 00
         34 00 2C 00
         30 00 2C 00
         32 00 30 00
         2C 00 00 00
         00 00      
000003FD 07 00 00 00        		.dd LM2-_main
000003FF 0D 00 0A 00        		.dw 0x0d,0x0a
00008073                    	.code
                            	LM2:
                            	LBB2:
00000401                    	.debug
00000401 2E 00 73 00        		.dw '.stabn 0x44,0,23,',0,0
         74 00 61 00
         62 00 6E 00
         20 00 30 00
         78 00 34 00
         34 00 2C 00
         30 00 2C 00
         32 00 33 00
         2C 00 00 00
         00 00      
00000414 07 00 00 00        		.dd LM3-_main
00000416 0D 00 0A 00        		.dw 0x0d,0x0a
00008073                    	.code
                            	LM3:
00008073 40 92              		R1=0	// QImode move
00008074 C8 D2              		[SP--]=R1	// QImode move
00008075 40 F0 DB 80        		call _Set_IOA_Dir	// call without return value
00008077 41 00              		SP=SP+1
00000418                    	.debug
00000418 2E 00 73 00        		.dw '.stabn 0x44,0,24,',0,0
         74 00 61 00
         62 00 6E 00
         20 00 30 00
         78 00 34 00
         34 00 2C 00
         30 00 2C 00
         32 00 34 00
         2C 00 00 00
         00 00      
0000042B 0C 00 00 00        		.dd LM4-_main
0000042D 0D 00 0A 00        		.dw 0x0d,0x0a
00008078                    	.code
                            	LM4:
00008078 40 92              		R1=0	// QImode move
00008079 C8 D2              		[SP--]=R1	// QImode move
0000807A 40 F0 E3 80        		call _Set_IOA_Attrib	// call without return value
0000807C 41 00              		SP=SP+1
0000042F                    	.debug
0000042F 2E 00 73 00        		.dw '.stabn 0x44,0,25,',0,0
         74 00 61 00
         62 00 6E 00
         20 00 30 00
         78 00 34 00
         34 00 2C 00
         30 00 2C 00
         32 00 35 00
         2C 00 00 00
         00 00      
00000442 11 00 00 00        		.dd LM5-_main
00000444 0D 00 0A 00        		.dw 0x0d,0x0a
0000807D                    	.code
                            	LM5:
0000807D 40 92              		R1=0	// QImode move
0000807E C8 D2              		[SP--]=R1	// QImode move
0000807F 40 F0 EB 80        		call _Set_IOA_Data	// call without return value
00008081 41 00              		SP=SP+1
00000446                    	.debug
00000446 2E 00 73 00        		.dw '.stabn 0x44,0,28,',0,0
         74 00 61 00
         62 00 6E 00
         20 00 30 00
         78 00 34 00
         34 00 2C 00
         30 00 2C 00
         32 00 38 00
         2C 00 00 00
         00 00      
00000459 16 00 00 00        		.dd LM6-_main
0000045B 0D 00 0A 00        		.dw 0x0d,0x0a
00008082                    	.code
                            	LM6:
00008082 41 62              		R1=(-1)	// QImode move
00008083 C8 D2              		[SP--]=R1	// QImode move
00008084 40 F0 FE 80        		call _Set_IOB_Dir	// call without return value
00008086 41 00              		SP=SP+1
0000045D                    	.debug
0000045D 2E 00 73 00        		.dw '.stabn 0x44,0,29,',0,0
         74 00 61 00
         62 00 6E 00
         20 00 30 00
         78 00 34 00
         34 00 2C 00
         30 00 2C 00
         32 00 39 00
         2C 00 00 00
         00 00      
00000470 1B 00 00 00        		.dd LM7-_main
00000472 0D 00 0A 00        		.dw 0x0d,0x0a
00008087                    	.code
                            	LM7:
00008087 41 62              		R1=(-1)	// QImode move
00008088 C8 D2              		[SP--]=R1	// QImode move
00008089 40 F0 06 81        		call _Set_IOB_Attrib	// call without return value
0000808B 41 00              		SP=SP+1
00000474                    	.debug
00000474 2E 00 73 00        		.dw '.stabn 0x44,0,30,',0,0
         74 00 61 00
         62 00 6E 00
         20 00 30 00
         78 00 34 00
         34 00 2C 00
         30 00 2C 00
         33 00 30 00
         2C 00 00 00
         00 00      
00000487 20 00 00 00        		.dd LM8-_main
00000489 0D 00 0A 00        		.dw 0x0d,0x0a
0000808C                    	.code
                            	LM8:
0000808C 40 92              		R1=0	// QImode move
0000808D C8 D2              		[SP--]=R1	// QImode move
0000808E 40 F0 0E 81        		call _Set_IOB_Data	// call without return value
00008090 41 00              		SP=SP+1
0000048B                    	.debug
0000048B 2E 00 73 00        		.dw '.stabn 0x44,0,32,',0,0
         74 00 61 00
         62 00 6E 00
         20 00 30 00
         78 00 34 00
         34 00 2C 00
         30 00 2C 00
         33 00 32 00
         2C 00 00 00
         00 00      
0000049E 25 00 00 00        		.dd LM9-_main
000004A0 0D 00 0A 00        		.dw 0x0d,0x0a
00008091                    	.code
                            	LM9:
                            	L3:
00008091 0F 9F 95 80        		pc=L5	// jump
00008093 0F 9F D8 80        		pc=L4	// jump
                            	L5:
000004A2                    	.debug
000004A2 2E 00 73 00        		.dw '.stabn 0x44,0,34,',0,0
         74 00 61 00
         62 00 6E 00
         20 00 30 00
         78 00 34 00
         34 00 2C 00
         30 00 2C 00
         33 00 34 00
         2C 00 00 00
         00 00      
000004B5 29 00 00 00        		.dd LM10-_main
000004B7 0D 00 0A 00        		.dw 0x0d,0x0a
00008095                    	.code
                            	LM10:
00008095 40 F0 F0 80        		call _Get_IOA_Data	// call with return value
00008097 C5 D2              		[BP]=R1	// QImode move
000004B9                    	.debug
000004B9 2E 00 73 00        		.dw '.stabn 0x44,0,35,',0,0
         74 00 61 00
         62 00 6E 00
         20 00 30 00
         78 00 34 00
         34 00 2C 00
         30 00 2C 00
         33 00 35 00
         2C 00 00 00
         00 00      
000004CC 2C 00 00 00        		.dd LM11-_main
000004CE 0D 00 0A 00        		.dw 0x0d,0x0a
00008098                    	.code
                            	LM11:
00008098 C5 92              		R1=[BP]	// QImode move
00008099 48 42              		CMP R1,8	// QImode compare
0000809A 02 4E              		JNZ L21	// QImode EQ
0000809B 0F 9F CD 80        		PC=L15
                            	L21:
0000809D 48 42              		CMP R1,8	// QImode compare
0000809E 02 8E              		JNA L22	// QImode GTU
0000809F 0F 9F B1 80        		PC=L18
                            	L22:
000080A1 42 42              		CMP R1,2	// QImode compare
000080A2 02 8E              		JNA L23	// QImode GTU
000080A3 0F 9F AB 80        		PC=L19
                            	L23:
000080A5 41 42              		CMP R1,1	// QImode compare
000080A6 02 0E              		JB L24	// QImode GEU
000080A7 0F 9F CD 80        		PC=L15
                            	L24:
000080A9 0F 9F CB 80        		pc=L7	// jump
                            	L19:
000080AB 44 42              		CMP R1,4	// QImode compare
000080AC 02 4E              		JNZ L25	// QImode EQ
000080AD 0F 9F CD 80        		PC=L15
                            	L25:
000080AF 0F 9F D4 80        		pc=L16	// jump
                            	L18:
000080B1 60 42              		CMP R1,32	// QImode compare
000080B2 02 4E              		JNZ L26	// QImode EQ
000080B3 0F 9F CD 80        		PC=L15
                            	L26:
000080B5 60 42              		CMP R1,32	// QImode compare
000080B6 02 8E              		JNA L27	// QImode GTU
000080B7 0F 9F BF 80        		PC=L20
                            	L27:
000080B9 50 42              		CMP R1,16	// QImode compare
000080BA 02 4E              		JNZ L28	// QImode EQ
000080BB 0F 9F CD 80        		PC=L15
                            	L28:
000080BD 0F 9F D4 80        		pc=L16	// jump
                            	L20:
000080BF 09 43 40 00        		CMP R1,64	// QImode compare
000080C1 02 4E              		JNZ L29	// QImode EQ
000080C2 0F 9F CD 80        		PC=L15
                            	L29:
000080C4 09 43 80 00        		CMP R1,128	// QImode compare
000080C6 02 4E              		JNZ L30	// QImode EQ
000080C7 0F 9F CD 80        		PC=L15
                            	L30:
000080C9 0F 9F D4 80        		pc=L16	// jump
                            	L7:
000004D0                    	.debug
000004D0 2E 00 73 00        		.dw '.stabn 0x44,0,38,',0,0
         74 00 61 00
         62 00 6E 00
         20 00 30 00
         78 00 34 00
         34 00 2C 00
         30 00 2C 00
         33 00 38 00
         2C 00 00 00
         00 00      
000004E3 5F 00 00 00        		.dd LM12-_main
000004E5 0D 00 0A 00        		.dw 0x0d,0x0a
000080CB                    	.code
                            	LM12:
000080CB 0F 9F D6 80        		pc=L6	// jump
                            	L8:
                            	L9:
                            	L10:
                            	L11:
                            	L12:
                            	L13:
                            	L14:
                            	L15:
000004E7                    	.debug
000004E7 2E 00 73 00        		.dw '.stabn 0x44,0,47,',0,0
         74 00 61 00
         62 00 6E 00
         20 00 30 00
         78 00 34 00
         34 00 2C 00
         30 00 2C 00
         34 00 37 00
         2C 00 00 00
         00 00      
000004FA 61 00 00 00        		.dd LM13-_main
000004FC 0D 00 0A 00        		.dw 0x0d,0x0a
000080CD                    	.code
                            	LM13:
000080CD C5 92              		R1=[BP]	// QImode move
000080CE C8 D2              		[SP--]=R1	// QImode move
000080CF 40 F0 16 81        		call _Set_IOB_Buffer	// call without return value
000080D1 41 00              		SP=SP+1
000004FE                    	.debug
000004FE 2E 00 73 00        		.dw '.stabn 0x44,0,48,',0,0
         74 00 61 00
         62 00 6E 00
         20 00 30 00
         78 00 34 00
         34 00 2C 00
         30 00 2C 00
         34 00 38 00
         2C 00 00 00
         00 00      
00000511 66 00 00 00        		.dd LM14-_main
00000513 0D 00 0A 00        		.dw 0x0d,0x0a
000080D2                    	.code
                            	LM14:
000080D2 0F 9F D6 80        		pc=L6	// jump
                            	L16:
00000515                    	.debug
00000515 2E 00 73 00        		.dw '.stabn 0x44,0,50,',0,0
         74 00 61 00
         62 00 6E 00
         20 00 30 00
         78 00 34 00
         34 00 2C 00
         30 00 2C 00
         35 00 30 00
         2C 00 00 00
         00 00      
00000528 68 00 00 00        		.dd LM15-_main
0000052A 0D 00 0A 00        		.dw 0x0d,0x0a
000080D4                    	.code
                            	LM15:
000080D4 0F 9F D6 80        		pc=L6	// jump
                            	L6:
0000052C                    	.debug
0000052C 2E 00 73 00        		.dw '.stabn 0x44,0,52,',0,0
         74 00 61 00
         62 00 6E 00
         20 00 30 00
         78 00 34 00
         34 00 2C 00
         30 00 2C 00
         35 00 32 00
         2C 00 00 00
         00 00      
0000053F 6A 00 00 00        		.dd LM16-_main
00000541 0D 00 0A 00        		.dw 0x0d,0x0a
000080D6                    	.code
                            	LM16:
000080D6 0F 9F 91 80        		pc=L3	// jump
                            	L4:
00000543                    	.debug
00000543 2E 00 73 00        		.dw '.stabn 0x44,0,53,',0,0
         74 00 61 00
         62 00 6E 00
         20 00 30 00
         78 00 34 00
         34 00 2C 00
         30 00 2C 00
         35 00 33 00
         2C 00 00 00
         00 00      
00000556 6C 00 00 00        		.dd LM17-_main
00000558 0D 00 0A 00        		.dw 0x0d,0x0a
000080D8                    	.code
                            	LM17:
                            	LBE2:
0000055A                    	.debug
0000055A 2E 00 73 00        		.dw '.stabn 0x44,0,53,',0,0
         74 00 61 00
         62 00 6E 00
         20 00 30 00
         78 00 34 00
         34 00 2C 00
         30 00 2C 00
         35 00 33 00
         2C 00 00 00
         00 00      
0000056D 6C 00 00 00        		.dd LM18-_main
0000056F 0D 00 0A 00        		.dw 0x0d,0x0a
000080D8                    	.code
                            	LM18:
                            	L2:
                            	
000080D8 42 00              		sp+=2
000080D9 88 98              		pop bp from [sp]
000080DA 90 9A              		retf
                            		.endp	// end of main
                            	
00000571                    	.debug
00000571 2E 00 73 00        		.dw '.stabn 0xc0,0,0,',0,0
         74 00 61 00
         62 00 6E 00
         20 00 30 00
         78 00 63 00
         30 00 2C 00
         30 00 2C 00
         30 00 2C 00
         00 00 00 00
00000583 07 00 00 00        		.dd LBB2-_main
00000585 0D 00 0A 00        		.dw 0x0d,0x0a
000080DB                    	.code
00000587                    	.debug
00000587 2E 00 73 00        		.dw '.stabs "I_Key:4",128,0,0,0',0x0d,0x0a
         74 00 61 00
         62 00 73 00
         20 00 22 00
         49 00 5F 00
         4B 00 65 00
         79 00 3A 00
         34 00 22 00
         2C 00 31 00
         32 00 38 00
         2C 00 30 00
         2C 00 30 00
         2C 00 30 00
         0D 00 0A 00
000080DB                    	.CODE
000005A3                    	.debug
000005A3 2E 00 73 00        		.dw '.stabn 0xe0,0,0,',0,0
         74 00 61 00
         62 00 6E 00
         20 00 30 00
         78 00 65 00
         30 00 2C 00
         30 00 2C 00
         30 00 2C 00
         00 00 00 00
000005B5 6C 00 00 00        		.dd LBE2-_main
000005B7 0D 00 0A 00        		.dw 0x0d,0x0a
000080DB                    	.code
000005B9                    	.debug
000005B9 2E 00 73 00        		.dw '.stabf ',0,0
         74 00 61 00
         62 00 66 00
         20 00 00 00
         00 00      
000005C2 6F 00 00 00        		.dd LME1-_main
000005C4 0D 00 0A 00        		.dw 0x0d,0x0a
000080DB                    	.code
                            	LME1:
                            	.external _Set_IOB_Buffer
                            	.external _Get_IOA_Data
                            	.external _Set_IOB_Data
                            	.external _Set_IOB_Attrib
                            	.external _Set_IOB_Dir
                            	.external _Set_IOA_Data
                            	.external _Set_IOA_Attrib
                            	.external _Set_IOA_Dir
                            		.end
0 error(s), 0 warning(s).

