C51 COMPILER V7.06   MAIN                                                                  03/16/2011 16:18:53 PAGE 1   


C51 COMPILER V7.06, COMPILATION OF MODULE MAIN
OBJECT MODULE PLACED IN Main.OBJ
COMPILER INVOKED BY: C:\Keil\C51\BIN\C51.EXE Main.c ROM(COMPACT) BROWSE DEBUG OBJECTEXTEND

stmt level    source

   1          /*
   2           ----------------------------------------------------
   3           *作    者：温子祺
   4           ----------------------------------------------------
   5           */
   6          #include "stc.h"
   7          #include <intrins.h>
   8          
   9          /***************************************************
  10           *          类型定义，方便代码移植
  11           ***************************************************/
  12          typedef unsigned char            UINT8;
  13          typedef unsigned int             UINT16;
  14          typedef unsigned long            UINT32;  
  15          typedef char                     INT8;
  16          typedef int                      INT16;
  17          typedef long                     INT32;
  18          
  19          #define NOP()                    _nop_()
  20          #define EEPROM_START_ADDRESS     0x2000 
  21          #define LED_PORT                 P2
  22          
  23          /****************************************************
  24          * 函数名称: DelayNus
  25          * 输    入: t 延时时间
  26          * 输    出: 无
  27          * 功能描述: 微秒级延时
  28          *****************************************************/
  29          void DelayNus(UINT16 t)
  30          {
  31   1              UINT16 d=0;
  32   1      
  33   1              d=t;
  34   1      
  35   1              do
  36   1              {
  37   2                      NOP();
  38   2              }while(--d >0); 
  39   1      }
  40          /****************************************************
  41          * 函数名称: DelayNms
  42          * 输    入: t 延时时间
  43          * 输    出: 无
  44          * 功能描述: 毫秒延时
  45          *****************************************************/
  46          void DelayNms(UINT16 t)
  47          {
  48   1               do
  49   1               {
  50   2                      DelayNus(1000);
  51   2      
  52   2               }while(--t >0);
  53   1      }
  54          /****************************************************
  55          * 函数名称: EEPROMEnable
C51 COMPILER V7.06   MAIN                                                                  03/16/2011 16:18:53 PAGE 2   

  56          * 输    入: 无
  57          * 输    出: 无
  58          * 功能描述: EEPROM使能
  59          *****************************************************/
  60          void EEPROMEnable(void)
  61          {
  62   1              ISP_CONTR=0x81;//使能并设置好等待时间
  63   1      }
  64          /****************************************************
  65          * 函数名称: EEPROMDisable
  66          * 输    入: 无
  67          * 输    出: 无
  68          * 功能描述: EEPROM禁用
  69          *****************************************************/
  70          void EEPROMDisable(void)
  71          {
  72   1          ISP_CONTR=0x00;  //禁止EEPROM
  73   1          ISP_CMD=0x00;    //无ISP操作
  74   1          ISP_TRIG=0x00;   //清零
  75   1          ISP_ADDRH=0x00;  //清零
  76   1          ISP_ADDRL=0x00;  //清零
  77   1      }
  78          /****************************************************
  79          * 函数名称: EEPROMSetAddress
  80          * 输    入: addr 16位地址
  81          * 输    出: 无
  82          * 功能描述: EEPROM 设置读写地址（相对地址）
  83          *****************************************************/
  84          void EEPROMSetAddress(UINT16 addr)
  85          {
  86   1          addr+=EEPROM_START_ADDRESS; //初始化地址为0x2000
  87   1          ISP_ADDRH=(UINT8)(addr>>8); //设置读写地址高字节
  88   1          ISP_ADDRL=(UINT8) addr;      //设置读写地址低字节
  89   1      }
  90          /****************************************************
  91          * 函数名称: EEPROMStart
  92          * 输    入: 无
  93          * 输    出: 无
  94          * 功能描述: EEPROM 启动
  95          *****************************************************/
  96          void EEPROMStart(void)
  97          {
  98   1          ISP_TRIG=0x46; //首先写入0x46
  99   1          ISP_TRIG=0xB9; //然后写入0xB9
 100   1      }
 101          /****************************************************
 102          * 函数名称: EEPROMReadByte
 103          * 输    入: addr 16位 地址
 104          * 输    出: 单个字节
 105          * 功能描述: EEPROM 读取单个字节
 106          *****************************************************/
 107          UINT8 EEPROMReadByte(UINT16 addr)
 108          {
 109   1      
 110   1          ISP_DATA=0x00;              //清空ISP_DATA
 111   1          ISP_CMD=0x01;               //读模式
 112   1          
 113   1          EEPROMEnable();             //EEPROM使能
 114   1          EEPROMSetAddress(addr);   //设置EEPROM地址
 115   1          EEPROMStart();              //EEPROM启动
 116   1      
 117   1              DelayNus(10);              //读取一个字节要10us
C51 COMPILER V7.06   MAIN                                                                  03/16/2011 16:18:53 PAGE 3   

 118   1      
 119   1          EEPROMDisable();           //禁止EEPROM
 120   1              
 121   1          return (ISP_DATA);        //返回读取到的数据
 122   1      }
 123          /****************************************************
 124          * 函数名称: EEPROMWriteByte
 125          * 输    入: addr 16位 地址
 126          byte 单个字节
 127          * 输    出: 无
 128          * 功能描述: EEPROM 写入单个字节
 129          *****************************************************/
 130          void EEPROMWriteByte(UINT16 addr,UINT8 byte)
 131          {
 132   1          EEPROMEnable();           //EERPOM使能
 133   1      
 134   1          ISP_CMD=0x02;             //写模式
 135   1          
 136   1          EEPROMSetAddress(addr); //设置EEPROM地址
 137   1      
 138   1          ISP_DATA=byte;            //写入数据
 139   1      
 140   1          EEPROMStart();            //EEPROM启动
 141   1      
 142   1              DelayNus(60);            //写一个字节需要60us
 143   1      
 144   1          EEPROMDisable();         //禁止EEPROM
 145   1      }
 146          /****************************************************
 147          * 函数名称: EEPROMSectorErase
 148          * 输    入: addr 16位 地址
 149          * 输    出: 无
 150          * 功能描述: EEPROM 扇区擦除
 151          *****************************************************/
 152          void EEPROMSectorErase(UINT16 addr)
 153          {
 154   1          ISP_CMD=0x03;            //扇区擦除模式
 155   1          
 156   1          EEPROMEnable();          //EEPROM使能
 157   1          EEPROMSetAddress(addr);//设置EEPROM地址
 158   1          EEPROMStart();           //EEPROM启动
 159   1      
 160   1          DelayNms(10);             //擦除一个扇区要10ms
 161   1      
 162   1          EEPROMDisable();         //禁止EEPROM
 163   1      
 164   1      }
 165          /****************************************************
 166          * 函数名称: main
 167          * 输    入: 无
 168          * 输    出: 无
 169          * 功能描述: 函数主体
 170          *****************************************************/
 171          void main(void)
 172          {
 173   1          UINT8 i=0;
 174   1      
 175   1          EEPROMSectorErase(0);    //从EEPROM的相对0地址扇区擦除
 176   1          EEPROMWriteByte(0,0x88);//从EEPROM的相对0地址写入0x88
 177   1          i=EEPROMReadByte(0);     //从EERPOM的相对0地址读取数据
 178   1      
 179   1          LED_PORT=~i;               //读取的数据从I/O口显示
C51 COMPILER V7.06   MAIN                                                                  03/16/2011 16:18:53 PAGE 4   

 180   1      
 181   1              while(1);                  //死循环
 182   1      }
 183          


MODULE INFORMATION:   STATIC OVERLAYABLE
   CODE SIZE        =    180    ----
   CONSTANT SIZE    =   ----    ----
   XDATA SIZE       =   ----    ----
   PDATA SIZE       =   ----    ----
   DATA SIZE        =   ----    ----
   IDATA SIZE       =   ----    ----
   BIT SIZE         =   ----    ----
END OF MODULE INFORMATION.


C51 COMPILATION COMPLETE.  0 WARNING(S),  0 ERROR(S)
