Sunplus u'nSP Assembler - Ver. 1.10.0
              Listing File Has Been Relocated
                            	// GCC for SUNPLUS u'nSP version 1.0.10-10
                            	// Command: C:\PROGRA~1\Sunplus\UNSPID~1\unSPIDE\cc1.exe C:\DOCUME~1\Αυ»Τ\LOCALS~1\Temp\ccAzaaaa.i -quiet -dumpbase 11111.c -gstabs -o .\Debug/11111.asm
                            	// gcc2_compiled.:
                            	
00008030                    	.code
                            	Ltext0:
00000000                    	.debug
00000000 2E 00 73 00        		.dw '.stabs "int:t1=r1;-32768;32767;",128,0,0,0',0x0d,0x0a
         74 00 61 00
         62 00 73 00
         20 00 22 00
         69 00 6E 00
         74 00 3A 00
         74 00 31 00
         3D 00 72 00
         31 00 3B 00
         2D 00 33 00
         32 00 37 00
         36 00 38 00
         3B 00 33 00
         32 00 37 00
         36 00 37 00
         3B 00 22 00
         2C 00 31 00
         32 00 38 00
         2C 00 30 00
         2C 00 30 00
         2C 00 30 00
         0D 00 0A 00
00008030                    	.CODE
0000002C                    	.debug
0000002C 2E 00 73 00        		.dw '.stabs "char:t2=r2;0;127;",128,0,0,0',0x0d,0x0a
         74 00 61 00
         62 00 73 00
         20 00 22 00
         63 00 68 00
         61 00 72 00
         3A 00 74 00
         32 00 3D 00
         72 00 32 00
         3B 00 30 00
         3B 00 31 00
         32 00 37 00
         3B 00 22 00
         2C 00 31 00
         32 00 38 00
         2C 00 30 00
         2C 00 30 00
         2C 00 30 00
         0D 00 0A 00
00008030                    	.CODE
00000052                    	.debug
00000052 2E 00 73 00        		.dw '.stabs "long int:t3=r3;-2147483648;2147483647;",128,0,0,0',0x0d,0x0a
         74 00 61 00
         62 00 73 00
         20 00 22 00
         6C 00 6F 00
         6E 00 67 00
         20 00 69 00
         6E 00 74 00
         3A 00 74 00
         33 00 3D 00
         72 00 33 00
         3B 00 2D 00
         32 00 31 00
         34 00 37 00
         34 00 38 00
         33 00 36 00
         34 00 38 00
         3B 00 32 00
         31 00 34 00
         37 00 34 00
         38 00 33 00
         36 00 34 00
         37 00 3B 00
         22 00 2C 00
         31 00 32 00
         38 00 2C 00
         30 00 2C 00
         30 00 2C 00
         30 00 0D 00
         0A 00      
00008030                    	.CODE
0000008D                    	.debug
0000008D 2E 00 73 00        		.dw '.stabs "unsigned int:t4=r4;0;65535;",128,0,0,0',0x0d,0x0a
         74 00 61 00
         62 00 73 00
         20 00 22 00
         75 00 6E 00
         73 00 69 00
         67 00 6E 00
         65 00 64 00
         20 00 69 00
         6E 00 74 00
         3A 00 74 00
         34 00 3D 00
         72 00 34 00
         3B 00 30 00
         3B 00 36 00
         35 00 35 00
         33 00 35 00
         3B 00 22 00
         2C 00 31 00
         32 00 38 00
         2C 00 30 00
         2C 00 30 00
         2C 00 30 00
         0D 00 0A 00
00008030                    	.CODE
000000BD                    	.debug
000000BD 2E 00 73 00        		.dw '.stabs "long unsigned int:t5=r5;0;4294967295;",128,0,0,0',0x0d,0x0a
         74 00 61 00
         62 00 73 00
         20 00 22 00
         6C 00 6F 00
         6E 00 67 00
         20 00 75 00
         6E 00 73 00
         69 00 67 00
         6E 00 65 00
         64 00 20 00
         69 00 6E 00
         74 00 3A 00
         74 00 35 00
         3D 00 72 00
         35 00 3B 00
         30 00 3B 00
         34 00 32 00
         39 00 34 00
         39 00 36 00
         37 00 32 00
         39 00 35 00
         3B 00 22 00
         2C 00 31 00
         32 00 38 00
         2C 00 30 00
         2C 00 30 00
         2C 00 30 00
         0D 00 0A 00
00008030                    	.CODE
000000F7                    	.debug
000000F7 2E 00 73 00        		.dw '.stabs "long long int:t6=r6;-2147483648;2147483647;",128,0,0,0',0x0d,0x0a
         74 00 61 00
         62 00 73 00
         20 00 22 00
         6C 00 6F 00
         6E 00 67 00
         20 00 6C 00
         6F 00 6E 00
         67 00 20 00
         69 00 6E 00
         74 00 3A 00
         74 00 36 00
         3D 00 72 00
         36 00 3B 00
         2D 00 32 00
         31 00 34 00
         37 00 34 00
         38 00 33 00
         36 00 34 00
         38 00 3B 00
         32 00 31 00
         34 00 37 00
         34 00 38 00
         33 00 36 00
         34 00 37 00
         3B 00 22 00
         2C 00 31 00
         32 00 38 00
         2C 00 30 00
         2C 00 30 00
         2C 00 30 00
         0D 00 0A 00
00008030                    	.CODE
00000137                    	.debug
00000137 2E 00 73 00        		.dw '.stabs "long long unsigned int:t7=r7;0;4294967295;",128,0,0,0',0x0d,0x0a
         74 00 61 00
         62 00 73 00
         20 00 22 00
         6C 00 6F 00
         6E 00 67 00
         20 00 6C 00
         6F 00 6E 00
         67 00 20 00
         75 00 6E 00
         73 00 69 00
         67 00 6E 00
         65 00 64 00
         20 00 69 00
         6E 00 74 00
         3A 00 74 00
         37 00 3D 00
         72 00 37 00
         3B 00 30 00
         3B 00 34 00
         32 00 39 00
         34 00 39 00
         36 00 37 00
         32 00 39 00
         35 00 3B 00
         22 00 2C 00
         31 00 32 00
         38 00 2C 00
         30 00 2C 00
         30 00 2C 00
         30 00 0D 00
         0A 00      
00008030                    	.CODE
00000176                    	.debug
00000176 2E 00 73 00        		.dw '.stabs "short int:t8=r8;-32768;32767;",128,0,0,0',0x0d,0x0a
         74 00 61 00
         62 00 73 00
         20 00 22 00
         73 00 68 00
         6F 00 72 00
         74 00 20 00
         69 00 6E 00
         74 00 3A 00
         74 00 38 00
         3D 00 72 00
         38 00 3B 00
         2D 00 33 00
         32 00 37 00
         36 00 38 00
         3B 00 33 00
         32 00 37 00
         36 00 37 00
         3B 00 22 00
         2C 00 31 00
         32 00 38 00
         2C 00 30 00
         2C 00 30 00
         2C 00 30 00
         0D 00 0A 00
00008030                    	.CODE
000001A8                    	.debug
000001A8 2E 00 73 00        		.dw '.stabs "short unsigned int:t9=r9;0;65535;",128,0,0,0',0x0d,0x0a
         74 00 61 00
         62 00 73 00
         20 00 22 00
         73 00 68 00
         6F 00 72 00
         74 00 20 00
         75 00 6E 00
         73 00 69 00
         67 00 6E 00
         65 00 64 00
         20 00 69 00
         6E 00 74 00
         3A 00 74 00
         39 00 3D 00
         72 00 39 00
         3B 00 30 00
         3B 00 36 00
         35 00 35 00
         33 00 35 00
         3B 00 22 00
         2C 00 31 00
         32 00 38 00
         2C 00 30 00
         2C 00 30 00
         2C 00 30 00
         0D 00 0A 00
00008030                    	.CODE
000001DE                    	.debug
000001DE 2E 00 73 00        		.dw '.stabs "signed char:t10=r10;-32768;32767;",128,0,0,0',0x0d,0x0a
         74 00 61 00
         62 00 73 00
         20 00 22 00
         73 00 69 00
         67 00 6E 00
         65 00 64 00
         20 00 63 00
         68 00 61 00
         72 00 3A 00
         74 00 31 00
         30 00 3D 00
         72 00 31 00
         30 00 3B 00
         2D 00 33 00
         32 00 37 00
         36 00 38 00
         3B 00 33 00
         32 00 37 00
         36 00 37 00
         3B 00 22 00
         2C 00 31 00
         32 00 38 00
         2C 00 30 00
         2C 00 30 00
         2C 00 30 00
         0D 00 0A 00
00008030                    	.CODE
00000214                    	.debug
00000214 2E 00 73 00        		.dw '.stabs "unsigned char:t11=r11;0;65535;",128,0,0,0',0x0d,0x0a
         74 00 61 00
         62 00 73 00
         20 00 22 00
         75 00 6E 00
         73 00 69 00
         67 00 6E 00
         65 00 64 00
         20 00 63 00
         68 00 61 00
         72 00 3A 00
         74 00 31 00
         31 00 3D 00
         72 00 31 00
         31 00 3B 00
         30 00 3B 00
         36 00 35 00
         35 00 33 00
         35 00 3B 00
         22 00 2C 00
         31 00 32 00
         38 00 2C 00
         30 00 2C 00
         30 00 2C 00
         30 00 0D 00
         0A 00      
00008030                    	.CODE
00000247                    	.debug
00000247 2E 00 73 00        		.dw '.stabs "float:t12=r1;2;0;",128,0,0,0',0x0d,0x0a
         74 00 61 00
         62 00 73 00
         20 00 22 00
         66 00 6C 00
         6F 00 61 00
         74 00 3A 00
         74 00 31 00
         32 00 3D 00
         72 00 31 00
         3B 00 32 00
         3B 00 30 00
         3B 00 22 00
         2C 00 31 00
         32 00 38 00
         2C 00 30 00
         2C 00 30 00
         2C 00 30 00
         0D 00 0A 00
00008030                    	.CODE
0000026D                    	.debug
0000026D 2E 00 73 00        		.dw '.stabs "double:t13=r1;2;0;",128,0,0,0',0x0d,0x0a
         74 00 61 00
         62 00 73 00
         20 00 22 00
         64 00 6F 00
         75 00 62 00
         6C 00 65 00
         3A 00 74 00
         31 00 33 00
         3D 00 72 00
         31 00 3B 00
         32 00 3B 00
         30 00 3B 00
         22 00 2C 00
         31 00 32 00
         38 00 2C 00
         30 00 2C 00
         30 00 2C 00
         30 00 0D 00
         0A 00      
00008030                    	.CODE
00000294                    	.debug
00000294 2E 00 73 00        		.dw '.stabs "long double:t14=r1;2;0;",128,0,0,0',0x0d,0x0a
         74 00 61 00
         62 00 73 00
         20 00 22 00
         6C 00 6F 00
         6E 00 67 00
         20 00 64 00
         6F 00 75 00
         62 00 6C 00
         65 00 3A 00
         74 00 31 00
         34 00 3D 00
         72 00 31 00
         3B 00 32 00
         3B 00 30 00
         3B 00 22 00
         2C 00 31 00
         32 00 38 00
         2C 00 30 00
         2C 00 30 00
         2C 00 30 00
         0D 00 0A 00
00008030                    	.CODE
000002C0                    	.debug
000002C0 2E 00 73 00        		.dw '.stabs "complex int:t15=s2real:1,0,16;imag:1,16,16;;",128,0,0,0',0x0d,0x0a
         74 00 61 00
         62 00 73 00
         20 00 22 00
         63 00 6F 00
         6D 00 70 00
         6C 00 65 00
         78 00 20 00
         69 00 6E 00
         74 00 3A 00
         74 00 31 00
         35 00 3D 00
         73 00 32 00
         72 00 65 00
         61 00 6C 00
         3A 00 31 00
         2C 00 30 00
         2C 00 31 00
         36 00 3B 00
         69 00 6D 00
         61 00 67 00
         3A 00 31 00
         2C 00 31 00
         36 00 2C 00
         31 00 36 00
         3B 00 3B 00
         22 00 2C 00
         31 00 32 00
         38 00 2C 00
         30 00 2C 00
         30 00 2C 00
         30 00 0D 00
         0A 00      
00008030                    	.CODE
00000301                    	.debug
00000301 2E 00 73 00        		.dw '.stabs "complex float:t16=r16;2;0;",128,0,0,0',0x0d,0x0a
         74 00 61 00
         62 00 73 00
         20 00 22 00
         63 00 6F 00
         6D 00 70 00
         6C 00 65 00
         78 00 20 00
         66 00 6C 00
         6F 00 61 00
         74 00 3A 00
         74 00 31 00
         36 00 3D 00
         72 00 31 00
         36 00 3B 00
         32 00 3B 00
         30 00 3B 00
         22 00 2C 00
         31 00 32 00
         38 00 2C 00
         30 00 2C 00
         30 00 2C 00
         30 00 0D 00
         0A 00      
00008030                    	.CODE
00000330                    	.debug
00000330 2E 00 73 00        		.dw '.stabs "complex double:t17=r17;2;0;",128,0,0,0',0x0d,0x0a
         74 00 61 00
         62 00 73 00
         20 00 22 00
         63 00 6F 00
         6D 00 70 00
         6C 00 65 00
         78 00 20 00
         64 00 6F 00
         75 00 62 00
         6C 00 65 00
         3A 00 74 00
         31 00 37 00
         3D 00 72 00
         31 00 37 00
         3B 00 32 00
         3B 00 30 00
         3B 00 22 00
         2C 00 31 00
         32 00 38 00
         2C 00 30 00
         2C 00 30 00
         2C 00 30 00
         0D 00 0A 00
00008030                    	.CODE
00000360                    	.debug
00000360 2E 00 73 00        		.dw '.stabs "complex long double:t18=r18;2;0;",128,0,0,0',0x0d,0x0a
         74 00 61 00
         62 00 73 00
         20 00 22 00
         63 00 6F 00
         6D 00 70 00
         6C 00 65 00
         78 00 20 00
         6C 00 6F 00
         6E 00 67 00
         20 00 64 00
         6F 00 75 00
         62 00 6C 00
         65 00 3A 00
         74 00 31 00
         38 00 3D 00
         72 00 31 00
         38 00 3B 00
         32 00 3B 00
         30 00 3B 00
         22 00 2C 00
         31 00 32 00
         38 00 2C 00
         30 00 2C 00
         30 00 2C 00
         30 00 0D 00
         0A 00      
00008030                    	.CODE
00000395                    	.debug
00000395 2E 00 73 00        		.dw '.stabs "void:t19=19",128,0,0,0',0x0d,0x0a
         74 00 61 00
         62 00 73 00
         20 00 22 00
         76 00 6F 00
         69 00 64 00
         3A 00 74 00
         31 00 39 00
         3D 00 31 00
         39 00 22 00
         2C 00 31 00
         32 00 38 00
         2C 00 30 00
         2C 00 30 00
         2C 00 30 00
         0D 00 0A 00
00008030                    	.CODE
000003B5                    	.debug
000003B5 2E 00 73 00        		.dw '.stabs "DigCode:G20=ar1;0;9;11",32,0,0,',0,0,offset _DigCode,seg _DigCode,0x0d,0x0a
         74 00 61 00
         62 00 73 00
         20 00 22 00
         44 00 69 00
         67 00 43 00
         6F 00 64 00
         65 00 3A 00
         47 00 32 00
         30 00 3D 00
         61 00 72 00
         31 00 3B 00
         30 00 3B 00
         39 00 3B 00
         31 00 31 00
         22 00 2C 00
         33 00 32 00
         2C 00 30 00
         2C 00 30 00
         2C 00 00 00
         00 00 00 00
         00 00 0D 00
         0A 00      
00008030                    	.CODE
                            	.public _DigCode
00008009                    	.text
                            	_DigCode:
00008009 3F 00              		.dw 63
0000800A 06 00              		.dw 6
0000800B 5B 00              		.dw 91
0000800C 4F 00              		.dw 79
0000800D 66 00              		.dw 102
0000800E 6D 00              		.dw 109
0000800F 7D 00              		.dw 125
00008010 07 00              		.dw 7
00008011 7F 00              		.dw 127
00008012 6F 00              		.dw 111
00008030                    	.code
000003E2                    	.debug
000003E2 2E 00 73 00        		.dw '.stabs "LedDispDig:F19",36,0,0,',0,0,offset _LedDispDig,seg _LedDispDig,0x0d,0x0a
         74 00 61 00
         62 00 73 00
         20 00 22 00
         4C 00 65 00
         64 00 44 00
         69 00 73 00
         70 00 44 00
         69 00 67 00
         3A 00 46 00
         31 00 39 00
         22 00 2C 00
         33 00 36 00
         2C 00 30 00
         2C 00 30 00
         2C 00 00 00
         00 00 00 00
         00 00 0D 00
         0A 00      
00008030                    	.CODE
                            	.public _LedDispDig
                            	_LedDispDig:	.proc
00000407                    	.debug
00000407 2E 00 73 00        		.dw '.stabn 0x44,0,55,',0,0
         74 00 61 00
         62 00 6E 00
         20 00 30 00
         78 00 34 00
         34 00 2C 00
         30 00 2C 00
         35 00 35 00
         2C 00 00 00
         00 00      
0000041A 00 00 00 00        		.dd LM1-_LedDispDig
0000041C 0D 00 0A 00        		.dw 0x0d,0x0a
00008030                    	.code
                            	LM1:
                            		// total=1, vars=1
                            		// frame_pointer_needed: 1
00008030 88 DA              		push bp to [sp]
00008031 41 20              		sp-=1
00008032 08 0B 01 00        		bp=sp+1
                            	
00008034 0D 03 04 00        		R1=BP+4
00008036 C5 D2              		[BP]=R1	// QImode move
0000041E                    	.debug
0000041E 2E 00 73 00        		.dw '.stabn 0x44,0,56,',0,0
         74 00 61 00
         62 00 6E 00
         20 00 30 00
         78 00 34 00
         34 00 2C 00
         30 00 2C 00
         35 00 36 00
         2C 00 00 00
         00 00      
00000431 07 00 00 00        		.dd LM2-_LedDispDig
00000433 0D 00 0A 00        		.dw 0x0d,0x0a
00008037                    	.code
                            	LM2:
00008037 41 92              		R1=1	// QImode move
00008038 19 D3 12 70        		[28690]=R1	// QImode move
00000435                    	.debug
00000435 2E 00 73 00        		.dw '.stabn 0x44,0,58,',0,0
         74 00 61 00
         62 00 6E 00
         20 00 30 00
         78 00 34 00
         34 00 2C 00
         30 00 2C 00
         35 00 38 00
         2C 00 00 00
         00 00      
00000448 0A 00 00 00        		.dd LM3-_LedDispDig
0000044A 0D 00 0A 00        		.dw 0x0d,0x0a
0000803A                    	.code
                            	LM3:
0000803A 11 93 07 70        		R1=[28679]	// QImode move
0000803C 09 A5 FF 3F        		R2=R1|16383
0000803E 1A D5 07 70        		[28679]=R2	// QImode move
0000044C                    	.debug
0000044C 2E 00 73 00        		.dw '.stabn 0x44,0,59,',0,0
         74 00 61 00
         62 00 6E 00
         20 00 30 00
         78 00 34 00
         34 00 2C 00
         30 00 2C 00
         35 00 39 00
         2C 00 00 00
         00 00      
0000045F 10 00 00 00        		.dd LM4-_LedDispDig
00000461 0D 00 0A 00        		.dw 0x0d,0x0a
00008040                    	.code
                            	LM4:
00008040 11 93 08 70        		R1=[28680]	// QImode move
00008042 09 A5 FF 3F        		R2=R1|16383
00008044 1A D5 08 70        		[28680]=R2	// QImode move
00000463                    	.debug
00000463 2E 00 73 00        		.dw '.stabn 0x44,0,61,',0,0
         74 00 61 00
         62 00 6E 00
         20 00 30 00
         78 00 34 00
         34 00 2C 00
         30 00 2C 00
         36 00 31 00
         2C 00 00 00
         00 00      
00000476 16 00 00 00        		.dd LM5-_LedDispDig
00000478 0D 00 0A 00        		.dw 0x0d,0x0a
00008046                    	.code
                            	LM5:
00008046 C5 96              		R3=[BP]	// QImode move
00008047 C3 94              		R2=[R3]	// QImode move
00008048 0A 03 FF FF        		R1=R2+(-1)
0000804A 0A 95 00 01        		R2=256	// QImode move
0000804C C8 D2              		[SP--]=R1	// QImode move
0000804D C8 D4              		[SP--]=R2	// QImode move
0000804E 40 F0 DB 80        		call __lshiu1	// call with return value
00008050 42 00              		SP=SP+2
00008051 19 D3 05 70        		[28677]=R1	// QImode move
0000047A                    	.debug
0000047A 2E 00 73 00        		.dw '.stabn 0x44,0,62,',0,0
         74 00 61 00
         62 00 6E 00
         20 00 30 00
         78 00 34 00
         34 00 2C 00
         30 00 2C 00
         36 00 32 00
         2C 00 00 00
         00 00      
0000048D 23 00 00 00        		.dd LM6-_LedDispDig
0000048F 0D 00 0A 00        		.dw 0x0d,0x0a
00008053                    	.code
                            	LM6:
00008053 C5 92              		R1=[BP]	// QImode move
00008054 C5 92              		R1=[BP]	// QImode move
00008055 09 05 01 00        		R2=R1+1
00008057 09 93 09 80        		R1=_DigCode	// QImode move
00008059 02 97              		R3=R2	// QImode move
0000805A C3 94              		R2=[R3]	// QImode move
0000805B 02 03              		R1+=R2	// addqi3_r0r
0000805C 13 97 05 70        		R3=[28677]	// QImode move
0000805E 03 95              		R2=R3	// QImode move
0000805F 01 97              		R3=R1	// QImode move
00008060 C3 A4              		R2|=[R3]	// iorqi3_r0R
00008061 1A D5 05 70        		[28677]=R2	// QImode move
00000491                    	.debug
00000491 2E 00 73 00        		.dw '.stabn 0x44,0,63,',0,0
         74 00 61 00
         62 00 6E 00
         20 00 30 00
         78 00 34 00
         34 00 2C 00
         30 00 2C 00
         36 00 33 00
         2C 00 00 00
         00 00      
000004A4 33 00 00 00        		.dd LM7-_LedDispDig
000004A6 0D 00 0A 00        		.dw 0x0d,0x0a
00008063                    	.code
                            	LM7:
000004A8                    	.debug
000004A8 2E 00 73 00        		.dw '.stabn 0x44,0,63,',0,0
         74 00 61 00
         62 00 6E 00
         20 00 30 00
         78 00 34 00
         34 00 2C 00
         30 00 2C 00
         36 00 33 00
         2C 00 00 00
         00 00      
000004BB 33 00 00 00        		.dd LM8-_LedDispDig
000004BD 0D 00 0A 00        		.dw 0x0d,0x0a
00008063                    	.code
                            	LM8:
                            	L2:
                            	
00008063 41 00              		sp+=1
00008064 88 98              		pop bp from [sp]
00008065 90 9A              		retf
                            		.endp	// end of LedDispDig
                            	
000004BF                    	.debug
000004BF 2E 00 73 00        		.dw '.stabs "Pos:p1",160,0,0,4',0x0d,0x0a
         74 00 61 00
         62 00 73 00
         20 00 22 00
         50 00 6F 00
         73 00 3A 00
         70 00 31 00
         22 00 2C 00
         31 00 36 00
         30 00 2C 00
         30 00 2C 00
         30 00 2C 00
         34 00 0D 00
         0A 00      
00008066                    	.CODE
000004DA                    	.debug
000004DA 2E 00 73 00        		.dw '.stabs "Dig:p1",160,0,0,5',0x0d,0x0a
         74 00 61 00
         62 00 73 00
         20 00 22 00
         44 00 69 00
         67 00 3A 00
         70 00 31 00
         22 00 2C 00
         31 00 36 00
         30 00 2C 00
         30 00 2C 00
         30 00 2C 00
         35 00 0D 00
         0A 00      
00008066                    	.CODE
000004F5                    	.debug
000004F5 2E 00 73 00        		.dw '.stabf ',0,0
         74 00 61 00
         62 00 66 00
         20 00 00 00
         00 00      
000004FE 36 00 00 00        		.dd LME1-_LedDispDig
00000500 0D 00 0A 00        		.dw 0x0d,0x0a
00008066                    	.code
                            	LME1:
00008066                    	.code
00000502                    	.debug
00000502 2E 00 73 00        		.dw '.stabs "main:F1",36,0,0,',0,0,offset _main,seg _main,0x0d,0x0a
         74 00 61 00
         62 00 73 00
         20 00 22 00
         6D 00 61 00
         69 00 6E 00
         3A 00 46 00
         31 00 22 00
         2C 00 33 00
         36 00 2C 00
         30 00 2C 00
         30 00 2C 00
         00 00 00 00
         36 00 00 00
         0D 00 0A 00
00008066                    	.CODE
                            	.public _main
                            	_main:	.proc
00000520                    	.debug
00000520 2E 00 73 00        		.dw '.stabn 0x44,0,69,',0,0
         74 00 61 00
         62 00 6E 00
         20 00 30 00
         78 00 34 00
         34 00 2C 00
         30 00 2C 00
         36 00 39 00
         2C 00 00 00
         00 00      
00000533 00 00 00 00        		.dd LM9-_main
00000535 0D 00 0A 00        		.dw 0x0d,0x0a
00008066                    	.code
                            	LM9:
                            		// total=5, vars=5
                            		// frame_pointer_needed: 1
00008066 88 DA              		push bp to [sp]
00008067 45 20              		sp-=5
00008068 08 0B 01 00        		bp=sp+1
                            	
0000806A 0D 03 08 00        		R1=BP+8
0000806C 04 D2              		[bp+4]=R1	// QImode move
00000537                    	.debug
00000537 2E 00 73 00        		.dw '.stabn 0x44,0,70,',0,0
         74 00 61 00
         62 00 6E 00
         20 00 30 00
         78 00 34 00
         34 00 2C 00
         30 00 2C 00
         37 00 30 00
         2C 00 00 00
         00 00      
0000054A 07 00 00 00        		.dd LM10-_main
0000054C 0D 00 0A 00        		.dw 0x0d,0x0a
0000806D                    	.code
                            	LM10:
                            	LBB2:
0000054E                    	.debug
0000054E 2E 00 73 00        		.dw '.stabn 0x44,0,71,',0,0
         74 00 61 00
         62 00 6E 00
         20 00 30 00
         78 00 34 00
         34 00 2C 00
         30 00 2C 00
         37 00 31 00
         2C 00 00 00
         00 00      
00000561 07 00 00 00        		.dd LM11-_main
00000563 0D 00 0A 00        		.dw 0x0d,0x0a
0000806D                    	.code
                            	LM11:
0000806D 05 93              		R1=BP	// QImode move
0000806E 0D 05 03 00        		R2=BP+3
00008070 40 92              		R1=0	// QImode move
00008071 02 97              		R3=R2	// QImode move
00008072 C3 D2              		[R3]=R1	// QImode move
00000565                    	.debug
00000565 2E 00 73 00        		.dw '.stabn 0x44,0,73,',0,0
         74 00 61 00
         62 00 6E 00
         20 00 30 00
         78 00 34 00
         34 00 2C 00
         30 00 2C 00
         37 00 33 00
         2C 00 00 00
         00 00      
00000578 0D 00 00 00        		.dd LM12-_main
0000057A 0D 00 0A 00        		.dw 0x0d,0x0a
00008073                    	.code
                            	LM12:
                            	L4:
00008073 0F 9F 77 80        		pc=L6	// Indirect jump
00008075 0F 9F D8 80        		pc=L5	// Indirect jump
                            	L6:
0000057C                    	.debug
0000057C 2E 00 73 00        		.dw '.stabn 0x44,0,75,',0,0
         74 00 61 00
         62 00 6E 00
         20 00 30 00
         78 00 34 00
         34 00 2C 00
         30 00 2C 00
         37 00 35 00
         2C 00 00 00
         00 00      
0000058F 11 00 00 00        		.dd LM13-_main
00000591 0D 00 0A 00        		.dw 0x0d,0x0a
00008077                    	.code
                            	LM13:
00008077 05 93              		R1=BP	// QImode move
00008078 0D 05 01 00        		R2=BP+1
0000807A 40 92              		R1=0	// QImode move
0000807B 02 99              		R4=R2	// QImode move
0000807C C4 D2              		[R4]=R1	// QImode move
                            	L7:
0000807D 05 93              		R1=BP	// QImode move
0000807E 0D 05 01 00        		R2=BP+1
00008080 02 97              		R3=R2	// QImode move
00008081 C3 92              		R1=[R3]	// QImode move
00008082 49 42              		CMP R1,9	// QImode compare
00008083 02 BE              		JG L19	// QImode LE
00008084 0F 9F 88 80        		PC=L10
                            	L19:
00008086 0F 9F D6 80        		pc=L8	// Indirect jump
                            	L10:
00000593                    	.debug
00000593 2E 00 73 00        		.dw '.stabn 0x44,0,77,',0,0
         74 00 61 00
         62 00 6E 00
         20 00 30 00
         78 00 34 00
         34 00 2C 00
         30 00 2C 00
         37 00 37 00
         2C 00 00 00
         00 00      
000005A6 22 00 00 00        		.dd LM14-_main
000005A8 0D 00 0A 00        		.dw 0x0d,0x0a
00008088                    	.code
                            	LM14:
00008088 05 93              		R1=BP	// QImode move
00008089 0D 05 02 00        		R2=BP+2
0000808B 40 92              		R1=0	// QImode move
0000808C 02 99              		R4=R2	// QImode move
0000808D C4 D2              		[R4]=R1	// QImode move
                            	L11:
0000808E 05 93              		R1=BP	// QImode move
0000808F 0D 05 02 00        		R2=BP+2
00008091 02 97              		R3=R2	// QImode move
00008092 C3 92              		R1=[R3]	// QImode move
00008093 09 43 E7 03        		CMP R1,999	// QImode compare
00008095 02 BE              		JG L20	// QImode LE
00008096 0F 9F 9A 80        		PC=L14
                            	L20:
00008098 0F 9F C5 80        		pc=L9	// Indirect jump
                            	L14:
000005AA                    	.debug
000005AA 2E 00 73 00        		.dw '.stabn 0x44,0,79,',0,0
         74 00 61 00
         62 00 6E 00
         20 00 30 00
         78 00 34 00
         34 00 2C 00
         30 00 2C 00
         37 00 39 00
         2C 00 00 00
         00 00      
000005BD 34 00 00 00        		.dd LM15-_main
000005BF 0D 00 0A 00        		.dw 0x0d,0x0a
0000809A                    	.code
                            	LM15:
0000809A 41 92              		R1=1	// QImode move
0000809B C5 D2              		[BP]=R1	// QImode move
                            	L15:
0000809C C5 92              		R1=[BP]	// QImode move
0000809D 46 42              		CMP R1,6	// QImode compare
0000809E 02 BE              		JG L21	// QImode LE
0000809F 0F 9F A3 80        		PC=L18
                            	L21:
000080A1 0F 9F B4 80        		pc=L13	// Indirect jump
                            	L18:
000005C1                    	.debug
000005C1 2E 00 73 00        		.dw '.stabn 0x44,0,88,',0,0
         74 00 61 00
         62 00 6E 00
         20 00 30 00
         78 00 34 00
         34 00 2C 00
         30 00 2C 00
         38 00 38 00
         2C 00 00 00
         00 00      
000005D4 3D 00 00 00        		.dd LM16-_main
000005D6 0D 00 0A 00        		.dw 0x0d,0x0a
000080A3                    	.code
                            	LM16:
000080A3 05 93              		R1=BP	// QImode move
000080A4 0D 05 01 00        		R2=BP+1
000080A6 02 99              		R4=R2	// QImode move
000080A7 C4 92              		R1=[R4]	// QImode move
000080A8 C8 D2              		[SP--]=R1	// QImode move
000080A9 C5 92              		R1=[BP]	// QImode move
000080AA C8 D2              		[SP--]=R1	// QImode move
000080AB 40 F0 30 80        		call _LedDispDig	// call without return value
000080AD 42 00              		SP=SP+2
000005D8                    	.debug
000005D8 2E 00 73 00        		.dw '.stabn 0x44,0,79,',0,0
         74 00 61 00
         62 00 6E 00
         20 00 30 00
         78 00 34 00
         34 00 2C 00
         30 00 2C 00
         37 00 39 00
         2C 00 00 00
         00 00      
000005EB 48 00 00 00        		.dd LM17-_main
000005ED 0D 00 0A 00        		.dw 0x0d,0x0a
000080AE                    	.code
                            	LM17:
                            	L17:
000080AE C5 92              		R1=[BP]	// QImode move
000080AF 09 05 01 00        		R2=R1+1
000080B1 C5 D4              		[BP]=R2	// QImode move
000080B2 0F 9F 9C 80        		pc=L15	// Indirect jump
                            	L16:
000005EF                    	.debug
000005EF 2E 00 73 00        		.dw '.stabn 0x44,0,77,',0,0
         74 00 61 00
         62 00 6E 00
         20 00 30 00
         78 00 34 00
         34 00 2C 00
         30 00 2C 00
         37 00 37 00
         2C 00 00 00
         00 00      
00000602 4E 00 00 00        		.dd LM18-_main
00000604 0D 00 0A 00        		.dw 0x0d,0x0a
000080B4                    	.code
                            	LM18:
                            	L13:
000080B4 05 93              		R1=BP	// QImode move
000080B5 0D 05 02 00        		R2=BP+2
000080B7 05 97              		R3=BP	// QImode move
000080B8 0D 03 02 00        		R1=BP+2
000080BA 05 95              		R2=BP	// QImode move
000080BB 0D 07 02 00        		R3=BP+2
000080BD 03 99              		R4=R3	// QImode move
000080BE C4 94              		R2=[R4]	// QImode move
000080BF 0A 07 01 00        		R3=R2+1
000080C1 01 95              		R2=R1	// QImode move
000080C2 C2 D6              		[R2]=R3	// QImode move
000080C3 0F 9F 8E 80        		pc=L11	// Indirect jump
                            	L12:
00000606                    	.debug
00000606 2E 00 73 00        		.dw '.stabn 0x44,0,75,',0,0
         74 00 61 00
         62 00 6E 00
         20 00 30 00
         78 00 34 00
         34 00 2C 00
         30 00 2C 00
         37 00 35 00
         2C 00 00 00
         00 00      
00000619 5F 00 00 00        		.dd LM19-_main
0000061B 0D 00 0A 00        		.dw 0x0d,0x0a
000080C5                    	.code
                            	LM19:
                            	L9:
000080C5 05 93              		R1=BP	// QImode move
000080C6 0D 05 01 00        		R2=BP+1
000080C8 05 97              		R3=BP	// QImode move
000080C9 0D 03 01 00        		R1=BP+1
000080CB 05 95              		R2=BP	// QImode move
000080CC 0D 07 01 00        		R3=BP+1
000080CE 03 99              		R4=R3	// QImode move
000080CF C4 94              		R2=[R4]	// QImode move
000080D0 0A 07 01 00        		R3=R2+1
000080D2 01 95              		R2=R1	// QImode move
000080D3 C2 D6              		[R2]=R3	// QImode move
000080D4 0F 9F 7D 80        		pc=L7	// Indirect jump
                            	L8:
0000061D                    	.debug
0000061D 2E 00 73 00        		.dw '.stabn 0x44,0,92,',0,0
         74 00 61 00
         62 00 6E 00
         20 00 30 00
         78 00 34 00
         34 00 2C 00
         30 00 2C 00
         39 00 32 00
         2C 00 00 00
         00 00      
00000630 70 00 00 00        		.dd LM20-_main
00000632 0D 00 0A 00        		.dw 0x0d,0x0a
000080D6                    	.code
                            	LM20:
000080D6 0F 9F 73 80        		pc=L4	// Indirect jump
                            	L5:
00000634                    	.debug
00000634 2E 00 73 00        		.dw '.stabn 0x44,0,93,',0,0
         74 00 61 00
         62 00 6E 00
         20 00 30 00
         78 00 34 00
         34 00 2C 00
         30 00 2C 00
         39 00 33 00
         2C 00 00 00
         00 00      
00000647 72 00 00 00        		.dd LM21-_main
00000649 0D 00 0A 00        		.dw 0x0d,0x0a
000080D8                    	.code
                            	LM21:
                            	LBE2:
0000064B                    	.debug
0000064B 2E 00 73 00        		.dw '.stabn 0x44,0,93,',0,0
         74 00 61 00
         62 00 6E 00
         20 00 30 00
         78 00 34 00
         34 00 2C 00
         30 00 2C 00
         39 00 33 00
         2C 00 00 00
         00 00      
0000065E 72 00 00 00        		.dd LM22-_main
00000660 0D 00 0A 00        		.dw 0x0d,0x0a
000080D8                    	.code
                            	LM22:
                            	L3:
                            	
000080D8 45 00              		sp+=5
000080D9 88 98              		pop bp from [sp]
000080DA 90 9A              		retf
                            		.endp	// end of main
                            	
00000662                    	.debug
00000662 2E 00 73 00        		.dw '.stabn 0xc0,0,0,',0,0
         74 00 61 00
         62 00 6E 00
         20 00 30 00
         78 00 63 00
         30 00 2C 00
         30 00 2C 00
         30 00 2C 00
         00 00 00 00
00000674 07 00 00 00        		.dd LBB2-_main
00000676 0D 00 0A 00        		.dw 0x0d,0x0a
000080DB                    	.code
00000678                    	.debug
00000678 2E 00 73 00        		.dw '.stabs "Pos:1",128,0,0,0',0x0d,0x0a
         74 00 61 00
         62 00 73 00
         20 00 22 00
         50 00 6F 00
         73 00 3A 00
         31 00 22 00
         2C 00 31 00
         32 00 38 00
         2C 00 30 00
         2C 00 30 00
         2C 00 30 00
         0D 00 0A 00
000080DB                    	.CODE
00000692                    	.debug
00000692 2E 00 73 00        		.dw '.stabs "Dig:1",128,0,0,1',0x0d,0x0a
         74 00 61 00
         62 00 73 00
         20 00 22 00
         44 00 69 00
         67 00 3A 00
         31 00 22 00
         2C 00 31 00
         32 00 38 00
         2C 00 30 00
         2C 00 30 00
         2C 00 31 00
         0D 00 0A 00
000080DB                    	.CODE
000006AC                    	.debug
000006AC 2E 00 73 00        		.dw '.stabs "TimerCnt:1",128,0,0,2',0x0d,0x0a
         74 00 61 00
         62 00 73 00
         20 00 22 00
         54 00 69 00
         6D 00 65 00
         72 00 43 00
         6E 00 74 00
         3A 00 31 00
         22 00 2C 00
         31 00 32 00
         38 00 2C 00
         30 00 2C 00
         30 00 2C 00
         32 00 0D 00
         0A 00      
000080DB                    	.CODE
000006CB                    	.debug
000006CB 2E 00 73 00        		.dw '.stabs "i:1",128,0,0,3',0x0d,0x0a
         74 00 61 00
         62 00 73 00
         20 00 22 00
         69 00 3A 00
         31 00 22 00
         2C 00 31 00
         32 00 38 00
         2C 00 30 00
         2C 00 30 00
         2C 00 33 00
         0D 00 0A 00
000080DB                    	.CODE
000006E3                    	.debug
000006E3 2E 00 73 00        		.dw '.stabn 0xe0,0,0,',0,0
         74 00 61 00
         62 00 6E 00
         20 00 30 00
         78 00 65 00
         30 00 2C 00
         30 00 2C 00
         30 00 2C 00
         00 00 00 00
000006F5 72 00 00 00        		.dd LBE2-_main
000006F7 0D 00 0A 00        		.dw 0x0d,0x0a
000080DB                    	.code
000006F9                    	.debug
000006F9 2E 00 73 00        		.dw '.stabf ',0,0
         74 00 61 00
         62 00 66 00
         20 00 00 00
         00 00      
00000702 75 00 00 00        		.dd LME2-_main
00000704 0D 00 0A 00        		.dw 0x0d,0x0a
000080DB                    	.code
                            	LME2:
                            	.external __lshiu1
                            		.end
0 error(s), 0 warning(s).

