Sunplus u'nSP Assembler - Ver. 1.10.0
              Listing File Has Been Relocated
                            	// GCC for SUNPLUS u'nSP version 1.0.10-10
                            	// Command: C:\PROGRA~1\Sunplus\UNSPID~1\unSPIDE\cc1.exe C:\DOCUME~1\Αυ»Τ\LOCALS~1\Temp\cc6vaaaa.i -quiet -dumpbase main.c -gstabs -o .\Debug/main.asm
                            	// gcc2_compiled.:
                            	
00008026                    	.code
                            	Ltext0:
00000000                    	.debug
00000000 2E 00 73 00        		.dw '.stabs "int:t1=r1;-32768;32767;",128,0,0,0',0x0d,0x0a
         74 00 61 00
         62 00 73 00
         20 00 22 00
         69 00 6E 00
         74 00 3A 00
         74 00 31 00
         3D 00 72 00
         31 00 3B 00
         2D 00 33 00
         32 00 37 00
         36 00 38 00
         3B 00 33 00
         32 00 37 00
         36 00 37 00
         3B 00 22 00
         2C 00 31 00
         32 00 38 00
         2C 00 30 00
         2C 00 30 00
         2C 00 30 00
         0D 00 0A 00
00008026                    	.CODE
0000002C                    	.debug
0000002C 2E 00 73 00        		.dw '.stabs "char:t2=r2;0;127;",128,0,0,0',0x0d,0x0a
         74 00 61 00
         62 00 73 00
         20 00 22 00
         63 00 68 00
         61 00 72 00
         3A 00 74 00
         32 00 3D 00
         72 00 32 00
         3B 00 30 00
         3B 00 31 00
         32 00 37 00
         3B 00 22 00
         2C 00 31 00
         32 00 38 00
         2C 00 30 00
         2C 00 30 00
         2C 00 30 00
         0D 00 0A 00
00008026                    	.CODE
00000052                    	.debug
00000052 2E 00 73 00        		.dw '.stabs "long int:t3=r3;-2147483648;2147483647;",128,0,0,0',0x0d,0x0a
         74 00 61 00
         62 00 73 00
         20 00 22 00
         6C 00 6F 00
         6E 00 67 00
         20 00 69 00
         6E 00 74 00
         3A 00 74 00
         33 00 3D 00
         72 00 33 00
         3B 00 2D 00
         32 00 31 00
         34 00 37 00
         34 00 38 00
         33 00 36 00
         34 00 38 00
         3B 00 32 00
         31 00 34 00
         37 00 34 00
         38 00 33 00
         36 00 34 00
         37 00 3B 00
         22 00 2C 00
         31 00 32 00
         38 00 2C 00
         30 00 2C 00
         30 00 2C 00
         30 00 0D 00
         0A 00      
00008026                    	.CODE
0000008D                    	.debug
0000008D 2E 00 73 00        		.dw '.stabs "unsigned int:t4=r4;0;65535;",128,0,0,0',0x0d,0x0a
         74 00 61 00
         62 00 73 00
         20 00 22 00
         75 00 6E 00
         73 00 69 00
         67 00 6E 00
         65 00 64 00
         20 00 69 00
         6E 00 74 00
         3A 00 74 00
         34 00 3D 00
         72 00 34 00
         3B 00 30 00
         3B 00 36 00
         35 00 35 00
         33 00 35 00
         3B 00 22 00
         2C 00 31 00
         32 00 38 00
         2C 00 30 00
         2C 00 30 00
         2C 00 30 00
         0D 00 0A 00
00008026                    	.CODE
000000BD                    	.debug
000000BD 2E 00 73 00        		.dw '.stabs "long unsigned int:t5=r5;0;4294967295;",128,0,0,0',0x0d,0x0a
         74 00 61 00
         62 00 73 00
         20 00 22 00
         6C 00 6F 00
         6E 00 67 00
         20 00 75 00
         6E 00 73 00
         69 00 67 00
         6E 00 65 00
         64 00 20 00
         69 00 6E 00
         74 00 3A 00
         74 00 35 00
         3D 00 72 00
         35 00 3B 00
         30 00 3B 00
         34 00 32 00
         39 00 34 00
         39 00 36 00
         37 00 32 00
         39 00 35 00
         3B 00 22 00
         2C 00 31 00
         32 00 38 00
         2C 00 30 00
         2C 00 30 00
         2C 00 30 00
         0D 00 0A 00
00008026                    	.CODE
000000F7                    	.debug
000000F7 2E 00 73 00        		.dw '.stabs "long long int:t6=r6;-2147483648;2147483647;",128,0,0,0',0x0d,0x0a
         74 00 61 00
         62 00 73 00
         20 00 22 00
         6C 00 6F 00
         6E 00 67 00
         20 00 6C 00
         6F 00 6E 00
         67 00 20 00
         69 00 6E 00
         74 00 3A 00
         74 00 36 00
         3D 00 72 00
         36 00 3B 00
         2D 00 32 00
         31 00 34 00
         37 00 34 00
         38 00 33 00
         36 00 34 00
         38 00 3B 00
         32 00 31 00
         34 00 37 00
         34 00 38 00
         33 00 36 00
         34 00 37 00
         3B 00 22 00
         2C 00 31 00
         32 00 38 00
         2C 00 30 00
         2C 00 30 00
         2C 00 30 00
         0D 00 0A 00
00008026                    	.CODE
00000137                    	.debug
00000137 2E 00 73 00        		.dw '.stabs "long long unsigned int:t7=r7;0;4294967295;",128,0,0,0',0x0d,0x0a
         74 00 61 00
         62 00 73 00
         20 00 22 00
         6C 00 6F 00
         6E 00 67 00
         20 00 6C 00
         6F 00 6E 00
         67 00 20 00
         75 00 6E 00
         73 00 69 00
         67 00 6E 00
         65 00 64 00
         20 00 69 00
         6E 00 74 00
         3A 00 74 00
         37 00 3D 00
         72 00 37 00
         3B 00 30 00
         3B 00 34 00
         32 00 39 00
         34 00 39 00
         36 00 37 00
         32 00 39 00
         35 00 3B 00
         22 00 2C 00
         31 00 32 00
         38 00 2C 00
         30 00 2C 00
         30 00 2C 00
         30 00 0D 00
         0A 00      
00008026                    	.CODE
00000176                    	.debug
00000176 2E 00 73 00        		.dw '.stabs "short int:t8=r8;-32768;32767;",128,0,0,0',0x0d,0x0a
         74 00 61 00
         62 00 73 00
         20 00 22 00
         73 00 68 00
         6F 00 72 00
         74 00 20 00
         69 00 6E 00
         74 00 3A 00
         74 00 38 00
         3D 00 72 00
         38 00 3B 00
         2D 00 33 00
         32 00 37 00
         36 00 38 00
         3B 00 33 00
         32 00 37 00
         36 00 37 00
         3B 00 22 00
         2C 00 31 00
         32 00 38 00
         2C 00 30 00
         2C 00 30 00
         2C 00 30 00
         0D 00 0A 00
00008026                    	.CODE
000001A8                    	.debug
000001A8 2E 00 73 00        		.dw '.stabs "short unsigned int:t9=r9;0;65535;",128,0,0,0',0x0d,0x0a
         74 00 61 00
         62 00 73 00
         20 00 22 00
         73 00 68 00
         6F 00 72 00
         74 00 20 00
         75 00 6E 00
         73 00 69 00
         67 00 6E 00
         65 00 64 00
         20 00 69 00
         6E 00 74 00
         3A 00 74 00
         39 00 3D 00
         72 00 39 00
         3B 00 30 00
         3B 00 36 00
         35 00 35 00
         33 00 35 00
         3B 00 22 00
         2C 00 31 00
         32 00 38 00
         2C 00 30 00
         2C 00 30 00
         2C 00 30 00
         0D 00 0A 00
00008026                    	.CODE
000001DE                    	.debug
000001DE 2E 00 73 00        		.dw '.stabs "signed char:t10=r10;-32768;32767;",128,0,0,0',0x0d,0x0a
         74 00 61 00
         62 00 73 00
         20 00 22 00
         73 00 69 00
         67 00 6E 00
         65 00 64 00
         20 00 63 00
         68 00 61 00
         72 00 3A 00
         74 00 31 00
         30 00 3D 00
         72 00 31 00
         30 00 3B 00
         2D 00 33 00
         32 00 37 00
         36 00 38 00
         3B 00 33 00
         32 00 37 00
         36 00 37 00
         3B 00 22 00
         2C 00 31 00
         32 00 38 00
         2C 00 30 00
         2C 00 30 00
         2C 00 30 00
         0D 00 0A 00
00008026                    	.CODE
00000214                    	.debug
00000214 2E 00 73 00        		.dw '.stabs "unsigned char:t11=r11;0;65535;",128,0,0,0',0x0d,0x0a
         74 00 61 00
         62 00 73 00
         20 00 22 00
         75 00 6E 00
         73 00 69 00
         67 00 6E 00
         65 00 64 00
         20 00 63 00
         68 00 61 00
         72 00 3A 00
         74 00 31 00
         31 00 3D 00
         72 00 31 00
         31 00 3B 00
         30 00 3B 00
         36 00 35 00
         35 00 33 00
         35 00 3B 00
         22 00 2C 00
         31 00 32 00
         38 00 2C 00
         30 00 2C 00
         30 00 2C 00
         30 00 0D 00
         0A 00      
00008026                    	.CODE
00000247                    	.debug
00000247 2E 00 73 00        		.dw '.stabs "float:t12=r1;2;0;",128,0,0,0',0x0d,0x0a
         74 00 61 00
         62 00 73 00
         20 00 22 00
         66 00 6C 00
         6F 00 61 00
         74 00 3A 00
         74 00 31 00
         32 00 3D 00
         72 00 31 00
         3B 00 32 00
         3B 00 30 00
         3B 00 22 00
         2C 00 31 00
         32 00 38 00
         2C 00 30 00
         2C 00 30 00
         2C 00 30 00
         0D 00 0A 00
00008026                    	.CODE
0000026D                    	.debug
0000026D 2E 00 73 00        		.dw '.stabs "double:t13=r1;2;0;",128,0,0,0',0x0d,0x0a
         74 00 61 00
         62 00 73 00
         20 00 22 00
         64 00 6F 00
         75 00 62 00
         6C 00 65 00
         3A 00 74 00
         31 00 33 00
         3D 00 72 00
         31 00 3B 00
         32 00 3B 00
         30 00 3B 00
         22 00 2C 00
         31 00 32 00
         38 00 2C 00
         30 00 2C 00
         30 00 2C 00
         30 00 0D 00
         0A 00      
00008026                    	.CODE
00000294                    	.debug
00000294 2E 00 73 00        		.dw '.stabs "long double:t14=r1;2;0;",128,0,0,0',0x0d,0x0a
         74 00 61 00
         62 00 73 00
         20 00 22 00
         6C 00 6F 00
         6E 00 67 00
         20 00 64 00
         6F 00 75 00
         62 00 6C 00
         65 00 3A 00
         74 00 31 00
         34 00 3D 00
         72 00 31 00
         3B 00 32 00
         3B 00 30 00
         3B 00 22 00
         2C 00 31 00
         32 00 38 00
         2C 00 30 00
         2C 00 30 00
         2C 00 30 00
         0D 00 0A 00
00008026                    	.CODE
000002C0                    	.debug
000002C0 2E 00 73 00        		.dw '.stabs "complex int:t15=s2real:1,0,16;imag:1,16,16;;",128,0,0,0',0x0d,0x0a
         74 00 61 00
         62 00 73 00
         20 00 22 00
         63 00 6F 00
         6D 00 70 00
         6C 00 65 00
         78 00 20 00
         69 00 6E 00
         74 00 3A 00
         74 00 31 00
         35 00 3D 00
         73 00 32 00
         72 00 65 00
         61 00 6C 00
         3A 00 31 00
         2C 00 30 00
         2C 00 31 00
         36 00 3B 00
         69 00 6D 00
         61 00 67 00
         3A 00 31 00
         2C 00 31 00
         36 00 2C 00
         31 00 36 00
         3B 00 3B 00
         22 00 2C 00
         31 00 32 00
         38 00 2C 00
         30 00 2C 00
         30 00 2C 00
         30 00 0D 00
         0A 00      
00008026                    	.CODE
00000301                    	.debug
00000301 2E 00 73 00        		.dw '.stabs "complex float:t16=r16;2;0;",128,0,0,0',0x0d,0x0a
         74 00 61 00
         62 00 73 00
         20 00 22 00
         63 00 6F 00
         6D 00 70 00
         6C 00 65 00
         78 00 20 00
         66 00 6C 00
         6F 00 61 00
         74 00 3A 00
         74 00 31 00
         36 00 3D 00
         72 00 31 00
         36 00 3B 00
         32 00 3B 00
         30 00 3B 00
         22 00 2C 00
         31 00 32 00
         38 00 2C 00
         30 00 2C 00
         30 00 2C 00
         30 00 0D 00
         0A 00      
00008026                    	.CODE
00000330                    	.debug
00000330 2E 00 73 00        		.dw '.stabs "complex double:t17=r17;2;0;",128,0,0,0',0x0d,0x0a
         74 00 61 00
         62 00 73 00
         20 00 22 00
         63 00 6F 00
         6D 00 70 00
         6C 00 65 00
         78 00 20 00
         64 00 6F 00
         75 00 62 00
         6C 00 65 00
         3A 00 74 00
         31 00 37 00
         3D 00 72 00
         31 00 37 00
         3B 00 32 00
         3B 00 30 00
         3B 00 22 00
         2C 00 31 00
         32 00 38 00
         2C 00 30 00
         2C 00 30 00
         2C 00 30 00
         0D 00 0A 00
00008026                    	.CODE
00000360                    	.debug
00000360 2E 00 73 00        		.dw '.stabs "complex long double:t18=r18;2;0;",128,0,0,0',0x0d,0x0a
         74 00 61 00
         62 00 73 00
         20 00 22 00
         63 00 6F 00
         6D 00 70 00
         6C 00 65 00
         78 00 20 00
         6C 00 6F 00
         6E 00 67 00
         20 00 64 00
         6F 00 75 00
         62 00 6C 00
         65 00 3A 00
         74 00 31 00
         38 00 3D 00
         72 00 31 00
         38 00 3B 00
         32 00 3B 00
         30 00 3B 00
         22 00 2C 00
         31 00 32 00
         38 00 2C 00
         30 00 2C 00
         30 00 2C 00
         30 00 0D 00
         0A 00      
00008026                    	.CODE
00000395                    	.debug
00000395 2E 00 73 00        		.dw '.stabs "void:t19=19",128,0,0,0',0x0d,0x0a
         74 00 61 00
         62 00 73 00
         20 00 22 00
         76 00 6F 00
         69 00 64 00
         3A 00 74 00
         31 00 39 00
         3D 00 31 00
         39 00 22 00
         2C 00 31 00
         32 00 38 00
         2C 00 30 00
         2C 00 30 00
         2C 00 30 00
         0D 00 0A 00
00008026                    	.CODE
000003B5                    	.debug
000003B5 2E 00 73 00        		.dw '.stabs "DispTbl:G20=ar1;0;9;1",32,0,0,',0,0,offset _DispTbl,seg _DispTbl,0x0d,0x0a
         74 00 61 00
         62 00 73 00
         20 00 22 00
         44 00 69 00
         73 00 70 00
         54 00 62 00
         6C 00 3A 00
         47 00 32 00
         30 00 3D 00
         61 00 72 00
         31 00 3B 00
         30 00 3B 00
         39 00 3B 00
         31 00 22 00
         2C 00 33 00
         32 00 2C 00
         30 00 2C 00
         30 00 2C 00
         00 00 00 00
         00 00 00 00
         0D 00 0A 00
00008026                    	.CODE
                            	.public _DispTbl
00000000                    	.iram
                            	_DispTbl:
00000000 3F 00              		.dw 63
00000001 06 00              		.dw 6
00000002 5B 00              		.dw 91
00000003 4F 00              		.dw 79
00000004 66 00              		.dw 102
00000005 6D 00              		.dw 109
00000006 7D 00              		.dw 125
00000007 07 00              		.dw 7
00000008 7F 00              		.dw 127
00000009 FF 00              		.dw 255
000003E1                    	.debug
000003E1 2E 00 73 00        		.dw '.stabs "LedControl:G4",32,0,0,',0,0,offset _LedControl,seg _LedControl,0x0d,0x0a
         74 00 61 00
         62 00 73 00
         20 00 22 00
         4C 00 65 00
         64 00 43 00
         6F 00 6E 00
         74 00 72 00
         6F 00 6C 00
         3A 00 47 00
         34 00 22 00
         2C 00 33 00
         32 00 2C 00
         30 00 2C 00
         30 00 2C 00
         00 00 00 00
         0A 00 00 00
         0D 00 0A 00
00008026                    	.CODE
                            	.public _LedControl
0000000A                    	.iram
                            	_LedControl:
0000000A 01 00              		.dw 1
00008026                    	.code
00000405                    	.debug
00000405 2E 00 73 00        		.dw '.stabs "main:F1",36,0,0,',0,0,offset _main,seg _main,0x0d,0x0a
         74 00 61 00
         62 00 73 00
         20 00 22 00
         6D 00 61 00
         69 00 6E 00
         3A 00 46 00
         31 00 22 00
         2C 00 33 00
         36 00 2C 00
         30 00 2C 00
         30 00 2C 00
         00 00 00 00
         00 00 00 00
         0D 00 0A 00
00008026                    	.CODE
                            	.public _main
                            	_main:	.proc
00000423                    	.debug
00000423 2E 00 73 00        		.dw '.stabn 0x44,0,61,',0,0
         74 00 61 00
         62 00 6E 00
         20 00 30 00
         78 00 34 00
         34 00 2C 00
         30 00 2C 00
         36 00 31 00
         2C 00 00 00
         00 00      
00000436 00 00 00 00        		.dd LM1-_main
00000438 0D 00 0A 00        		.dw 0x0d,0x0a
00008026                    	.code
                            	LM1:
                            		// total=3, vars=3
                            		// frame_pointer_needed: 1
00008026 88 DA              		push bp to [sp]
00008027 43 20              		sp-=3
00008028 08 0B 01 00        		bp=sp+1
                            	
0000802A 0D 03 06 00        		R1=BP+6
0000802C 02 D2              		[bp+2]=R1	// QImode move
0000043A                    	.debug
0000043A 2E 00 73 00        		.dw '.stabn 0x44,0,62,',0,0
         74 00 61 00
         62 00 6E 00
         20 00 30 00
         78 00 34 00
         34 00 2C 00
         30 00 2C 00
         36 00 32 00
         2C 00 00 00
         00 00      
0000044D 07 00 00 00        		.dd LM2-_main
0000044F 0D 00 0A 00        		.dw 0x0d,0x0a
0000802D                    	.code
                            	LM2:
                            	LBB2:
0000802D 40 92              		R1=0	// QImode move
0000802E C5 D2              		[BP]=R1	// QImode move
00000451                    	.debug
00000451 2E 00 73 00        		.dw '.stabn 0x44,0,63,',0,0
         74 00 61 00
         62 00 6E 00
         20 00 30 00
         78 00 34 00
         34 00 2C 00
         30 00 2C 00
         36 00 33 00
         2C 00 00 00
         00 00      
00000464 09 00 00 00        		.dd LM3-_main
00000466 0D 00 0A 00        		.dw 0x0d,0x0a
0000802F                    	.code
                            	LM3:
0000802F 05 93              		R1=BP	// QImode move
00008030 0D 05 01 00        		R2=BP+1
00008032 40 92              		R1=0	// QImode move
00008033 02 97              		R3=R2	// QImode move
00008034 C3 D2              		[R3]=R1	// QImode move
00000468                    	.debug
00000468 2E 00 73 00        		.dw '.stabn 0x44,0,65,',0,0
         74 00 61 00
         62 00 6E 00
         20 00 30 00
         78 00 34 00
         34 00 2C 00
         30 00 2C 00
         36 00 35 00
         2C 00 00 00
         00 00      
0000047B 0F 00 00 00        		.dd LM4-_main
0000047D 0D 00 0A 00        		.dw 0x0d,0x0a
00008035                    	.code
                            	LM4:
00008035 09 93 FF 00        		R1=255	// QImode move
00008037 19 D3 02 70        		[28674]=R1	// QImode move
0000047F                    	.debug
0000047F 2E 00 73 00        		.dw '.stabn 0x44,0,66,',0,0
         74 00 61 00
         62 00 6E 00
         20 00 30 00
         78 00 34 00
         34 00 2C 00
         30 00 2C 00
         36 00 36 00
         2C 00 00 00
         00 00      
00000492 13 00 00 00        		.dd LM5-_main
00000494 0D 00 0A 00        		.dw 0x0d,0x0a
00008039                    	.code
                            	LM5:
00008039 09 93 FF 00        		R1=255	// QImode move
0000803B 19 D3 03 70        		[28675]=R1	// QImode move
00000496                    	.debug
00000496 2E 00 73 00        		.dw '.stabn 0x44,0,67,',0,0
         74 00 61 00
         62 00 6E 00
         20 00 30 00
         78 00 34 00
         34 00 2C 00
         30 00 2C 00
         36 00 37 00
         2C 00 00 00
         00 00      
000004A9 17 00 00 00        		.dd LM6-_main
000004AB 0D 00 0A 00        		.dw 0x0d,0x0a
0000803D                    	.code
                            	LM6:
0000803D 40 92              		R1=0	// QImode move
0000803E 19 D3 00 70        		[28672]=R1	// QImode move
000004AD                    	.debug
000004AD 2E 00 73 00        		.dw '.stabn 0x44,0,68,',0,0
         74 00 61 00
         62 00 6E 00
         20 00 30 00
         78 00 34 00
         34 00 2C 00
         30 00 2C 00
         36 00 38 00
         2C 00 00 00
         00 00      
000004C0 1A 00 00 00        		.dd LM7-_main
000004C2 0D 00 0A 00        		.dw 0x0d,0x0a
00008040                    	.code
                            	LM7:
00008040 09 93 FF 00        		R1=255	// QImode move
00008042 19 D3 07 70        		[28679]=R1	// QImode move
000004C4                    	.debug
000004C4 2E 00 73 00        		.dw '.stabn 0x44,0,69,',0,0
         74 00 61 00
         62 00 6E 00
         20 00 30 00
         78 00 34 00
         34 00 2C 00
         30 00 2C 00
         36 00 39 00
         2C 00 00 00
         00 00      
000004D7 1E 00 00 00        		.dd LM8-_main
000004D9 0D 00 0A 00        		.dw 0x0d,0x0a
00008044                    	.code
                            	LM8:
00008044 09 93 FF 00        		R1=255	// QImode move
00008046 19 D3 08 70        		[28680]=R1	// QImode move
000004DB                    	.debug
000004DB 2E 00 73 00        		.dw '.stabn 0x44,0,70,',0,0
         74 00 61 00
         62 00 6E 00
         20 00 30 00
         78 00 34 00
         34 00 2C 00
         30 00 2C 00
         37 00 30 00
         2C 00 00 00
         00 00      
000004EE 22 00 00 00        		.dd LM9-_main
000004F0 0D 00 0A 00        		.dw 0x0d,0x0a
00008048                    	.code
                            	LM9:
00008048 40 92              		R1=0	// QImode move
00008049 19 D3 05 70        		[28677]=R1	// QImode move
000004F2                    	.debug
000004F2 2E 00 73 00        		.dw '.stabn 0x44,0,72,',0,0
         74 00 61 00
         62 00 6E 00
         20 00 30 00
         78 00 34 00
         34 00 2C 00
         30 00 2C 00
         37 00 32 00
         2C 00 00 00
         00 00      
00000505 25 00 00 00        		.dd LM10-_main
00000507 0D 00 0A 00        		.dw 0x0d,0x0a
0000804B                    	.code
                            	LM10:
0000804B 40 92              		R1=0	// QImode move
0000804C C5 D2              		[BP]=R1	// QImode move
                            	L3:
0000804D C5 92              		R1=[BP]	// QImode move
0000804E 45 42              		CMP R1,5	// QImode compare
0000804F 02 BE              		JG L14	// QImode LE
00008050 0F 9F 54 80        		PC=L6
                            	L14:
00008052 0F 9F 97 80        		pc=L4	// Indirect jump
                            	L6:
00000509                    	.debug
00000509 2E 00 73 00        		.dw '.stabn 0x44,0,74,',0,0
         74 00 61 00
         62 00 6E 00
         20 00 30 00
         78 00 34 00
         34 00 2C 00
         30 00 2C 00
         37 00 34 00
         2C 00 00 00
         00 00      
0000051C 2E 00 00 00        		.dd LM11-_main
0000051E 0D 00 0A 00        		.dw 0x0d,0x0a
00008054                    	.code
                            	LM11:
00008054 11 93 0A 00        		R1=[_LedControl]	// QImode move
00008056 C5 94              		R2=[BP]	// QImode move
00008057 C8 D4              		[SP--]=R2	// QImode move
00008058 C8 D2              		[SP--]=R1	// QImode move
00008059 40 F0 02 81        		call __lshiu1	// call with return value
0000805B 42 00              		SP=SP+2
0000805C 19 D3 05 70        		[28677]=R1	// QImode move
00000520                    	.debug
00000520 2E 00 73 00        		.dw '.stabn 0x44,0,75,',0,0
         74 00 61 00
         62 00 6E 00
         20 00 30 00
         78 00 34 00
         34 00 2C 00
         30 00 2C 00
         37 00 35 00
         2C 00 00 00
         00 00      
00000533 38 00 00 00        		.dd LM12-_main
00000535 0D 00 0A 00        		.dw 0x0d,0x0a
0000805E                    	.code
                            	LM12:
0000805E 11 93 00 00        		R1=[_DispTbl]	// QImode move
00008060 19 D3 00 70        		[28672]=R1	// QImode move
00000537                    	.debug
00000537 2E 00 73 00        		.dw '.stabn 0x44,0,76,',0,0
         74 00 61 00
         62 00 6E 00
         20 00 30 00
         78 00 34 00
         34 00 2C 00
         30 00 2C 00
         37 00 36 00
         2C 00 00 00
         00 00      
0000054A 3C 00 00 00        		.dd LM13-_main
0000054C 0D 00 0A 00        		.dw 0x0d,0x0a
00008062                    	.code
                            	LM13:
00008062 40 F0 AC 80        		call _Delay	// call with return value
0000054E                    	.debug
0000054E 2E 00 73 00        		.dw '.stabn 0x44,0,78,',0,0
         74 00 61 00
         62 00 6E 00
         20 00 30 00
         78 00 34 00
         34 00 2C 00
         30 00 2C 00
         37 00 38 00
         2C 00 00 00
         00 00      
00000561 3E 00 00 00        		.dd LM14-_main
00000563 0D 00 0A 00        		.dw 0x0d,0x0a
00008064                    	.code
                            	LM14:
00008064 05 93              		R1=BP	// QImode move
00008065 0D 05 01 00        		R2=BP+1
00008067 40 92              		R1=0	// QImode move
00008068 02 99              		R4=R2	// QImode move
00008069 C4 D2              		[R4]=R1	// QImode move
                            	L7:
0000806A 05 93              		R1=BP	// QImode move
0000806B 0D 05 01 00        		R2=BP+1
0000806D 02 97              		R3=R2	// QImode move
0000806E C3 92              		R1=[R3]	// QImode move
0000806F 47 42              		CMP R1,7	// QImode compare
00008070 02 BE              		JG L15	// QImode LE
00008071 0F 9F 75 80        		PC=L10
                            	L15:
00008073 0F 9F 91 80        		pc=L5	// Indirect jump
                            	L10:
00000565                    	.debug
00000565 2E 00 73 00        		.dw '.stabn 0x44,0,80,',0,0
         74 00 61 00
         62 00 6E 00
         20 00 30 00
         78 00 34 00
         34 00 2C 00
         30 00 2C 00
         38 00 30 00
         2C 00 00 00
         00 00      
00000578 4F 00 00 00        		.dd LM15-_main
0000057A 0D 00 0A 00        		.dw 0x0d,0x0a
00008075                    	.code
                            	LM15:
00008075 C5 92              		R1=[BP]	// QImode move
00008076 C8 D2              		[SP--]=R1	// QImode move
00008077 05 93              		R1=BP	// QImode move
00008078 0D 05 01 00        		R2=BP+1
0000807A 02 99              		R4=R2	// QImode move
0000807B C4 92              		R1=[R4]	// QImode move
0000807C C8 D2              		[SP--]=R1	// QImode move
0000807D 40 F0 CA 80        		call _Led_Disp	// call with return value
0000807F 42 00              		SP=SP+2
0000057C                    	.debug
0000057C 2E 00 73 00        		.dw '.stabn 0x44,0,78,',0,0
         74 00 61 00
         62 00 6E 00
         20 00 30 00
         78 00 34 00
         34 00 2C 00
         30 00 2C 00
         37 00 38 00
         2C 00 00 00
         00 00      
0000058F 5A 00 00 00        		.dd LM16-_main
00000591 0D 00 0A 00        		.dw 0x0d,0x0a
00008080                    	.code
                            	LM16:
                            	L9:
00008080 05 93              		R1=BP	// QImode move
00008081 0D 05 01 00        		R2=BP+1
00008083 05 97              		R3=BP	// QImode move
00008084 0D 03 01 00        		R1=BP+1
00008086 05 95              		R2=BP	// QImode move
00008087 0D 07 01 00        		R3=BP+1
00008089 03 99              		R4=R3	// QImode move
0000808A C4 94              		R2=[R4]	// QImode move
0000808B 0A 07 01 00        		R3=R2+1
0000808D 01 95              		R2=R1	// QImode move
0000808E C2 D6              		[R2]=R3	// QImode move
0000808F 0F 9F 6A 80        		pc=L7	// Indirect jump
                            	L8:
00000593                    	.debug
00000593 2E 00 73 00        		.dw '.stabn 0x44,0,72,',0,0
         74 00 61 00
         62 00 6E 00
         20 00 30 00
         78 00 34 00
         34 00 2C 00
         30 00 2C 00
         37 00 32 00
         2C 00 00 00
         00 00      
000005A6 6B 00 00 00        		.dd LM17-_main
000005A8 0D 00 0A 00        		.dw 0x0d,0x0a
00008091                    	.code
                            	LM17:
                            	L5:
00008091 C5 92              		R1=[BP]	// QImode move
00008092 09 05 01 00        		R2=R1+1
00008094 C5 D4              		[BP]=R2	// QImode move
00008095 0F 9F 4D 80        		pc=L3	// Indirect jump
                            	L4:
000005AA                    	.debug
000005AA 2E 00 73 00        		.dw '.stabn 0x44,0,84,',0,0
         74 00 61 00
         62 00 6E 00
         20 00 30 00
         78 00 34 00
         34 00 2C 00
         30 00 2C 00
         38 00 34 00
         2C 00 00 00
         00 00      
000005BD 71 00 00 00        		.dd LM18-_main
000005BF 0D 00 0A 00        		.dw 0x0d,0x0a
00008097                    	.code
                            	LM18:
00008097 40 92              		R1=0	// QImode move
00008098 19 D3 00 70        		[28672]=R1	// QImode move
000005C1                    	.debug
000005C1 2E 00 73 00        		.dw '.stabn 0x44,0,85,',0,0
         74 00 61 00
         62 00 6E 00
         20 00 30 00
         78 00 34 00
         34 00 2C 00
         30 00 2C 00
         38 00 35 00
         2C 00 00 00
         00 00      
000005D4 74 00 00 00        		.dd LM19-_main
000005D6 0D 00 0A 00        		.dw 0x0d,0x0a
0000809A                    	.code
                            	LM19:
0000809A 7F 92              		R1=63	// QImode move
0000809B 19 D3 05 70        		[28677]=R1	// QImode move
000005D8                    	.debug
000005D8 2E 00 73 00        		.dw '.stabn 0x44,0,86,',0,0
         74 00 61 00
         62 00 6E 00
         20 00 30 00
         78 00 34 00
         34 00 2C 00
         30 00 2C 00
         38 00 36 00
         2C 00 00 00
         00 00      
000005EB 77 00 00 00        		.dd LM20-_main
000005ED 0D 00 0A 00        		.dw 0x0d,0x0a
0000809D                    	.code
                            	LM20:
0000809D 11 93 09 00        		R1=[_DispTbl+9]	// QImode move
0000809F 19 D3 00 70        		[28672]=R1	// QImode move
000005EF                    	.debug
000005EF 2E 00 73 00        		.dw '.stabn 0x44,0,88,',0,0
         74 00 61 00
         62 00 6E 00
         20 00 30 00
         78 00 34 00
         34 00 2C 00
         30 00 2C 00
         38 00 38 00
         2C 00 00 00
         00 00      
00000602 7B 00 00 00        		.dd LM21-_main
00000604 0D 00 0A 00        		.dw 0x0d,0x0a
000080A1                    	.code
                            	LM21:
                            	L11:
000080A1 0F 9F A5 80        		pc=L13	// Indirect jump
000080A3 0F 9F A9 80        		pc=L12	// Indirect jump
                            	L13:
00000606                    	.debug
00000606 2E 00 73 00        		.dw '.stabn 0x44,0,90,',0,0
         74 00 61 00
         62 00 6E 00
         20 00 30 00
         78 00 34 00
         34 00 2C 00
         30 00 2C 00
         39 00 30 00
         2C 00 00 00
         00 00      
00000619 7F 00 00 00        		.dd LM22-_main
0000061B 0D 00 0A 00        		.dw 0x0d,0x0a
000080A5                    	.code
                            	LM22:
000080A5 40 F0 AC 80        		call _Delay	// call with return value
0000061D                    	.debug
0000061D 2E 00 73 00        		.dw '.stabn 0x44,0,91,',0,0
         74 00 61 00
         62 00 6E 00
         20 00 30 00
         78 00 34 00
         34 00 2C 00
         30 00 2C 00
         39 00 31 00
         2C 00 00 00
         00 00      
00000630 81 00 00 00        		.dd LM23-_main
00000632 0D 00 0A 00        		.dw 0x0d,0x0a
000080A7                    	.code
                            	LM23:
000080A7 0F 9F A1 80        		pc=L11	// Indirect jump
                            	L12:
00000634                    	.debug
00000634 2E 00 73 00        		.dw '.stabn 0x44,0,92,',0,0
         74 00 61 00
         62 00 6E 00
         20 00 30 00
         78 00 34 00
         34 00 2C 00
         30 00 2C 00
         39 00 32 00
         2C 00 00 00
         00 00      
00000647 83 00 00 00        		.dd LM24-_main
00000649 0D 00 0A 00        		.dw 0x0d,0x0a
000080A9                    	.code
                            	LM24:
                            	LBE2:
0000064B                    	.debug
0000064B 2E 00 73 00        		.dw '.stabn 0x44,0,92,',0,0
         74 00 61 00
         62 00 6E 00
         20 00 30 00
         78 00 34 00
         34 00 2C 00
         30 00 2C 00
         39 00 32 00
         2C 00 00 00
         00 00      
0000065E 83 00 00 00        		.dd LM25-_main
00000660 0D 00 0A 00        		.dw 0x0d,0x0a
000080A9                    	.code
                            	LM25:
                            	L2:
                            	
000080A9 43 00              		sp+=3
000080AA 88 98              		pop bp from [sp]
000080AB 90 9A              		retf
                            		.endp	// end of main
                            	
00000662                    	.debug
00000662 2E 00 73 00        		.dw '.stabn 0xc0,0,0,',0,0
         74 00 61 00
         62 00 6E 00
         20 00 30 00
         78 00 63 00
         30 00 2C 00
         30 00 2C 00
         30 00 2C 00
         00 00 00 00
00000674 07 00 00 00        		.dd LBB2-_main
00000676 0D 00 0A 00        		.dw 0x0d,0x0a
000080AC                    	.code
00000678                    	.debug
00000678 2E 00 73 00        		.dw '.stabs "Loop_Numb:1",128,0,0,0',0x0d,0x0a
         74 00 61 00
         62 00 73 00
         20 00 22 00
         4C 00 6F 00
         6F 00 70 00
         5F 00 4E 00
         75 00 6D 00
         62 00 3A 00
         31 00 22 00
         2C 00 31 00
         32 00 38 00
         2C 00 30 00
         2C 00 30 00
         2C 00 30 00
         0D 00 0A 00
000080AC                    	.CODE
00000698                    	.debug
00000698 2E 00 73 00        		.dw '.stabs "Led_Numb:1",128,0,0,1',0x0d,0x0a
         74 00 61 00
         62 00 73 00
         20 00 22 00
         4C 00 65 00
         64 00 5F 00
         4E 00 75 00
         6D 00 62 00
         3A 00 31 00
         22 00 2C 00
         31 00 32 00
         38 00 2C 00
         30 00 2C 00
         30 00 2C 00
         31 00 0D 00
         0A 00      
000080AC                    	.CODE
000006B7                    	.debug
000006B7 2E 00 73 00        		.dw '.stabn 0xe0,0,0,',0,0
         74 00 61 00
         62 00 6E 00
         20 00 30 00
         78 00 65 00
         30 00 2C 00
         30 00 2C 00
         30 00 2C 00
         00 00 00 00
000006C9 83 00 00 00        		.dd LBE2-_main
000006CB 0D 00 0A 00        		.dw 0x0d,0x0a
000080AC                    	.code
000006CD                    	.debug
000006CD 2E 00 73 00        		.dw '.stabf ',0,0
         74 00 61 00
         62 00 66 00
         20 00 00 00
         00 00      
000006D6 86 00 00 00        		.dd LME1-_main
000006D8 0D 00 0A 00        		.dw 0x0d,0x0a
000080AC                    	.code
                            	LME1:
000080AC                    	.code
000006DA                    	.debug
000006DA 2E 00 73 00        		.dw '.stabs "Delay:F1",36,0,0,',0,0,offset _Delay,seg _Delay,0x0d,0x0a
         74 00 61 00
         62 00 73 00
         20 00 22 00
         44 00 65 00
         6C 00 61 00
         79 00 3A 00
         46 00 31 00
         22 00 2C 00
         33 00 36 00
         2C 00 30 00
         2C 00 30 00
         2C 00 00 00
         00 00 86 00
         00 00 0D 00
         0A 00      
000080AC                    	.CODE
                            	.public _Delay
                            	_Delay:	.proc
000006F9                    	.debug
000006F9 2E 00 73 00        		.dw '.stabn 0x44,0,100,',0,0
         74 00 61 00
         62 00 6E 00
         20 00 30 00
         78 00 34 00
         34 00 2C 00
         30 00 2C 00
         31 00 30 00
         30 00 2C 00
         00 00 00 00
0000070D 00 00 00 00        		.dd LM26-_Delay
0000070F 0D 00 0A 00        		.dw 0x0d,0x0a
000080AC                    	.code
                            	LM26:
                            		// total=1, vars=1
                            		// frame_pointer_needed: 1
000080AC 88 DA              		push bp to [sp]
000080AD 41 20              		sp-=1
000080AE 08 0B 01 00        		bp=sp+1
                            	
000080B0 0D 03 04 00        		R1=BP+4
00000711                    	.debug
00000711 2E 00 73 00        		.dw '.stabn 0x44,0,101,',0,0
         74 00 61 00
         62 00 6E 00
         20 00 30 00
         78 00 34 00
         34 00 2C 00
         30 00 2C 00
         31 00 30 00
         31 00 2C 00
         00 00 00 00
00000725 06 00 00 00        		.dd LM27-_Delay
00000727 0D 00 0A 00        		.dw 0x0d,0x0a
000080B2                    	.code
                            	LM27:
                            	LBB3:
000080B2 40 94              		R2=0	// QImode move
000080B3 C5 D4              		[BP]=R2	// QImode move
00000729                    	.debug
00000729 2E 00 73 00        		.dw '.stabn 0x44,0,103,',0,0
         74 00 61 00
         62 00 6E 00
         20 00 30 00
         78 00 34 00
         34 00 2C 00
         30 00 2C 00
         31 00 30 00
         33 00 2C 00
         00 00 00 00
0000073D 08 00 00 00        		.dd LM28-_Delay
0000073F 0D 00 0A 00        		.dw 0x0d,0x0a
000080B4                    	.code
                            	LM28:
000080B4 40 94              		R2=0	// QImode move
000080B5 C5 D4              		[BP]=R2	// QImode move
                            	L17:
000080B6 C5 94              		R2=[BP]	// QImode move
000080B7 0A 45 FF 1F        		CMP R2,8191	// QImode compare
000080B9 02 BE              		JG L21	// QImode LE
000080BA 0F 9F BE 80        		PC=L20
                            	L21:
000080BC 0F 9F C7 80        		pc=L18	// Indirect jump
                            	L20:
00000741                    	.debug
00000741 2E 00 73 00        		.dw '.stabn 0x44,0,104,',0,0
         74 00 61 00
         62 00 6E 00
         20 00 30 00
         78 00 34 00
         34 00 2C 00
         30 00 2C 00
         31 00 30 00
         34 00 2C 00
         00 00 00 00
00000755 12 00 00 00        		.dd LM29-_Delay
00000757 0D 00 0A 00        		.dw 0x0d,0x0a
000080BE                    	.code
                            	LM29:
000080BE 41 94              		R2=1	// QImode move
000080BF 1A D5 12 70        		[28690]=R2	// QImode move
00000759                    	.debug
00000759 2E 00 73 00        		.dw '.stabn 0x44,0,103,',0,0
         74 00 61 00
         62 00 6E 00
         20 00 30 00
         78 00 34 00
         34 00 2C 00
         30 00 2C 00
         31 00 30 00
         33 00 2C 00
         00 00 00 00
0000076D 15 00 00 00        		.dd LM30-_Delay
0000076F 0D 00 0A 00        		.dw 0x0d,0x0a
000080C1                    	.code
                            	LM30:
                            	L19:
000080C1 C5 94              		R2=[BP]	// QImode move
000080C2 0A 07 01 00        		R3=R2+1
000080C4 C5 D6              		[BP]=R3	// QImode move
000080C5 0F 9F B6 80        		pc=L17	// Indirect jump
                            	L18:
00000771                    	.debug
00000771 2E 00 73 00        		.dw '.stabn 0x44,0,105,',0,0
         74 00 61 00
         62 00 6E 00
         20 00 30 00
         78 00 34 00
         34 00 2C 00
         30 00 2C 00
         31 00 30 00
         35 00 2C 00
         00 00 00 00
00000785 1B 00 00 00        		.dd LM31-_Delay
00000787 0D 00 0A 00        		.dw 0x0d,0x0a
000080C7                    	.code
                            	LM31:
                            	LBE3:
00000789                    	.debug
00000789 2E 00 73 00        		.dw '.stabn 0x44,0,105,',0,0
         74 00 61 00
         62 00 6E 00
         20 00 30 00
         78 00 34 00
         34 00 2C 00
         30 00 2C 00
         31 00 30 00
         35 00 2C 00
         00 00 00 00
0000079D 1B 00 00 00        		.dd LM32-_Delay
0000079F 0D 00 0A 00        		.dw 0x0d,0x0a
000080C7                    	.code
                            	LM32:
                            	L16:
                            	
000080C7 41 00              		sp+=1
000080C8 88 98              		pop bp from [sp]
000080C9 90 9A              		retf
                            		.endp	// end of Delay
                            	
000007A1                    	.debug
000007A1 2E 00 73 00        		.dw '.stabn 0xc0,0,0,',0,0
         74 00 61 00
         62 00 6E 00
         20 00 30 00
         78 00 63 00
         30 00 2C 00
         30 00 2C 00
         30 00 2C 00
         00 00 00 00
000007B3 06 00 00 00        		.dd LBB3-_Delay
000007B5 0D 00 0A 00        		.dw 0x0d,0x0a
000080CA                    	.code
000007B7                    	.debug
000007B7 2E 00 73 00        		.dw '.stabs "DelayValue:1",128,0,0,0',0x0d,0x0a
         74 00 61 00
         62 00 73 00
         20 00 22 00
         44 00 65 00
         6C 00 61 00
         79 00 56 00
         61 00 6C 00
         75 00 65 00
         3A 00 31 00
         22 00 2C 00
         31 00 32 00
         38 00 2C 00
         30 00 2C 00
         30 00 2C 00
         30 00 0D 00
         0A 00      
000080CA                    	.CODE
000007D8                    	.debug
000007D8 2E 00 73 00        		.dw '.stabn 0xe0,0,0,',0,0
         74 00 61 00
         62 00 6E 00
         20 00 30 00
         78 00 65 00
         30 00 2C 00
         30 00 2C 00
         30 00 2C 00
         00 00 00 00
000007EA 1B 00 00 00        		.dd LBE3-_Delay
000007EC 0D 00 0A 00        		.dw 0x0d,0x0a
000080CA                    	.code
000007EE                    	.debug
000007EE 2E 00 73 00        		.dw '.stabf ',0,0
         74 00 61 00
         62 00 66 00
         20 00 00 00
         00 00      
000007F7 1E 00 00 00        		.dd LME2-_Delay
000007F9 0D 00 0A 00        		.dw 0x0d,0x0a
000080CA                    	.code
                            	LME2:
000080CA                    	.code
000007FB                    	.debug
000007FB 2E 00 73 00        		.dw '.stabs "Led_Disp:F1",36,0,0,',0,0,offset _Led_Disp,seg _Led_Disp,0x0d,0x0a
         74 00 61 00
         62 00 73 00
         20 00 22 00
         4C 00 65 00
         64 00 5F 00
         44 00 69 00
         73 00 70 00
         3A 00 46 00
         31 00 22 00
         2C 00 33 00
         36 00 2C 00
         30 00 2C 00
         30 00 2C 00
         00 00 00 00
         A4 00 00 00
         0D 00 0A 00
000080CA                    	.CODE
                            	.public _Led_Disp
                            	_Led_Disp:	.proc
0000081D                    	.debug
0000081D 2E 00 73 00        		.dw '.stabn 0x44,0,113,',0,0
         74 00 61 00
         62 00 6E 00
         20 00 30 00
         78 00 34 00
         34 00 2C 00
         30 00 2C 00
         31 00 31 00
         33 00 2C 00
         00 00 00 00
00000831 00 00 00 00        		.dd LM33-_Led_Disp
00000833 0D 00 0A 00        		.dw 0x0d,0x0a
000080CA                    	.code
                            	LM33:
                            		// total=1, vars=1
                            		// frame_pointer_needed: 1
000080CA 88 DA              		push bp to [sp]
000080CB 41 20              		sp-=1
000080CC 08 0B 01 00        		bp=sp+1
                            	
000080CE 0D 03 04 00        		R1=BP+4
000080D0 C5 D2              		[BP]=R1	// QImode move
00000835                    	.debug
00000835 2E 00 73 00        		.dw '.stabn 0x44,0,114,',0,0
         74 00 61 00
         62 00 6E 00
         20 00 30 00
         78 00 34 00
         34 00 2C 00
         30 00 2C 00
         31 00 31 00
         34 00 2C 00
         00 00 00 00
00000849 07 00 00 00        		.dd LM34-_Led_Disp
0000084B 0D 00 0A 00        		.dw 0x0d,0x0a
000080D1                    	.code
                            	LM34:
000080D1 09 93 40 00        		R1=64	// QImode move
000080D3 19 D3 05 70        		[28677]=R1	// QImode move
0000084D                    	.debug
0000084D 2E 00 73 00        		.dw '.stabn 0x44,0,115,',0,0
         74 00 61 00
         62 00 6E 00
         20 00 30 00
         78 00 34 00
         34 00 2C 00
         30 00 2C 00
         31 00 31 00
         35 00 2C 00
         00 00 00 00
00000861 0B 00 00 00        		.dd LM35-_Led_Disp
00000863 0D 00 0A 00        		.dw 0x0d,0x0a
000080D5                    	.code
                            	LM35:
000080D5 11 93 0A 00        		R1=[_LedControl]	// QImode move
000080D7 C5 96              		R3=[BP]	// QImode move
000080D8 C3 94              		R2=[R3]	// QImode move
000080D9 C8 D4              		[SP--]=R2	// QImode move
000080DA C8 D2              		[SP--]=R1	// QImode move
000080DB 40 F0 02 81        		call __lshiu1	// call with return value
000080DD 42 00              		SP=SP+2
000080DE 19 D3 00 70        		[28672]=R1	// QImode move
00000865                    	.debug
00000865 2E 00 73 00        		.dw '.stabn 0x44,0,116,',0,0
         74 00 61 00
         62 00 6E 00
         20 00 30 00
         78 00 34 00
         34 00 2C 00
         30 00 2C 00
         31 00 31 00
         36 00 2C 00
         00 00 00 00
00000879 16 00 00 00        		.dd LM36-_Led_Disp
0000087B 0D 00 0A 00        		.dw 0x0d,0x0a
000080E0                    	.code
                            	LM36:
000080E0 40 F0 AC 80        		call _Delay	// call with return value
0000087D                    	.debug
0000087D 2E 00 73 00        		.dw '.stabn 0x44,0,118,',0,0
         74 00 61 00
         62 00 6E 00
         20 00 30 00
         78 00 34 00
         34 00 2C 00
         30 00 2C 00
         31 00 31 00
         38 00 2C 00
         00 00 00 00
00000891 18 00 00 00        		.dd LM37-_Led_Disp
00000893 0D 00 0A 00        		.dw 0x0d,0x0a
000080E2                    	.code
                            	LM37:
000080E2 C5 92              		R1=[BP]	// QImode move
000080E3 C5 92              		R1=[BP]	// QImode move
000080E4 09 05 01 00        		R2=R1+1
000080E6 11 93 0A 00        		R1=[_LedControl]	// QImode move
000080E8 02 97              		R3=R2	// QImode move
000080E9 C3 94              		R2=[R3]	// QImode move
000080EA C8 D4              		[SP--]=R2	// QImode move
000080EB C8 D2              		[SP--]=R1	// QImode move
000080EC 40 F0 02 81        		call __lshiu1	// call with return value
000080EE 42 00              		SP=SP+2
000080EF 19 D3 05 70        		[28677]=R1	// QImode move
00000895                    	.debug
00000895 2E 00 73 00        		.dw '.stabn 0x44,0,119,',0,0
         74 00 61 00
         62 00 6E 00
         20 00 30 00
         78 00 34 00
         34 00 2C 00
         30 00 2C 00
         31 00 31 00
         39 00 2C 00
         00 00 00 00
000008A9 27 00 00 00        		.dd LM38-_Led_Disp
000008AB 0D 00 0A 00        		.dw 0x0d,0x0a
000080F1                    	.code
                            	LM38:
000080F1 C5 92              		R1=[BP]	// QImode move
000080F2 C1 94              		R2=[R1]	// QImode move
000080F3 0A 03 01 00        		R1=R2+1
000080F5 0B 97 00 00        		R3=_DispTbl	// QImode move
000080F7 03 95              		R2=R3	// QImode move
000080F8 01 05              		R2+=R1	// addqi3_r0r
000080F9 02 97              		R3=R2	// QImode move
000080FA C3 92              		R1=[R3]	// QImode move
000080FB 19 D3 00 70        		[28672]=R1	// QImode move
000008AD                    	.debug
000008AD 2E 00 73 00        		.dw '.stabn 0x44,0,120,',0,0
         74 00 61 00
         62 00 6E 00
         20 00 30 00
         78 00 34 00
         34 00 2C 00
         30 00 2C 00
         31 00 32 00
         30 00 2C 00
         00 00 00 00
000008C1 33 00 00 00        		.dd LM39-_Led_Disp
000008C3 0D 00 0A 00        		.dw 0x0d,0x0a
000080FD                    	.code
                            	LM39:
000080FD 40 F0 AC 80        		call _Delay	// call with return value
000008C5                    	.debug
000008C5 2E 00 73 00        		.dw '.stabn 0x44,0,121,',0,0
         74 00 61 00
         62 00 6E 00
         20 00 30 00
         78 00 34 00
         34 00 2C 00
         30 00 2C 00
         31 00 32 00
         31 00 2C 00
         00 00 00 00
000008D9 35 00 00 00        		.dd LM40-_Led_Disp
000008DB 0D 00 0A 00        		.dw 0x0d,0x0a
000080FF                    	.code
                            	LM40:
000008DD                    	.debug
000008DD 2E 00 73 00        		.dw '.stabn 0x44,0,121,',0,0
         74 00 61 00
         62 00 6E 00
         20 00 30 00
         78 00 34 00
         34 00 2C 00
         30 00 2C 00
         31 00 32 00
         31 00 2C 00
         00 00 00 00
000008F1 35 00 00 00        		.dd LM41-_Led_Disp
000008F3 0D 00 0A 00        		.dw 0x0d,0x0a
000080FF                    	.code
                            	LM41:
                            	L22:
                            	
000080FF 41 00              		sp+=1
00008100 88 98              		pop bp from [sp]
00008101 90 9A              		retf
                            		.endp	// end of Led_Disp
                            	
000008F5                    	.debug
000008F5 2E 00 73 00        		.dw '.stabs "Led:p1",160,0,0,4',0x0d,0x0a
         74 00 61 00
         62 00 73 00
         20 00 22 00
         4C 00 65 00
         64 00 3A 00
         70 00 31 00
         22 00 2C 00
         31 00 36 00
         30 00 2C 00
         30 00 2C 00
         30 00 2C 00
         34 00 0D 00
         0A 00      
00008102                    	.CODE
00000910                    	.debug
00000910 2E 00 73 00        		.dw '.stabs "Loop:p1",160,0,0,5',0x0d,0x0a
         74 00 61 00
         62 00 73 00
         20 00 22 00
         4C 00 6F 00
         6F 00 70 00
         3A 00 70 00
         31 00 22 00
         2C 00 31 00
         36 00 30 00
         2C 00 30 00
         2C 00 30 00
         2C 00 35 00
         0D 00 0A 00
00008102                    	.CODE
0000092C                    	.debug
0000092C 2E 00 73 00        		.dw '.stabf ',0,0
         74 00 61 00
         62 00 66 00
         20 00 00 00
         00 00      
00000935 38 00 00 00        		.dd LME3-_Led_Disp
00000937 0D 00 0A 00        		.dw 0x0d,0x0a
00008102                    	.code
                            	LME3:
                            	.external __lshiu1
                            		.end
0 error(s), 0 warning(s).

