C51 COMPILER V8.05a   CHENGXU                                                              03/18/2010 13:15:49 PAGE 1   


C51 COMPILER V8.05a, COMPILATION OF MODULE CHENGXU
OBJECT MODULE PLACED IN chengxu.OBJ
COMPILER INVOKED BY: C:\Keil\C51\BIN\C51.EXE chengxu.c BROWSE DEBUG OBJECTEXTEND

line level    source

   1          
   2          ////////////////////////汇诚科技////////////////////
   3          //////////////////http://www.ourhc.cn///////////////
   4          ///////////////////步进电机调试程序/////////////////
   5          
   6          #include<reg52.h> 
   7          #define uchar unsigned char
   8          #define uint unsigned int
   9          
  10          
  11          /********************************************************
  12                                                          控制位定义
  13          ********************************************************/
  14          
  15          sbit shi_neng=P1^0;  // 使能控制位
  16          sbit fang_shi=P1^1;  // 工作方式控制位
  17          sbit fang_xiang=P1^2;// 旋转方向控制位
  18          sbit mai_chong=P1^3; // 脉冲控制位
  19          sbit KEY= P2^0;          //     启动按键
  20          sbit zrun=P2^1;          //     正转选择
  21          sbit frun=P2^2;      // 反转选择
  22          uint y=0;                        //设定转动脉冲数值
  23          /********************************************************
  24                                                          延时函数
  25          ********************************************************/
  26          void delay(uint i)//延时函数
  27          {
  28   1              uchar j,k;
  29   1              for(j=0;j<i;j++)
  30   1              for(k=0;k<250;k++);
  31   1      }
  32          
  33          /********************************************************
  34                                                          主函数
  35          ********************************************************/
  36          
  37          main()
  38          {
  39   1              shi_neng=1;  // 使能控制位
  40   1              fang_shi=1;  // 工作方式控制位
  41   1              fang_xiang=1;// 旋转方向控制位
  42   1              mai_chong=1; // 脉冲控制位
  43   1              
  44   1              while(1)
  45   1              {
  46   2              
  47   2              if(KEY==0){while(!KEY) y=700;}  //改变y值的大小可以改变电机的转动角度
  48   2              if(zrun==0){while(!zrun) fang_xiang=0;} //如果正转按键按下，电机正转选择
  49   2              if(frun==0){while(!frun) fang_xiang=1;} //如果反转按键按下，电机反转选择
  50   2              if(y>=1)   //执行转动条件
  51   2              {   y--;
  52   3                      mai_chong=~mai_chong; //输出时钟脉冲
  53   3                      delay(3);}                        //延时  (括号内数值越小，电机转动速度越快)
  54   2                      
  55   2              }
C51 COMPILER V8.05a   CHENGXU                                                              03/18/2010 13:15:49 PAGE 2   

  56   1      }


MODULE INFORMATION:   STATIC OVERLAYABLE
   CODE SIZE        =     91    ----
   CONSTANT SIZE    =   ----    ----
   XDATA SIZE       =   ----    ----
   PDATA SIZE       =   ----    ----
   DATA SIZE        =      2    ----
   IDATA SIZE       =   ----    ----
   BIT SIZE         =   ----    ----
END OF MODULE INFORMATION.


C51 COMPILATION COMPLETE.  0 WARNING(S),  0 ERROR(S)
