C51 COMPILER V8.05a   CHENGXU                                                              07/08/2009 12:23:24 PAGE 1   


C51 COMPILER V8.05a, COMPILATION OF MODULE CHENGXU
OBJECT MODULE PLACED IN chengxu.OBJ
COMPILER INVOKED BY: C:\Keil\C51\BIN\C51.EXE chengxu.c BROWSE DEBUG OBJECTEXTEND

line level    source

   1          /********************************************************************
   2                                      汇诚科技
   3                                                    http://www.ourhc.cn
   4          *********************************************************************/
   5          #include<reg52.h>              //库文件
   6          #define uchar unsigned char//宏定义无符号字符型
   7          #define uint unsigned int  //宏定义无符号整型
   8          /********************************************************************
   9                                      初始定义
  10          *********************************************************************/
  11          sbit P3_2=P3^2;
  12          sbit P3_3=P3^3;
  13          unsigned char keycnt=0;
  14          unsigned char tcnt=0; //键值判断
  15          bit sjz=0; //产生三角波时用到的标志
  16          void delayl() //延时子程序
  17          { unsigned char i,j;
  18   1      for(i=20;i>0;i--)
  19   1      for(j=248;j>0;j--); }
  20          void KEY() //按键扫描程序
  21          {
  22   1      if(P3_2==0)
  23   1      {
  24   2      delayl(); //延时跳过按下时的抖动
  25   2      if(P3_2==0)
  26   2      {                      
  27   3      keycnt=0; //定时器产生锯齿波标志
  28   3      TR0=0; //暂时停止波形输出
  29   3      TH0=0x256-40; //对TH0 TL0 赋值
  30   3      TL0=0x256-40;
  31   3      TR0=1; //开始定时,产生锯齿波
  32   3      while(P3_2==0); //如果一直按着键，则等待松键开
  33   3      delayl(); //延时跳过松开后的抖动
  34   3      } }
  35   1      if(P3_3==0)
  36   1      {
  37   2      delayl(); //延时跳过按下时的抖动
  38   2      if(P3_3==0)
  39   2      {
  40   3      keycnt=1; //定时器产生三角波标志
  41   3      TR0=0; //暂时停止波形输出
  42   3      TH0=0x256-40; //对TH0 TL0 赋值
  43   3      TL0=0x256-40;
  44   3      TR0=1; //开始定时 产生三角波
  45   3      }
  46   2      while(P3_2==0); //如果一直按着键，则等待松键开
  47   2      delayl(); //延时跳过松开后的抖动
  48   2      }
  49   1      } //请注意写程序时的格式规范，此处是为了节省纸张
  50          void t0(void) interrupt 1 using 0 //定时中断服务函数
  51          {
  52   1      if(keycnt==0) //产生锯齿波
  53   1      {
  54   2      P0=tcnt;
  55   2      tcnt=+0x0a; //步进0.2V/一次中断
C51 COMPILER V8.05a   CHENGXU                                                              07/08/2009 12:23:24 PAGE 2   

  56   2      if(tcnt==0xfb)
  57   2      {tcnt=0;}
  58   2      }
  59   1      if(keycnt==1) //产生三角波
  60   1      { if(sjz==0)
  61   2      {P0=tcnt;
  62   3      tcnt=+0x0a;//步进0.2V/一次中断
  63   3      if(tcnt==0xfa)
  64   3      {sjz=1;}
  65   3      }
  66   2      if(sjz==1)
  67   2      {
  68   3      P0=tcnt;
  69   3      tcnt=-0x0a;
  70   3      if(tcnt==0)                     
  71   3      {sjz=0;}
  72   3      }
  73   2      }
  74   1      }
  75          void main(void)
  76          {
  77   1      TMOD=0x02; //定时器工作在方式2
  78   1      ET0=1;
  79   1      EA=1;
  80   1      while(1)
  81   1      { KEY(); }
  82   1      }


MODULE INFORMATION:   STATIC OVERLAYABLE
   CODE SIZE        =    142    ----
   CONSTANT SIZE    =   ----    ----
   XDATA SIZE       =   ----    ----
   PDATA SIZE       =   ----    ----
   DATA SIZE        =      2    ----
   IDATA SIZE       =   ----    ----
   BIT SIZE         =      1    ----
END OF MODULE INFORMATION.


C51 COMPILATION COMPLETE.  0 WARNING(S),  0 ERROR(S)
