C51 COMPILER V8.05a   CHENGXU                                                              07/06/2009 18:37:19 PAGE 1   


C51 COMPILER V8.05a, COMPILATION OF MODULE CHENGXU
OBJECT MODULE PLACED IN chengxu.OBJ
COMPILER INVOKED BY: C:\Keil\C51\BIN\C51.EXE chengxu.c BROWSE DEBUG OBJECTEXTEND

line level    source

   1          /********************************************************************
   2                                      汇诚科技
   3                                                    http://www.ourhc.cn
   4          *********************************************************************/
   5          #include<reg52.h>              //库文件
   6          #define uchar unsigned char//宏定义无符号字符型
   7          #define uint unsigned int  //宏定义无符号整型
   8          /********************************************************************
   9                                      初始定义
  10          *********************************************************************/
  11          code uchar seg7code[10]={ 0xc0,0xf9,0xa4,0xb0,0x99,0x92,0x82,0xf8,0x80,0x90}; //显示段码 数码管字跟
  12          
  13          sbit P2_0=P2^0; //定义按键的输入端（为单片机P2口的P2.1按键）
  14          sbit P2_1=P2^1; //定义按键的输入端（为单片机P2口的P2.1按键）
  15          sbit P2_2=P2^2; //定义按键的输入端（为单片机P2口的P2.1按键）
  16          sbit P2_3=P2^3; //定义按键的输入端（为单片机P2口的P2.1按键）
  17                  
  18          /********************************************************************
  19                                      主函数
  20          *********************************************************************/
  21          void main()
  22          {
  23   1              P2=0X0f;//定义P2口输出00001111
  24   1              P0=seg7code[0]; //初始值显示0
  25   1              while(1)
  26   1              {
  27   2              if(P2_0==0)P0=seg7code[1];      //如果P2.0按键按下，数码管显示1
  28   2              if(P2_1==0)P0=seg7code[2];      //如果P2.1按键按下，数码管显示2
  29   2              if(P2_2==0)P0=seg7code[3];      //如果P2.2按键按下，数码管显示3
  30   2              if(P2_3==0)P0=seg7code[4];      //如果P2.3按键按下，数码管显示4
  31   2              }
  32   1      }
  33          
  34                  
  35          /********************************************************************
  36                                        结束
  37          *********************************************************************/


MODULE INFORMATION:   STATIC OVERLAYABLE
   CODE SIZE        =     52    ----
   CONSTANT SIZE    =     10    ----
   XDATA SIZE       =   ----    ----
   PDATA SIZE       =   ----    ----
   DATA SIZE        =   ----    ----
   IDATA SIZE       =   ----    ----
   BIT SIZE         =   ----    ----
END OF MODULE INFORMATION.


C51 COMPILATION COMPLETE.  0 WARNING(S),  0 ERROR(S)
