Sunplus u'nSP Assembler - Ver. 1.10.0
              Listing File Has Been Relocated
                            	// GCC for SUNPLUS u'nSP version 1.0.10-10
                            	// Command: C:\PROGRA~1\Sunplus\UNSPID~1\unSPIDE\cc1.exe C:\DOCUME~1\Αυ»Τ\LOCALS~1\Temp\ccaCaaaa.i -quiet -dumpbase main.c -gstabs -o .\Debug/main.asm
                            	// gcc2_compiled.:
                            	
00008026                    	.code
                            	Ltext0:
00000000                    	.debug
00000000 2E 00 73 00        		.dw '.stabs "int:t1=r1;-32768;32767;",128,0,0,0',0x0d,0x0a
         74 00 61 00
         62 00 73 00
         20 00 22 00
         69 00 6E 00
         74 00 3A 00
         74 00 31 00
         3D 00 72 00
         31 00 3B 00
         2D 00 33 00
         32 00 37 00
         36 00 38 00
         3B 00 33 00
         32 00 37 00
         36 00 37 00
         3B 00 22 00
         2C 00 31 00
         32 00 38 00
         2C 00 30 00
         2C 00 30 00
         2C 00 30 00
         0D 00 0A 00
00008026                    	.CODE
0000002C                    	.debug
0000002C 2E 00 73 00        		.dw '.stabs "char:t2=r2;0;127;",128,0,0,0',0x0d,0x0a
         74 00 61 00
         62 00 73 00
         20 00 22 00
         63 00 68 00
         61 00 72 00
         3A 00 74 00
         32 00 3D 00
         72 00 32 00
         3B 00 30 00
         3B 00 31 00
         32 00 37 00
         3B 00 22 00
         2C 00 31 00
         32 00 38 00
         2C 00 30 00
         2C 00 30 00
         2C 00 30 00
         0D 00 0A 00
00008026                    	.CODE
00000052                    	.debug
00000052 2E 00 73 00        		.dw '.stabs "long int:t3=r3;-2147483648;2147483647;",128,0,0,0',0x0d,0x0a
         74 00 61 00
         62 00 73 00
         20 00 22 00
         6C 00 6F 00
         6E 00 67 00
         20 00 69 00
         6E 00 74 00
         3A 00 74 00
         33 00 3D 00
         72 00 33 00
         3B 00 2D 00
         32 00 31 00
         34 00 37 00
         34 00 38 00
         33 00 36 00
         34 00 38 00
         3B 00 32 00
         31 00 34 00
         37 00 34 00
         38 00 33 00
         36 00 34 00
         37 00 3B 00
         22 00 2C 00
         31 00 32 00
         38 00 2C 00
         30 00 2C 00
         30 00 2C 00
         30 00 0D 00
         0A 00      
00008026                    	.CODE
0000008D                    	.debug
0000008D 2E 00 73 00        		.dw '.stabs "unsigned int:t4=r4;0;65535;",128,0,0,0',0x0d,0x0a
         74 00 61 00
         62 00 73 00
         20 00 22 00
         75 00 6E 00
         73 00 69 00
         67 00 6E 00
         65 00 64 00
         20 00 69 00
         6E 00 74 00
         3A 00 74 00
         34 00 3D 00
         72 00 34 00
         3B 00 30 00
         3B 00 36 00
         35 00 35 00
         33 00 35 00
         3B 00 22 00
         2C 00 31 00
         32 00 38 00
         2C 00 30 00
         2C 00 30 00
         2C 00 30 00
         0D 00 0A 00
00008026                    	.CODE
000000BD                    	.debug
000000BD 2E 00 73 00        		.dw '.stabs "long unsigned int:t5=r5;0;4294967295;",128,0,0,0',0x0d,0x0a
         74 00 61 00
         62 00 73 00
         20 00 22 00
         6C 00 6F 00
         6E 00 67 00
         20 00 75 00
         6E 00 73 00
         69 00 67 00
         6E 00 65 00
         64 00 20 00
         69 00 6E 00
         74 00 3A 00
         74 00 35 00
         3D 00 72 00
         35 00 3B 00
         30 00 3B 00
         34 00 32 00
         39 00 34 00
         39 00 36 00
         37 00 32 00
         39 00 35 00
         3B 00 22 00
         2C 00 31 00
         32 00 38 00
         2C 00 30 00
         2C 00 30 00
         2C 00 30 00
         0D 00 0A 00
00008026                    	.CODE
000000F7                    	.debug
000000F7 2E 00 73 00        		.dw '.stabs "long long int:t6=r6;-2147483648;2147483647;",128,0,0,0',0x0d,0x0a
         74 00 61 00
         62 00 73 00
         20 00 22 00
         6C 00 6F 00
         6E 00 67 00
         20 00 6C 00
         6F 00 6E 00
         67 00 20 00
         69 00 6E 00
         74 00 3A 00
         74 00 36 00
         3D 00 72 00
         36 00 3B 00
         2D 00 32 00
         31 00 34 00
         37 00 34 00
         38 00 33 00
         36 00 34 00
         38 00 3B 00
         32 00 31 00
         34 00 37 00
         34 00 38 00
         33 00 36 00
         34 00 37 00
         3B 00 22 00
         2C 00 31 00
         32 00 38 00
         2C 00 30 00
         2C 00 30 00
         2C 00 30 00
         0D 00 0A 00
00008026                    	.CODE
00000137                    	.debug
00000137 2E 00 73 00        		.dw '.stabs "long long unsigned int:t7=r7;0;4294967295;",128,0,0,0',0x0d,0x0a
         74 00 61 00
         62 00 73 00
         20 00 22 00
         6C 00 6F 00
         6E 00 67 00
         20 00 6C 00
         6F 00 6E 00
         67 00 20 00
         75 00 6E 00
         73 00 69 00
         67 00 6E 00
         65 00 64 00
         20 00 69 00
         6E 00 74 00
         3A 00 74 00
         37 00 3D 00
         72 00 37 00
         3B 00 30 00
         3B 00 34 00
         32 00 39 00
         34 00 39 00
         36 00 37 00
         32 00 39 00
         35 00 3B 00
         22 00 2C 00
         31 00 32 00
         38 00 2C 00
         30 00 2C 00
         30 00 2C 00
         30 00 0D 00
         0A 00      
00008026                    	.CODE
00000176                    	.debug
00000176 2E 00 73 00        		.dw '.stabs "short int:t8=r8;-32768;32767;",128,0,0,0',0x0d,0x0a
         74 00 61 00
         62 00 73 00
         20 00 22 00
         73 00 68 00
         6F 00 72 00
         74 00 20 00
         69 00 6E 00
         74 00 3A 00
         74 00 38 00
         3D 00 72 00
         38 00 3B 00
         2D 00 33 00
         32 00 37 00
         36 00 38 00
         3B 00 33 00
         32 00 37 00
         36 00 37 00
         3B 00 22 00
         2C 00 31 00
         32 00 38 00
         2C 00 30 00
         2C 00 30 00
         2C 00 30 00
         0D 00 0A 00
00008026                    	.CODE
000001A8                    	.debug
000001A8 2E 00 73 00        		.dw '.stabs "short unsigned int:t9=r9;0;65535;",128,0,0,0',0x0d,0x0a
         74 00 61 00
         62 00 73 00
         20 00 22 00
         73 00 68 00
         6F 00 72 00
         74 00 20 00
         75 00 6E 00
         73 00 69 00
         67 00 6E 00
         65 00 64 00
         20 00 69 00
         6E 00 74 00
         3A 00 74 00
         39 00 3D 00
         72 00 39 00
         3B 00 30 00
         3B 00 36 00
         35 00 35 00
         33 00 35 00
         3B 00 22 00
         2C 00 31 00
         32 00 38 00
         2C 00 30 00
         2C 00 30 00
         2C 00 30 00
         0D 00 0A 00
00008026                    	.CODE
000001DE                    	.debug
000001DE 2E 00 73 00        		.dw '.stabs "signed char:t10=r10;-32768;32767;",128,0,0,0',0x0d,0x0a
         74 00 61 00
         62 00 73 00
         20 00 22 00
         73 00 69 00
         67 00 6E 00
         65 00 64 00
         20 00 63 00
         68 00 61 00
         72 00 3A 00
         74 00 31 00
         30 00 3D 00
         72 00 31 00
         30 00 3B 00
         2D 00 33 00
         32 00 37 00
         36 00 38 00
         3B 00 33 00
         32 00 37 00
         36 00 37 00
         3B 00 22 00
         2C 00 31 00
         32 00 38 00
         2C 00 30 00
         2C 00 30 00
         2C 00 30 00
         0D 00 0A 00
00008026                    	.CODE
00000214                    	.debug
00000214 2E 00 73 00        		.dw '.stabs "unsigned char:t11=r11;0;65535;",128,0,0,0',0x0d,0x0a
         74 00 61 00
         62 00 73 00
         20 00 22 00
         75 00 6E 00
         73 00 69 00
         67 00 6E 00
         65 00 64 00
         20 00 63 00
         68 00 61 00
         72 00 3A 00
         74 00 31 00
         31 00 3D 00
         72 00 31 00
         31 00 3B 00
         30 00 3B 00
         36 00 35 00
         35 00 33 00
         35 00 3B 00
         22 00 2C 00
         31 00 32 00
         38 00 2C 00
         30 00 2C 00
         30 00 2C 00
         30 00 0D 00
         0A 00      
00008026                    	.CODE
00000247                    	.debug
00000247 2E 00 73 00        		.dw '.stabs "float:t12=r1;2;0;",128,0,0,0',0x0d,0x0a
         74 00 61 00
         62 00 73 00
         20 00 22 00
         66 00 6C 00
         6F 00 61 00
         74 00 3A 00
         74 00 31 00
         32 00 3D 00
         72 00 31 00
         3B 00 32 00
         3B 00 30 00
         3B 00 22 00
         2C 00 31 00
         32 00 38 00
         2C 00 30 00
         2C 00 30 00
         2C 00 30 00
         0D 00 0A 00
00008026                    	.CODE
0000026D                    	.debug
0000026D 2E 00 73 00        		.dw '.stabs "double:t13=r1;2;0;",128,0,0,0',0x0d,0x0a
         74 00 61 00
         62 00 73 00
         20 00 22 00
         64 00 6F 00
         75 00 62 00
         6C 00 65 00
         3A 00 74 00
         31 00 33 00
         3D 00 72 00
         31 00 3B 00
         32 00 3B 00
         30 00 3B 00
         22 00 2C 00
         31 00 32 00
         38 00 2C 00
         30 00 2C 00
         30 00 2C 00
         30 00 0D 00
         0A 00      
00008026                    	.CODE
00000294                    	.debug
00000294 2E 00 73 00        		.dw '.stabs "long double:t14=r1;2;0;",128,0,0,0',0x0d,0x0a
         74 00 61 00
         62 00 73 00
         20 00 22 00
         6C 00 6F 00
         6E 00 67 00
         20 00 64 00
         6F 00 75 00
         62 00 6C 00
         65 00 3A 00
         74 00 31 00
         34 00 3D 00
         72 00 31 00
         3B 00 32 00
         3B 00 30 00
         3B 00 22 00
         2C 00 31 00
         32 00 38 00
         2C 00 30 00
         2C 00 30 00
         2C 00 30 00
         0D 00 0A 00
00008026                    	.CODE
000002C0                    	.debug
000002C0 2E 00 73 00        		.dw '.stabs "complex int:t15=s2real:1,0,16;imag:1,16,16;;",128,0,0,0',0x0d,0x0a
         74 00 61 00
         62 00 73 00
         20 00 22 00
         63 00 6F 00
         6D 00 70 00
         6C 00 65 00
         78 00 20 00
         69 00 6E 00
         74 00 3A 00
         74 00 31 00
         35 00 3D 00
         73 00 32 00
         72 00 65 00
         61 00 6C 00
         3A 00 31 00
         2C 00 30 00
         2C 00 31 00
         36 00 3B 00
         69 00 6D 00
         61 00 67 00
         3A 00 31 00
         2C 00 31 00
         36 00 2C 00
         31 00 36 00
         3B 00 3B 00
         22 00 2C 00
         31 00 32 00
         38 00 2C 00
         30 00 2C 00
         30 00 2C 00
         30 00 0D 00
         0A 00      
00008026                    	.CODE
00000301                    	.debug
00000301 2E 00 73 00        		.dw '.stabs "complex float:t16=r16;2;0;",128,0,0,0',0x0d,0x0a
         74 00 61 00
         62 00 73 00
         20 00 22 00
         63 00 6F 00
         6D 00 70 00
         6C 00 65 00
         78 00 20 00
         66 00 6C 00
         6F 00 61 00
         74 00 3A 00
         74 00 31 00
         36 00 3D 00
         72 00 31 00
         36 00 3B 00
         32 00 3B 00
         30 00 3B 00
         22 00 2C 00
         31 00 32 00
         38 00 2C 00
         30 00 2C 00
         30 00 2C 00
         30 00 0D 00
         0A 00      
00008026                    	.CODE
00000330                    	.debug
00000330 2E 00 73 00        		.dw '.stabs "complex double:t17=r17;2;0;",128,0,0,0',0x0d,0x0a
         74 00 61 00
         62 00 73 00
         20 00 22 00
         63 00 6F 00
         6D 00 70 00
         6C 00 65 00
         78 00 20 00
         64 00 6F 00
         75 00 62 00
         6C 00 65 00
         3A 00 74 00
         31 00 37 00
         3D 00 72 00
         31 00 37 00
         3B 00 32 00
         3B 00 30 00
         3B 00 22 00
         2C 00 31 00
         32 00 38 00
         2C 00 30 00
         2C 00 30 00
         2C 00 30 00
         0D 00 0A 00
00008026                    	.CODE
00000360                    	.debug
00000360 2E 00 73 00        		.dw '.stabs "complex long double:t18=r18;2;0;",128,0,0,0',0x0d,0x0a
         74 00 61 00
         62 00 73 00
         20 00 22 00
         63 00 6F 00
         6D 00 70 00
         6C 00 65 00
         78 00 20 00
         6C 00 6F 00
         6E 00 67 00
         20 00 64 00
         6F 00 75 00
         62 00 6C 00
         65 00 3A 00
         74 00 31 00
         38 00 3D 00
         72 00 31 00
         38 00 3B 00
         32 00 3B 00
         30 00 3B 00
         22 00 2C 00
         31 00 32 00
         38 00 2C 00
         30 00 2C 00
         30 00 2C 00
         30 00 0D 00
         0A 00      
00008026                    	.CODE
00000395                    	.debug
00000395 2E 00 73 00        		.dw '.stabs "void:t19=19",128,0,0,0',0x0d,0x0a
         74 00 61 00
         62 00 73 00
         20 00 22 00
         76 00 6F 00
         69 00 64 00
         3A 00 74 00
         31 00 39 00
         3D 00 31 00
         39 00 22 00
         2C 00 31 00
         32 00 38 00
         2C 00 30 00
         2C 00 30 00
         2C 00 30 00
         0D 00 0A 00
00008026                    	.CODE
00008026                    	.code
000003B5                    	.debug
000003B5 2E 00 73 00        		.dw '.stabs "Delay:F19",36,0,0,',0,0,offset _Delay,seg _Delay,0x0d,0x0a
         74 00 61 00
         62 00 73 00
         20 00 22 00
         44 00 65 00
         6C 00 61 00
         79 00 3A 00
         46 00 31 00
         39 00 22 00
         2C 00 33 00
         36 00 2C 00
         30 00 2C 00
         30 00 2C 00
         00 00 00 00
         00 00 00 00
         0D 00 0A 00
00008026                    	.CODE
                            	.public _Delay
                            	_Delay:	.proc
000003D5                    	.debug
000003D5 2E 00 73 00        		.dw '.stabn 0x44,0,48,',0,0
         74 00 61 00
         62 00 6E 00
         20 00 30 00
         78 00 34 00
         34 00 2C 00
         30 00 2C 00
         34 00 38 00
         2C 00 00 00
         00 00      
000003E8 00 00 00 00        		.dd LM1-_Delay
000003EA 0D 00 0A 00        		.dw 0x0d,0x0a
00008026                    	.code
                            	LM1:
                            		// total=1, vars=1
                            		// frame_pointer_needed: 1
00008026 88 DA              		push bp to [sp]
00008027 41 20              		sp-=1
00008028 08 0B 01 00        		bp=sp+1
                            	
0000802A 0D 03 04 00        		R1=BP+4
000003EC                    	.debug
000003EC 2E 00 73 00        		.dw '.stabn 0x44,0,49,',0,0
         74 00 61 00
         62 00 6E 00
         20 00 30 00
         78 00 34 00
         34 00 2C 00
         30 00 2C 00
         34 00 39 00
         2C 00 00 00
         00 00      
000003FF 06 00 00 00        		.dd LM2-_Delay
00000401 0D 00 0A 00        		.dw 0x0d,0x0a
0000802C                    	.code
                            	LM2:
                            	LBB2:
00000403                    	.debug
00000403 2E 00 73 00        		.dw '.stabn 0x44,0,50,',0,0
         74 00 61 00
         62 00 6E 00
         20 00 30 00
         78 00 34 00
         34 00 2C 00
         30 00 2C 00
         35 00 30 00
         2C 00 00 00
         00 00      
00000416 06 00 00 00        		.dd LM3-_Delay
00000418 0D 00 0A 00        		.dw 0x0d,0x0a
0000802C                    	.code
                            	LM3:
0000802C 40 94              		R2=0	// QImode move
0000802D C5 D4              		[BP]=R2	// QImode move
                            	L3:
0000802E C5 94              		R2=[BP]	// QImode move
0000802F 40 44              		CMP R2,0	// QImode test
00008030 02 3E              		JL L7	// QImode GE
00008031 0F 9F 35 80        		PC=L6
                            	L7:
00008033 0F 9F 3E 80        		pc=L4	// Indirect jump
                            	L6:
0000041A                    	.debug
0000041A 2E 00 73 00        		.dw '.stabn 0x44,0,51,',0,0
         74 00 61 00
         62 00 6E 00
         20 00 30 00
         78 00 34 00
         34 00 2C 00
         30 00 2C 00
         35 00 31 00
         2C 00 00 00
         00 00      
0000042D 0F 00 00 00        		.dd LM4-_Delay
0000042F 0D 00 0A 00        		.dw 0x0d,0x0a
00008035                    	.code
                            	LM4:
00008035 41 94              		R2=1	// QImode move
00008036 1A D5 12 70        		[28690]=R2	// QImode move
00000431                    	.debug
00000431 2E 00 73 00        		.dw '.stabn 0x44,0,50,',0,0
         74 00 61 00
         62 00 6E 00
         20 00 30 00
         78 00 34 00
         34 00 2C 00
         30 00 2C 00
         35 00 30 00
         2C 00 00 00
         00 00      
00000444 12 00 00 00        		.dd LM5-_Delay
00000446 0D 00 0A 00        		.dw 0x0d,0x0a
00008038                    	.code
                            	LM5:
                            	L5:
00008038 C5 94              		R2=[BP]	// QImode move
00008039 0A 07 01 00        		R3=R2+1
0000803B C5 D6              		[BP]=R3	// QImode move
0000803C 0F 9F 2E 80        		pc=L3	// Indirect jump
                            	L4:
00000448                    	.debug
00000448 2E 00 73 00        		.dw '.stabn 0x44,0,53,',0,0
         74 00 61 00
         62 00 6E 00
         20 00 30 00
         78 00 34 00
         34 00 2C 00
         30 00 2C 00
         35 00 33 00
         2C 00 00 00
         00 00      
0000045B 18 00 00 00        		.dd LM6-_Delay
0000045D 0D 00 0A 00        		.dw 0x0d,0x0a
0000803E                    	.code
                            	LM6:
                            	LBE2:
0000045F                    	.debug
0000045F 2E 00 73 00        		.dw '.stabn 0x44,0,53,',0,0
         74 00 61 00
         62 00 6E 00
         20 00 30 00
         78 00 34 00
         34 00 2C 00
         30 00 2C 00
         35 00 33 00
         2C 00 00 00
         00 00      
00000472 18 00 00 00        		.dd LM7-_Delay
00000474 0D 00 0A 00        		.dw 0x0d,0x0a
0000803E                    	.code
                            	LM7:
                            	L2:
                            	
0000803E 41 00              		sp+=1
0000803F 88 98              		pop bp from [sp]
00008040 90 9A              		retf
                            		.endp	// end of Delay
                            	
00000476                    	.debug
00000476 2E 00 73 00        		.dw '.stabn 0xc0,0,0,',0,0
         74 00 61 00
         62 00 6E 00
         20 00 30 00
         78 00 63 00
         30 00 2C 00
         30 00 2C 00
         30 00 2C 00
         00 00 00 00
00000488 06 00 00 00        		.dd LBB2-_Delay
0000048A 0D 00 0A 00        		.dw 0x0d,0x0a
00008041                    	.code
0000048C                    	.debug
0000048C 2E 00 73 00        		.dw '.stabs "i:4",128,0,0,0',0x0d,0x0a
         74 00 61 00
         62 00 73 00
         20 00 22 00
         69 00 3A 00
         34 00 22 00
         2C 00 31 00
         32 00 38 00
         2C 00 30 00
         2C 00 30 00
         2C 00 30 00
         0D 00 0A 00
00008041                    	.CODE
000004A4                    	.debug
000004A4 2E 00 73 00        		.dw '.stabn 0xe0,0,0,',0,0
         74 00 61 00
         62 00 6E 00
         20 00 30 00
         78 00 65 00
         30 00 2C 00
         30 00 2C 00
         30 00 2C 00
         00 00 00 00
000004B6 18 00 00 00        		.dd LBE2-_Delay
000004B8 0D 00 0A 00        		.dw 0x0d,0x0a
00008041                    	.code
000004BA                    	.debug
000004BA 2E 00 73 00        		.dw '.stabf ',0,0
         74 00 61 00
         62 00 66 00
         20 00 00 00
         00 00      
000004C3 1B 00 00 00        		.dd LME1-_Delay
000004C5 0D 00 0A 00        		.dw 0x0d,0x0a
00008041                    	.code
                            	LME1:
00008041                    	.code
000004C7                    	.debug
000004C7 2E 00 73 00        		.dw '.stabs "main:F1",36,0,0,',0,0,offset _main,seg _main,0x0d,0x0a
         74 00 61 00
         62 00 73 00
         20 00 22 00
         6D 00 61 00
         69 00 6E 00
         3A 00 46 00
         31 00 22 00
         2C 00 33 00
         36 00 2C 00
         30 00 2C 00
         30 00 2C 00
         00 00 00 00
         1B 00 00 00
         0D 00 0A 00
00008041                    	.CODE
                            	.public _main
                            	_main:	.proc
000004E5                    	.debug
000004E5 2E 00 73 00        		.dw '.stabn 0x44,0,65,',0,0
         74 00 61 00
         62 00 6E 00
         20 00 30 00
         78 00 34 00
         34 00 2C 00
         30 00 2C 00
         36 00 35 00
         2C 00 00 00
         00 00      
000004F8 00 00 00 00        		.dd LM8-_main
000004FA 0D 00 0A 00        		.dw 0x0d,0x0a
00008041                    	.code
                            	LM8:
                            		// total=3, vars=3
                            		// frame_pointer_needed: 1
00008041 88 DA              		push bp to [sp]
00008042 43 20              		sp-=3
00008043 08 0B 01 00        		bp=sp+1
                            	
00008045 0D 03 06 00        		R1=BP+6
00008047 02 D2              		[bp+2]=R1	// QImode move
000004FC                    	.debug
000004FC 2E 00 73 00        		.dw '.stabn 0x44,0,66,',0,0
         74 00 61 00
         62 00 6E 00
         20 00 30 00
         78 00 34 00
         34 00 2C 00
         30 00 2C 00
         36 00 36 00
         2C 00 00 00
         00 00      
0000050F 07 00 00 00        		.dd LM9-_main
00000511 0D 00 0A 00        		.dw 0x0d,0x0a
00008048                    	.code
                            	LM9:
                            	LBB3:
00008048 41 92              		R1=1	// QImode move
00008049 C5 D2              		[BP]=R1	// QImode move
00000513                    	.debug
00000513 2E 00 73 00        		.dw '.stabn 0x44,0,67,',0,0
         74 00 61 00
         62 00 6E 00
         20 00 30 00
         78 00 34 00
         34 00 2C 00
         30 00 2C 00
         36 00 37 00
         2C 00 00 00
         00 00      
00000526 09 00 00 00        		.dd LM10-_main
00000528 0D 00 0A 00        		.dw 0x0d,0x0a
0000804A                    	.code
                            	LM10:
0000804A 05 93              		R1=BP	// QImode move
0000804B 0D 05 01 00        		R2=BP+1
0000804D 40 92              		R1=0	// QImode move
0000804E 02 97              		R3=R2	// QImode move
0000804F C3 D2              		[R3]=R1	// QImode move
0000052A                    	.debug
0000052A 2E 00 73 00        		.dw '.stabn 0x44,0,68,',0,0
         74 00 61 00
         62 00 6E 00
         20 00 30 00
         78 00 34 00
         34 00 2C 00
         30 00 2C 00
         36 00 38 00
         2C 00 00 00
         00 00      
0000053D 0F 00 00 00        		.dd LM11-_main
0000053F 0D 00 0A 00        		.dw 0x0d,0x0a
00008050                    	.code
                            	LM11:
00008050 09 93 FF 00        		R1=255	// QImode move
00008052 19 D3 02 70        		[28674]=R1	// QImode move
00000541                    	.debug
00000541 2E 00 73 00        		.dw '.stabn 0x44,0,69,',0,0
         74 00 61 00
         62 00 6E 00
         20 00 30 00
         78 00 34 00
         34 00 2C 00
         30 00 2C 00
         36 00 39 00
         2C 00 00 00
         00 00      
00000554 13 00 00 00        		.dd LM12-_main
00000556 0D 00 0A 00        		.dw 0x0d,0x0a
00008054                    	.code
                            	LM12:
00008054 09 93 FF 00        		R1=255	// QImode move
00008056 19 D3 03 70        		[28675]=R1	// QImode move
00000558                    	.debug
00000558 2E 00 73 00        		.dw '.stabn 0x44,0,70,',0,0
         74 00 61 00
         62 00 6E 00
         20 00 30 00
         78 00 34 00
         34 00 2C 00
         30 00 2C 00
         37 00 30 00
         2C 00 00 00
         00 00      
0000056B 17 00 00 00        		.dd LM13-_main
0000056D 0D 00 0A 00        		.dw 0x0d,0x0a
00008058                    	.code
                            	LM13:
00008058 40 92              		R1=0	// QImode move
00008059 19 D3 00 70        		[28672]=R1	// QImode move
0000056F                    	.debug
0000056F 2E 00 73 00        		.dw '.stabn 0x44,0,71,',0,0
         74 00 61 00
         62 00 6E 00
         20 00 30 00
         78 00 34 00
         34 00 2C 00
         30 00 2C 00
         37 00 31 00
         2C 00 00 00
         00 00      
00000582 1A 00 00 00        		.dd LM14-_main
00000584 0D 00 0A 00        		.dw 0x0d,0x0a
0000805B                    	.code
                            	LM14:
0000805B 09 93 40 00        		R1=64	// QImode move
0000805D 19 D3 07 70        		[28679]=R1	// QImode move
00000586                    	.debug
00000586 2E 00 73 00        		.dw '.stabn 0x44,0,72,',0,0
         74 00 61 00
         62 00 6E 00
         20 00 30 00
         78 00 34 00
         34 00 2C 00
         30 00 2C 00
         37 00 32 00
         2C 00 00 00
         00 00      
00000599 1E 00 00 00        		.dd LM15-_main
0000059B 0D 00 0A 00        		.dw 0x0d,0x0a
0000805F                    	.code
                            	LM15:
0000805F 09 93 40 00        		R1=64	// QImode move
00008061 19 D3 08 70        		[28680]=R1	// QImode move
0000059D                    	.debug
0000059D 2E 00 73 00        		.dw '.stabn 0x44,0,73,',0,0
         74 00 61 00
         62 00 6E 00
         20 00 30 00
         78 00 34 00
         34 00 2C 00
         30 00 2C 00
         37 00 33 00
         2C 00 00 00
         00 00      
000005B0 22 00 00 00        		.dd LM16-_main
000005B2 0D 00 0A 00        		.dw 0x0d,0x0a
00008063                    	.code
                            	LM16:
00008063 09 93 40 00        		R1=64	// QImode move
00008065 19 D3 05 70        		[28677]=R1	// QImode move
000005B4                    	.debug
000005B4 2E 00 73 00        		.dw '.stabn 0x44,0,74,',0,0
         74 00 61 00
         62 00 6E 00
         20 00 30 00
         78 00 34 00
         34 00 2C 00
         30 00 2C 00
         37 00 34 00
         2C 00 00 00
         00 00      
000005C7 26 00 00 00        		.dd LM17-_main
000005C9 0D 00 0A 00        		.dw 0x0d,0x0a
00008067                    	.code
                            	LM17:
                            	L9:
00008067 0F 9F 6B 80        		pc=L11	// Indirect jump
00008069 0F 9F 9F 80        		pc=L10	// Indirect jump
                            	L11:
000005CB                    	.debug
000005CB 2E 00 73 00        		.dw '.stabn 0x44,0,76,',0,0
         74 00 61 00
         62 00 6E 00
         20 00 30 00
         78 00 34 00
         34 00 2C 00
         30 00 2C 00
         37 00 36 00
         2C 00 00 00
         00 00      
000005DE 2A 00 00 00        		.dd LM18-_main
000005E0 0D 00 0A 00        		.dw 0x0d,0x0a
0000806B                    	.code
                            	LM18:
0000806B C5 92              		R1=[BP]	// QImode move
0000806C 19 D3 00 70        		[28672]=R1	// QImode move
000005E2                    	.debug
000005E2 2E 00 73 00        		.dw '.stabn 0x44,0,77,',0,0
         74 00 61 00
         62 00 6E 00
         20 00 30 00
         78 00 34 00
         34 00 2C 00
         30 00 2C 00
         37 00 37 00
         2C 00 00 00
         00 00      
000005F5 2D 00 00 00        		.dd LM19-_main
000005F7 0D 00 0A 00        		.dw 0x0d,0x0a
0000806E                    	.code
                            	LM19:
0000806E 05 93              		R1=BP	// QImode move
0000806F 0D 05 01 00        		R2=BP+1
00008071 02 97              		R3=R2	// QImode move
00008072 C3 92              		R1=[R3]	// QImode move
00008073 41 42              		CMP R1,1	// QImode compare
00008074 02 5E              		JZ L16	// QImode NE
00008075 0F 9F 89 80        		PC=L12
                            	L16:
000005F9                    	.debug
000005F9 2E 00 73 00        		.dw '.stabn 0x44,0,79,',0,0
         74 00 61 00
         62 00 6E 00
         20 00 30 00
         78 00 34 00
         34 00 2C 00
         30 00 2C 00
         37 00 39 00
         2C 00 00 00
         00 00      
0000060C 36 00 00 00        		.dd LM20-_main
0000060E 0D 00 0A 00        		.dw 0x0d,0x0a
00008077                    	.code
                            	LM20:
00008077 C5 92              		R1=[BP]	// QImode move
00008078 21 95              		R2=R1 asr 1
00008079 C5 D4              		[BP]=R2	// QImode move
00000610                    	.debug
00000610 2E 00 73 00        		.dw '.stabn 0x44,0,80,',0,0
         74 00 61 00
         62 00 6E 00
         20 00 30 00
         78 00 34 00
         34 00 2C 00
         30 00 2C 00
         38 00 30 00
         2C 00 00 00
         00 00      
00000623 39 00 00 00        		.dd LM21-_main
00000625 0D 00 0A 00        		.dw 0x0d,0x0a
0000807A                    	.code
                            	LM21:
0000807A C5 92              		R1=[BP]	// QImode move
0000807B 40 42              		CMP R1,0	// QImode test
0000807C 02 5E              		JZ L17	// QImode NE
0000807D 0F 9F 87 80        		PC=L13
                            	L17:
00000627                    	.debug
00000627 2E 00 73 00        		.dw '.stabn 0x44,0,82,',0,0
         74 00 61 00
         62 00 6E 00
         20 00 30 00
         78 00 34 00
         34 00 2C 00
         30 00 2C 00
         38 00 32 00
         2C 00 00 00
         00 00      
0000063A 3E 00 00 00        		.dd LM22-_main
0000063C 0D 00 0A 00        		.dw 0x0d,0x0a
0000807F                    	.code
                            	LM22:
0000807F 05 93              		R1=BP	// QImode move
00008080 0D 05 01 00        		R2=BP+1
00008082 40 92              		R1=0	// QImode move
00008083 02 97              		R3=R2	// QImode move
00008084 C3 D2              		[R3]=R1	// QImode move
0000063E                    	.debug
0000063E 2E 00 73 00        		.dw '.stabn 0x44,0,83,',0,0
         74 00 61 00
         62 00 6E 00
         20 00 30 00
         78 00 34 00
         34 00 2C 00
         30 00 2C 00
         38 00 33 00
         2C 00 00 00
         00 00      
00000651 44 00 00 00        		.dd LM23-_main
00000653 0D 00 0A 00        		.dw 0x0d,0x0a
00008085                    	.code
                            	LM23:
00008085 41 92              		R1=1	// QImode move
00008086 C5 D2              		[BP]=R1	// QImode move
                            	L13:
00000655                    	.debug
00000655 2E 00 73 00        		.dw '.stabn 0x44,0,85,',0,0
         74 00 61 00
         62 00 6E 00
         20 00 30 00
         78 00 34 00
         34 00 2C 00
         30 00 2C 00
         38 00 35 00
         2C 00 00 00
         00 00      
00000668 46 00 00 00        		.dd LM24-_main
0000066A 0D 00 0A 00        		.dw 0x0d,0x0a
00008087                    	.code
                            	LM24:
00008087 0F 9F 9B 80        		pc=L14	// Indirect jump
                            	L12:
0000066C                    	.debug
0000066C 2E 00 73 00        		.dw '.stabn 0x44,0,88,',0,0
         74 00 61 00
         62 00 6E 00
         20 00 30 00
         78 00 34 00
         34 00 2C 00
         30 00 2C 00
         38 00 38 00
         2C 00 00 00
         00 00      
0000067F 48 00 00 00        		.dd LM25-_main
00000681 0D 00 0A 00        		.dw 0x0d,0x0a
00008089                    	.code
                            	LM25:
00008089 C5 92              		R1=[BP]	// QImode move
0000808A 41 95              		R2=R1 lsl 1
0000808B C5 D4              		[BP]=R2	// QImode move
00000683                    	.debug
00000683 2E 00 73 00        		.dw '.stabn 0x44,0,89,',0,0
         74 00 61 00
         62 00 6E 00
         20 00 30 00
         78 00 34 00
         34 00 2C 00
         30 00 2C 00
         38 00 39 00
         2C 00 00 00
         00 00      
00000696 4B 00 00 00        		.dd LM26-_main
00000698 0D 00 0A 00        		.dw 0x0d,0x0a
0000808C                    	.code
                            	LM26:
0000808C C5 92              		R1=[BP]	// QImode move
0000808D 09 43 00 01        		CMP R1,256	// QImode compare
0000808F 02 5E              		JZ L18	// QImode NE
00008090 0F 9F 9B 80        		PC=L14
                            	L18:
0000069A                    	.debug
0000069A 2E 00 73 00        		.dw '.stabn 0x44,0,91,',0,0
         74 00 61 00
         62 00 6E 00
         20 00 30 00
         78 00 34 00
         34 00 2C 00
         30 00 2C 00
         39 00 31 00
         2C 00 00 00
         00 00      
000006AD 51 00 00 00        		.dd LM27-_main
000006AF 0D 00 0A 00        		.dw 0x0d,0x0a
00008092                    	.code
                            	LM27:
00008092 05 93              		R1=BP	// QImode move
00008093 0D 05 01 00        		R2=BP+1
00008095 41 92              		R1=1	// QImode move
00008096 02 97              		R3=R2	// QImode move
00008097 C3 D2              		[R3]=R1	// QImode move
000006B1                    	.debug
000006B1 2E 00 73 00        		.dw '.stabn 0x44,0,92,',0,0
         74 00 61 00
         62 00 6E 00
         20 00 30 00
         78 00 34 00
         34 00 2C 00
         30 00 2C 00
         39 00 32 00
         2C 00 00 00
         00 00      
000006C4 57 00 00 00        		.dd LM28-_main
000006C6 0D 00 0A 00        		.dw 0x0d,0x0a
00008098                    	.code
                            	LM28:
00008098 C5 92              		R1=[BP]	// QImode move
00008099 21 95              		R2=R1 asr 1
0000809A C5 D4              		[BP]=R2	// QImode move
                            	L15:
                            	L14:
000006C8                    	.debug
000006C8 2E 00 73 00        		.dw '.stabn 0x44,0,96,',0,0
         74 00 61 00
         62 00 6E 00
         20 00 30 00
         78 00 34 00
         34 00 2C 00
         30 00 2C 00
         39 00 36 00
         2C 00 00 00
         00 00      
000006DB 5A 00 00 00        		.dd LM29-_main
000006DD 0D 00 0A 00        		.dw 0x0d,0x0a
0000809B                    	.code
                            	LM29:
0000809B 40 F0 26 80        		call _Delay	// call without return value
000006DF                    	.debug
000006DF 2E 00 73 00        		.dw '.stabn 0x44,0,97,',0,0
         74 00 61 00
         62 00 6E 00
         20 00 30 00
         78 00 34 00
         34 00 2C 00
         30 00 2C 00
         39 00 37 00
         2C 00 00 00
         00 00      
000006F2 5C 00 00 00        		.dd LM30-_main
000006F4 0D 00 0A 00        		.dw 0x0d,0x0a
0000809D                    	.code
                            	LM30:
0000809D 0F 9F 67 80        		pc=L9	// Indirect jump
                            	L10:
000006F6                    	.debug
000006F6 2E 00 73 00        		.dw '.stabn 0x44,0,98,',0,0
         74 00 61 00
         62 00 6E 00
         20 00 30 00
         78 00 34 00
         34 00 2C 00
         30 00 2C 00
         39 00 38 00
         2C 00 00 00
         00 00      
00000709 5E 00 00 00        		.dd LM31-_main
0000070B 0D 00 0A 00        		.dw 0x0d,0x0a
0000809F                    	.code
                            	LM31:
                            	LBE3:
0000070D                    	.debug
0000070D 2E 00 73 00        		.dw '.stabn 0x44,0,98,',0,0
         74 00 61 00
         62 00 6E 00
         20 00 30 00
         78 00 34 00
         34 00 2C 00
         30 00 2C 00
         39 00 38 00
         2C 00 00 00
         00 00      
00000720 5E 00 00 00        		.dd LM32-_main
00000722 0D 00 0A 00        		.dw 0x0d,0x0a
0000809F                    	.code
                            	LM32:
                            	L8:
                            	
0000809F 43 00              		sp+=3
000080A0 88 98              		pop bp from [sp]
000080A1 90 9A              		retf
                            		.endp	// end of main
                            	
00000724                    	.debug
00000724 2E 00 73 00        		.dw '.stabn 0xc0,0,0,',0,0
         74 00 61 00
         62 00 6E 00
         20 00 30 00
         78 00 63 00
         30 00 2C 00
         30 00 2C 00
         30 00 2C 00
         00 00 00 00
00000736 07 00 00 00        		.dd LBB3-_main
00000738 0D 00 0A 00        		.dw 0x0d,0x0a
000080A2                    	.code
0000073A                    	.debug
0000073A 2E 00 73 00        		.dw '.stabs "LedControl:1",128,0,0,0',0x0d,0x0a
         74 00 61 00
         62 00 73 00
         20 00 22 00
         4C 00 65 00
         64 00 43 00
         6F 00 6E 00
         74 00 72 00
         6F 00 6C 00
         3A 00 31 00
         22 00 2C 00
         31 00 32 00
         38 00 2C 00
         30 00 2C 00
         30 00 2C 00
         30 00 0D 00
         0A 00      
000080A2                    	.CODE
0000075B                    	.debug
0000075B 2E 00 73 00        		.dw '.stabs "LedDir:1",128,0,0,1',0x0d,0x0a
         74 00 61 00
         62 00 73 00
         20 00 22 00
         4C 00 65 00
         64 00 44 00
         69 00 72 00
         3A 00 31 00
         22 00 2C 00
         31 00 32 00
         38 00 2C 00
         30 00 2C 00
         30 00 2C 00
         31 00 0D 00
         0A 00      
000080A2                    	.CODE
00000778                    	.debug
00000778 2E 00 73 00        		.dw '.stabn 0xe0,0,0,',0,0
         74 00 61 00
         62 00 6E 00
         20 00 30 00
         78 00 65 00
         30 00 2C 00
         30 00 2C 00
         30 00 2C 00
         00 00 00 00
0000078A 5E 00 00 00        		.dd LBE3-_main
0000078C 0D 00 0A 00        		.dw 0x0d,0x0a
000080A2                    	.code
0000078E                    	.debug
0000078E 2E 00 73 00        		.dw '.stabf ',0,0
         74 00 61 00
         62 00 66 00
         20 00 00 00
         00 00      
00000797 61 00 00 00        		.dd LME2-_main
00000799 0D 00 0A 00        		.dw 0x0d,0x0a
000080A2                    	.code
                            	LME2:
                            		.end
0 error(s), 0 warning(s).


