Sunplus u'nSP Assembler - Ver. 1.14.3.1
              Listing File Has Been Relocated
                            	
                            	// Resource Table
                            	// Created by IDE, Do not modify this table
                            	
0000A678                    	.TEXT
                            	.public _RES_Table;
                            	.external __RES_DCQZY_48K_sa
                            	.public _RES_DCQZY_48K_SA;
                            	.external __RES_DCQZY_48K_ea;
                            	.public _RES_DCQZY_48K_EA;
                            	.external __RES_FBF_48K_sa
                            	.public _RES_FBF_48K_SA;
                            	.external __RES_FBF_48K_ea;
                            	.public _RES_FBF_48K_EA;
                            	.external __RES_GJG_48K_sa
                            	.public _RES_GJG_48K_SA;
                            	.external __RES_GJG_48K_ea;
                            	.public _RES_GJG_48K_EA;
                            	.external __RES_QJ_48K_sa
                            	.public _RES_QJ_48K_SA;
                            	.external __RES_QJ_48K_ea;
                            	.public _RES_QJ_48K_EA;
                            	.external __RES_SSMAY_48K_sa
                            	.public _RES_SSMAY_48K_SA;
                            	.external __RES_SSMAY_48K_ea;
                            	.public _RES_SSMAY_48K_EA;
                            	.external __RES_YEAH_48K_sa
                            	.public _RES_YEAH_48K_SA;
                            	.external __RES_YEAH_48K_ea;
                            	.public _RES_YEAH_48K_EA;
                            	.external __RES_S12_24K_sa
                            	.public _RES_S12_24K_SA;
                            	.external __RES_S12_24K_ea;
                            	.public _RES_S12_24K_EA;
                            	
                            	
                            	_RES_Table:
                            	
                            	_RES_DCQZY_48K_SA:
0000A678 9B D4 00 00        		.DW offset __RES_DCQZY_48K_sa,seg __RES_DCQZY_48K_sa;
                            	_RES_DCQZY_48K_EA:
0000A67A 7B D6 00 00        		.DW offset __RES_DCQZY_48K_ea,seg __RES_DCQZY_48K_ea;
                            	
                            	_RES_FBF_48K_SA:
0000A67C 09 D9 00 00        		.DW offset __RES_FBF_48K_sa,seg __RES_FBF_48K_sa;
                            	_RES_FBF_48K_EA:
0000A67E F6 D9 00 00        		.DW offset __RES_FBF_48K_ea,seg __RES_FBF_48K_ea;
                            	
                            	_RES_GJG_48K_SA:
0000A680 0A D8 00 00        		.DW offset __RES_GJG_48K_sa,seg __RES_GJG_48K_sa;
                            	_RES_GJG_48K_EA:
0000A682 09 D9 00 00        		.DW offset __RES_GJG_48K_ea,seg __RES_GJG_48K_ea;
                            	
                            	_RES_QJ_48K_SA:
0000A684 F6 D9 00 00        		.DW offset __RES_QJ_48K_sa,seg __RES_QJ_48K_sa;
                            	_RES_QJ_48K_EA:
0000A686 C8 DA 00 00        		.DW offset __RES_QJ_48K_ea,seg __RES_QJ_48K_ea;
                            	
                            	_RES_SSMAY_48K_SA:
0000A688 7B D6 00 00        		.DW offset __RES_SSMAY_48K_sa,seg __RES_SSMAY_48K_sa;
                            	_RES_SSMAY_48K_EA:
0000A68A 0A D8 00 00        		.DW offset __RES_SSMAY_48K_ea,seg __RES_SSMAY_48K_ea;
                            	
                            	_RES_YEAH_48K_SA:
0000A68C C8 DA 00 00        		.DW offset __RES_YEAH_48K_sa,seg __RES_YEAH_48K_sa;
                            	_RES_YEAH_48K_EA:
0000A68E 64 DB 00 00        		.DW offset __RES_YEAH_48K_ea,seg __RES_YEAH_48K_ea;
                            	
                            	_RES_S12_24K_SA:
0000A690 20 CE 00 00        		.DW offset __RES_S12_24K_sa,seg __RES_S12_24K_sa;
                            	_RES_S12_24K_EA:
0000A692 9B D4 00 00        		.DW offset __RES_S12_24K_ea,seg __RES_S12_24K_ea;
                            	
                            	
                            	// End Table
0 error(s), 0 warning(s).

