C51 COMPILER V7.06   MAIN                                                                  03/16/2011 16:19:22 PAGE 1   


C51 COMPILER V7.06, COMPILATION OF MODULE MAIN
OBJECT MODULE PLACED IN Main.OBJ
COMPILER INVOKED BY: C:\Keil\C51\BIN\C51.EXE Main.c BROWSE DEBUG OBJECTEXTEND

stmt level    source

   1          /*
   2           ----------------------------------------------------
   3           *作    者：温子祺
   4           ----------------------------------------------------
   5           */
   6          #include "stc.h"           //加载stc.h头文件
   7          
   8          sbit Led0=P2^0;            //定义位变量Led0
   9          
  10          /****************************************
  11          *函数名称:Delay
  12          *输    入:无
  13          *输    出:无
  14          *功    能:延时一小段时间 
  15          ******************************************/
  16          void Delay(void)           //软件延时函数(500ms)
  17          {
  18   1              unsigned char i,j;     //声明变量i,j
  19   1      
  20   1              for(i=0;i<255;i++)     //进行循环操作,以达到延时的效果
  21   1                      for(j=0;j<255;j++);
  22   1      
  23   1              for(i=0;i<255;i++)         //进行循环操作,以达到延时的效果
  24   1                      for(j=0;j<255;j++);
  25   1      
  26   1              for(i=0;i<255;i++)     //进行循环操作,以达到延时的效果
  27   1                      for(j=0;j<140;j++);
  28   1      
  29   1      }
  30          /****************************************
  31          *函数名称:main
  32          *输    入:无
  33          *输    出:无
  34          *功    能:函数主体
  35          ******************************************/
  36          void main(void)            //主函数,程序是在这里运行的
  37          {
  38   1      
  39   1              P2=0xFF;               //P2口置高电平即所有LED灯熄灭
  40   1      
  41   1              while(1)               //进入死循环
  42   1              {
  43   2      
  44   2              Led0=1;          //Led0灭
  45   2                      Delay();         //延时 
  46   2              Led0=0;          //Led0亮
  47   2                      Delay();         //延时
  48   2      
  49   2          }
  50   1      }


MODULE INFORMATION:   STATIC OVERLAYABLE
   CODE SIZE        =     52    ----
   CONSTANT SIZE    =   ----    ----
C51 COMPILER V7.06   MAIN                                                                  03/16/2011 16:19:22 PAGE 2   

   XDATA SIZE       =   ----    ----
   PDATA SIZE       =   ----    ----
   DATA SIZE        =   ----    ----
   IDATA SIZE       =   ----    ----
   BIT SIZE         =   ----    ----
END OF MODULE INFORMATION.


C51 COMPILATION COMPLETE.  0 WARNING(S),  0 ERROR(S)
