C51 COMPILER V8.05a   CHENGXU                                                              11/19/2009 14:35:01 PAGE 1   


C51 COMPILER V8.05a, COMPILATION OF MODULE CHENGXU
OBJECT MODULE PLACED IN chengxu.OBJ
COMPILER INVOKED BY: C:\Keil\C51\BIN\C51.EXE chengxu.c BROWSE DEBUG OBJECTEXTEND

line level    source

   1          
   2          ////////////////////////汇诚科技////////////////////
   3          //////////////////http://www.ourhc.cn///////////////
   4          ///////////////////简单的直流电机控制程/////////////////
   5          
   6          #include<reg52.h> 
   7          #define uchar unsigned char
   8          #define uint unsigned int
   9          
  10          /********************************************************
  11                                                          控制位定义
  12          ********************************************************/
  13          
  14          sbit fang_xiang=P1^0;  //       方向控制位      （输入1正转，输入0反转）
  15          sbit sha_che=P1^1;     //       启停控制位
  16          sbit PWM=P1^2;         //       速度控制位 （输入电平为1时，电机全速运行，当输入PWM信号时可以调速运行）
  17          
  18          sbit zheng_zhuan=P2^0; //       正转按键
  19          sbit   fan_zhuan=P2^1; //       反转按键
  20          sbit     qi_dong=P2^2; //       启动按键
  21          sbit    ting_che=P2^3; //       刹车按键
  22          /********************************************************
  23                                                       主函数
  24          ********************************************************/
  25          
  26          main()
  27          {
  28   1              fang_xiang=1;  //       使能控制位
  29   1              sha_che=0;     //       方向控制位
  30   1              PWM=1;         //       速度控制位 （输入电平为1时，电机全速运行，当输入PWM信号时可以调速运行）
  31   1              
  32   1              while(1)
  33   1              {
  34   2              if(zheng_zhuan==0)fang_xiang=1;//       正转
  35   2              if(fan_zhuan==0)fang_xiang=0;  //       反转
  36   2              if(qi_dong==0)sha_che=0;           //   启动
  37   2              if(ting_che==0)sha_che=1;          //   刹车
  38   2              }
  39   1      }


MODULE INFORMATION:   STATIC OVERLAYABLE
   CODE SIZE        =     28    ----
   CONSTANT SIZE    =   ----    ----
   XDATA SIZE       =   ----    ----
   PDATA SIZE       =   ----    ----
   DATA SIZE        =   ----    ----
   IDATA SIZE       =   ----    ----
   BIT SIZE         =   ----    ----
END OF MODULE INFORMATION.


C51 COMPILATION COMPLETE.  0 WARNING(S),  0 ERROR(S)
