                        .module chengxu.c
                        .area text(rom, con, rel)
 0000                   .dbfile D:\Proteus仿真实例\ATMEGA16\个人总结AVR\闪烁灯\chengxu.c
 0000                   .dbfunc e main _main fI
 0000           ;            led -> R18
 0000           ;              i -> R20
 0000           ;              k -> R16
 0000           ;              j -> R22
                        .even
 0000           _main::
 0000                   .dbline -1
 0000                   .dbline 3
 0000           ; #include <iom16v.h>
 0000           ; int main( void )
 0000           ; {
 0000                   .dbline 4
 0000           ; unsigned char i, j, k,led=0;
 0000 2227              clr R18
 0002                   .dbline 5
 0002           ; DDRB=0xFF; /* all outputs */
 0002 8FEF              ldi R24,255
 0004 87BB              out 0x17,R24
 0006 1AC0              xjmp L3
 0008           L2:
 0008                   .dbline 7
 0008           ; while (1)
 0008           ; {
 0008                   .dbline 8
 0008           ; if(led)
 0008 2223              tst R18
 000A 11F0              breq L5
 000C                   .dbline 9
 000C           ; PORTB|=0X01; /* |使最后一位为1 */
 000C C09A              sbi 0x18,0
 000E 03C0              xjmp L6
 0010           L5:
 0010                   .dbline 11
 0010           ; else
 0010           ; PORTB&=0XFE; /*&最后一位为0 */
 0010 88B3              in R24,0x18
 0012 8E7F              andi R24,254
 0014 88BB              out 0x18,R24
 0016           L6:
 0016                   .dbline 12
 0016           ; led=!led;
 0016 2223              tst R18
 0018 19F4              brne L7
 001A 41E0              ldi R20,1
 001C 50E0              ldi R21,0
 001E 02C0              xjmp L8
 0020           L7:
 0020 4427              clr R20
 0022 5527              clr R21
 0024           L8:
 0024 242F              mov R18,R20
 0026                   .dbline 14
 0026           ; //延时
 0026           ; for (i=0; i<255; i++)
 0026 4427              clr R20
 0028 07C0              xjmp L12
 002A           L9:
 002A                   .dbline 15
 002A           ; for(j=0; j<255;j++)
 002A 6627              clr R22
 002C 02C0              xjmp L16
 002E           L13:
 002E                   .dbline 16
 002E 0395              inc R16
 0030           L14:
 0030                   .dbline 15
 0030 6395              inc R22
 0032           L16:
 0032                   .dbline 15
 0032 6F3F              cpi R22,255
 0034 E0F3              brlo L13
 0036           L10:
 0036                   .dbline 14
 0036 4395              inc R20
 0038           L12:
 0038                   .dbline 14
 0038 4F3F              cpi R20,255
 003A B8F3              brlo L9
 003C                   .dbline 17
 003C           L3:
 003C                   .dbline 6
 003C E5CF              xjmp L2
 003E           X0:
 003E                   .dbline -2
 003E           L1:
 003E                   .dbline 0 ; func end
 003E 0895              ret
 0040                   .dbsym r led 18 c
 0040                   .dbsym r i 20 c
 0040                   .dbsym r k 16 c
 0040                   .dbsym r j 22 c
 0040                   .dbend
