C51 COMPILER V8.05a   ZLFZ                                                                 01/08/2009 00:35:41 PAGE 1   


C51 COMPILER V8.05a, COMPILATION OF MODULE ZLFZ
OBJECT MODULE PLACED IN zlfz.OBJ
COMPILER INVOKED BY: D:\Program Files\C51\BIN\C51.EXE zlfz.c BROWSE DEBUG OBJECTEXTEND

line level    source

   1          ////////////////////////汇诚科技////////////////////
   2          //////////////////http://www.ourhc.cn///////////////
   3          ///////////////////直流电机正转调试程序/////////////
   4          
   5          #include<reg52.h> 
   6          
   7          unsigned int s,i,j,k,z;
   8          
   9          sbit P2_0=P2^0;//启动
  10          sbit P2_1=P2^1;//启动
  11          sbit P2_2=P2^2;//停止
  12          sbit P2_3=P2^3;//停止
  13          
  14          void delay(i)//延时函数
  15            {
  16   1            for(j=0;j<i;j++)
  17   1            for(k=0;k<9600;k++);
  18   1        }
  19          
  20          
  21          main()
  22          {
  23   1      i=60;
  24   1      if(P2_0==0)//启动
  25   1            {
  26   2      while(1)
  27   2               {
  28   3                
  29   3                P1=0X55;
  30   3                delay(i);
  31   3                P1=0Xaa;
  32   3                delay(i);
  33   3      
  34   3                }
  35   2      
  36   2            }
  37   1      }


MODULE INFORMATION:   STATIC OVERLAYABLE
   CODE SIZE        =     78    ----
   CONSTANT SIZE    =   ----    ----
   XDATA SIZE       =   ----    ----
   PDATA SIZE       =   ----    ----
   DATA SIZE        =     10    ----
   IDATA SIZE       =   ----    ----
   BIT SIZE         =   ----    ----
END OF MODULE INFORMATION.


C51 COMPILATION COMPLETE.  0 WARNING(S),  0 ERROR(S)
