Sunplus u'nSP Assembler - Ver. 1.8.0
              Listing File Has Been Relocated
                            	// GCC for SUNPLUS u'nSP version 1.0.10
                            	// Command: E:\PROGRA~1\Sunplus\UNSPID~3\IDE180\cc1.exe C:\DOCUME~1\˔Ȼ˚.DOMAIN\LOCALS~1\Temp\ccUvaaaa.i -fkeep-inline-functions -quiet -dumpbase main.c -gstabs -o .\Debug/main.asm
                            	// gcc2_compiled.:
                            	
00008026                    	.code
                            	Ltext0:
00000000                    	.debug
00000000 2E 00 73 00        		.dw '.stabs "int:t1=r1;-32768;32767;",128,0,0,0',0x0d,0x0a
         74 00 61 00
         62 00 73 00
         20 00 22 00
         69 00 6E 00
         74 00 3A 00
         74 00 31 00
         3D 00 72 00
         31 00 3B 00
         2D 00 33 00
         32 00 37 00
         36 00 38 00
         3B 00 33 00
         32 00 37 00
         36 00 37 00
         3B 00 22 00
         2C 00 31 00
         32 00 38 00
         2C 00 30 00
         2C 00 30 00
         2C 00 30 00
         0D 00 0A 00
00008026                    	.CODE
0000002C                    	.debug
0000002C 2E 00 73 00        		.dw '.stabs "char:t2=r2;0;127;",128,0,0,0',0x0d,0x0a
         74 00 61 00
         62 00 73 00
         20 00 22 00
         63 00 68 00
         61 00 72 00
         3A 00 74 00
         32 00 3D 00
         72 00 32 00
         3B 00 30 00
         3B 00 31 00
         32 00 37 00
         3B 00 22 00
         2C 00 31 00
         32 00 38 00
         2C 00 30 00
         2C 00 30 00
         2C 00 30 00
         0D 00 0A 00
00008026                    	.CODE
00000052                    	.debug
00000052 2E 00 73 00        		.dw '.stabs "long int:t3=r3;-2147483648;2147483647;",128,0,0,0',0x0d,0x0a
         74 00 61 00
         62 00 73 00
         20 00 22 00
         6C 00 6F 00
         6E 00 67 00
         20 00 69 00
         6E 00 74 00
         3A 00 74 00
         33 00 3D 00
         72 00 33 00
         3B 00 2D 00
         32 00 31 00
         34 00 37 00
         34 00 38 00
         33 00 36 00
         34 00 38 00
         3B 00 32 00
         31 00 34 00
         37 00 34 00
         38 00 33 00
         36 00 34 00
         37 00 3B 00
         22 00 2C 00
         31 00 32 00
         38 00 2C 00
         30 00 2C 00
         30 00 2C 00
         30 00 0D 00
         0A 00      
00008026                    	.CODE
0000008D                    	.debug
0000008D 2E 00 73 00        		.dw '.stabs "unsigned int:t4=r4;0;65535;",128,0,0,0',0x0d,0x0a
         74 00 61 00
         62 00 73 00
         20 00 22 00
         75 00 6E 00
         73 00 69 00
         67 00 6E 00
         65 00 64 00
         20 00 69 00
         6E 00 74 00
         3A 00 74 00
         34 00 3D 00
         72 00 34 00
         3B 00 30 00
         3B 00 36 00
         35 00 35 00
         33 00 35 00
         3B 00 22 00
         2C 00 31 00
         32 00 38 00
         2C 00 30 00
         2C 00 30 00
         2C 00 30 00
         0D 00 0A 00
00008026                    	.CODE
000000BD                    	.debug
000000BD 2E 00 73 00        		.dw '.stabs "long unsigned int:t5=r5;0;4294967295;",128,0,0,0',0x0d,0x0a
         74 00 61 00
         62 00 73 00
         20 00 22 00
         6C 00 6F 00
         6E 00 67 00
         20 00 75 00
         6E 00 73 00
         69 00 67 00
         6E 00 65 00
         64 00 20 00
         69 00 6E 00
         74 00 3A 00
         74 00 35 00
         3D 00 72 00
         35 00 3B 00
         30 00 3B 00
         34 00 32 00
         39 00 34 00
         39 00 36 00
         37 00 32 00
         39 00 35 00
         3B 00 22 00
         2C 00 31 00
         32 00 38 00
         2C 00 30 00
         2C 00 30 00
         2C 00 30 00
         0D 00 0A 00
00008026                    	.CODE
000000F7                    	.debug
000000F7 2E 00 73 00        		.dw '.stabs "long long int:t6=r6;-2147483648;2147483647;",128,0,0,0',0x0d,0x0a
         74 00 61 00
         62 00 73 00
         20 00 22 00
         6C 00 6F 00
         6E 00 67 00
         20 00 6C 00
         6F 00 6E 00
         67 00 20 00
         69 00 6E 00
         74 00 3A 00
         74 00 36 00
         3D 00 72 00
         36 00 3B 00
         2D 00 32 00
         31 00 34 00
         37 00 34 00
         38 00 33 00
         36 00 34 00
         38 00 3B 00
         32 00 31 00
         34 00 37 00
         34 00 38 00
         33 00 36 00
         34 00 37 00
         3B 00 22 00
         2C 00 31 00
         32 00 38 00
         2C 00 30 00
         2C 00 30 00
         2C 00 30 00
         0D 00 0A 00
00008026                    	.CODE
00000137                    	.debug
00000137 2E 00 73 00        		.dw '.stabs "long long unsigned int:t7=r7;0;4294967295;",128,0,0,0',0x0d,0x0a
         74 00 61 00
         62 00 73 00
         20 00 22 00
         6C 00 6F 00
         6E 00 67 00
         20 00 6C 00
         6F 00 6E 00
         67 00 20 00
         75 00 6E 00
         73 00 69 00
         67 00 6E 00
         65 00 64 00
         20 00 69 00
         6E 00 74 00
         3A 00 74 00
         37 00 3D 00
         72 00 37 00
         3B 00 30 00
         3B 00 34 00
         32 00 39 00
         34 00 39 00
         36 00 37 00
         32 00 39 00
         35 00 3B 00
         22 00 2C 00
         31 00 32 00
         38 00 2C 00
         30 00 2C 00
         30 00 2C 00
         30 00 0D 00
         0A 00      
00008026                    	.CODE
00000176                    	.debug
00000176 2E 00 73 00        		.dw '.stabs "short int:t8=r8;-32768;32767;",128,0,0,0',0x0d,0x0a
         74 00 61 00
         62 00 73 00
         20 00 22 00
         73 00 68 00
         6F 00 72 00
         74 00 20 00
         69 00 6E 00
         74 00 3A 00
         74 00 38 00
         3D 00 72 00
         38 00 3B 00
         2D 00 33 00
         32 00 37 00
         36 00 38 00
         3B 00 33 00
         32 00 37 00
         36 00 37 00
         3B 00 22 00
         2C 00 31 00
         32 00 38 00
         2C 00 30 00
         2C 00 30 00
         2C 00 30 00
         0D 00 0A 00
00008026                    	.CODE
000001A8                    	.debug
000001A8 2E 00 73 00        		.dw '.stabs "short unsigned int:t9=r9;0;65535;",128,0,0,0',0x0d,0x0a
         74 00 61 00
         62 00 73 00
         20 00 22 00
         73 00 68 00
         6F 00 72 00
         74 00 20 00
         75 00 6E 00
         73 00 69 00
         67 00 6E 00
         65 00 64 00
         20 00 69 00
         6E 00 74 00
         3A 00 74 00
         39 00 3D 00
         72 00 39 00
         3B 00 30 00
         3B 00 36 00
         35 00 35 00
         33 00 35 00
         3B 00 22 00
         2C 00 31 00
         32 00 38 00
         2C 00 30 00
         2C 00 30 00
         2C 00 30 00
         0D 00 0A 00
00008026                    	.CODE
000001DE                    	.debug
000001DE 2E 00 73 00        		.dw '.stabs "signed char:t10=r10;-32768;32767;",128,0,0,0',0x0d,0x0a
         74 00 61 00
         62 00 73 00
         20 00 22 00
         73 00 69 00
         67 00 6E 00
         65 00 64 00
         20 00 63 00
         68 00 61 00
         72 00 3A 00
         74 00 31 00
         30 00 3D 00
         72 00 31 00
         30 00 3B 00
         2D 00 33 00
         32 00 37 00
         36 00 38 00
         3B 00 33 00
         32 00 37 00
         36 00 37 00
         3B 00 22 00
         2C 00 31 00
         32 00 38 00
         2C 00 30 00
         2C 00 30 00
         2C 00 30 00
         0D 00 0A 00
00008026                    	.CODE
00000214                    	.debug
00000214 2E 00 73 00        		.dw '.stabs "unsigned char:t11=r11;0;65535;",128,0,0,0',0x0d,0x0a
         74 00 61 00
         62 00 73 00
         20 00 22 00
         75 00 6E 00
         73 00 69 00
         67 00 6E 00
         65 00 64 00
         20 00 63 00
         68 00 61 00
         72 00 3A 00
         74 00 31 00
         31 00 3D 00
         72 00 31 00
         31 00 3B 00
         30 00 3B 00
         36 00 35 00
         35 00 33 00
         35 00 3B 00
         22 00 2C 00
         31 00 32 00
         38 00 2C 00
         30 00 2C 00
         30 00 2C 00
         30 00 0D 00
         0A 00      
00008026                    	.CODE
00000247                    	.debug
00000247 2E 00 73 00        		.dw '.stabs "float:t12=r1;2;0;",128,0,0,0',0x0d,0x0a
         74 00 61 00
         62 00 73 00
         20 00 22 00
         66 00 6C 00
         6F 00 61 00
         74 00 3A 00
         74 00 31 00
         32 00 3D 00
         72 00 31 00
         3B 00 32 00
         3B 00 30 00
         3B 00 22 00
         2C 00 31 00
         32 00 38 00
         2C 00 30 00
         2C 00 30 00
         2C 00 30 00
         0D 00 0A 00
00008026                    	.CODE
0000026D                    	.debug
0000026D 2E 00 73 00        		.dw '.stabs "double:t13=r1;2;0;",128,0,0,0',0x0d,0x0a
         74 00 61 00
         62 00 73 00
         20 00 22 00
         64 00 6F 00
         75 00 62 00
         6C 00 65 00
         3A 00 74 00
         31 00 33 00
         3D 00 72 00
         31 00 3B 00
         32 00 3B 00
         30 00 3B 00
         22 00 2C 00
         31 00 32 00
         38 00 2C 00
         30 00 2C 00
         30 00 2C 00
         30 00 0D 00
         0A 00      
00008026                    	.CODE
00000294                    	.debug
00000294 2E 00 73 00        		.dw '.stabs "long double:t14=r1;2;0;",128,0,0,0',0x0d,0x0a
         74 00 61 00
         62 00 73 00
         20 00 22 00
         6C 00 6F 00
         6E 00 67 00
         20 00 64 00
         6F 00 75 00
         62 00 6C 00
         65 00 3A 00
         74 00 31 00
         34 00 3D 00
         72 00 31 00
         3B 00 32 00
         3B 00 30 00
         3B 00 22 00
         2C 00 31 00
         32 00 38 00
         2C 00 30 00
         2C 00 30 00
         2C 00 30 00
         0D 00 0A 00
00008026                    	.CODE
000002C0                    	.debug
000002C0 2E 00 73 00        		.dw '.stabs "complex int:t15=s2real:1,0,16;imag:1,16,16;;",128,0,0,0',0x0d,0x0a
         74 00 61 00
         62 00 73 00
         20 00 22 00
         63 00 6F 00
         6D 00 70 00
         6C 00 65 00
         78 00 20 00
         69 00 6E 00
         74 00 3A 00
         74 00 31 00
         35 00 3D 00
         73 00 32 00
         72 00 65 00
         61 00 6C 00
         3A 00 31 00
         2C 00 30 00
         2C 00 31 00
         36 00 3B 00
         69 00 6D 00
         61 00 67 00
         3A 00 31 00
         2C 00 31 00
         36 00 2C 00
         31 00 36 00
         3B 00 3B 00
         22 00 2C 00
         31 00 32 00
         38 00 2C 00
         30 00 2C 00
         30 00 2C 00
         30 00 0D 00
         0A 00      
00008026                    	.CODE
00000301                    	.debug
00000301 2E 00 73 00        		.dw '.stabs "complex float:t16=r16;2;0;",128,0,0,0',0x0d,0x0a
         74 00 61 00
         62 00 73 00
         20 00 22 00
         63 00 6F 00
         6D 00 70 00
         6C 00 65 00
         78 00 20 00
         66 00 6C 00
         6F 00 61 00
         74 00 3A 00
         74 00 31 00
         36 00 3D 00
         72 00 31 00
         36 00 3B 00
         32 00 3B 00
         30 00 3B 00
         22 00 2C 00
         31 00 32 00
         38 00 2C 00
         30 00 2C 00
         30 00 2C 00
         30 00 0D 00
         0A 00      
00008026                    	.CODE
00000330                    	.debug
00000330 2E 00 73 00        		.dw '.stabs "complex double:t17=r17;2;0;",128,0,0,0',0x0d,0x0a
         74 00 61 00
         62 00 73 00
         20 00 22 00
         63 00 6F 00
         6D 00 70 00
         6C 00 65 00
         78 00 20 00
         64 00 6F 00
         75 00 62 00
         6C 00 65 00
         3A 00 74 00
         31 00 37 00
         3D 00 72 00
         31 00 37 00
         3B 00 32 00
         3B 00 30 00
         3B 00 22 00
         2C 00 31 00
         32 00 38 00
         2C 00 30 00
         2C 00 30 00
         2C 00 30 00
         0D 00 0A 00
00008026                    	.CODE
00000360                    	.debug
00000360 2E 00 73 00        		.dw '.stabs "complex long double:t18=r18;2;0;",128,0,0,0',0x0d,0x0a
         74 00 61 00
         62 00 73 00
         20 00 22 00
         63 00 6F 00
         6D 00 70 00
         6C 00 65 00
         78 00 20 00
         6C 00 6F 00
         6E 00 67 00
         20 00 64 00
         6F 00 75 00
         62 00 6C 00
         65 00 3A 00
         74 00 31 00
         38 00 3D 00
         72 00 31 00
         38 00 3B 00
         32 00 3B 00
         30 00 3B 00
         22 00 2C 00
         31 00 32 00
         38 00 2C 00
         30 00 2C 00
         30 00 2C 00
         30 00 0D 00
         0A 00      
00008026                    	.CODE
00000395                    	.debug
00000395 2E 00 73 00        		.dw '.stabs "void:t19=19",128,0,0,0',0x0d,0x0a
         74 00 61 00
         62 00 73 00
         20 00 22 00
         76 00 6F 00
         69 00 64 00
         3A 00 74 00
         31 00 39 00
         3D 00 31 00
         39 00 22 00
         2C 00 31 00
         32 00 38 00
         2C 00 30 00
         2C 00 30 00
         2C 00 30 00
         0D 00 0A 00
00008026                    	.CODE
00008026                    	.code
000003B5                    	.debug
000003B5 2E 00 73 00        		.dw '.stabs "main:F1",36,0,0,',0,0,offset _main,seg _main,0x0d,0x0a
         74 00 61 00
         62 00 73 00
         20 00 22 00
         6D 00 61 00
         69 00 6E 00
         3A 00 46 00
         31 00 22 00
         2C 00 33 00
         36 00 2C 00
         30 00 2C 00
         30 00 2C 00
         00 00 00 00
         00 00 00 00
         0D 00 0A 00
00008026                    	.CODE
                            	.public _main
                            	_main:	.proc
000003D3                    	.debug
000003D3 2E 00 73 00        		.dw '.stabn 0x44,0,2,',0,0
         74 00 61 00
         62 00 6E 00
         20 00 30 00
         78 00 34 00
         34 00 2C 00
         30 00 2C 00
         32 00 2C 00
         00 00 00 00
000003E5 00 00 00 00        		.dd LM1-_main
000003E7 0D 00 0A 00        		.dw 0x0d,0x0a
00008026                    	.code
                            	LM1:
                            		// total=3, vars=3
                            		// frame_pointer_needed: 1
00008026 88 DA              		push bp to [sp]
00008027 43 20              		sp-=3
00008028 08 0B 01 00        		bp=sp+1
                            	
0000802A 0D 05 06 00        		R2=BP+6
000003E9                    	.debug
000003E9 2E 00 73 00        		.dw '.stabn 0x44,0,3,',0,0
         74 00 61 00
         62 00 6E 00
         20 00 30 00
         78 00 34 00
         34 00 2C 00
         30 00 2C 00
         33 00 2C 00
         00 00 00 00
000003FB 06 00 00 00        		.dd LM2-_main
000003FD 0D 00 0A 00        		.dw 0x0d,0x0a
0000802C                    	.code
                            	LM2:
                            	LBB2:
000003FF                    	.debug
000003FF 2E 00 73 00        		.dw '.stabn 0x44,0,5,',0,0
         74 00 61 00
         62 00 6E 00
         20 00 30 00
         78 00 34 00
         34 00 2C 00
         30 00 2C 00
         35 00 2C 00
         00 00 00 00
00000411 06 00 00 00        		.dd LM3-_main
00000413 0D 00 0A 00        		.dw 0x0d,0x0a
0000802C                    	.code
                            	LM3:
0000802C 43 92              		R1=3	// QImode move
0000802D C5 D2              		[BP]=R1	// QImode move
00000415                    	.debug
00000415 2E 00 73 00        		.dw '.stabn 0x44,0,6,',0,0
         74 00 61 00
         62 00 6E 00
         20 00 30 00
         78 00 34 00
         34 00 2C 00
         30 00 2C 00
         36 00 2C 00
         00 00 00 00
00000427 08 00 00 00        		.dd LM4-_main
00000429 0D 00 0A 00        		.dw 0x0d,0x0a
0000802E                    	.code
                            	LM4:
0000802E 05 93              		R1=BP	// QImode move
0000802F 0D 07 01 00        		R3=BP+1
00008031 45 92              		R1=5	// QImode move
00008032 03 99              		R4=R3	// QImode move
00008033 C4 D2              		[R4]=R1	// QImode move
0000042B                    	.debug
0000042B 2E 00 73 00        		.dw '.stabn 0x44,0,7,',0,0
         74 00 61 00
         62 00 6E 00
         20 00 30 00
         78 00 34 00
         34 00 2C 00
         30 00 2C 00
         37 00 2C 00
         00 00 00 00
0000043D 0E 00 00 00        		.dd LM5-_main
0000043F 0D 00 0A 00        		.dw 0x0d,0x0a
00008034                    	.code
                            	LM5:
                            	// GCC inline ASM start
00008034 43 92              		R1=3
                            	// GCC inline ASM end
00008035 05 97              		R3=BP	// QImode move
00008036 0D 09 01 00        		R4=BP+1
00008038 04 97              		R3=R4	// QImode move
00008039 C3 D2              		[R3]=R1	// QImode move
00000441                    	.debug
00000441 2E 00 73 00        		.dw '.stabn 0x44,0,8,',0,0
         74 00 61 00
         62 00 6E 00
         20 00 30 00
         78 00 34 00
         34 00 2C 00
         30 00 2C 00
         38 00 2C 00
         00 00 00 00
00000453 14 00 00 00        		.dd LM6-_main
00000455 0D 00 0A 00        		.dw 0x0d,0x0a
0000803A                    	.code
                            	LM6:
0000803A 05 93              		R1=BP	// QImode move
0000803B 0D 07 01 00        		R3=BP+1
0000803D 03 93              		R1=R3	// QImode move
0000803E C1 98              		R4=[R1]	// QImode move
                            	// GCC inline ASM start
0000803F 0C 03 0A 00        		R1=R4+10
                            	// GCC inline ASM end
00008041 01 97              		R3=R1	// QImode move
00008042 C5 D6              		[BP]=R3	// QImode move
00000457                    	.debug
00000457 2E 00 73 00        		.dw '.stabn 0x44,0,9,',0,0
         74 00 61 00
         62 00 6E 00
         20 00 30 00
         78 00 34 00
         34 00 2C 00
         30 00 2C 00
         39 00 2C 00
         00 00 00 00
00000469 1D 00 00 00        		.dd LM7-_main
0000046B 0D 00 0A 00        		.dw 0x0d,0x0a
00008043                    	.code
                            	LM7:
00008043 C5 92              		R1=[BP]	// QImode move
00008044 05 97              		R3=BP	// QImode move
00008045 0D 07 01 00        		R3=BP+1
00008047 02 D6              		[bp+2]=R3	// QImode move
00008048 02 98              		R4=[bp+2]	// QImode move
00008049 C4 96              		R3=[R4]	// QImode move
                            	// GCC inline ASM start
0000804A 03 03              		R1 += R3
                            	// GCC inline ASM end
0000804B C5 D2              		[BP]=R1	// QImode move
0000046D                    	.debug
0000046D 2E 00 73 00        		.dw '.stabn 0x44,0,10,',0,0
         74 00 61 00
         62 00 6E 00
         20 00 30 00
         78 00 34 00
         34 00 2C 00
         30 00 2C 00
         31 00 30 00
         2C 00 00 00
         00 00      
00000480 26 00 00 00        		.dd LM8-_main
00000482 0D 00 0A 00        		.dw 0x0d,0x0a
0000804C                    	.code
                            	LM8:
                            	// GCC inline ASM start
                            		.define  unsp 0x7016
                            	// GCC inline ASM end
00000484                    	.debug
00000484 2E 00 73 00        		.dw '.stabn 0x44,0,11,',0,0
         74 00 61 00
         62 00 6E 00
         20 00 30 00
         78 00 34 00
         34 00 2C 00
         30 00 2C 00
         31 00 31 00
         2C 00 00 00
         00 00      
00000497 26 00 00 00        		.dd LM9-_main
00000499 0D 00 0A 00        		.dw 0x0d,0x0a
0000804C                    	.code
                            	LM9:
0000804C 48 92              		R1=8	// QImode move
                            	// GCC inline ASM start
0000804D 19 D3 16 70        		[unsp]=R1
                            	// GCC inline ASM end
0000049B                    	.debug
0000049B 2E 00 73 00        		.dw '.stabn 0x44,0,13,',0,0
         74 00 61 00
         62 00 6E 00
         20 00 30 00
         78 00 34 00
         34 00 2C 00
         30 00 2C 00
         31 00 33 00
         2C 00 00 00
         00 00      
000004AE 29 00 00 00        		.dd LM10-_main
000004B0 0D 00 0A 00        		.dw 0x0d,0x0a
0000804F                    	.code
                            	LM10:
0000804F C5 92              		R1=[BP]	// QImode move
00008050 09 07 01 00        		R3=R1+1
00008052 C5 D6              		[BP]=R3	// QImode move
000004B2                    	.debug
000004B2 2E 00 73 00        		.dw '.stabn 0x44,0,14,',0,0
         74 00 61 00
         62 00 6E 00
         20 00 30 00
         78 00 34 00
         34 00 2C 00
         30 00 2C 00
         31 00 34 00
         2C 00 00 00
         00 00      
000004C5 2D 00 00 00        		.dd LM11-_main
000004C7 0D 00 0A 00        		.dw 0x0d,0x0a
00008053                    	.code
                            	LM11:
00008053 40 92              		R1=0	// QImode move
00008054 0F 9F 56 80        		pc=L2	// jump
000004C9                    	.debug
000004C9 2E 00 73 00        		.dw '.stabn 0x44,0,15,',0,0
         74 00 61 00
         62 00 6E 00
         20 00 30 00
         78 00 34 00
         34 00 2C 00
         30 00 2C 00
         31 00 35 00
         2C 00 00 00
         00 00      
000004DC 30 00 00 00        		.dd LM12-_main
000004DE 0D 00 0A 00        		.dw 0x0d,0x0a
00008056                    	.code
                            	LM12:
                            	LBE2:
000004E0                    	.debug
000004E0 2E 00 73 00        		.dw '.stabn 0x44,0,15,',0,0
         74 00 61 00
         62 00 6E 00
         20 00 30 00
         78 00 34 00
         34 00 2C 00
         30 00 2C 00
         31 00 35 00
         2C 00 00 00
         00 00      
000004F3 30 00 00 00        		.dd LM13-_main
000004F5 0D 00 0A 00        		.dw 0x0d,0x0a
00008056                    	.code
                            	LM13:
                            	L2:
                            	
00008056 43 00              		sp+=3
00008057 88 98              		pop bp from [sp]
00008058 90 9A              		retf
                            		.endp	// end of main
                            	
000004F7                    	.debug
000004F7 2E 00 73 00        		.dw '.stabn 0xc0,0,0,',0,0
         74 00 61 00
         62 00 6E 00
         20 00 30 00
         78 00 63 00
         30 00 2C 00
         30 00 2C 00
         30 00 2C 00
         00 00 00 00
00000509 06 00 00 00        		.dd LBB2-_main
0000050B 0D 00 0A 00        		.dw 0x0d,0x0a
00008059                    	.code
0000050D                    	.debug
0000050D 2E 00 73 00        		.dw '.stabs "foo:1",128,0,0,0',0x0d,0x0a
         74 00 61 00
         62 00 73 00
         20 00 22 00
         66 00 6F 00
         6F 00 3A 00
         31 00 22 00
         2C 00 31 00
         32 00 38 00
         2C 00 30 00
         2C 00 30 00
         2C 00 30 00
         0D 00 0A 00
00008059                    	.CODE
00000527                    	.debug
00000527 2E 00 73 00        		.dw '.stabs "bar:1",128,0,0,1',0x0d,0x0a
         74 00 61 00
         62 00 73 00
         20 00 22 00
         62 00 61 00
         72 00 3A 00
         31 00 22 00
         2C 00 31 00
         32 00 38 00
         2C 00 30 00
         2C 00 30 00
         2C 00 31 00
         0D 00 0A 00
00008059                    	.CODE
00000541                    	.debug
00000541 2E 00 73 00        		.dw '.stabn 0xe0,0,0,',0,0
         74 00 61 00
         62 00 6E 00
         20 00 30 00
         78 00 65 00
         30 00 2C 00
         30 00 2C 00
         30 00 2C 00
         00 00 00 00
00000553 30 00 00 00        		.dd LBE2-_main
00000555 0D 00 0A 00        		.dw 0x0d,0x0a
00008059                    	.code
00000557                    	.debug
00000557 2E 00 73 00        		.dw '.stabf ',0,0
         74 00 61 00
         62 00 66 00
         20 00 00 00
         00 00      
00000560 33 00 00 00        		.dd LME1-_main
00000562 0D 00 0A 00        		.dw 0x0d,0x0a
00008059                    	.code
                            	LME1:
                            		.end
0 error(s), 0 warning(s).

