C51 COMPILER V8.05a   CHENGXU                                                              07/06/2009 21:37:20 PAGE 1   


C51 COMPILER V8.05a, COMPILATION OF MODULE CHENGXU
OBJECT MODULE PLACED IN chengxu.OBJ
COMPILER INVOKED BY: C:\Keil\C51\BIN\C51.EXE chengxu.c BROWSE DEBUG OBJECTEXTEND

line level    source

   1          /********************************************************************
   2                                      汇诚科技
   3                                                    http://www.ourhc.cn
   4          *********************************************************************/
   5          #include<reg52.h>              //库文件
   6          #define uchar unsigned char//宏定义无符号字符型
   7          #define uint unsigned int  //宏定义无符号整型
   8          /********************************************************************
   9                                      初始定义
  10          *********************************************************************/
  11          code uchar seg7code[10]={ 0xc0,0xf9,0xa4,0xb0,0x99,0x92,0x82,0xf8,0x80,0x90}; //显示段码 数码管字跟
  12          uchar wei[4]={0XEf,0XDf,0XBf,0X7f};                                 //位的控制端
  13          /********************************************************************
  14                                      延时函数
  15          *********************************************************************/
  16          void delay(uchar t)
  17          {
  18   1        uchar i,j;
  19   1         for(i=0;i<t;i++)
  20   1         {
  21   2               for(j=13;j>0;j--);
  22   2               { ;
  23   3               }
  24   2         }
  25   1      }
  26          
  27          /********************************************************************
  28                                      显示函数
  29          *********************************************************************/        
  30          void Led(int date) //显示函数
  31          {
  32   1      /*****************数据转换*****************************/ 
  33   1       uint z,x,c,v;
  34   1        z=date/1000;                   //求千位
  35   1        x=date%1000/100;               //求百位
  36   1        c=date%100/10;                 //求十位
  37   1        v=date%10;                     //求个位
  38   1      
  39   1            P2=0XFF;
  40   1                P0=seg7code[z];
  41   1                P2=wei[0];
  42   1                delay(80);
  43   1                P2=0XFF;  
  44   1            P0=seg7code[x];
  45   1                P2=wei[1];
  46   1                delay(80);
  47   1                P2=0XFF;  
  48   1                P0=seg7code[c];
  49   1                P2=wei[2];
  50   1                delay(80);
  51   1                P2=0XFF;  
  52   1            P0=seg7code[v];
  53   1                P2=wei[3];
  54   1                delay(80); 
  55   1                P2=0XFF;
C51 COMPILER V8.05a   CHENGXU                                                              07/06/2009 21:37:20 PAGE 2   

  56   1      }
  57          
  58          /********************************************************************
  59                                      主函数
  60          *********************************************************************/
  61          void main()
  62          {
  63   1      {
  64   2      int display_date=1358; //定义并赋值要显示的数据
  65   2      while(1)
  66   2      {
  67   3      Led(display_date);//调用显示函数显示数据display_date
  68   3      }
  69   2      }
  70   1      }
  71          
  72                  
  73          /********************************************************************
  74                                        结束
  75          *********************************************************************/


MODULE INFORMATION:   STATIC OVERLAYABLE
   CODE SIZE        =    187    ----
   CONSTANT SIZE    =     10    ----
   XDATA SIZE       =   ----    ----
   PDATA SIZE       =   ----    ----
   DATA SIZE        =      4       6
   IDATA SIZE       =   ----    ----
   BIT SIZE         =   ----    ----
END OF MODULE INFORMATION.


C51 COMPILATION COMPLETE.  0 WARNING(S),  0 ERROR(S)
