FILE: <library>
__start:
__text_start:
    0013 E5CF      LDI	R28,0x5F
    0014 E0D4      LDI	R29,4
    0015 BFCD      OUT	0x3D,R28
    0016 BFDE      OUT	0x3E,R29
    0017 51C0      SUBI	R28,0x10
    0018 40D0      SBCI	R29,0
    0019 EA0A      LDI	R16,0xAA
    001A 8308      STD	Y+0,R16
    001B 2400      CLR	R0
    001C E6E0      LDI	R30,0x60
    001D E0F0      LDI	R31,0
    001E E010      LDI	R17,0
    001F 36E0      CPI	R30,0x60
    0020 07F1      CPC	R31,R17
    0021 F011      BEQ	0x0024
    0022 9201      ST	R0,Z+
    0023 CFFB      RJMP	0x001F
    0024 8300      STD	Z+0,R16
    0025 E2E6      LDI	R30,0x26
    0026 E0F0      LDI	R31,0
    0027 E6A0      LDI	R26,0x60
    0028 E0B0      LDI	R27,0
    0029 E010      LDI	R17,0
    002A 32E6      CPI	R30,0x26
    002B 07F1      CPC	R31,R17
    002C F021      BEQ	0x0031
    002D 95C8      LPM
    002E 9631      ADIW	R30,1
    002F 920D      ST	R0,X+
    0030 CFF9      RJMP	0x002A
    0031 D01C      RCALL	_main
_exit:
    0032 CFFF      RJMP	_exit
_DelayMS:
  j                    --> R20
  i                    --> R16
    0033 D04F      RCALL	push_gset1
    0034 C00A      RJMP	0x003F
    0035 EE48      LDI	R20,0xE8
    0036 E053      LDI	R21,3
    0037 C002      RJMP	0x003A
    0038 5041      SUBI	R20,1
    0039 4050      SBCI	R21,0
    003A 3040      CPI	R20,0
    003B 0745      CPC	R20,R21
    003C F7D9      BNE	0x0038
    003D 5001      SUBI	R16,1
    003E 4010      SBCI	R17,0
    003F 3000      CPI	R16,0
    0040 0701      CPC	R16,R17
    0041 F799      BNE	0x0035
    0042 D043      RCALL	pop_gset1
    0043 9508      RET
_Init_IO:
    0044 E38F      LDI	R24,0x3F
    0045 BB87      OUT	0x17,R24
    0046 BB88      OUT	0x18,R24
    0047 EF8F      LDI	R24,0xFF
    0048 BB84      OUT	0x14,R24
    0049 BB85      OUT	0x15,R24
    004A 2422      CLR	R2
    004B BA21      OUT	0x11,R2
    004C BA22      OUT	0x12,R2
    004D 9508      RET
_main:
    004E DFF5      RCALL	_Init_IO
    004F C031      RJMP	0x0081
    0050 95A8      WDR
    0051 9980      SBIC	0x10,0
    0052 C004      RJMP	0x0057
    0053 EF8E      LDI	R24,0xFE
    0054 BB85      OUT	0x15,R24
    0055 EF8F      LDI	R24,0xFF
    0056 BB88      OUT	0x18,R24
    0057 9981      SBIC	0x10,1
    0058 C004      RJMP	0x005D
    0059 EF8D      LDI	R24,0xFD
    005A BB85      OUT	0x15,R24
    005B EF8F      LDI	R24,0xFF
    005C BB88      OUT	0x18,R24
    005D 9982      SBIC	0x10,2
    005E C004      RJMP	0x0063
    005F EF8B      LDI	R24,0xFB
    0060 BB85      OUT	0x15,R24
    0061 EF8F      LDI	R24,0xFF
    0062 BB88      OUT	0x18,R24
    0063 9983      SBIC	0x10,3
    0064 C004      RJMP	0x0069
    0065 EF87      LDI	R24,0xF7
    0066 BB85      OUT	0x15,R24
    0067 EF8F      LDI	R24,0xFF
    0068 BB88      OUT	0x18,R24
    0069 9984      SBIC	0x10,4
    006A C004      RJMP	0x006F
    006B EF8E      LDI	R24,0xFE
    006C BB88      OUT	0x18,R24
    006D EF8F      LDI	R24,0xFF
    006E BB85      OUT	0x15,R24
    006F 9985      SBIC	0x10,5
    0070 C004      RJMP	0x0075
    0071 EF8D      LDI	R24,0xFD
    0072 BB88      OUT	0x18,R24
    0073 EF8F      LDI	R24,0xFF
    0074 BB85      OUT	0x15,R24
    0075 9986      SBIC	0x10,6
    0076 C004      RJMP	0x007B
    0077 EF8B      LDI	R24,0xFB
    0078 BB88      OUT	0x18,R24
    0079 EF8F      LDI	R24,0xFF
    007A BB85      OUT	0x15,R24
    007B 9987      SBIC	0x10,7
    007C C004      RJMP	0x0081
    007D EF87      LDI	R24,0xF7
    007E BB88      OUT	0x18,R24
    007F EF8F      LDI	R24,0xFF
    0080 BB85      OUT	0x15,R24
    0081 CFCE      RJMP	0x0050
    0082 9508      RET
push_gset1:
    0083 935A      ST	R21,-Y
    0084 934A      ST	R20,-Y
    0085 9508      RET
pop_gset1:
    0086 E0E1      LDI	R30,1
pop:
    0087 9149      LD	R20,Y+
    0088 9159      LD	R21,Y+
    0089 FDE0      SBRC	R30,0
    008A 9508      RET
    008B 9169      LD	R22,Y+
    008C 9179      LD	R23,Y+
    008D FDE1      SBRC	R30,1
    008E 9508      RET
    008F 90A9      LD	R10,Y+
    0090 90B9      LD	R11,Y+
    0091 FDE2      SBRC	R30,2
    0092 9508      RET
    0093 90C9      LD	R12,Y+
    0094 90D9      LD	R13,Y+
    0095 FDE3      SBRC	R30,3
    0096 9508      RET
    0097 90E9      LD	R14,Y+
    0098 90F9      LD	R15,Y+
    0099 9508      RET
