Sunplus u'nSP Assembler - Ver. 1.8.0
              Listing File Has Been Relocated
                            	//.include spce.inc				// include io config. information
                            	
                            	.include sp_lib.inc;
                     <      	//========================================================================================
                     <      	// Progarm: The head file for sp_lib.asm V1.0
                     <      	// Wrote by: Arthur Shieh
                     <      	// Last modified date: 
                     <      	// 		2002/10/03 V1.0: first version
                     <      	//========================================================================================
                     <      	
                     <      	.EXTERNAL  F_Key_Scan_Initial;
                     <      	.EXTERNAL  F_Key_Scan_ServiceLoop;			// 1 scan line +Vcc
                     <      	.EXTERNAL  F_Key_Scan_ServiceLoop_2;		// 2 scan line +Vcc / IOA
                     <      	.EXTERNAL  F_Key_DebounceCnt_Down;
                     <      	.EXTERNAL  F_SP_GetCh;
                            	.EXTERNAL   _gra_No
                            	.EXTERNAL  _graphic_display
00008791                    	.TEXT
                            	.include spce.inc				// include io config. information
                     <      	//========================================================================================
                     <      	// Program: Standard function definition V1.0
                     <      	// Arranged by: Arthur Shieh
                     <      	// Platform:  SPCE500A/060A/061A, IDE 1.63, Windows 2000
                     <      	//
                     <      	// Date: 	2002/10/31 V1.0 : first version
                     <      	//
                     <      	// Note: 1)This inc file defines the ports available for user to use SPCE series.
                     <      	//         The port setting constants is also included for users' convenience. 
                     <      	//       2)Naming rule:
                     <      	//         C : define constant 
                     <      	//         P : define I/O port
                     <      	//=======================================================================================
                     <      	
                     <      	//---------------------------------------------------------- 
                     <      	//CPU Type definition : User needs to modified this according to the body used
                     <      	//---------------------------------------------------------- 
                     <      	.define SPCE500A 0
                     <      	.define SPCE061A 1   // SPCE060A as well
                     <      	
                     <      	//.define BODY_TYPE SPCE500A	       // SPCE500A 
                     <      	.define BODY_TYPE SPCE061A	       // SPCE061A 
                     <      	//---------------------------------------------------------- 
                     <      	
                     <      	//////////////////////////////////////////////////////////////////
                     <      	// Define Area for I/O									
                     <      	//////////////////////////////////////////////////////////////////
                     <      	//PortA,PortB contain some special functions
                     <      	P_IOA_Data:			.VDEF  0x7000;		// Write Data into data register and read from IOA pad
                     <      	P_IOA_Buffer:   	.VDEF  0x7001;		// Write Data into buffer register and read from buffer register
                     <      	P_IOA_Dir:      	.VDEF  0x7002;     // Direction vector for IOA
                     <      	P_IOA_Attrib:   	.VDEF  0x7003;     // Attribute vector for IOA
                     <      	P_IOA_Latch:		.VDEF  0x7004;     // Latch PortA data for key change wake-up
                     <      	
                     <      	P_IOB_Data:         .VDEF  0x7005      // Write Data into the data register and read from IOB pad
                     <      	P_IOB_Buffer:       .VDEF  0x7006      // Write Data into buffer register and read from buffer register
                     <      	P_IOB_Dir:          .VDEF  0x7007      // Direction vector for IOB
                     <      	P_IOB_Attrib:       .VDEF  0x7008  	// Attribute vector for IOB
                     <      	
                     <      	P_FeedBack:     	.VDEF  0x7009;     // Clock form external R,C
                     <      	P_TimerA_Data:  	.VDEF  0x700A;     // Data port for TimerA 
                     <      	P_TimerA_Ctrl:  	.VDEF  0x700B;     // Control Port for TimerA
                     <      	P_TimerB_Data:  	.VDEF  0x700C;     // Data port for TimerB
                     <      	P_TimerB_Ctrl:  	.VDEF  0x700D;     // Control Port for TimerB
                     <      	P_TimeBase_Setup:  	.VDEF  0x700E;     // TimerBase Freq. Set
                     <      	P_TimeBase_Clear:  	.VDEF  0x700F;   	// Reset Timerbase counter
                     <      	P_INT_Ctrl:     	.VDEF  0x7010;     // for read INT flag(R)
                     <      	P_INT_Clear:    	.VDEF  0x7011;     // Clear interrupt source
                     <      	P_Watchdog_Clear:   .VDEF  0x7012;     // Watchdog Reset
                     <      	P_SystemClock:      .VDEF  0x7013;     // Change system clock frequency(include go to standby mode)
                     <      	
                     <      	P_ADC: 	        	.VDEF  0x7014;     // Data Port for AD
                     <      	P_ADC_Ctrl:    		.VDEF  0x7015;     // Control Port for AD control
                     <      	P_ADC_Status:   	.VDEF  0x7015;     // AD Port Status
                     <      	P_DAC2:         	.VDEF  0x7016;     // Data Port for DAC2
                     <      	P_PWM:          	.VDEF  0x7016;     // Data Port for PWM
                     <      	P_DAC1:	        	.VDEF  0x7017;     // Data Port for DAC1
                     <      	P_DAC_Ctrl:	    	.VDEF  0x702A;		// Control Port for two DAC and audio output mode
                     <      	
                     <      	P_LVD_Ctrl:     	.VDEF  0x7019;     // Control Port for LVD
                     <      	
                     <      	P_SIO_Data:	    	.VDEF  0x701A;		// serial interface IO	
                     <      	P_SIO_Addr_Low:  	.VDEF  0x701B;		// Address Port low
                     <      	P_SIO_Addr_Mid:  	.VDEF  0x701C;		// Address Port middle
                     <      	P_SIO_Addr_High:    .VDEF  0x701D;		// Address Port high
                     <      	P_SIO_Ctrl:    	    .VDEF  0x701E;		// Control Port
                     <      	P_SIO_Start:    	.VDEF  0x701F;		// Start port for serial interface
                     <      	P_SIO_Stop:     	.VDEF  0x7020;		// Stop port for serial interface
                     <      	
                     <      	P_UART_Command1:    .VDEF 	0x7021;		// Command1 Port for UART
                     <      	P_UART_Command2:    .VDEF 	0x7022;		// Command2 Port for UART
                     <      	P_UART_Data: 	    .VDEF 	0x7023; 	// Data Port for UART
                     <      	P_UART_BaudScalarLow:  .VDEF  	0x7024;		// Set Baud Rate scalar low
                     <      	P_UART_BaudScalarHigh: .VDEF  	0x7025;		// Set Baud Rate scalar high
                     <      	
                     <      	//SPCE061A new ports
                     <      	//----------------------------------------------
                     <      	.if BODY_TYPE == SPCE061A
                     <      	P_ADC_MUX_Ctrl:  	.VDEF  	0x702B		// Control Port
                     <      	P_ADC_LINEIN_Data:  .VDEF  	0x702C		// Line in data
                     <      	P_INT_Mask:         .VDEF   0x702D		//R/W INT enable/disable
                     <      	P_Flash_Ctrl:       .VDEF   0x7555		//Internal flash access enable/disable
                     <      	.endif
                     <      	//----------------------------------------------
                     <      	
                     <      	//////////////////////////////////////////////////////////////////
                     <      	// Define Area for constants									
                     <      	//////////////////////////////////////////////////////////////////
                     <      	// Define for P_INT_Ctrl 
                     <      	.DEFINE C_IRQ6_TMB2             0x0001;     //TMB2 IRQ6
                     <      	.DEFINE C_IRQ6_TMB1             0x0002;		//TMB1 IRQ6
                     <      	.DEFINE C_IRQ5_2Hz              0x0004;     //2Hz IRQ5
                     <      	.DEFINE C_IRQ5_4Hz              0x0008;     //4Hz IRQ5
                     <      	.DEFINE C_IRQ4_1KHz            	0x0010;     //1024Hz IRQ4
                     <      	.DEFINE C_IRQ4_2KHz            	0x0020;     //2048 IRQ4
                     <      	.DEFINE C_IRQ4_4KHz            	0x0040;     //4096 IRQ4
                     <      	.DEFINE C_IRQ3_KEY         		0x0080;     //Key Change IRQ3
                     <      	.DEFINE C_IRQ3_Ext1             0x0100;     //Ext1 IRQ3
                     <      	.DEFINE C_IRQ3_Ext2             0x0200;     //Ext2 IRQ3
                     <      	.DEFINE C_IRQ2_TMB            	0x0400;     //Timer B IRQ2
                     <      	.DEFINE C_FIQ_TMB           	0x0800;     //Timer B FIQ
                     <      	.DEFINE C_IRQ1_TMA            	0x1000;     //Timer A IRQ1
                     <      	.DEFINE C_FIQ_TMA            	0x2000;     //Timer A FIQ
                     <      	.DEFINE C_IRQ0_PWM              0x4000;     //PWM IRQ0
                     <      	.DEFINE C_FIQ_PWM               0x8000;     //PWM FIQ
                     <      	
                     <      	// Define for P_TimerA_Ctrl, P_TimerB_Ctrl                               
                     <      	.DEFINE	C_Timer_Fosc_2			0x0000;		// b0--b2: clock of source A
                     <      	.DEFINE	C_Timer_Fosc_256		0x0001;		//
                     <      	.DEFINE	C_Timer_32768Hz			0x0002;		//
                     <      	.DEFINE	C_Timer_8192Hz			0x0003;		//
                     <      	.DEFINE	C_Timer_4096Hz			0x0004;		//
                     <      	.DEFINE	C_Timer_A1				0x0005;		//
                     <      	.DEFINE C_Timer_A0				0x0006;		//
                     <      	.DEFINE C_Timer_Ext1			0x0007;		//
                     <      	
                     <      	.DEFINE	C_Timer_2048Hz			0x0000;		//b3--b5: clock of source B
                     <      	.DEFINE	C_Timer_1024Hz			0x0008;		//
                     <      	.DEFINE	C_Timer_256Hz			0x0000;		//
                     <      	.DEFINE	C_Timer_TMB1			0x0018;		//
                     <      	.DEFINE	C_Timer_4Hz				0x0020;		//
                     <      	.DEFINE	C_Timer_2Hz				0x0028;		//
                     <      	.DEFINE	C_Timer_B1				0x0030;		//
                     <      	.DEFINE	C_Timer_Ext2			0x0038;		//
                     <      	
                     <      	.DEFINE	C_PWMO_Off				0x0000;		//b6--b9: output pulse
                     <      	.DEFINE C_PWMO_D1				0x0040;		//
                     <      	.DEFINE C_PWMO_D2				0x0080;		//
                     <      	.DEFINE C_PWMO_D3				0x00C0;		//
                     <      	.DEFINE C_PWMO_D4				0x0100;		//
                     <      	.DEFINE C_PWMO_D5				0x0140;		//
                     <      	.DEFINE C_PWMO_D6				0x0180;		//
                     <      	.DEFINE C_PWMO_D7				0x01C0;		//
                     <      	.DEFINE C_PWMO_D8				0x0200;		//
                     <      	.DEFINE C_PWMO_D9				0x0240;		//
                     <      	.DEFINE C_PWMO_D10				0x0280;		//
                     <      	.DEFINE C_PWMO_D11				0x02C0;		//
                     <      	.DEFINE C_PWMO_D12				0x0300;		//
                     <      	.DEFINE C_PWMO_D13				0x0340;		//
                     <      	.DEFINE C_PWMO_D14				0x0380;		//
                     <      	.DEFINE C_PWMO_Div_2			0x03C0;		// 
                     <      	
                     <      	
                     <      	// Define for P_SystemClock
                     <      	// SPCE 061 PLL
                     <      	//----------------------------------------------
                     <      	.if BODY_TYPE == SPCE061A
                     <      	.DEFINE C_Fosc_49M				0x0080			// b7..b5
                     <      	.DEFINE C_Fosc_41M				0x0060			//
                     <      	.DEFINE C_Fosc_33M				0x0040			//
                     <      	.DEFINE C_Fosc_20M				0x0020			// (default)
                     <      	.DEFINE C_Fosc_24M				0x0000			//
                     <      	.endif
                     <      	//----------------------------------------------
                     <      	.DEFINE C_Fosc					0x0000;		// b2..b0: frequency select 
                     <      	.DEFINE C_Fosc_Div_2			0x0001;		//
                     <      	.DEFINE C_Fosc_Div_4			0x0002;		//
                     <      	.DEFINE C_Fosc_Div_8			0x0003;		// (default)
                     <      	.DEFINE C_Fosc_Div_16			0x0004;		//
                     <      	.DEFINE C_Fosc_Div_32			0x0005;		//
                     <      	.DEFINE C_Fosc_Div_64			0x0006;		//
                     <      	.DEFINE C_Sleep					0x0007;		//
                     <      	
                     <      	.DEFINE	C_32K_Work				0x0010;		// b4 = 1: at sleep mode,32.768k still work 
                     <      	.DEFINE C_32K_Off				0x0000;		// b4 = 0: at sleep mode,32.768k off 
                     <      	.DEFINE C_StrongMode			0x0008;		// b3 = 1: force strong mode
                     <      	.DEFINE C_AutoWeakMode			0x0000;		// b3 = 0: auto weak mode(default) 
                     <      	
                     <      	.DEFINE	C_PLL_Freq_24M			0x0000		//b5..b7: PLL frequency select
                     <      	.DEFINE	C_PLL_Freq_20M			0x0020		//
                     <      	.DEFINE	C_PLL_Freq_32M			0x0040		//
                     <      	.DEFINE	C_PLL_Freq_40M			0x0060		//
                     <      	.DEFINE	C_PLL_Freq_49M			0x0080		//
                     <      	
                     <      	
                     <      	// Define for P_ADC_Ctrl
                     <      	//----------------------------------------------
                     <      	.if BODY_TYPE == SPCE061A
                     <      	.DEFINE	C_AD_Enable				0x0001;		//b0=1: enable A/D converter
                     <      	.DEFINE C_AD_Disable			0x0000;		//b0=0: disable A/D converter
                     <      	.DEFINE C_AD_Line_In			0x0002;		//b1=1: microphone disable
                     <      	.DEFINE C_AD_MIC_In				0x0000;		//b1=0: microphone enable
                     <      	.DEFINE C_AGC_Enable			0x0004;		//b2=1: enable AGC function
                     <      	.DEFINE C_AGC_Disable			0x0000;		//b2=0: disable AGC function
                     <      	.DEFINE C_AD_Sample	 			0x0004;		//b3=1: sample the analog signal(manual mode)
                     <      	.DEFINE C_AD_Hold				0x0000;		//b3=0: hold(manual mode)
                     <      	.DEFINE C_Auto_Mode	 			0x0010;		//b4=1: A/D auto mode
                     <      	.DEFINE C_Manual_Mode	 		0x0000;		//b4=0: A/D manual mode
                     <      	//b5: ADINI?
                     <      	.DEFINE C_DAC_Current_2mA		0x0040;		//b6=1: DAC current = 2mA @ vdd=3V(new option)
                     <      	.DEFINE C_DAC_Current_3mA		0x0000;		//b6=0: DAC current = 3mA @ vdd=3V(Default)
                     <      	.DEFINE C_AD_Vref_VDD			0x0080;		//b7=1: Vref is VDD
                     <      	.DEFINE C_AD_Vref_VRTPAD		0x0000;		//b7=0: Vref is from pin "VRTPAD"
                     <      	.DEFINE C_AD_COMP				0x4000;		//b14=1: output voltage of DAC0<Analog input signal
                     <      												//b14=0: output voltage of DAC0>Analog input signal
                     <      	.DEFINE C_AD_RDY				0x8000;		//b15=1: A/D digital data ready; 0: not ready
                     <      	.endif
                     <      	
                     <      	.if BODY_TYPE == SPCE500A
                     <      	.DEFINE	C_AD					0x0001 			//
                     <      	.DEFINE C_DA					0x0000 			//
                     <      	.DEFINE C_MIC					0x0000 			//
                     <      	.DEFINE C_LINE					0x0002 			//
                     <      	.endif
                     <      	//----------------------------------------------
                     <      	
                     <      	
                     <      	// Define for P_DAC_Ctrl
                     <      	//----------------------------------------------
                     <      	.if BODY_TYPE == SPCE061A
                     <      	.DEFINE	C_DAC1_Direct			0x0000;		// b8 b7: DAC1 latch
                     <      	.DEFINE C_DAC1_LatchA			0x0080;		// Latch data to DAC1 by TimerA 
                     <      	.DEFINE C_DAC1_LatchB			0x0100;		// Latch data to DAC1 by TimerB
                     <      	.DEFINE C_DAC1_LatchAB			0x0180;		// Latch data to DAC1 by TimerA or TimerB
                     <      	
                     <      	.DEFINE	C_DAC2_Direct			0x0000;		// b6 b5: DAC2 latch
                     <      	.DEFINE C_DAC2_LatchA			0x0020;		// Latch data to DAC2 by TimerA
                     <      	.DEFINE C_DAC2_LatchB			0x0040;		// Latch data to DAC2 by TimerB
                     <      	.DEFINE C_DAC2_LatchAB			0x0060;		// Latch data to DAC2 by TimerA or TimerB
                     <      	
                     <      	.DEFINE	C_ADC_Direct			0x0000;		// b4 b3: ADC latch
                     <      	.DEFINE C_ADC_LatchA			0x0008;		// Latch data to ADC by TimerA
                     <      	.DEFINE C_ADC_LatchB			0x0010;		// Latch data to ADC by TimerB
                     <      	.DEFINE C_ADC_LatchAB			0x0018;		// Latch data to ADC by TimerA or TimerB
                     <      	.endif
                     <      	
                     <      	.if BODY_TYPE == SPCE500A
                     <      	.DEFINE C_PushPull				0x0000 			// b0, (default) 
                     <      	.DEFINE C_DoubleEnd				0x0001 			// b0
                     <      	.DEFINE	C_DAC_Mode				0x0000 			// b1, (default)
                     <      	.DEFINE C_PWM_Mode				0x0002 			// b1
                     <      	
                     <      	.DEFINE	C_D1_Direct				0x0000 			// DAC1 latch
                     <      	.DEFINE C_D1_LatchA				0x0008 			// 
                     <      	.DEFINE C_D1_LatchB				0x0010 			//
                     <      	.DEFINE C_D1_LatchAB			0x0018 			//
                     <      	
                     <      	.DEFINE	C_D2_Direct				0x0000 			// DAC2 latch
                     <      	.DEFINE C_D2_LatchA				0x0020 			// 
                     <      	.DEFINE C_D2_LatchB				0x0040 			//
                     <      	.DEFINE C_D2_LatchAB			0x00C0 			//
                     <      	.endif
                     <      	//----------------------------------------------
                     <      	
                     <      	// Define for P_LVD_Ctrl
                     <      	//----------------------------------------------
                     <      	.if BODY_TYPE == SPCE061A
                     <      	.DEFINE C_LVD24V				0x0000;		// LVD = 2.4V; b1b0 
                     <      	.DEFINE C_LVD28V				0x0001;		// LVD = 2.8V
                     <      	.DEFINE C_LVD32V				0x0002;		// LVD = 3.2V
                     <      	.endif
                     <      	
                     <      	.if BODY_TYPE == SPCE500A
                     <      	.DEFINE C_LVD26V				0x0000 			// LVD = 2.6V 
                     <      	.DEFINE C_LVD30V				0x0001 			// LVD = 3.0V
                     <      	.DEFINE C_LVD36V				0x0002 			// LVD = 3.6V
                     <      	.DEFINE C_LVD40V				0x0003 			// LVD = 4.0V
                     <      	.endif
                     <      	
                     <      	.DEFINE C_LVD_Result			0x8000;		// b15 = 1: below the selected LVD level
                     <      	//----------------------------------------------
                     <      	
                     <      	
                     <      	// SPCE061 flash operation instruction definition
                     <      	//----------------------------------------------
                     <      	.if BODY_TYPE == SPCE061A
                     <      	.DEFINE C_EnableFlashAccess		0xAAAA;
                     <      	.DEFINE C_EraseFlashPage  		0x5511;
                     <      	.DEFINE C_ProgramFlash 	   		0x5533;
                     <      	.endif
                     <      	//----------------------------------------------
                     <      	
                     <      	
                     <      	
                     <      	//===============================================================
                     <      	// Sunplus APIs for SPCE 061A
                     <      	//===============================================================
                     <      	//////////////////////////////////////////////////
                     <      	// Note: This register will map to the P_INT_Ctrl
                     <      	//	(0x7010), The SACMvxx.lib use this register to
                     <      	//	combine with user's interrupt setting.
                     <      	//  In SPCE061, it is not necessary since the 
                     <      	//  P_INT_Mask(0x702D) already does this. It is for 
                     <      	//  compatibility to keep it here. 
                     <      	//////////////////////////////////////////////////
                     <      	//.EXTERNAL	R_InterruptStatus 
                     <      	
                     <      	//========================================================================================        
                     <      	// End of SPCE.inc
                     <      	//========================================================================================
                     <      	
                     <      	
                     <      	        
                            	.include a2000.inc
                     <      	//////////////////////////////////////////////////////////////////////////////////////////
                     <      	// Progarm: SACM-A2000 API external definition for sacmVxx.lib
                     <      	// Writen by: Andy
                     <      	// 	Date: 2000/06/20
                     <      	// 	Date: 2001/10/11 	Add Manual mode definition
                     <      	//////////////////////////////////////////////////////////////////////////////////////////
                     <      	
                     <      	.EXTERNAL F_SACM_A2000_Initial						// 
                     <      	.EXTERNAL F_SACM_A2000_ServiceLoop					// For Auto Mode only
                     <      	.EXTERNAL F_SACM_A2000_Play							// For Auto Mode only
                     <      	.EXTERNAL F_SACM_A2000_Stop							// 
                     <      	.EXTERNAL F_SACM_A2000_Stop_EX						// Keep Int. enable 
                     <      	.EXTERNAL F_SACM_A2000_Pause						// 
                     <      	.EXTERNAL F_SACM_A2000_Resume						// 
                     <      	.EXTERNAL F_SACM_A2000_Volume						// 
                     <      	.EXTERNAL F_SACM_A2000_Status						// 
                     <      	
                     <      	.EXTERNAL F_SACM_A2000_Bgd_Decode                   // For Manual Mode only
                     <      	.EXTERNAL F_SACM_A2000_InitDecoder					// For Manual Mode only
                     <      	.EXTERNAL F_SACM_A2000_Decoder						// For Manual Mode only
                     <      	.EXTERNAL F_SACM_A2000_InitQueue					// For Manual Mode only
                     <      	.EXTERNAL F_SACM_A2000_FillQueue					// For Manual Mode only
                     <      	.EXTERNAL F_SACM_A2000_TestQueue					// For Manual Mode only
                     <      	
                     <      	.EXTERNAL F_FIQ_Service_SACM_A2000					// ISR service routine
                     <      	.EXTERNAL F_ISR_Service_SACM_A2000					// Alias for ISR service routine
                     <      	
                     <      	.EXTERNAL F_SACM_A2000_ServiceLoop_ISR              // Background Service loop 
                     <      	//========================================================================================        
                     <      	// End of a2000.inc
                     <      	//========================================================================================
                     <      	        
                            	
                            	//.define F_SACM_A2000_ServiceLoop_ISR 0x89e5
                            	.public _FIQ
                            	
                            	
                            	// 
                            	F_Get_Resource:   
                            	                
                            	_FIQ:		
00008791 A8 DA              	        push r1,r5 to [sp];
                            			
00008792 09 93 00 20        			r1 = C_FIQ_TMA;						// 
00008794 11 C3 10 70        			test r1,[P_INT_Ctrl];				//
00008796 0B 4E              			jne	L_FIQ_TimerA;						// Timer A FIQ entrence 
00008797 09 93 00 08        			r1 = C_FIQ_TMB;						//
00008799 11 C3 10 70        			test r1,[P_INT_Ctrl];				//
0000879B 11 4E              			jne L_FIQ_TimerB;						// Timer B FIQ entrence	
                            		
                            	L_FIQ_PWM:										// PWM FIQ entrence
                            			//------------------------------------------------------------------
                            			// hook PWM FIQ subroutine here and define it to be external
                            			//------------------------------------------------------------------
                            			
0000879C 09 93 00 80        			r1 = C_FIQ_PWM;
0000879E 19 D3 11 70        	        [P_INT_Clear] = r1;
000087A0 A8 90              			pop r1,r5 from [sp];
000087A1 98 9A              	        reti;
                            			
                            	L_FIQ_TimerA:	
                            			//------------------------------------------------------------------		
                            			// hook Timer A FIQ subroutine here and define it to be external
000087A2 40 F0 E8 8D        			CALL	F_FIQ_Service_SACM_A2000		// SACM-A2000 Timer A FIQ service
                            			//------------------------------------------------------------------
                            		
                            	   
000087A4 09 93 AD 8A        	        R1 = F_SACM_A2000_ServiceLoop_ISR;  // background service loop 
                            	                                     
000087A6 88 D2              	        push R1 to [SP];
000087A7 88 DC              	        push SR to [SP];
                            	        
000087A8 09 93 00 20        	        R1 = C_FIQ_TMA
000087AA 19 D3 11 70        	        [P_INT_Clear] = R1         
000087AC 98 9A              		   	reti
                            	        
                            	L_FIQ_TimerB:   
000087AD 19 D3 11 70        			[P_INT_Clear] = r1;
                            			//------------------------------------------------------------------
                            			// hook Timer B FIQ subroutine here and define it to be external
                            			//------------------------------------------------------------------
                            			//r1 = C_FIQ_TimerB;
                            	        //[P_INT_Clear] = r1;
000087AF A8 90              			pop r1,r5 from [sp];
000087B0 98 9A              	        reti;          
                            	//===================================================================================
                            	//函数：IRQ5（）
                            	//语法：void IRQ5(void)
                            	//描述：利用2Hz中断定时1秒，1秒钟采样一次温度值
                            	//参数：无
                            	//返回：无
                            	//===================================================================================
                            	
                            	      
                            	.PUBLIC  _IRQ6;
                            	_IRQ6:
000087B1 A0 D8              		PUSH r1,r4 to [sp];
000087B2 41 92              		r1 = 0x0001;
000087B3 11 C3 10 70        		TEST r1,[P_INT_Ctrl];
000087B5 0F 4E              		JNZ  _IRQ6_TMB2;
000087B6 42 92              		r1=0x0002;
000087B7 19 D3 11 70        		[P_INT_Clear]=r1;	
000087B9 41 92              		r1 = 0x0001;
000087BA 19 D3 12 70        		[P_Watchdog_Clear] = r1
                            		
000087BC 11 93 38 03        	    r1 = [_gra_No]
000087BE 43 42              	    cmp r1,3;
000087BF 09 5E              	    je l;
000087C0 41 02              	    r1 += 1;    
000087C1 19 D3 38 03        	    [_gra_No] = r1  
000087C3 A0 90              		POP r1,r4 FROM [sp];
000087C4 98 9A              	    RETI;         
                            	_IRQ6_TMB2:   
000087C5 19 D3 11 70        		[P_INT_Clear]=r1;
                            			
                            	exit:		
000087C7 A0 90              		POP r1,r4 FROM [sp];
000087C8 98 9A              	    RETI;   
                            	  l:
000087C9 40 92              	     r1 = 0
000087CA 19 D3 38 03        	     [_gra_No] = r1 
000087CC 46 EE              	     jmp exit
0 error(s), 0 warning(s).

