Sunplus u'nSP Assembler - Ver. 1.4.1 (Build:0)

                            	// GCC for SUNPLUS u'nSP version 1.0.8
                            	// Command: E:\PROGRA~1\Sunplus\UNSPID~1\IDE162\cc1.exe C:\DOCUME~1\ÁõÐÂÑÕ\LOCALS~1\Temp\cc0Eaaaa.i -fkeep-inline-functions -quiet -dumpbase keyfind.c -gstabs -o .\Debug/keyfind.asm
                            	// gcc2_compiled.:
                            	
00000000                    	.code
                            	Ltext0:
00000000                    	.debug
00000000 2E 00 73 00        		.dw '.stabs "int:t1=r1;-32768;32767;",128,0,0,0',0x0d,0x0a
         74 00 61 00
         62 00 73 00
         20 00 22 00
         69 00 6E 00
         74 00 3A 00
         74 00 31 00
         3D 00 72 00
         31 00 3B 00
         2D 00 33 00
         32 00 37 00
         36 00 38 00
         3B 00 33 00
         32 00 37 00
         36 00 37 00
         3B 00 22 00
         2C 00 31 00
         32 00 38 00
         2C 00 30 00
         2C 00 30 00
         2C 00 30 00
         0D 00 0A 00
00000000                    	.CODE
0000002C                    	.debug
0000002C 2E 00 73 00        		.dw '.stabs "char:t2=r2;0;127;",128,0,0,0',0x0d,0x0a
         74 00 61 00
         62 00 73 00
         20 00 22 00
         63 00 68 00
         61 00 72 00
         3A 00 74 00
         32 00 3D 00
         72 00 32 00
         3B 00 30 00
         3B 00 31 00
         32 00 37 00
         3B 00 22 00
         2C 00 31 00
         32 00 38 00
         2C 00 30 00
         2C 00 30 00
         2C 00 30 00
         0D 00 0A 00
00000000                    	.CODE
00000052                    	.debug
00000052 2E 00 73 00        		.dw '.stabs "long int:t3=r3;-2147483648;2147483647;",128,0,0,0',0x0d,0x0a
         74 00 61 00
         62 00 73 00
         20 00 22 00
         6C 00 6F 00
         6E 00 67 00
         20 00 69 00
         6E 00 74 00
         3A 00 74 00
         33 00 3D 00
         72 00 33 00
         3B 00 2D 00
         32 00 31 00
         34 00 37 00
         34 00 38 00
         33 00 36 00
         34 00 38 00
         3B 00 32 00
         31 00 34 00
         37 00 34 00
         38 00 33 00
         36 00 34 00
         37 00 3B 00
         22 00 2C 00
         31 00 32 00
         38 00 2C 00
         30 00 2C 00
         30 00 2C 00
         30 00 0D 00
         0A 00      
00000000                    	.CODE
0000008D                    	.debug
0000008D 2E 00 73 00        		.dw '.stabs "unsigned int:t4=r4;0;65535;",128,0,0,0',0x0d,0x0a
         74 00 61 00
         62 00 73 00
         20 00 22 00
         75 00 6E 00
         73 00 69 00
         67 00 6E 00
         65 00 64 00
         20 00 69 00
         6E 00 74 00
         3A 00 74 00
         34 00 3D 00
         72 00 34 00
         3B 00 30 00
         3B 00 36 00
         35 00 35 00
         33 00 35 00
         3B 00 22 00
         2C 00 31 00
         32 00 38 00
         2C 00 30 00
         2C 00 30 00
         2C 00 30 00
         0D 00 0A 00
00000000                    	.CODE
000000BD                    	.debug
000000BD 2E 00 73 00        		.dw '.stabs "long unsigned int:t5=r5;0;4294967295;",128,0,0,0',0x0d,0x0a
         74 00 61 00
         62 00 73 00
         20 00 22 00
         6C 00 6F 00
         6E 00 67 00
         20 00 75 00
         6E 00 73 00
         69 00 67 00
         6E 00 65 00
         64 00 20 00
         69 00 6E 00
         74 00 3A 00
         74 00 35 00
         3D 00 72 00
         35 00 3B 00
         30 00 3B 00
         34 00 32 00
         39 00 34 00
         39 00 36 00
         37 00 32 00
         39 00 35 00
         3B 00 22 00
         2C 00 31 00
         32 00 38 00
         2C 00 30 00
         2C 00 30 00
         2C 00 30 00
         0D 00 0A 00
00000000                    	.CODE
000000F7                    	.debug
000000F7 2E 00 73 00        		.dw '.stabs "long long int:t6=r6;-2147483648;2147483647;",128,0,0,0',0x0d,0x0a
         74 00 61 00
         62 00 73 00
         20 00 22 00
         6C 00 6F 00
         6E 00 67 00
         20 00 6C 00
         6F 00 6E 00
         67 00 20 00
         69 00 6E 00
         74 00 3A 00
         74 00 36 00
         3D 00 72 00
         36 00 3B 00
         2D 00 32 00
         31 00 34 00
         37 00 34 00
         38 00 33 00
         36 00 34 00
         38 00 3B 00
         32 00 31 00
         34 00 37 00
         34 00 38 00
         33 00 36 00
         34 00 37 00
         3B 00 22 00
         2C 00 31 00
         32 00 38 00
         2C 00 30 00
         2C 00 30 00
         2C 00 30 00
         0D 00 0A 00
00000000                    	.CODE
00000137                    	.debug
00000137 2E 00 73 00        		.dw '.stabs "long long unsigned int:t7=r7;0;4294967295;",128,0,0,0',0x0d,0x0a
         74 00 61 00
         62 00 73 00
         20 00 22 00
         6C 00 6F 00
         6E 00 67 00
         20 00 6C 00
         6F 00 6E 00
         67 00 20 00
         75 00 6E 00
         73 00 69 00
         67 00 6E 00
         65 00 64 00
         20 00 69 00
         6E 00 74 00
         3A 00 74 00
         37 00 3D 00
         72 00 37 00
         3B 00 30 00
         3B 00 34 00
         32 00 39 00
         34 00 39 00
         36 00 37 00
         32 00 39 00
         35 00 3B 00
         22 00 2C 00
         31 00 32 00
         38 00 2C 00
         30 00 2C 00
         30 00 2C 00
         30 00 0D 00
         0A 00      
00000000                    	.CODE
00000176                    	.debug
00000176 2E 00 73 00        		.dw '.stabs "short int:t8=r8;-32768;32767;",128,0,0,0',0x0d,0x0a
         74 00 61 00
         62 00 73 00
         20 00 22 00
         73 00 68 00
         6F 00 72 00
         74 00 20 00
         69 00 6E 00
         74 00 3A 00
         74 00 38 00
         3D 00 72 00
         38 00 3B 00
         2D 00 33 00
         32 00 37 00
         36 00 38 00
         3B 00 33 00
         32 00 37 00
         36 00 37 00
         3B 00 22 00
         2C 00 31 00
         32 00 38 00
         2C 00 30 00
         2C 00 30 00
         2C 00 30 00
         0D 00 0A 00
00000000                    	.CODE
000001A8                    	.debug
000001A8 2E 00 73 00        		.dw '.stabs "short unsigned int:t9=r9;0;65535;",128,0,0,0',0x0d,0x0a
         74 00 61 00
         62 00 73 00
         20 00 22 00
         73 00 68 00
         6F 00 72 00
         74 00 20 00
         75 00 6E 00
         73 00 69 00
         67 00 6E 00
         65 00 64 00
         20 00 69 00
         6E 00 74 00
         3A 00 74 00
         39 00 3D 00
         72 00 39 00
         3B 00 30 00
         3B 00 36 00
         35 00 35 00
         33 00 35 00
         3B 00 22 00
         2C 00 31 00
         32 00 38 00
         2C 00 30 00
         2C 00 30 00
         2C 00 30 00
         0D 00 0A 00
00000000                    	.CODE
000001DE                    	.debug
000001DE 2E 00 73 00        		.dw '.stabs "signed char:t10=r10;-32768;32767;",128,0,0,0',0x0d,0x0a
         74 00 61 00
         62 00 73 00
         20 00 22 00
         73 00 69 00
         67 00 6E 00
         65 00 64 00
         20 00 63 00
         68 00 61 00
         72 00 3A 00
         74 00 31 00
         30 00 3D 00
         72 00 31 00
         30 00 3B 00
         2D 00 33 00
         32 00 37 00
         36 00 38 00
         3B 00 33 00
         32 00 37 00
         36 00 37 00
         3B 00 22 00
         2C 00 31 00
         32 00 38 00
         2C 00 30 00
         2C 00 30 00
         2C 00 30 00
         0D 00 0A 00
00000000                    	.CODE
00000214                    	.debug
00000214 2E 00 73 00        		.dw '.stabs "unsigned char:t11=r11;0;65535;",128,0,0,0',0x0d,0x0a
         74 00 61 00
         62 00 73 00
         20 00 22 00
         75 00 6E 00
         73 00 69 00
         67 00 6E 00
         65 00 64 00
         20 00 63 00
         68 00 61 00
         72 00 3A 00
         74 00 31 00
         31 00 3D 00
         72 00 31 00
         31 00 3B 00
         30 00 3B 00
         36 00 35 00
         35 00 33 00
         35 00 3B 00
         22 00 2C 00
         31 00 32 00
         38 00 2C 00
         30 00 2C 00
         30 00 2C 00
         30 00 0D 00
         0A 00      
00000000                    	.CODE
00000247                    	.debug
00000247 2E 00 73 00        		.dw '.stabs "float:t12=r1;2;0;",128,0,0,0',0x0d,0x0a
         74 00 61 00
         62 00 73 00
         20 00 22 00
         66 00 6C 00
         6F 00 61 00
         74 00 3A 00
         74 00 31 00
         32 00 3D 00
         72 00 31 00
         3B 00 32 00
         3B 00 30 00
         3B 00 22 00
         2C 00 31 00
         32 00 38 00
         2C 00 30 00
         2C 00 30 00
         2C 00 30 00
         0D 00 0A 00
00000000                    	.CODE
0000026D                    	.debug
0000026D 2E 00 73 00        		.dw '.stabs "double:t13=r1;2;0;",128,0,0,0',0x0d,0x0a
         74 00 61 00
         62 00 73 00
         20 00 22 00
         64 00 6F 00
         75 00 62 00
         6C 00 65 00
         3A 00 74 00
         31 00 33 00
         3D 00 72 00
         31 00 3B 00
         32 00 3B 00
         30 00 3B 00
         22 00 2C 00
         31 00 32 00
         38 00 2C 00
         30 00 2C 00
         30 00 2C 00
         30 00 0D 00
         0A 00      
00000000                    	.CODE
00000294                    	.debug
00000294 2E 00 73 00        		.dw '.stabs "long double:t14=r1;2;0;",128,0,0,0',0x0d,0x0a
         74 00 61 00
         62 00 73 00
         20 00 22 00
         6C 00 6F 00
         6E 00 67 00
         20 00 64 00
         6F 00 75 00
         62 00 6C 00
         65 00 3A 00
         74 00 31 00
         34 00 3D 00
         72 00 31 00
         3B 00 32 00
         3B 00 30 00
         3B 00 22 00
         2C 00 31 00
         32 00 38 00
         2C 00 30 00
         2C 00 30 00
         2C 00 30 00
         0D 00 0A 00
00000000                    	.CODE
000002C0                    	.debug
000002C0 2E 00 73 00        		.dw '.stabs "complex int:t15=s2real:1,0,16;imag:1,16,16;;",128,0,0,0',0x0d,0x0a
         74 00 61 00
         62 00 73 00
         20 00 22 00
         63 00 6F 00
         6D 00 70 00
         6C 00 65 00
         78 00 20 00
         69 00 6E 00
         74 00 3A 00
         74 00 31 00
         35 00 3D 00
         73 00 32 00
         72 00 65 00
         61 00 6C 00
         3A 00 31 00
         2C 00 30 00
         2C 00 31 00
         36 00 3B 00
         69 00 6D 00
         61 00 67 00
         3A 00 31 00
         2C 00 31 00
         36 00 2C 00
         31 00 36 00
         3B 00 3B 00
         22 00 2C 00
         31 00 32 00
         38 00 2C 00
         30 00 2C 00
         30 00 2C 00
         30 00 0D 00
         0A 00      
00000000                    	.CODE
00000301                    	.debug
00000301 2E 00 73 00        		.dw '.stabs "complex float:t16=r16;2;0;",128,0,0,0',0x0d,0x0a
         74 00 61 00
         62 00 73 00
         20 00 22 00
         63 00 6F 00
         6D 00 70 00
         6C 00 65 00
         78 00 20 00
         66 00 6C 00
         6F 00 61 00
         74 00 3A 00
         74 00 31 00
         36 00 3D 00
         72 00 31 00
         36 00 3B 00
         32 00 3B 00
         30 00 3B 00
         22 00 2C 00
         31 00 32 00
         38 00 2C 00
         30 00 2C 00
         30 00 2C 00
         30 00 0D 00
         0A 00      
00000000                    	.CODE
00000330                    	.debug
00000330 2E 00 73 00        		.dw '.stabs "complex double:t17=r17;2;0;",128,0,0,0',0x0d,0x0a
         74 00 61 00
         62 00 73 00
         20 00 22 00
         63 00 6F 00
         6D 00 70 00
         6C 00 65 00
         78 00 20 00
         64 00 6F 00
         75 00 62 00
         6C 00 65 00
         3A 00 74 00
         31 00 37 00
         3D 00 72 00
         31 00 37 00
         3B 00 32 00
         3B 00 30 00
         3B 00 22 00
         2C 00 31 00
         32 00 38 00
         2C 00 30 00
         2C 00 30 00
         2C 00 30 00
         0D 00 0A 00
00000000                    	.CODE
00000360                    	.debug
00000360 2E 00 73 00        		.dw '.stabs "complex long double:t18=r18;2;0;",128,0,0,0',0x0d,0x0a
         74 00 61 00
         62 00 73 00
         20 00 22 00
         63 00 6F 00
         6D 00 70 00
         6C 00 65 00
         78 00 20 00
         6C 00 6F 00
         6E 00 67 00
         20 00 64 00
         6F 00 75 00
         62 00 6C 00
         65 00 3A 00
         74 00 31 00
         38 00 3D 00
         72 00 31 00
         38 00 3B 00
         32 00 3B 00
         30 00 3B 00
         22 00 2C 00
         31 00 32 00
         38 00 2C 00
         30 00 2C 00
         30 00 2C 00
         30 00 0D 00
         0A 00      
00000000                    	.CODE
00000395                    	.debug
00000395 2E 00 73 00        		.dw '.stabs "void:t19=19",128,0,0,0',0x0d,0x0a
         74 00 61 00
         62 00 73 00
         20 00 22 00
         76 00 6F 00
         69 00 64 00
         3A 00 74 00
         31 00 39 00
         3D 00 31 00
         39 00 22 00
         2C 00 31 00
         32 00 38 00
         2C 00 30 00
         2C 00 30 00
         2C 00 30 00
         0D 00 0A 00
00000000                    	.CODE
00000000                    	.code
000003B5                    	.debug
000003B5 2E 00 73 00        		.dw '.stabs "keyfind:F19",36,0,0,',0,0,offset _keyfind,seg _keyfind,0x0d,0x0a
         74 00 61 00
         62 00 73 00
         20 00 22 00
         6B 00 65 00
         79 00 66 00
         69 00 6E 00
         64 00 3A 00
         46 00 31 00
         39 00 22 00
         2C 00 33 00
         36 00 2C 00
         30 00 2C 00
         30 00 2C 00
         00 00 00 00
         00 00 00 00
         0D 00 0A 00
00000000                    	.CODE
                            	.public _keyfind
                            	_keyfind:	.proc
000003D7                    	.debug
000003D7 2E 00 73 00        		.dw '.stabn 0x44,0,3,',0,0
         74 00 61 00
         62 00 6E 00
         20 00 30 00
         78 00 34 00
         34 00 2C 00
         30 00 2C 00
         33 00 2C 00
         00 00 00 00
000003E9 00 00 00 00        		.dd LM1-_keyfind
000003EB 0D 00 0A 00        		.dw 0x0d,0x0a
00000000                    	.code
                            	LM1:
                            		// total=3, vars=3
                            		// frame_pointer_needed: 1
00000000 88 DA              		push bp to [sp]
00000001 43 20              		sp-=3
00000002 08 0B 01 00        		bp=sp+1
                            	
00000004 0D 03 06 00        		R1=BP+6
00000006 02 D2              		[bp+2]=R1	// QImode move
000003ED                    	.debug
000003ED 2E 00 73 00        		.dw '.stabn 0x44,0,4,',0,0
         74 00 61 00
         62 00 6E 00
         20 00 30 00
         78 00 34 00
         34 00 2C 00
         30 00 2C 00
         34 00 2C 00
         00 00 00 00
000003FF 07 00 00 00        		.dd LM2-_keyfind
00000401 0D 00 0A 00        		.dw 0x0d,0x0a
00000007                    	.code
                            	LM2:
                            	LBB2:
00000007 40 92              		R1=0	// QImode move
00000008 C5 D2              		[BP]=R1	// QImode move
00000403                    	.debug
00000403 2E 00 73 00        		.dw '.stabn 0x44,0,6,',0,0
         74 00 61 00
         62 00 6E 00
         20 00 30 00
         78 00 34 00
         34 00 2C 00
         30 00 2C 00
         36 00 2C 00
         00 00 00 00
00000415 09 00 00 00        		.dd LM3-_keyfind
00000417 0D 00 0A 00        		.dw 0x0d,0x0a
00000009                    	.code
                            	LM3:
00000009 40 F0 00 00        		call _key_asm	// call with return value
0000000B C5 D2              		[BP]=R1	// QImode move
00000419                    	.debug
00000419 2E 00 73 00        		.dw '.stabn 0x44,0,7,',0,0
         74 00 61 00
         62 00 6E 00
         20 00 30 00
         78 00 34 00
         34 00 2C 00
         30 00 2C 00
         37 00 2C 00
         00 00 00 00
0000042B 0C 00 00 00        		.dd LM4-_keyfind
0000042D 0D 00 0A 00        		.dw 0x0d,0x0a
0000000C                    	.code
                            	LM4:
0000000C 40 F0 00 00        		call _key_asm1	// call with return value
0000000E 05 95              		R2=BP	// QImode move
0000000F 0D 07 01 00        		R3=BP+1
00000011 03 95              		R2=R3	// QImode move
00000012 C2 D2              		[R2]=R1	// QImode move
0000042F                    	.debug
0000042F 2E 00 73 00        		.dw '.stabn 0x44,0,8,',0,0
         74 00 61 00
         62 00 6E 00
         20 00 30 00
         78 00 34 00
         34 00 2C 00
         30 00 2C 00
         38 00 2C 00
         00 00 00 00
00000441 13 00 00 00        		.dd LM5-_keyfind
00000443 0D 00 0A 00        		.dw 0x0d,0x0a
00000013                    	.code
                            	LM5:
00000013 4F 92              		R1=15	// QImode move
00000014 19 D3 00 00        		[_value]=R1	// QImode move
00000445                    	.debug
00000445 2E 00 73 00        		.dw '.stabn 0x44,0,9,',0,0
         74 00 61 00
         62 00 6E 00
         20 00 30 00
         78 00 34 00
         34 00 2C 00
         30 00 2C 00
         39 00 2C 00
         00 00 00 00
00000457 16 00 00 00        		.dd LM6-_keyfind
00000459 0D 00 0A 00        		.dw 0x0d,0x0a
00000016                    	.code
                            	LM6:
00000016 C5 92              		R1=[BP]	// QImode move
00000017 11 B5 00 00        		R2=R1&[_value]
00000019 C5 D4              		[BP]=R2	// QImode move
0000045B                    	.debug
0000045B 2E 00 73 00        		.dw '.stabn 0x44,0,10,',0,0
         74 00 61 00
         62 00 6E 00
         20 00 30 00
         78 00 34 00
         34 00 2C 00
         30 00 2C 00
         31 00 30 00
         2C 00 00 00
         00 00      
0000046E 1A 00 00 00        		.dd LM7-_keyfind
00000470 0D 00 0A 00        		.dw 0x0d,0x0a
0000001A                    	.code
                            	LM7:
0000001A 09 93 F0 00        		R1=240	// QImode move
0000001C 19 D3 00 00        		[_value]=R1	// QImode move
00000472                    	.debug
00000472 2E 00 73 00        		.dw '.stabn 0x44,0,11,',0,0
         74 00 61 00
         62 00 6E 00
         20 00 30 00
         78 00 34 00
         34 00 2C 00
         30 00 2C 00
         31 00 31 00
         2C 00 00 00
         00 00      
00000485 1E 00 00 00        		.dd LM8-_keyfind
00000487 0D 00 0A 00        		.dw 0x0d,0x0a
0000001E                    	.code
                            	LM8:
0000001E 05 95              		R2=BP	// QImode move
0000001F 0D 03 01 00        		R1=BP+1
00000021 05 97              		R3=BP	// QImode move
00000022 0D 05 01 00        		R2=BP+1
00000024 14 99 00 00        		R4=[_value]	// QImode move
00000026 04 97              		R3=R4	// QImode move
00000027 02 99              		R4=R2	// QImode move
00000028 C4 B6              		R3&=[R4]	// andqi3_r0R
00000029 01 95              		R2=R1	// QImode move
0000002A C2 D6              		[R2]=R3	// QImode move
00000489                    	.debug
00000489 2E 00 73 00        		.dw '.stabn 0x44,0,12,',0,0
         74 00 61 00
         62 00 6E 00
         20 00 30 00
         78 00 34 00
         34 00 2C 00
         30 00 2C 00
         31 00 32 00
         2C 00 00 00
         00 00      
0000049C 2B 00 00 00        		.dd LM9-_keyfind
0000049E 0D 00 0A 00        		.dw 0x0d,0x0a
0000002B                    	.code
                            	LM9:
0000002B 05 95              		R2=BP	// QImode move
0000002C 0D 03 01 00        		R1=BP+1
0000002E C5 96              		R3=[BP]	// QImode move
0000002F 03 95              		R2=R3	// QImode move
00000030 01 97              		R3=R1	// QImode move
00000031 C3 A4              		R2|=[R3]	// iorqi3_r0R
00000032 C5 D4              		[BP]=R2	// QImode move
000004A0                    	.debug
000004A0 2E 00 73 00        		.dw '.stabn 0x44,0,13,',0,0
         74 00 61 00
         62 00 6E 00
         20 00 30 00
         78 00 34 00
         34 00 2C 00
         30 00 2C 00
         31 00 33 00
         2C 00 00 00
         00 00      
000004B3 33 00 00 00        		.dd LM10-_keyfind
000004B5 0D 00 0A 00        		.dw 0x0d,0x0a
00000033                    	.code
                            	LM10:
00000033 09 93 FF 00        		R1=255	// QImode move
00000035 19 D3 00 00        		[_value]=R1	// QImode move
000004B7                    	.debug
000004B7 2E 00 73 00        		.dw '.stabn 0x44,0,14,',0,0
         74 00 61 00
         62 00 6E 00
         20 00 30 00
         78 00 34 00
         34 00 2C 00
         30 00 2C 00
         31 00 34 00
         2C 00 00 00
         00 00      
000004CA 37 00 00 00        		.dd LM11-_keyfind
000004CC 0D 00 0A 00        		.dw 0x0d,0x0a
00000037                    	.code
                            	LM11:
00000037 C5 92              		R1=[BP]	// QImode move
00000038 11 85 00 00        		R2=R1^[_value]
0000003A C5 D4              		[BP]=R2	// QImode move
000004CE                    	.debug
000004CE 2E 00 73 00        		.dw '.stabn 0x44,0,15,',0,0
         74 00 61 00
         62 00 6E 00
         20 00 30 00
         78 00 34 00
         34 00 2C 00
         30 00 2C 00
         31 00 35 00
         2C 00 00 00
         00 00      
000004E1 3B 00 00 00        		.dd LM12-_keyfind
000004E3 0D 00 0A 00        		.dw 0x0d,0x0a
0000003B                    	.code
                            	LM12:
0000003B C5 92              		R1=[BP]	// QImode move
0000003C 09 43 BE 00        		CMP R1,190	// QImode compare
0000003E 02 4E              		JNZ L30	// QImode EQ
0000003F 0F 9F CF 00        		PC=L7
                            	L30:
00000041 09 43 BE 00        		CMP R1,190	// QImode compare
00000043 02 AE              		JNG L31	// QImode GT
00000044 0F 9F 84 00        		PC=L23
                            	L31:
00000046 09 43 7D 00        		CMP R1,125	// QImode compare
00000048 02 4E              		JNZ L32	// QImode EQ
00000049 0F 9F E8 00        		PC=L12
                            	L32:
0000004B 09 43 7D 00        		CMP R1,125	// QImode compare
0000004D 02 AE              		JNG L33	// QImode GT
0000004E 0F 9F 67 00        		PC=L24
                            	L33:
00000050 09 43 77 00        		CMP R1,119	// QImode compare
00000052 02 4E              		JNZ L34	// QImode EQ
00000053 0F 9F 10 01        		PC=L20
                            	L34:
00000055 09 43 77 00        		CMP R1,119	// QImode compare
00000057 02 AE              		JNG L35	// QImode GT
00000058 0F 9F 60 00        		PC=L25
                            	L35:
0000005A 40 42              		CMP R1,0	// QImode test
0000005B 02 4E              		JNZ L36	// QImode EQ
0000005C 0F 9F C3 00        		PC=L4
                            	L36:
0000005E 0F 9F 17 01        		pc=L3	// Indirect jump
                            	L25:
00000060 09 43 7B 00        		CMP R1,123	// QImode compare
00000062 02 4E              		JNZ L37	// QImode EQ
00000063 0F 9F FC 00        		PC=L16
                            	L37:
00000065 0F 9F 17 01        		pc=L3	// Indirect jump
                            	L24:
00000067 09 43 B7 00        		CMP R1,183	// QImode compare
00000069 02 4E              		JNZ L38	// QImode EQ
0000006A 0F 9F 0B 01        		PC=L19
                            	L38:
0000006C 09 43 B7 00        		CMP R1,183	// QImode compare
0000006E 02 AE              		JNG L39	// QImode GT
0000006F 0F 9F 78 00        		PC=L26
                            	L39:
00000071 09 43 7E 00        		CMP R1,126	// QImode compare
00000073 02 4E              		JNZ L40	// QImode EQ
00000074 0F 9F D4 00        		PC=L8
                            	L40:
00000076 0F 9F 17 01        		pc=L3	// Indirect jump
                            	L26:
00000078 09 43 BB 00        		CMP R1,187	// QImode compare
0000007A 02 4E              		JNZ L41	// QImode EQ
0000007B 0F 9F F7 00        		PC=L15
                            	L41:
0000007D 09 43 BD 00        		CMP R1,189	// QImode compare
0000007F 02 4E              		JNZ L42	// QImode EQ
00000080 0F 9F E3 00        		PC=L11
                            	L42:
00000082 0F 9F 17 01        		pc=L3	// Indirect jump
                            	L23:
00000084 09 43 DE 00        		CMP R1,222	// QImode compare
00000086 02 4E              		JNZ L43	// QImode EQ
00000087 0F 9F CA 00        		PC=L6
                            	L43:
00000089 09 43 DE 00        		CMP R1,222	// QImode compare
0000008B 02 AE              		JNG L44	// QImode GT
0000008C 0F 9F A6 00        		PC=L27
                            	L44:
0000008E 09 43 DB 00        		CMP R1,219	// QImode compare
00000090 02 4E              		JNZ L45	// QImode EQ
00000091 0F 9F F2 00        		PC=L14
                            	L45:
00000093 09 43 DB 00        		CMP R1,219	// QImode compare
00000095 02 AE              		JNG L46	// QImode GT
00000096 0F 9F 9F 00        		PC=L28
                            	L46:
00000098 09 43 D7 00        		CMP R1,215	// QImode compare
0000009A 02 4E              		JNZ L47	// QImode EQ
0000009B 0F 9F 06 01        		PC=L18
                            	L47:
0000009D 0F 9F 17 01        		pc=L3	// Indirect jump
                            	L28:
0000009F 09 43 DD 00        		CMP R1,221	// QImode compare
000000A1 02 4E              		JNZ L48	// QImode EQ
000000A2 0F 9F DE 00        		PC=L10
                            	L48:
000000A4 0F 9F 17 01        		pc=L3	// Indirect jump
                            	L27:
000000A6 09 43 EB 00        		CMP R1,235	// QImode compare
000000A8 02 4E              		JNZ L49	// QImode EQ
000000A9 0F 9F ED 00        		PC=L13
                            	L49:
000000AB 09 43 EB 00        		CMP R1,235	// QImode compare
000000AD 02 AE              		JNG L50	// QImode GT
000000AE 0F 9F B7 00        		PC=L29
                            	L50:
000000B0 09 43 E7 00        		CMP R1,231	// QImode compare
000000B2 02 4E              		JNZ L51	// QImode EQ
000000B3 0F 9F 01 01        		PC=L17
                            	L51:
000000B5 0F 9F 17 01        		pc=L3	// Indirect jump
                            	L29:
000000B7 09 43 ED 00        		CMP R1,237	// QImode compare
000000B9 02 4E              		JNZ L52	// QImode EQ
000000BA 0F 9F D9 00        		PC=L9
                            	L52:
000000BC 09 43 EE 00        		CMP R1,238	// QImode compare
000000BE 02 4E              		JNZ L53	// QImode EQ
000000BF 0F 9F C5 00        		PC=L5
                            	L53:
000000C1 0F 9F 17 01        		pc=L3	// Indirect jump
                            	L4:
000004E5                    	.debug
000004E5 2E 00 73 00        		.dw '.stabn 0x44,0,18,',0,0
         74 00 61 00
         62 00 6E 00
         20 00 30 00
         78 00 34 00
         34 00 2C 00
         30 00 2C 00
         31 00 38 00
         2C 00 00 00
         00 00      
000004F8 C3 00 00 00        		.dd LM13-_keyfind
000004FA 0D 00 0A 00        		.dw 0x0d,0x0a
000000C3                    	.code
                            	LM13:
000000C3 0F 9F 17 01        		pc=L3	// Indirect jump
                            	L5:
000004FC                    	.debug
000004FC 2E 00 73 00        		.dw '.stabn 0x44,0,20,',0,0
         74 00 61 00
         62 00 6E 00
         20 00 30 00
         78 00 34 00
         34 00 2C 00
         30 00 2C 00
         32 00 30 00
         2C 00 00 00
         00 00      
0000050F C5 00 00 00        		.dd LM14-_keyfind
00000511 0D 00 0A 00        		.dw 0x0d,0x0a
000000C5                    	.code
                            	LM14:
000000C5 40 92              		R1=0	// QImode move
000000C6 19 D3 00 00        		[_value]=R1	// QImode move
00000513                    	.debug
00000513 2E 00 73 00        		.dw '.stabn 0x44,0,21,',0,0
         74 00 61 00
         62 00 6E 00
         20 00 30 00
         78 00 34 00
         34 00 2C 00
         30 00 2C 00
         32 00 31 00
         2C 00 00 00
         00 00      
00000526 C8 00 00 00        		.dd LM15-_keyfind
00000528 0D 00 0A 00        		.dw 0x0d,0x0a
000000C8                    	.code
                            	LM15:
000000C8 0F 9F 17 01        		pc=L3	// Indirect jump
                            	L6:
0000052A                    	.debug
0000052A 2E 00 73 00        		.dw '.stabn 0x44,0,23,',0,0
         74 00 61 00
         62 00 6E 00
         20 00 30 00
         78 00 34 00
         34 00 2C 00
         30 00 2C 00
         32 00 33 00
         2C 00 00 00
         00 00      
0000053D CA 00 00 00        		.dd LM16-_keyfind
0000053F 0D 00 0A 00        		.dw 0x0d,0x0a
000000CA                    	.code
                            	LM16:
000000CA 41 92              		R1=1	// QImode move
000000CB 19 D3 00 00        		[_value]=R1	// QImode move
00000541                    	.debug
00000541 2E 00 73 00        		.dw '.stabn 0x44,0,24,',0,0
         74 00 61 00
         62 00 6E 00
         20 00 30 00
         78 00 34 00
         34 00 2C 00
         30 00 2C 00
         32 00 34 00
         2C 00 00 00
         00 00      
00000554 CD 00 00 00        		.dd LM17-_keyfind
00000556 0D 00 0A 00        		.dw 0x0d,0x0a
000000CD                    	.code
                            	LM17:
000000CD 0F 9F 17 01        		pc=L3	// Indirect jump
                            	L7:
00000558                    	.debug
00000558 2E 00 73 00        		.dw '.stabn 0x44,0,26,',0,0
         74 00 61 00
         62 00 6E 00
         20 00 30 00
         78 00 34 00
         34 00 2C 00
         30 00 2C 00
         32 00 36 00
         2C 00 00 00
         00 00      
0000056B CF 00 00 00        		.dd LM18-_keyfind
0000056D 0D 00 0A 00        		.dw 0x0d,0x0a
000000CF                    	.code
                            	LM18:
000000CF 42 92              		R1=2	// QImode move
000000D0 19 D3 00 00        		[_value]=R1	// QImode move
0000056F                    	.debug
0000056F 2E 00 73 00        		.dw '.stabn 0x44,0,27,',0,0
         74 00 61 00
         62 00 6E 00
         20 00 30 00
         78 00 34 00
         34 00 2C 00
         30 00 2C 00
         32 00 37 00
         2C 00 00 00
         00 00      
00000582 D2 00 00 00        		.dd LM19-_keyfind
00000584 0D 00 0A 00        		.dw 0x0d,0x0a
000000D2                    	.code
                            	LM19:
000000D2 0F 9F 17 01        		pc=L3	// Indirect jump
                            	L8:
00000586                    	.debug
00000586 2E 00 73 00        		.dw '.stabn 0x44,0,29,',0,0
         74 00 61 00
         62 00 6E 00
         20 00 30 00
         78 00 34 00
         34 00 2C 00
         30 00 2C 00
         32 00 39 00
         2C 00 00 00
         00 00      
00000599 D4 00 00 00        		.dd LM20-_keyfind
0000059B 0D 00 0A 00        		.dw 0x0d,0x0a
000000D4                    	.code
                            	LM20:
000000D4 43 92              		R1=3	// QImode move
000000D5 19 D3 00 00        		[_value]=R1	// QImode move
0000059D                    	.debug
0000059D 2E 00 73 00        		.dw '.stabn 0x44,0,30,',0,0
         74 00 61 00
         62 00 6E 00
         20 00 30 00
         78 00 34 00
         34 00 2C 00
         30 00 2C 00
         33 00 30 00
         2C 00 00 00
         00 00      
000005B0 D7 00 00 00        		.dd LM21-_keyfind
000005B2 0D 00 0A 00        		.dw 0x0d,0x0a
000000D7                    	.code
                            	LM21:
000000D7 0F 9F 17 01        		pc=L3	// Indirect jump
                            	L9:
000005B4                    	.debug
000005B4 2E 00 73 00        		.dw '.stabn 0x44,0,32,',0,0
         74 00 61 00
         62 00 6E 00
         20 00 30 00
         78 00 34 00
         34 00 2C 00
         30 00 2C 00
         33 00 32 00
         2C 00 00 00
         00 00      
000005C7 D9 00 00 00        		.dd LM22-_keyfind
000005C9 0D 00 0A 00        		.dw 0x0d,0x0a
000000D9                    	.code
                            	LM22:
000000D9 44 92              		R1=4	// QImode move
000000DA 19 D3 00 00        		[_value]=R1	// QImode move
000005CB                    	.debug
000005CB 2E 00 73 00        		.dw '.stabn 0x44,0,33,',0,0
         74 00 61 00
         62 00 6E 00
         20 00 30 00
         78 00 34 00
         34 00 2C 00
         30 00 2C 00
         33 00 33 00
         2C 00 00 00
         00 00      
000005DE DC 00 00 00        		.dd LM23-_keyfind
000005E0 0D 00 0A 00        		.dw 0x0d,0x0a
000000DC                    	.code
                            	LM23:
000000DC 0F 9F 17 01        		pc=L3	// Indirect jump
                            	L10:
000005E2                    	.debug
000005E2 2E 00 73 00        		.dw '.stabn 0x44,0,35,',0,0
         74 00 61 00
         62 00 6E 00
         20 00 30 00
         78 00 34 00
         34 00 2C 00
         30 00 2C 00
         33 00 35 00
         2C 00 00 00
         00 00      
000005F5 DE 00 00 00        		.dd LM24-_keyfind
000005F7 0D 00 0A 00        		.dw 0x0d,0x0a
000000DE                    	.code
                            	LM24:
000000DE 45 92              		R1=5	// QImode move
000000DF 19 D3 00 00        		[_value]=R1	// QImode move
000005F9                    	.debug
000005F9 2E 00 73 00        		.dw '.stabn 0x44,0,36,',0,0
         74 00 61 00
         62 00 6E 00
         20 00 30 00
         78 00 34 00
         34 00 2C 00
         30 00 2C 00
         33 00 36 00
         2C 00 00 00
         00 00      
0000060C E1 00 00 00        		.dd LM25-_keyfind
0000060E 0D 00 0A 00        		.dw 0x0d,0x0a
000000E1                    	.code
                            	LM25:
000000E1 0F 9F 17 01        		pc=L3	// Indirect jump
                            	L11:
00000610                    	.debug
00000610 2E 00 73 00        		.dw '.stabn 0x44,0,38,',0,0
         74 00 61 00
         62 00 6E 00
         20 00 30 00
         78 00 34 00
         34 00 2C 00
         30 00 2C 00
         33 00 38 00
         2C 00 00 00
         00 00      
00000623 E3 00 00 00        		.dd LM26-_keyfind
00000625 0D 00 0A 00        		.dw 0x0d,0x0a
000000E3                    	.code
                            	LM26:
000000E3 46 92              		R1=6	// QImode move
000000E4 19 D3 00 00        		[_value]=R1	// QImode move
00000627                    	.debug
00000627 2E 00 73 00        		.dw '.stabn 0x44,0,39,',0,0
         74 00 61 00
         62 00 6E 00
         20 00 30 00
         78 00 34 00
         34 00 2C 00
         30 00 2C 00
         33 00 39 00
         2C 00 00 00
         00 00      
0000063A E6 00 00 00        		.dd LM27-_keyfind
0000063C 0D 00 0A 00        		.dw 0x0d,0x0a
000000E6                    	.code
                            	LM27:
000000E6 0F 9F 17 01        		pc=L3	// Indirect jump
                            	L12:
0000063E                    	.debug
0000063E 2E 00 73 00        		.dw '.stabn 0x44,0,41,',0,0
         74 00 61 00
         62 00 6E 00
         20 00 30 00
         78 00 34 00
         34 00 2C 00
         30 00 2C 00
         34 00 31 00
         2C 00 00 00
         00 00      
00000651 E8 00 00 00        		.dd LM28-_keyfind
00000653 0D 00 0A 00        		.dw 0x0d,0x0a
000000E8                    	.code
                            	LM28:
000000E8 47 92              		R1=7	// QImode move
000000E9 19 D3 00 00        		[_value]=R1	// QImode move
00000655                    	.debug
00000655 2E 00 73 00        		.dw '.stabn 0x44,0,42,',0,0
         74 00 61 00
         62 00 6E 00
         20 00 30 00
         78 00 34 00
         34 00 2C 00
         30 00 2C 00
         34 00 32 00
         2C 00 00 00
         00 00      
00000668 EB 00 00 00        		.dd LM29-_keyfind
0000066A 0D 00 0A 00        		.dw 0x0d,0x0a
000000EB                    	.code
                            	LM29:
000000EB 0F 9F 17 01        		pc=L3	// Indirect jump
                            	L13:
0000066C                    	.debug
0000066C 2E 00 73 00        		.dw '.stabn 0x44,0,44,',0,0
         74 00 61 00
         62 00 6E 00
         20 00 30 00
         78 00 34 00
         34 00 2C 00
         30 00 2C 00
         34 00 34 00
         2C 00 00 00
         00 00      
0000067F ED 00 00 00        		.dd LM30-_keyfind
00000681 0D 00 0A 00        		.dw 0x0d,0x0a
000000ED                    	.code
                            	LM30:
000000ED 48 92              		R1=8	// QImode move
000000EE 19 D3 00 00        		[_value]=R1	// QImode move
00000683                    	.debug
00000683 2E 00 73 00        		.dw '.stabn 0x44,0,45,',0,0
         74 00 61 00
         62 00 6E 00
         20 00 30 00
         78 00 34 00
         34 00 2C 00
         30 00 2C 00
         34 00 35 00
         2C 00 00 00
         00 00      
00000696 F0 00 00 00        		.dd LM31-_keyfind
00000698 0D 00 0A 00        		.dw 0x0d,0x0a
000000F0                    	.code
                            	LM31:
000000F0 0F 9F 17 01        		pc=L3	// Indirect jump
                            	L14:
0000069A                    	.debug
0000069A 2E 00 73 00        		.dw '.stabn 0x44,0,47,',0,0
         74 00 61 00
         62 00 6E 00
         20 00 30 00
         78 00 34 00
         34 00 2C 00
         30 00 2C 00
         34 00 37 00
         2C 00 00 00
         00 00      
000006AD F2 00 00 00        		.dd LM32-_keyfind
000006AF 0D 00 0A 00        		.dw 0x0d,0x0a
000000F2                    	.code
                            	LM32:
000000F2 49 92              		R1=9	// QImode move
000000F3 19 D3 00 00        		[_value]=R1	// QImode move
000006B1                    	.debug
000006B1 2E 00 73 00        		.dw '.stabn 0x44,0,48,',0,0
         74 00 61 00
         62 00 6E 00
         20 00 30 00
         78 00 34 00
         34 00 2C 00
         30 00 2C 00
         34 00 38 00
         2C 00 00 00
         00 00      
000006C4 F5 00 00 00        		.dd LM33-_keyfind
000006C6 0D 00 0A 00        		.dw 0x0d,0x0a
000000F5                    	.code
                            	LM33:
000000F5 0F 9F 17 01        		pc=L3	// Indirect jump
                            	L15:
000006C8                    	.debug
000006C8 2E 00 73 00        		.dw '.stabn 0x44,0,50,',0,0
         74 00 61 00
         62 00 6E 00
         20 00 30 00
         78 00 34 00
         34 00 2C 00
         30 00 2C 00
         35 00 30 00
         2C 00 00 00
         00 00      
000006DB F7 00 00 00        		.dd LM34-_keyfind
000006DD 0D 00 0A 00        		.dw 0x0d,0x0a
000000F7                    	.code
                            	LM34:
000000F7 4A 92              		R1=10	// QImode move
000000F8 19 D3 00 00        		[_value]=R1	// QImode move
000006DF                    	.debug
000006DF 2E 00 73 00        		.dw '.stabn 0x44,0,51,',0,0
         74 00 61 00
         62 00 6E 00
         20 00 30 00
         78 00 34 00
         34 00 2C 00
         30 00 2C 00
         35 00 31 00
         2C 00 00 00
         00 00      
000006F2 FA 00 00 00        		.dd LM35-_keyfind
000006F4 0D 00 0A 00        		.dw 0x0d,0x0a
000000FA                    	.code
                            	LM35:
000000FA 0F 9F 17 01        		pc=L3	// Indirect jump
                            	L16:
000006F6                    	.debug
000006F6 2E 00 73 00        		.dw '.stabn 0x44,0,53,',0,0
         74 00 61 00
         62 00 6E 00
         20 00 30 00
         78 00 34 00
         34 00 2C 00
         30 00 2C 00
         35 00 33 00
         2C 00 00 00
         00 00      
00000709 FC 00 00 00        		.dd LM36-_keyfind
0000070B 0D 00 0A 00        		.dw 0x0d,0x0a
000000FC                    	.code
                            	LM36:
000000FC 4B 92              		R1=11	// QImode move
000000FD 19 D3 00 00        		[_value]=R1	// QImode move
0000070D                    	.debug
0000070D 2E 00 73 00        		.dw '.stabn 0x44,0,54,',0,0
         74 00 61 00
         62 00 6E 00
         20 00 30 00
         78 00 34 00
         34 00 2C 00
         30 00 2C 00
         35 00 34 00
         2C 00 00 00
         00 00      
00000720 FF 00 00 00        		.dd LM37-_keyfind
00000722 0D 00 0A 00        		.dw 0x0d,0x0a
000000FF                    	.code
                            	LM37:
000000FF 0F 9F 17 01        		pc=L3	// Indirect jump
                            	L17:
00000724                    	.debug
00000724 2E 00 73 00        		.dw '.stabn 0x44,0,56,',0,0
         74 00 61 00
         62 00 6E 00
         20 00 30 00
         78 00 34 00
         34 00 2C 00
         30 00 2C 00
         35 00 36 00
         2C 00 00 00
         00 00      
00000737 01 01 00 00        		.dd LM38-_keyfind
00000739 0D 00 0A 00        		.dw 0x0d,0x0a
00000101                    	.code
                            	LM38:
00000101 4C 92              		R1=12	// QImode move
00000102 19 D3 00 00        		[_value]=R1	// QImode move
0000073B                    	.debug
0000073B 2E 00 73 00        		.dw '.stabn 0x44,0,57,',0,0
         74 00 61 00
         62 00 6E 00
         20 00 30 00
         78 00 34 00
         34 00 2C 00
         30 00 2C 00
         35 00 37 00
         2C 00 00 00
         00 00      
0000074E 04 01 00 00        		.dd LM39-_keyfind
00000750 0D 00 0A 00        		.dw 0x0d,0x0a
00000104                    	.code
                            	LM39:
00000104 0F 9F 17 01        		pc=L3	// Indirect jump
                            	L18:
00000752                    	.debug
00000752 2E 00 73 00        		.dw '.stabn 0x44,0,59,',0,0
         74 00 61 00
         62 00 6E 00
         20 00 30 00
         78 00 34 00
         34 00 2C 00
         30 00 2C 00
         35 00 39 00
         2C 00 00 00
         00 00      
00000765 06 01 00 00        		.dd LM40-_keyfind
00000767 0D 00 0A 00        		.dw 0x0d,0x0a
00000106                    	.code
                            	LM40:
00000106 4D 92              		R1=13	// QImode move
00000107 19 D3 00 00        		[_value]=R1	// QImode move
00000769                    	.debug
00000769 2E 00 73 00        		.dw '.stabn 0x44,0,60,',0,0
         74 00 61 00
         62 00 6E 00
         20 00 30 00
         78 00 34 00
         34 00 2C 00
         30 00 2C 00
         36 00 30 00
         2C 00 00 00
         00 00      
0000077C 09 01 00 00        		.dd LM41-_keyfind
0000077E 0D 00 0A 00        		.dw 0x0d,0x0a
00000109                    	.code
                            	LM41:
00000109 0F 9F 17 01        		pc=L3	// Indirect jump
                            	L19:
00000780                    	.debug
00000780 2E 00 73 00        		.dw '.stabn 0x44,0,62,',0,0
         74 00 61 00
         62 00 6E 00
         20 00 30 00
         78 00 34 00
         34 00 2C 00
         30 00 2C 00
         36 00 32 00
         2C 00 00 00
         00 00      
00000793 0B 01 00 00        		.dd LM42-_keyfind
00000795 0D 00 0A 00        		.dw 0x0d,0x0a
0000010B                    	.code
                            	LM42:
0000010B 4E 92              		R1=14	// QImode move
0000010C 19 D3 00 00        		[_value]=R1	// QImode move
00000797                    	.debug
00000797 2E 00 73 00        		.dw '.stabn 0x44,0,63,',0,0
         74 00 61 00
         62 00 6E 00
         20 00 30 00
         78 00 34 00
         34 00 2C 00
         30 00 2C 00
         36 00 33 00
         2C 00 00 00
         00 00      
000007AA 0E 01 00 00        		.dd LM43-_keyfind
000007AC 0D 00 0A 00        		.dw 0x0d,0x0a
0000010E                    	.code
                            	LM43:
0000010E 0F 9F 17 01        		pc=L3	// Indirect jump
                            	L20:
000007AE                    	.debug
000007AE 2E 00 73 00        		.dw '.stabn 0x44,0,65,',0,0
         74 00 61 00
         62 00 6E 00
         20 00 30 00
         78 00 34 00
         34 00 2C 00
         30 00 2C 00
         36 00 35 00
         2C 00 00 00
         00 00      
000007C1 10 01 00 00        		.dd LM44-_keyfind
000007C3 0D 00 0A 00        		.dw 0x0d,0x0a
00000110                    	.code
                            	LM44:
00000110 4F 92              		R1=15	// QImode move
00000111 19 D3 00 00        		[_value]=R1	// QImode move
000007C5                    	.debug
000007C5 2E 00 73 00        		.dw '.stabn 0x44,0,66,',0,0
         74 00 61 00
         62 00 6E 00
         20 00 30 00
         78 00 34 00
         34 00 2C 00
         30 00 2C 00
         36 00 36 00
         2C 00 00 00
         00 00      
000007D8 13 01 00 00        		.dd LM45-_keyfind
000007DA 0D 00 0A 00        		.dw 0x0d,0x0a
00000113                    	.code
                            	LM45:
00000113 0F 9F 17 01        		pc=L3	// Indirect jump
000007DC                    	.debug
000007DC 2E 00 73 00        		.dw '.stabn 0x44,0,67,',0,0
         74 00 61 00
         62 00 6E 00
         20 00 30 00
         78 00 34 00
         34 00 2C 00
         30 00 2C 00
         36 00 37 00
         2C 00 00 00
         00 00      
000007EF 15 01 00 00        		.dd LM46-_keyfind
000007F1 0D 00 0A 00        		.dw 0x0d,0x0a
00000115                    	.code
                            	LM46:
00000115 0F 9F 17 01        		pc=L2	// Indirect jump
                            	L22:
                            	L3:
000007F3                    	.debug
000007F3 2E 00 73 00        		.dw '.stabn 0x44,0,69,',0,0
         74 00 61 00
         62 00 6E 00
         20 00 30 00
         78 00 34 00
         34 00 2C 00
         30 00 2C 00
         36 00 39 00
         2C 00 00 00
         00 00      
00000806 17 01 00 00        		.dd LM47-_keyfind
00000808 0D 00 0A 00        		.dw 0x0d,0x0a
00000117                    	.code
                            	LM47:
                            	LBE2:
0000080A                    	.debug
0000080A 2E 00 73 00        		.dw '.stabn 0x44,0,69,',0,0
         74 00 61 00
         62 00 6E 00
         20 00 30 00
         78 00 34 00
         34 00 2C 00
         30 00 2C 00
         36 00 39 00
         2C 00 00 00
         00 00      
0000081D 17 01 00 00        		.dd LM48-_keyfind
0000081F 0D 00 0A 00        		.dw 0x0d,0x0a
00000117                    	.code
                            	LM48:
                            	L2:
                            	
00000117 43 00              		sp+=3
00000118 88 98              		pop bp from [sp]
00000119 90 9A              		retf
                            		.endp	// end of keyfind
                            	
00000821                    	.debug
00000821 2E 00 73 00        		.dw '.stabn 0xc0,0,0,',0,0
         74 00 61 00
         62 00 6E 00
         20 00 30 00
         78 00 63 00
         30 00 2C 00
         30 00 2C 00
         30 00 2C 00
         00 00 00 00
00000833 07 00 00 00        		.dd LBB2-_keyfind
00000835 0D 00 0A 00        		.dw 0x0d,0x0a
0000011A                    	.code
00000837                    	.debug
00000837 2E 00 73 00        		.dw '.stabs "keyfirst:1",128,0,0,0',0x0d,0x0a
         74 00 61 00
         62 00 73 00
         20 00 22 00
         6B 00 65 00
         79 00 66 00
         69 00 72 00
         73 00 74 00
         3A 00 31 00
         22 00 2C 00
         31 00 32 00
         38 00 2C 00
         30 00 2C 00
         30 00 2C 00
         30 00 0D 00
         0A 00      
0000011A                    	.CODE
00000856                    	.debug
00000856 2E 00 73 00        		.dw '.stabs "keylast:1",128,0,0,1',0x0d,0x0a
         74 00 61 00
         62 00 73 00
         20 00 22 00
         6B 00 65 00
         79 00 6C 00
         61 00 73 00
         74 00 3A 00
         31 00 22 00
         2C 00 31 00
         32 00 38 00
         2C 00 30 00
         2C 00 30 00
         2C 00 31 00
         0D 00 0A 00
0000011A                    	.CODE
00000874                    	.debug
00000874 2E 00 73 00        		.dw '.stabn 0xe0,0,0,',0,0
         74 00 61 00
         62 00 6E 00
         20 00 30 00
         78 00 65 00
         30 00 2C 00
         30 00 2C 00
         30 00 2C 00
         00 00 00 00
00000886 17 01 00 00        		.dd LBE2-_keyfind
00000888 0D 00 0A 00        		.dw 0x0d,0x0a
0000011A                    	.code
0000088A                    	.debug
0000088A 2E 00 73 00        		.dw '.stabf ',0,0
         74 00 61 00
         62 00 66 00
         20 00 00 00
         00 00      
00000893 1A 01 00 00        		.dd LME1-_keyfind
00000895 0D 00 0A 00        		.dw 0x0d,0x0a
0000011A                    	.code
                            	LME1:
                            	.external _value
                            	.external _key_asm1
                            	.external _key_asm
                            		.end
0 error(s), 0 warning(s).
