Sunplus u'nSP Assembler - Ver. 1.8.0
              Listing File Has Been Relocated
                            	// GCC for SUNPLUS u'nSP version 1.0.10
                            	// Command: D:\PROGRA~1\Sunplus\UNSPID~1\IDE180\cc1.exe D:\DOCUME~1\ÁõÐÂÑÕ\LOCALS~1\Temp\ccmcbaaa.i -fkeep-inline-functions -quiet -dumpbase main.c -gstabs -o .\Debug/main.asm
                            	// gcc2_compiled.:
                            	
00008037                    	.code
                            	Ltext0:
00000000                    	.debug
00000000 2E 00 73 00        		.dw '.stabs "int:t1=r1;-32768;32767;",128,0,0,0',0x0d,0x0a
         74 00 61 00
         62 00 73 00
         20 00 22 00
         69 00 6E 00
         74 00 3A 00
         74 00 31 00
         3D 00 72 00
         31 00 3B 00
         2D 00 33 00
         32 00 37 00
         36 00 38 00
         3B 00 33 00
         32 00 37 00
         36 00 37 00
         3B 00 22 00
         2C 00 31 00
         32 00 38 00
         2C 00 30 00
         2C 00 30 00
         2C 00 30 00
         0D 00 0A 00
00008037                    	.CODE
0000002C                    	.debug
0000002C 2E 00 73 00        		.dw '.stabs "char:t2=r2;0;127;",128,0,0,0',0x0d,0x0a
         74 00 61 00
         62 00 73 00
         20 00 22 00
         63 00 68 00
         61 00 72 00
         3A 00 74 00
         32 00 3D 00
         72 00 32 00
         3B 00 30 00
         3B 00 31 00
         32 00 37 00
         3B 00 22 00
         2C 00 31 00
         32 00 38 00
         2C 00 30 00
         2C 00 30 00
         2C 00 30 00
         0D 00 0A 00
00008037                    	.CODE
00000052                    	.debug
00000052 2E 00 73 00        		.dw '.stabs "long int:t3=r3;-2147483648;2147483647;",128,0,0,0',0x0d,0x0a
         74 00 61 00
         62 00 73 00
         20 00 22 00
         6C 00 6F 00
         6E 00 67 00
         20 00 69 00
         6E 00 74 00
         3A 00 74 00
         33 00 3D 00
         72 00 33 00
         3B 00 2D 00
         32 00 31 00
         34 00 37 00
         34 00 38 00
         33 00 36 00
         34 00 38 00
         3B 00 32 00
         31 00 34 00
         37 00 34 00
         38 00 33 00
         36 00 34 00
         37 00 3B 00
         22 00 2C 00
         31 00 32 00
         38 00 2C 00
         30 00 2C 00
         30 00 2C 00
         30 00 0D 00
         0A 00      
00008037                    	.CODE
0000008D                    	.debug
0000008D 2E 00 73 00        		.dw '.stabs "unsigned int:t4=r4;0;65535;",128,0,0,0',0x0d,0x0a
         74 00 61 00
         62 00 73 00
         20 00 22 00
         75 00 6E 00
         73 00 69 00
         67 00 6E 00
         65 00 64 00
         20 00 69 00
         6E 00 74 00
         3A 00 74 00
         34 00 3D 00
         72 00 34 00
         3B 00 30 00
         3B 00 36 00
         35 00 35 00
         33 00 35 00
         3B 00 22 00
         2C 00 31 00
         32 00 38 00
         2C 00 30 00
         2C 00 30 00
         2C 00 30 00
         0D 00 0A 00
00008037                    	.CODE
000000BD                    	.debug
000000BD 2E 00 73 00        		.dw '.stabs "long unsigned int:t5=r5;0;4294967295;",128,0,0,0',0x0d,0x0a
         74 00 61 00
         62 00 73 00
         20 00 22 00
         6C 00 6F 00
         6E 00 67 00
         20 00 75 00
         6E 00 73 00
         69 00 67 00
         6E 00 65 00
         64 00 20 00
         69 00 6E 00
         74 00 3A 00
         74 00 35 00
         3D 00 72 00
         35 00 3B 00
         30 00 3B 00
         34 00 32 00
         39 00 34 00
         39 00 36 00
         37 00 32 00
         39 00 35 00
         3B 00 22 00
         2C 00 31 00
         32 00 38 00
         2C 00 30 00
         2C 00 30 00
         2C 00 30 00
         0D 00 0A 00
00008037                    	.CODE
000000F7                    	.debug
000000F7 2E 00 73 00        		.dw '.stabs "long long int:t6=r6;-2147483648;2147483647;",128,0,0,0',0x0d,0x0a
         74 00 61 00
         62 00 73 00
         20 00 22 00
         6C 00 6F 00
         6E 00 67 00
         20 00 6C 00
         6F 00 6E 00
         67 00 20 00
         69 00 6E 00
         74 00 3A 00
         74 00 36 00
         3D 00 72 00
         36 00 3B 00
         2D 00 32 00
         31 00 34 00
         37 00 34 00
         38 00 33 00
         36 00 34 00
         38 00 3B 00
         32 00 31 00
         34 00 37 00
         34 00 38 00
         33 00 36 00
         34 00 37 00
         3B 00 22 00
         2C 00 31 00
         32 00 38 00
         2C 00 30 00
         2C 00 30 00
         2C 00 30 00
         0D 00 0A 00
00008037                    	.CODE
00000137                    	.debug
00000137 2E 00 73 00        		.dw '.stabs "long long unsigned int:t7=r7;0;4294967295;",128,0,0,0',0x0d,0x0a
         74 00 61 00
         62 00 73 00
         20 00 22 00
         6C 00 6F 00
         6E 00 67 00
         20 00 6C 00
         6F 00 6E 00
         67 00 20 00
         75 00 6E 00
         73 00 69 00
         67 00 6E 00
         65 00 64 00
         20 00 69 00
         6E 00 74 00
         3A 00 74 00
         37 00 3D 00
         72 00 37 00
         3B 00 30 00
         3B 00 34 00
         32 00 39 00
         34 00 39 00
         36 00 37 00
         32 00 39 00
         35 00 3B 00
         22 00 2C 00
         31 00 32 00
         38 00 2C 00
         30 00 2C 00
         30 00 2C 00
         30 00 0D 00
         0A 00      
00008037                    	.CODE
00000176                    	.debug
00000176 2E 00 73 00        		.dw '.stabs "short int:t8=r8;-32768;32767;",128,0,0,0',0x0d,0x0a
         74 00 61 00
         62 00 73 00
         20 00 22 00
         73 00 68 00
         6F 00 72 00
         74 00 20 00
         69 00 6E 00
         74 00 3A 00
         74 00 38 00
         3D 00 72 00
         38 00 3B 00
         2D 00 33 00
         32 00 37 00
         36 00 38 00
         3B 00 33 00
         32 00 37 00
         36 00 37 00
         3B 00 22 00
         2C 00 31 00
         32 00 38 00
         2C 00 30 00
         2C 00 30 00
         2C 00 30 00
         0D 00 0A 00
00008037                    	.CODE
000001A8                    	.debug
000001A8 2E 00 73 00        		.dw '.stabs "short unsigned int:t9=r9;0;65535;",128,0,0,0',0x0d,0x0a
         74 00 61 00
         62 00 73 00
         20 00 22 00
         73 00 68 00
         6F 00 72 00
         74 00 20 00
         75 00 6E 00
         73 00 69 00
         67 00 6E 00
         65 00 64 00
         20 00 69 00
         6E 00 74 00
         3A 00 74 00
         39 00 3D 00
         72 00 39 00
         3B 00 30 00
         3B 00 36 00
         35 00 35 00
         33 00 35 00
         3B 00 22 00
         2C 00 31 00
         32 00 38 00
         2C 00 30 00
         2C 00 30 00
         2C 00 30 00
         0D 00 0A 00
00008037                    	.CODE
000001DE                    	.debug
000001DE 2E 00 73 00        		.dw '.stabs "signed char:t10=r10;-32768;32767;",128,0,0,0',0x0d,0x0a
         74 00 61 00
         62 00 73 00
         20 00 22 00
         73 00 69 00
         67 00 6E 00
         65 00 64 00
         20 00 63 00
         68 00 61 00
         72 00 3A 00
         74 00 31 00
         30 00 3D 00
         72 00 31 00
         30 00 3B 00
         2D 00 33 00
         32 00 37 00
         36 00 38 00
         3B 00 33 00
         32 00 37 00
         36 00 37 00
         3B 00 22 00
         2C 00 31 00
         32 00 38 00
         2C 00 30 00
         2C 00 30 00
         2C 00 30 00
         0D 00 0A 00
00008037                    	.CODE
00000214                    	.debug
00000214 2E 00 73 00        		.dw '.stabs "unsigned char:t11=r11;0;65535;",128,0,0,0',0x0d,0x0a
         74 00 61 00
         62 00 73 00
         20 00 22 00
         75 00 6E 00
         73 00 69 00
         67 00 6E 00
         65 00 64 00
         20 00 63 00
         68 00 61 00
         72 00 3A 00
         74 00 31 00
         31 00 3D 00
         72 00 31 00
         31 00 3B 00
         30 00 3B 00
         36 00 35 00
         35 00 33 00
         35 00 3B 00
         22 00 2C 00
         31 00 32 00
         38 00 2C 00
         30 00 2C 00
         30 00 2C 00
         30 00 0D 00
         0A 00      
00008037                    	.CODE
00000247                    	.debug
00000247 2E 00 73 00        		.dw '.stabs "float:t12=r1;2;0;",128,0,0,0',0x0d,0x0a
         74 00 61 00
         62 00 73 00
         20 00 22 00
         66 00 6C 00
         6F 00 61 00
         74 00 3A 00
         74 00 31 00
         32 00 3D 00
         72 00 31 00
         3B 00 32 00
         3B 00 30 00
         3B 00 22 00
         2C 00 31 00
         32 00 38 00
         2C 00 30 00
         2C 00 30 00
         2C 00 30 00
         0D 00 0A 00
00008037                    	.CODE
0000026D                    	.debug
0000026D 2E 00 73 00        		.dw '.stabs "double:t13=r1;2;0;",128,0,0,0',0x0d,0x0a
         74 00 61 00
         62 00 73 00
         20 00 22 00
         64 00 6F 00
         75 00 62 00
         6C 00 65 00
         3A 00 74 00
         31 00 33 00
         3D 00 72 00
         31 00 3B 00
         32 00 3B 00
         30 00 3B 00
         22 00 2C 00
         31 00 32 00
         38 00 2C 00
         30 00 2C 00
         30 00 2C 00
         30 00 0D 00
         0A 00      
00008037                    	.CODE
00000294                    	.debug
00000294 2E 00 73 00        		.dw '.stabs "long double:t14=r1;2;0;",128,0,0,0',0x0d,0x0a
         74 00 61 00
         62 00 73 00
         20 00 22 00
         6C 00 6F 00
         6E 00 67 00
         20 00 64 00
         6F 00 75 00
         62 00 6C 00
         65 00 3A 00
         74 00 31 00
         34 00 3D 00
         72 00 31 00
         3B 00 32 00
         3B 00 30 00
         3B 00 22 00
         2C 00 31 00
         32 00 38 00
         2C 00 30 00
         2C 00 30 00
         2C 00 30 00
         0D 00 0A 00
00008037                    	.CODE
000002C0                    	.debug
000002C0 2E 00 73 00        		.dw '.stabs "complex int:t15=s2real:1,0,16;imag:1,16,16;;",128,0,0,0',0x0d,0x0a
         74 00 61 00
         62 00 73 00
         20 00 22 00
         63 00 6F 00
         6D 00 70 00
         6C 00 65 00
         78 00 20 00
         69 00 6E 00
         74 00 3A 00
         74 00 31 00
         35 00 3D 00
         73 00 32 00
         72 00 65 00
         61 00 6C 00
         3A 00 31 00
         2C 00 30 00
         2C 00 31 00
         36 00 3B 00
         69 00 6D 00
         61 00 67 00
         3A 00 31 00
         2C 00 31 00
         36 00 2C 00
         31 00 36 00
         3B 00 3B 00
         22 00 2C 00
         31 00 32 00
         38 00 2C 00
         30 00 2C 00
         30 00 2C 00
         30 00 0D 00
         0A 00      
00008037                    	.CODE
00000301                    	.debug
00000301 2E 00 73 00        		.dw '.stabs "complex float:t16=r16;2;0;",128,0,0,0',0x0d,0x0a
         74 00 61 00
         62 00 73 00
         20 00 22 00
         63 00 6F 00
         6D 00 70 00
         6C 00 65 00
         78 00 20 00
         66 00 6C 00
         6F 00 61 00
         74 00 3A 00
         74 00 31 00
         36 00 3D 00
         72 00 31 00
         36 00 3B 00
         32 00 3B 00
         30 00 3B 00
         22 00 2C 00
         31 00 32 00
         38 00 2C 00
         30 00 2C 00
         30 00 2C 00
         30 00 0D 00
         0A 00      
00008037                    	.CODE
00000330                    	.debug
00000330 2E 00 73 00        		.dw '.stabs "complex double:t17=r17;2;0;",128,0,0,0',0x0d,0x0a
         74 00 61 00
         62 00 73 00
         20 00 22 00
         63 00 6F 00
         6D 00 70 00
         6C 00 65 00
         78 00 20 00
         64 00 6F 00
         75 00 62 00
         6C 00 65 00
         3A 00 74 00
         31 00 37 00
         3D 00 72 00
         31 00 37 00
         3B 00 32 00
         3B 00 30 00
         3B 00 22 00
         2C 00 31 00
         32 00 38 00
         2C 00 30 00
         2C 00 30 00
         2C 00 30 00
         0D 00 0A 00
00008037                    	.CODE
00000360                    	.debug
00000360 2E 00 73 00        		.dw '.stabs "complex long double:t18=r18;2;0;",128,0,0,0',0x0d,0x0a
         74 00 61 00
         62 00 73 00
         20 00 22 00
         63 00 6F 00
         6D 00 70 00
         6C 00 65 00
         78 00 20 00
         6C 00 6F 00
         6E 00 67 00
         20 00 64 00
         6F 00 75 00
         62 00 6C 00
         65 00 3A 00
         74 00 31 00
         38 00 3D 00
         72 00 31 00
         38 00 3B 00
         32 00 3B 00
         30 00 3B 00
         22 00 2C 00
         31 00 32 00
         38 00 2C 00
         30 00 2C 00
         30 00 2C 00
         30 00 0D 00
         0A 00      
00008037                    	.CODE
00000395                    	.debug
00000395 2E 00 73 00        		.dw '.stabs "void:t19=19",128,0,0,0',0x0d,0x0a
         74 00 61 00
         62 00 73 00
         20 00 22 00
         76 00 6F 00
         69 00 64 00
         3A 00 74 00
         31 00 39 00
         3D 00 31 00
         39 00 22 00
         2C 00 31 00
         32 00 38 00
         2C 00 30 00
         2C 00 30 00
         2C 00 30 00
         0D 00 0A 00
00008037                    	.CODE
000003B5                    	.debug
000003B5 2E 00 73 00        		.dw '.stabs "uiDelay:G4",32,0,0,',0,0,offset _uiDelay,seg _uiDelay,0x0d,0x0a
         74 00 61 00
         62 00 73 00
         20 00 22 00
         75 00 69 00
         44 00 65 00
         6C 00 61 00
         79 00 3A 00
         47 00 34 00
         22 00 2C 00
         33 00 32 00
         2C 00 30 00
         2C 00 30 00
         2C 00 00 00
         00 00 00 00
         00 00 0D 00
         0A 00      
00008037                    	.CODE
                            	.public _uiDelay
00000042                    	.iram
                            	_uiDelay:
00000042 08 00              		.dw 8
00008037                    	.code
000003D6                    	.debug
000003D6 2E 00 73 00        		.dw '.stabs "KeyFind:F19",36,0,0,',0,0,offset _KeyFind,seg _KeyFind,0x0d,0x0a
         74 00 61 00
         62 00 73 00
         20 00 22 00
         4B 00 65 00
         79 00 46 00
         69 00 6E 00
         64 00 3A 00
         46 00 31 00
         39 00 22 00
         2C 00 33 00
         36 00 2C 00
         30 00 2C 00
         30 00 2C 00
         00 00 00 00
         00 00 00 00
         0D 00 0A 00
00008037                    	.CODE
                            	.public _KeyFind
                            	_KeyFind:	.proc
000003F8                    	.debug
000003F8 2E 00 73 00        		.dw '.stabn 0x44,0,5,',0,0
         74 00 61 00
         62 00 6E 00
         20 00 30 00
         78 00 34 00
         34 00 2C 00
         30 00 2C 00
         35 00 2C 00
         00 00 00 00
0000040A 00 00 00 00        		.dd LM1-_KeyFind
0000040C 0D 00 0A 00        		.dw 0x0d,0x0a
00008037                    	.code
                            	LM1:
                            		// total=3, vars=3
                            		// frame_pointer_needed: 1
00008037 88 DA              		push bp to [sp]
00008038 43 20              		sp-=3
00008039 08 0B 01 00        		bp=sp+1
                            	
0000803B 0D 03 06 00        		R1=BP+6
0000803D 02 D2              		[bp+2]=R1	// QImode move
0000040E                    	.debug
0000040E 2E 00 73 00        		.dw '.stabn 0x44,0,6,',0,0
         74 00 61 00
         62 00 6E 00
         20 00 30 00
         78 00 34 00
         34 00 2C 00
         30 00 2C 00
         36 00 2C 00
         00 00 00 00
00000420 07 00 00 00        		.dd LM2-_KeyFind
00000422 0D 00 0A 00        		.dw 0x0d,0x0a
0000803E                    	.code
                            	LM2:
                            	LBB2:
0000803E 40 92              		R1=0	// QImode move
0000803F C5 D2              		[BP]=R1	// QImode move
00000424                    	.debug
00000424 2E 00 73 00        		.dw '.stabn 0x44,0,8,',0,0
         74 00 61 00
         62 00 6E 00
         20 00 30 00
         78 00 34 00
         34 00 2C 00
         30 00 2C 00
         38 00 2C 00
         00 00 00 00
00000436 09 00 00 00        		.dd LM3-_KeyFind
00000438 0D 00 0A 00        		.dw 0x0d,0x0a
00008040                    	.code
                            	LM3:
00008040 40 F0 49 83        		call _key_asm	// call with return value
00008042 C5 D2              		[BP]=R1	// QImode move
0000043A                    	.debug
0000043A 2E 00 73 00        		.dw '.stabn 0x44,0,9,',0,0
         74 00 61 00
         62 00 6E 00
         20 00 30 00
         78 00 34 00
         34 00 2C 00
         30 00 2C 00
         39 00 2C 00
         00 00 00 00
0000044C 0C 00 00 00        		.dd LM4-_KeyFind
0000044E 0D 00 0A 00        		.dw 0x0d,0x0a
00008043                    	.code
                            	LM4:
00008043 40 F0 60 83        		call _key_asm1	// call with return value
00008045 05 95              		R2=BP	// QImode move
00008046 0D 07 01 00        		R3=BP+1
00008048 03 95              		R2=R3	// QImode move
00008049 C2 D2              		[R2]=R1	// QImode move
00000450                    	.debug
00000450 2E 00 73 00        		.dw '.stabn 0x44,0,10,',0,0
         74 00 61 00
         62 00 6E 00
         20 00 30 00
         78 00 34 00
         34 00 2C 00
         30 00 2C 00
         31 00 30 00
         2C 00 00 00
         00 00      
00000463 13 00 00 00        		.dd LM5-_KeyFind
00000465 0D 00 0A 00        		.dw 0x0d,0x0a
0000804A                    	.code
                            	LM5:
0000804A 4F 92              		R1=15	// QImode move
0000804B 19 D3 0A 00        		[_uiValue]=R1	// QImode move
00000467                    	.debug
00000467 2E 00 73 00        		.dw '.stabn 0x44,0,11,',0,0
         74 00 61 00
         62 00 6E 00
         20 00 30 00
         78 00 34 00
         34 00 2C 00
         30 00 2C 00
         31 00 31 00
         2C 00 00 00
         00 00      
0000047A 16 00 00 00        		.dd LM6-_KeyFind
0000047C 0D 00 0A 00        		.dw 0x0d,0x0a
0000804D                    	.code
                            	LM6:
0000804D C5 92              		R1=[BP]	// QImode move
0000804E 11 B5 0A 00        		R2=R1&[_uiValue]
00008050 C5 D4              		[BP]=R2	// QImode move
0000047E                    	.debug
0000047E 2E 00 73 00        		.dw '.stabn 0x44,0,12,',0,0
         74 00 61 00
         62 00 6E 00
         20 00 30 00
         78 00 34 00
         34 00 2C 00
         30 00 2C 00
         31 00 32 00
         2C 00 00 00
         00 00      
00000491 1A 00 00 00        		.dd LM7-_KeyFind
00000493 0D 00 0A 00        		.dw 0x0d,0x0a
00008051                    	.code
                            	LM7:
00008051 09 93 F0 00        		R1=240	// QImode move
00008053 19 D3 0A 00        		[_uiValue]=R1	// QImode move
00000495                    	.debug
00000495 2E 00 73 00        		.dw '.stabn 0x44,0,13,',0,0
         74 00 61 00
         62 00 6E 00
         20 00 30 00
         78 00 34 00
         34 00 2C 00
         30 00 2C 00
         31 00 33 00
         2C 00 00 00
         00 00      
000004A8 1E 00 00 00        		.dd LM8-_KeyFind
000004AA 0D 00 0A 00        		.dw 0x0d,0x0a
00008055                    	.code
                            	LM8:
00008055 05 95              		R2=BP	// QImode move
00008056 0D 03 01 00        		R1=BP+1
00008058 05 97              		R3=BP	// QImode move
00008059 0D 05 01 00        		R2=BP+1
0000805B 14 99 0A 00        		R4=[_uiValue]	// QImode move
0000805D 04 97              		R3=R4	// QImode move
0000805E 02 99              		R4=R2	// QImode move
0000805F C4 B6              		R3&=[R4]	// andqi3_r0R
00008060 01 95              		R2=R1	// QImode move
00008061 C2 D6              		[R2]=R3	// QImode move
000004AC                    	.debug
000004AC 2E 00 73 00        		.dw '.stabn 0x44,0,14,',0,0
         74 00 61 00
         62 00 6E 00
         20 00 30 00
         78 00 34 00
         34 00 2C 00
         30 00 2C 00
         31 00 34 00
         2C 00 00 00
         00 00      
000004BF 2B 00 00 00        		.dd LM9-_KeyFind
000004C1 0D 00 0A 00        		.dw 0x0d,0x0a
00008062                    	.code
                            	LM9:
00008062 05 95              		R2=BP	// QImode move
00008063 0D 03 01 00        		R1=BP+1
00008065 C5 96              		R3=[BP]	// QImode move
00008066 03 95              		R2=R3	// QImode move
00008067 01 97              		R3=R1	// QImode move
00008068 C3 A4              		R2|=[R3]	// iorqi3_r0R
00008069 C5 D4              		[BP]=R2	// QImode move
000004C3                    	.debug
000004C3 2E 00 73 00        		.dw '.stabn 0x44,0,15,',0,0
         74 00 61 00
         62 00 6E 00
         20 00 30 00
         78 00 34 00
         34 00 2C 00
         30 00 2C 00
         31 00 35 00
         2C 00 00 00
         00 00      
000004D6 33 00 00 00        		.dd LM10-_KeyFind
000004D8 0D 00 0A 00        		.dw 0x0d,0x0a
0000806A                    	.code
                            	LM10:
0000806A 09 93 FF 00        		R1=255	// QImode move
0000806C 19 D3 0A 00        		[_uiValue]=R1	// QImode move
000004DA                    	.debug
000004DA 2E 00 73 00        		.dw '.stabn 0x44,0,16,',0,0
         74 00 61 00
         62 00 6E 00
         20 00 30 00
         78 00 34 00
         34 00 2C 00
         30 00 2C 00
         31 00 36 00
         2C 00 00 00
         00 00      
000004ED 37 00 00 00        		.dd LM11-_KeyFind
000004EF 0D 00 0A 00        		.dw 0x0d,0x0a
0000806E                    	.code
                            	LM11:
0000806E C5 92              		R1=[BP]	// QImode move
0000806F 11 85 0A 00        		R2=R1^[_uiValue]
00008071 C5 D4              		[BP]=R2	// QImode move
000004F1                    	.debug
000004F1 2E 00 73 00        		.dw '.stabn 0x44,0,17,',0,0
         74 00 61 00
         62 00 6E 00
         20 00 30 00
         78 00 34 00
         34 00 2C 00
         30 00 2C 00
         31 00 37 00
         2C 00 00 00
         00 00      
00000504 3B 00 00 00        		.dd LM12-_KeyFind
00000506 0D 00 0A 00        		.dw 0x0d,0x0a
00008072                    	.code
                            	LM12:
00008072 40 F0 7F 83        		call _ClearWatchDog	// call with return value
00000508                    	.debug
00000508 2E 00 73 00        		.dw '.stabn 0x44,0,18,',0,0
         74 00 61 00
         62 00 6E 00
         20 00 30 00
         78 00 34 00
         34 00 2C 00
         30 00 2C 00
         31 00 38 00
         2C 00 00 00
         00 00      
0000051B 3D 00 00 00        		.dd LM13-_KeyFind
0000051D 0D 00 0A 00        		.dw 0x0d,0x0a
00008074                    	.code
                            	LM13:
00008074 C5 92              		R1=[BP]	// QImode move
00008075 09 43 BE 00        		CMP R1,190	// QImode compare
00008077 02 4E              		JNZ L32	// QImode EQ
00008078 0F 9F 08 81        		PC=L7
                            	L32:
0000807A 09 43 BE 00        		CMP R1,190	// QImode compare
0000807C 02 AE              		JNG L33	// QImode GT
0000807D 0F 9F BD 80        		PC=L23
                            	L33:
0000807F 09 43 7D 00        		CMP R1,125	// QImode compare
00008081 02 4E              		JNZ L34	// QImode EQ
00008082 0F 9F 21 81        		PC=L12
                            	L34:
00008084 09 43 7D 00        		CMP R1,125	// QImode compare
00008086 02 AE              		JNG L35	// QImode GT
00008087 0F 9F A0 80        		PC=L24
                            	L35:
00008089 09 43 77 00        		CMP R1,119	// QImode compare
0000808B 02 4E              		JNZ L36	// QImode EQ
0000808C 0F 9F 49 81        		PC=L20
                            	L36:
0000808E 09 43 77 00        		CMP R1,119	// QImode compare
00008090 02 AE              		JNG L37	// QImode GT
00008091 0F 9F 99 80        		PC=L25
                            	L37:
00008093 40 42              		CMP R1,0	// QImode test
00008094 02 4E              		JNZ L38	// QImode EQ
00008095 0F 9F FC 80        		PC=L4
                            	L38:
00008097 0F 9F 50 81        		pc=L3	// jump
                            	L25:
00008099 09 43 7B 00        		CMP R1,123	// QImode compare
0000809B 02 4E              		JNZ L39	// QImode EQ
0000809C 0F 9F 35 81        		PC=L16
                            	L39:
0000809E 0F 9F 50 81        		pc=L3	// jump
                            	L24:
000080A0 09 43 B7 00        		CMP R1,183	// QImode compare
000080A2 02 4E              		JNZ L40	// QImode EQ
000080A3 0F 9F 44 81        		PC=L19
                            	L40:
000080A5 09 43 B7 00        		CMP R1,183	// QImode compare
000080A7 02 AE              		JNG L41	// QImode GT
000080A8 0F 9F B1 80        		PC=L26
                            	L41:
000080AA 09 43 7E 00        		CMP R1,126	// QImode compare
000080AC 02 4E              		JNZ L42	// QImode EQ
000080AD 0F 9F 0D 81        		PC=L8
                            	L42:
000080AF 0F 9F 50 81        		pc=L3	// jump
                            	L26:
000080B1 09 43 BB 00        		CMP R1,187	// QImode compare
000080B3 02 4E              		JNZ L43	// QImode EQ
000080B4 0F 9F 30 81        		PC=L15
                            	L43:
000080B6 09 43 BD 00        		CMP R1,189	// QImode compare
000080B8 02 4E              		JNZ L44	// QImode EQ
000080B9 0F 9F 1C 81        		PC=L11
                            	L44:
000080BB 0F 9F 50 81        		pc=L3	// jump
                            	L23:
000080BD 09 43 DE 00        		CMP R1,222	// QImode compare
000080BF 02 4E              		JNZ L45	// QImode EQ
000080C0 0F 9F 03 81        		PC=L6
                            	L45:
000080C2 09 43 DE 00        		CMP R1,222	// QImode compare
000080C4 02 AE              		JNG L46	// QImode GT
000080C5 0F 9F DF 80        		PC=L27
                            	L46:
000080C7 09 43 DB 00        		CMP R1,219	// QImode compare
000080C9 02 4E              		JNZ L47	// QImode EQ
000080CA 0F 9F 2B 81        		PC=L14
                            	L47:
000080CC 09 43 DB 00        		CMP R1,219	// QImode compare
000080CE 02 AE              		JNG L48	// QImode GT
000080CF 0F 9F D8 80        		PC=L28
                            	L48:
000080D1 09 43 D7 00        		CMP R1,215	// QImode compare
000080D3 02 4E              		JNZ L49	// QImode EQ
000080D4 0F 9F 3F 81        		PC=L18
                            	L49:
000080D6 0F 9F 50 81        		pc=L3	// jump
                            	L28:
000080D8 09 43 DD 00        		CMP R1,221	// QImode compare
000080DA 02 4E              		JNZ L50	// QImode EQ
000080DB 0F 9F 17 81        		PC=L10
                            	L50:
000080DD 0F 9F 50 81        		pc=L3	// jump
                            	L27:
000080DF 09 43 EB 00        		CMP R1,235	// QImode compare
000080E1 02 4E              		JNZ L51	// QImode EQ
000080E2 0F 9F 26 81        		PC=L13
                            	L51:
000080E4 09 43 EB 00        		CMP R1,235	// QImode compare
000080E6 02 AE              		JNG L52	// QImode GT
000080E7 0F 9F F0 80        		PC=L29
                            	L52:
000080E9 09 43 E7 00        		CMP R1,231	// QImode compare
000080EB 02 4E              		JNZ L53	// QImode EQ
000080EC 0F 9F 3A 81        		PC=L17
                            	L53:
000080EE 0F 9F 50 81        		pc=L3	// jump
                            	L29:
000080F0 09 43 ED 00        		CMP R1,237	// QImode compare
000080F2 02 4E              		JNZ L54	// QImode EQ
000080F3 0F 9F 12 81        		PC=L9
                            	L54:
000080F5 09 43 EE 00        		CMP R1,238	// QImode compare
000080F7 02 4E              		JNZ L55	// QImode EQ
000080F8 0F 9F FE 80        		PC=L5
                            	L55:
000080FA 0F 9F 50 81        		pc=L3	// jump
                            	L4:
0000051F                    	.debug
0000051F 2E 00 73 00        		.dw '.stabn 0x44,0,21,',0,0
         74 00 61 00
         62 00 6E 00
         20 00 30 00
         78 00 34 00
         34 00 2C 00
         30 00 2C 00
         32 00 31 00
         2C 00 00 00
         00 00      
00000532 C5 00 00 00        		.dd LM14-_KeyFind
00000534 0D 00 0A 00        		.dw 0x0d,0x0a
000080FC                    	.code
                            	LM14:
000080FC 0F 9F 50 81        		pc=L3	// jump
                            	L5:
00000536                    	.debug
00000536 2E 00 73 00        		.dw '.stabn 0x44,0,23,',0,0
         74 00 61 00
         62 00 6E 00
         20 00 30 00
         78 00 34 00
         34 00 2C 00
         30 00 2C 00
         32 00 33 00
         2C 00 00 00
         00 00      
00000549 C7 00 00 00        		.dd LM15-_KeyFind
0000054B 0D 00 0A 00        		.dw 0x0d,0x0a
000080FE                    	.code
                            	LM15:
000080FE 40 92              		R1=0	// QImode move
000080FF 19 D3 0A 00        		[_uiValue]=R1	// QImode move
0000054D                    	.debug
0000054D 2E 00 73 00        		.dw '.stabn 0x44,0,24,',0,0
         74 00 61 00
         62 00 6E 00
         20 00 30 00
         78 00 34 00
         34 00 2C 00
         30 00 2C 00
         32 00 34 00
         2C 00 00 00
         00 00      
00000560 CA 00 00 00        		.dd LM16-_KeyFind
00000562 0D 00 0A 00        		.dw 0x0d,0x0a
00008101                    	.code
                            	LM16:
00008101 0F 9F 50 81        		pc=L3	// jump
                            	L6:
00000564                    	.debug
00000564 2E 00 73 00        		.dw '.stabn 0x44,0,26,',0,0
         74 00 61 00
         62 00 6E 00
         20 00 30 00
         78 00 34 00
         34 00 2C 00
         30 00 2C 00
         32 00 36 00
         2C 00 00 00
         00 00      
00000577 CC 00 00 00        		.dd LM17-_KeyFind
00000579 0D 00 0A 00        		.dw 0x0d,0x0a
00008103                    	.code
                            	LM17:
00008103 41 92              		R1=1	// QImode move
00008104 19 D3 0A 00        		[_uiValue]=R1	// QImode move
0000057B                    	.debug
0000057B 2E 00 73 00        		.dw '.stabn 0x44,0,27,',0,0
         74 00 61 00
         62 00 6E 00
         20 00 30 00
         78 00 34 00
         34 00 2C 00
         30 00 2C 00
         32 00 37 00
         2C 00 00 00
         00 00      
0000058E CF 00 00 00        		.dd LM18-_KeyFind
00000590 0D 00 0A 00        		.dw 0x0d,0x0a
00008106                    	.code
                            	LM18:
00008106 0F 9F 50 81        		pc=L3	// jump
                            	L7:
00000592                    	.debug
00000592 2E 00 73 00        		.dw '.stabn 0x44,0,29,',0,0
         74 00 61 00
         62 00 6E 00
         20 00 30 00
         78 00 34 00
         34 00 2C 00
         30 00 2C 00
         32 00 39 00
         2C 00 00 00
         00 00      
000005A5 D1 00 00 00        		.dd LM19-_KeyFind
000005A7 0D 00 0A 00        		.dw 0x0d,0x0a
00008108                    	.code
                            	LM19:
00008108 42 92              		R1=2	// QImode move
00008109 19 D3 0A 00        		[_uiValue]=R1	// QImode move
000005A9                    	.debug
000005A9 2E 00 73 00        		.dw '.stabn 0x44,0,30,',0,0
         74 00 61 00
         62 00 6E 00
         20 00 30 00
         78 00 34 00
         34 00 2C 00
         30 00 2C 00
         33 00 30 00
         2C 00 00 00
         00 00      
000005BC D4 00 00 00        		.dd LM20-_KeyFind
000005BE 0D 00 0A 00        		.dw 0x0d,0x0a
0000810B                    	.code
                            	LM20:
0000810B 0F 9F 50 81        		pc=L3	// jump
                            	L8:
000005C0                    	.debug
000005C0 2E 00 73 00        		.dw '.stabn 0x44,0,32,',0,0
         74 00 61 00
         62 00 6E 00
         20 00 30 00
         78 00 34 00
         34 00 2C 00
         30 00 2C 00
         33 00 32 00
         2C 00 00 00
         00 00      
000005D3 D6 00 00 00        		.dd LM21-_KeyFind
000005D5 0D 00 0A 00        		.dw 0x0d,0x0a
0000810D                    	.code
                            	LM21:
0000810D 43 92              		R1=3	// QImode move
0000810E 19 D3 0A 00        		[_uiValue]=R1	// QImode move
000005D7                    	.debug
000005D7 2E 00 73 00        		.dw '.stabn 0x44,0,33,',0,0
         74 00 61 00
         62 00 6E 00
         20 00 30 00
         78 00 34 00
         34 00 2C 00
         30 00 2C 00
         33 00 33 00
         2C 00 00 00
         00 00      
000005EA D9 00 00 00        		.dd LM22-_KeyFind
000005EC 0D 00 0A 00        		.dw 0x0d,0x0a
00008110                    	.code
                            	LM22:
00008110 0F 9F 50 81        		pc=L3	// jump
                            	L9:
000005EE                    	.debug
000005EE 2E 00 73 00        		.dw '.stabn 0x44,0,35,',0,0
         74 00 61 00
         62 00 6E 00
         20 00 30 00
         78 00 34 00
         34 00 2C 00
         30 00 2C 00
         33 00 35 00
         2C 00 00 00
         00 00      
00000601 DB 00 00 00        		.dd LM23-_KeyFind
00000603 0D 00 0A 00        		.dw 0x0d,0x0a
00008112                    	.code
                            	LM23:
00008112 44 92              		R1=4	// QImode move
00008113 19 D3 0A 00        		[_uiValue]=R1	// QImode move
00000605                    	.debug
00000605 2E 00 73 00        		.dw '.stabn 0x44,0,36,',0,0
         74 00 61 00
         62 00 6E 00
         20 00 30 00
         78 00 34 00
         34 00 2C 00
         30 00 2C 00
         33 00 36 00
         2C 00 00 00
         00 00      
00000618 DE 00 00 00        		.dd LM24-_KeyFind
0000061A 0D 00 0A 00        		.dw 0x0d,0x0a
00008115                    	.code
                            	LM24:
00008115 0F 9F 50 81        		pc=L3	// jump
                            	L10:
0000061C                    	.debug
0000061C 2E 00 73 00        		.dw '.stabn 0x44,0,38,',0,0
         74 00 61 00
         62 00 6E 00
         20 00 30 00
         78 00 34 00
         34 00 2C 00
         30 00 2C 00
         33 00 38 00
         2C 00 00 00
         00 00      
0000062F E0 00 00 00        		.dd LM25-_KeyFind
00000631 0D 00 0A 00        		.dw 0x0d,0x0a
00008117                    	.code
                            	LM25:
00008117 45 92              		R1=5	// QImode move
00008118 19 D3 0A 00        		[_uiValue]=R1	// QImode move
00000633                    	.debug
00000633 2E 00 73 00        		.dw '.stabn 0x44,0,39,',0,0
         74 00 61 00
         62 00 6E 00
         20 00 30 00
         78 00 34 00
         34 00 2C 00
         30 00 2C 00
         33 00 39 00
         2C 00 00 00
         00 00      
00000646 E3 00 00 00        		.dd LM26-_KeyFind
00000648 0D 00 0A 00        		.dw 0x0d,0x0a
0000811A                    	.code
                            	LM26:
0000811A 0F 9F 50 81        		pc=L3	// jump
                            	L11:
0000064A                    	.debug
0000064A 2E 00 73 00        		.dw '.stabn 0x44,0,41,',0,0
         74 00 61 00
         62 00 6E 00
         20 00 30 00
         78 00 34 00
         34 00 2C 00
         30 00 2C 00
         34 00 31 00
         2C 00 00 00
         00 00      
0000065D E5 00 00 00        		.dd LM27-_KeyFind
0000065F 0D 00 0A 00        		.dw 0x0d,0x0a
0000811C                    	.code
                            	LM27:
0000811C 46 92              		R1=6	// QImode move
0000811D 19 D3 0A 00        		[_uiValue]=R1	// QImode move
00000661                    	.debug
00000661 2E 00 73 00        		.dw '.stabn 0x44,0,42,',0,0
         74 00 61 00
         62 00 6E 00
         20 00 30 00
         78 00 34 00
         34 00 2C 00
         30 00 2C 00
         34 00 32 00
         2C 00 00 00
         00 00      
00000674 E8 00 00 00        		.dd LM28-_KeyFind
00000676 0D 00 0A 00        		.dw 0x0d,0x0a
0000811F                    	.code
                            	LM28:
0000811F 0F 9F 50 81        		pc=L3	// jump
                            	L12:
00000678                    	.debug
00000678 2E 00 73 00        		.dw '.stabn 0x44,0,44,',0,0
         74 00 61 00
         62 00 6E 00
         20 00 30 00
         78 00 34 00
         34 00 2C 00
         30 00 2C 00
         34 00 34 00
         2C 00 00 00
         00 00      
0000068B EA 00 00 00        		.dd LM29-_KeyFind
0000068D 0D 00 0A 00        		.dw 0x0d,0x0a
00008121                    	.code
                            	LM29:
00008121 47 92              		R1=7	// QImode move
00008122 19 D3 0A 00        		[_uiValue]=R1	// QImode move
0000068F                    	.debug
0000068F 2E 00 73 00        		.dw '.stabn 0x44,0,45,',0,0
         74 00 61 00
         62 00 6E 00
         20 00 30 00
         78 00 34 00
         34 00 2C 00
         30 00 2C 00
         34 00 35 00
         2C 00 00 00
         00 00      
000006A2 ED 00 00 00        		.dd LM30-_KeyFind
000006A4 0D 00 0A 00        		.dw 0x0d,0x0a
00008124                    	.code
                            	LM30:
00008124 0F 9F 50 81        		pc=L3	// jump
                            	L13:
000006A6                    	.debug
000006A6 2E 00 73 00        		.dw '.stabn 0x44,0,47,',0,0
         74 00 61 00
         62 00 6E 00
         20 00 30 00
         78 00 34 00
         34 00 2C 00
         30 00 2C 00
         34 00 37 00
         2C 00 00 00
         00 00      
000006B9 EF 00 00 00        		.dd LM31-_KeyFind
000006BB 0D 00 0A 00        		.dw 0x0d,0x0a
00008126                    	.code
                            	LM31:
00008126 48 92              		R1=8	// QImode move
00008127 19 D3 0A 00        		[_uiValue]=R1	// QImode move
000006BD                    	.debug
000006BD 2E 00 73 00        		.dw '.stabn 0x44,0,48,',0,0
         74 00 61 00
         62 00 6E 00
         20 00 30 00
         78 00 34 00
         34 00 2C 00
         30 00 2C 00
         34 00 38 00
         2C 00 00 00
         00 00      
000006D0 F2 00 00 00        		.dd LM32-_KeyFind
000006D2 0D 00 0A 00        		.dw 0x0d,0x0a
00008129                    	.code
                            	LM32:
00008129 0F 9F 50 81        		pc=L3	// jump
                            	L14:
000006D4                    	.debug
000006D4 2E 00 73 00        		.dw '.stabn 0x44,0,50,',0,0
         74 00 61 00
         62 00 6E 00
         20 00 30 00
         78 00 34 00
         34 00 2C 00
         30 00 2C 00
         35 00 30 00
         2C 00 00 00
         00 00      
000006E7 F4 00 00 00        		.dd LM33-_KeyFind
000006E9 0D 00 0A 00        		.dw 0x0d,0x0a
0000812B                    	.code
                            	LM33:
0000812B 49 92              		R1=9	// QImode move
0000812C 19 D3 0A 00        		[_uiValue]=R1	// QImode move
000006EB                    	.debug
000006EB 2E 00 73 00        		.dw '.stabn 0x44,0,51,',0,0
         74 00 61 00
         62 00 6E 00
         20 00 30 00
         78 00 34 00
         34 00 2C 00
         30 00 2C 00
         35 00 31 00
         2C 00 00 00
         00 00      
000006FE F7 00 00 00        		.dd LM34-_KeyFind
00000700 0D 00 0A 00        		.dw 0x0d,0x0a
0000812E                    	.code
                            	LM34:
0000812E 0F 9F 50 81        		pc=L3	// jump
                            	L15:
00000702                    	.debug
00000702 2E 00 73 00        		.dw '.stabn 0x44,0,53,',0,0
         74 00 61 00
         62 00 6E 00
         20 00 30 00
         78 00 34 00
         34 00 2C 00
         30 00 2C 00
         35 00 33 00
         2C 00 00 00
         00 00      
00000715 F9 00 00 00        		.dd LM35-_KeyFind
00000717 0D 00 0A 00        		.dw 0x0d,0x0a
00008130                    	.code
                            	LM35:
00008130 4A 92              		R1=10	// QImode move
00008131 19 D3 0A 00        		[_uiValue]=R1	// QImode move
00000719                    	.debug
00000719 2E 00 73 00        		.dw '.stabn 0x44,0,54,',0,0
         74 00 61 00
         62 00 6E 00
         20 00 30 00
         78 00 34 00
         34 00 2C 00
         30 00 2C 00
         35 00 34 00
         2C 00 00 00
         00 00      
0000072C FC 00 00 00        		.dd LM36-_KeyFind
0000072E 0D 00 0A 00        		.dw 0x0d,0x0a
00008133                    	.code
                            	LM36:
00008133 0F 9F 50 81        		pc=L3	// jump
                            	L16:
00000730                    	.debug
00000730 2E 00 73 00        		.dw '.stabn 0x44,0,56,',0,0
         74 00 61 00
         62 00 6E 00
         20 00 30 00
         78 00 34 00
         34 00 2C 00
         30 00 2C 00
         35 00 36 00
         2C 00 00 00
         00 00      
00000743 FE 00 00 00        		.dd LM37-_KeyFind
00000745 0D 00 0A 00        		.dw 0x0d,0x0a
00008135                    	.code
                            	LM37:
00008135 4B 92              		R1=11	// QImode move
00008136 19 D3 0A 00        		[_uiValue]=R1	// QImode move
00000747                    	.debug
00000747 2E 00 73 00        		.dw '.stabn 0x44,0,57,',0,0
         74 00 61 00
         62 00 6E 00
         20 00 30 00
         78 00 34 00
         34 00 2C 00
         30 00 2C 00
         35 00 37 00
         2C 00 00 00
         00 00      
0000075A 01 01 00 00        		.dd LM38-_KeyFind
0000075C 0D 00 0A 00        		.dw 0x0d,0x0a
00008138                    	.code
                            	LM38:
00008138 0F 9F 50 81        		pc=L3	// jump
                            	L17:
0000075E                    	.debug
0000075E 2E 00 73 00        		.dw '.stabn 0x44,0,59,',0,0
         74 00 61 00
         62 00 6E 00
         20 00 30 00
         78 00 34 00
         34 00 2C 00
         30 00 2C 00
         35 00 39 00
         2C 00 00 00
         00 00      
00000771 03 01 00 00        		.dd LM39-_KeyFind
00000773 0D 00 0A 00        		.dw 0x0d,0x0a
0000813A                    	.code
                            	LM39:
0000813A 4C 92              		R1=12	// QImode move
0000813B 19 D3 0A 00        		[_uiValue]=R1	// QImode move
00000775                    	.debug
00000775 2E 00 73 00        		.dw '.stabn 0x44,0,60,',0,0
         74 00 61 00
         62 00 6E 00
         20 00 30 00
         78 00 34 00
         34 00 2C 00
         30 00 2C 00
         36 00 30 00
         2C 00 00 00
         00 00      
00000788 06 01 00 00        		.dd LM40-_KeyFind
0000078A 0D 00 0A 00        		.dw 0x0d,0x0a
0000813D                    	.code
                            	LM40:
0000813D 0F 9F 50 81        		pc=L3	// jump
                            	L18:
0000078C                    	.debug
0000078C 2E 00 73 00        		.dw '.stabn 0x44,0,62,',0,0
         74 00 61 00
         62 00 6E 00
         20 00 30 00
         78 00 34 00
         34 00 2C 00
         30 00 2C 00
         36 00 32 00
         2C 00 00 00
         00 00      
0000079F 08 01 00 00        		.dd LM41-_KeyFind
000007A1 0D 00 0A 00        		.dw 0x0d,0x0a
0000813F                    	.code
                            	LM41:
0000813F 4D 92              		R1=13	// QImode move
00008140 19 D3 0A 00        		[_uiValue]=R1	// QImode move
000007A3                    	.debug
000007A3 2E 00 73 00        		.dw '.stabn 0x44,0,63,',0,0
         74 00 61 00
         62 00 6E 00
         20 00 30 00
         78 00 34 00
         34 00 2C 00
         30 00 2C 00
         36 00 33 00
         2C 00 00 00
         00 00      
000007B6 0B 01 00 00        		.dd LM42-_KeyFind
000007B8 0D 00 0A 00        		.dw 0x0d,0x0a
00008142                    	.code
                            	LM42:
00008142 0F 9F 50 81        		pc=L3	// jump
                            	L19:
000007BA                    	.debug
000007BA 2E 00 73 00        		.dw '.stabn 0x44,0,65,',0,0
         74 00 61 00
         62 00 6E 00
         20 00 30 00
         78 00 34 00
         34 00 2C 00
         30 00 2C 00
         36 00 35 00
         2C 00 00 00
         00 00      
000007CD 0D 01 00 00        		.dd LM43-_KeyFind
000007CF 0D 00 0A 00        		.dw 0x0d,0x0a
00008144                    	.code
                            	LM43:
00008144 4E 92              		R1=14	// QImode move
00008145 19 D3 0A 00        		[_uiValue]=R1	// QImode move
000007D1                    	.debug
000007D1 2E 00 73 00        		.dw '.stabn 0x44,0,66,',0,0
         74 00 61 00
         62 00 6E 00
         20 00 30 00
         78 00 34 00
         34 00 2C 00
         30 00 2C 00
         36 00 36 00
         2C 00 00 00
         00 00      
000007E4 10 01 00 00        		.dd LM44-_KeyFind
000007E6 0D 00 0A 00        		.dw 0x0d,0x0a
00008147                    	.code
                            	LM44:
00008147 0F 9F 50 81        		pc=L3	// jump
                            	L20:
000007E8                    	.debug
000007E8 2E 00 73 00        		.dw '.stabn 0x44,0,68,',0,0
         74 00 61 00
         62 00 6E 00
         20 00 30 00
         78 00 34 00
         34 00 2C 00
         30 00 2C 00
         36 00 38 00
         2C 00 00 00
         00 00      
000007FB 12 01 00 00        		.dd LM45-_KeyFind
000007FD 0D 00 0A 00        		.dw 0x0d,0x0a
00008149                    	.code
                            	LM45:
00008149 4F 92              		R1=15	// QImode move
0000814A 19 D3 0A 00        		[_uiValue]=R1	// QImode move
000007FF                    	.debug
000007FF 2E 00 73 00        		.dw '.stabn 0x44,0,69,',0,0
         74 00 61 00
         62 00 6E 00
         20 00 30 00
         78 00 34 00
         34 00 2C 00
         30 00 2C 00
         36 00 39 00
         2C 00 00 00
         00 00      
00000812 15 01 00 00        		.dd LM46-_KeyFind
00000814 0D 00 0A 00        		.dw 0x0d,0x0a
0000814C                    	.code
                            	LM46:
0000814C 0F 9F 50 81        		pc=L3	// jump
00000816                    	.debug
00000816 2E 00 73 00        		.dw '.stabn 0x44,0,70,',0,0
         74 00 61 00
         62 00 6E 00
         20 00 30 00
         78 00 34 00
         34 00 2C 00
         30 00 2C 00
         37 00 30 00
         2C 00 00 00
         00 00      
00000829 17 01 00 00        		.dd LM47-_KeyFind
0000082B 0D 00 0A 00        		.dw 0x0d,0x0a
0000814E                    	.code
                            	LM47:
0000814E 0F 9F 5D 81        		pc=L2	// jump
                            	L22:
                            	L3:
0000082D                    	.debug
0000082D 2E 00 73 00        		.dw '.stabn 0x44,0,72,',0,0
         74 00 61 00
         62 00 6E 00
         20 00 30 00
         78 00 34 00
         34 00 2C 00
         30 00 2C 00
         37 00 32 00
         2C 00 00 00
         00 00      
00000840 19 01 00 00        		.dd LM48-_KeyFind
00000842 0D 00 0A 00        		.dw 0x0d,0x0a
00008150                    	.code
                            	LM48:
00008150 11 93 0A 00        		R1=[_uiValue]	// QImode move
00008152 09 43 FF 00        		CMP R1,255	// QImode compare
00008154 02 5E              		JZ L56	// QImode NE
00008155 0F 9F 59 81        		PC=L30
                            	L56:
00008157 0F 9F 5D 81        		pc=L31	// jump
                            	L30:
00000844                    	.debug
00000844 2E 00 73 00        		.dw '.stabn 0x44,0,73,',0,0
         74 00 61 00
         62 00 6E 00
         20 00 30 00
         78 00 34 00
         34 00 2C 00
         30 00 2C 00
         37 00 33 00
         2C 00 00 00
         00 00      
00000857 22 01 00 00        		.dd LM49-_KeyFind
00000859 0D 00 0A 00        		.dw 0x0d,0x0a
00008159                    	.code
                            	LM49:
00008159 11 93 0A 00        		R1=[_uiValue]	// QImode move
0000815B 19 D3 0B 00        		[_ko]=R1	// QImode move
                            	L31:
0000085B                    	.debug
0000085B 2E 00 73 00        		.dw '.stabn 0x44,0,74,',0,0
         74 00 61 00
         62 00 6E 00
         20 00 30 00
         78 00 34 00
         34 00 2C 00
         30 00 2C 00
         37 00 34 00
         2C 00 00 00
         00 00      
0000086E 26 01 00 00        		.dd LM50-_KeyFind
00000870 0D 00 0A 00        		.dw 0x0d,0x0a
0000815D                    	.code
                            	LM50:
                            	LBE2:
00000872                    	.debug
00000872 2E 00 73 00        		.dw '.stabn 0x44,0,74,',0,0
         74 00 61 00
         62 00 6E 00
         20 00 30 00
         78 00 34 00
         34 00 2C 00
         30 00 2C 00
         37 00 34 00
         2C 00 00 00
         00 00      
00000885 26 01 00 00        		.dd LM51-_KeyFind
00000887 0D 00 0A 00        		.dw 0x0d,0x0a
0000815D                    	.code
                            	LM51:
                            	L2:
                            	
0000815D 43 00              		sp+=3
0000815E 88 98              		pop bp from [sp]
0000815F 90 9A              		retf
                            		.endp	// end of KeyFind
                            	
00000889                    	.debug
00000889 2E 00 73 00        		.dw '.stabn 0xc0,0,0,',0,0
         74 00 61 00
         62 00 6E 00
         20 00 30 00
         78 00 63 00
         30 00 2C 00
         30 00 2C 00
         30 00 2C 00
         00 00 00 00
0000089B 07 00 00 00        		.dd LBB2-_KeyFind
0000089D 0D 00 0A 00        		.dw 0x0d,0x0a
00008160                    	.code
0000089F                    	.debug
0000089F 2E 00 73 00        		.dw '.stabs "keyfirst:1",128,0,0,0',0x0d,0x0a
         74 00 61 00
         62 00 73 00
         20 00 22 00
         6B 00 65 00
         79 00 66 00
         69 00 72 00
         73 00 74 00
         3A 00 31 00
         22 00 2C 00
         31 00 32 00
         38 00 2C 00
         30 00 2C 00
         30 00 2C 00
         30 00 0D 00
         0A 00      
00008160                    	.CODE
000008BE                    	.debug
000008BE 2E 00 73 00        		.dw '.stabs "keylast:1",128,0,0,1',0x0d,0x0a
         74 00 61 00
         62 00 73 00
         20 00 22 00
         6B 00 65 00
         79 00 6C 00
         61 00 73 00
         74 00 3A 00
         31 00 22 00
         2C 00 31 00
         32 00 38 00
         2C 00 30 00
         2C 00 30 00
         2C 00 31 00
         0D 00 0A 00
00008160                    	.CODE
000008DC                    	.debug
000008DC 2E 00 73 00        		.dw '.stabn 0xe0,0,0,',0,0
         74 00 61 00
         62 00 6E 00
         20 00 30 00
         78 00 65 00
         30 00 2C 00
         30 00 2C 00
         30 00 2C 00
         00 00 00 00
000008EE 26 01 00 00        		.dd LBE2-_KeyFind
000008F0 0D 00 0A 00        		.dw 0x0d,0x0a
00008160                    	.code
000008F2                    	.debug
000008F2 2E 00 73 00        		.dw '.stabf ',0,0
         74 00 61 00
         62 00 66 00
         20 00 00 00
         00 00      
000008FB 29 01 00 00        		.dd LME1-_KeyFind
000008FD 0D 00 0A 00        		.dw 0x0d,0x0a
00008160                    	.code
                            	LME1:
00008160                    	.code
000008FF                    	.debug
000008FF 2E 00 73 00        		.dw '.stabs "main:F1",36,0,0,',0,0,offset _main,seg _main,0x0d,0x0a
         74 00 61 00
         62 00 73 00
         20 00 22 00
         6D 00 61 00
         69 00 6E 00
         3A 00 46 00
         31 00 22 00
         2C 00 33 00
         36 00 2C 00
         30 00 2C 00
         30 00 2C 00
         00 00 00 00
         29 01 00 00
         0D 00 0A 00
00008160                    	.CODE
                            	.public _main
                            	_main:	.proc
0000091D                    	.debug
0000091D 2E 00 73 00        		.dw '.stabn 0x44,0,77,',0,0
         74 00 61 00
         62 00 6E 00
         20 00 30 00
         78 00 34 00
         34 00 2C 00
         30 00 2C 00
         37 00 37 00
         2C 00 00 00
         00 00      
00000930 00 00 00 00        		.dd LM52-_main
00000932 0D 00 0A 00        		.dw 0x0d,0x0a
00008160                    	.code
                            	LM52:
                            		// total=6, vars=6
                            		// frame_pointer_needed: 1
00008160 88 DA              		push bp to [sp]
00008161 46 20              		sp-=6
00008162 08 0B 01 00        		bp=sp+1
                            	
00008164 0D 03 09 00        		R1=BP+9
00008166 04 D2              		[bp+4]=R1	// QImode move
00000934                    	.debug
00000934 2E 00 73 00        		.dw '.stabn 0x44,0,78,',0,0
         74 00 61 00
         62 00 6E 00
         20 00 30 00
         78 00 34 00
         34 00 2C 00
         30 00 2C 00
         37 00 38 00
         2C 00 00 00
         00 00      
00000947 07 00 00 00        		.dd LM53-_main
00000949 0D 00 0A 00        		.dw 0x0d,0x0a
00008167                    	.code
                            	LM53:
                            	LBB3:
0000094B                    	.debug
0000094B 2E 00 73 00        		.dw '.stabn 0x44,0,79,',0,0
         74 00 61 00
         62 00 6E 00
         20 00 30 00
         78 00 34 00
         34 00 2C 00
         30 00 2C 00
         37 00 39 00
         2C 00 00 00
         00 00      
0000095E 07 00 00 00        		.dd LM54-_main
00000960 0D 00 0A 00        		.dw 0x0d,0x0a
00008167                    	.code
                            	LM54:
00008167 40 F0 74 83        		call _Initirq5	// call with return value
                            	L58:
00000962                    	.debug
00000962 2E 00 73 00        		.dw '.stabn 0x44,0,82,',0,0
         74 00 61 00
         62 00 6E 00
         20 00 30 00
         78 00 34 00
         34 00 2C 00
         30 00 2C 00
         38 00 32 00
         2C 00 00 00
         00 00      
00000975 09 00 00 00        		.dd LM55-_main
00000977 0D 00 0A 00        		.dw 0x0d,0x0a
00008169                    	.code
                            	LM55:
00008169 11 93 0B 00        		R1=[_ko]	// QImode move
0000816B 4A 94              		R2=10	// QImode move
0000816C C8 D4              		[SP--]=R2	// QImode move
0000816D C8 D2              		[SP--]=R1	// QImode move
0000816E 40 F0 85 83        		call __modu1	// call with return value
00008170 42 00              		SP=SP+2
00008171 C5 D2              		[BP]=R1	// QImode move
00000979                    	.debug
00000979 2E 00 73 00        		.dw '.stabn 0x44,0,83,',0,0
         74 00 61 00
         62 00 6E 00
         20 00 30 00
         78 00 34 00
         34 00 2C 00
         30 00 2C 00
         38 00 33 00
         2C 00 00 00
         00 00      
0000098C 12 00 00 00        		.dd LM56-_main
0000098E 0D 00 0A 00        		.dw 0x0d,0x0a
00008172                    	.code
                            	LM56:
00008172 05 93              		R1=BP	// QImode move
00008173 0D 05 03 00        		R2=BP+3
00008175 05 D4              		[bp+5]=R2	// QImode move
00008176 11 93 0B 00        		R1=[_ko]	// QImode move
00008178 4A 94              		R2=10	// QImode move
00008179 C8 D4              		[SP--]=R2	// QImode move
0000817A C8 D2              		[SP--]=R1	// QImode move
0000817B 40 F0 DF 82        		call __divu1	// call with return value
0000817D 42 00              		SP=SP+2
0000817E 05 96              		R3=[bp+5]	// QImode move
0000817F C3 D2              		[R3]=R1	// QImode move
00000990                    	.debug
00000990 2E 00 73 00        		.dw '.stabn 0x44,0,84,',0,0
         74 00 61 00
         62 00 6E 00
         20 00 30 00
         78 00 34 00
         34 00 2C 00
         30 00 2C 00
         38 00 34 00
         2C 00 00 00
         00 00      
000009A3 20 00 00 00        		.dd LM57-_main
000009A5 0D 00 0A 00        		.dw 0x0d,0x0a
00008180                    	.code
                            	LM57:
00008180 05 93              		R1=BP	// QImode move
00008181 0D 05 03 00        		R2=BP+3
00008183 02 97              		R3=R2	// QImode move
00008184 C3 92              		R1=[R3]	// QImode move
00008185 40 42              		CMP R1,0	// QImode test
00008186 02 5E              		JZ L61	// QImode NE
00008187 0F 9F 91 81        		PC=L59
                            	L61:
00008189 05 93              		R1=BP	// QImode move
0000818A 0D 05 01 00        		R2=BP+1
0000818C 40 92              		R1=0	// QImode move
0000818D 02 97              		R3=R2	// QImode move
0000818E C3 D2              		[R3]=R1	// QImode move
0000818F 0F 9F 97 81        		pc=L60	// jump
                            	L59:
000009A7                    	.debug
000009A7 2E 00 73 00        		.dw '.stabn 0x44,0,85,',0,0
         74 00 61 00
         62 00 6E 00
         20 00 30 00
         78 00 34 00
         34 00 2C 00
         30 00 2C 00
         38 00 35 00
         2C 00 00 00
         00 00      
000009BA 31 00 00 00        		.dd LM58-_main
000009BC 0D 00 0A 00        		.dw 0x0d,0x0a
00008191                    	.code
                            	LM58:
00008191 05 93              		R1=BP	// QImode move
00008192 0D 05 01 00        		R2=BP+1
00008194 41 92              		R1=1	// QImode move
00008195 02 97              		R3=R2	// QImode move
00008196 C3 D2              		[R3]=R1	// QImode move
                            	L60:
000009BE                    	.debug
000009BE 2E 00 73 00        		.dw '.stabn 0x44,0,86,',0,0
         74 00 61 00
         62 00 6E 00
         20 00 30 00
         78 00 34 00
         34 00 2C 00
         30 00 2C 00
         38 00 36 00
         2C 00 00 00
         00 00      
000009D1 37 00 00 00        		.dd LM59-_main
000009D3 0D 00 0A 00        		.dw 0x0d,0x0a
00008197                    	.code
                            	LM59:
00008197 C5 92              		R1=[BP]	// QImode move
00008198 C8 D2              		[SP--]=R1	// QImode move
00008199 41 92              		R1=1	// QImode move
0000819A C8 D2              		[SP--]=R1	// QImode move
0000819B 40 F0 1D 83        		call _F_SingleLed	// call with return value
0000819D 42 00              		SP=SP+2
000009D5                    	.debug
000009D5 2E 00 73 00        		.dw '.stabn 0x44,0,87,',0,0
         74 00 61 00
         62 00 6E 00
         20 00 30 00
         78 00 34 00
         34 00 2C 00
         30 00 2C 00
         38 00 37 00
         2C 00 00 00
         00 00      
000009E8 3E 00 00 00        		.dd LM60-_main
000009EA 0D 00 0A 00        		.dw 0x0d,0x0a
0000819E                    	.code
                            	LM60:
0000819E 40 F0 7F 83        		call _ClearWatchDog	// call with return value
000009EC                    	.debug
000009EC 2E 00 73 00        		.dw '.stabn 0x44,0,88,',0,0
         74 00 61 00
         62 00 6E 00
         20 00 30 00
         78 00 34 00
         34 00 2C 00
         30 00 2C 00
         38 00 38 00
         2C 00 00 00
         00 00      
000009FF 40 00 00 00        		.dd LM61-_main
00000A01 0D 00 0A 00        		.dw 0x0d,0x0a
000081A0                    	.code
                            	LM61:
000081A0 05 93              		R1=BP	// QImode move
000081A1 0D 05 01 00        		R2=BP+1
000081A3 02 97              		R3=R2	// QImode move
000081A4 C3 92              		R1=[R3]	// QImode move
000081A5 C8 D2              		[SP--]=R1	// QImode move
000081A6 40 92              		R1=0	// QImode move
000081A7 C8 D2              		[SP--]=R1	// QImode move
000081A8 40 F0 1D 83        		call _F_SingleLed	// call with return value
000081AA 42 00              		SP=SP+2
00000A03                    	.debug
00000A03 2E 00 73 00        		.dw '.stabn 0x44,0,89,',0,0
         74 00 61 00
         62 00 6E 00
         20 00 30 00
         78 00 34 00
         34 00 2C 00
         30 00 2C 00
         38 00 39 00
         2C 00 00 00
         00 00      
00000A16 4B 00 00 00        		.dd LM62-_main
00000A18 0D 00 0A 00        		.dw 0x0d,0x0a
000081AB                    	.code
                            	LM62:
000081AB 40 F0 7F 83        		call _ClearWatchDog	// call with return value
00000A1A                    	.debug
00000A1A 2E 00 73 00        		.dw '.stabn 0x44,0,90,',0,0
         74 00 61 00
         62 00 6E 00
         20 00 30 00
         78 00 34 00
         34 00 2C 00
         30 00 2C 00
         39 00 30 00
         2C 00 00 00
         00 00      
00000A2D 4D 00 00 00        		.dd LM63-_main
00000A2F 0D 00 0A 00        		.dw 0x0d,0x0a
000081AD                    	.code
                            	LM63:
000081AD 0F 9F 69 81        		pc=L58	// jump
00000A31                    	.debug
00000A31 2E 00 73 00        		.dw '.stabn 0x44,0,92,',0,0
         74 00 61 00
         62 00 6E 00
         20 00 30 00
         78 00 34 00
         34 00 2C 00
         30 00 2C 00
         39 00 32 00
         2C 00 00 00
         00 00      
00000A44 4F 00 00 00        		.dd LM64-_main
00000A46 0D 00 0A 00        		.dw 0x0d,0x0a
000081AF                    	.code
                            	LM64:
                            	LBE3:
00000A48                    	.debug
00000A48 2E 00 73 00        		.dw '.stabn 0x44,0,92,',0,0
         74 00 61 00
         62 00 6E 00
         20 00 30 00
         78 00 34 00
         34 00 2C 00
         30 00 2C 00
         39 00 32 00
         2C 00 00 00
         00 00      
00000A5B 4F 00 00 00        		.dd LM65-_main
00000A5D 0D 00 0A 00        		.dw 0x0d,0x0a
000081AF                    	.code
                            	LM65:
                            	L57:
                            	
000081AF 46 00              		sp+=6
000081B0 88 98              		pop bp from [sp]
000081B1 90 9A              		retf
                            		.endp	// end of main
                            	
00000A5F                    	.debug
00000A5F 2E 00 73 00        		.dw '.stabn 0xc0,0,0,',0,0
         74 00 61 00
         62 00 6E 00
         20 00 30 00
         78 00 63 00
         30 00 2C 00
         30 00 2C 00
         30 00 2C 00
         00 00 00 00
00000A71 07 00 00 00        		.dd LBB3-_main
00000A73 0D 00 0A 00        		.dw 0x0d,0x0a
000081B2                    	.code
00000A75                    	.debug
00000A75 2E 00 73 00        		.dw '.stabs "tm0:1",128,0,0,0',0x0d,0x0a
         74 00 61 00
         62 00 73 00
         20 00 22 00
         74 00 6D 00
         30 00 3A 00
         31 00 22 00
         2C 00 31 00
         32 00 38 00
         2C 00 30 00
         2C 00 30 00
         2C 00 30 00
         0D 00 0A 00
000081B2                    	.CODE
00000A8F                    	.debug
00000A8F 2E 00 73 00        		.dw '.stabs "tm1:1",128,0,0,1',0x0d,0x0a
         74 00 61 00
         62 00 73 00
         20 00 22 00
         74 00 6D 00
         31 00 3A 00
         31 00 22 00
         2C 00 31 00
         32 00 38 00
         2C 00 30 00
         2C 00 30 00
         2C 00 31 00
         0D 00 0A 00
000081B2                    	.CODE
00000AA9                    	.debug
00000AA9 2E 00 73 00        		.dw '.stabs "i:1",128,0,0,2',0x0d,0x0a
         74 00 61 00
         62 00 73 00
         20 00 22 00
         69 00 3A 00
         31 00 22 00
         2C 00 31 00
         32 00 38 00
         2C 00 30 00
         2C 00 30 00
         2C 00 32 00
         0D 00 0A 00
000081B2                    	.CODE
00000AC1                    	.debug
00000AC1 2E 00 73 00        		.dw '.stabs "t:1",128,0,0,3',0x0d,0x0a
         74 00 61 00
         62 00 73 00
         20 00 22 00
         74 00 3A 00
         31 00 22 00
         2C 00 31 00
         32 00 38 00
         2C 00 30 00
         2C 00 30 00
         2C 00 33 00
         0D 00 0A 00
000081B2                    	.CODE
00000AD9                    	.debug
00000AD9 2E 00 73 00        		.dw '.stabn 0xe0,0,0,',0,0
         74 00 61 00
         62 00 6E 00
         20 00 30 00
         78 00 65 00
         30 00 2C 00
         30 00 2C 00
         30 00 2C 00
         00 00 00 00
00000AEB 4F 00 00 00        		.dd LBE3-_main
00000AED 0D 00 0A 00        		.dw 0x0d,0x0a
000081B2                    	.code
00000AEF                    	.debug
00000AEF 2E 00 73 00        		.dw '.stabf ',0,0
         74 00 61 00
         62 00 66 00
         20 00 00 00
         00 00      
00000AF8 52 00 00 00        		.dd LME2-_main
00000AFA 0D 00 0A 00        		.dw 0x0d,0x0a
000081B2                    	.code
                            	LME2:
00000AFC                    	.debug
00000AFC 2E 00 73 00        		.dw '.stabs "uiValue:G4",32,0,0,',0,0,offset _uiValue,seg _uiValue,0x0d,0x0a
         74 00 61 00
         62 00 73 00
         20 00 22 00
         75 00 69 00
         56 00 61 00
         6C 00 75 00
         65 00 3A 00
         47 00 34 00
         22 00 2C 00
         33 00 32 00
         2C 00 30 00
         2C 00 30 00
         2C 00 00 00
         00 00 00 00
         00 00 0D 00
         0A 00      
000081B2                    	.CODE
0000000A                    	.ram
                            	.public _uiValue
                            	_uiValue:
0000000A 00 00              		.dw 0
00000B1D                    	.debug
00000B1D 2E 00 73 00        		.dw '.stabs "ko:G4",32,0,0,',0,0,offset _ko,seg _ko,0x0d,0x0a
         74 00 61 00
         62 00 73 00
         20 00 22 00
         6B 00 6F 00
         3A 00 47 00
         34 00 22 00
         2C 00 33 00
         32 00 2C 00
         30 00 2C 00
         30 00 2C 00
         00 00 00 00
         01 00 00 00
         0D 00 0A 00
000081B2                    	.CODE
0000000B                    	.ram
                            	.public _ko
                            	_ko:
0000000B 00 00              		.dw 0
                            	.external _ClearWatchDog
                            	.external _F_SingleLed
                            	.external _Initirq5
                            	.external _key_asm1
                            	.external _key_asm
                            	.external __divu1
                            	.external __modu1
                            		.end
0 error(s), 0 warning(s).

