C51 COMPILER V8.05a   ZLFZ                                                                 11/22/2008 02:15:12 PAGE 1   


C51 COMPILER V8.05a, COMPILATION OF MODULE ZLFZ
OBJECT MODULE PLACED IN zlfz.OBJ
COMPILER INVOKED BY: D:\Program Files\C51\BIN\C51.EXE zlfz.c BROWSE DEBUG OBJECTEXTEND

line level    source

   1          ////////////////////////汇诚科技////////////////////
   2          //////////////////http://www.ourhc.cn///////////////
   3          ///////////////////直流电机正转调试程序/////////////
   4          
   5          #include<reg52.h> 
   6          
   7          sbit P2_0=P2^0;//M1启动
   8          sbit P2_1=P2^1;//M2启动
   9          sbit P2_2=P2^2;//M1停止
  10          sbit P2_3=P2^3;//M2停止
  11          
  12          sbit P1_0=P1^0;//M1
  13          sbit P1_1=P1^1;//M1
  14          sbit P1_2=P1^2;//M2
  15          sbit P1_3=P1^3;//M2
  16          main()
  17          {
  18   1      
  19   1      while(1)
  20   1         {
  21   2             if(P2_0==0)//M1启动
  22   2               {
  23   3                P1_0=0;
  24   3                        P1_1=1;
  25   3                }
  26   2             if(P2_1==0)//M2启动
  27   2               {
  28   3                P1_2=0;
  29   3                        P1_3=1; 
  30   3                        }
  31   2             if(P2_2==0)//M1停止
  32   2                {
  33   3                 P1_0=1;
  34   3                         P1_1=1;
  35   3                }
  36   2             if(P2_3==0)//M2停止
  37   2                {
  38   3                 P1_2=1;
  39   3                         P1_3=1;
  40   3                }
  41   2          }
  42   1      }


MODULE INFORMATION:   STATIC OVERLAYABLE
   CODE SIZE        =     30    ----
   CONSTANT SIZE    =   ----    ----
   XDATA SIZE       =   ----    ----
   PDATA SIZE       =   ----    ----
   DATA SIZE        =   ----    ----
   IDATA SIZE       =   ----    ----
   BIT SIZE         =   ----    ----
END OF MODULE INFORMATION.


C51 COMPILATION COMPLETE.  0 WARNING(S),  0 ERROR(S)
